TpTrace Verbose: 0 : 30532, 1, 2024/04/25, 17:01:08.597, 5367851784132, vstest.console.dll, Version: 17.9.0-release-24072-02 Current process architecture: X64
TpTrace Verbose: 0 : 30532, 1, 2024/04/25, 17:01:08.601, 5367851827107, vstest.console.dll, Runtime location: C:\Program Files\dotnet\shared\Microsoft.NETCore.App\8.0.3
TpTrace Verbose: 0 : 30532, 1, 2024/04/25, 17:01:08.604, 5367851850442, vstest.console.dll, ArtifactProcessingPostProcessModeProcessorExecutor.Initialize: ArtifactProcessingMode.Collect
TpTrace Verbose: 0 : 30532, 1, 2024/04/25, 17:01:08.604, 5367851852690, vstest.console.dll, TestSessionCorrelationIdProcessorModeProcessorExecutor.Initialize: TestSessionCorrelationId '24252_0c802621-0f02-4281-85ea-34dae46221f4'
TpTrace Information: 0 : 30532, 1, 2024/04/25, 17:01:08.614, 5367851952337, vstest.console.dll, FilePatternParser: The given file C:\Users\VC\Desktop\DAY 12 - 25.04.2024\ShoppingSolution\ShoppingBLTest\bin\Debug\net6.0\fine-code-coverage\build-output\ShoppingBLTest.dll is a full path.
TpTrace Verbose: 0 : 30532, 1, 2024/04/25, 17:01:08.619, 5367852001949, vstest.console.dll, TestPluginCache.DiscoverTestExtensions: finding test extensions in assemblies ends with: RuntimeProvider.dll TPluginInfo: Microsoft.VisualStudio.TestPlatform.Common.ExtensionFramework.Utilities.TestRuntimePluginInformation TExtension: Microsoft.VisualStudio.TestPlatform.ObjectModel.Host.ITestRuntimeProvider
TpTrace Verbose: 0 : 30532, 1, 2024/04/25, 17:01:08.619, 5367852006891, vstest.console.dll, TestPluginCache.GetExtensionPaths: Filtered extension paths: 
TpTrace Verbose: 0 : 30532, 1, 2024/04/25, 17:01:08.620, 5367852008137, vstest.console.dll, TestPluginCache.GetExtensionPaths: Added default extension paths: C:\Program Files\dotnet\sdk\8.0.202\Extensions\Microsoft.Diagnostics.NETCore.Client.dll
C:\Program Files\dotnet\sdk\8.0.202\Extensions\Microsoft.TestPlatform.Extensions.BlameDataCollector.dll
C:\Program Files\dotnet\sdk\8.0.202\Extensions\Microsoft.TestPlatform.Extensions.EventLogCollector.dll
C:\Program Files\dotnet\sdk\8.0.202\Extensions\Microsoft.TestPlatform.TestHostRuntimeProvider.dll
C:\Program Files\dotnet\sdk\8.0.202\Extensions\Microsoft.VisualStudio.TestPlatform.Extensions.Html.TestLogger.dll
C:\Program Files\dotnet\sdk\8.0.202\Extensions\Microsoft.VisualStudio.TestPlatform.Extensions.Trx.TestLogger.dll
TpTrace Verbose: 0 : 30532, 1, 2024/04/25, 17:01:08.620, 5367852008524, vstest.console.dll, TestPluginCache.GetExtensionPaths: Added unfilterableExtensionPaths: 
TpTrace Information: 0 : 30532, 1, 2024/04/25, 17:01:08.620, 5367852014375, vstest.console.dll, AssemblyResolver.ctor: Creating AssemblyResolver with searchDirectories C:\Program Files\dotnet\sdk\8.0.202\Extensions,C:\Program Files\dotnet\sdk\8.0.202
TpTrace Verbose: 0 : 30532, 1, 2024/04/25, 17:01:08.622, 5367852029051, vstest.console.dll, TestPluginCache.DiscoverTestExtensions: Discovering the extensions using extension path.
TpTrace Verbose: 0 : 30532, 1, 2024/04/25, 17:01:08.622, 5367852030640, vstest.console.dll, TestPluginCache.GetExtensionPaths: Filtered extension paths: 
TpTrace Verbose: 0 : 30532, 1, 2024/04/25, 17:01:08.622, 5367852031078, vstest.console.dll, TestPluginCache.GetExtensionPaths: Added default extension paths: C:\Program Files\dotnet\sdk\8.0.202\Extensions\Microsoft.Diagnostics.NETCore.Client.dll
C:\Program Files\dotnet\sdk\8.0.202\Extensions\Microsoft.TestPlatform.Extensions.BlameDataCollector.dll
C:\Program Files\dotnet\sdk\8.0.202\Extensions\Microsoft.TestPlatform.Extensions.EventLogCollector.dll
C:\Program Files\dotnet\sdk\8.0.202\Extensions\Microsoft.TestPlatform.TestHostRuntimeProvider.dll
C:\Program Files\dotnet\sdk\8.0.202\Extensions\Microsoft.VisualStudio.TestPlatform.Extensions.Html.TestLogger.dll
C:\Program Files\dotnet\sdk\8.0.202\Extensions\Microsoft.VisualStudio.TestPlatform.Extensions.Trx.TestLogger.dll
TpTrace Verbose: 0 : 30532, 1, 2024/04/25, 17:01:08.622, 5367852031407, vstest.console.dll, TestPluginCache.GetExtensionPaths: Added unfilterableExtensionPaths: 
TpTrace Verbose: 0 : 30532, 1, 2024/04/25, 17:01:08.622, 5367852032085, vstest.console.dll, TestPluginCache.DiscoverTestExtensions: Discovering the extensions using allExtensionPaths: C:\Program Files\dotnet\sdk\8.0.202\Extensions\Microsoft.Diagnostics.NETCore.Client.dll
C:\Program Files\dotnet\sdk\8.0.202\Extensions\Microsoft.TestPlatform.Extensions.BlameDataCollector.dll
C:\Program Files\dotnet\sdk\8.0.202\Extensions\Microsoft.TestPlatform.Extensions.EventLogCollector.dll
C:\Program Files\dotnet\sdk\8.0.202\Extensions\Microsoft.TestPlatform.TestHostRuntimeProvider.dll
C:\Program Files\dotnet\sdk\8.0.202\Extensions\Microsoft.VisualStudio.TestPlatform.Extensions.Html.TestLogger.dll
C:\Program Files\dotnet\sdk\8.0.202\Extensions\Microsoft.VisualStudio.TestPlatform.Extensions.Trx.TestLogger.dll
TpTrace Information: 0 : 30532, 1, 2024/04/25, 17:01:08.622, 5367852033684, vstest.console.dll, AssemblyResolver.AddSearchDirectories: Adding more searchDirectories C:\Program Files\dotnet\sdk\8.0.202\Extensions,C:\Program Files\dotnet\sdk\8.0.202
TpTrace Information: 0 : 30532, 1, 2024/04/25, 17:01:08.622, 5367852034264, vstest.console.dll, AssemblyResolver.AddSearchDirectories: Adding more searchDirectories C:\Program Files\dotnet\sdk\8.0.202\Extensions,C:\Program Files\dotnet\sdk\8.0.202
TpTrace Information: 0 : 30532, 1, 2024/04/25, 17:01:08.622, 5367852034606, vstest.console.dll, AssemblyResolver.AddSearchDirectories: Adding more searchDirectories C:\Program Files\dotnet\sdk\8.0.202\Extensions,C:\Program Files\dotnet\sdk\8.0.202
TpTrace Information: 0 : 30532, 1, 2024/04/25, 17:01:08.622, 5367852034916, vstest.console.dll, AssemblyResolver.AddSearchDirectories: Adding more searchDirectories C:\Program Files\dotnet\sdk\8.0.202\Extensions,C:\Program Files\dotnet\sdk\8.0.202
TpTrace Information: 0 : 30532, 1, 2024/04/25, 17:01:08.622, 5367852035309, vstest.console.dll, AssemblyResolver.AddSearchDirectories: Adding more searchDirectories C:\Program Files\dotnet\sdk\8.0.202\Extensions,C:\Program Files\dotnet\sdk\8.0.202
TpTrace Information: 0 : 30532, 1, 2024/04/25, 17:01:08.622, 5367852036930, vstest.console.dll, AssemblyResolver.AddSearchDirectories: Adding more searchDirectories C:\Program Files\dotnet\sdk\8.0.202\Extensions,C:\Program Files\dotnet\sdk\8.0.202
TpTrace Information: 0 : 30532, 1, 2024/04/25, 17:01:08.623, 5367852042007, vstest.console.dll, AssemblyResolver.OnResolve: Microsoft.Diagnostics.NETCore.Client: Resolving assembly.
TpTrace Information: 0 : 30532, 1, 2024/04/25, 17:01:08.624, 5367852052809, vstest.console.dll, AssemblyResolver.OnResolve: Microsoft.Diagnostics.NETCore.Client: Searching in: 'C:\Program Files\dotnet\sdk\8.0.202\Extensions'.
TpTrace Information: 0 : 30532, 1, 2024/04/25, 17:01:08.639, 5367852204866, vstest.console.dll, AssemblyResolver.OnResolve: Microsoft.Diagnostics.NETCore.Client: Loading assembly 'C:\Program Files\dotnet\sdk\8.0.202\Extensions\Microsoft.Diagnostics.NETCore.Client.dll'.
TpTrace Information: 0 : 30532, 1, 2024/04/25, 17:01:08.641, 5367852221624, vstest.console.dll, AssemblyResolver.OnResolve: Resolved assembly: Microsoft.Diagnostics.NETCore.Client, from path: C:\Program Files\dotnet\sdk\8.0.202\Extensions\Microsoft.Diagnostics.NETCore.Client.dll
TpTrace Verbose: 0 : 30532, 1, 2024/04/25, 17:01:08.649, 5367852304600, vstest.console.dll, MetadataReaderExtensionsHelper: Discovering extensions inside assembly 'Microsoft.Diagnostics.NETCore.Client, Version=0.2.9.2401, Culture=neutral, PublicKeyToken=31bf3856ad364e35' file path 'C:\Program Files\dotnet\sdk\8.0.202\Extensions\Microsoft.Diagnostics.NETCore.Client.dll'
TpTrace Information: 0 : 30532, 1, 2024/04/25, 17:01:08.658, 5367852393790, vstest.console.dll, AssemblyResolver.OnResolve: Microsoft.Bcl.AsyncInterfaces: Resolving assembly.
TpTrace Information: 0 : 30532, 1, 2024/04/25, 17:01:08.658, 5367852395455, vstest.console.dll, AssemblyResolver.OnResolve: Microsoft.Bcl.AsyncInterfaces: Searching in: 'C:\Program Files\dotnet\sdk\8.0.202\Extensions'.
TpTrace Information: 0 : 30532, 1, 2024/04/25, 17:01:08.658, 5367852396663, vstest.console.dll, AssemblyResolver.OnResolve: Microsoft.Bcl.AsyncInterfaces: Assembly path does not exist: 'C:\Program Files\dotnet\sdk\8.0.202\Extensions\Microsoft.Bcl.AsyncInterfaces.dll', returning.
TpTrace Information: 0 : 30532, 1, 2024/04/25, 17:01:08.659, 5367852398033, vstest.console.dll, AssemblyResolver.OnResolve: Microsoft.Bcl.AsyncInterfaces: Assembly path does not exist: 'C:\Program Files\dotnet\sdk\8.0.202\Extensions\Microsoft.Bcl.AsyncInterfaces.exe', returning.
TpTrace Information: 0 : 30532, 1, 2024/04/25, 17:01:08.659, 5367852398515, vstest.console.dll, AssemblyResolver.OnResolve: Microsoft.Bcl.AsyncInterfaces: Searching in: 'C:\Program Files\dotnet\sdk\8.0.202'.
TpTrace Information: 0 : 30532, 1, 2024/04/25, 17:01:08.659, 5367852399492, vstest.console.dll, AssemblyResolver.OnResolve: Microsoft.Bcl.AsyncInterfaces: Assembly path does not exist: 'C:\Program Files\dotnet\sdk\8.0.202\Microsoft.Bcl.AsyncInterfaces.dll', returning.
TpTrace Information: 0 : 30532, 1, 2024/04/25, 17:01:08.659, 5367852400368, vstest.console.dll, AssemblyResolver.OnResolve: Microsoft.Bcl.AsyncInterfaces: Assembly path does not exist: 'C:\Program Files\dotnet\sdk\8.0.202\Microsoft.Bcl.AsyncInterfaces.exe', returning.
TpTrace Information: 0 : 30532, 1, 2024/04/25, 17:01:08.659, 5367852400854, vstest.console.dll, AssemblyResolver.OnResolve: Microsoft.Bcl.AsyncInterfaces: Failed to load assembly.
TpTrace Verbose: 0 : 30532, 1, 2024/04/25, 17:01:08.659, 5367852401504, vstest.console.dll, CurrentDomainAssemblyResolve: Resolving assembly 'Microsoft.Bcl.AsyncInterfaces'.
TpTrace Information: 0 : 30532, 1, 2024/04/25, 17:01:08.659, 5367852402653, vstest.console.dll, AssemblyResolver.OnResolve: Microsoft.Bcl.AsyncInterfaces: Resolving assembly.
TpTrace Information: 0 : 30532, 1, 2024/04/25, 17:01:08.659, 5367852406651, vstest.console.dll, AssemblyResolver.OnResolve: Microsoft.Bcl.AsyncInterfaces: Resolved from cache.
TpTrace Verbose: 0 : 30532, 1, 2024/04/25, 17:01:08.660, 5367852408031, vstest.console.dll, CurrentDomainAssemblyResolve: Resolving assembly 'Microsoft.Bcl.AsyncInterfaces'.
TpTrace Verbose: 0 : 30532, 1, 2024/04/25, 17:01:08.660, 5367852408625, vstest.console.dll, CurrentDomainAssemblyResolve: Failed to resolve assembly 'Microsoft.Bcl.AsyncInterfaces'.
TpTrace Verbose: 0 : 30532, 1, 2024/04/25, 17:01:08.661, 5367852419036, vstest.console.dll, CurrentDomainAssemblyResolve: Failed to resolve assembly 'Microsoft.Bcl.AsyncInterfaces'.
TpTrace Warning: 0 : 30532, 1, 2024/04/25, 17:01:08.674, 5367852547382, vstest.console.dll, TestPluginDiscoverer: Failed to get types from assembly 'Microsoft.Diagnostics.NETCore.Client, Version=0.2.9.2401, Culture=neutral, PublicKeyToken=31bf3856ad364e35'. Error: System.Reflection.ReflectionTypeLoadException: Unable to load one or more of the requested types.
Could not load file or assembly 'Microsoft.Bcl.AsyncInterfaces, Version=6.0.0.0, Culture=neutral, PublicKeyToken=cc7b13ffcd2ddd51'. The system cannot find the file specified.
   at System.Reflection.RuntimeModule.GetTypes(RuntimeModule module)
   at System.Reflection.RuntimeModule.GetTypes()
   at Microsoft.VisualStudio.TestPlatform.Common.ExtensionFramework.TestPluginDiscoverer.GetTestExtensionsFromAssembly[TPluginInfo,TExtension](Assembly assembly, Dictionary`2 pluginInfos, String filePath) in /_/src/Microsoft.TestPlatform.Common/ExtensionFramework/TestPluginDiscoverer.cs:line 158
System.IO.FileNotFoundException: Could not load file or assembly 'Microsoft.Bcl.AsyncInterfaces, Version=6.0.0.0, Culture=neutral, PublicKeyToken=cc7b13ffcd2ddd51'. The system cannot find the file specified.
File name: 'Microsoft.Bcl.AsyncInterfaces, Version=6.0.0.0, Culture=neutral, PublicKeyToken=cc7b13ffcd2ddd51'
 ---> System.IO.FileNotFoundException: Could not load file or assembly 'Microsoft.Bcl.AsyncInterfaces, Culture=neutral, PublicKeyToken=null'. The system cannot find the file specified.
File name: 'Microsoft.Bcl.AsyncInterfaces, Culture=neutral, PublicKeyToken=null'
   at System.Reflection.RuntimeAssembly.InternalLoad(AssemblyName assemblyName, StackCrawlMark& stackMark, AssemblyLoadContext assemblyLoadContext, RuntimeAssembly requestingAssembly, Boolean throwOnFileNotFound)
   at System.Reflection.Assembly.Load(AssemblyName assemblyRef)
   at Microsoft.VisualStudio.TestPlatform.Common.ExtensionFramework.TestPluginCache.CurrentDomainAssemblyResolve(Object sender, AssemblyResolveEventArgs args) in /_/src/Microsoft.TestPlatform.Common/ExtensionFramework/TestPluginCache.cs:line 513
   at System.Runtime.Loader.AssemblyLoadContext.GetFirstResolvedAssemblyFromResolvingEvent(AssemblyName assemblyName)
   at System.Runtime.Loader.AssemblyLoadContext.ResolveUsingEvent(AssemblyName assemblyName)
   at System.Runtime.Loader.AssemblyLoadContext.ResolveUsingResolvingEvent(IntPtr gchManagedAssemblyLoadContext, AssemblyName assemblyName)
TpTrace Warning: 0 : 30532, 1, 2024/04/25, 17:01:08.674, 5367852551762, vstest.console.dll, LoaderExceptions: System.IO.FileNotFoundException: Could not load file or assembly 'Microsoft.Bcl.AsyncInterfaces, Version=6.0.0.0, Culture=neutral, PublicKeyToken=cc7b13ffcd2ddd51'. The system cannot find the file specified.
File name: 'Microsoft.Bcl.AsyncInterfaces, Version=6.0.0.0, Culture=neutral, PublicKeyToken=cc7b13ffcd2ddd51'
 ---> System.IO.FileNotFoundException: Could not load file or assembly 'Microsoft.Bcl.AsyncInterfaces, Culture=neutral, PublicKeyToken=null'. The system cannot find the file specified.
File name: 'Microsoft.Bcl.AsyncInterfaces, Culture=neutral, PublicKeyToken=null'
   at System.Reflection.RuntimeAssembly.InternalLoad(AssemblyName assemblyName, StackCrawlMark& stackMark, AssemblyLoadContext assemblyLoadContext, RuntimeAssembly requestingAssembly, Boolean throwOnFileNotFound)
   at System.Reflection.Assembly.Load(AssemblyName assemblyRef)
   at Microsoft.VisualStudio.TestPlatform.Common.ExtensionFramework.TestPluginCache.CurrentDomainAssemblyResolve(Object sender, AssemblyResolveEventArgs args) in /_/src/Microsoft.TestPlatform.Common/ExtensionFramework/TestPluginCache.cs:line 513
   at System.Runtime.Loader.AssemblyLoadContext.GetFirstResolvedAssemblyFromResolvingEvent(AssemblyName assemblyName)
   at System.Runtime.Loader.AssemblyLoadContext.ResolveUsingEvent(AssemblyName assemblyName)
   at System.Runtime.Loader.AssemblyLoadContext.ResolveUsingResolvingEvent(IntPtr gchManagedAssemblyLoadContext, AssemblyName assemblyName)
TpTrace Information: 0 : 30532, 1, 2024/04/25, 17:01:08.674, 5367852553906, vstest.console.dll, AssemblyResolver.OnResolve: Microsoft.TestPlatform.Extensions.BlameDataCollector: Resolving assembly.
TpTrace Information: 0 : 30532, 1, 2024/04/25, 17:01:08.674, 5367852554558, vstest.console.dll, AssemblyResolver.OnResolve: Microsoft.TestPlatform.Extensions.BlameDataCollector: Searching in: 'C:\Program Files\dotnet\sdk\8.0.202\Extensions'.
TpTrace Information: 0 : 30532, 1, 2024/04/25, 17:01:08.675, 5367852560826, vstest.console.dll, AssemblyResolver.OnResolve: Microsoft.TestPlatform.Extensions.BlameDataCollector: Loading assembly 'C:\Program Files\dotnet\sdk\8.0.202\Extensions\Microsoft.TestPlatform.Extensions.BlameDataCollector.dll'.
TpTrace Information: 0 : 30532, 1, 2024/04/25, 17:01:08.676, 5367852568546, vstest.console.dll, AssemblyResolver.OnResolve: Resolved assembly: Microsoft.TestPlatform.Extensions.BlameDataCollector, from path: C:\Program Files\dotnet\sdk\8.0.202\Extensions\Microsoft.TestPlatform.Extensions.BlameDataCollector.dll
TpTrace Verbose: 0 : 30532, 1, 2024/04/25, 17:01:08.676, 5367852569457, vstest.console.dll, MetadataReaderExtensionsHelper: Discovering extensions inside assembly 'Microsoft.TestPlatform.Extensions.BlameDataCollector, Version=15.0.0.0, Culture=neutral, PublicKeyToken=b03f5f7f11d50a3a' file path 'C:\Program Files\dotnet\sdk\8.0.202\Extensions\Microsoft.TestPlatform.Extensions.BlameDataCollector.dll'
TpTrace Information: 0 : 30532, 1, 2024/04/25, 17:01:08.677, 5367852582525, vstest.console.dll, AssemblyResolver.OnResolve: Microsoft.TestPlatform.Extensions.EventLogCollector: Resolving assembly.
TpTrace Information: 0 : 30532, 1, 2024/04/25, 17:01:08.677, 5367852583194, vstest.console.dll, AssemblyResolver.OnResolve: Microsoft.TestPlatform.Extensions.EventLogCollector: Searching in: 'C:\Program Files\dotnet\sdk\8.0.202\Extensions'.
TpTrace Information: 0 : 30532, 1, 2024/04/25, 17:01:08.677, 5367852586753, vstest.console.dll, AssemblyResolver.OnResolve: Microsoft.TestPlatform.Extensions.EventLogCollector: Loading assembly 'C:\Program Files\dotnet\sdk\8.0.202\Extensions\Microsoft.TestPlatform.Extensions.EventLogCollector.dll'.
TpTrace Information: 0 : 30532, 1, 2024/04/25, 17:01:08.678, 5367852592518, vstest.console.dll, AssemblyResolver.OnResolve: Resolved assembly: Microsoft.TestPlatform.Extensions.EventLogCollector, from path: C:\Program Files\dotnet\sdk\8.0.202\Extensions\Microsoft.TestPlatform.Extensions.EventLogCollector.dll
TpTrace Verbose: 0 : 30532, 1, 2024/04/25, 17:01:08.678, 5367852593292, vstest.console.dll, MetadataReaderExtensionsHelper: Discovering extensions inside assembly 'Microsoft.TestPlatform.Extensions.EventLogCollector, Version=15.0.0.0, Culture=neutral, PublicKeyToken=b03f5f7f11d50a3a' file path 'C:\Program Files\dotnet\sdk\8.0.202\Extensions\Microsoft.TestPlatform.Extensions.EventLogCollector.dll'
TpTrace Information: 0 : 30532, 1, 2024/04/25, 17:01:08.681, 5367852617550, vstest.console.dll, AssemblyResolver.OnResolve: Microsoft.TestPlatform.TestHostRuntimeProvider: Resolving assembly.
TpTrace Information: 0 : 30532, 1, 2024/04/25, 17:01:08.681, 5367852619150, vstest.console.dll, AssemblyResolver.OnResolve: Microsoft.TestPlatform.TestHostRuntimeProvider: Searching in: 'C:\Program Files\dotnet\sdk\8.0.202\Extensions'.
TpTrace Information: 0 : 30532, 1, 2024/04/25, 17:01:08.681, 5367852623868, vstest.console.dll, AssemblyResolver.OnResolve: Microsoft.TestPlatform.TestHostRuntimeProvider: Loading assembly 'C:\Program Files\dotnet\sdk\8.0.202\Extensions\Microsoft.TestPlatform.TestHostRuntimeProvider.dll'.
TpTrace Information: 0 : 30532, 1, 2024/04/25, 17:01:08.682, 5367852630753, vstest.console.dll, AssemblyResolver.OnResolve: Resolved assembly: Microsoft.TestPlatform.TestHostRuntimeProvider, from path: C:\Program Files\dotnet\sdk\8.0.202\Extensions\Microsoft.TestPlatform.TestHostRuntimeProvider.dll
TpTrace Verbose: 0 : 30532, 1, 2024/04/25, 17:01:08.682, 5367852631666, vstest.console.dll, MetadataReaderExtensionsHelper: Discovering extensions inside assembly 'Microsoft.TestPlatform.TestHostRuntimeProvider, Version=15.0.0.0, Culture=neutral, PublicKeyToken=b03f5f7f11d50a3a' file path 'C:\Program Files\dotnet\sdk\8.0.202\Extensions\Microsoft.TestPlatform.TestHostRuntimeProvider.dll'
TpTrace Information: 0 : 30532, 1, 2024/04/25, 17:01:08.684, 5367852649058, vstest.console.dll, GetTestExtensionFromType: Register extension with identifier data 'HostProvider://DefaultTestHost' and type 'Microsoft.VisualStudio.TestPlatform.CrossPlatEngine.Hosting.DefaultTestHostManager, Microsoft.TestPlatform.TestHostRuntimeProvider, Version=15.0.0.0, Culture=neutral, PublicKeyToken=b03f5f7f11d50a3a' inside file 'C:\Program Files\dotnet\sdk\8.0.202\Extensions\Microsoft.TestPlatform.TestHostRuntimeProvider.dll'
TpTrace Information: 0 : 30532, 1, 2024/04/25, 17:01:08.684, 5367852652041, vstest.console.dll, GetTestExtensionFromType: Register extension with identifier data 'HostProvider://DotnetTestHost' and type 'Microsoft.VisualStudio.TestPlatform.CrossPlatEngine.Hosting.DotnetTestHostManager, Microsoft.TestPlatform.TestHostRuntimeProvider, Version=15.0.0.0, Culture=neutral, PublicKeyToken=b03f5f7f11d50a3a' inside file 'C:\Program Files\dotnet\sdk\8.0.202\Extensions\Microsoft.TestPlatform.TestHostRuntimeProvider.dll'
TpTrace Information: 0 : 30532, 1, 2024/04/25, 17:01:08.684, 5367852652952, vstest.console.dll, AssemblyResolver.OnResolve: Microsoft.VisualStudio.TestPlatform.Extensions.Html.TestLogger: Resolving assembly.
TpTrace Information: 0 : 30532, 1, 2024/04/25, 17:01:08.684, 5367852653334, vstest.console.dll, AssemblyResolver.OnResolve: Microsoft.VisualStudio.TestPlatform.Extensions.Html.TestLogger: Searching in: 'C:\Program Files\dotnet\sdk\8.0.202\Extensions'.
TpTrace Information: 0 : 30532, 1, 2024/04/25, 17:01:08.685, 5367852663536, vstest.console.dll, AssemblyResolver.OnResolve: Microsoft.VisualStudio.TestPlatform.Extensions.Html.TestLogger: Loading assembly 'C:\Program Files\dotnet\sdk\8.0.202\Extensions\Microsoft.VisualStudio.TestPlatform.Extensions.Html.TestLogger.dll'.
TpTrace Information: 0 : 30532, 1, 2024/04/25, 17:01:08.686, 5367852675036, vstest.console.dll, AssemblyResolver.OnResolve: Resolved assembly: Microsoft.VisualStudio.TestPlatform.Extensions.Html.TestLogger, from path: C:\Program Files\dotnet\sdk\8.0.202\Extensions\Microsoft.VisualStudio.TestPlatform.Extensions.Html.TestLogger.dll
TpTrace Verbose: 0 : 30532, 1, 2024/04/25, 17:01:08.686, 5367852676486, vstest.console.dll, MetadataReaderExtensionsHelper: Discovering extensions inside assembly 'Microsoft.VisualStudio.TestPlatform.Extensions.Html.TestLogger, Version=15.0.0.0, Culture=neutral, PublicKeyToken=b03f5f7f11d50a3a' file path 'C:\Program Files\dotnet\sdk\8.0.202\Extensions\Microsoft.VisualStudio.TestPlatform.Extensions.Html.TestLogger.dll'
TpTrace Information: 0 : 30532, 1, 2024/04/25, 17:01:08.688, 5367852695088, vstest.console.dll, AssemblyResolver.OnResolve: Microsoft.VisualStudio.TestPlatform.Extensions.Trx.TestLogger: Resolving assembly.
TpTrace Information: 0 : 30532, 1, 2024/04/25, 17:01:08.688, 5367852696265, vstest.console.dll, AssemblyResolver.OnResolve: Microsoft.VisualStudio.TestPlatform.Extensions.Trx.TestLogger: Searching in: 'C:\Program Files\dotnet\sdk\8.0.202\Extensions'.
TpTrace Information: 0 : 30532, 1, 2024/04/25, 17:01:08.689, 5367852704970, vstest.console.dll, AssemblyResolver.OnResolve: Microsoft.VisualStudio.TestPlatform.Extensions.Trx.TestLogger: Loading assembly 'C:\Program Files\dotnet\sdk\8.0.202\Extensions\Microsoft.VisualStudio.TestPlatform.Extensions.Trx.TestLogger.dll'.
TpTrace Information: 0 : 30532, 1, 2024/04/25, 17:01:08.691, 5367852717744, vstest.console.dll, AssemblyResolver.OnResolve: Resolved assembly: Microsoft.VisualStudio.TestPlatform.Extensions.Trx.TestLogger, from path: C:\Program Files\dotnet\sdk\8.0.202\Extensions\Microsoft.VisualStudio.TestPlatform.Extensions.Trx.TestLogger.dll
TpTrace Verbose: 0 : 30532, 1, 2024/04/25, 17:01:08.691, 5367852720125, vstest.console.dll, MetadataReaderExtensionsHelper: Discovering extensions inside assembly 'Microsoft.VisualStudio.TestPlatform.Extensions.Trx.TestLogger, Version=15.0.0.0, Culture=neutral, PublicKeyToken=b03f5f7f11d50a3a' file path 'C:\Program Files\dotnet\sdk\8.0.202\Extensions\Microsoft.VisualStudio.TestPlatform.Extensions.Trx.TestLogger.dll'
TpTrace Verbose: 0 : 30532, 1, 2024/04/25, 17:01:08.692, 5367852736382, vstest.console.dll, TestPluginCache: Discovered the extensions using extension path ''.
TpTrace Verbose: 0 : 30532, 1, 2024/04/25, 17:01:08.693, 5367852737642, vstest.console.dll, TestPluginCache: Discoverers are ''.
TpTrace Verbose: 0 : 30532, 1, 2024/04/25, 17:01:08.693, 5367852738107, vstest.console.dll, TestPluginCache: Executors are ''.
TpTrace Verbose: 0 : 30532, 1, 2024/04/25, 17:01:08.693, 5367852738482, vstest.console.dll, TestPluginCache: Executors2 are ''.
TpTrace Verbose: 0 : 30532, 1, 2024/04/25, 17:01:08.693, 5367852738858, vstest.console.dll, TestPluginCache: Setting providers are ''.
TpTrace Verbose: 0 : 30532, 1, 2024/04/25, 17:01:08.693, 5367852739267, vstest.console.dll, TestPluginCache: Loggers are ''.
TpTrace Verbose: 0 : 30532, 1, 2024/04/25, 17:01:08.693, 5367852740136, vstest.console.dll, TestPluginCache: TestHosts are 'HostProvider://DefaultTestHost,HostProvider://DotnetTestHost'.
TpTrace Verbose: 0 : 30532, 1, 2024/04/25, 17:01:08.693, 5367852740566, vstest.console.dll, TestPluginCache: DataCollectors are ''.
TpTrace Information: 0 : 30532, 1, 2024/04/25, 17:01:08.712, 5367852932167, vstest.console.dll, RunTestsArgumentProcessor:Execute: Test run is starting.
TpTrace Verbose: 0 : 30532, 1, 2024/04/25, 17:01:08.712, 5367852933170, vstest.console.dll, RunTestsArgumentProcessor:Execute: Queuing Test run.
TpTrace Information: 0 : 30532, 1, 2024/04/25, 17:01:08.712, 5367852935007, vstest.console.dll, TestRequestManager.RunTests: run tests started.
TpTrace Information: 0 : 30532, 1, 2024/04/25, 17:01:08.714, 5367852948541, vstest.console.dll, AssemblyMetadataProvider.GetFrameworkName: Determined framework:'.NETCoreApp,Version=v6.0' for source: 'C:\Users\VC\Desktop\DAY 12 - 25.04.2024\ShoppingSolution\ShoppingBLTest\bin\Debug\net6.0\fine-code-coverage\build-output\ShoppingBLTest.dll'
TpTrace Information: 0 : 30532, 1, 2024/04/25, 17:01:08.714, 5367852951154, vstest.console.dll, Determined framework for all sources: .NETCoreApp,Version=v6.0
TpTrace Verbose: 0 : 30532, 1, 2024/04/25, 17:01:08.714, 5367852955941, vstest.console.dll, TestRequestManager.UpdateRunSettingsIfRequired: Default architecture: X64 IsDefaultTargetArchitecture: True, Current process architecture: X64 OperatingSystem: Windows.
TpTrace Information: 0 : 30532, 1, 2024/04/25, 17:01:08.716, 5367852975154, vstest.console.dll, AssemblyMetadataProvider.GetArchitecture: Determined architecture:AnyCPU info for assembly: C:\Users\VC\Desktop\DAY 12 - 25.04.2024\ShoppingSolution\ShoppingBLTest\bin\Debug\net6.0\fine-code-coverage\build-output\ShoppingBLTest.dll
TpTrace Information: 0 : 30532, 1, 2024/04/25, 17:01:08.717, 5367852980049, vstest.console.dll, Determined platform for source 'C:\Users\VC\Desktop\DAY 12 - 25.04.2024\ShoppingSolution\ShoppingBLTest\bin\Debug\net6.0\fine-code-coverage\build-output\ShoppingBLTest.dll' was AnyCPU and it will use the default plaform X64.
TpTrace Information: 0 : 30532, 1, 2024/04/25, 17:01:08.717, 5367852980843, vstest.console.dll, None of the sources provided any runnable platform, using the default platform: X64
TpTrace Information: 0 : 30532, 1, 2024/04/25, 17:01:08.717, 5367852986098, vstest.console.dll, Platform was updated to 'X64'.
TpTrace Information: 0 : 30532, 1, 2024/04/25, 17:01:08.728, 5367853091603, vstest.console.dll, InferRunSettingsHelper.IsTestSettingsEnabled: Unable to navigate to RunSettings/MSTest. Current node: RunSettings
TpTrace Information: 0 : 30532, 1, 2024/04/25, 17:01:08.729, 5367853103547, vstest.console.dll, AssemblyResolver.OnResolve: Microsoft.VisualStudio.TestPlatform.Fakes: Resolving assembly.
TpTrace Information: 0 : 30532, 1, 2024/04/25, 17:01:08.729, 5367853104829, vstest.console.dll, AssemblyResolver.OnResolve: Microsoft.VisualStudio.TestPlatform.Fakes: Searching in: 'C:\Program Files\dotnet\sdk\8.0.202\Extensions'.
TpTrace Information: 0 : 30532, 1, 2024/04/25, 17:01:08.730, 5367853107724, vstest.console.dll, AssemblyResolver.OnResolve: Microsoft.VisualStudio.TestPlatform.Fakes: Assembly path does not exist: 'C:\Program Files\dotnet\sdk\8.0.202\Extensions\Microsoft.VisualStudio.TestPlatform.Fakes.dll', returning.
TpTrace Information: 0 : 30532, 1, 2024/04/25, 17:01:08.730, 5367853116945, vstest.console.dll, AssemblyResolver.OnResolve: Microsoft.VisualStudio.TestPlatform.Fakes: Assembly path does not exist: 'C:\Program Files\dotnet\sdk\8.0.202\Extensions\Microsoft.VisualStudio.TestPlatform.Fakes.exe', returning.
TpTrace Information: 0 : 30532, 1, 2024/04/25, 17:01:08.731, 5367853117955, vstest.console.dll, AssemblyResolver.OnResolve: Microsoft.VisualStudio.TestPlatform.Fakes: Searching in: 'C:\Program Files\dotnet\sdk\8.0.202'.
TpTrace Information: 0 : 30532, 1, 2024/04/25, 17:01:08.731, 5367853119180, vstest.console.dll, AssemblyResolver.OnResolve: Microsoft.VisualStudio.TestPlatform.Fakes: Assembly path does not exist: 'C:\Program Files\dotnet\sdk\8.0.202\Microsoft.VisualStudio.TestPlatform.Fakes.dll', returning.
TpTrace Information: 0 : 30532, 1, 2024/04/25, 17:01:08.731, 5367853120307, vstest.console.dll, AssemblyResolver.OnResolve: Microsoft.VisualStudio.TestPlatform.Fakes: Assembly path does not exist: 'C:\Program Files\dotnet\sdk\8.0.202\Microsoft.VisualStudio.TestPlatform.Fakes.exe', returning.
TpTrace Information: 0 : 30532, 1, 2024/04/25, 17:01:08.731, 5367853121043, vstest.console.dll, AssemblyResolver.OnResolve: Microsoft.VisualStudio.TestPlatform.Fakes: Failed to load assembly.
TpTrace Information: 0 : 30532, 1, 2024/04/25, 17:01:08.732, 5367853128301, vstest.console.dll, Failed to load assembly Microsoft.VisualStudio.TestPlatform.Fakes, Version=17.0.0.0, Culture=neutral. Reason:System.IO.FileNotFoundException: Could not load file or assembly 'Microsoft.VisualStudio.TestPlatform.Fakes, Version=17.0.0.0, Culture=neutral, PublicKeyToken=null'. The system cannot find the file specified.
File name: 'Microsoft.VisualStudio.TestPlatform.Fakes, Version=17.0.0.0, Culture=neutral, PublicKeyToken=null'
   at System.Reflection.RuntimeAssembly.InternalLoad(AssemblyName assemblyName, StackCrawlMark& stackMark, AssemblyLoadContext assemblyLoadContext, RuntimeAssembly requestingAssembly, Boolean throwOnFileNotFound)
   at System.Reflection.Assembly.Load(AssemblyName assemblyRef)
   at Microsoft.VisualStudio.TestPlatform.Common.Utilities.FakesUtilities.LoadTestPlatformAssembly() in /_/src/Microsoft.TestPlatform.Common/Utilities/FakesUtilities.cs:line 272
TpTrace Verbose: 0 : 30532, 1, 2024/04/25, 17:01:08.737, 5367853182847, vstest.console.dll, TestPluginCache.DiscoverTestExtensions: finding test extensions in assemblies ends with: TestLogger.dll TPluginInfo: Microsoft.VisualStudio.TestPlatform.Common.ExtensionFramework.Utilities.TestLoggerPluginInformation TExtension: Microsoft.VisualStudio.TestPlatform.ObjectModel.Client.ITestLogger
TpTrace Verbose: 0 : 30532, 1, 2024/04/25, 17:01:08.737, 5367853184448, vstest.console.dll, TestPluginCache.GetExtensionPaths: Filtered extension paths: 
TpTrace Verbose: 0 : 30532, 1, 2024/04/25, 17:01:08.737, 5367853184882, vstest.console.dll, TestPluginCache.GetExtensionPaths: Added default extension paths: C:\Program Files\dotnet\sdk\8.0.202\Extensions\Microsoft.Diagnostics.NETCore.Client.dll
C:\Program Files\dotnet\sdk\8.0.202\Extensions\Microsoft.TestPlatform.Extensions.BlameDataCollector.dll
C:\Program Files\dotnet\sdk\8.0.202\Extensions\Microsoft.TestPlatform.Extensions.EventLogCollector.dll
C:\Program Files\dotnet\sdk\8.0.202\Extensions\Microsoft.TestPlatform.TestHostRuntimeProvider.dll
C:\Program Files\dotnet\sdk\8.0.202\Extensions\Microsoft.VisualStudio.TestPlatform.Extensions.Html.TestLogger.dll
C:\Program Files\dotnet\sdk\8.0.202\Extensions\Microsoft.VisualStudio.TestPlatform.Extensions.Trx.TestLogger.dll
TpTrace Verbose: 0 : 30532, 1, 2024/04/25, 17:01:08.737, 5367853185291, vstest.console.dll, TestPluginCache.GetExtensionPaths: Added unfilterableExtensionPaths: 
TpTrace Information: 0 : 30532, 1, 2024/04/25, 17:01:08.738, 5367853187403, vstest.console.dll, AssemblyResolver.AddSearchDirectories: Adding more searchDirectories C:\Program Files\dotnet\sdk\8.0.202\Extensions,C:\Program Files\dotnet\sdk\8.0.202
TpTrace Verbose: 0 : 30532, 1, 2024/04/25, 17:01:08.738, 5367853188440, vstest.console.dll, TestPluginCache.DiscoverTestExtensions: Discovering the extensions using extension path.
TpTrace Verbose: 0 : 30532, 1, 2024/04/25, 17:01:08.738, 5367853189169, vstest.console.dll, TestPluginCache.GetExtensionPaths: Filtered extension paths: 
TpTrace Verbose: 0 : 30532, 1, 2024/04/25, 17:01:08.738, 5367853190524, vstest.console.dll, TestPluginCache.GetExtensionPaths: Added default extension paths: C:\Program Files\dotnet\sdk\8.0.202\Extensions\Microsoft.Diagnostics.NETCore.Client.dll
C:\Program Files\dotnet\sdk\8.0.202\Extensions\Microsoft.TestPlatform.Extensions.BlameDataCollector.dll
C:\Program Files\dotnet\sdk\8.0.202\Extensions\Microsoft.TestPlatform.Extensions.EventLogCollector.dll
C:\Program Files\dotnet\sdk\8.0.202\Extensions\Microsoft.TestPlatform.TestHostRuntimeProvider.dll
C:\Program Files\dotnet\sdk\8.0.202\Extensions\Microsoft.VisualStudio.TestPlatform.Extensions.Html.TestLogger.dll
C:\Program Files\dotnet\sdk\8.0.202\Extensions\Microsoft.VisualStudio.TestPlatform.Extensions.Trx.TestLogger.dll
TpTrace Verbose: 0 : 30532, 1, 2024/04/25, 17:01:08.738, 5367853191598, vstest.console.dll, TestPluginCache.GetExtensionPaths: Added unfilterableExtensionPaths: 
TpTrace Verbose: 0 : 30532, 1, 2024/04/25, 17:01:08.738, 5367853192253, vstest.console.dll, TestPluginCache.DiscoverTestExtensions: Discovering the extensions using allExtensionPaths: C:\Program Files\dotnet\sdk\8.0.202\Extensions\Microsoft.Diagnostics.NETCore.Client.dll
C:\Program Files\dotnet\sdk\8.0.202\Extensions\Microsoft.TestPlatform.Extensions.BlameDataCollector.dll
C:\Program Files\dotnet\sdk\8.0.202\Extensions\Microsoft.TestPlatform.Extensions.EventLogCollector.dll
C:\Program Files\dotnet\sdk\8.0.202\Extensions\Microsoft.TestPlatform.TestHostRuntimeProvider.dll
C:\Program Files\dotnet\sdk\8.0.202\Extensions\Microsoft.VisualStudio.TestPlatform.Extensions.Html.TestLogger.dll
C:\Program Files\dotnet\sdk\8.0.202\Extensions\Microsoft.VisualStudio.TestPlatform.Extensions.Trx.TestLogger.dll
TpTrace Information: 0 : 30532, 1, 2024/04/25, 17:01:08.738, 5367853194361, vstest.console.dll, AssemblyResolver.AddSearchDirectories: Adding more searchDirectories C:\Program Files\dotnet\sdk\8.0.202\Extensions,C:\Program Files\dotnet\sdk\8.0.202
TpTrace Information: 0 : 30532, 1, 2024/04/25, 17:01:08.738, 5367853195172, vstest.console.dll, AssemblyResolver.AddSearchDirectories: Adding more searchDirectories C:\Program Files\dotnet\sdk\8.0.202\Extensions,C:\Program Files\dotnet\sdk\8.0.202
TpTrace Information: 0 : 30532, 1, 2024/04/25, 17:01:08.738, 5367853195644, vstest.console.dll, AssemblyResolver.AddSearchDirectories: Adding more searchDirectories C:\Program Files\dotnet\sdk\8.0.202\Extensions,C:\Program Files\dotnet\sdk\8.0.202
TpTrace Information: 0 : 30532, 1, 2024/04/25, 17:01:08.738, 5367853196099, vstest.console.dll, AssemblyResolver.AddSearchDirectories: Adding more searchDirectories C:\Program Files\dotnet\sdk\8.0.202\Extensions,C:\Program Files\dotnet\sdk\8.0.202
TpTrace Information: 0 : 30532, 1, 2024/04/25, 17:01:08.738, 5367853196595, vstest.console.dll, AssemblyResolver.AddSearchDirectories: Adding more searchDirectories C:\Program Files\dotnet\sdk\8.0.202\Extensions,C:\Program Files\dotnet\sdk\8.0.202
TpTrace Information: 0 : 30532, 1, 2024/04/25, 17:01:08.738, 5367853197028, vstest.console.dll, AssemblyResolver.AddSearchDirectories: Adding more searchDirectories C:\Program Files\dotnet\sdk\8.0.202\Extensions,C:\Program Files\dotnet\sdk\8.0.202
TpTrace Verbose: 0 : 30532, 1, 2024/04/25, 17:01:08.739, 5367853198478, vstest.console.dll, MetadataReaderExtensionsHelper: Discovering extensions inside assembly 'Microsoft.Diagnostics.NETCore.Client, Version=0.2.9.2401, Culture=neutral, PublicKeyToken=31bf3856ad364e35' file path 'C:\Program Files\dotnet\sdk\8.0.202\Extensions\Microsoft.Diagnostics.NETCore.Client.dll'
TpTrace Information: 0 : 30532, 1, 2024/04/25, 17:01:08.739, 5367853206824, vstest.console.dll, AssemblyResolver.OnResolve: Microsoft.Bcl.AsyncInterfaces: Resolving assembly.
TpTrace Information: 0 : 30532, 1, 2024/04/25, 17:01:08.740, 5367853207498, vstest.console.dll, AssemblyResolver.OnResolve: Microsoft.Bcl.AsyncInterfaces: Resolved from cache.
TpTrace Verbose: 0 : 30532, 1, 2024/04/25, 17:01:08.740, 5367853207957, vstest.console.dll, CurrentDomainAssemblyResolve: Resolving assembly 'Microsoft.Bcl.AsyncInterfaces'.
TpTrace Information: 0 : 30532, 1, 2024/04/25, 17:01:08.740, 5367853208477, vstest.console.dll, AssemblyResolver.OnResolve: Microsoft.Bcl.AsyncInterfaces: Resolving assembly.
TpTrace Information: 0 : 30532, 1, 2024/04/25, 17:01:08.740, 5367853208786, vstest.console.dll, AssemblyResolver.OnResolve: Microsoft.Bcl.AsyncInterfaces: Resolved from cache.
TpTrace Verbose: 0 : 30532, 1, 2024/04/25, 17:01:08.740, 5367853209071, vstest.console.dll, CurrentDomainAssemblyResolve: Resolving assembly 'Microsoft.Bcl.AsyncInterfaces'.
TpTrace Verbose: 0 : 30532, 1, 2024/04/25, 17:01:08.740, 5367853209355, vstest.console.dll, CurrentDomainAssemblyResolve: Failed to resolve assembly 'Microsoft.Bcl.AsyncInterfaces'.
TpTrace Verbose: 0 : 30532, 1, 2024/04/25, 17:01:08.740, 5367853210821, vstest.console.dll, CurrentDomainAssemblyResolve: Failed to resolve assembly 'Microsoft.Bcl.AsyncInterfaces'.
TpTrace Warning: 0 : 30532, 1, 2024/04/25, 17:01:08.740, 5367853213951, vstest.console.dll, TestPluginDiscoverer: Failed to get types from assembly 'Microsoft.Diagnostics.NETCore.Client, Version=0.2.9.2401, Culture=neutral, PublicKeyToken=31bf3856ad364e35'. Error: System.Reflection.ReflectionTypeLoadException: Unable to load one or more of the requested types.
Could not load file or assembly 'Microsoft.Bcl.AsyncInterfaces, Version=6.0.0.0, Culture=neutral, PublicKeyToken=cc7b13ffcd2ddd51'. The system cannot find the file specified.
   at System.Reflection.RuntimeModule.GetTypes(RuntimeModule module)
   at System.Reflection.RuntimeModule.GetTypes()
   at Microsoft.VisualStudio.TestPlatform.Common.ExtensionFramework.TestPluginDiscoverer.GetTestExtensionsFromAssembly[TPluginInfo,TExtension](Assembly assembly, Dictionary`2 pluginInfos, String filePath) in /_/src/Microsoft.TestPlatform.Common/ExtensionFramework/TestPluginDiscoverer.cs:line 158
System.IO.FileNotFoundException: Could not load file or assembly 'Microsoft.Bcl.AsyncInterfaces, Version=6.0.0.0, Culture=neutral, PublicKeyToken=cc7b13ffcd2ddd51'. The system cannot find the file specified.
File name: 'Microsoft.Bcl.AsyncInterfaces, Version=6.0.0.0, Culture=neutral, PublicKeyToken=cc7b13ffcd2ddd51'
 ---> System.IO.FileNotFoundException: Could not load file or assembly 'Microsoft.Bcl.AsyncInterfaces, Culture=neutral, PublicKeyToken=null'. The system cannot find the file specified.
File name: 'Microsoft.Bcl.AsyncInterfaces, Culture=neutral, PublicKeyToken=null'
   at System.Reflection.RuntimeAssembly.InternalLoad(AssemblyName assemblyName, StackCrawlMark& stackMark, AssemblyLoadContext assemblyLoadContext, RuntimeAssembly requestingAssembly, Boolean throwOnFileNotFound)
   at System.Reflection.Assembly.Load(AssemblyName assemblyRef)
   at Microsoft.VisualStudio.TestPlatform.Common.ExtensionFramework.TestPluginCache.CurrentDomainAssemblyResolve(Object sender, AssemblyResolveEventArgs args) in /_/src/Microsoft.TestPlatform.Common/ExtensionFramework/TestPluginCache.cs:line 513
   at System.Runtime.Loader.AssemblyLoadContext.GetFirstResolvedAssemblyFromResolvingEvent(AssemblyName assemblyName)
   at System.Runtime.Loader.AssemblyLoadContext.ResolveUsingEvent(AssemblyName assemblyName)
   at System.Runtime.Loader.AssemblyLoadContext.ResolveUsingResolvingEvent(IntPtr gchManagedAssemblyLoadContext, AssemblyName assemblyName)
TpTrace Warning: 0 : 30532, 1, 2024/04/25, 17:01:08.740, 5367853215647, vstest.console.dll, LoaderExceptions: System.IO.FileNotFoundException: Could not load file or assembly 'Microsoft.Bcl.AsyncInterfaces, Version=6.0.0.0, Culture=neutral, PublicKeyToken=cc7b13ffcd2ddd51'. The system cannot find the file specified.
File name: 'Microsoft.Bcl.AsyncInterfaces, Version=6.0.0.0, Culture=neutral, PublicKeyToken=cc7b13ffcd2ddd51'
 ---> System.IO.FileNotFoundException: Could not load file or assembly 'Microsoft.Bcl.AsyncInterfaces, Culture=neutral, PublicKeyToken=null'. The system cannot find the file specified.
File name: 'Microsoft.Bcl.AsyncInterfaces, Culture=neutral, PublicKeyToken=null'
   at System.Reflection.RuntimeAssembly.InternalLoad(AssemblyName assemblyName, StackCrawlMark& stackMark, AssemblyLoadContext assemblyLoadContext, RuntimeAssembly requestingAssembly, Boolean throwOnFileNotFound)
   at System.Reflection.Assembly.Load(AssemblyName assemblyRef)
   at Microsoft.VisualStudio.TestPlatform.Common.ExtensionFramework.TestPluginCache.CurrentDomainAssemblyResolve(Object sender, AssemblyResolveEventArgs args) in /_/src/Microsoft.TestPlatform.Common/ExtensionFramework/TestPluginCache.cs:line 513
   at System.Runtime.Loader.AssemblyLoadContext.GetFirstResolvedAssemblyFromResolvingEvent(AssemblyName assemblyName)
   at System.Runtime.Loader.AssemblyLoadContext.ResolveUsingEvent(AssemblyName assemblyName)
   at System.Runtime.Loader.AssemblyLoadContext.ResolveUsingResolvingEvent(IntPtr gchManagedAssemblyLoadContext, AssemblyName assemblyName)
TpTrace Verbose: 0 : 30532, 1, 2024/04/25, 17:01:08.740, 5367853216482, vstest.console.dll, MetadataReaderExtensionsHelper: Discovering extensions inside assembly 'Microsoft.TestPlatform.Extensions.BlameDataCollector, Version=15.0.0.0, Culture=neutral, PublicKeyToken=b03f5f7f11d50a3a' file path 'C:\Program Files\dotnet\sdk\8.0.202\Extensions\Microsoft.TestPlatform.Extensions.BlameDataCollector.dll'
TpTrace Information: 0 : 30532, 1, 2024/04/25, 17:01:08.741, 5367853221028, vstest.console.dll, GetTestExtensionFromType: Register extension with identifier data 'logger://Microsoft/TestPlatform/Extensions/Blame/v1' and type 'Microsoft.TestPlatform.Extensions.BlameDataCollector.BlameLogger, Microsoft.TestPlatform.Extensions.BlameDataCollector, Version=15.0.0.0, Culture=neutral, PublicKeyToken=b03f5f7f11d50a3a' inside file 'C:\Program Files\dotnet\sdk\8.0.202\Extensions\Microsoft.TestPlatform.Extensions.BlameDataCollector.dll'
TpTrace Verbose: 0 : 30532, 1, 2024/04/25, 17:01:08.741, 5367853222014, vstest.console.dll, MetadataReaderExtensionsHelper: Discovering extensions inside assembly 'Microsoft.TestPlatform.Extensions.EventLogCollector, Version=15.0.0.0, Culture=neutral, PublicKeyToken=b03f5f7f11d50a3a' file path 'C:\Program Files\dotnet\sdk\8.0.202\Extensions\Microsoft.TestPlatform.Extensions.EventLogCollector.dll'
TpTrace Verbose: 0 : 30532, 1, 2024/04/25, 17:01:08.741, 5367853224908, vstest.console.dll, MetadataReaderExtensionsHelper: Discovering extensions inside assembly 'Microsoft.TestPlatform.TestHostRuntimeProvider, Version=15.0.0.0, Culture=neutral, PublicKeyToken=b03f5f7f11d50a3a' file path 'C:\Program Files\dotnet\sdk\8.0.202\Extensions\Microsoft.TestPlatform.TestHostRuntimeProvider.dll'
TpTrace Verbose: 0 : 30532, 1, 2024/04/25, 17:01:08.742, 5367853227554, vstest.console.dll, MetadataReaderExtensionsHelper: Discovering extensions inside assembly 'Microsoft.VisualStudio.TestPlatform.Extensions.Html.TestLogger, Version=15.0.0.0, Culture=neutral, PublicKeyToken=b03f5f7f11d50a3a' file path 'C:\Program Files\dotnet\sdk\8.0.202\Extensions\Microsoft.VisualStudio.TestPlatform.Extensions.Html.TestLogger.dll'
TpTrace Information: 0 : 30532, 1, 2024/04/25, 17:01:08.742, 5367853232785, vstest.console.dll, GetTestExtensionFromType: Register extension with identifier data 'logger://Microsoft/TestPlatform/HtmlLogger/v1' and type 'Microsoft.VisualStudio.TestPlatform.Extensions.HtmlLogger.HtmlLogger, Microsoft.VisualStudio.TestPlatform.Extensions.Html.TestLogger, Version=15.0.0.0, Culture=neutral, PublicKeyToken=b03f5f7f11d50a3a' inside file 'C:\Program Files\dotnet\sdk\8.0.202\Extensions\Microsoft.VisualStudio.TestPlatform.Extensions.Html.TestLogger.dll'
TpTrace Verbose: 0 : 30532, 1, 2024/04/25, 17:01:08.742, 5367853233539, vstest.console.dll, MetadataReaderExtensionsHelper: Discovering extensions inside assembly 'Microsoft.VisualStudio.TestPlatform.Extensions.Trx.TestLogger, Version=15.0.0.0, Culture=neutral, PublicKeyToken=b03f5f7f11d50a3a' file path 'C:\Program Files\dotnet\sdk\8.0.202\Extensions\Microsoft.VisualStudio.TestPlatform.Extensions.Trx.TestLogger.dll'
TpTrace Information: 0 : 30532, 1, 2024/04/25, 17:01:08.742, 5367853236973, vstest.console.dll, GetTestExtensionFromType: Register extension with identifier data 'logger://Microsoft/TestPlatform/TrxLogger/v1' and type 'Microsoft.VisualStudio.TestPlatform.Extensions.TrxLogger.TrxLogger, Microsoft.VisualStudio.TestPlatform.Extensions.Trx.TestLogger, Version=15.0.0.0, Culture=neutral, PublicKeyToken=b03f5f7f11d50a3a' inside file 'C:\Program Files\dotnet\sdk\8.0.202\Extensions\Microsoft.VisualStudio.TestPlatform.Extensions.Trx.TestLogger.dll'
TpTrace Verbose: 0 : 30532, 1, 2024/04/25, 17:01:08.743, 5367853238145, vstest.console.dll, TestPluginCache: Discovered the extensions using extension path ''.
TpTrace Verbose: 0 : 30532, 1, 2024/04/25, 17:01:08.743, 5367853238723, vstest.console.dll, TestPluginCache: Discoverers are ''.
TpTrace Verbose: 0 : 30532, 1, 2024/04/25, 17:01:08.743, 5367853239081, vstest.console.dll, TestPluginCache: Executors are ''.
TpTrace Verbose: 0 : 30532, 1, 2024/04/25, 17:01:08.743, 5367853239417, vstest.console.dll, TestPluginCache: Executors2 are ''.
TpTrace Verbose: 0 : 30532, 1, 2024/04/25, 17:01:08.743, 5367853239792, vstest.console.dll, TestPluginCache: Setting providers are ''.
TpTrace Verbose: 0 : 30532, 1, 2024/04/25, 17:01:08.743, 5367853240777, vstest.console.dll, TestPluginCache: Loggers are 'logger://Microsoft/TestPlatform/Extensions/Blame/v1,logger://Microsoft/TestPlatform/HtmlLogger/v1,logger://Microsoft/TestPlatform/TrxLogger/v1'.
TpTrace Verbose: 0 : 30532, 1, 2024/04/25, 17:01:08.743, 5367853241264, vstest.console.dll, TestPluginCache: TestHosts are 'HostProvider://DefaultTestHost,HostProvider://DotnetTestHost'.
TpTrace Verbose: 0 : 30532, 1, 2024/04/25, 17:01:08.743, 5367853241841, vstest.console.dll, TestPluginCache: DataCollectors are ''.
TpTrace Information: 0 : 30532, 1, 2024/04/25, 17:01:08.744, 5367853256149, vstest.console.dll, TestPluginManager.CreateTestExtension: Attempting to load test extension: Microsoft.TestPlatform.Extensions.BlameDataCollector.BlameLogger
TpTrace Verbose: 0 : 30532, 1, 2024/04/25, 17:01:08.754, 5367853355857, vstest.console.dll, TestEngine: Initializing Parallel Execution as MaxCpuCount is set to: 1
TpTrace Information: 0 : 30532, 1, 2024/04/25, 17:01:08.756, 5367853373665, vstest.console.dll, TestPluginManager.CreateTestExtension: Attempting to load test extension: Microsoft.VisualStudio.TestPlatform.CrossPlatEngine.Hosting.DefaultTestHostManager
TpTrace Information: 0 : 30532, 1, 2024/04/25, 17:01:08.757, 5367853385805, vstest.console.dll, TestPluginManager.CreateTestExtension: Attempting to load test extension: Microsoft.VisualStudio.TestPlatform.CrossPlatEngine.Hosting.DotnetTestHostManager
TpTrace Information: 0 : 30532, 1, 2024/04/25, 17:01:08.758, 5367853396581, vstest.console.dll, InferRunSettingsHelper.IsTestSettingsEnabled: Unable to navigate to RunSettings/MSTest. Current node: RunSettings
TpTrace Verbose: 0 : 30532, 1, 2024/04/25, 17:01:08.760, 5367853409438, vstest.console.dll, ParallelOperationManager.ClearSlots: Clearing all slots. Slots should accept more work: True
TpTrace Verbose: 0 : 30532, 1, 2024/04/25, 17:01:08.760, 5367853415606, vstest.console.dll, ParallelOperationManager.SetOccupiedSlotCount: Setting slot counts AvailableSlotCount = 1, OccupiedSlotCount = 0.
TpTrace Verbose: 0 : 30532, 1, 2024/04/25, 17:01:08.761, 5367853418747, vstest.console.dll, Occupied slots:

TpTrace Verbose: 0 : 30532, 1, 2024/04/25, 17:01:08.764, 5367853450521, vstest.console.dll, TestEngine.GetExecutionManager: Chosen execution manager 'Microsoft.VisualStudio.TestPlatform.CrossPlatEngine.Client.Parallel.ParallelProxyExecutionManager, Microsoft.TestPlatform.CrossPlatEngine, Version=15.0.0.0, Culture=neutral, PublicKeyToken=b03f5f7f11d50a3a' ParallelLevel '1'.
TpTrace Verbose: 0 : 30532, 1, 2024/04/25, 17:01:08.764, 5367853452566, vstest.console.dll, TestRunRequest.ExecuteAsync: Creating test run request.
TpTrace Verbose: 0 : 30532, 1, 2024/04/25, 17:01:08.764, 5367853454700, vstest.console.dll, TestRunRequest.ExecuteAsync: Starting.
TpTrace Information: 0 : 30532, 1, 2024/04/25, 17:01:08.765, 5367853465665, vstest.console.dll, TestRunRequest.ExecuteAsync: Starting run with settings:TestRunCriteria:
   KeepAlive=False,FrequencyOfRunStatsChangeEvent=10,RunStatsChangeEventTimeout=00:00:01.5000000,TestCaseFilter=,TestExecutorLauncher=
   Settingsxml=<RunSettings>
  <RunConfiguration>
    <ResultsDirectory>C:\Users\VC\Desktop\DAY 12 - 25.04.2024\ShoppingSolution\ShoppingBLTest\bin\Debug\net6.0\fine-code-coverage\coverage-tool-output</ResultsDirectory>
    <TargetPlatform>X64</TargetPlatform>
    <TargetFrameworkVersion>.NETCoreApp,Version=v6.0</TargetFrameworkVersion>
    <DesignMode>False</DesignMode>
    <CollectSourceInformation>False</CollectSourceInformation>
  </RunConfiguration>
  <LoggerRunSettings>
    <Loggers>
      <Logger friendlyName="blame" enabled="True" />
      <Logger friendlyName="Console" uri="logger://microsoft/TestPlatform/ConsoleLogger/v1" assemblyQualifiedName="Microsoft.VisualStudio.TestPlatform.CommandLine.Internal.ConsoleLogger, vstest.console, Version=15.0.0.0, Culture=neutral, PublicKeyToken=b03f5f7f11d50a3a" codeBase="C:\Program Files\dotnet\sdk\8.0.202\vstest.console.dll" enabled="True" />
    </Loggers>
  </LoggerRunSettings>
  <DataCollectionRunSettings>
    <DataCollectors>
      <DataCollector friendlyName="blame" enabled="True">
        <Configuration>
          <ResultsDirectory>C:\Users\VC\Desktop\DAY 12 - 25.04.2024\ShoppingSolution\ShoppingBLTest\bin\Debug\net6.0\fine-code-coverage\coverage-tool-output</ResultsDirectory>
        </Configuration>
      </DataCollector>
    </DataCollectors>
  </DataCollectionRunSettings>
</RunSettings>

TpTrace Verbose: 0 : 30532, 1, 2024/04/25, 17:01:08.765, 5367853466447, vstest.console.dll, TestRunRequest.ExecuteAsync: Wait for the first run request is over.
TpTrace Verbose: 0 : 30532, 1, 2024/04/25, 17:01:08.766, 5367853470513, vstest.console.dll, MulticastDelegateUtilities.SafeInvoke: TestRun.TestRunStart: Invoking callbacks was skipped because there are no subscribers.
TpTrace Verbose: 0 : 30532, 5, 2024/04/25, 17:01:08.766, 5367853472571, vstest.console.dll, MulticastDelegateUtilities.SafeInvoke: InternalTestLoggerEvents.SendTestRunStart: Invoking callback 1/1 for Microsoft.VisualStudio.TestPlatform.CommandLine.Internal.ConsoleLogger., took 0 ms.
TpTrace Verbose: 0 : 30532, 1, 2024/04/25, 17:01:08.767, 5367853481884, vstest.console.dll, ParallelProxyExecutionManager: Start execution. Total sources: 1
TpTrace Verbose: 0 : 30532, 1, 2024/04/25, 17:01:08.767, 5367853485944, vstest.console.dll, ParallelOperationManager.StartWork: Starting adding 1 workloads.
TpTrace Verbose: 0 : 30532, 1, 2024/04/25, 17:01:08.767, 5367853486656, vstest.console.dll, ParallelOperationManager.ClearSlots: Clearing all slots. Slots should accept more work: True
TpTrace Verbose: 0 : 30532, 1, 2024/04/25, 17:01:08.768, 5367853487315, vstest.console.dll, ParallelOperationManager.SetOccupiedSlotCount: Setting slot counts AvailableSlotCount = 1, OccupiedSlotCount = 0.
TpTrace Verbose: 0 : 30532, 1, 2024/04/25, 17:01:08.768, 5367853487727, vstest.console.dll, Occupied slots:

TpTrace Verbose: 0 : 30532, 1, 2024/04/25, 17:01:08.769, 5367853500332, vstest.console.dll, TestRequestSender is acting as server.
TpTrace Verbose: 0 : 30532, 1, 2024/04/25, 17:01:08.770, 5367853515846, vstest.console.dll, ParallelOperationManager.RunWorkInParallel: Adding 1 workload to slot, remaining workloads 0.
TpTrace Verbose: 0 : 30532, 1, 2024/04/25, 17:01:08.770, 5367853516492, vstest.console.dll, ParallelOperationManager.SetOccupiedSlotCount: Setting slot counts AvailableSlotCount = 0, OccupiedSlotCount = 1.
TpTrace Verbose: 0 : 30532, 1, 2024/04/25, 17:01:08.771, 5367853517492, vstest.console.dll, Occupied slots:
0: C:\Users\VC\Desktop\DAY 12 - 25.04.2024\ShoppingSolution\ShoppingBLTest\bin\Debug\net6.0\fine-code-coverage\build-output\ShoppingBLTest.dll
TpTrace Verbose: 0 : 30532, 1, 2024/04/25, 17:01:08.771, 5367853527014, vstest.console.dll, ParallelOperationManager.RunWorkInParallel: Started host in slot number 0 for work (source): C:\Users\VC\Desktop\DAY 12 - 25.04.2024\ShoppingSolution\ShoppingBLTest\bin\Debug\net6.0\fine-code-coverage\build-output\ShoppingBLTest.dll.
TpTrace Verbose: 0 : 30532, 1, 2024/04/25, 17:01:08.772, 5367853536566, vstest.console.dll, ParallelOperationManager.RunWorkInParallel: We started 1 work items, which is the max parallel level. Won't start more work.
TpTrace Verbose: 0 : 30532, 1, 2024/04/25, 17:01:08.773, 5367853537478, vstest.console.dll, ParallelOperationManager.RunWorkInParallel: We started 1 work items in here, returning True.
TpTrace Information: 0 : 30532, 1, 2024/04/25, 17:01:08.773, 5367853538520, vstest.console.dll, TestRunRequest.ExecuteAsync: Started.
TpTrace Verbose: 0 : 30532, 6, 2024/04/25, 17:01:08.773, 5367853539027, vstest.console.dll, ParallelProxyExecutionManager.StartTestRunOnConcurrentManager: Initializing uninitialized client. Started clients: 0
TpTrace Verbose: 0 : 30532, 6, 2024/04/25, 17:01:08.773, 5367853540895, vstest.console.dll, DataCollectionRequestSender.InitializeCommunication : Initialize communication. 
TpTrace Verbose: 0 : 30532, 1, 2024/04/25, 17:01:08.773, 5367853545866, vstest.console.dll, TestRunRequest.WaitForCompletion: Waiting with timeout -1.
TpTrace Information: 0 : 30532, 6, 2024/04/25, 17:01:08.787, 5367853681915, vstest.console.dll, Listening on Endpoint : 127.0.0.1:54817
TpTrace Verbose: 0 : 30532, 6, 2024/04/25, 17:01:08.797, 5367853779187, vstest.console.dll, DotnetDataCollectionLauncher: Adding  --runtimeconfig "C:\Program Files\dotnet\sdk\8.0.202\datacollector.runtimeconfig.json" in args
TpTrace Verbose: 0 : 30532, 6, 2024/04/25, 17:01:08.797, 5367853781427, vstest.console.dll, DotnetDataCollectionLauncher: Adding  --depsfile "C:\Program Files\dotnet\sdk\8.0.202\datacollector.deps.json" in args
TpTrace Verbose: 0 : 30532, 6, 2024/04/25, 17:01:08.798, 5367853789676, vstest.console.dll, DotnetDataCollectionLauncher: Full path of dotnet.exe is C:\Program Files\dotnet\dotnet.exe
TpTrace Information: 0 : 30532, 6, 2024/04/25, 17:01:08.806, 5367853869141, vstest.console.dll, ProxyDataCollectionManager.Initialize: Launched datacollector processId: 12732 port: 54817
TpTrace Information: 0 : 30532, 6, 2024/04/25, 17:01:08.806, 5367853870971, vstest.console.dll, ProxyDataCollectionManager.Initialize: waiting for connection with timeout: 90 seconds
TpTrace Verbose: 0 : 30532, 6, 2024/04/25, 17:01:08.806, 5367853871670, vstest.console.dll, DataCollectionRequestSender.WaitForRequestHandlerConnection : Waiting for connection with timeout: 90000
TpTrace Verbose: 0 : 30532, 6, 2024/04/25, 17:01:09.164, 5367857454092, vstest.console.dll, SocketCommunicationManager.WaitForClientConnection took: 358 ms, with 90000 ms timeout, and finished with True.
TpTrace Verbose: 0 : 30532, 6, 2024/04/25, 17:01:09.164, 5367857456910, vstest.console.dll, ProxyDataCollectionManager.InvokeDataCollectionServiceAction: Starting.
TpTrace Information: 0 : 30532, 6, 2024/04/25, 17:01:09.165, 5367857458276, vstest.console.dll, ProxyDataCollectionManager.BeforeTestRunStart: Get environment variable and port for datacollector processId: 12732 port: 54817
TpTrace Information: 0 : 30532, 8, 2024/04/25, 17:01:09.164, 5367857454032, vstest.console.dll, Using the buffer size of 16384 bytes
TpTrace Information: 0 : 30532, 8, 2024/04/25, 17:01:09.165, 5367857460702, vstest.console.dll, Accepted Client request and set the flag
TpTrace Verbose: 0 : 30532, 6, 2024/04/25, 17:01:09.165, 5367857460236, vstest.console.dll, DataCollectionRequestSender.SendBeforeTestRunStartAndGetResult: Send BeforeTestRunStart message with settingsXml <RunSettings><RunConfiguration><ResultsDirectory>C:\Users\VC\Desktop\DAY 12 - 25.04.2024\ShoppingSolution\ShoppingBLTest\bin\Debug\net6.0\fine-code-coverage\coverage-tool-output</ResultsDirectory><TargetPlatform>X64</TargetPlatform><TargetFrameworkVersion>.NETCoreApp,Version=v6.0</TargetFrameworkVersion><DesignMode>False</DesignMode><CollectSourceInformation>False</CollectSourceInformation><TestAdaptersPaths>C:\Program Files\dotnet\sdk\8.0.202\Extensions</TestAdaptersPaths></RunConfiguration><LoggerRunSettings><Loggers><Logger friendlyName="blame" enabled="True" /><Logger friendlyName="Console" uri="logger://microsoft/TestPlatform/ConsoleLogger/v1" assemblyQualifiedName="Microsoft.VisualStudio.TestPlatform.CommandLine.Internal.ConsoleLogger, vstest.console, Version=15.0.0.0, Culture=neutral, PublicKeyToken=b03f5f7f11d50a3a" codeBase="C:\Program Files\dotnet\sdk\8.0.202\vstest.console.dll" enabled="True" /></Loggers></LoggerRunSettings><DataCollectionRunSettings><DataCollectors><DataCollector friendlyName="blame" enabled="True"><Configuration><ResultsDirectory>C:\Users\VC\Desktop\DAY 12 - 25.04.2024\ShoppingSolution\ShoppingBLTest\bin\Debug\net6.0\fine-code-coverage\coverage-tool-output</ResultsDirectory></Configuration></DataCollector></DataCollectors></DataCollectionRunSettings></RunSettings> and sources System.Collections.Generic.List`1[System.String]: 
TpTrace Verbose: 0 : 30532, 6, 2024/04/25, 17:01:09.247, 5367858283618, vstest.console.dll, DataCollectionRequestSender.SendBeforeTestRunStartAndGetResult: Received message: (DataCollection.SendMessage) -> {"MessageType":"DataCollection.SendMessage","Payload":{"FriendlyName":null,"Uri":null,"TestCaseId":"00000000-0000-0000-0000-000000000000","Message":"Logging DataCollector Diagnostics in file: C:\\Users\\VC\\Desktop\\DAY 12 - 25.04.2024\\ShoppingSolution\\ShoppingBLTest\\bin\\Debug\\net6.0\\fine-code-coverage\\coverage-tool-output\\diagnostics.datacollector.24-04-25_17-01-08_79654_6.log","Level":0}}
TpTrace Verbose: 0 : 30532, 6, 2024/04/25, 17:01:09.362, 5367859433992, vstest.console.dll, DataCollectionRequestSender.SendBeforeTestRunStartAndGetResult: Received message: (DataCollection.BeforeTestRunStartResult) -> {"MessageType":"DataCollection.BeforeTestRunStartResult","Payload":{"EnvironmentVariables":{},"DataCollectionEventsPort":54819}}
TpTrace Information: 0 : 30532, 6, 2024/04/25, 17:01:09.374, 5367859551964, vstest.console.dll, ProxyDataCollectionManager.BeforeTestRunStart: SendBeforeTestRunStartAndGetResult successful, env variable from datacollector:   and testhost port: 54819
TpTrace Information: 0 : 30532, 6, 2024/04/25, 17:01:09.374, 5367859554212, vstest.console.dll, ProxyDataCollectionManager.InvokeDataCollectionServiceAction: Completed.
TpTrace Verbose: 0 : 30532, 6, 2024/04/25, 17:01:09.374, 5367859554916, vstest.console.dll, ParallelProxyExecutionManager.StartTestRunOnConcurrentManager: Initializing test run. Started clients: 0
TpTrace Verbose: 0 : 30532, 6, 2024/04/25, 17:01:09.374, 5367859556411, vstest.console.dll, ProxyExecutionManager: Test host is always Lazy initialize.
TpTrace Verbose: 0 : 30532, 6, 2024/04/25, 17:01:09.375, 5367859560202, vstest.console.dll, TestRequestSender.InitializeCommunication: initialize communication. 
TpTrace Information: 0 : 30532, 6, 2024/04/25, 17:01:09.376, 5367859567726, vstest.console.dll, SocketServer.Start: Listening on endpoint : 127.0.0.1:54820
TpTrace Verbose: 0 : 30532, 6, 2024/04/25, 17:01:09.377, 5367859581925, vstest.console.dll, DotnetTestHostmanager.GetTestHostProcessStartInfo: Platform environment 'X64' target architecture 'X64' framework '.NETCoreApp,Version=v6.0' OS 'Windows'
TpTrace Verbose: 0 : 30532, 6, 2024/04/25, 17:01:09.377, 5367859586197, vstest.console.dll, DotnetTestHostmanager: Adding  --runtimeconfig "C:\Users\VC\Desktop\DAY 12 - 25.04.2024\ShoppingSolution\ShoppingBLTest\bin\Debug\net6.0\fine-code-coverage\build-output\ShoppingBLTest.runtimeconfig.json" in args
TpTrace Verbose: 0 : 30532, 6, 2024/04/25, 17:01:09.378, 5367859587939, vstest.console.dll, DotnetTestHostmanager: Adding  --depsfile "C:\Users\VC\Desktop\DAY 12 - 25.04.2024\ShoppingSolution\ShoppingBLTest\bin\Debug\net6.0\fine-code-coverage\build-output\ShoppingBLTest.deps.json" in args
TpTrace Verbose: 0 : 30532, 6, 2024/04/25, 17:01:09.378, 5367859590709, vstest.console.dll, DotnetTestHostmanager.IsWinOnArm: Current PROCESSOR_ARCHITECTURE from environment variable 'AMD64'
TpTrace Verbose: 0 : 30532, 6, 2024/04/25, 17:01:09.378, 5367859591722, vstest.console.dll, DotnetTestHostmanager.IsWinOnArm: Is Windows on ARM 'False'
TpTrace Verbose: 0 : 30532, 6, 2024/04/25, 17:01:09.378, 5367859593244, vstest.console.dll, DotnetTestHostManager: testhost.exe found at path: C:\Users\VC\Desktop\DAY 12 - 25.04.2024\ShoppingSolution\ShoppingBLTest\bin\Debug\net6.0\fine-code-coverage\build-output\testhost.exe
TpTrace Verbose: 0 : 30532, 6, 2024/04/25, 17:01:09.378, 5367859593954, vstest.console.dll, DotnetTestHostmanager: Full path of host exe is C:\Users\VC\Desktop\DAY 12 - 25.04.2024\ShoppingSolution\ShoppingBLTest\bin\Debug\net6.0\fine-code-coverage\build-output\testhost.exe
TpTrace Verbose: 0 : 30532, 6, 2024/04/25, 17:01:09.378, 5367859596358, vstest.console.dll, DotnetTestHostmanager.LaunchTestHostAsync: Found 'VSTEST_WINAPPHOST_DOTNET_ROOT' in env variables, value 'C:\Program Files\dotnet', forwarding to 'DOTNET_ROOT'
TpTrace Verbose: 0 : 30532, 6, 2024/04/25, 17:01:09.379, 5367859598521, vstest.console.dll, DotnetTestHostManager: Starting process 'C:\Users\VC\Desktop\DAY 12 - 25.04.2024\ShoppingSolution\ShoppingBLTest\bin\Debug\net6.0\fine-code-coverage\build-output\testhost.exe' with command line ' --runtimeconfig "C:\Users\VC\Desktop\DAY 12 - 25.04.2024\ShoppingSolution\ShoppingBLTest\bin\Debug\net6.0\fine-code-coverage\build-output\ShoppingBLTest.runtimeconfig.json" --depsfile "C:\Users\VC\Desktop\DAY 12 - 25.04.2024\ShoppingSolution\ShoppingBLTest\bin\Debug\net6.0\fine-code-coverage\build-output\ShoppingBLTest.deps.json" --port 54820 --endpoint 127.0.0.1:054820 --role client --parentprocessid 30532 --diag "C:\Users\VC\Desktop\DAY 12 - 25.04.2024\ShoppingSolution\ShoppingBLTest\bin\Debug\net6.0\fine-code-coverage\coverage-tool-output\diagnostics.host.24-04-25_17-01-09_37690_6.log" --tracelevel 4 --datacollectionport 54819 --telemetryoptedin false'
TpTrace Verbose: 0 : 30532, 6, 2024/04/25, 17:01:09.389, 5367859701792, vstest.console.dll, MulticastDelegateUtilities.SafeInvoke: HostProviderEvents.OnHostLaunched: Invoking callback 1/2 for Microsoft.VisualStudio.TestPlatform.CrossPlatEngine.Client.ProxyExecutionManagerWithDataCollection., took 1 ms.
TpTrace Verbose: 0 : 30532, 6, 2024/04/25, 17:01:09.390, 5367859707400, vstest.console.dll, Test Runtime launched
TpTrace Verbose: 0 : 30532, 6, 2024/04/25, 17:01:09.390, 5367859708588, vstest.console.dll, MulticastDelegateUtilities.SafeInvoke: HostProviderEvents.OnHostLaunched: Invoking callback 2/2 for Microsoft.VisualStudio.TestPlatform.CrossPlatEngine.Client.ProxyOperationManager., took 0 ms.
TpTrace Verbose: 0 : 30532, 6, 2024/04/25, 17:01:09.390, 5367859711293, vstest.console.dll, TestRequestSender.WaitForRequestHandlerConnection: waiting for connection with timeout: 90000.
TpTrace Verbose: 0 : 30532, 6, 2024/04/25, 17:01:09.682, 5367862628509, vstest.console.dll, TestRequestSender.WaitForRequestHandlerConnection: waiting took 291 ms, with timeout 90000 ms, and result 0, which is success.
TpTrace Verbose: 0 : 30532, 12, 2024/04/25, 17:01:09.682, 5367862628510, vstest.console.dll, MulticastDelegateUtilities.SafeInvoke: SocketServer: ClientConnected: Invoking callback 1/1 for Microsoft.VisualStudio.TestPlatform.CommunicationUtilities.TestRequestSender., took 0 ms.
TpTrace Verbose: 0 : 30532, 12, 2024/04/25, 17:01:09.682, 5367862631617, vstest.console.dll, SocketServer.OnClientConnected: Client connected for endPoint: 127.0.0.1:54820, starting MessageLoopAsync:
TpTrace Verbose: 0 : 30532, 12, 2024/04/25, 17:01:09.683, 5367862641008, vstest.console.dll, TcpClientExtensions.MessageLoopAsync: Polling on remoteEndPoint: 127.0.0.1:54821 localEndPoint: 127.0.0.1:54820 after 0 ms
TpTrace Verbose: 0 : 30532, 6, 2024/04/25, 17:01:09.684, 5367862648885, vstest.console.dll, TestRequestSender.CheckVersionWithTestHost: Sending check version message: {"MessageType":"ProtocolVersion","Payload":7}
TpTrace Verbose: 0 : 30532, 12, 2024/04/25, 17:01:09.874, 5367864551636, vstest.console.dll, TcpClientExtensions.MessageLoopAsync: NotifyDataAvailable remoteEndPoint: 127.0.0.1:54821 localEndPoint: 127.0.0.1:54820
TpTrace Verbose: 0 : 30532, 12, 2024/04/25, 17:01:09.874, 5367864554856, vstest.console.dll, TestRequestSender.CheckVersionWithTestHost: onMessageReceived received message: (ProtocolVersion) -> {"MessageType":"ProtocolVersion","Payload":5}
TpTrace Verbose: 0 : 30532, 12, 2024/04/25, 17:01:09.875, 5367864562328, vstest.console.dll, MulticastDelegateUtilities.SafeInvoke: LengthPrefixCommunicationChannel: MessageReceived: Invoking callback 1/1 for Microsoft.VisualStudio.TestPlatform.CommunicationUtilities.TestRequestSender+<>c__DisplayClass29_0., took 0 ms.
TpTrace Verbose: 0 : 30532, 12, 2024/04/25, 17:01:09.875, 5367864563442, vstest.console.dll, TcpClientExtensions.MessageLoopAsync: Polling on remoteEndPoint: 127.0.0.1:54821 localEndPoint: 127.0.0.1:54820 after 192 ms
TpTrace Verbose: 0 : 30532, 6, 2024/04/25, 17:01:09.875, 5367864563558, vstest.console.dll, TestPluginCache.GetExtensionPaths: Filtered extension paths: 
TpTrace Verbose: 0 : 30532, 6, 2024/04/25, 17:01:09.875, 5367864564759, vstest.console.dll, TestPluginCache.GetExtensionPaths: Added default extension paths: C:\Program Files\dotnet\sdk\8.0.202\Extensions\Microsoft.Diagnostics.NETCore.Client.dll
C:\Program Files\dotnet\sdk\8.0.202\Extensions\Microsoft.TestPlatform.Extensions.BlameDataCollector.dll
C:\Program Files\dotnet\sdk\8.0.202\Extensions\Microsoft.TestPlatform.Extensions.EventLogCollector.dll
C:\Program Files\dotnet\sdk\8.0.202\Extensions\Microsoft.TestPlatform.TestHostRuntimeProvider.dll
C:\Program Files\dotnet\sdk\8.0.202\Extensions\Microsoft.VisualStudio.TestPlatform.Extensions.Html.TestLogger.dll
C:\Program Files\dotnet\sdk\8.0.202\Extensions\Microsoft.VisualStudio.TestPlatform.Extensions.Trx.TestLogger.dll
TpTrace Verbose: 0 : 30532, 6, 2024/04/25, 17:01:09.875, 5367864565985, vstest.console.dll, TestPluginCache.GetExtensionPaths: Added unfilterableExtensionPaths: 
TpTrace Verbose: 0 : 30532, 6, 2024/04/25, 17:01:09.881, 5367864617240, vstest.console.dll, TestRequestSender.InitializeExecution: Sending initialize execution with message: {"Version":5,"MessageType":"TestExecution.Initialize","Payload":["C:\\Users\\VC\\Desktop\\DAY 12 - 25.04.2024\\ShoppingSolution\\ShoppingBLTest\\bin\\Debug\\net6.0\\fine-code-coverage\\build-output\\NUnit3.TestAdapter.dll"]}
TpTrace Verbose: 0 : 30532, 6, 2024/04/25, 17:01:09.881, 5367864620717, vstest.console.dll, ParallelProxyExecutionManager.StartTestRunOnConcurrentManager: Execution starting. Started clients: 1
TpTrace Verbose: 0 : 30532, 6, 2024/04/25, 17:01:09.881, 5367864624798, vstest.console.dll, TestRunRequest:SendTestRunMessage: Starting.
TpTrace Verbose: 0 : 30532, 6, 2024/04/25, 17:01:09.881, 5367864627159, vstest.console.dll, MulticastDelegateUtilities.SafeInvoke: TestRun.LogMessages: Invoking callback 1/1 for Microsoft.VisualStudio.TestPlatform.CommandLine.TestRunResultAggregator., took 0 ms.
TpTrace Information: 0 : 30532, 6, 2024/04/25, 17:01:09.882, 5367864627653, vstest.console.dll, TestRunRequest:SendTestRunMessage: Completed.
TpTrace Verbose: 0 : 30532, 5, 2024/04/25, 17:01:09.882, 5367864630066, vstest.console.dll, MulticastDelegateUtilities.SafeInvoke: InternalTestLoggerEvents.SendTestRunMessage: Invoking callback 1/1 for Microsoft.VisualStudio.TestPlatform.CommandLine.Internal.ConsoleLogger., took 0 ms.
TpTrace Warning: 0 : 30532, 6, 2024/04/25, 17:01:09.882, 5367864632254, vstest.console.dll, InferRunSettingsHelper.MakeRunsettingsCompatible: Removing the following settings: TargetPlatform from RunSettings file. To use those settings please move to latest version of Microsoft.NET.Test.Sdk
TpTrace Verbose: 0 : 30532, 12, 2024/04/25, 17:01:09.885, 5367864666370, vstest.console.dll, TcpClientExtensions.MessageLoopAsync: NotifyDataAvailable remoteEndPoint: 127.0.0.1:54821 localEndPoint: 127.0.0.1:54820
TpTrace Verbose: 0 : 30532, 12, 2024/04/25, 17:01:09.886, 5367864671156, vstest.console.dll, TestRequestSender.OnExecutionMessageReceived: Received message: {"Version":5,"MessageType":"TestSession.Message","Payload":{"MessageLevel":0,"Message":"Logging TestHost Diagnostics in file: C:\\Users\\VC\\Desktop\\DAY 12 - 25.04.2024\\ShoppingSolution\\ShoppingBLTest\\bin\\Debug\\net6.0\\fine-code-coverage\\coverage-tool-output\\diagnostics.host.24-04-25_17-01-09_37690_6.log"}}
TpTrace Verbose: 0 : 30532, 12, 2024/04/25, 17:01:09.889, 5367864700277, vstest.console.dll, TestRunRequest:SendTestRunMessage: Starting.
TpTrace Verbose: 0 : 30532, 12, 2024/04/25, 17:01:09.889, 5367864702189, vstest.console.dll, MulticastDelegateUtilities.SafeInvoke: TestRun.LogMessages: Invoking callback 1/1 for Microsoft.VisualStudio.TestPlatform.CommandLine.TestRunResultAggregator., took 0 ms.
TpTrace Verbose: 0 : 30532, 5, 2024/04/25, 17:01:09.889, 5367864702583, vstest.console.dll, MulticastDelegateUtilities.SafeInvoke: InternalTestLoggerEvents.SendTestRunMessage: Invoking callback 1/1 for Microsoft.VisualStudio.TestPlatform.CommandLine.Internal.ConsoleLogger., took 0 ms.
TpTrace Information: 0 : 30532, 12, 2024/04/25, 17:01:09.889, 5367864703803, vstest.console.dll, TestRunRequest:SendTestRunMessage: Completed.
TpTrace Verbose: 0 : 30532, 12, 2024/04/25, 17:01:09.889, 5367864704609, vstest.console.dll, MulticastDelegateUtilities.SafeInvoke: LengthPrefixCommunicationChannel: MessageReceived: Invoking callback 1/1 for Microsoft.VisualStudio.TestPlatform.CommunicationUtilities.TestRequestSender+<>c__DisplayClass34_0., took 3 ms.
TpTrace Verbose: 0 : 30532, 12, 2024/04/25, 17:01:09.889, 5367864706175, vstest.console.dll, TcpClientExtensions.MessageLoopAsync: Polling on remoteEndPoint: 127.0.0.1:54821 localEndPoint: 127.0.0.1:54820 after 14 ms
TpTrace Verbose: 0 : 30532, 6, 2024/04/25, 17:01:09.890, 5367864715892, vstest.console.dll, TestRequestSender.StartTestRun: Sending test run with message: {"Version":5,"MessageType":"TestExecution.StartWithSources","Payload":{"AdapterSourceMap":{"_none_":["C:\\Users\\VC\\Desktop\\DAY 12 - 25.04.2024\\ShoppingSolution\\ShoppingBLTest\\bin\\Debug\\net6.0\\fine-code-coverage\\build-output\\ShoppingBLTest.dll"]},"RunSettings":"<RunSettings>\r\n  <RunConfiguration>\r\n    <ResultsDirectory>C:\\Users\\VC\\Desktop\\DAY 12 - 25.04.2024\\ShoppingSolution\\ShoppingBLTest\\bin\\Debug\\net6.0\\fine-code-coverage\\coverage-tool-output</ResultsDirectory>\r\n    <TargetFrameworkVersion>.NETCoreApp,Version=v6.0</TargetFrameworkVersion>\r\n    <DesignMode>False</DesignMode>\r\n    <CollectSourceInformation>False</CollectSourceInformation>\r\n  </RunConfiguration>\r\n  <LoggerRunSettings>\r\n    <Loggers>\r\n      <Logger friendlyName=\"blame\" enabled=\"True\" />\r\n      <Logger friendlyName=\"Console\" uri=\"logger://microsoft/TestPlatform/ConsoleLogger/v1\" assemblyQualifiedName=\"Microsoft.VisualStudio.TestPlatform.CommandLine.Internal.ConsoleLogger, vstest.console, Version=15.0.0.0, Culture=neutral, PublicKeyToken=b03f5f7f11d50a3a\" codeBase=\"C:\\Program Files\\dotnet\\sdk\\8.0.202\\vstest.console.dll\" enabled=\"True\" />\r\n    </Loggers>\r\n  </LoggerRunSettings>\r\n  <DataCollectionRunSettings>\r\n    <DataCollectors>\r\n      <DataCollector friendlyName=\"blame\" enabled=\"True\">\r\n        <Configuration>\r\n          <ResultsDirectory>C:\\Users\\VC\\Desktop\\DAY 12 - 25.04.2024\\ShoppingSolution\\ShoppingBLTest\\bin\\Debug\\net6.0\\fine-code-coverage\\coverage-tool-output</ResultsDirectory>\r\n        </Configuration>\r\n      </DataCollector>\r\n    </DataCollectors>\r\n  </DataCollectionRunSettings>\r\n</RunSettings>","TestExecutionContext":{"FrequencyOfRunStatsChangeEvent":10,"RunStatsChangeEventTimeout":"00:00:01.5000000","InIsolation":false,"KeepAlive":false,"AreTestCaseLevelEventsRequired":false,"IsDebug":false,"TestCaseFilter":null,"FilterOptions":null},"Package":null}}
TpTrace Verbose: 0 : 30532, 6, 2024/04/25, 17:01:09.891, 5367864718262, vstest.console.dll, ParallelProxyExecutionManager.StartTestRunOnConcurrentManager: Execution started. Started clients: 1
TpTrace Verbose: 0 : 30532, 12, 2024/04/25, 17:01:10.107, 5367866880843, vstest.console.dll, TcpClientExtensions.MessageLoopAsync: NotifyDataAvailable remoteEndPoint: 127.0.0.1:54821 localEndPoint: 127.0.0.1:54820
TpTrace Verbose: 0 : 30532, 12, 2024/04/25, 17:01:10.107, 5367866883360, vstest.console.dll, TestRequestSender.OnExecutionMessageReceived: Received message: {"Version":5,"MessageType":"TestSession.Message","Payload":{"MessageLevel":0,"Message":"NUnit Adapter 4.2.0.0: Test execution started"}}
TpTrace Verbose: 0 : 30532, 12, 2024/04/25, 17:01:10.107, 5367866886862, vstest.console.dll, TestRunRequest:SendTestRunMessage: Starting.
TpTrace Verbose: 0 : 30532, 12, 2024/04/25, 17:01:10.108, 5367866887898, vstest.console.dll, MulticastDelegateUtilities.SafeInvoke: TestRun.LogMessages: Invoking callback 1/1 for Microsoft.VisualStudio.TestPlatform.CommandLine.TestRunResultAggregator., took 0 ms.
TpTrace Information: 0 : 30532, 12, 2024/04/25, 17:01:10.108, 5367866888319, vstest.console.dll, TestRunRequest:SendTestRunMessage: Completed.
TpTrace Verbose: 0 : 30532, 5, 2024/04/25, 17:01:10.108, 5367866888396, vstest.console.dll, MulticastDelegateUtilities.SafeInvoke: InternalTestLoggerEvents.SendTestRunMessage: Invoking callback 1/1 for Microsoft.VisualStudio.TestPlatform.CommandLine.Internal.ConsoleLogger., took 0 ms.
TpTrace Verbose: 0 : 30532, 12, 2024/04/25, 17:01:10.108, 5367866889628, vstest.console.dll, MulticastDelegateUtilities.SafeInvoke: LengthPrefixCommunicationChannel: MessageReceived: Invoking callback 1/1 for Microsoft.VisualStudio.TestPlatform.CommunicationUtilities.TestRequestSender+<>c__DisplayClass34_0., took 0 ms.
TpTrace Verbose: 0 : 30532, 12, 2024/04/25, 17:01:10.108, 5367866890890, vstest.console.dll, TcpClientExtensions.MessageLoopAsync: Polling on remoteEndPoint: 127.0.0.1:54821 localEndPoint: 127.0.0.1:54820 after 218 ms
TpTrace Verbose: 0 : 30532, 12, 2024/04/25, 17:01:10.151, 5367867324426, vstest.console.dll, TcpClientExtensions.MessageLoopAsync: NotifyDataAvailable remoteEndPoint: 127.0.0.1:54821 localEndPoint: 127.0.0.1:54820
TpTrace Verbose: 0 : 30532, 12, 2024/04/25, 17:01:10.152, 5367867327593, vstest.console.dll, TestRequestSender.OnExecutionMessageReceived: Received message: {"Version":5,"MessageType":"TestSession.Message","Payload":{"MessageLevel":0,"Message":"Running all tests in C:\\Users\\VC\\Desktop\\DAY 12 - 25.04.2024\\ShoppingSolution\\ShoppingBLTest\\bin\\Debug\\net6.0\\fine-code-coverage\\build-output\\ShoppingBLTest.dll"}}
TpTrace Verbose: 0 : 30532, 12, 2024/04/25, 17:01:10.152, 5367867330051, vstest.console.dll, TestRunRequest:SendTestRunMessage: Starting.
TpTrace Verbose: 0 : 30532, 12, 2024/04/25, 17:01:10.152, 5367867331356, vstest.console.dll, MulticastDelegateUtilities.SafeInvoke: TestRun.LogMessages: Invoking callback 1/1 for Microsoft.VisualStudio.TestPlatform.CommandLine.TestRunResultAggregator., took 0 ms.
TpTrace Information: 0 : 30532, 12, 2024/04/25, 17:01:10.152, 5367867332195, vstest.console.dll, TestRunRequest:SendTestRunMessage: Completed.
TpTrace Verbose: 0 : 30532, 5, 2024/04/25, 17:01:10.152, 5367867332447, vstest.console.dll, MulticastDelegateUtilities.SafeInvoke: InternalTestLoggerEvents.SendTestRunMessage: Invoking callback 1/1 for Microsoft.VisualStudio.TestPlatform.CommandLine.Internal.ConsoleLogger., took 0 ms.
TpTrace Verbose: 0 : 30532, 12, 2024/04/25, 17:01:10.152, 5367867334683, vstest.console.dll, MulticastDelegateUtilities.SafeInvoke: LengthPrefixCommunicationChannel: MessageReceived: Invoking callback 1/1 for Microsoft.VisualStudio.TestPlatform.CommunicationUtilities.TestRequestSender+<>c__DisplayClass34_0., took 0 ms.
TpTrace Verbose: 0 : 30532, 12, 2024/04/25, 17:01:10.152, 5367867335673, vstest.console.dll, TcpClientExtensions.MessageLoopAsync: Polling on remoteEndPoint: 127.0.0.1:54821 localEndPoint: 127.0.0.1:54820 after 44 ms
TpTrace Verbose: 0 : 30532, 12, 2024/04/25, 17:01:10.417, 5367869982069, vstest.console.dll, TcpClientExtensions.MessageLoopAsync: NotifyDataAvailable remoteEndPoint: 127.0.0.1:54821 localEndPoint: 127.0.0.1:54820
TpTrace Verbose: 0 : 30532, 12, 2024/04/25, 17:01:10.417, 5367869984400, vstest.console.dll, TestRequestSender.OnExecutionMessageReceived: Received message: {"Version":5,"MessageType":"TestSession.Message","Payload":{"MessageLevel":0,"Message":"   NUnit3TestExecutor discovered 33 of 33 NUnit test cases using Current Discovery mode, Non-Explicit run"}}
TpTrace Verbose: 0 : 30532, 12, 2024/04/25, 17:01:10.417, 5367869986345, vstest.console.dll, TestRunRequest:SendTestRunMessage: Starting.
TpTrace Verbose: 0 : 30532, 12, 2024/04/25, 17:01:10.418, 5367869987339, vstest.console.dll, MulticastDelegateUtilities.SafeInvoke: TestRun.LogMessages: Invoking callback 1/1 for Microsoft.VisualStudio.TestPlatform.CommandLine.TestRunResultAggregator., took 0 ms.
TpTrace Information: 0 : 30532, 12, 2024/04/25, 17:01:10.418, 5367869987830, vstest.console.dll, TestRunRequest:SendTestRunMessage: Completed.
TpTrace Verbose: 0 : 30532, 5, 2024/04/25, 17:01:10.418, 5367869987749, vstest.console.dll, MulticastDelegateUtilities.SafeInvoke: InternalTestLoggerEvents.SendTestRunMessage: Invoking callback 1/1 for Microsoft.VisualStudio.TestPlatform.CommandLine.Internal.ConsoleLogger., took 0 ms.
TpTrace Verbose: 0 : 30532, 12, 2024/04/25, 17:01:10.418, 5367869988377, vstest.console.dll, MulticastDelegateUtilities.SafeInvoke: LengthPrefixCommunicationChannel: MessageReceived: Invoking callback 1/1 for Microsoft.VisualStudio.TestPlatform.CommunicationUtilities.TestRequestSender+<>c__DisplayClass34_0., took 0 ms.
TpTrace Verbose: 0 : 30532, 12, 2024/04/25, 17:01:10.418, 5367869990629, vstest.console.dll, TcpClientExtensions.MessageLoopAsync: Polling on remoteEndPoint: 127.0.0.1:54821 localEndPoint: 127.0.0.1:54820 after 265 ms
TpTrace Verbose: 0 : 30532, 12, 2024/04/25, 17:01:10.608, 5367871893405, vstest.console.dll, TcpClientExtensions.MessageLoopAsync: NotifyDataAvailable remoteEndPoint: 127.0.0.1:54821 localEndPoint: 127.0.0.1:54820
TpTrace Verbose: 0 : 30532, 12, 2024/04/25, 17:01:10.609, 5367871897971, vstest.console.dll, TestRequestSender.OnExecutionMessageReceived: Received message: {"Version":5,"MessageType":"TestExecution.StatsChange","Payload":{"NewTestResults":[{"TestCase":{"Id":"e4321942-315d-6b81-500b-3f4447bae1fa","FullyQualifiedName":"ShoppingBLTest.CartBLTest.AddCartExceptionTest","DisplayName":"AddCartExceptionTest","ExecutorUri":"executor://NUnit3TestExecutor","Source":"C:\\Users\\VC\\Desktop\\DAY 12 - 25.04.2024\\ShoppingSolution\\ShoppingBLTest\\bin\\Debug\\net6.0\\fine-code-coverage\\build-output\\ShoppingBLTest.dll","CodeFilePath":null,"LineNumber":0,"Properties":[{"Key":{"Id":"NUnit.Seed","Label":"Seed","Category":"","Description":"","Attributes":0,"ValueType":"System.String"},"Value":"818843323"}]},"Attachments":[],"Outcome":1,"ErrorMessage":null,"ErrorStackTrace":null,"DisplayName":"AddCartExceptionTest","Messages":[],"ComputerName":"BYQBBX3","Duration":"00:00:00.0260759","StartTime":"2024-04-25T11:31:10.4493333+00:00","EndTime":"2024-04-25T11:31:10.4753159+00:00","Properties":[{"Key":{"Id":"NUnit.Seed","Label":"Seed","Category":"","Description":"","Attributes":0,"ValueType":"System.String"},"Value":"818843323"}]},{"TestCase":{"Id":"599bfd9b-800f-e8d2-cb63-86f28c8e8e0e","FullyQualifiedName":"ShoppingBLTest.CartBLTest.AddCartItemFailTest","DisplayName":"AddCartItemFailTest","ExecutorUri":"executor://NUnit3TestExecutor","Source":"C:\\Users\\VC\\Desktop\\DAY 12 - 25.04.2024\\ShoppingSolution\\ShoppingBLTest\\bin\\Debug\\net6.0\\fine-code-coverage\\build-output\\ShoppingBLTest.dll","CodeFilePath":null,"LineNumber":0,"Properties":[{"Key":{"Id":"NUnit.Seed","Label":"Seed","Category":"","Description":"","Attributes":0,"ValueType":"System.String"},"Value":"1907742952"}]},"Attachments":[],"Outcome":2,"ErrorMessage":"ShoppingModelLibrary.CartException.NoCartWithGivenIdException : Cart with the given Id is not present","ErrorStackTrace":"   at ShoppingDALLibrary.CartRepository.GetByKey(Int32 key) in C:\\Users\\VC\\Desktop\\DAY 12 - 25.04.2024\\ShoppingSolution\\ShoppingDALLibrary\\CartRepository.cs:line 33\r\n   at ShoppingBL.CartBL.AddCartItem(CartItem item) in C:\\Users\\VC\\Desktop\\DAY 12 - 25.04.2024\\ShoppingSolution\\ShoppingBL\\CartBL.cs:line 56\r\n   at ShoppingBLTest.CartBLTest.AddCartItemFailTest() in C:\\Users\\VC\\Desktop\\DAY 12 - 25.04.2024\\ShoppingSolution\\ShoppingBLTest\\CartBLTest.cs:line 86","DisplayName":"AddCartItemFailTest","Messages":[],"ComputerName":"BYQBBX3","Duration":"00:00:00.0182459","StartTime":"2024-04-25T11:31:10.4771804+00:00","EndTime":"2024-04-25T11:31:10.4954267+00:00","Properties":[{"Key":{"Id":"NUnit.Seed","Label":"Seed","Category":"","Description":"","Attributes":0,"ValueType":"System.String"},"Value":"1907742952"}]},{"TestCase":{"Id":"11e15c9c-7aca-8bde-cb2a-3e728c4b01ff","FullyQualifiedName":"ShoppingBLTest.CartBLTest.AddCartItemSuccessTest","DisplayName":"AddCartItemSuccessTest","ExecutorUri":"executor://NUnit3TestExecutor","Source":"C:\\Users\\VC\\Desktop\\DAY 12 - 25.04.2024\\ShoppingSolution\\ShoppingBLTest\\bin\\Debug\\net6.0\\fine-code-coverage\\build-output\\ShoppingBLTest.dll","CodeFilePath":null,"LineNumber":0,"Properties":[{"Key":{"Id":"NUnit.Seed","Label":"Seed","Category":"","Description":"","Attributes":0,"ValueType":"System.String"},"Value":"690856968"}]},"Attachments":[],"Outcome":1,"ErrorMessage":null,"ErrorStackTrace":null,"DisplayName":"AddCartItemSuccessTest","Messages":[],"ComputerName":"BYQBBX3","Duration":"00:00:00.0050440","StartTime":"2024-04-25T11:31:10.4955781+00:00","EndTime":"2024-04-25T11:31:10.5006215+00:00","Properties":[{"Key":{"Id":"NUnit.Seed","Label":"Seed","Category":"","Description":"","Attributes":0,"ValueType":"System.String"},"Value":"690856968"}]},{"TestCase":{"Id":"6215e3d4-a61c-4f14-c615-0077408a4ce7","FullyQualifiedName":"ShoppingBLTest.CartBLTest.CustomerPurchaseExceptionTest","DisplayName":"CustomerPurchaseExceptionTest","ExecutorUri":"executor://NUnit3TestExecutor","Source":"C:\\Users\\VC\\Desktop\\DAY 12 - 25.04.2024\\ShoppingSolution\\ShoppingBLTest\\bin\\Debug\\net6.0\\fine-code-coverage\\build-output\\ShoppingBLTest.dll","CodeFilePath":null,"LineNumber":0,"Properties":[{"Key":{"Id":"NUnit.Seed","Label":"Seed","Category":"","Description":"","Attributes":0,"ValueType":"System.String"},"Value":"483391820"}]},"Attachments":[],"Outcome":1,"ErrorMessage":null,"ErrorStackTrace":null,"DisplayName":"CustomerPurchaseExceptionTest","Messages":[],"ComputerName":"BYQBBX3","Duration":"00:00:00.0006190","StartTime":"2024-04-25T11:31:10.5006524+00:00","EndTime":"2024-04-25T11:31:10.5012708+00:00","Properties":[{"Key":{"Id":"NUnit.Seed","Label":"Seed","Category":"","Description":"","Attributes":0,"ValueType":"System.String"},"Value":"483391820"}]},{"TestCase":{"Id":"2498648d-dc5d-96f4-0152-6052d8326c33","FullyQualifiedName":"ShoppingBLTest.CartBLTest.CustomerPurchaseFailTest","DisplayName":"CustomerPurchaseFailTest","ExecutorUri":"executor://NUnit3TestExecutor","Source":"C:\\Users\\VC\\Desktop\\DAY 12 - 25.04.2024\\ShoppingSolution\\ShoppingBLTest\\bin\\Debug\\net6.0\\fine-code-coverage\\build-output\\ShoppingBLTest.dll","CodeFilePath":null,"LineNumber":0,"Properties":[{"Key":{"Id":"NUnit.Seed","Label":"Seed","Category":"","Description":"","Attributes":0,"ValueType":"System.String"},"Value":"1665506090"}]},"Attachments":[],"Outcome":2,"ErrorMessage":"ShoppingModelLibrary.CartException.NoCartWithGivenIdException : Cart with the given Id is not present","ErrorStackTrace":"   at ShoppingDALLibrary.CartRepository.GetByKey(Int32 key) in C:\\Users\\VC\\Desktop\\DAY 12 - 25.04.2024\\ShoppingSolution\\ShoppingDALLibrary\\CartRepository.cs:line 33\r\n   at ShoppingBL.CartBL.CustomerPurchase(Int32 id) in C:\\Users\\VC\\Desktop\\DAY 12 - 25.04.2024\\ShoppingSolution\\ShoppingBL\\CartBL.cs:line 78\r\n   at ShoppingBLTest.CartBLTest.CustomerPurchaseFailTest() in C:\\Users\\VC\\Desktop\\DAY 12 - 25.04.2024\\ShoppingSolution\\ShoppingBLTest\\CartBLTest.cs:line 115","DisplayName":"CustomerPurchaseFailTest","Messages":[],"ComputerName":"BYQBBX3","Duration":"00:00:00.0008780","StartTime":"2024-04-25T11:31:10.5012858+00:00","EndTime":"2024-04-25T11:31:10.5021639+00:00","Properties":[{"Key":{"Id":"NUnit.Seed","Label":"Seed","Category":"","Description":"","Attributes":0,"ValueType":"System.String"},"Value":"1665506090"}]},{"TestCase":{"Id":"13ec2d96-01ff-e1bc-37a5-21968dd8ecc4","FullyQualifiedName":"ShoppingBLTest.CartBLTest.CustomerPurchaseSuccessTest","DisplayName":"CustomerPurchaseSuccessTest","ExecutorUri":"executor://NUnit3TestExecutor","Source":"C:\\Users\\VC\\Desktop\\DAY 12 - 25.04.2024\\ShoppingSolution\\ShoppingBLTest\\bin\\Debug\\net6.0\\fine-code-coverage\\build-output\\ShoppingBLTest.dll","CodeFilePath":null,"LineNumber":0,"Properties":[{"Key":{"Id":"NUnit.Seed","Label":"Seed","Category":"","Description":"","Attributes":0,"ValueType":"System.String"},"Value":"1129833859"}]},"Attachments":[],"Outcome":1,"ErrorMessage":null,"ErrorStackTrace":null,"DisplayName":"CustomerPurchaseSuccessTest","Messages":[],"ComputerName":"BYQBBX3","Duration":"00:00:00.0005760","StartTime":"2024-04-25T11:31:10.5021813+00:00","EndTime":"2024-04-25T11:31:10.5027574+00:00","Properties":[{"Key":{"Id":"NUnit.Seed","Label":"Seed","Category":"","Description":"","Attributes":0,"ValueType":"System.String"},"Value":"1129833859"}]},{"TestCase":{"Id":"90e842c9-d922-4edf-9987-34ed43d5d0c0","FullyQualifiedName":"ShoppingBLTest.CartBLTest.DeleteCartExceptionTest","DisplayName":"DeleteCartExceptionTest","ExecutorUri":"executor://NUnit3TestExecutor","Source":"C:\\Users\\VC\\Desktop\\DAY 12 - 25.04.2024\\ShoppingSolution\\ShoppingBLTest\\bin\\Debug\\net6.0\\fine-code-coverage\\build-output\\ShoppingBLTest.dll","CodeFilePath":null,"LineNumber":0,"Properties":[{"Key":{"Id":"NUnit.Seed","Label":"Seed","Category":"","Description":"","Attributes":0,"ValueType":"System.String"},"Value":"1024253076"}]},"Attachments":[],"Outcome":1,"ErrorMessage":null,"ErrorStackTrace":null,"DisplayName":"DeleteCartExceptionTest","Messages":[],"ComputerName":"BYQBBX3","Duration":"00:00:00.0004560","StartTime":"2024-04-25T11:31:10.5027718+00:00","EndTime":"2024-04-25T11:31:10.5032276+00:00","Properties":[{"Key":{"Id":"NUnit.Seed","Label":"Seed","Category":"","Description":"","Attributes":0,"ValueType":"System.String"},"Value":"1024253076"}]},{"TestCase":{"Id":"82a818e9-aca6-7a76-a03e-9e640978bb0d","FullyQualifiedName":"ShoppingBLTest.CartBLTest.DeleteCartFailTest","DisplayName":"DeleteCartFailTest","ExecutorUri":"executor://NUnit3TestExecutor","Source":"C:\\Users\\VC\\Desktop\\DAY 12 - 25.04.2024\\ShoppingSolution\\ShoppingBLTest\\bin\\Debug\\net6.0\\fine-code-coverage\\build-output\\ShoppingBLTest.dll","CodeFilePath":null,"LineNumber":0,"Properties":[{"Key":{"Id":"NUnit.Seed","Label":"Seed","Category":"","Description":"","Attributes":0,"ValueType":"System.String"},"Value":"1915566561"}]},"Attachments":[],"Outcome":2,"ErrorMessage":"  Expected: not equal to 101\r\n  But was:  101\r\n","ErrorStackTrace":"   at ShoppingBLTest.CartBLTest.DeleteCartFailTest() in C:\\Users\\VC\\Desktop\\DAY 12 - 25.04.2024\\ShoppingSolution\\ShoppingBLTest\\CartBLTest.cs:line 37\r\n","DisplayName":"DeleteCartFailTest","Messages":[],"ComputerName":"BYQBBX3","Duration":"00:00:00.0304600","StartTime":"2024-04-25T11:31:10.5032402+00:00","EndTime":"2024-04-25T11:31:10.5337001+00:00","Properties":[{"Key":{"Id":"NUnit.Seed","Label":"Seed","Category":"","Description":"","Attributes":0,"ValueType":"System.String"},"Value":"1915566561"}]},{"TestCase":{"Id":"3e8db297-40f1-a7b0-74e9-fedb06727ae1","FullyQualifiedName":"ShoppingBLTest.CartBLTest.DeleteCartSuccessTest","DisplayName":"DeleteCartSuccessTest","ExecutorUri":"executor://NUnit3TestExecutor","Source":"C:\\Users\\VC\\Desktop\\DAY 12 - 25.04.2024\\ShoppingSolution\\ShoppingBLTest\\bin\\Debug\\net6.0\\fine-code-coverage\\build-output\\ShoppingBLTest.dll","CodeFilePath":null,"LineNumber":0,"Properties":[{"Key":{"Id":"NUnit.Seed","Label":"Seed","Category":"","Description":"","Attributes":0,"ValueType":"System.String"},"Value":"772897571"}]},"Attachments":[],"Outcome":1,"ErrorMessage":null,"ErrorStackTrace":null,"DisplayName":"DeleteCartSuccessTest","Messages":[],"ComputerName":"BYQBBX3","Duration":"00:00:00.0002360","StartTime":"2024-04-25T11:31:10.533727+00:00","EndTime":"2024-04-25T11:31:10.5339628+00:00","Properties":[{"Key":{"Id":"NUnit.Seed","Label":"Seed","Category":"","Description":"","Attributes":0,"ValueType":"System.String"},"Value":"772897571"}]}],"TestRunStatistics":{"ExecutedTests":9,"Stats":{"Passed":6,"Failed":3}},"ActiveTests":[{"Id":"26a05232-e6cb-6fe7-c5a1-c05beb746c5d","FullyQualifiedName":"ShoppingBLTest.CartBLTest.GetCartExceptionTest","DisplayName":"GetCartExceptionTest","ExecutorUri":"executor://NUnit3TestExecutor","Source":"C:\\Users\\VC\\Desktop\\DAY 12 - 25.04.2024\\ShoppingSolution\\ShoppingBLTest\\bin\\Debug\\net6.0\\fine-code-coverage\\build-output\\ShoppingBLTest.dll","CodeFilePath":null,"LineNumber":0,"Properties":[{"Key":{"Id":"NUnit.Seed","Label":"Seed","Category":"","Description":"","Attributes":0,"ValueType":"System.String"},"Value":"1570432266"}]}]}}
TpTrace Verbose: 0 : 30532, 12, 2024/04/25, 17:01:10.650, 5367872316651, vstest.console.dll, TestRunRequest:SendTestRunStatsChange: Starting.
TpTrace Verbose: 0 : 30532, 12, 2024/04/25, 17:01:10.651, 5367872319193, vstest.console.dll, InProgress is GetCartExceptionTest
TpTrace Verbose: 0 : 30532, 12, 2024/04/25, 17:01:10.651, 5367872323698, vstest.console.dll, MulticastDelegateUtilities.SafeInvoke: TestRun.RunStatsChanged: Invoking callbacks was skipped because there are no subscribers.
TpTrace Information: 0 : 30532, 12, 2024/04/25, 17:01:10.651, 5367872324883, vstest.console.dll, TestRunRequest:SendTestRunStatsChange: Completed.
TpTrace Verbose: 0 : 30532, 12, 2024/04/25, 17:01:10.651, 5367872326816, vstest.console.dll, MulticastDelegateUtilities.SafeInvoke: LengthPrefixCommunicationChannel: MessageReceived: Invoking callback 1/1 for Microsoft.VisualStudio.TestPlatform.CommunicationUtilities.TestRequestSender+<>c__DisplayClass34_0., took 42 ms.
TpTrace Verbose: 0 : 30532, 12, 2024/04/25, 17:01:10.652, 5367872327981, vstest.console.dll, TcpClientExtensions.MessageLoopAsync: Polling on remoteEndPoint: 127.0.0.1:54821 localEndPoint: 127.0.0.1:54820 after 233 ms
TpTrace Verbose: 0 : 30532, 5, 2024/04/25, 17:01:10.656, 5367872371349, vstest.console.dll, MulticastDelegateUtilities.SafeInvoke: InternalTestLoggerEvents.SendTestResult: Invoking callback 1/1 for Microsoft.VisualStudio.TestPlatform.CommandLine.Internal.ConsoleLogger., took 4 ms.
TpTrace Verbose: 0 : 30532, 5, 2024/04/25, 17:01:10.658, 5367872390630, vstest.console.dll, MulticastDelegateUtilities.SafeInvoke: InternalTestLoggerEvents.SendTestResult: Invoking callback 1/1 for Microsoft.VisualStudio.TestPlatform.CommandLine.Internal.ConsoleLogger., took 1 ms.
TpTrace Verbose: 0 : 30532, 5, 2024/04/25, 17:01:10.658, 5367872393549, vstest.console.dll, MulticastDelegateUtilities.SafeInvoke: InternalTestLoggerEvents.SendTestResult: Invoking callback 1/1 for Microsoft.VisualStudio.TestPlatform.CommandLine.Internal.ConsoleLogger., took 0 ms.
TpTrace Verbose: 0 : 30532, 5, 2024/04/25, 17:01:10.658, 5367872395038, vstest.console.dll, MulticastDelegateUtilities.SafeInvoke: InternalTestLoggerEvents.SendTestResult: Invoking callback 1/1 for Microsoft.VisualStudio.TestPlatform.CommandLine.Internal.ConsoleLogger., took 0 ms.
TpTrace Verbose: 0 : 30532, 5, 2024/04/25, 17:01:10.659, 5367872401011, vstest.console.dll, MulticastDelegateUtilities.SafeInvoke: InternalTestLoggerEvents.SendTestResult: Invoking callback 1/1 for Microsoft.VisualStudio.TestPlatform.CommandLine.Internal.ConsoleLogger., took 0 ms.
TpTrace Verbose: 0 : 30532, 5, 2024/04/25, 17:01:10.659, 5367872403424, vstest.console.dll, MulticastDelegateUtilities.SafeInvoke: InternalTestLoggerEvents.SendTestResult: Invoking callback 1/1 for Microsoft.VisualStudio.TestPlatform.CommandLine.Internal.ConsoleLogger., took 0 ms.
TpTrace Verbose: 0 : 30532, 5, 2024/04/25, 17:01:10.659, 5367872404949, vstest.console.dll, MulticastDelegateUtilities.SafeInvoke: InternalTestLoggerEvents.SendTestResult: Invoking callback 1/1 for Microsoft.VisualStudio.TestPlatform.CommandLine.Internal.ConsoleLogger., took 0 ms.
TpTrace Verbose: 0 : 30532, 5, 2024/04/25, 17:01:10.660, 5367872410714, vstest.console.dll, MulticastDelegateUtilities.SafeInvoke: InternalTestLoggerEvents.SendTestResult: Invoking callback 1/1 for Microsoft.VisualStudio.TestPlatform.CommandLine.Internal.ConsoleLogger., took 0 ms.
TpTrace Verbose: 0 : 30532, 5, 2024/04/25, 17:01:10.660, 5367872412574, vstest.console.dll, MulticastDelegateUtilities.SafeInvoke: InternalTestLoggerEvents.SendTestResult: Invoking callback 1/1 for Microsoft.VisualStudio.TestPlatform.CommandLine.Internal.ConsoleLogger., took 0 ms.
TpTrace Verbose: 0 : 30532, 12, 2024/04/25, 17:01:10.666, 5367872470699, vstest.console.dll, TcpClientExtensions.MessageLoopAsync: NotifyDataAvailable remoteEndPoint: 127.0.0.1:54821 localEndPoint: 127.0.0.1:54820
TpTrace Verbose: 0 : 30532, 12, 2024/04/25, 17:01:10.667, 5367872481547, vstest.console.dll, TestRequestSender.OnExecutionMessageReceived: Received message: {"Version":5,"MessageType":"TestExecution.StatsChange","Payload":{"NewTestResults":[{"TestCase":{"Id":"26a05232-e6cb-6fe7-c5a1-c05beb746c5d","FullyQualifiedName":"ShoppingBLTest.CartBLTest.GetCartExceptionTest","DisplayName":"GetCartExceptionTest","ExecutorUri":"executor://NUnit3TestExecutor","Source":"C:\\Users\\VC\\Desktop\\DAY 12 - 25.04.2024\\ShoppingSolution\\ShoppingBLTest\\bin\\Debug\\net6.0\\fine-code-coverage\\build-output\\ShoppingBLTest.dll","CodeFilePath":null,"LineNumber":0,"Properties":[{"Key":{"Id":"NUnit.Seed","Label":"Seed","Category":"","Description":"","Attributes":0,"ValueType":"System.String"},"Value":"1570432266"}]},"Attachments":[],"Outcome":1,"ErrorMessage":null,"ErrorStackTrace":null,"DisplayName":"GetCartExceptionTest","Messages":[],"ComputerName":"BYQBBX3","Duration":"00:00:00.0004870","StartTime":"2024-04-25T11:31:10.5339736+00:00","EndTime":"2024-04-25T11:31:10.5344598+00:00","Properties":[{"Key":{"Id":"NUnit.Seed","Label":"Seed","Category":"","Description":"","Attributes":0,"ValueType":"System.String"},"Value":"1570432266"}]},{"TestCase":{"Id":"5314f89a-ba38-b9d1-ac56-ae6a55631411","FullyQualifiedName":"ShoppingBLTest.CartBLTest.GetCartFailTest","DisplayName":"GetCartFailTest","ExecutorUri":"executor://NUnit3TestExecutor","Source":"C:\\Users\\VC\\Desktop\\DAY 12 - 25.04.2024\\ShoppingSolution\\ShoppingBLTest\\bin\\Debug\\net6.0\\fine-code-coverage\\build-output\\ShoppingBLTest.dll","CodeFilePath":null,"LineNumber":0,"Properties":[{"Key":{"Id":"NUnit.Seed","Label":"Seed","Category":"","Description":"","Attributes":0,"ValueType":"System.String"},"Value":"831893896"}]},"Attachments":[],"Outcome":2,"ErrorMessage":"ShoppingModelLibrary.CartException.NoCartWithGivenIdException : Cart with the given Id is not present","ErrorStackTrace":"   at ShoppingDALLibrary.CartRepository.GetByKey(Int32 key) in C:\\Users\\VC\\Desktop\\DAY 12 - 25.04.2024\\ShoppingSolution\\ShoppingDALLibrary\\CartRepository.cs:line 33\r\n   at ShoppingBL.CartBL.GetCart(Int32 id) in C:\\Users\\VC\\Desktop\\DAY 12 - 25.04.2024\\ShoppingSolution\\ShoppingBL\\CartBL.cs:line 45\r\n   at ShoppingBLTest.CartBLTest.GetCartFailTest() in C:\\Users\\VC\\Desktop\\DAY 12 - 25.04.2024\\ShoppingSolution\\ShoppingBLTest\\CartBLTest.cs:line 59","DisplayName":"GetCartFailTest","Messages":[],"ComputerName":"BYQBBX3","Duration":"00:00:00.0006200","StartTime":"2024-04-25T11:31:10.5344741+00:00","EndTime":"2024-04-25T11:31:10.535094+00:00","Properties":[{"Key":{"Id":"NUnit.Seed","Label":"Seed","Category":"","Description":"","Attributes":0,"ValueType":"System.String"},"Value":"831893896"}]},{"TestCase":{"Id":"d80917b1-2e82-4184-570e-fa17c439ada6","FullyQualifiedName":"ShoppingBLTest.CartBLTest.GetCartSuccessTest","DisplayName":"GetCartSuccessTest","ExecutorUri":"executor://NUnit3TestExecutor","Source":"C:\\Users\\VC\\Desktop\\DAY 12 - 25.04.2024\\ShoppingSolution\\ShoppingBLTest\\bin\\Debug\\net6.0\\fine-code-coverage\\build-output\\ShoppingBLTest.dll","CodeFilePath":null,"LineNumber":0,"Properties":[{"Key":{"Id":"NUnit.Seed","Label":"Seed","Category":"","Description":"","Attributes":0,"ValueType":"System.String"},"Value":"306898751"}]},"Attachments":[],"Outcome":1,"ErrorMessage":null,"ErrorStackTrace":null,"DisplayName":"GetCartSuccessTest","Messages":[],"ComputerName":"BYQBBX3","Duration":"00:00:00.0001360","StartTime":"2024-04-25T11:31:10.5351104+00:00","EndTime":"2024-04-25T11:31:10.5352468+00:00","Properties":[{"Key":{"Id":"NUnit.Seed","Label":"Seed","Category":"","Description":"","Attributes":0,"ValueType":"System.String"},"Value":"306898751"}]},{"TestCase":{"Id":"8248fc25-b942-368e-3778-c8a8bf81f5f2","FullyQualifiedName":"ShoppingBLTest.CustomerBLTest.DeleteCustomerExceptionTest","DisplayName":"DeleteCustomerExceptionTest","ExecutorUri":"executor://NUnit3TestExecutor","Source":"C:\\Users\\VC\\Desktop\\DAY 12 - 25.04.2024\\ShoppingSolution\\ShoppingBLTest\\bin\\Debug\\net6.0\\fine-code-coverage\\build-output\\ShoppingBLTest.dll","CodeFilePath":null,"LineNumber":0,"Properties":[{"Key":{"Id":"NUnit.Seed","Label":"Seed","Category":"","Description":"","Attributes":0,"ValueType":"System.String"},"Value":"1564835937"}]},"Attachments":[],"Outcome":1,"ErrorMessage":null,"ErrorStackTrace":null,"DisplayName":"DeleteCustomerExceptionTest","Messages":[],"ComputerName":"BYQBBX3","Duration":"00:00:00.0012979","StartTime":"2024-04-25T11:31:10.5374306+00:00","EndTime":"2024-04-25T11:31:10.5387289+00:00","Properties":[{"Key":{"Id":"NUnit.Seed","Label":"Seed","Category":"","Description":"","Attributes":0,"ValueType":"System.String"},"Value":"1564835937"}]},{"TestCase":{"Id":"d6ffadd2-af8d-ccff-4db5-775c14b8f3f2","FullyQualifiedName":"ShoppingBLTest.CustomerBLTest.DeleteCustomerFailTest","DisplayName":"DeleteCustomerFailTest","ExecutorUri":"executor://NUnit3TestExecutor","Source":"C:\\Users\\VC\\Desktop\\DAY 12 - 25.04.2024\\ShoppingSolution\\ShoppingBLTest\\bin\\Debug\\net6.0\\fine-code-coverage\\build-output\\ShoppingBLTest.dll","CodeFilePath":null,"LineNumber":0,"Properties":[{"Key":{"Id":"NUnit.Seed","Label":"Seed","Category":"","Description":"","Attributes":0,"ValueType":"System.String"},"Value":"1274556189"}]},"Attachments":[],"Outcome":1,"ErrorMessage":null,"ErrorStackTrace":null,"DisplayName":"DeleteCustomerFailTest","Messages":[],"ComputerName":"BYQBBX3","Duration":"00:00:00.0003959","StartTime":"2024-04-25T11:31:10.5387512+00:00","EndTime":"2024-04-25T11:31:10.5391475+00:00","Properties":[{"Key":{"Id":"NUnit.Seed","Label":"Seed","Category":"","Description":"","Attributes":0,"ValueType":"System.String"},"Value":"1274556189"}]},{"TestCase":{"Id":"663b42ac-7805-be3f-a609-754b61377d98","FullyQualifiedName":"ShoppingBLTest.CustomerBLTest.DeleteCustomerSuccessTest","DisplayName":"DeleteCustomerSuccessTest","ExecutorUri":"executor://NUnit3TestExecutor","Source":"C:\\Users\\VC\\Desktop\\DAY 12 - 25.04.2024\\ShoppingSolution\\ShoppingBLTest\\bin\\Debug\\net6.0\\fine-code-coverage\\build-output\\ShoppingBLTest.dll","CodeFilePath":null,"LineNumber":0,"Properties":[{"Key":{"Id":"NUnit.Seed","Label":"Seed","Category":"","Description":"","Attributes":0,"ValueType":"System.String"},"Value":"1226998253"}]},"Attachments":[],"Outcome":1,"ErrorMessage":null,"ErrorStackTrace":null,"DisplayName":"DeleteCustomerSuccessTest","Messages":[],"ComputerName":"BYQBBX3","Duration":"00:00:00.0001450","StartTime":"2024-04-25T11:31:10.5391587+00:00","EndTime":"2024-04-25T11:31:10.5393039+00:00","Properties":[{"Key":{"Id":"NUnit.Seed","Label":"Seed","Category":"","Description":"","Attributes":0,"ValueType":"System.String"},"Value":"1226998253"}]},{"TestCase":{"Id":"595dd4c9-e58b-6f5d-6acf-cb45657efed3","FullyQualifiedName":"ShoppingBLTest.CustomerBLTest.GetCustomerExceptionTest","DisplayName":"GetCustomerExceptionTest","ExecutorUri":"executor://NUnit3TestExecutor","Source":"C:\\Users\\VC\\Desktop\\DAY 12 - 25.04.2024\\ShoppingSolution\\ShoppingBLTest\\bin\\Debug\\net6.0\\fine-code-coverage\\build-output\\ShoppingBLTest.dll","CodeFilePath":null,"LineNumber":0,"Properties":[{"Key":{"Id":"NUnit.Seed","Label":"Seed","Category":"","Description":"","Attributes":0,"ValueType":"System.String"},"Value":"641804700"}]},"Attachments":[],"Outcome":1,"ErrorMessage":null,"ErrorStackTrace":null,"DisplayName":"GetCustomerExceptionTest","Messages":[],"ComputerName":"BYQBBX3","Duration":"00:00:00.0003060","StartTime":"2024-04-25T11:31:10.539315+00:00","EndTime":"2024-04-25T11:31:10.539621+00:00","Properties":[{"Key":{"Id":"NUnit.Seed","Label":"Seed","Category":"","Description":"","Attributes":0,"ValueType":"System.String"},"Value":"641804700"}]},{"TestCase":{"Id":"e74064bf-63e0-e95f-7dd3-3848859de0bf","FullyQualifiedName":"ShoppingBLTest.CustomerBLTest.GetCustomerFailTest","DisplayName":"GetCustomerFailTest","ExecutorUri":"executor://NUnit3TestExecutor","Source":"C:\\Users\\VC\\Desktop\\DAY 12 - 25.04.2024\\ShoppingSolution\\ShoppingBLTest\\bin\\Debug\\net6.0\\fine-code-coverage\\build-output\\ShoppingBLTest.dll","CodeFilePath":null,"LineNumber":0,"Properties":[{"Key":{"Id":"NUnit.Seed","Label":"Seed","Category":"","Description":"","Attributes":0,"ValueType":"System.String"},"Value":"98880556"}]},"Attachments":[],"Outcome":2,"ErrorMessage":"ShoppingModelLibrary.CustomerExceptions.NoCustomerWithGiveIdException : Customer with the given Id is not present","ErrorStackTrace":"   at ShoppingDALLibrary.CustomerRepository.GetByKey(Int32 key) in C:\\Users\\VC\\Desktop\\DAY 12 - 25.04.2024\\ShoppingSolution\\ShoppingDALLibrary\\CustomerRepository.cs:line 26\r\n   at ShoppingBL.CustomerBL.GetCustomer(Int32 id) in C:\\Users\\VC\\Desktop\\DAY 12 - 25.04.2024\\ShoppingSolution\\ShoppingBL\\CustomerBL.cs:line 45\r\n   at ShoppingBLTest.CustomerBLTest.GetCustomerFailTest() in C:\\Users\\VC\\Desktop\\DAY 12 - 25.04.2024\\ShoppingSolution\\ShoppingBLTest\\CustomerBLTest.cs:line 60","DisplayName":"GetCustomerFailTest","Messages":[],"ComputerName":"BYQBBX3","Duration":"00:00:00.0007330","StartTime":"2024-04-25T11:31:10.5396311+00:00","EndTime":"2024-04-25T11:31:10.540364+00:00","Properties":[{"Key":{"Id":"NUnit.Seed","Label":"Seed","Category":"","Description":"","Attributes":0,"ValueType":"System.String"},"Value":"98880556"}]},{"TestCase":{"Id":"0a85dccc-f128-a892-b95f-62efe78f66dd","FullyQualifiedName":"ShoppingBLTest.CustomerBLTest.GetCustomerSuccessTest","DisplayName":"GetCustomerSuccessTest","ExecutorUri":"executor://NUnit3TestExecutor","Source":"C:\\Users\\VC\\Desktop\\DAY 12 - 25.04.2024\\ShoppingSolution\\ShoppingBLTest\\bin\\Debug\\net6.0\\fine-code-coverage\\build-output\\ShoppingBLTest.dll","CodeFilePath":null,"LineNumber":0,"Properties":[{"Key":{"Id":"NUnit.Seed","Label":"Seed","Category":"","Description":"","Attributes":0,"ValueType":"System.String"},"Value":"442601503"}]},"Attachments":[],"Outcome":1,"ErrorMessage":null,"ErrorStackTrace":null,"DisplayName":"GetCustomerSuccessTest","Messages":[],"ComputerName":"BYQBBX3","Duration":"00:00:00.0001390","StartTime":"2024-04-25T11:31:10.5403871+00:00","EndTime":"2024-04-25T11:31:10.5405257+00:00","Properties":[{"Key":{"Id":"NUnit.Seed","Label":"Seed","Category":"","Description":"","Attributes":0,"ValueType":"System.String"},"Value":"442601503"}]}],"TestRunStatistics":{"ExecutedTests":18,"Stats":{"Passed":13,"Failed":5}},"ActiveTests":[{"Id":"f81672ab-2210-93d8-a182-a5e45e7da6b7","FullyQualifiedName":"ShoppingBLTest.CustomerBLTest.UpdateCustomerExceptionTest","DisplayName":"UpdateCustomerExceptionTest","ExecutorUri":"executor://NUnit3TestExecutor","Source":"C:\\Users\\VC\\Desktop\\DAY 12 - 25.04.2024\\ShoppingSolution\\ShoppingBLTest\\bin\\Debug\\net6.0\\fine-code-coverage\\build-output\\ShoppingBLTest.dll","CodeFilePath":null,"LineNumber":0,"Properties":[{"Key":{"Id":"NUnit.Seed","Label":"Seed","Category":"","Description":"","Attributes":0,"ValueType":"System.String"},"Value":"1524316807"}]}]}}
TpTrace Verbose: 0 : 30532, 12, 2024/04/25, 17:01:10.671, 5367872525722, vstest.console.dll, TestRunRequest:SendTestRunStatsChange: Starting.
TpTrace Verbose: 0 : 30532, 12, 2024/04/25, 17:01:10.672, 5367872528070, vstest.console.dll, InProgress is UpdateCustomerExceptionTest
TpTrace Verbose: 0 : 30532, 12, 2024/04/25, 17:01:10.672, 5367872530355, vstest.console.dll, MulticastDelegateUtilities.SafeInvoke: TestRun.RunStatsChanged: Invoking callbacks was skipped because there are no subscribers.
TpTrace Verbose: 0 : 30532, 5, 2024/04/25, 17:01:10.672, 5367872531263, vstest.console.dll, MulticastDelegateUtilities.SafeInvoke: InternalTestLoggerEvents.SendTestResult: Invoking callback 1/1 for Microsoft.VisualStudio.TestPlatform.CommandLine.Internal.ConsoleLogger., took 0 ms.
TpTrace Information: 0 : 30532, 12, 2024/04/25, 17:01:10.672, 5367872531410, vstest.console.dll, TestRunRequest:SendTestRunStatsChange: Completed.
TpTrace Verbose: 0 : 30532, 12, 2024/04/25, 17:01:10.672, 5367872533980, vstest.console.dll, MulticastDelegateUtilities.SafeInvoke: LengthPrefixCommunicationChannel: MessageReceived: Invoking callback 1/1 for Microsoft.VisualStudio.TestPlatform.CommunicationUtilities.TestRequestSender+<>c__DisplayClass34_0., took 5 ms.
TpTrace Verbose: 0 : 30532, 12, 2024/04/25, 17:01:10.672, 5367872535044, vstest.console.dll, TcpClientExtensions.MessageLoopAsync: Polling on remoteEndPoint: 127.0.0.1:54821 localEndPoint: 127.0.0.1:54820 after 20 ms
TpTrace Verbose: 0 : 30532, 5, 2024/04/25, 17:01:10.673, 5367872540821, vstest.console.dll, MulticastDelegateUtilities.SafeInvoke: InternalTestLoggerEvents.SendTestResult: Invoking callback 1/1 for Microsoft.VisualStudio.TestPlatform.CommandLine.Internal.ConsoleLogger., took 0 ms.
TpTrace Verbose: 0 : 30532, 5, 2024/04/25, 17:01:10.673, 5367872543242, vstest.console.dll, MulticastDelegateUtilities.SafeInvoke: InternalTestLoggerEvents.SendTestResult: Invoking callback 1/1 for Microsoft.VisualStudio.TestPlatform.CommandLine.Internal.ConsoleLogger., took 0 ms.
TpTrace Verbose: 0 : 30532, 5, 2024/04/25, 17:01:10.673, 5367872544558, vstest.console.dll, MulticastDelegateUtilities.SafeInvoke: InternalTestLoggerEvents.SendTestResult: Invoking callback 1/1 for Microsoft.VisualStudio.TestPlatform.CommandLine.Internal.ConsoleLogger., took 0 ms.
TpTrace Verbose: 0 : 30532, 5, 2024/04/25, 17:01:10.673, 5367872546073, vstest.console.dll, MulticastDelegateUtilities.SafeInvoke: InternalTestLoggerEvents.SendTestResult: Invoking callback 1/1 for Microsoft.VisualStudio.TestPlatform.CommandLine.Internal.ConsoleLogger., took 0 ms.
TpTrace Verbose: 0 : 30532, 5, 2024/04/25, 17:01:10.674, 5367872547293, vstest.console.dll, MulticastDelegateUtilities.SafeInvoke: InternalTestLoggerEvents.SendTestResult: Invoking callback 1/1 for Microsoft.VisualStudio.TestPlatform.CommandLine.Internal.ConsoleLogger., took 0 ms.
TpTrace Verbose: 0 : 30532, 5, 2024/04/25, 17:01:10.674, 5367872548157, vstest.console.dll, MulticastDelegateUtilities.SafeInvoke: InternalTestLoggerEvents.SendTestResult: Invoking callback 1/1 for Microsoft.VisualStudio.TestPlatform.CommandLine.Internal.ConsoleLogger., took 0 ms.
TpTrace Verbose: 0 : 30532, 5, 2024/04/25, 17:01:10.674, 5367872553678, vstest.console.dll, MulticastDelegateUtilities.SafeInvoke: InternalTestLoggerEvents.SendTestResult: Invoking callback 1/1 for Microsoft.VisualStudio.TestPlatform.CommandLine.Internal.ConsoleLogger., took 0 ms.
TpTrace Verbose: 0 : 30532, 5, 2024/04/25, 17:01:10.674, 5367872556967, vstest.console.dll, MulticastDelegateUtilities.SafeInvoke: InternalTestLoggerEvents.SendTestResult: Invoking callback 1/1 for Microsoft.VisualStudio.TestPlatform.CommandLine.Internal.ConsoleLogger., took 0 ms.
TpTrace Verbose: 0 : 30532, 12, 2024/04/25, 17:01:10.715, 5367872959414, vstest.console.dll, TcpClientExtensions.MessageLoopAsync: NotifyDataAvailable remoteEndPoint: 127.0.0.1:54821 localEndPoint: 127.0.0.1:54820
TpTrace Verbose: 0 : 30532, 12, 2024/04/25, 17:01:10.716, 5367872968587, vstest.console.dll, TestRequestSender.OnExecutionMessageReceived: Received message: {"Version":5,"MessageType":"TestExecution.StatsChange","Payload":{"NewTestResults":[{"TestCase":{"Id":"f81672ab-2210-93d8-a182-a5e45e7da6b7","FullyQualifiedName":"ShoppingBLTest.CustomerBLTest.UpdateCustomerExceptionTest","DisplayName":"UpdateCustomerExceptionTest","ExecutorUri":"executor://NUnit3TestExecutor","Source":"C:\\Users\\VC\\Desktop\\DAY 12 - 25.04.2024\\ShoppingSolution\\ShoppingBLTest\\bin\\Debug\\net6.0\\fine-code-coverage\\build-output\\ShoppingBLTest.dll","CodeFilePath":null,"LineNumber":0,"Properties":[{"Key":{"Id":"NUnit.Seed","Label":"Seed","Category":"","Description":"","Attributes":0,"ValueType":"System.String"},"Value":"1524316807"}]},"Attachments":[],"Outcome":1,"ErrorMessage":null,"ErrorStackTrace":null,"DisplayName":"UpdateCustomerExceptionTest","Messages":[],"ComputerName":"BYQBBX3","Duration":"00:00:00.0002830","StartTime":"2024-04-25T11:31:10.5405355+00:00","EndTime":"2024-04-25T11:31:10.5408179+00:00","Properties":[{"Key":{"Id":"NUnit.Seed","Label":"Seed","Category":"","Description":"","Attributes":0,"ValueType":"System.String"},"Value":"1524316807"}]},{"TestCase":{"Id":"8d186c70-6f02-da7a-df14-05b3842301b0","FullyQualifiedName":"ShoppingBLTest.CustomerBLTest.UpdateCustomerFailTest","DisplayName":"UpdateCustomerFailTest","ExecutorUri":"executor://NUnit3TestExecutor","Source":"C:\\Users\\VC\\Desktop\\DAY 12 - 25.04.2024\\ShoppingSolution\\ShoppingBLTest\\bin\\Debug\\net6.0\\fine-code-coverage\\build-output\\ShoppingBLTest.dll","CodeFilePath":null,"LineNumber":0,"Properties":[{"Key":{"Id":"NUnit.Seed","Label":"Seed","Category":"","Description":"","Attributes":0,"ValueType":"System.String"},"Value":"1442916433"}]},"Attachments":[],"Outcome":2,"ErrorMessage":"ShoppingModelLibrary.CustomerExceptions.NoCustomerWithGiveIdException : Customer with the given Id is not present","ErrorStackTrace":"   at ShoppingDALLibrary.CustomerRepository.GetByKey(Int32 key) in C:\\Users\\VC\\Desktop\\DAY 12 - 25.04.2024\\ShoppingSolution\\ShoppingDALLibrary\\CustomerRepository.cs:line 26\r\n   at ShoppingBL.CustomerBL.UpdateCustomerName(Int32 id, String Newname) in C:\\Users\\VC\\Desktop\\DAY 12 - 25.04.2024\\ShoppingSolution\\ShoppingBL\\CustomerBL.cs:line 56\r\n   at ShoppingBLTest.CustomerBLTest.UpdateCustomerFailTest() in C:\\Users\\VC\\Desktop\\DAY 12 - 25.04.2024\\ShoppingSolution\\ShoppingBLTest\\CustomerBLTest.cs:line 83","DisplayName":"UpdateCustomerFailTest","Messages":[],"ComputerName":"BYQBBX3","Duration":"00:00:00.0005570","StartTime":"2024-04-25T11:31:10.540828+00:00","EndTime":"2024-04-25T11:31:10.5413846+00:00","Properties":[{"Key":{"Id":"NUnit.Seed","Label":"Seed","Category":"","Description":"","Attributes":0,"ValueType":"System.String"},"Value":"1442916433"}]},{"TestCase":{"Id":"d5ebe6f8-42e5-7a2c-96e1-62233503e1c2","FullyQualifiedName":"ShoppingBLTest.CustomerBLTest.UpdateCustomerSuccessTest","DisplayName":"UpdateCustomerSuccessTest","ExecutorUri":"executor://NUnit3TestExecutor","Source":"C:\\Users\\VC\\Desktop\\DAY 12 - 25.04.2024\\ShoppingSolution\\ShoppingBLTest\\bin\\Debug\\net6.0\\fine-code-coverage\\build-output\\ShoppingBLTest.dll","CodeFilePath":null,"LineNumber":0,"Properties":[{"Key":{"Id":"NUnit.Seed","Label":"Seed","Category":"","Description":"","Attributes":0,"ValueType":"System.String"},"Value":"191509624"}]},"Attachments":[],"Outcome":1,"ErrorMessage":null,"ErrorStackTrace":null,"DisplayName":"UpdateCustomerSuccessTest","Messages":[],"ComputerName":"BYQBBX3","Duration":"00:00:00.0003610","StartTime":"2024-04-25T11:31:10.5413965+00:00","EndTime":"2024-04-25T11:31:10.5417572+00:00","Properties":[{"Key":{"Id":"NUnit.Seed","Label":"Seed","Category":"","Description":"","Attributes":0,"ValueType":"System.String"},"Value":"191509624"}]},{"TestCase":{"Id":"fde23ba8-5e19-6a17-9044-12cc616fa6fb","FullyQualifiedName":"ShoppingBLTest.ProductBLTest.DeleteProductExceptionTest","DisplayName":"DeleteProductExceptionTest","ExecutorUri":"executor://NUnit3TestExecutor","Source":"C:\\Users\\VC\\Desktop\\DAY 12 - 25.04.2024\\ShoppingSolution\\ShoppingBLTest\\bin\\Debug\\net6.0\\fine-code-coverage\\build-output\\ShoppingBLTest.dll","CodeFilePath":null,"LineNumber":0,"Properties":[{"Key":{"Id":"NUnit.Seed","Label":"Seed","Category":"","Description":"","Attributes":0,"ValueType":"System.String"},"Value":"1242252821"}]},"Attachments":[],"Outcome":1,"ErrorMessage":null,"ErrorStackTrace":null,"DisplayName":"DeleteProductExceptionTest","Messages":[],"ComputerName":"BYQBBX3","Duration":"00:00:00.0010529","StartTime":"2024-04-25T11:31:10.5418854+00:00","EndTime":"2024-04-25T11:31:10.5429381+00:00","Properties":[{"Key":{"Id":"NUnit.Seed","Label":"Seed","Category":"","Description":"","Attributes":0,"ValueType":"System.String"},"Value":"1242252821"}]},{"TestCase":{"Id":"81c9ea53-8cd7-b045-26fa-2fa1191cacad","FullyQualifiedName":"ShoppingBLTest.ProductBLTest.DeleteProductFailTest","DisplayName":"DeleteProductFailTest","ExecutorUri":"executor://NUnit3TestExecutor","Source":"C:\\Users\\VC\\Desktop\\DAY 12 - 25.04.2024\\ShoppingSolution\\ShoppingBLTest\\bin\\Debug\\net6.0\\fine-code-coverage\\build-output\\ShoppingBLTest.dll","CodeFilePath":null,"LineNumber":0,"Properties":[{"Key":{"Id":"NUnit.Seed","Label":"Seed","Category":"","Description":"","Attributes":0,"ValueType":"System.String"},"Value":"43896093"}]},"Attachments":[],"Outcome":2,"ErrorMessage":"ShoppingModelLibrary.ProductExceptions.NoProductWithGivenIDException : Product with the given Id is not present","ErrorStackTrace":"   at ShoppingDALLibrary.ProductRepository.GetByKey(Int32 key) in C:\\Users\\VC\\Desktop\\DAY 12 - 25.04.2024\\ShoppingSolution\\ShoppingDALLibrary\\ProductRepository.cs:line 31\r\n   at ShoppingDALLibrary.ProductRepository.Delete(Int32 key) in C:\\Users\\VC\\Desktop\\DAY 12 - 25.04.2024\\ShoppingSolution\\ShoppingDALLibrary\\ProductRepository.cs:line 16\r\n   at ShoppingBL.ProductBL.deleteProduct(Int32 id) in C:\\Users\\VC\\Desktop\\DAY 12 - 25.04.2024\\ShoppingSolution\\ShoppingBL\\ProductBL.cs:line 29\r\n   at ShoppingBLTest.ProductBLTest.DeleteProductFailTest() in C:\\Users\\VC\\Desktop\\DAY 12 - 25.04.2024\\ShoppingSolution\\ShoppingBLTest\\ProductBLTest.cs:line 32","DisplayName":"DeleteProductFailTest","Messages":[],"ComputerName":"BYQBBX3","Duration":"00:00:00.0006410","StartTime":"2024-04-25T11:31:10.5429509+00:00","EndTime":"2024-04-25T11:31:10.5435912+00:00","Properties":[{"Key":{"Id":"NUnit.Seed","Label":"Seed","Category":"","Description":"","Attributes":0,"ValueType":"System.String"},"Value":"43896093"}]},{"TestCase":{"Id":"8162ef85-527a-eb08-5c66-1f0649dcb9a3","FullyQualifiedName":"ShoppingBLTest.ProductBLTest.DeleteProductSuccessTest","DisplayName":"DeleteProductSuccessTest","ExecutorUri":"executor://NUnit3TestExecutor","Source":"C:\\Users\\VC\\Desktop\\DAY 12 - 25.04.2024\\ShoppingSolution\\ShoppingBLTest\\bin\\Debug\\net6.0\\fine-code-coverage\\build-output\\ShoppingBLTest.dll","CodeFilePath":null,"LineNumber":0,"Properties":[{"Key":{"Id":"NUnit.Seed","Label":"Seed","Category":"","Description":"","Attributes":0,"ValueType":"System.String"},"Value":"445275853"}]},"Attachments":[],"Outcome":1,"ErrorMessage":null,"ErrorStackTrace":null,"DisplayName":"DeleteProductSuccessTest","Messages":[],"ComputerName":"BYQBBX3","Duration":"00:00:00.0001630","StartTime":"2024-04-25T11:31:10.5436034+00:00","EndTime":"2024-04-25T11:31:10.543766+00:00","Properties":[{"Key":{"Id":"NUnit.Seed","Label":"Seed","Category":"","Description":"","Attributes":0,"ValueType":"System.String"},"Value":"445275853"}]},{"TestCase":{"Id":"4151470b-8621-d7b5-4403-39dfeb44c9ec","FullyQualifiedName":"ShoppingBLTest.ProductBLTest.GetAllProductExceptionTest","DisplayName":"GetAllProductExceptionTest","ExecutorUri":"executor://NUnit3TestExecutor","Source":"C:\\Users\\VC\\Desktop\\DAY 12 - 25.04.2024\\ShoppingSolution\\ShoppingBLTest\\bin\\Debug\\net6.0\\fine-code-coverage\\build-output\\ShoppingBLTest.dll","CodeFilePath":null,"LineNumber":0,"Properties":[{"Key":{"Id":"NUnit.Seed","Label":"Seed","Category":"","Description":"","Attributes":0,"ValueType":"System.String"},"Value":"668057893"}]},"Attachments":[],"Outcome":2,"ErrorMessage":"  Expected: <ShoppingModelLibrary.ProductExceptions.NoProductWithGivenIDException>\r\n  But was:  null\r\n","ErrorStackTrace":"   at ShoppingBLTest.ProductBLTest.GetAllProductExceptionTest() in C:\\Users\\VC\\Desktop\\DAY 12 - 25.04.2024\\ShoppingSolution\\ShoppingBLTest\\ProductBLTest.cs:line 109\r\n","DisplayName":"GetAllProductExceptionTest","Messages":[],"ComputerName":"BYQBBX3","Duration":"00:00:00.0027610","StartTime":"2024-04-25T11:31:10.5437762+00:00","EndTime":"2024-04-25T11:31:10.5465365+00:00","Properties":[{"Key":{"Id":"NUnit.Seed","Label":"Seed","Category":"","Description":"","Attributes":0,"ValueType":"System.String"},"Value":"668057893"}]},{"TestCase":{"Id":"6b818c61-b3f4-342d-259f-66119e28506f","FullyQualifiedName":"ShoppingBLTest.ProductBLTest.GetAllProductFailTest","DisplayName":"GetAllProductFailTest","ExecutorUri":"executor://NUnit3TestExecutor","Source":"C:\\Users\\VC\\Desktop\\DAY 12 - 25.04.2024\\ShoppingSolution\\ShoppingBLTest\\bin\\Debug\\net6.0\\fine-code-coverage\\build-output\\ShoppingBLTest.dll","CodeFilePath":null,"LineNumber":0,"Properties":[{"Key":{"Id":"NUnit.Seed","Label":"Seed","Category":"","Description":"","Attributes":0,"ValueType":"System.String"},"Value":"793685486"}]},"Attachments":[],"Outcome":1,"ErrorMessage":null,"ErrorStackTrace":null,"DisplayName":"GetAllProductFailTest","Messages":[],"ComputerName":"BYQBBX3","Duration":"00:00:00.0021620","StartTime":"2024-04-25T11:31:10.5465664+00:00","EndTime":"2024-04-25T11:31:10.5487284+00:00","Properties":[{"Key":{"Id":"NUnit.Seed","Label":"Seed","Category":"","Description":"","Attributes":0,"ValueType":"System.String"},"Value":"793685486"}]},{"TestCase":{"Id":"b0f9805a-27de-0e03-85f2-6099ebd2c5c4","FullyQualifiedName":"ShoppingBLTest.ProductBLTest.GetAllProductSuccessTest","DisplayName":"GetAllProductSuccessTest","ExecutorUri":"executor://NUnit3TestExecutor","Source":"C:\\Users\\VC\\Desktop\\DAY 12 - 25.04.2024\\ShoppingSolution\\ShoppingBLTest\\bin\\Debug\\net6.0\\fine-code-coverage\\build-output\\ShoppingBLTest.dll","CodeFilePath":null,"LineNumber":0,"Properties":[{"Key":{"Id":"NUnit.Seed","Label":"Seed","Category":"","Description":"","Attributes":0,"ValueType":"System.String"},"Value":"319187609"}]},"Attachments":[],"Outcome":1,"ErrorMessage":null,"ErrorStackTrace":null,"DisplayName":"GetAllProductSuccessTest","Messages":[],"ComputerName":"BYQBBX3","Duration":"00:00:00.0003810","StartTime":"2024-04-25T11:31:10.5487506+00:00","EndTime":"2024-04-25T11:31:10.549131+00:00","Properties":[{"Key":{"Id":"NUnit.Seed","Label":"Seed","Category":"","Description":"","Attributes":0,"ValueType":"System.String"},"Value":"319187609"}]}],"TestRunStatistics":{"ExecutedTests":27,"Stats":{"Passed":19,"Failed":8}},"ActiveTests":[{"Id":"3c4423ea-6fc8-2032-84b0-709b70950e08","FullyQualifiedName":"ShoppingBLTest.ProductBLTest.GetProductExceptionTest","DisplayName":"GetProductExceptionTest","ExecutorUri":"executor://NUnit3TestExecutor","Source":"C:\\Users\\VC\\Desktop\\DAY 12 - 25.04.2024\\ShoppingSolution\\ShoppingBLTest\\bin\\Debug\\net6.0\\fine-code-coverage\\build-output\\ShoppingBLTest.dll","CodeFilePath":null,"LineNumber":0,"Properties":[{"Key":{"Id":"NUnit.Seed","Label":"Seed","Category":"","Description":"","Attributes":0,"ValueType":"System.String"},"Value":"1545043037"}]}]}}
TpTrace Verbose: 0 : 30532, 12, 2024/04/25, 17:01:10.719, 5367873000726, vstest.console.dll, TestRunRequest:SendTestRunStatsChange: Starting.
TpTrace Verbose: 0 : 30532, 12, 2024/04/25, 17:01:10.719, 5367873002800, vstest.console.dll, InProgress is GetProductExceptionTest
TpTrace Verbose: 0 : 30532, 12, 2024/04/25, 17:01:10.719, 5367873004956, vstest.console.dll, MulticastDelegateUtilities.SafeInvoke: TestRun.RunStatsChanged: Invoking callbacks was skipped because there are no subscribers.
TpTrace Information: 0 : 30532, 12, 2024/04/25, 17:01:10.719, 5367873006162, vstest.console.dll, TestRunRequest:SendTestRunStatsChange: Completed.
TpTrace Verbose: 0 : 30532, 5, 2024/04/25, 17:01:10.719, 5367873006429, vstest.console.dll, MulticastDelegateUtilities.SafeInvoke: InternalTestLoggerEvents.SendTestResult: Invoking callback 1/1 for Microsoft.VisualStudio.TestPlatform.CommandLine.Internal.ConsoleLogger., took 0 ms.
TpTrace Verbose: 0 : 30532, 12, 2024/04/25, 17:01:10.720, 5367873007319, vstest.console.dll, MulticastDelegateUtilities.SafeInvoke: LengthPrefixCommunicationChannel: MessageReceived: Invoking callback 1/1 for Microsoft.VisualStudio.TestPlatform.CommunicationUtilities.TestRequestSender+<>c__DisplayClass34_0., took 3 ms.
TpTrace Verbose: 0 : 30532, 12, 2024/04/25, 17:01:10.720, 5367873010908, vstest.console.dll, TcpClientExtensions.MessageLoopAsync: Polling on remoteEndPoint: 127.0.0.1:54821 localEndPoint: 127.0.0.1:54820 after 47 ms
TpTrace Verbose: 0 : 30532, 5, 2024/04/25, 17:01:10.721, 5367873018990, vstest.console.dll, MulticastDelegateUtilities.SafeInvoke: InternalTestLoggerEvents.SendTestResult: Invoking callback 1/1 for Microsoft.VisualStudio.TestPlatform.CommandLine.Internal.ConsoleLogger., took 0 ms.
TpTrace Verbose: 0 : 30532, 5, 2024/04/25, 17:01:10.721, 5367873023395, vstest.console.dll, MulticastDelegateUtilities.SafeInvoke: InternalTestLoggerEvents.SendTestResult: Invoking callback 1/1 for Microsoft.VisualStudio.TestPlatform.CommandLine.Internal.ConsoleLogger., took 0 ms.
TpTrace Verbose: 0 : 30532, 5, 2024/04/25, 17:01:10.721, 5367873025451, vstest.console.dll, MulticastDelegateUtilities.SafeInvoke: InternalTestLoggerEvents.SendTestResult: Invoking callback 1/1 for Microsoft.VisualStudio.TestPlatform.CommandLine.Internal.ConsoleLogger., took 0 ms.
TpTrace Verbose: 0 : 30532, 5, 2024/04/25, 17:01:10.722, 5367873032859, vstest.console.dll, MulticastDelegateUtilities.SafeInvoke: InternalTestLoggerEvents.SendTestResult: Invoking callback 1/1 for Microsoft.VisualStudio.TestPlatform.CommandLine.Internal.ConsoleLogger., took 0 ms.
TpTrace Verbose: 0 : 30532, 5, 2024/04/25, 17:01:10.722, 5367873035903, vstest.console.dll, MulticastDelegateUtilities.SafeInvoke: InternalTestLoggerEvents.SendTestResult: Invoking callback 1/1 for Microsoft.VisualStudio.TestPlatform.CommandLine.Internal.ConsoleLogger., took 0 ms.
TpTrace Verbose: 0 : 30532, 5, 2024/04/25, 17:01:10.728, 5367873095529, vstest.console.dll, MulticastDelegateUtilities.SafeInvoke: InternalTestLoggerEvents.SendTestResult: Invoking callback 1/1 for Microsoft.VisualStudio.TestPlatform.CommandLine.Internal.ConsoleLogger., took 5 ms.
TpTrace Verbose: 0 : 30532, 5, 2024/04/25, 17:01:10.729, 5367873100200, vstest.console.dll, MulticastDelegateUtilities.SafeInvoke: InternalTestLoggerEvents.SendTestResult: Invoking callback 1/1 for Microsoft.VisualStudio.TestPlatform.CommandLine.Internal.ConsoleLogger., took 0 ms.
TpTrace Verbose: 0 : 30532, 5, 2024/04/25, 17:01:10.729, 5367873104049, vstest.console.dll, MulticastDelegateUtilities.SafeInvoke: InternalTestLoggerEvents.SendTestResult: Invoking callback 1/1 for Microsoft.VisualStudio.TestPlatform.CommandLine.Internal.ConsoleLogger., took 0 ms.
TpTrace Verbose: 0 : 30532, 12, 2024/04/25, 17:01:10.770, 5367873509905, vstest.console.dll, TcpClientExtensions.MessageLoopAsync: NotifyDataAvailable remoteEndPoint: 127.0.0.1:54821 localEndPoint: 127.0.0.1:54820
TpTrace Verbose: 0 : 30532, 12, 2024/04/25, 17:01:10.770, 5367873512968, vstest.console.dll, TestRequestSender.OnExecutionMessageReceived: Received message: {"Version":5,"MessageType":"TestSession.Message","Payload":{"MessageLevel":0,"Message":"NUnit Adapter 4.2.0.0: Test execution complete"}}
TpTrace Verbose: 0 : 30532, 12, 2024/04/25, 17:01:10.770, 5367873515417, vstest.console.dll, TestRunRequest:SendTestRunMessage: Starting.
TpTrace Verbose: 0 : 30532, 12, 2024/04/25, 17:01:10.770, 5367873516694, vstest.console.dll, MulticastDelegateUtilities.SafeInvoke: TestRun.LogMessages: Invoking callback 1/1 for Microsoft.VisualStudio.TestPlatform.CommandLine.TestRunResultAggregator., took 0 ms.
TpTrace Information: 0 : 30532, 12, 2024/04/25, 17:01:10.771, 5367873517464, vstest.console.dll, TestRunRequest:SendTestRunMessage: Completed.
TpTrace Verbose: 0 : 30532, 5, 2024/04/25, 17:01:10.771, 5367873517719, vstest.console.dll, MulticastDelegateUtilities.SafeInvoke: InternalTestLoggerEvents.SendTestRunMessage: Invoking callback 1/1 for Microsoft.VisualStudio.TestPlatform.CommandLine.Internal.ConsoleLogger., took 0 ms.
TpTrace Verbose: 0 : 30532, 12, 2024/04/25, 17:01:10.771, 5367873518197, vstest.console.dll, MulticastDelegateUtilities.SafeInvoke: LengthPrefixCommunicationChannel: MessageReceived: Invoking callback 1/1 for Microsoft.VisualStudio.TestPlatform.CommunicationUtilities.TestRequestSender+<>c__DisplayClass34_0., took 0 ms.
TpTrace Verbose: 0 : 30532, 12, 2024/04/25, 17:01:10.771, 5367873520686, vstest.console.dll, TcpClientExtensions.MessageLoopAsync: Polling on remoteEndPoint: 127.0.0.1:54821 localEndPoint: 127.0.0.1:54820 after 50 ms
TpTrace Verbose: 0 : 30532, 12, 2024/04/25, 17:01:10.811, 5367873920026, vstest.console.dll, TcpClientExtensions.MessageLoopAsync: NotifyDataAvailable remoteEndPoint: 127.0.0.1:54821 localEndPoint: 127.0.0.1:54820
TpTrace Verbose: 0 : 30532, 12, 2024/04/25, 17:01:10.811, 5367873926678, vstest.console.dll, TestRequestSender.OnExecutionMessageReceived: Received message: {"Version":5,"MessageType":"TestExecution.Completed","Payload":{"TestRunCompleteArgs":{"TestRunStatistics":{"ExecutedTests":33,"Stats":{"Passed":23,"Failed":10}},"IsCanceled":false,"IsAborted":false,"Error":null,"AttachmentSets":[],"ElapsedTimeInRunningTests":"00:00:00.6998959","Metrics":{}},"LastRunTests":{"NewTestResults":[{"TestCase":{"Id":"3c4423ea-6fc8-2032-84b0-709b70950e08","FullyQualifiedName":"ShoppingBLTest.ProductBLTest.GetProductExceptionTest","DisplayName":"GetProductExceptionTest","ExecutorUri":"executor://NUnit3TestExecutor","Source":"C:\\Users\\VC\\Desktop\\DAY 12 - 25.04.2024\\ShoppingSolution\\ShoppingBLTest\\bin\\Debug\\net6.0\\fine-code-coverage\\build-output\\ShoppingBLTest.dll","CodeFilePath":null,"LineNumber":0,"Properties":[{"Key":{"Id":"NUnit.Seed","Label":"Seed","Category":"","Description":"","Attributes":0,"ValueType":"System.String"},"Value":"1545043037"}]},"Attachments":[],"Outcome":1,"ErrorMessage":null,"ErrorStackTrace":null,"DisplayName":"GetProductExceptionTest","Messages":[],"ComputerName":"BYQBBX3","Duration":"00:00:00.0003280","StartTime":"2024-04-25T11:31:10.5491441+00:00","EndTime":"2024-04-25T11:31:10.5494717+00:00","Properties":[{"Key":{"Id":"NUnit.Seed","Label":"Seed","Category":"","Description":"","Attributes":0,"ValueType":"System.String"},"Value":"1545043037"}]},{"TestCase":{"Id":"5ba8d447-de20-72d8-417b-156acb3c90cc","FullyQualifiedName":"ShoppingBLTest.ProductBLTest.GetProductFailTest","DisplayName":"GetProductFailTest","ExecutorUri":"executor://NUnit3TestExecutor","Source":"C:\\Users\\VC\\Desktop\\DAY 12 - 25.04.2024\\ShoppingSolution\\ShoppingBLTest\\bin\\Debug\\net6.0\\fine-code-coverage\\build-output\\ShoppingBLTest.dll","CodeFilePath":null,"LineNumber":0,"Properties":[{"Key":{"Id":"NUnit.Seed","Label":"Seed","Category":"","Description":"","Attributes":0,"ValueType":"System.String"},"Value":"1136363007"}]},"Attachments":[],"Outcome":2,"ErrorMessage":"ShoppingModelLibrary.ProductExceptions.NoProductWithGivenIDException : Product with the given Id is not present","ErrorStackTrace":"   at ShoppingDALLibrary.ProductRepository.GetByKey(Int32 key) in C:\\Users\\VC\\Desktop\\DAY 12 - 25.04.2024\\ShoppingSolution\\ShoppingDALLibrary\\ProductRepository.cs:line 31\r\n   at ShoppingBL.ProductBL.GetProduct(Int32 id) in C:\\Users\\VC\\Desktop\\DAY 12 - 25.04.2024\\ShoppingSolution\\ShoppingBL\\ProductBL.cs:line 51\r\n   at ShoppingBLTest.ProductBLTest.GetProductFailTest() in C:\\Users\\VC\\Desktop\\DAY 12 - 25.04.2024\\ShoppingSolution\\ShoppingBLTest\\ProductBLTest.cs:line 55","DisplayName":"GetProductFailTest","Messages":[],"ComputerName":"BYQBBX3","Duration":"00:00:00.0007630","StartTime":"2024-04-25T11:31:10.5494882+00:00","EndTime":"2024-04-25T11:31:10.5502512+00:00","Properties":[{"Key":{"Id":"NUnit.Seed","Label":"Seed","Category":"","Description":"","Attributes":0,"ValueType":"System.String"},"Value":"1136363007"}]},{"TestCase":{"Id":"0fee2280-a88e-c04e-e82f-4c57bb482228","FullyQualifiedName":"ShoppingBLTest.ProductBLTest.GetProductSuccessTest","DisplayName":"GetProductSuccessTest","ExecutorUri":"executor://NUnit3TestExecutor","Source":"C:\\Users\\VC\\Desktop\\DAY 12 - 25.04.2024\\ShoppingSolution\\ShoppingBLTest\\bin\\Debug\\net6.0\\fine-code-coverage\\build-output\\ShoppingBLTest.dll","CodeFilePath":null,"LineNumber":0,"Properties":[{"Key":{"Id":"NUnit.Seed","Label":"Seed","Category":"","Description":"","Attributes":0,"ValueType":"System.String"},"Value":"1798082262"}]},"Attachments":[],"Outcome":1,"ErrorMessage":null,"ErrorStackTrace":null,"DisplayName":"GetProductSuccessTest","Messages":[],"ComputerName":"BYQBBX3","Duration":"00:00:00.0001720","StartTime":"2024-04-25T11:31:10.5502673+00:00","EndTime":"2024-04-25T11:31:10.5504393+00:00","Properties":[{"Key":{"Id":"NUnit.Seed","Label":"Seed","Category":"","Description":"","Attributes":0,"ValueType":"System.String"},"Value":"1798082262"}]},{"TestCase":{"Id":"f50f2fcb-86d4-2941-8685-e769f617b0a4","FullyQualifiedName":"ShoppingBLTest.ProductBLTest.UpdateProductExceptionTest","DisplayName":"UpdateProductExceptionTest","ExecutorUri":"executor://NUnit3TestExecutor","Source":"C:\\Users\\VC\\Desktop\\DAY 12 - 25.04.2024\\ShoppingSolution\\ShoppingBLTest\\bin\\Debug\\net6.0\\fine-code-coverage\\build-output\\ShoppingBLTest.dll","CodeFilePath":null,"LineNumber":0,"Properties":[{"Key":{"Id":"NUnit.Seed","Label":"Seed","Category":"","Description":"","Attributes":0,"ValueType":"System.String"},"Value":"1597686096"}]},"Attachments":[],"Outcome":1,"ErrorMessage":null,"ErrorStackTrace":null,"DisplayName":"UpdateProductExceptionTest","Messages":[],"ComputerName":"BYQBBX3","Duration":"00:00:00.0006190","StartTime":"2024-04-25T11:31:10.5504501+00:00","EndTime":"2024-04-25T11:31:10.5510693+00:00","Properties":[{"Key":{"Id":"NUnit.Seed","Label":"Seed","Category":"","Description":"","Attributes":0,"ValueType":"System.String"},"Value":"1597686096"}]},{"TestCase":{"Id":"074ee0f0-2035-6a9e-6c66-8923bafaf1f6","FullyQualifiedName":"ShoppingBLTest.ProductBLTest.UpdateProductFailTest","DisplayName":"UpdateProductFailTest","ExecutorUri":"executor://NUnit3TestExecutor","Source":"C:\\Users\\VC\\Desktop\\DAY 12 - 25.04.2024\\ShoppingSolution\\ShoppingBLTest\\bin\\Debug\\net6.0\\fine-code-coverage\\build-output\\ShoppingBLTest.dll","CodeFilePath":null,"LineNumber":0,"Properties":[{"Key":{"Id":"NUnit.Seed","Label":"Seed","Category":"","Description":"","Attributes":0,"ValueType":"System.String"},"Value":"719088493"}]},"Attachments":[],"Outcome":2,"ErrorMessage":"ShoppingModelLibrary.ProductExceptions.NoProductWithGivenIDException : Product with the given Id is not present","ErrorStackTrace":"   at ShoppingDALLibrary.ProductRepository.GetByKey(Int32 key) in C:\\Users\\VC\\Desktop\\DAY 12 - 25.04.2024\\ShoppingSolution\\ShoppingDALLibrary\\ProductRepository.cs:line 31\r\n   at ShoppingBL.ProductBL.UpdateProductName(Int32 id, String Newname) in C:\\Users\\VC\\Desktop\\DAY 12 - 25.04.2024\\ShoppingSolution\\ShoppingBL\\ProductBL.cs:line 62\r\n   at ShoppingBLTest.ProductBLTest.UpdateProductFailTest() in C:\\Users\\VC\\Desktop\\DAY 12 - 25.04.2024\\ShoppingSolution\\ShoppingBLTest\\ProductBLTest.cs:line 78","DisplayName":"UpdateProductFailTest","Messages":[],"ComputerName":"BYQBBX3","Duration":"00:00:00.0007900","StartTime":"2024-04-25T11:31:10.551086+00:00","EndTime":"2024-04-25T11:31:10.5518759+00:00","Properties":[{"Key":{"Id":"NUnit.Seed","Label":"Seed","Category":"","Description":"","Attributes":0,"ValueType":"System.String"},"Value":"719088493"}]},{"TestCase":{"Id":"87e36e8f-a7fb-1956-479f-ce41caa2ec4b","FullyQualifiedName":"ShoppingBLTest.ProductBLTest.UpdateProductSuccessTest","DisplayName":"UpdateProductSuccessTest","ExecutorUri":"executor://NUnit3TestExecutor","Source":"C:\\Users\\VC\\Desktop\\DAY 12 - 25.04.2024\\ShoppingSolution\\ShoppingBLTest\\bin\\Debug\\net6.0\\fine-code-coverage\\build-output\\ShoppingBLTest.dll","CodeFilePath":null,"LineNumber":0,"Properties":[{"Key":{"Id":"NUnit.Seed","Label":"Seed","Category":"","Description":"","Attributes":0,"ValueType":"System.String"},"Value":"856981713"}]},"Attachments":[],"Outcome":1,"ErrorMessage":null,"ErrorStackTrace":null,"DisplayName":"UpdateProductSuccessTest","Messages":[],"ComputerName":"BYQBBX3","Duration":"00:00:00.0004520","StartTime":"2024-04-25T11:31:10.5518905+00:00","EndTime":"2024-04-25T11:31:10.5523423+00:00","Properties":[{"Key":{"Id":"NUnit.Seed","Label":"Seed","Category":"","Description":"","Attributes":0,"ValueType":"System.String"},"Value":"856981713"}]}],"TestRunStatistics":{"ExecutedTests":33,"Stats":{"Passed":23,"Failed":10}},"ActiveTests":[]},"RunAttachments":[],"ExecutorUris":["executor://nunit3testexecutor/"]}}
TpTrace Verbose: 0 : 30532, 12, 2024/04/25, 17:01:10.812, 5367873929890, vstest.console.dll, TestRequestSender.EndSession: Sending end session.
TpTrace Verbose: 0 : 30532, 12, 2024/04/25, 17:01:10.812, 5367873933293, vstest.console.dll, ProxyOperationManager.Close: waiting for test host to exit for 100 ms
TpTrace Verbose: 0 : 30532, 8, 2024/04/25, 17:01:10.878, 5367874590723, vstest.console.dll, TestHostManagerCallbacks.ctor: Experimental forwarding output is disabled.
TpTrace Warning: 0 : 30532, 8, 2024/04/25, 17:01:10.878, 5367874593316, vstest.console.dll, TestHostManagerCallbacks.ErrorReceivedCallback Test host standard error line: 
TpTrace Verbose: 0 : 30532, 8, 2024/04/25, 17:01:10.900, 5367874815603, vstest.console.dll, TestHostProvider.ExitCallBack: Host exited starting callback.
TpTrace Information: 0 : 30532, 8, 2024/04/25, 17:01:10.901, 5367874819028, vstest.console.dll, TestHostManagerCallbacks.ExitCallBack: Testhost processId: 18184 exited with exitcode: 0 error: ''
TpTrace Verbose: 0 : 30532, 8, 2024/04/25, 17:01:10.901, 5367874820050, vstest.console.dll, DotnetTestHostManager.OnHostExited: invoking OnHostExited callback
TpTrace Verbose: 0 : 30532, 8, 2024/04/25, 17:01:10.901, 5367874821309, vstest.console.dll, CrossPlatEngine.TestHostManagerHostExited: calling on client process exit callback.
TpTrace Information: 0 : 30532, 8, 2024/04/25, 17:01:10.901, 5367874823427, vstest.console.dll, TestRequestSender.OnClientProcessExit: Test host process exited. Standard error: 
TpTrace Information: 0 : 30532, 8, 2024/04/25, 17:01:10.901, 5367874824779, vstest.console.dll, SocketServer.Stop: Stop server endPoint: 127.0.0.1:54820
TpTrace Information: 0 : 30532, 12, 2024/04/25, 17:01:10.901, 5367874824684, vstest.console.dll, SocketServer.Stop: Stop server endPoint: 127.0.0.1:54820
TpTrace Information: 0 : 30532, 8, 2024/04/25, 17:01:10.901, 5367874825676, vstest.console.dll, SocketServer.Stop: Cancellation requested. Stopping message loop.
TpTrace Information: 0 : 30532, 12, 2024/04/25, 17:01:10.901, 5367874826871, vstest.console.dll, SocketServer.Stop: Cancellation requested. Stopping message loop.
TpTrace Information: 0 : 30532, 12, 2024/04/25, 17:01:10.902, 5367874830953, vstest.console.dll, Closing the connection
TpTrace Verbose: 0 : 30532, 8, 2024/04/25, 17:01:10.902, 5367874831132, vstest.console.dll, MulticastDelegateUtilities.SafeInvoke: HostProviderEvents.OnHostExited: Invoking callback 1/1 for Microsoft.VisualStudio.TestPlatform.CrossPlatEngine.Client.ProxyOperationManager., took 1 ms.
TpTrace Verbose: 0 : 30532, 12, 2024/04/25, 17:01:10.903, 5367874837557, vstest.console.dll, ProxyDataCollectionManager.InvokeDataCollectionServiceAction: Starting.
TpTrace Information: 0 : 30532, 12, 2024/04/25, 17:01:10.903, 5367874839457, vstest.console.dll, ProxyDataCollectionManager.AfterTestRunEnd: Get attachment set and invoked data collectors processId: 12732 port: 54817
TpTrace Verbose: 0 : 30532, 12, 2024/04/25, 17:01:10.903, 5367874841068, vstest.console.dll, DataCollectionRequestSender.SendAfterTestRunStartAndGetResult: Send AfterTestRunEnd message with isCancelled: False
TpTrace Verbose: 0 : 30532, 12, 2024/04/25, 17:01:10.917, 5367874981756, vstest.console.dll, DataCollectionRequestSender.SendAfterTestRunStartAndGetResult: Received message: (DataCollection.AfterTestRunEndResult) -> {"MessageType":"DataCollection.AfterTestRunEndResult","Payload":{"AttachmentSets":[],"InvokedDataCollectors":[{"Uri":"datacollector://Microsoft/TestPlatform/Extensions/Blame/v1","FriendlyName":"Blame","AssemblyQualifiedName":"Microsoft.TestPlatform.Extensions.BlameDataCollector.BlameCollector, Microsoft.TestPlatform.Extensions.BlameDataCollector, Version=15.0.0.0, Culture=neutral, PublicKeyToken=b03f5f7f11d50a3a","FilePath":"C:\\Program Files\\dotnet\\sdk\\8.0.202\\Extensions\\Microsoft.TestPlatform.Extensions.BlameDataCollector.dll","HasAttachmentProcessor":false}],"Metrics":{}}}
TpTrace Information: 0 : 30532, 12, 2024/04/25, 17:01:10.929, 5367875101184, vstest.console.dll, ProxyDataCollectionManager.InvokeDataCollectionServiceAction: Completed.
TpTrace Warning: 0 : 30532, 11, 2024/04/25, 17:01:10.954, 5367875351718, vstest.console.dll, DataCollectionLauncher.ErrorReceivedCallback datacollector standard error line: 
TpTrace Information: 0 : 30532, 11, 2024/04/25, 17:01:10.971, 5367875522663, vstest.console.dll, DataCollectionLauncher.ExitCallBack: Data collector exited with exitcode: 0 error: ''
TpTrace Verbose: 0 : 30532, 12, 2024/04/25, 17:01:11.012, 5367875929442, vstest.console.dll, TestRunRequest:SendTestRunStatsChange: Starting.
TpTrace Verbose: 0 : 30532, 12, 2024/04/25, 17:01:11.012, 5367875931932, vstest.console.dll, MulticastDelegateUtilities.SafeInvoke: TestRun.RunStatsChanged: Invoking callbacks was skipped because there are no subscribers.
TpTrace Information: 0 : 30532, 12, 2024/04/25, 17:01:11.012, 5367875932720, vstest.console.dll, TestRunRequest:SendTestRunStatsChange: Completed.
TpTrace Verbose: 0 : 30532, 5, 2024/04/25, 17:01:11.012, 5367875933508, vstest.console.dll, MulticastDelegateUtilities.SafeInvoke: InternalTestLoggerEvents.SendTestResult: Invoking callback 1/1 for Microsoft.VisualStudio.TestPlatform.CommandLine.Internal.ConsoleLogger., took 0 ms.
TpTrace Verbose: 0 : 30532, 12, 2024/04/25, 17:01:11.013, 5367875938641, vstest.console.dll, ParallelProxyExecutionManager: HandlePartialRunComplete: Total workloads = 1, Total started clients = 1 Total completed clients = 1, Run complete = True, Run canceled: False.
TpTrace Verbose: 0 : 30532, 12, 2024/04/25, 17:01:11.013, 5367875939908, vstest.console.dll, ParallelProxyExecutionManager: HandlePartialRunComplete: All runs completed stopping all managers.
TpTrace Verbose: 0 : 30532, 12, 2024/04/25, 17:01:11.013, 5367875942436, vstest.console.dll, ParallelOperationManager.StopAllManagers: Stopping all managers.
TpTrace Verbose: 0 : 30532, 5, 2024/04/25, 17:01:11.013, 5367875943313, vstest.console.dll, MulticastDelegateUtilities.SafeInvoke: InternalTestLoggerEvents.SendTestResult: Invoking callback 1/1 for Microsoft.VisualStudio.TestPlatform.CommandLine.Internal.ConsoleLogger., took 0 ms.
TpTrace Verbose: 0 : 30532, 12, 2024/04/25, 17:01:11.013, 5367875944074, vstest.console.dll, ParallelOperationManager.ClearSlots: Clearing all slots. Slots should accept more work: False
TpTrace Verbose: 0 : 30532, 5, 2024/04/25, 17:01:11.013, 5367875946903, vstest.console.dll, MulticastDelegateUtilities.SafeInvoke: InternalTestLoggerEvents.SendTestResult: Invoking callback 1/1 for Microsoft.VisualStudio.TestPlatform.CommandLine.Internal.ConsoleLogger., took 0 ms.
TpTrace Verbose: 0 : 30532, 12, 2024/04/25, 17:01:11.014, 5367875947778, vstest.console.dll, ParallelOperationManager.SetOccupiedSlotCount: Setting slot counts AvailableSlotCount = 1, OccupiedSlotCount = 0.
TpTrace Verbose: 0 : 30532, 12, 2024/04/25, 17:01:11.014, 5367875949401, vstest.console.dll, Occupied slots:

TpTrace Verbose: 0 : 30532, 5, 2024/04/25, 17:01:11.014, 5367875949819, vstest.console.dll, MulticastDelegateUtilities.SafeInvoke: InternalTestLoggerEvents.SendTestResult: Invoking callback 1/1 for Microsoft.VisualStudio.TestPlatform.CommandLine.Internal.ConsoleLogger., took 0 ms.
TpTrace Verbose: 0 : 30532, 5, 2024/04/25, 17:01:11.015, 5367875958352, vstest.console.dll, MulticastDelegateUtilities.SafeInvoke: InternalTestLoggerEvents.SendTestResult: Invoking callback 1/1 for Microsoft.VisualStudio.TestPlatform.CommandLine.Internal.ConsoleLogger., took 0 ms.
TpTrace Verbose: 0 : 30532, 5, 2024/04/25, 17:01:11.015, 5367875962128, vstest.console.dll, MulticastDelegateUtilities.SafeInvoke: InternalTestLoggerEvents.SendTestResult: Invoking callback 1/1 for Microsoft.VisualStudio.TestPlatform.CommandLine.Internal.ConsoleLogger., took 0 ms.
TpTrace Verbose: 0 : 30532, 5, 2024/04/25, 17:01:11.034, 5367876154501, vstest.console.dll, MulticastDelegateUtilities.SafeInvoke: InternalTestLoggerEvents.SendTestRunComplete: Invoking callback 1/2 for Microsoft.TestPlatform.Extensions.BlameDataCollector.BlameLogger., took 0 ms.
TpTrace Verbose: 0 : 30532, 5, 2024/04/25, 17:01:11.048, 5367876289231, vstest.console.dll, MulticastDelegateUtilities.SafeInvoke: InternalTestLoggerEvents.SendTestRunComplete: Invoking callback 2/2 for Microsoft.VisualStudio.TestPlatform.CommandLine.Internal.ConsoleLogger., took 13 ms.
TpTrace Verbose: 0 : 30532, 12, 2024/04/25, 17:01:11.048, 5367876296282, vstest.console.dll, TestRunRequest:TestRunComplete: Starting. IsAborted:False IsCanceled:False.
TpTrace Verbose: 0 : 30532, 12, 2024/04/25, 17:01:11.049, 5367876299924, vstest.console.dll, ParallelOperationManager.DoActionOnAllManagers: Calling an action on all managers.
TpTrace Verbose: 0 : 30532, 12, 2024/04/25, 17:01:11.051, 5367876320918, vstest.console.dll, TestLoggerManager.HandleTestRunComplete: Ignoring as the object is disposed.
TpTrace Verbose: 0 : 30532, 12, 2024/04/25, 17:01:11.051, 5367876324780, vstest.console.dll, MulticastDelegateUtilities.SafeInvoke: TestRun.TestRunComplete: Invoking callback 1/2 for Microsoft.VisualStudio.TestPlatform.CommandLine.TestRunResultAggregator., took 0 ms.
TpTrace Verbose: 0 : 30532, 12, 2024/04/25, 17:01:11.052, 5367876327296, vstest.console.dll, MulticastDelegateUtilities.SafeInvoke: TestRun.TestRunComplete: Invoking callback 2/2 for Microsoft.VisualStudio.TestPlatform.CommandLine.Processors.RunTestsArgumentExecutor+TestRunRequestEventsRegistrar., took 0 ms.
TpTrace Information: 0 : 30532, 12, 2024/04/25, 17:01:11.052, 5367876329488, vstest.console.dll, TestRunRequest:TestRunComplete: Completed.
TpTrace Verbose: 0 : 30532, 12, 2024/04/25, 17:01:11.052, 5367876330433, vstest.console.dll, TestRequestSender.SetOperationComplete: Setting operation complete.
TpTrace Verbose: 0 : 30532, 1, 2024/04/25, 17:01:11.052, 5367876330627, vstest.console.dll, TestRunRequest.Dispose: Starting.
TpTrace Information: 0 : 30532, 12, 2024/04/25, 17:01:11.052, 5367876331372, vstest.console.dll, SocketServer.Stop: Stop server endPoint: 127.0.0.1:54820
TpTrace Information: 0 : 30532, 1, 2024/04/25, 17:01:11.052, 5367876333342, vstest.console.dll, TestRunRequest.Dispose: Completed.
TpTrace Information: 0 : 30532, 12, 2024/04/25, 17:01:11.052, 5367876334919, vstest.console.dll, SocketServer.Stop: Cancellation requested. Stopping message loop.
TpTrace Information: 0 : 30532, 1, 2024/04/25, 17:01:11.052, 5367876336956, vstest.console.dll, TestRequestManager.RunTests: run tests completed.
TpTrace Verbose: 0 : 30532, 12, 2024/04/25, 17:01:11.053, 5367876338844, vstest.console.dll, MulticastDelegateUtilities.SafeInvoke: LengthPrefixCommunicationChannel: MessageReceived: Invoking callback 1/1 for Microsoft.VisualStudio.TestPlatform.CommunicationUtilities.TestRequestSender+<>c__DisplayClass34_0., took 241 ms.
TpTrace Information: 0 : 30532, 1, 2024/04/25, 17:01:11.053, 5367876340782, vstest.console.dll, RunTestsArgumentProcessor:Execute: Test run is completed.
TpTrace Information: 0 : 30532, 12, 2024/04/25, 17:01:11.053, 5367876341645, vstest.console.dll, SocketServer.PrivateStop: Stopping server endPoint: 127.0.0.1:54820 error: 
TpTrace Verbose: 0 : 30532, 1, 2024/04/25, 17:01:11.054, 5367876347775, vstest.console.dll, Executor.Execute: Exiting with exit code of 1
TpTrace Verbose: 0 : 30532, 12, 2024/04/25, 17:01:11.054, 5367876353491, vstest.console.dll, LengthPrefixCommunicationChannel.Dispose: Dispose reader and writer.
TpTrace Information: 0 : 30532, 12, 2024/04/25, 17:01:11.054, 5367876355616, vstest.console.dll, SocketServer.Stop: Raise disconnected event endPoint: 127.0.0.1:54820 error: 
TpTrace Verbose: 0 : 30532, 12, 2024/04/25, 17:01:11.055, 5367876357373, vstest.console.dll, TestRequestSender: OnTestRunAbort: Operation is already complete. Skip error message.
TpTrace Verbose: 0 : 30532, 12, 2024/04/25, 17:01:11.055, 5367876358335, vstest.console.dll, MulticastDelegateUtilities.SafeInvoke: SocketServer: ClientDisconnected: Invoking callback 1/1 for Microsoft.VisualStudio.TestPlatform.CommunicationUtilities.TestRequestSender., took 0 ms.
TpTrace Verbose: 0 : 30532, 12, 2024/04/25, 17:01:11.055, 5367876359347, vstest.console.dll, TcpClientExtensions.MessageLoopAsync: exiting MessageLoopAsync remoteEndPoint: 127.0.0.1:54821 localEndPoint: 127.0.0.1:54820
