TpTrace Verbose: 0 : 20892, 1, 2024/04/24, 21:10:42.738, 4653572783702, testhost.dll, Version: 17.1.0
TpTrace Information: 0 : 20892, 1, 2024/04/24, 21:10:42.744, 4653572836534, testhost.dll, DefaultEngineInvoker.Invoke: Testhost process started with args :[--port, 59208],[--endpoint, 127.0.0.1:059208],[--role, client],[--parentprocessid, 24548],[--diag, C:\Users\VC\Desktop\DAY 11 - 24.04.2024\ShoppingSolution\ShoppingBLTest\bin\Debug\net6.0\fine-code-coverage\coverage-tool-output\diagnostics.host.24-04-24_21-10-42_43811_6.log],[--tracelevel, 4],[--datacollectionport, 59207],[--telemetryoptedin, false]
TpTrace Information: 0 : 20892, 1, 2024/04/24, 21:10:42.748, 4653572877238, testhost.dll, Setting up debug trace listener.
TpTrace Verbose: 0 : 20892, 1, 2024/04/24, 21:10:42.749, 4653572879342, testhost.dll, TestPlatformTraceListener.Setup: Replacing listener 0 with TestHostTraceListener.
TpTrace Verbose: 0 : 20892, 1, 2024/04/24, 21:10:42.749, 4653572879882, testhost.dll, TestPlatformTraceListener.Setup: Added test platform trace listener.
TpTrace Information: 0 : 20892, 1, 2024/04/24, 21:10:42.750, 4653572889441, testhost.dll, DefaultEngineInvoker.SetParentProcessExitCallback: Monitoring parent process with id: '24548'
TpTrace Information: 0 : 20892, 1, 2024/04/24, 21:10:42.758, 4653572972794, testhost.dll, DefaultEngineInvoker.GetConnectionInfo: Initialize communication on endpoint address: '127.0.0.1:059208'
TpTrace Information: 0 : 20892, 1, 2024/04/24, 21:10:42.768, 4653573070172, testhost.dll, SocketClient.Start: connecting to server endpoint: 127.0.0.1:059208
TpTrace Information: 0 : 20892, 1, 2024/04/24, 21:10:42.775, 4653573146260, testhost.dll, DefaultEngineInvoker.ConnectToDatacollector: Connecting to datacollector, port: 59207
TpTrace Information: 0 : 20892, 10, 2024/04/24, 21:10:42.777, 4653573168010, testhost.dll, SocketClient.OnServerConnected: connected to server endpoint: 127.0.0.1:059208
TpTrace Information: 0 : 20892, 1, 2024/04/24, 21:10:42.779, 4653573180112, testhost.dll, Trying to connect to server on socket : 127.0.0.1:59207 
TpTrace Verbose: 0 : 20892, 1, 2024/04/24, 21:10:42.779, 4653573183306, testhost.dll, SocketCommunicationManager : SetupClientAsync : Attempting to connect to the server.
TpTrace Verbose: 0 : 20892, 10, 2024/04/24, 21:10:42.780, 4653573190770, testhost.dll, Connected to server, and starting MessageLoopAsync
TpTrace Information: 0 : 20892, 11, 2024/04/24, 21:10:42.781, 4653573199866, testhost.dll, Connected to the server successfully 
TpTrace Information: 0 : 20892, 11, 2024/04/24, 21:10:42.781, 4653573201392, testhost.dll, Using the buffer size of 16384 bytes
TpTrace Information: 0 : 20892, 1, 2024/04/24, 21:10:42.781, 4653573207364, testhost.dll, DefaultEngineInvoker.Invoke: Start Request Processing.
TpTrace Information: 0 : 20892, 15, 2024/04/24, 21:10:42.782, 4653573216610, testhost.dll, DefaultEngineInvoker.StartProcessingAsync: Connected to vstest.console, Starting process requests.
TpTrace Verbose: 0 : 20892, 12, 2024/04/24, 21:10:42.784, 4653573228790, testhost.dll, TcpClientExtensions.MessageLoopAsync: Polling on remoteEndPoint: [::ffff:127.0.0.1]:59208 localEndPoint: [::ffff:127.0.0.1]:59209
TpTrace Verbose: 0 : 20892, 12, 2024/04/24, 21:10:42.784, 4653573231993, testhost.dll, TcpClientExtensions.MessageLoopAsync: NotifyDataAvailable remoteEndPoint: [::ffff:127.0.0.1]:59208 localEndPoint: [::ffff:127.0.0.1]:59209
TpTrace Information: 0 : 20892, 12, 2024/04/24, 21:10:43.015, 4653575539788, testhost.dll, TestRequestHandler.OnMessageReceived: received message: (ProtocolVersion) -> 7
TpTrace Verbose: 0 : 20892, 12, 2024/04/24, 21:10:43.046, 4653575853804, testhost.dll, TestRequestHandler.SendData:  sending data from testhost: {"Version":5,"MessageType":"TestSession.Message","Payload":{"MessageLevel":0,"Message":"Logging TestHost Diagnostics in file: C:\\Users\\VC\\Desktop\\DAY 11 - 24.04.2024\\ShoppingSolution\\ShoppingBLTest\\bin\\Debug\\net6.0\\fine-code-coverage\\coverage-tool-output\\diagnostics.host.24-04-24_21-10-42_43811_6.log"}}
TpTrace Verbose: 0 : 20892, 12, 2024/04/24, 21:10:43.046, 4653575856322, testhost.dll, TcpClientExtensions.MessageLoopAsync: Polling on remoteEndPoint: [::ffff:127.0.0.1]:59208 localEndPoint: [::ffff:127.0.0.1]:59209
TpTrace Verbose: 0 : 20892, 12, 2024/04/24, 21:10:43.046, 4653575857549, testhost.dll, TcpClientExtensions.MessageLoopAsync: NotifyDataAvailable remoteEndPoint: [::ffff:127.0.0.1]:59208 localEndPoint: [::ffff:127.0.0.1]:59209
TpTrace Information: 0 : 20892, 12, 2024/04/24, 21:10:43.050, 4653575893500, testhost.dll, TestRequestHandler.OnMessageReceived: received message: (TestExecution.Initialize) -> [
  "C:\\Users\\VC\\Desktop\\DAY 11 - 24.04.2024\\ShoppingSolution\\ShoppingBLTest\\bin\\Debug\\net6.0\\fine-code-coverage\\build-output\\NUnit3.TestAdapter.dll"
]
TpTrace Verbose: 0 : 20892, 12, 2024/04/24, 21:10:43.059, 4653575980144, testhost.dll, TcpClientExtensions.MessageLoopAsync: Polling on remoteEndPoint: [::ffff:127.0.0.1]:59208 localEndPoint: [::ffff:127.0.0.1]:59209
TpTrace Verbose: 0 : 20892, 12, 2024/04/24, 21:10:43.059, 4653575981797, testhost.dll, TcpClientExtensions.MessageLoopAsync: NotifyDataAvailable remoteEndPoint: [::ffff:127.0.0.1]:59208 localEndPoint: [::ffff:127.0.0.1]:59209
TpTrace Information: 0 : 20892, 5, 2024/04/24, 21:10:43.059, 4653575988389, testhost.dll, TestRequestHandler.OnMessageReceived: Running job 'TestExecution.Initialize'.
TpTrace Verbose: 0 : 20892, 5, 2024/04/24, 21:10:43.064, 4653576029239, testhost.dll, TestExecutorService: Loading the extensions
TpTrace Information: 0 : 20892, 12, 2024/04/24, 21:10:43.064, 4653576033091, testhost.dll, TestRequestHandler.OnMessageReceived: received message: (TestExecution.StartWithSources) -> {
  "AdapterSourceMap": {
    "_none_": [
      "C:\\Users\\VC\\Desktop\\DAY 11 - 24.04.2024\\ShoppingSolution\\ShoppingBLTest\\bin\\Debug\\net6.0\\fine-code-coverage\\build-output\\ShoppingBLTest.dll"
    ]
  },
  "RunSettings": "<RunSettings>\r\n  <RunConfiguration>\r\n    <ResultsDirectory>C:\\Users\\VC\\Desktop\\DAY 11 - 24.04.2024\\ShoppingSolution\\ShoppingBLTest\\bin\\Debug\\net6.0\\fine-code-coverage\\coverage-tool-output</ResultsDirectory>\r\n    <TargetFrameworkVersion>.NETCoreApp,Version=v6.0</TargetFrameworkVersion>\r\n    <DesignMode>False</DesignMode>\r\n    <CollectSourceInformation>False</CollectSourceInformation>\r\n  </RunConfiguration>\r\n  <LoggerRunSettings>\r\n    <Loggers>\r\n      <Logger friendlyName=\"blame\" enabled=\"True\" />\r\n      <Logger friendlyName=\"Console\" uri=\"logger://microsoft/TestPlatform/ConsoleLogger/v1\" assemblyQualifiedName=\"Microsoft.VisualStudio.TestPlatform.CommandLine.Internal.ConsoleLogger, vstest.console, Version=15.0.0.0, Culture=neutral, PublicKeyToken=b03f5f7f11d50a3a\" codeBase=\"C:\\Program Files\\dotnet\\sdk\\8.0.202\\vstest.console.dll\" enabled=\"True\" />\r\n    </Loggers>\r\n  </LoggerRunSettings>\r\n  <DataCollectionRunSettings>\r\n    <DataCollectors>\r\n      <DataCollector friendlyName=\"blame\" enabled=\"True\">\r\n        <Configuration>\r\n          <ResultsDirectory>C:\\Users\\VC\\Desktop\\DAY 11 - 24.04.2024\\ShoppingSolution\\ShoppingBLTest\\bin\\Debug\\net6.0\\fine-code-coverage\\coverage-tool-output</ResultsDirectory>\r\n        </Configuration>\r\n      </DataCollector>\r\n    </DataCollectors>\r\n  </DataCollectionRunSettings>\r\n</RunSettings>",
  "TestExecutionContext": {
    "FrequencyOfRunStatsChangeEvent": 10,
    "RunStatsChangeEventTimeout": "00:00:01.5000000",
    "InIsolation": false,
    "KeepAlive": false,
    "AreTestCaseLevelEventsRequired": false,
    "IsDebug": false,
    "TestCaseFilter": null,
    "FilterOptions": null
  },
  "Package": null
}
TpTrace Verbose: 0 : 20892, 5, 2024/04/24, 21:10:43.067, 4653576059385, testhost.dll, TestPluginCache.DiscoverTestExtensions: finding test extensions in assemblies ends with: TestAdapter.dll TPluginInfo: Microsoft.VisualStudio.TestPlatform.Common.ExtensionFramework.Utilities.TestExecutorPluginInformation TExtension: Microsoft.VisualStudio.TestPlatform.ObjectModel.Adapter.ITestExecutor
TpTrace Verbose: 0 : 20892, 5, 2024/04/24, 21:10:43.069, 4653576079040, testhost.dll, TestPluginCache.GetExtensionPaths: Filtered extension paths: 
TpTrace Verbose: 0 : 20892, 5, 2024/04/24, 21:10:43.070, 4653576089231, testhost.dll, TestPluginCache.GetExtensionPaths: Added default extension paths: C:\Users\VC\Desktop\DAY 11 - 24.04.2024\ShoppingSolution\ShoppingBLTest\bin\Debug\net6.0\fine-code-coverage\build-output\NUnit3.TestAdapter.dll
TpTrace Verbose: 0 : 20892, 5, 2024/04/24, 21:10:43.070, 4653576090663, testhost.dll, TestPluginCache.GetExtensionPaths: Added unfilterableExtensionPaths: 
TpTrace Information: 0 : 20892, 5, 2024/04/24, 21:10:43.073, 4653576120316, testhost.dll, AssemblyResolver.ctor: Creating AssemblyResolver with searchDirectories C:\Users\VC\Desktop\DAY 11 - 24.04.2024\ShoppingSolution\ShoppingBLTest\bin\Debug\net6.0\fine-code-coverage\build-output
TpTrace Verbose: 0 : 20892, 5, 2024/04/24, 21:10:43.076, 4653576157821, testhost.dll, TestPluginCache.DiscoverTestExtensions: Discovering the extensions using extension path.
TpTrace Verbose: 0 : 20892, 5, 2024/04/24, 21:10:43.077, 4653576160420, testhost.dll, TestPluginCache.GetExtensionPaths: Filtered extension paths: 
TpTrace Verbose: 0 : 20892, 5, 2024/04/24, 21:10:43.077, 4653576162967, testhost.dll, TestPluginCache.GetExtensionPaths: Added default extension paths: C:\Users\VC\Desktop\DAY 11 - 24.04.2024\ShoppingSolution\ShoppingBLTest\bin\Debug\net6.0\fine-code-coverage\build-output\NUnit3.TestAdapter.dll
TpTrace Verbose: 0 : 20892, 5, 2024/04/24, 21:10:43.077, 4653576163816, testhost.dll, TestPluginCache.GetExtensionPaths: Added unfilterableExtensionPaths: 
TpTrace Verbose: 0 : 20892, 5, 2024/04/24, 21:10:43.077, 4653576165317, testhost.dll, TestPluginCache.DiscoverTestExtensions: Discovering the extensions using allExtensionPaths: C:\Users\VC\Desktop\DAY 11 - 24.04.2024\ShoppingSolution\ShoppingBLTest\bin\Debug\net6.0\fine-code-coverage\build-output\NUnit3.TestAdapter.dll
TpTrace Information: 0 : 20892, 5, 2024/04/24, 21:10:43.079, 4653576183744, testhost.dll, AssemblyResolver.AddSearchDirectories: Adding more searchDirectories C:\Users\VC\Desktop\DAY 11 - 24.04.2024\ShoppingSolution\ShoppingBLTest\bin\Debug\net6.0\fine-code-coverage\build-output
TpTrace Information: 0 : 20892, 5, 2024/04/24, 21:10:43.087, 4653576265327, testhost.dll, AssemblyResolver.OnResolve: NUnit3.TestAdapter: Resolving assembly.
TpTrace Information: 0 : 20892, 5, 2024/04/24, 21:10:43.087, 4653576266962, testhost.dll, AssemblyResolver.OnResolve: NUnit3.TestAdapter: Searching in: 'C:\Users\VC\Desktop\DAY 11 - 24.04.2024\ShoppingSolution\ShoppingBLTest\bin\Debug\net6.0\fine-code-coverage\build-output'.
TpTrace Information: 0 : 20892, 5, 2024/04/24, 21:10:43.090, 4653576288682, testhost.dll, AssemblyResolver.OnResolve: NUnit3.TestAdapter: Loading assembly 'C:\Users\VC\Desktop\DAY 11 - 24.04.2024\ShoppingSolution\ShoppingBLTest\bin\Debug\net6.0\fine-code-coverage\build-output\NUnit3.TestAdapter.dll'.
TpTrace Information: 0 : 20892, 5, 2024/04/24, 21:10:43.091, 4653576303833, testhost.dll, AssemblyResolver.OnResolve: Resolved assembly: NUnit3.TestAdapter, from path: C:\Users\VC\Desktop\DAY 11 - 24.04.2024\ShoppingSolution\ShoppingBLTest\bin\Debug\net6.0\fine-code-coverage\build-output\NUnit3.TestAdapter.dll
TpTrace Verbose: 0 : 20892, 12, 2024/04/24, 21:10:43.109, 4653576486415, testhost.dll, TcpClientExtensions.MessageLoopAsync: Polling on remoteEndPoint: [::ffff:127.0.0.1]:59208 localEndPoint: [::ffff:127.0.0.1]:59209
TpTrace Information: 0 : 20892, 5, 2024/04/24, 21:10:43.119, 4653576583007, testhost.dll, AssemblyResolver.OnResolve: nunit.engine.api: Resolving assembly.
TpTrace Information: 0 : 20892, 5, 2024/04/24, 21:10:43.119, 4653576586621, testhost.dll, AssemblyResolver.OnResolve: nunit.engine.api: Searching in: 'C:\Users\VC\Desktop\DAY 11 - 24.04.2024\ShoppingSolution\ShoppingBLTest\bin\Debug\net6.0\fine-code-coverage\build-output'.
TpTrace Information: 0 : 20892, 5, 2024/04/24, 21:10:43.120, 4653576594176, testhost.dll, AssemblyResolver.OnResolve: nunit.engine.api: Loading assembly 'C:\Users\VC\Desktop\DAY 11 - 24.04.2024\ShoppingSolution\ShoppingBLTest\bin\Debug\net6.0\fine-code-coverage\build-output\nunit.engine.api.dll'.
TpTrace Information: 0 : 20892, 5, 2024/04/24, 21:10:43.121, 4653576604600, testhost.dll, AssemblyResolver.OnResolve: Resolved assembly: nunit.engine.api, from path: C:\Users\VC\Desktop\DAY 11 - 24.04.2024\ShoppingSolution\ShoppingBLTest\bin\Debug\net6.0\fine-code-coverage\build-output\nunit.engine.api.dll
TpTrace Verbose: 0 : 20892, 5, 2024/04/24, 21:10:43.138, 4653576770452, testhost.dll, TestPluginCache: Discovered the extensions using extension path ''.
TpTrace Verbose: 0 : 20892, 5, 2024/04/24, 21:10:43.139, 4653576787785, testhost.dll, TestPluginCache: Discoverers are ''.
TpTrace Verbose: 0 : 20892, 5, 2024/04/24, 21:10:43.140, 4653576789810, testhost.dll, TestPluginCache: Executors are 'executor://NUnit3TestExecutor'.
TpTrace Verbose: 0 : 20892, 5, 2024/04/24, 21:10:43.140, 4653576791242, testhost.dll, TestPluginCache: Executors2 are ''.
TpTrace Verbose: 0 : 20892, 5, 2024/04/24, 21:10:43.140, 4653576792347, testhost.dll, TestPluginCache: Setting providers are ''.
TpTrace Verbose: 0 : 20892, 5, 2024/04/24, 21:10:43.140, 4653576793328, testhost.dll, TestPluginCache: Loggers are ''.
TpTrace Verbose: 0 : 20892, 5, 2024/04/24, 21:10:43.147, 4653576858528, testhost.dll, TestPluginCache.DiscoverTestExtensions: finding test extensions in assemblies ends with: TestAdapter.dll TPluginInfo: Microsoft.VisualStudio.TestPlatform.Common.ExtensionFramework.Utilities.TestExecutorPluginInformation2 TExtension: Microsoft.VisualStudio.TestPlatform.ObjectModel.Adapter.ITestExecutor2
TpTrace Verbose: 0 : 20892, 5, 2024/04/24, 21:10:43.147, 4653576863756, testhost.dll, TestPluginCache.GetExtensionPaths: Filtered extension paths: 
TpTrace Verbose: 0 : 20892, 5, 2024/04/24, 21:10:43.147, 4653576864977, testhost.dll, TestPluginCache.GetExtensionPaths: Added default extension paths: C:\Users\VC\Desktop\DAY 11 - 24.04.2024\ShoppingSolution\ShoppingBLTest\bin\Debug\net6.0\fine-code-coverage\build-output\NUnit3.TestAdapter.dll
TpTrace Verbose: 0 : 20892, 5, 2024/04/24, 21:10:43.147, 4653576865642, testhost.dll, TestPluginCache.GetExtensionPaths: Added unfilterableExtensionPaths: 
TpTrace Information: 0 : 20892, 5, 2024/04/24, 21:10:43.148, 4653576869229, testhost.dll, AssemblyResolver.AddSearchDirectories: Adding more searchDirectories C:\Users\VC\Desktop\DAY 11 - 24.04.2024\ShoppingSolution\ShoppingBLTest\bin\Debug\net6.0\fine-code-coverage\build-output
TpTrace Verbose: 0 : 20892, 5, 2024/04/24, 21:10:43.148, 4653576870342, testhost.dll, TestPluginCache.DiscoverTestExtensions: Discovering the extensions using extension path.
TpTrace Verbose: 0 : 20892, 5, 2024/04/24, 21:10:43.148, 4653576871023, testhost.dll, TestPluginCache.GetExtensionPaths: Filtered extension paths: 
TpTrace Verbose: 0 : 20892, 5, 2024/04/24, 21:10:43.148, 4653576871631, testhost.dll, TestPluginCache.GetExtensionPaths: Added default extension paths: C:\Users\VC\Desktop\DAY 11 - 24.04.2024\ShoppingSolution\ShoppingBLTest\bin\Debug\net6.0\fine-code-coverage\build-output\NUnit3.TestAdapter.dll
TpTrace Verbose: 0 : 20892, 5, 2024/04/24, 21:10:43.148, 4653576872590, testhost.dll, TestPluginCache.GetExtensionPaths: Added unfilterableExtensionPaths: 
TpTrace Verbose: 0 : 20892, 5, 2024/04/24, 21:10:43.148, 4653576874761, testhost.dll, TestPluginCache.DiscoverTestExtensions: Discovering the extensions using allExtensionPaths: C:\Users\VC\Desktop\DAY 11 - 24.04.2024\ShoppingSolution\ShoppingBLTest\bin\Debug\net6.0\fine-code-coverage\build-output\NUnit3.TestAdapter.dll
TpTrace Information: 0 : 20892, 5, 2024/04/24, 21:10:43.148, 4653576875731, testhost.dll, AssemblyResolver.AddSearchDirectories: Adding more searchDirectories C:\Users\VC\Desktop\DAY 11 - 24.04.2024\ShoppingSolution\ShoppingBLTest\bin\Debug\net6.0\fine-code-coverage\build-output
TpTrace Verbose: 0 : 20892, 5, 2024/04/24, 21:10:43.149, 4653576882131, testhost.dll, TestPluginCache: Discovered the extensions using extension path ''.
TpTrace Verbose: 0 : 20892, 5, 2024/04/24, 21:10:43.149, 4653576883267, testhost.dll, TestPluginCache: Discoverers are ''.
TpTrace Verbose: 0 : 20892, 5, 2024/04/24, 21:10:43.149, 4653576885362, testhost.dll, TestPluginCache: Executors are 'executor://NUnit3TestExecutor'.
TpTrace Verbose: 0 : 20892, 5, 2024/04/24, 21:10:43.149, 4653576886644, testhost.dll, TestPluginCache: Executors2 are ''.
TpTrace Verbose: 0 : 20892, 5, 2024/04/24, 21:10:43.149, 4653576887305, testhost.dll, TestPluginCache: Setting providers are ''.
TpTrace Verbose: 0 : 20892, 5, 2024/04/24, 21:10:43.149, 4653576887925, testhost.dll, TestPluginCache: Loggers are ''.
TpTrace Information: 0 : 20892, 5, 2024/04/24, 21:10:43.160, 4653576992181, testhost.dll, TestPluginManager.CreateTestExtension: Attempting to load test extension: NUnit.VisualStudio.TestAdapter.NUnit3TestExecutor
TpTrace Verbose: 0 : 20892, 5, 2024/04/24, 21:10:43.161, 4653577005197, testhost.dll, TestExecutorExtensionManager: Loading executor NUnit.VisualStudio.TestAdapter.NUnit3TestExecutor
TpTrace Verbose: 0 : 20892, 5, 2024/04/24, 21:10:43.161, 4653577006515, testhost.dll, TestExecutorService: Loaded the executors
TpTrace Verbose: 0 : 20892, 5, 2024/04/24, 21:10:43.163, 4653577027621, testhost.dll, TestPluginCache.DiscoverTestExtensions: finding test extensions in assemblies ends with: TestAdapter.dll TPluginInfo: Microsoft.VisualStudio.TestPlatform.Common.ExtensionFramework.Utilities.TestSettingsProviderPluginInformation TExtension: Microsoft.VisualStudio.TestPlatform.ObjectModel.Adapter.ISettingsProvider
TpTrace Verbose: 0 : 20892, 5, 2024/04/24, 21:10:43.164, 4653577029609, testhost.dll, TestPluginCache.GetExtensionPaths: Filtered extension paths: 
TpTrace Verbose: 0 : 20892, 5, 2024/04/24, 21:10:43.164, 4653577030463, testhost.dll, TestPluginCache.GetExtensionPaths: Added default extension paths: C:\Users\VC\Desktop\DAY 11 - 24.04.2024\ShoppingSolution\ShoppingBLTest\bin\Debug\net6.0\fine-code-coverage\build-output\NUnit3.TestAdapter.dll
TpTrace Verbose: 0 : 20892, 5, 2024/04/24, 21:10:43.164, 4653577031101, testhost.dll, TestPluginCache.GetExtensionPaths: Added unfilterableExtensionPaths: 
TpTrace Information: 0 : 20892, 5, 2024/04/24, 21:10:43.164, 4653577033658, testhost.dll, AssemblyResolver.AddSearchDirectories: Adding more searchDirectories C:\Users\VC\Desktop\DAY 11 - 24.04.2024\ShoppingSolution\ShoppingBLTest\bin\Debug\net6.0\fine-code-coverage\build-output
TpTrace Verbose: 0 : 20892, 5, 2024/04/24, 21:10:43.164, 4653577034548, testhost.dll, TestPluginCache.DiscoverTestExtensions: Discovering the extensions using extension path.
TpTrace Verbose: 0 : 20892, 5, 2024/04/24, 21:10:43.164, 4653577035207, testhost.dll, TestPluginCache.GetExtensionPaths: Filtered extension paths: 
TpTrace Verbose: 0 : 20892, 5, 2024/04/24, 21:10:43.164, 4653577035817, testhost.dll, TestPluginCache.GetExtensionPaths: Added default extension paths: C:\Users\VC\Desktop\DAY 11 - 24.04.2024\ShoppingSolution\ShoppingBLTest\bin\Debug\net6.0\fine-code-coverage\build-output\NUnit3.TestAdapter.dll
TpTrace Verbose: 0 : 20892, 5, 2024/04/24, 21:10:43.164, 4653577036540, testhost.dll, TestPluginCache.GetExtensionPaths: Added unfilterableExtensionPaths: 
TpTrace Verbose: 0 : 20892, 5, 2024/04/24, 21:10:43.164, 4653577037240, testhost.dll, TestPluginCache.DiscoverTestExtensions: Discovering the extensions using allExtensionPaths: C:\Users\VC\Desktop\DAY 11 - 24.04.2024\ShoppingSolution\ShoppingBLTest\bin\Debug\net6.0\fine-code-coverage\build-output\NUnit3.TestAdapter.dll
TpTrace Information: 0 : 20892, 5, 2024/04/24, 21:10:43.164, 4653577038235, testhost.dll, AssemblyResolver.AddSearchDirectories: Adding more searchDirectories C:\Users\VC\Desktop\DAY 11 - 24.04.2024\ShoppingSolution\ShoppingBLTest\bin\Debug\net6.0\fine-code-coverage\build-output
TpTrace Verbose: 0 : 20892, 5, 2024/04/24, 21:10:43.165, 4653577042786, testhost.dll, TestPluginCache: Discovered the extensions using extension path ''.
TpTrace Verbose: 0 : 20892, 5, 2024/04/24, 21:10:43.165, 4653577043718, testhost.dll, TestPluginCache: Discoverers are ''.
TpTrace Verbose: 0 : 20892, 5, 2024/04/24, 21:10:43.165, 4653577045484, testhost.dll, TestPluginCache: Executors are 'executor://NUnit3TestExecutor'.
TpTrace Verbose: 0 : 20892, 5, 2024/04/24, 21:10:43.165, 4653577046236, testhost.dll, TestPluginCache: Executors2 are ''.
TpTrace Verbose: 0 : 20892, 5, 2024/04/24, 21:10:43.165, 4653577047062, testhost.dll, TestPluginCache: Setting providers are ''.
TpTrace Verbose: 0 : 20892, 5, 2024/04/24, 21:10:43.165, 4653577047743, testhost.dll, TestPluginCache: Loggers are ''.
TpTrace Verbose: 0 : 20892, 5, 2024/04/24, 21:10:43.167, 4653577065167, testhost.dll, TestExecutorService: Loaded the settings providers
TpTrace Information: 0 : 20892, 5, 2024/04/24, 21:10:43.167, 4653577066348, testhost.dll, TestExecutorService: Loaded the extensions
TpTrace Information: 0 : 20892, 5, 2024/04/24, 21:10:43.169, 4653577081133, testhost.dll, TestRequestHandler.OnMessageReceived: Running job 'TestExecution.StartWithSources'.
TpTrace Information: 0 : 20892, 5, 2024/04/24, 21:10:43.348, 4653578869216, testhost.dll, TestDiscoveryManager: Discovering tests from sources C:\Users\VC\Desktop\DAY 11 - 24.04.2024\ShoppingSolution\ShoppingBLTest\bin\Debug\net6.0\fine-code-coverage\build-output\ShoppingBLTest.dll
TpTrace Verbose: 0 : 20892, 5, 2024/04/24, 21:10:43.350, 4653578896326, testhost.dll, TestPluginCache.DiscoverTestExtensions: finding test extensions in assemblies ends with: TestAdapter.dll TPluginInfo: Microsoft.VisualStudio.TestPlatform.Common.ExtensionFramework.Utilities.TestDiscovererPluginInformation TExtension: Microsoft.VisualStudio.TestPlatform.ObjectModel.Adapter.ITestDiscoverer
TpTrace Verbose: 0 : 20892, 5, 2024/04/24, 21:10:43.350, 4653578897616, testhost.dll, TestPluginCache.GetExtensionPaths: Filtered extension paths: 
TpTrace Verbose: 0 : 20892, 5, 2024/04/24, 21:10:43.350, 4653578897980, testhost.dll, TestPluginCache.GetExtensionPaths: Added default extension paths: C:\Users\VC\Desktop\DAY 11 - 24.04.2024\ShoppingSolution\ShoppingBLTest\bin\Debug\net6.0\fine-code-coverage\build-output\NUnit3.TestAdapter.dll
TpTrace Verbose: 0 : 20892, 5, 2024/04/24, 21:10:43.350, 4653578898248, testhost.dll, TestPluginCache.GetExtensionPaths: Added unfilterableExtensionPaths: 
TpTrace Information: 0 : 20892, 5, 2024/04/24, 21:10:43.351, 4653578899474, testhost.dll, AssemblyResolver.AddSearchDirectories: Adding more searchDirectories C:\Users\VC\Desktop\DAY 11 - 24.04.2024\ShoppingSolution\ShoppingBLTest\bin\Debug\net6.0\fine-code-coverage\build-output
TpTrace Verbose: 0 : 20892, 5, 2024/04/24, 21:10:43.351, 4653578899882, testhost.dll, TestPluginCache.DiscoverTestExtensions: Discovering the extensions using extension path.
TpTrace Verbose: 0 : 20892, 5, 2024/04/24, 21:10:43.351, 4653578900193, testhost.dll, TestPluginCache.GetExtensionPaths: Filtered extension paths: 
TpTrace Verbose: 0 : 20892, 5, 2024/04/24, 21:10:43.351, 4653578900499, testhost.dll, TestPluginCache.GetExtensionPaths: Added default extension paths: C:\Users\VC\Desktop\DAY 11 - 24.04.2024\ShoppingSolution\ShoppingBLTest\bin\Debug\net6.0\fine-code-coverage\build-output\NUnit3.TestAdapter.dll
TpTrace Verbose: 0 : 20892, 5, 2024/04/24, 21:10:43.351, 4653578900755, testhost.dll, TestPluginCache.GetExtensionPaths: Added unfilterableExtensionPaths: 
TpTrace Verbose: 0 : 20892, 5, 2024/04/24, 21:10:43.351, 4653578901019, testhost.dll, TestPluginCache.DiscoverTestExtensions: Discovering the extensions using allExtensionPaths: C:\Users\VC\Desktop\DAY 11 - 24.04.2024\ShoppingSolution\ShoppingBLTest\bin\Debug\net6.0\fine-code-coverage\build-output\NUnit3.TestAdapter.dll
TpTrace Information: 0 : 20892, 5, 2024/04/24, 21:10:43.351, 4653578901364, testhost.dll, AssemblyResolver.AddSearchDirectories: Adding more searchDirectories C:\Users\VC\Desktop\DAY 11 - 24.04.2024\ShoppingSolution\ShoppingBLTest\bin\Debug\net6.0\fine-code-coverage\build-output
TpTrace Verbose: 0 : 20892, 5, 2024/04/24, 21:10:43.353, 4653578928050, testhost.dll, TestPluginCache: Discovered the extensions using extension path ''.
TpTrace Verbose: 0 : 20892, 5, 2024/04/24, 21:10:43.354, 4653578929451, testhost.dll, TestPluginCache: Discoverers are 'NUnit.VisualStudio.TestAdapter.NUnit3TestDiscoverer, NUnit3.TestAdapter, Version=4.2.0.0, Culture=neutral, PublicKeyToken=4cb40d35494691ac'.
TpTrace Verbose: 0 : 20892, 5, 2024/04/24, 21:10:43.354, 4653578930848, testhost.dll, TestPluginCache: Executors are 'executor://NUnit3TestExecutor'.
TpTrace Verbose: 0 : 20892, 5, 2024/04/24, 21:10:43.354, 4653578931455, testhost.dll, TestPluginCache: Executors2 are ''.
TpTrace Verbose: 0 : 20892, 5, 2024/04/24, 21:10:43.354, 4653578931876, testhost.dll, TestPluginCache: Setting providers are ''.
TpTrace Verbose: 0 : 20892, 5, 2024/04/24, 21:10:43.354, 4653578932258, testhost.dll, TestPluginCache: Loggers are ''.
TpTrace Information: 0 : 20892, 5, 2024/04/24, 21:10:43.362, 4653579010016, testhost.dll, PEReaderHelper.GetAssemblyType: Determined assemblyType:'Managed' for source: 'C:\Users\VC\Desktop\DAY 11 - 24.04.2024\ShoppingSolution\ShoppingBLTest\bin\Debug\net6.0\fine-code-coverage\build-output\ShoppingBLTest.dll'
TpTrace Verbose: 0 : 20892, 5, 2024/04/24, 21:10:43.367, 4653579063364, testhost.dll, BaseRunTests.RunTestInternalWithExecutors: Running tests for executor://NUnit3TestExecutor
TpTrace Information: 0 : 20892, 5, 2024/04/24, 21:10:43.370, 4653579094827, testhost.dll, AssemblyResolver.OnResolve: nunit.engine.core: Resolving assembly.
TpTrace Information: 0 : 20892, 5, 2024/04/24, 21:10:43.370, 4653579096015, testhost.dll, AssemblyResolver.OnResolve: nunit.engine.core: Searching in: 'C:\Users\VC\Desktop\DAY 11 - 24.04.2024\ShoppingSolution\ShoppingBLTest\bin\Debug\net6.0\fine-code-coverage\build-output'.
TpTrace Information: 0 : 20892, 5, 2024/04/24, 21:10:43.371, 4653579098597, testhost.dll, AssemblyResolver.OnResolve: nunit.engine.core: Loading assembly 'C:\Users\VC\Desktop\DAY 11 - 24.04.2024\ShoppingSolution\ShoppingBLTest\bin\Debug\net6.0\fine-code-coverage\build-output\nunit.engine.core.dll'.
TpTrace Information: 0 : 20892, 5, 2024/04/24, 21:10:43.371, 4653579103501, testhost.dll, AssemblyResolver.OnResolve: Resolved assembly: nunit.engine.core, from path: C:\Users\VC\Desktop\DAY 11 - 24.04.2024\ShoppingSolution\ShoppingBLTest\bin\Debug\net6.0\fine-code-coverage\build-output\nunit.engine.core.dll
TpTrace Information: 0 : 20892, 5, 2024/04/24, 21:10:43.381, 4653579206018, testhost.dll, NUnit Adapter 4.2.0.0: Test execution started
TpTrace Verbose: 0 : 20892, 5, 2024/04/24, 21:10:43.382, 4653579208675, testhost.dll, TestRequestHandler.SendData:  sending data from testhost: {"Version":5,"MessageType":"TestSession.Message","Payload":{"MessageLevel":0,"Message":"NUnit Adapter 4.2.0.0: Test execution started"}}
TpTrace Information: 0 : 20892, 5, 2024/04/24, 21:10:43.424, 4653579632689, testhost.dll, Running all tests in C:\Users\VC\Desktop\DAY 11 - 24.04.2024\ShoppingSolution\ShoppingBLTest\bin\Debug\net6.0\fine-code-coverage\build-output\ShoppingBLTest.dll
TpTrace Verbose: 0 : 20892, 5, 2024/04/24, 21:10:43.424, 4653579636832, testhost.dll, TestRequestHandler.SendData:  sending data from testhost: {"Version":5,"MessageType":"TestSession.Message","Payload":{"MessageLevel":0,"Message":"Running all tests in C:\\Users\\VC\\Desktop\\DAY 11 - 24.04.2024\\ShoppingSolution\\ShoppingBLTest\\bin\\Debug\\net6.0\\fine-code-coverage\\build-output\\ShoppingBLTest.dll"}}
TpTrace Information: 0 : 20892, 5, 2024/04/24, 21:10:43.448, 4653579873212, testhost.dll, AssemblyResolver.OnResolve: testcentric.engine.metadata: Resolving assembly.
TpTrace Information: 0 : 20892, 5, 2024/04/24, 21:10:43.448, 4653579876613, testhost.dll, AssemblyResolver.OnResolve: testcentric.engine.metadata: Searching in: 'C:\Users\VC\Desktop\DAY 11 - 24.04.2024\ShoppingSolution\ShoppingBLTest\bin\Debug\net6.0\fine-code-coverage\build-output'.
TpTrace Information: 0 : 20892, 5, 2024/04/24, 21:10:43.449, 4653579886269, testhost.dll, AssemblyResolver.OnResolve: testcentric.engine.metadata: Loading assembly 'C:\Users\VC\Desktop\DAY 11 - 24.04.2024\ShoppingSolution\ShoppingBLTest\bin\Debug\net6.0\fine-code-coverage\build-output\testcentric.engine.metadata.dll'.
TpTrace Information: 0 : 20892, 5, 2024/04/24, 21:10:43.451, 4653579907992, testhost.dll, AssemblyResolver.OnResolve: Resolved assembly: testcentric.engine.metadata, from path: C:\Users\VC\Desktop\DAY 11 - 24.04.2024\ShoppingSolution\ShoppingBLTest\bin\Debug\net6.0\fine-code-coverage\build-output\testcentric.engine.metadata.dll
TpTrace Information: 0 : 20892, 5, 2024/04/24, 21:10:43.725, 4653582645059, testhost.dll,    NUnit3TestExecutor discovered 33 of 33 NUnit test cases using Current Discovery mode, Non-Explicit run
TpTrace Verbose: 0 : 20892, 5, 2024/04/24, 21:10:43.726, 4653582648577, testhost.dll, TestRequestHandler.SendData:  sending data from testhost: {"Version":5,"MessageType":"TestSession.Message","Payload":{"MessageLevel":0,"Message":"   NUnit3TestExecutor discovered 33 of 33 NUnit test cases using Current Discovery mode, Non-Explicit run"}}
TpTrace Verbose: 0 : 20892, 17, 2024/04/24, 21:10:43.760, 4653582995947, testhost.dll, TestExecutionRecorder.RecordStart: Starting test: ShoppingBLTest.CartBLTest.AddCartExceptionTest.
TpTrace Verbose: 0 : 20892, 17, 2024/04/24, 21:10:43.854, 4653583934174, testhost.dll, TestExecutionRecorder.RecordEnd: test: ShoppingBLTest.CartBLTest.AddCartExceptionTest execution completed.
TpTrace Verbose: 0 : 20892, 17, 2024/04/24, 21:10:43.867, 4653584062029, testhost.dll, TestExecutionRecorder.RecordResult: Received result for test: ShoppingBLTest.CartBLTest.AddCartExceptionTest.
TpTrace Warning: 0 : 20892, 17, 2024/04/24, 21:10:43.873, 4653584125984, testhost.dll, TestRunCache: InProgressTests is null
TpTrace Warning: 0 : 20892, 17, 2024/04/24, 21:10:43.874, 4653584128601, testhost.dll, TestRunCache: No test found corresponding to testResult 'AddCartExceptionTest' in inProgress list.
TpTrace Verbose: 0 : 20892, 17, 2024/04/24, 21:10:43.874, 4653584131250, testhost.dll, TestExecutionRecorder.RecordStart: Starting test: ShoppingBLTest.CartBLTest.AddCartItemFailTest.
TpTrace Verbose: 0 : 20892, 17, 2024/04/24, 21:10:43.876, 4653584155956, testhost.dll, TestExecutionRecorder.RecordEnd: test: ShoppingBLTest.CartBLTest.AddCartItemFailTest execution completed.
TpTrace Verbose: 0 : 20892, 17, 2024/04/24, 21:10:43.878, 4653584173278, testhost.dll, TestExecutionRecorder.RecordResult: Received result for test: ShoppingBLTest.CartBLTest.AddCartItemFailTest.
TpTrace Warning: 0 : 20892, 17, 2024/04/24, 21:10:43.878, 4653584174709, testhost.dll, TestRunCache: InProgressTests is null
TpTrace Warning: 0 : 20892, 17, 2024/04/24, 21:10:43.878, 4653584175342, testhost.dll, TestRunCache: No test found corresponding to testResult 'AddCartItemFailTest' in inProgress list.
TpTrace Verbose: 0 : 20892, 17, 2024/04/24, 21:10:43.878, 4653584177520, testhost.dll, TestExecutionRecorder.RecordStart: Starting test: ShoppingBLTest.CartBLTest.AddCartItemSuccessTest.
TpTrace Verbose: 0 : 20892, 17, 2024/04/24, 21:10:43.880, 4653584193771, testhost.dll, TestExecutionRecorder.RecordEnd: test: ShoppingBLTest.CartBLTest.AddCartItemSuccessTest execution completed.
TpTrace Verbose: 0 : 20892, 17, 2024/04/24, 21:10:43.881, 4653584207573, testhost.dll, TestExecutionRecorder.RecordResult: Received result for test: ShoppingBLTest.CartBLTest.AddCartItemSuccessTest.
TpTrace Warning: 0 : 20892, 17, 2024/04/24, 21:10:43.882, 4653584208737, testhost.dll, TestRunCache: InProgressTests is null
TpTrace Warning: 0 : 20892, 17, 2024/04/24, 21:10:43.882, 4653584209271, testhost.dll, TestRunCache: No test found corresponding to testResult 'AddCartItemSuccessTest' in inProgress list.
TpTrace Verbose: 0 : 20892, 17, 2024/04/24, 21:10:43.882, 4653584211183, testhost.dll, TestExecutionRecorder.RecordStart: Starting test: ShoppingBLTest.CartBLTest.CustomerPurchaseExceptionTest.
TpTrace Verbose: 0 : 20892, 17, 2024/04/24, 21:10:43.884, 4653584236658, testhost.dll, TestExecutionRecorder.RecordEnd: test: ShoppingBLTest.CartBLTest.CustomerPurchaseExceptionTest execution completed.
TpTrace Verbose: 0 : 20892, 17, 2024/04/24, 21:10:43.886, 4653584254443, testhost.dll, TestExecutionRecorder.RecordResult: Received result for test: ShoppingBLTest.CartBLTest.CustomerPurchaseExceptionTest.
TpTrace Warning: 0 : 20892, 17, 2024/04/24, 21:10:43.886, 4653584255993, testhost.dll, TestRunCache: InProgressTests is null
TpTrace Warning: 0 : 20892, 17, 2024/04/24, 21:10:43.886, 4653584256872, testhost.dll, TestRunCache: No test found corresponding to testResult 'CustomerPurchaseExceptionTest' in inProgress list.
TpTrace Verbose: 0 : 20892, 17, 2024/04/24, 21:10:43.887, 4653584259121, testhost.dll, TestExecutionRecorder.RecordStart: Starting test: ShoppingBLTest.CartBLTest.CustomerPurchaseFailTest.
TpTrace Verbose: 0 : 20892, 17, 2024/04/24, 21:10:43.889, 4653584278708, testhost.dll, TestExecutionRecorder.RecordEnd: test: ShoppingBLTest.CartBLTest.CustomerPurchaseFailTest execution completed.
TpTrace Verbose: 0 : 20892, 17, 2024/04/24, 21:10:43.890, 4653584295884, testhost.dll, TestExecutionRecorder.RecordResult: Received result for test: ShoppingBLTest.CartBLTest.CustomerPurchaseFailTest.
TpTrace Warning: 0 : 20892, 17, 2024/04/24, 21:10:43.890, 4653584297483, testhost.dll, TestRunCache: InProgressTests is null
TpTrace Warning: 0 : 20892, 17, 2024/04/24, 21:10:43.890, 4653584298146, testhost.dll, TestRunCache: No test found corresponding to testResult 'CustomerPurchaseFailTest' in inProgress list.
TpTrace Verbose: 0 : 20892, 17, 2024/04/24, 21:10:43.891, 4653584300153, testhost.dll, TestExecutionRecorder.RecordStart: Starting test: ShoppingBLTest.CartBLTest.CustomerPurchaseSuccessTest.
TpTrace Verbose: 0 : 20892, 17, 2024/04/24, 21:10:43.894, 4653584331015, testhost.dll, TestExecutionRecorder.RecordEnd: test: ShoppingBLTest.CartBLTest.CustomerPurchaseSuccessTest execution completed.
TpTrace Verbose: 0 : 20892, 17, 2024/04/24, 21:10:43.896, 4653584358481, testhost.dll, TestExecutionRecorder.RecordResult: Received result for test: ShoppingBLTest.CartBLTest.CustomerPurchaseSuccessTest.
TpTrace Warning: 0 : 20892, 17, 2024/04/24, 21:10:43.897, 4653584360711, testhost.dll, TestRunCache: InProgressTests is null
TpTrace Warning: 0 : 20892, 17, 2024/04/24, 21:10:43.897, 4653584361515, testhost.dll, TestRunCache: No test found corresponding to testResult 'CustomerPurchaseSuccessTest' in inProgress list.
TpTrace Verbose: 0 : 20892, 17, 2024/04/24, 21:10:43.897, 4653584364081, testhost.dll, TestExecutionRecorder.RecordStart: Starting test: ShoppingBLTest.CartBLTest.DeleteCartExceptionTest.
TpTrace Verbose: 0 : 20892, 17, 2024/04/24, 21:10:43.907, 4653584466392, testhost.dll, TestExecutionRecorder.RecordEnd: test: ShoppingBLTest.CartBLTest.DeleteCartExceptionTest execution completed.
TpTrace Verbose: 0 : 20892, 17, 2024/04/24, 21:10:43.910, 4653584489750, testhost.dll, TestExecutionRecorder.RecordResult: Received result for test: ShoppingBLTest.CartBLTest.DeleteCartExceptionTest.
TpTrace Warning: 0 : 20892, 17, 2024/04/24, 21:10:43.910, 4653584492095, testhost.dll, TestRunCache: InProgressTests is null
TpTrace Warning: 0 : 20892, 17, 2024/04/24, 21:10:43.910, 4653584493513, testhost.dll, TestRunCache: No test found corresponding to testResult 'DeleteCartExceptionTest' in inProgress list.
TpTrace Verbose: 0 : 20892, 17, 2024/04/24, 21:10:43.910, 4653584497005, testhost.dll, TestExecutionRecorder.RecordStart: Starting test: ShoppingBLTest.CartBLTest.DeleteCartFailTest.
TpTrace Verbose: 0 : 20892, 17, 2024/04/24, 21:10:43.913, 4653584526963, testhost.dll, TestExecutionRecorder.RecordEnd: test: ShoppingBLTest.CartBLTest.DeleteCartFailTest execution completed.
TpTrace Verbose: 0 : 20892, 17, 2024/04/24, 21:10:43.915, 4653584547798, testhost.dll, TestExecutionRecorder.RecordResult: Received result for test: ShoppingBLTest.CartBLTest.DeleteCartFailTest.
TpTrace Warning: 0 : 20892, 17, 2024/04/24, 21:10:43.916, 4653584549449, testhost.dll, TestRunCache: InProgressTests is null
TpTrace Warning: 0 : 20892, 17, 2024/04/24, 21:10:43.916, 4653584550346, testhost.dll, TestRunCache: No test found corresponding to testResult 'DeleteCartFailTest' in inProgress list.
TpTrace Verbose: 0 : 20892, 17, 2024/04/24, 21:10:43.916, 4653584552616, testhost.dll, TestExecutionRecorder.RecordStart: Starting test: ShoppingBLTest.CartBLTest.DeleteCartSuccessTest.
TpTrace Verbose: 0 : 20892, 17, 2024/04/24, 21:10:43.918, 4653584575723, testhost.dll, TestExecutionRecorder.RecordEnd: test: ShoppingBLTest.CartBLTest.DeleteCartSuccessTest execution completed.
TpTrace Verbose: 0 : 20892, 17, 2024/04/24, 21:10:43.921, 4653584599212, testhost.dll, TestExecutionRecorder.RecordResult: Received result for test: ShoppingBLTest.CartBLTest.DeleteCartSuccessTest.
TpTrace Warning: 0 : 20892, 17, 2024/04/24, 21:10:43.921, 4653584600919, testhost.dll, TestRunCache: InProgressTests is null
TpTrace Warning: 0 : 20892, 17, 2024/04/24, 21:10:43.921, 4653584601636, testhost.dll, TestRunCache: No test found corresponding to testResult 'DeleteCartSuccessTest' in inProgress list.
TpTrace Verbose: 0 : 20892, 17, 2024/04/24, 21:10:43.921, 4653584603869, testhost.dll, TestExecutionRecorder.RecordStart: Starting test: ShoppingBLTest.CartBLTest.GetCartExceptionTest.
TpTrace Information: 0 : 20892, 17, 2024/04/24, 21:10:43.926, 4653584649387, testhost.dll, Sending test run statistics
TpTrace Verbose: 0 : 20892, 17, 2024/04/24, 21:10:43.982, 4653585216205, testhost.dll, TestRequestHandler.SendData:  sending data from testhost: {"Version":5,"MessageType":"TestExecution.StatsChange","Payload":{"NewTestResults":[{"TestCase":{"Id":"e4321942-315d-6b81-500b-3f4447bae1fa","FullyQualifiedName":"ShoppingBLTest.CartBLTest.AddCartExceptionTest","DisplayName":"AddCartExceptionTest","ExecutorUri":"executor://NUnit3TestExecutor","Source":"C:\\Users\\VC\\Desktop\\DAY 11 - 24.04.2024\\ShoppingSolution\\ShoppingBLTest\\bin\\Debug\\net6.0\\fine-code-coverage\\build-output\\ShoppingBLTest.dll","CodeFilePath":null,"LineNumber":0,"Properties":[{"Key":{"Id":"NUnit.Seed","Label":"Seed","Category":"","Description":"","Attributes":0,"ValueType":"System.String"},"Value":"1667934674"}]},"Attachments":[],"Outcome":2,"ErrorMessage":"  Expected: <ShoppingModelLibrary.CartException.NoCartWithGivenIdException>\r\n  But was:  <System.NullReferenceException: Object reference not set to an instance of an object.\r\n   at ShoppingBLTest.CartBLTest.<>c__DisplayClass11_0.<AddCartExceptionTest>b__0() in C:\\Users\\VC\\Desktop\\DAY 11 - 24.04.2024\\ShoppingSolution\\ShoppingBLTest\\CartBLTest.cs:line 95\r\n   at NUnit.Framework.Assert.Throws(IResolveConstraint expression, TestDelegate code, String message, Object[] args)>\r\n","ErrorStackTrace":"   at ShoppingBLTest.CartBLTest.AddCartExceptionTest() in C:\\Users\\VC\\Desktop\\DAY 11 - 24.04.2024\\ShoppingSolution\\ShoppingBLTest\\CartBLTest.cs:line 95\r\n","DisplayName":"AddCartExceptionTest","Messages":[],"ComputerName":"BYQBBX3","Duration":"00:00:00.0645300","StartTime":"2024-04-24T15:40:43.7582433+00:00","EndTime":"2024-04-24T15:40:43.8226605+00:00","Properties":[{"Key":{"Id":"NUnit.Seed","Label":"Seed","Category":"","Description":"","Attributes":0,"ValueType":"System.String"},"Value":"1667934674"}]},{"TestCase":{"Id":"599bfd9b-800f-e8d2-cb63-86f28c8e8e0e","FullyQualifiedName":"ShoppingBLTest.CartBLTest.AddCartItemFailTest","DisplayName":"AddCartItemFailTest","ExecutorUri":"executor://NUnit3TestExecutor","Source":"C:\\Users\\VC\\Desktop\\DAY 11 - 24.04.2024\\ShoppingSolution\\ShoppingBLTest\\bin\\Debug\\net6.0\\fine-code-coverage\\build-output\\ShoppingBLTest.dll","CodeFilePath":null,"LineNumber":0,"Properties":[{"Key":{"Id":"NUnit.Seed","Label":"Seed","Category":"","Description":"","Attributes":0,"ValueType":"System.String"},"Value":"1445396765"}]},"Attachments":[],"Outcome":2,"ErrorMessage":"System.NullReferenceException : Object reference not set to an instance of an object.","ErrorStackTrace":"   at ShoppingBLTest.CartBLTest.AddCartItemFailTest() in C:\\Users\\VC\\Desktop\\DAY 11 - 24.04.2024\\ShoppingSolution\\ShoppingBLTest\\CartBLTest.cs:line 85","DisplayName":"AddCartItemFailTest","Messages":[],"ComputerName":"BYQBBX3","Duration":"00:00:00.0042400","StartTime":"2024-04-24T15:40:43.8250431+00:00","EndTime":"2024-04-24T15:40:43.8292833+00:00","Properties":[{"Key":{"Id":"NUnit.Seed","Label":"Seed","Category":"","Description":"","Attributes":0,"ValueType":"System.String"},"Value":"1445396765"}]},{"TestCase":{"Id":"11e15c9c-7aca-8bde-cb2a-3e728c4b01ff","FullyQualifiedName":"ShoppingBLTest.CartBLTest.AddCartItemSuccessTest","DisplayName":"AddCartItemSuccessTest","ExecutorUri":"executor://NUnit3TestExecutor","Source":"C:\\Users\\VC\\Desktop\\DAY 11 - 24.04.2024\\ShoppingSolution\\ShoppingBLTest\\bin\\Debug\\net6.0\\fine-code-coverage\\build-output\\ShoppingBLTest.dll","CodeFilePath":null,"LineNumber":0,"Properties":[{"Key":{"Id":"NUnit.Seed","Label":"Seed","Category":"","Description":"","Attributes":0,"ValueType":"System.String"},"Value":"2131327959"}]},"Attachments":[],"Outcome":2,"ErrorMessage":"System.NullReferenceException : Object reference not set to an instance of an object.","ErrorStackTrace":"   at ShoppingBLTest.CartBLTest.AddCartItemSuccessTest() in C:\\Users\\VC\\Desktop\\DAY 11 - 24.04.2024\\ShoppingSolution\\ShoppingBLTest\\CartBLTest.cs:line 76","DisplayName":"AddCartItemSuccessTest","Messages":[],"ComputerName":"BYQBBX3","Duration":"00:00:00.0010670","StartTime":"2024-04-24T15:40:43.8293258+00:00","EndTime":"2024-04-24T15:40:43.830393+00:00","Properties":[{"Key":{"Id":"NUnit.Seed","Label":"Seed","Category":"","Description":"","Attributes":0,"ValueType":"System.String"},"Value":"2131327959"}]},{"TestCase":{"Id":"6215e3d4-a61c-4f14-c615-0077408a4ce7","FullyQualifiedName":"ShoppingBLTest.CartBLTest.CustomerPurchaseExceptionTest","DisplayName":"CustomerPurchaseExceptionTest","ExecutorUri":"executor://NUnit3TestExecutor","Source":"C:\\Users\\VC\\Desktop\\DAY 11 - 24.04.2024\\ShoppingSolution\\ShoppingBLTest\\bin\\Debug\\net6.0\\fine-code-coverage\\build-output\\ShoppingBLTest.dll","CodeFilePath":null,"LineNumber":0,"Properties":[{"Key":{"Id":"NUnit.Seed","Label":"Seed","Category":"","Description":"","Attributes":0,"ValueType":"System.String"},"Value":"1672164735"}]},"Attachments":[],"Outcome":2,"ErrorMessage":"  Expected: <ShoppingModelLibrary.CartException.NoCartWithGivenIdException>\r\n  But was:  <System.NullReferenceException: Object reference not set to an instance of an object.\r\n   at ShoppingBLTest.CartBLTest.<CustomerPurchaseExceptionTest>b__14_0() in C:\\Users\\VC\\Desktop\\DAY 11 - 24.04.2024\\ShoppingSolution\\ShoppingBLTest\\CartBLTest.cs:line 115\r\n   at NUnit.Framework.Assert.Throws(IResolveConstraint expression, TestDelegate code, String message, Object[] args)>\r\n","ErrorStackTrace":"   at ShoppingBLTest.CartBLTest.CustomerPurchaseExceptionTest() in C:\\Users\\VC\\Desktop\\DAY 11 - 24.04.2024\\ShoppingSolution\\ShoppingBLTest\\CartBLTest.cs:line 115\r\n","DisplayName":"CustomerPurchaseExceptionTest","Messages":[],"ComputerName":"BYQBBX3","Duration":"00:00:00.0022290","StartTime":"2024-04-24T15:40:43.8304256+00:00","EndTime":"2024-04-24T15:40:43.8326545+00:00","Properties":[{"Key":{"Id":"NUnit.Seed","Label":"Seed","Category":"","Description":"","Attributes":0,"ValueType":"System.String"},"Value":"1672164735"}]},{"TestCase":{"Id":"2498648d-dc5d-96f4-0152-6052d8326c33","FullyQualifiedName":"ShoppingBLTest.CartBLTest.CustomerPurchaseFailTest","DisplayName":"CustomerPurchaseFailTest","ExecutorUri":"executor://NUnit3TestExecutor","Source":"C:\\Users\\VC\\Desktop\\DAY 11 - 24.04.2024\\ShoppingSolution\\ShoppingBLTest\\bin\\Debug\\net6.0\\fine-code-coverage\\build-output\\ShoppingBLTest.dll","CodeFilePath":null,"LineNumber":0,"Properties":[{"Key":{"Id":"NUnit.Seed","Label":"Seed","Category":"","Description":"","Attributes":0,"ValueType":"System.String"},"Value":"871303477"}]},"Attachments":[],"Outcome":2,"ErrorMessage":"System.NullReferenceException : Object reference not set to an instance of an object.","ErrorStackTrace":"   at ShoppingBLTest.CartBLTest.CustomerPurchaseFailTest() in C:\\Users\\VC\\Desktop\\DAY 11 - 24.04.2024\\ShoppingSolution\\ShoppingBLTest\\CartBLTest.cs:line 108","DisplayName":"CustomerPurchaseFailTest","Messages":[],"ComputerName":"BYQBBX3","Duration":"00:00:00.0007790","StartTime":"2024-04-24T15:40:43.8326758+00:00","EndTime":"2024-04-24T15:40:43.8334545+00:00","Properties":[{"Key":{"Id":"NUnit.Seed","Label":"Seed","Category":"","Description":"","Attributes":0,"ValueType":"System.String"},"Value":"871303477"}]},{"TestCase":{"Id":"13ec2d96-01ff-e1bc-37a5-21968dd8ecc4","FullyQualifiedName":"ShoppingBLTest.CartBLTest.CustomerPurchaseSuccessTest","DisplayName":"CustomerPurchaseSuccessTest","ExecutorUri":"executor://NUnit3TestExecutor","Source":"C:\\Users\\VC\\Desktop\\DAY 11 - 24.04.2024\\ShoppingSolution\\ShoppingBLTest\\bin\\Debug\\net6.0\\fine-code-coverage\\build-output\\ShoppingBLTest.dll","CodeFilePath":null,"LineNumber":0,"Properties":[{"Key":{"Id":"NUnit.Seed","Label":"Seed","Category":"","Description":"","Attributes":0,"ValueType":"System.String"},"Value":"2030815257"}]},"Attachments":[],"Outcome":2,"ErrorMessage":"System.NullReferenceException : Object reference not set to an instance of an object.","ErrorStackTrace":"   at ShoppingBLTest.CartBLTest.CustomerPurchaseSuccessTest() in C:\\Users\\VC\\Desktop\\DAY 11 - 24.04.2024\\ShoppingSolution\\ShoppingBLTest\\CartBLTest.cs:line 102","DisplayName":"CustomerPurchaseSuccessTest","Messages":[],"ComputerName":"BYQBBX3","Duration":"00:00:00.0007180","StartTime":"2024-04-24T15:40:43.8334733+00:00","EndTime":"2024-04-24T15:40:43.8341915+00:00","Properties":[{"Key":{"Id":"NUnit.Seed","Label":"Seed","Category":"","Description":"","Attributes":0,"ValueType":"System.String"},"Value":"2030815257"}]},{"TestCase":{"Id":"90e842c9-d922-4edf-9987-34ed43d5d0c0","FullyQualifiedName":"ShoppingBLTest.CartBLTest.DeleteCartExceptionTest","DisplayName":"DeleteCartExceptionTest","ExecutorUri":"executor://NUnit3TestExecutor","Source":"C:\\Users\\VC\\Desktop\\DAY 11 - 24.04.2024\\ShoppingSolution\\ShoppingBLTest\\bin\\Debug\\net6.0\\fine-code-coverage\\build-output\\ShoppingBLTest.dll","CodeFilePath":null,"LineNumber":0,"Properties":[{"Key":{"Id":"NUnit.Seed","Label":"Seed","Category":"","Description":"","Attributes":0,"ValueType":"System.String"},"Value":"1588623612"}]},"Attachments":[],"Outcome":2,"ErrorMessage":"  Expected: <ShoppingModelLibrary.CartException.NoCartWithGivenIdException>\r\n  But was:  <System.NullReferenceException: Object reference not set to an instance of an object.\r\n   at ShoppingBLTest.CartBLTest.<DeleteCartExceptionTest>b__5_0() in C:\\Users\\VC\\Desktop\\DAY 11 - 24.04.2024\\ShoppingSolution\\ShoppingBLTest\\CartBLTest.cs:line 43\r\n   at NUnit.Framework.Assert.Throws(IResolveConstraint expression, TestDelegate code, String message, Object[] args)>\r\n","ErrorStackTrace":"   at ShoppingBLTest.CartBLTest.DeleteCartExceptionTest() in C:\\Users\\VC\\Desktop\\DAY 11 - 24.04.2024\\ShoppingSolution\\ShoppingBLTest\\CartBLTest.cs:line 43\r\n","DisplayName":"DeleteCartExceptionTest","Messages":[],"ComputerName":"BYQBBX3","Duration":"00:00:00.0016830","StartTime":"2024-04-24T15:40:43.8342099+00:00","EndTime":"2024-04-24T15:40:43.8358919+00:00","Properties":[{"Key":{"Id":"NUnit.Seed","Label":"Seed","Category":"","Description":"","Attributes":0,"ValueType":"System.String"},"Value":"1588623612"}]},{"TestCase":{"Id":"82a818e9-aca6-7a76-a03e-9e640978bb0d","FullyQualifiedName":"ShoppingBLTest.CartBLTest.DeleteCartFailTest","DisplayName":"DeleteCartFailTest","ExecutorUri":"executor://NUnit3TestExecutor","Source":"C:\\Users\\VC\\Desktop\\DAY 11 - 24.04.2024\\ShoppingSolution\\ShoppingBLTest\\bin\\Debug\\net6.0\\fine-code-coverage\\build-output\\ShoppingBLTest.dll","CodeFilePath":null,"LineNumber":0,"Properties":[{"Key":{"Id":"NUnit.Seed","Label":"Seed","Category":"","Description":"","Attributes":0,"ValueType":"System.String"},"Value":"429015939"}]},"Attachments":[],"Outcome":2,"ErrorMessage":"System.NullReferenceException : Object reference not set to an instance of an object.","ErrorStackTrace":"   at ShoppingBLTest.CartBLTest.DeleteCartFailTest() in C:\\Users\\VC\\Desktop\\DAY 11 - 24.04.2024\\ShoppingSolution\\ShoppingBLTest\\CartBLTest.cs:line 35","DisplayName":"DeleteCartFailTest","Messages":[],"ComputerName":"BYQBBX3","Duration":"00:00:00.0013240","StartTime":"2024-04-24T15:40:43.8359178+00:00","EndTime":"2024-04-24T15:40:43.8372412+00:00","Properties":[{"Key":{"Id":"NUnit.Seed","Label":"Seed","Category":"","Description":"","Attributes":0,"ValueType":"System.String"},"Value":"429015939"}]},{"TestCase":{"Id":"3e8db297-40f1-a7b0-74e9-fedb06727ae1","FullyQualifiedName":"ShoppingBLTest.CartBLTest.DeleteCartSuccessTest","DisplayName":"DeleteCartSuccessTest","ExecutorUri":"executor://NUnit3TestExecutor","Source":"C:\\Users\\VC\\Desktop\\DAY 11 - 24.04.2024\\ShoppingSolution\\ShoppingBLTest\\bin\\Debug\\net6.0\\fine-code-coverage\\build-output\\ShoppingBLTest.dll","CodeFilePath":null,"LineNumber":0,"Properties":[{"Key":{"Id":"NUnit.Seed","Label":"Seed","Category":"","Description":"","Attributes":0,"ValueType":"System.String"},"Value":"673079394"}]},"Attachments":[],"Outcome":2,"ErrorMessage":"System.NullReferenceException : Object reference not set to an instance of an object.","ErrorStackTrace":"   at ShoppingBLTest.CartBLTest.DeleteCartSuccessTest() in C:\\Users\\VC\\Desktop\\DAY 11 - 24.04.2024\\ShoppingSolution\\ShoppingBLTest\\CartBLTest.cs:line 28","DisplayName":"DeleteCartSuccessTest","Messages":[],"ComputerName":"BYQBBX3","Duration":"00:00:00.0007120","StartTime":"2024-04-24T15:40:43.8372612+00:00","EndTime":"2024-04-24T15:40:43.8379731+00:00","Properties":[{"Key":{"Id":"NUnit.Seed","Label":"Seed","Category":"","Description":"","Attributes":0,"ValueType":"System.String"},"Value":"673079394"}]}],"TestRunStatistics":{"ExecutedTests":9,"Stats":{"Failed":9}},"ActiveTests":[{"Id":"26a05232-e6cb-6fe7-c5a1-c05beb746c5d","FullyQualifiedName":"ShoppingBLTest.CartBLTest.GetCartExceptionTest","DisplayName":"GetCartExceptionTest","ExecutorUri":"executor://NUnit3TestExecutor","Source":"C:\\Users\\VC\\Desktop\\DAY 11 - 24.04.2024\\ShoppingSolution\\ShoppingBLTest\\bin\\Debug\\net6.0\\fine-code-coverage\\build-output\\ShoppingBLTest.dll","CodeFilePath":null,"LineNumber":0,"Properties":[{"Key":{"Id":"NUnit.Seed","Label":"Seed","Category":"","Description":"","Attributes":0,"ValueType":"System.String"},"Value":"1463671594"}]}]}}
TpTrace Verbose: 0 : 20892, 17, 2024/04/24, 21:10:43.983, 4653585221314, testhost.dll, TestRunCache: OnNewTestResult: Notified the onCacheHit callback.
TpTrace Verbose: 0 : 20892, 17, 2024/04/24, 21:10:43.985, 4653585247619, testhost.dll, TestExecutionRecorder.RecordEnd: test: ShoppingBLTest.CartBLTest.GetCartExceptionTest execution completed.
TpTrace Warning: 0 : 20892, 17, 2024/04/24, 21:10:43.986, 4653585249287, testhost.dll, TestRunCache: InProgressTests is null
TpTrace Verbose: 0 : 20892, 17, 2024/04/24, 21:10:43.987, 4653585265215, testhost.dll, TestExecutionRecorder.RecordResult: Received result for test: ShoppingBLTest.CartBLTest.GetCartExceptionTest.
TpTrace Warning: 0 : 20892, 17, 2024/04/24, 21:10:43.987, 4653585267078, testhost.dll, TestRunCache: InProgressTests is null
TpTrace Warning: 0 : 20892, 17, 2024/04/24, 21:10:43.987, 4653585267897, testhost.dll, TestRunCache: No test found corresponding to testResult 'GetCartExceptionTest' in inProgress list.
TpTrace Verbose: 0 : 20892, 17, 2024/04/24, 21:10:43.988, 4653585270341, testhost.dll, TestExecutionRecorder.RecordStart: Starting test: ShoppingBLTest.CartBLTest.GetCartFailTest.
TpTrace Verbose: 0 : 20892, 17, 2024/04/24, 21:10:43.990, 4653585292541, testhost.dll, TestExecutionRecorder.RecordEnd: test: ShoppingBLTest.CartBLTest.GetCartFailTest execution completed.
TpTrace Verbose: 0 : 20892, 17, 2024/04/24, 21:10:43.993, 4653585319979, testhost.dll, TestExecutionRecorder.RecordResult: Received result for test: ShoppingBLTest.CartBLTest.GetCartFailTest.
TpTrace Warning: 0 : 20892, 17, 2024/04/24, 21:10:43.993, 4653585322317, testhost.dll, TestRunCache: InProgressTests is null
TpTrace Warning: 0 : 20892, 17, 2024/04/24, 21:10:43.993, 4653585323430, testhost.dll, TestRunCache: No test found corresponding to testResult 'GetCartFailTest' in inProgress list.
TpTrace Verbose: 0 : 20892, 17, 2024/04/24, 21:10:43.993, 4653585326212, testhost.dll, TestExecutionRecorder.RecordStart: Starting test: ShoppingBLTest.CartBLTest.GetCartSuccessTest.
TpTrace Verbose: 0 : 20892, 17, 2024/04/24, 21:10:43.996, 4653585354996, testhost.dll, TestExecutionRecorder.RecordEnd: test: ShoppingBLTest.CartBLTest.GetCartSuccessTest execution completed.
TpTrace Verbose: 0 : 20892, 17, 2024/04/24, 21:10:43.998, 4653585374791, testhost.dll, TestExecutionRecorder.RecordResult: Received result for test: ShoppingBLTest.CartBLTest.GetCartSuccessTest.
TpTrace Warning: 0 : 20892, 17, 2024/04/24, 21:10:43.998, 4653585377004, testhost.dll, TestRunCache: InProgressTests is null
TpTrace Warning: 0 : 20892, 17, 2024/04/24, 21:10:43.998, 4653585378014, testhost.dll, TestRunCache: No test found corresponding to testResult 'GetCartSuccessTest' in inProgress list.
TpTrace Verbose: 0 : 20892, 17, 2024/04/24, 21:10:44.000, 4653585398249, testhost.dll, TestExecutionRecorder.RecordStart: Starting test: ShoppingBLTest.CustomerBLTest.DeleteCustomerExceptionTest.
TpTrace Verbose: 0 : 20892, 17, 2024/04/24, 21:10:44.003, 4653585427960, testhost.dll, TestExecutionRecorder.RecordEnd: test: ShoppingBLTest.CustomerBLTest.DeleteCustomerExceptionTest execution completed.
TpTrace Verbose: 0 : 20892, 17, 2024/04/24, 21:10:44.006, 4653585449344, testhost.dll, TestExecutionRecorder.RecordResult: Received result for test: ShoppingBLTest.CustomerBLTest.DeleteCustomerExceptionTest.
TpTrace Warning: 0 : 20892, 17, 2024/04/24, 21:10:44.006, 4653585451299, testhost.dll, TestRunCache: InProgressTests is null
TpTrace Warning: 0 : 20892, 17, 2024/04/24, 21:10:44.006, 4653585452085, testhost.dll, TestRunCache: No test found corresponding to testResult 'DeleteCustomerExceptionTest' in inProgress list.
TpTrace Verbose: 0 : 20892, 17, 2024/04/24, 21:10:44.006, 4653585454312, testhost.dll, TestExecutionRecorder.RecordStart: Starting test: ShoppingBLTest.CustomerBLTest.DeleteCustomerFailTest.
TpTrace Verbose: 0 : 20892, 17, 2024/04/24, 21:10:44.009, 4653585479049, testhost.dll, TestExecutionRecorder.RecordEnd: test: ShoppingBLTest.CustomerBLTest.DeleteCustomerFailTest execution completed.
TpTrace Verbose: 0 : 20892, 17, 2024/04/24, 21:10:44.011, 4653585498785, testhost.dll, TestExecutionRecorder.RecordResult: Received result for test: ShoppingBLTest.CustomerBLTest.DeleteCustomerFailTest.
TpTrace Warning: 0 : 20892, 17, 2024/04/24, 21:10:44.011, 4653585500711, testhost.dll, TestRunCache: InProgressTests is null
TpTrace Warning: 0 : 20892, 17, 2024/04/24, 21:10:44.011, 4653585501488, testhost.dll, TestRunCache: No test found corresponding to testResult 'DeleteCustomerFailTest' in inProgress list.
TpTrace Verbose: 0 : 20892, 17, 2024/04/24, 21:10:44.011, 4653585503498, testhost.dll, TestExecutionRecorder.RecordStart: Starting test: ShoppingBLTest.CustomerBLTest.DeleteCustomerSuccessTest.
TpTrace Verbose: 0 : 20892, 17, 2024/04/24, 21:10:44.013, 4653585527085, testhost.dll, TestExecutionRecorder.RecordEnd: test: ShoppingBLTest.CustomerBLTest.DeleteCustomerSuccessTest execution completed.
TpTrace Verbose: 0 : 20892, 17, 2024/04/24, 21:10:44.016, 4653585550056, testhost.dll, TestExecutionRecorder.RecordResult: Received result for test: ShoppingBLTest.CustomerBLTest.DeleteCustomerSuccessTest.
TpTrace Warning: 0 : 20892, 17, 2024/04/24, 21:10:44.016, 4653585551913, testhost.dll, TestRunCache: InProgressTests is null
TpTrace Warning: 0 : 20892, 17, 2024/04/24, 21:10:44.016, 4653585552687, testhost.dll, TestRunCache: No test found corresponding to testResult 'DeleteCustomerSuccessTest' in inProgress list.
TpTrace Verbose: 0 : 20892, 17, 2024/04/24, 21:10:44.016, 4653585554878, testhost.dll, TestExecutionRecorder.RecordStart: Starting test: ShoppingBLTest.CustomerBLTest.GetCustomerExceptionTest.
TpTrace Verbose: 0 : 20892, 17, 2024/04/24, 21:10:44.018, 4653585578176, testhost.dll, TestExecutionRecorder.RecordEnd: test: ShoppingBLTest.CustomerBLTest.GetCustomerExceptionTest execution completed.
TpTrace Verbose: 0 : 20892, 17, 2024/04/24, 21:10:44.020, 4653585597593, testhost.dll, TestExecutionRecorder.RecordResult: Received result for test: ShoppingBLTest.CustomerBLTest.GetCustomerExceptionTest.
TpTrace Warning: 0 : 20892, 17, 2024/04/24, 21:10:44.021, 4653585599538, testhost.dll, TestRunCache: InProgressTests is null
TpTrace Warning: 0 : 20892, 17, 2024/04/24, 21:10:44.021, 4653585600640, testhost.dll, TestRunCache: No test found corresponding to testResult 'GetCustomerExceptionTest' in inProgress list.
TpTrace Verbose: 0 : 20892, 17, 2024/04/24, 21:10:44.021, 4653585602807, testhost.dll, TestExecutionRecorder.RecordStart: Starting test: ShoppingBLTest.CustomerBLTest.GetCustomerFailTest.
TpTrace Verbose: 0 : 20892, 17, 2024/04/24, 21:10:44.023, 4653585626166, testhost.dll, TestExecutionRecorder.RecordEnd: test: ShoppingBLTest.CustomerBLTest.GetCustomerFailTest execution completed.
TpTrace Verbose: 0 : 20892, 17, 2024/04/24, 21:10:44.029, 4653585687354, testhost.dll, TestExecutionRecorder.RecordResult: Received result for test: ShoppingBLTest.CustomerBLTest.GetCustomerFailTest.
TpTrace Warning: 0 : 20892, 17, 2024/04/24, 21:10:44.030, 4653585694070, testhost.dll, TestRunCache: InProgressTests is null
TpTrace Warning: 0 : 20892, 17, 2024/04/24, 21:10:44.030, 4653585694875, testhost.dll, TestRunCache: No test found corresponding to testResult 'GetCustomerFailTest' in inProgress list.
TpTrace Verbose: 0 : 20892, 17, 2024/04/24, 21:10:44.030, 4653585696959, testhost.dll, TestExecutionRecorder.RecordStart: Starting test: ShoppingBLTest.CustomerBLTest.GetCustomerSuccessTest.
TpTrace Verbose: 0 : 20892, 17, 2024/04/24, 21:10:44.033, 4653585720855, testhost.dll, TestExecutionRecorder.RecordEnd: test: ShoppingBLTest.CustomerBLTest.GetCustomerSuccessTest execution completed.
TpTrace Verbose: 0 : 20892, 17, 2024/04/24, 21:10:44.035, 4653585740308, testhost.dll, TestExecutionRecorder.RecordResult: Received result for test: ShoppingBLTest.CustomerBLTest.GetCustomerSuccessTest.
TpTrace Warning: 0 : 20892, 17, 2024/04/24, 21:10:44.035, 4653585742070, testhost.dll, TestRunCache: InProgressTests is null
TpTrace Warning: 0 : 20892, 17, 2024/04/24, 21:10:44.035, 4653585742852, testhost.dll, TestRunCache: No test found corresponding to testResult 'GetCustomerSuccessTest' in inProgress list.
TpTrace Verbose: 0 : 20892, 17, 2024/04/24, 21:10:44.035, 4653585744706, testhost.dll, TestExecutionRecorder.RecordStart: Starting test: ShoppingBLTest.CustomerBLTest.UpdateCustomerExceptionTest.
TpTrace Information: 0 : 20892, 17, 2024/04/24, 21:10:44.035, 4653585745814, testhost.dll, Sending test run statistics
TpTrace Verbose: 0 : 20892, 17, 2024/04/24, 21:10:44.037, 4653585767324, testhost.dll, TestRequestHandler.SendData:  sending data from testhost: {"Version":5,"MessageType":"TestExecution.StatsChange","Payload":{"NewTestResults":[{"TestCase":{"Id":"26a05232-e6cb-6fe7-c5a1-c05beb746c5d","FullyQualifiedName":"ShoppingBLTest.CartBLTest.GetCartExceptionTest","DisplayName":"GetCartExceptionTest","ExecutorUri":"executor://NUnit3TestExecutor","Source":"C:\\Users\\VC\\Desktop\\DAY 11 - 24.04.2024\\ShoppingSolution\\ShoppingBLTest\\bin\\Debug\\net6.0\\fine-code-coverage\\build-output\\ShoppingBLTest.dll","CodeFilePath":null,"LineNumber":0,"Properties":[{"Key":{"Id":"NUnit.Seed","Label":"Seed","Category":"","Description":"","Attributes":0,"ValueType":"System.String"},"Value":"1463671594"}]},"Attachments":[],"Outcome":2,"ErrorMessage":"  Expected: <ShoppingModelLibrary.CartException.NoCartWithGivenIdException>\r\n  But was:  <System.NullReferenceException: Object reference not set to an instance of an object.\r\n   at ShoppingBLTest.CartBLTest.<GetCartExceptionTest>b__8_0() in C:\\Users\\VC\\Desktop\\DAY 11 - 24.04.2024\\ShoppingSolution\\ShoppingBLTest\\CartBLTest.cs:line 66\r\n   at NUnit.Framework.Assert.Throws(IResolveConstraint expression, TestDelegate code, String message, Object[] args)>\r\n","ErrorStackTrace":"   at ShoppingBLTest.CartBLTest.GetCartExceptionTest() in C:\\Users\\VC\\Desktop\\DAY 11 - 24.04.2024\\ShoppingSolution\\ShoppingBLTest\\CartBLTest.cs:line 66\r\n","DisplayName":"GetCartExceptionTest","Messages":[],"ComputerName":"BYQBBX3","Duration":"00:00:00.0015990","StartTime":"2024-04-24T15:40:43.837992+00:00","EndTime":"2024-04-24T15:40:43.8395908+00:00","Properties":[{"Key":{"Id":"NUnit.Seed","Label":"Seed","Category":"","Description":"","Attributes":0,"ValueType":"System.String"},"Value":"1463671594"}]},{"TestCase":{"Id":"5314f89a-ba38-b9d1-ac56-ae6a55631411","FullyQualifiedName":"ShoppingBLTest.CartBLTest.GetCartFailTest","DisplayName":"GetCartFailTest","ExecutorUri":"executor://NUnit3TestExecutor","Source":"C:\\Users\\VC\\Desktop\\DAY 11 - 24.04.2024\\ShoppingSolution\\ShoppingBLTest\\bin\\Debug\\net6.0\\fine-code-coverage\\build-output\\ShoppingBLTest.dll","CodeFilePath":null,"LineNumber":0,"Properties":[{"Key":{"Id":"NUnit.Seed","Label":"Seed","Category":"","Description":"","Attributes":0,"ValueType":"System.String"},"Value":"1133688493"}]},"Attachments":[],"Outcome":2,"ErrorMessage":"System.NullReferenceException : Object reference not set to an instance of an object.","ErrorStackTrace":"   at ShoppingBLTest.CartBLTest.GetCartFailTest() in C:\\Users\\VC\\Desktop\\DAY 11 - 24.04.2024\\ShoppingSolution\\ShoppingBLTest\\CartBLTest.cs:line 58","DisplayName":"GetCartFailTest","Messages":[],"ComputerName":"BYQBBX3","Duration":"00:00:00.0007330","StartTime":"2024-04-24T15:40:43.8396103+00:00","EndTime":"2024-04-24T15:40:43.8403426+00:00","Properties":[{"Key":{"Id":"NUnit.Seed","Label":"Seed","Category":"","Description":"","Attributes":0,"ValueType":"System.String"},"Value":"1133688493"}]},{"TestCase":{"Id":"d80917b1-2e82-4184-570e-fa17c439ada6","FullyQualifiedName":"ShoppingBLTest.CartBLTest.GetCartSuccessTest","DisplayName":"GetCartSuccessTest","ExecutorUri":"executor://NUnit3TestExecutor","Source":"C:\\Users\\VC\\Desktop\\DAY 11 - 24.04.2024\\ShoppingSolution\\ShoppingBLTest\\bin\\Debug\\net6.0\\fine-code-coverage\\build-output\\ShoppingBLTest.dll","CodeFilePath":null,"LineNumber":0,"Properties":[{"Key":{"Id":"NUnit.Seed","Label":"Seed","Category":"","Description":"","Attributes":0,"ValueType":"System.String"},"Value":"504845726"}]},"Attachments":[],"Outcome":2,"ErrorMessage":"System.NullReferenceException : Object reference not set to an instance of an object.","ErrorStackTrace":"   at ShoppingBLTest.CartBLTest.GetCartSuccessTest() in C:\\Users\\VC\\Desktop\\DAY 11 - 24.04.2024\\ShoppingSolution\\ShoppingBLTest\\CartBLTest.cs:line 51","DisplayName":"GetCartSuccessTest","Messages":[],"ComputerName":"BYQBBX3","Duration":"00:00:00.0006780","StartTime":"2024-04-24T15:40:43.8403604+00:00","EndTime":"2024-04-24T15:40:43.8410384+00:00","Properties":[{"Key":{"Id":"NUnit.Seed","Label":"Seed","Category":"","Description":"","Attributes":0,"ValueType":"System.String"},"Value":"504845726"}]},{"TestCase":{"Id":"8248fc25-b942-368e-3778-c8a8bf81f5f2","FullyQualifiedName":"ShoppingBLTest.CustomerBLTest.DeleteCustomerExceptionTest","DisplayName":"DeleteCustomerExceptionTest","ExecutorUri":"executor://NUnit3TestExecutor","Source":"C:\\Users\\VC\\Desktop\\DAY 11 - 24.04.2024\\ShoppingSolution\\ShoppingBLTest\\bin\\Debug\\net6.0\\fine-code-coverage\\build-output\\ShoppingBLTest.dll","CodeFilePath":null,"LineNumber":0,"Properties":[{"Key":{"Id":"NUnit.Seed","Label":"Seed","Category":"","Description":"","Attributes":0,"ValueType":"System.String"},"Value":"939998567"}]},"Attachments":[],"Outcome":2,"ErrorMessage":"  Expected: <ShoppingModelLibrary.CustomerExceptions.NoCustomerWithGiveIdException>\r\n  But was:  <System.NullReferenceException: Object reference not set to an instance of an object.\r\n   at ShoppingBLTest.CustomerBLTest.<DeleteCustomerExceptionTest>b__5_0() in C:\\Users\\VC\\Desktop\\DAY 11 - 24.04.2024\\ShoppingSolution\\ShoppingBLTest\\CustomerBLTest.cs:line 44\r\n   at NUnit.Framework.Assert.Throws(IResolveConstraint expression, TestDelegate code, String message, Object[] args)>\r\n","ErrorStackTrace":"   at ShoppingBLTest.CustomerBLTest.DeleteCustomerExceptionTest() in C:\\Users\\VC\\Desktop\\DAY 11 - 24.04.2024\\ShoppingSolution\\ShoppingBLTest\\CustomerBLTest.cs:line 44\r\n","DisplayName":"DeleteCustomerExceptionTest","Messages":[],"ComputerName":"BYQBBX3","Duration":"00:00:00.0018120","StartTime":"2024-04-24T15:40:43.8442929+00:00","EndTime":"2024-04-24T15:40:43.846105+00:00","Properties":[{"Key":{"Id":"NUnit.Seed","Label":"Seed","Category":"","Description":"","Attributes":0,"ValueType":"System.String"},"Value":"939998567"}]},{"TestCase":{"Id":"d6ffadd2-af8d-ccff-4db5-775c14b8f3f2","FullyQualifiedName":"ShoppingBLTest.CustomerBLTest.DeleteCustomerFailTest","DisplayName":"DeleteCustomerFailTest","ExecutorUri":"executor://NUnit3TestExecutor","Source":"C:\\Users\\VC\\Desktop\\DAY 11 - 24.04.2024\\ShoppingSolution\\ShoppingBLTest\\bin\\Debug\\net6.0\\fine-code-coverage\\build-output\\ShoppingBLTest.dll","CodeFilePath":null,"LineNumber":0,"Properties":[{"Key":{"Id":"NUnit.Seed","Label":"Seed","Category":"","Description":"","Attributes":0,"ValueType":"System.String"},"Value":"1719857881"}]},"Attachments":[],"Outcome":2,"ErrorMessage":"System.NullReferenceException : Object reference not set to an instance of an object.","ErrorStackTrace":"   at ShoppingBLTest.CustomerBLTest.DeleteCustomerFailTest() in C:\\Users\\VC\\Desktop\\DAY 11 - 24.04.2024\\ShoppingSolution\\ShoppingBLTest\\CustomerBLTest.cs:line 36","DisplayName":"DeleteCustomerFailTest","Messages":[],"ComputerName":"BYQBBX3","Duration":"00:00:00.0007500","StartTime":"2024-04-24T15:40:43.8461295+00:00","EndTime":"2024-04-24T15:40:43.8468788+00:00","Properties":[{"Key":{"Id":"NUnit.Seed","Label":"Seed","Category":"","Description":"","Attributes":0,"ValueType":"System.String"},"Value":"1719857881"}]},{"TestCase":{"Id":"663b42ac-7805-be3f-a609-754b61377d98","FullyQualifiedName":"ShoppingBLTest.CustomerBLTest.DeleteCustomerSuccessTest","DisplayName":"DeleteCustomerSuccessTest","ExecutorUri":"executor://NUnit3TestExecutor","Source":"C:\\Users\\VC\\Desktop\\DAY 11 - 24.04.2024\\ShoppingSolution\\ShoppingBLTest\\bin\\Debug\\net6.0\\fine-code-coverage\\build-output\\ShoppingBLTest.dll","CodeFilePath":null,"LineNumber":0,"Properties":[{"Key":{"Id":"NUnit.Seed","Label":"Seed","Category":"","Description":"","Attributes":0,"ValueType":"System.String"},"Value":"1213037620"}]},"Attachments":[],"Outcome":2,"ErrorMessage":"System.NullReferenceException : Object reference not set to an instance of an object.","ErrorStackTrace":"   at ShoppingBLTest.CustomerBLTest.DeleteCustomerSuccessTest() in C:\\Users\\VC\\Desktop\\DAY 11 - 24.04.2024\\ShoppingSolution\\ShoppingBLTest\\CustomerBLTest.cs:line 29","DisplayName":"DeleteCustomerSuccessTest","Messages":[],"ComputerName":"BYQBBX3","Duration":"00:00:00.0006230","StartTime":"2024-04-24T15:40:43.8468986+00:00","EndTime":"2024-04-24T15:40:43.8475219+00:00","Properties":[{"Key":{"Id":"NUnit.Seed","Label":"Seed","Category":"","Description":"","Attributes":0,"ValueType":"System.String"},"Value":"1213037620"}]},{"TestCase":{"Id":"595dd4c9-e58b-6f5d-6acf-cb45657efed3","FullyQualifiedName":"ShoppingBLTest.CustomerBLTest.GetCustomerExceptionTest","DisplayName":"GetCustomerExceptionTest","ExecutorUri":"executor://NUnit3TestExecutor","Source":"C:\\Users\\VC\\Desktop\\DAY 11 - 24.04.2024\\ShoppingSolution\\ShoppingBLTest\\bin\\Debug\\net6.0\\fine-code-coverage\\build-output\\ShoppingBLTest.dll","CodeFilePath":null,"LineNumber":0,"Properties":[{"Key":{"Id":"NUnit.Seed","Label":"Seed","Category":"","Description":"","Attributes":0,"ValueType":"System.String"},"Value":"280102002"}]},"Attachments":[],"Outcome":2,"ErrorMessage":"  Expected: <ShoppingModelLibrary.CustomerExceptions.NoCustomerWithGiveIdException>\r\n  But was:  <System.NullReferenceException: Object reference not set to an instance of an object.\r\n   at ShoppingBLTest.CustomerBLTest.<GetCustomerExceptionTest>b__8_0() in C:\\Users\\VC\\Desktop\\DAY 11 - 24.04.2024\\ShoppingSolution\\ShoppingBLTest\\CustomerBLTest.cs:line 66\r\n   at NUnit.Framework.Assert.Throws(IResolveConstraint expression, TestDelegate code, String message, Object[] args)>\r\n","ErrorStackTrace":"   at ShoppingBLTest.CustomerBLTest.GetCustomerExceptionTest() in C:\\Users\\VC\\Desktop\\DAY 11 - 24.04.2024\\ShoppingSolution\\ShoppingBLTest\\CustomerBLTest.cs:line 66\r\n","DisplayName":"GetCustomerExceptionTest","Messages":[],"ComputerName":"BYQBBX3","Duration":"00:00:00.0012470","StartTime":"2024-04-24T15:40:43.8475374+00:00","EndTime":"2024-04-24T15:40:43.8487845+00:00","Properties":[{"Key":{"Id":"NUnit.Seed","Label":"Seed","Category":"","Description":"","Attributes":0,"ValueType":"System.String"},"Value":"280102002"}]},{"TestCase":{"Id":"e74064bf-63e0-e95f-7dd3-3848859de0bf","FullyQualifiedName":"ShoppingBLTest.CustomerBLTest.GetCustomerFailTest","DisplayName":"GetCustomerFailTest","ExecutorUri":"executor://NUnit3TestExecutor","Source":"C:\\Users\\VC\\Desktop\\DAY 11 - 24.04.2024\\ShoppingSolution\\ShoppingBLTest\\bin\\Debug\\net6.0\\fine-code-coverage\\build-output\\ShoppingBLTest.dll","CodeFilePath":null,"LineNumber":0,"Properties":[{"Key":{"Id":"NUnit.Seed","Label":"Seed","Category":"","Description":"","Attributes":0,"ValueType":"System.String"},"Value":"1862100295"}]},"Attachments":[],"Outcome":2,"ErrorMessage":"System.NullReferenceException : Object reference not set to an instance of an object.","ErrorStackTrace":"   at ShoppingBLTest.CustomerBLTest.GetCustomerFailTest() in C:\\Users\\VC\\Desktop\\DAY 11 - 24.04.2024\\ShoppingSolution\\ShoppingBLTest\\CustomerBLTest.cs:line 58","DisplayName":"GetCustomerFailTest","Messages":[],"ComputerName":"BYQBBX3","Duration":"00:00:00.0005999","StartTime":"2024-04-24T15:40:43.848811+00:00","EndTime":"2024-04-24T15:40:43.8494108+00:00","Properties":[{"Key":{"Id":"NUnit.Seed","Label":"Seed","Category":"","Description":"","Attributes":0,"ValueType":"System.String"},"Value":"1862100295"}]},{"TestCase":{"Id":"0a85dccc-f128-a892-b95f-62efe78f66dd","FullyQualifiedName":"ShoppingBLTest.CustomerBLTest.GetCustomerSuccessTest","DisplayName":"GetCustomerSuccessTest","ExecutorUri":"executor://NUnit3TestExecutor","Source":"C:\\Users\\VC\\Desktop\\DAY 11 - 24.04.2024\\ShoppingSolution\\ShoppingBLTest\\bin\\Debug\\net6.0\\fine-code-coverage\\build-output\\ShoppingBLTest.dll","CodeFilePath":null,"LineNumber":0,"Properties":[{"Key":{"Id":"NUnit.Seed","Label":"Seed","Category":"","Description":"","Attributes":0,"ValueType":"System.String"},"Value":"1419930542"}]},"Attachments":[],"Outcome":2,"ErrorMessage":"System.NullReferenceException : Object reference not set to an instance of an object.","ErrorStackTrace":"   at ShoppingBLTest.CustomerBLTest.GetCustomerSuccessTest() in C:\\Users\\VC\\Desktop\\DAY 11 - 24.04.2024\\ShoppingSolution\\ShoppingBLTest\\CustomerBLTest.cs:line 52","DisplayName":"GetCustomerSuccessTest","Messages":[],"ComputerName":"BYQBBX3","Duration":"00:00:00.0007410","StartTime":"2024-04-24T15:40:43.8494264+00:00","EndTime":"2024-04-24T15:40:43.8501674+00:00","Properties":[{"Key":{"Id":"NUnit.Seed","Label":"Seed","Category":"","Description":"","Attributes":0,"ValueType":"System.String"},"Value":"1419930542"}]}],"TestRunStatistics":{"ExecutedTests":18,"Stats":{"Failed":18}},"ActiveTests":[{"Id":"f81672ab-2210-93d8-a182-a5e45e7da6b7","FullyQualifiedName":"ShoppingBLTest.CustomerBLTest.UpdateCustomerExceptionTest","DisplayName":"UpdateCustomerExceptionTest","ExecutorUri":"executor://NUnit3TestExecutor","Source":"C:\\Users\\VC\\Desktop\\DAY 11 - 24.04.2024\\ShoppingSolution\\ShoppingBLTest\\bin\\Debug\\net6.0\\fine-code-coverage\\build-output\\ShoppingBLTest.dll","CodeFilePath":null,"LineNumber":0,"Properties":[{"Key":{"Id":"NUnit.Seed","Label":"Seed","Category":"","Description":"","Attributes":0,"ValueType":"System.String"},"Value":"433660088"}]}]}}
TpTrace Verbose: 0 : 20892, 17, 2024/04/24, 21:10:44.038, 4653585772734, testhost.dll, TestRunCache: OnNewTestResult: Notified the onCacheHit callback.
TpTrace Verbose: 0 : 20892, 17, 2024/04/24, 21:10:44.042, 4653585810133, testhost.dll, TestExecutionRecorder.RecordEnd: test: ShoppingBLTest.CustomerBLTest.UpdateCustomerExceptionTest execution completed.
TpTrace Warning: 0 : 20892, 17, 2024/04/24, 21:10:44.042, 4653585812539, testhost.dll, TestRunCache: InProgressTests is null
TpTrace Verbose: 0 : 20892, 17, 2024/04/24, 21:10:44.045, 4653585845144, testhost.dll, TestExecutionRecorder.RecordResult: Received result for test: ShoppingBLTest.CustomerBLTest.UpdateCustomerExceptionTest.
TpTrace Warning: 0 : 20892, 17, 2024/04/24, 21:10:44.045, 4653585847473, testhost.dll, TestRunCache: InProgressTests is null
TpTrace Warning: 0 : 20892, 17, 2024/04/24, 21:10:44.045, 4653585848319, testhost.dll, TestRunCache: No test found corresponding to testResult 'UpdateCustomerExceptionTest' in inProgress list.
TpTrace Verbose: 0 : 20892, 17, 2024/04/24, 21:10:44.046, 4653585850509, testhost.dll, TestExecutionRecorder.RecordStart: Starting test: ShoppingBLTest.CustomerBLTest.UpdateCustomerFailTest.
TpTrace Verbose: 0 : 20892, 17, 2024/04/24, 21:10:44.049, 4653585880989, testhost.dll, TestExecutionRecorder.RecordEnd: test: ShoppingBLTest.CustomerBLTest.UpdateCustomerFailTest execution completed.
TpTrace Verbose: 0 : 20892, 17, 2024/04/24, 21:10:44.051, 4653585904502, testhost.dll, TestExecutionRecorder.RecordResult: Received result for test: ShoppingBLTest.CustomerBLTest.UpdateCustomerFailTest.
TpTrace Warning: 0 : 20892, 17, 2024/04/24, 21:10:44.051, 4653585906687, testhost.dll, TestRunCache: InProgressTests is null
TpTrace Warning: 0 : 20892, 17, 2024/04/24, 21:10:44.051, 4653585907827, testhost.dll, TestRunCache: No test found corresponding to testResult 'UpdateCustomerFailTest' in inProgress list.
TpTrace Verbose: 0 : 20892, 17, 2024/04/24, 21:10:44.052, 4653585911018, testhost.dll, TestExecutionRecorder.RecordStart: Starting test: ShoppingBLTest.CustomerBLTest.UpdateCustomerSuccessTest.
TpTrace Verbose: 0 : 20892, 17, 2024/04/24, 21:10:44.055, 4653585941595, testhost.dll, TestExecutionRecorder.RecordEnd: test: ShoppingBLTest.CustomerBLTest.UpdateCustomerSuccessTest execution completed.
TpTrace Verbose: 0 : 20892, 17, 2024/04/24, 21:10:44.057, 4653585960965, testhost.dll, TestExecutionRecorder.RecordResult: Received result for test: ShoppingBLTest.CustomerBLTest.UpdateCustomerSuccessTest.
TpTrace Warning: 0 : 20892, 17, 2024/04/24, 21:10:44.057, 4653585962630, testhost.dll, TestRunCache: InProgressTests is null
TpTrace Warning: 0 : 20892, 17, 2024/04/24, 21:10:44.057, 4653585963366, testhost.dll, TestRunCache: No test found corresponding to testResult 'UpdateCustomerSuccessTest' in inProgress list.
TpTrace Verbose: 0 : 20892, 17, 2024/04/24, 21:10:44.057, 4653585968372, testhost.dll, TestExecutionRecorder.RecordStart: Starting test: ShoppingBLTest.ProductBLTest.DeleteProductExceptionTest.
TpTrace Verbose: 0 : 20892, 17, 2024/04/24, 21:10:44.061, 4653585999812, testhost.dll, TestExecutionRecorder.RecordEnd: test: ShoppingBLTest.ProductBLTest.DeleteProductExceptionTest execution completed.
TpTrace Verbose: 0 : 20892, 17, 2024/04/24, 21:10:44.063, 4653586022255, testhost.dll, TestExecutionRecorder.RecordResult: Received result for test: ShoppingBLTest.ProductBLTest.DeleteProductExceptionTest.
TpTrace Warning: 0 : 20892, 17, 2024/04/24, 21:10:44.063, 4653586024156, testhost.dll, TestRunCache: InProgressTests is null
TpTrace Warning: 0 : 20892, 17, 2024/04/24, 21:10:44.063, 4653586024929, testhost.dll, TestRunCache: No test found corresponding to testResult 'DeleteProductExceptionTest' in inProgress list.
TpTrace Verbose: 0 : 20892, 17, 2024/04/24, 21:10:44.063, 4653586026924, testhost.dll, TestExecutionRecorder.RecordStart: Starting test: ShoppingBLTest.ProductBLTest.DeleteProductFailTest.
TpTrace Verbose: 0 : 20892, 17, 2024/04/24, 21:10:44.066, 4653586050464, testhost.dll, TestExecutionRecorder.RecordEnd: test: ShoppingBLTest.ProductBLTest.DeleteProductFailTest execution completed.
TpTrace Verbose: 0 : 20892, 17, 2024/04/24, 21:10:44.068, 4653586074860, testhost.dll, TestExecutionRecorder.RecordResult: Received result for test: ShoppingBLTest.ProductBLTest.DeleteProductFailTest.
TpTrace Warning: 0 : 20892, 17, 2024/04/24, 21:10:44.068, 4653586076828, testhost.dll, TestRunCache: InProgressTests is null
TpTrace Warning: 0 : 20892, 17, 2024/04/24, 21:10:44.068, 4653586077605, testhost.dll, TestRunCache: No test found corresponding to testResult 'DeleteProductFailTest' in inProgress list.
TpTrace Verbose: 0 : 20892, 17, 2024/04/24, 21:10:44.069, 4653586079594, testhost.dll, TestExecutionRecorder.RecordStart: Starting test: ShoppingBLTest.ProductBLTest.DeleteProductSuccessTest.
TpTrace Verbose: 0 : 20892, 17, 2024/04/24, 21:10:44.071, 4653586102183, testhost.dll, TestExecutionRecorder.RecordEnd: test: ShoppingBLTest.ProductBLTest.DeleteProductSuccessTest execution completed.
TpTrace Verbose: 0 : 20892, 17, 2024/04/24, 21:10:44.073, 4653586121457, testhost.dll, TestExecutionRecorder.RecordResult: Received result for test: ShoppingBLTest.ProductBLTest.DeleteProductSuccessTest.
TpTrace Warning: 0 : 20892, 17, 2024/04/24, 21:10:44.073, 4653586123191, testhost.dll, TestRunCache: InProgressTests is null
TpTrace Warning: 0 : 20892, 17, 2024/04/24, 21:10:44.073, 4653586123983, testhost.dll, TestRunCache: No test found corresponding to testResult 'DeleteProductSuccessTest' in inProgress list.
TpTrace Verbose: 0 : 20892, 17, 2024/04/24, 21:10:44.074, 4653586129848, testhost.dll, TestExecutionRecorder.RecordStart: Starting test: ShoppingBLTest.ProductBLTest.GetAllProductExceptionTest.
TpTrace Verbose: 0 : 20892, 17, 2024/04/24, 21:10:44.076, 4653586152645, testhost.dll, TestExecutionRecorder.RecordEnd: test: ShoppingBLTest.ProductBLTest.GetAllProductExceptionTest execution completed.
TpTrace Verbose: 0 : 20892, 17, 2024/04/24, 21:10:44.078, 4653586172129, testhost.dll, TestExecutionRecorder.RecordResult: Received result for test: ShoppingBLTest.ProductBLTest.GetAllProductExceptionTest.
TpTrace Warning: 0 : 20892, 17, 2024/04/24, 21:10:44.078, 4653586173921, testhost.dll, TestRunCache: InProgressTests is null
TpTrace Warning: 0 : 20892, 17, 2024/04/24, 21:10:44.078, 4653586174737, testhost.dll, TestRunCache: No test found corresponding to testResult 'GetAllProductExceptionTest' in inProgress list.
TpTrace Verbose: 0 : 20892, 17, 2024/04/24, 21:10:44.078, 4653586176570, testhost.dll, TestExecutionRecorder.RecordStart: Starting test: ShoppingBLTest.ProductBLTest.GetAllProductFailTest.
TpTrace Verbose: 0 : 20892, 17, 2024/04/24, 21:10:44.080, 4653586197110, testhost.dll, TestExecutionRecorder.RecordEnd: test: ShoppingBLTest.ProductBLTest.GetAllProductFailTest execution completed.
TpTrace Verbose: 0 : 20892, 17, 2024/04/24, 21:10:44.083, 4653586223127, testhost.dll, TestExecutionRecorder.RecordResult: Received result for test: ShoppingBLTest.ProductBLTest.GetAllProductFailTest.
TpTrace Warning: 0 : 20892, 17, 2024/04/24, 21:10:44.083, 4653586224999, testhost.dll, TestRunCache: InProgressTests is null
TpTrace Warning: 0 : 20892, 17, 2024/04/24, 21:10:44.083, 4653586225792, testhost.dll, TestRunCache: No test found corresponding to testResult 'GetAllProductFailTest' in inProgress list.
TpTrace Verbose: 0 : 20892, 17, 2024/04/24, 21:10:44.083, 4653586227823, testhost.dll, TestExecutionRecorder.RecordStart: Starting test: ShoppingBLTest.ProductBLTest.GetAllProductSuccessTest.
TpTrace Verbose: 0 : 20892, 17, 2024/04/24, 21:10:44.086, 4653586251032, testhost.dll, TestExecutionRecorder.RecordEnd: test: ShoppingBLTest.ProductBLTest.GetAllProductSuccessTest execution completed.
TpTrace Verbose: 0 : 20892, 17, 2024/04/24, 21:10:44.088, 4653586269046, testhost.dll, TestExecutionRecorder.RecordResult: Received result for test: ShoppingBLTest.ProductBLTest.GetAllProductSuccessTest.
TpTrace Warning: 0 : 20892, 17, 2024/04/24, 21:10:44.088, 4653586270343, testhost.dll, TestRunCache: InProgressTests is null
TpTrace Warning: 0 : 20892, 17, 2024/04/24, 21:10:44.088, 4653586271044, testhost.dll, TestRunCache: No test found corresponding to testResult 'GetAllProductSuccessTest' in inProgress list.
TpTrace Verbose: 0 : 20892, 17, 2024/04/24, 21:10:44.088, 4653586272871, testhost.dll, TestExecutionRecorder.RecordStart: Starting test: ShoppingBLTest.ProductBLTest.GetProductExceptionTest.
TpTrace Information: 0 : 20892, 17, 2024/04/24, 21:10:44.088, 4653586273651, testhost.dll, Sending test run statistics
TpTrace Verbose: 0 : 20892, 17, 2024/04/24, 21:10:44.089, 4653586285738, testhost.dll, TestRequestHandler.SendData:  sending data from testhost: {"Version":5,"MessageType":"TestExecution.StatsChange","Payload":{"NewTestResults":[{"TestCase":{"Id":"f81672ab-2210-93d8-a182-a5e45e7da6b7","FullyQualifiedName":"ShoppingBLTest.CustomerBLTest.UpdateCustomerExceptionTest","DisplayName":"UpdateCustomerExceptionTest","ExecutorUri":"executor://NUnit3TestExecutor","Source":"C:\\Users\\VC\\Desktop\\DAY 11 - 24.04.2024\\ShoppingSolution\\ShoppingBLTest\\bin\\Debug\\net6.0\\fine-code-coverage\\build-output\\ShoppingBLTest.dll","CodeFilePath":null,"LineNumber":0,"Properties":[{"Key":{"Id":"NUnit.Seed","Label":"Seed","Category":"","Description":"","Attributes":0,"ValueType":"System.String"},"Value":"433660088"}]},"Attachments":[],"Outcome":2,"ErrorMessage":"  Expected: <ShoppingModelLibrary.CustomerExceptions.NoCustomerWithGiveIdException>\r\n  But was:  <System.NullReferenceException: Object reference not set to an instance of an object.\r\n   at ShoppingBLTest.CustomerBLTest.<UpdateCustomerExceptionTest>b__11_0() in C:\\Users\\VC\\Desktop\\DAY 11 - 24.04.2024\\ShoppingSolution\\ShoppingBLTest\\CustomerBLTest.cs:line 88\r\n   at NUnit.Framework.Assert.Throws(IResolveConstraint expression, TestDelegate code, String message, Object[] args)>\r\n","ErrorStackTrace":"   at ShoppingBLTest.CustomerBLTest.UpdateCustomerExceptionTest() in C:\\Users\\VC\\Desktop\\DAY 11 - 24.04.2024\\ShoppingSolution\\ShoppingBLTest\\CustomerBLTest.cs:line 88\r\n","DisplayName":"UpdateCustomerExceptionTest","Messages":[],"ComputerName":"BYQBBX3","Duration":"00:00:00.0017390","StartTime":"2024-04-24T15:40:43.8501835+00:00","EndTime":"2024-04-24T15:40:43.8519225+00:00","Properties":[{"Key":{"Id":"NUnit.Seed","Label":"Seed","Category":"","Description":"","Attributes":0,"ValueType":"System.String"},"Value":"433660088"}]},{"TestCase":{"Id":"8d186c70-6f02-da7a-df14-05b3842301b0","FullyQualifiedName":"ShoppingBLTest.CustomerBLTest.UpdateCustomerFailTest","DisplayName":"UpdateCustomerFailTest","ExecutorUri":"executor://NUnit3TestExecutor","Source":"C:\\Users\\VC\\Desktop\\DAY 11 - 24.04.2024\\ShoppingSolution\\ShoppingBLTest\\bin\\Debug\\net6.0\\fine-code-coverage\\build-output\\ShoppingBLTest.dll","CodeFilePath":null,"LineNumber":0,"Properties":[{"Key":{"Id":"NUnit.Seed","Label":"Seed","Category":"","Description":"","Attributes":0,"ValueType":"System.String"},"Value":"345068051"}]},"Attachments":[],"Outcome":2,"ErrorMessage":"System.NullReferenceException : Object reference not set to an instance of an object.","ErrorStackTrace":"   at ShoppingBLTest.CustomerBLTest.UpdateCustomerFailTest() in C:\\Users\\VC\\Desktop\\DAY 11 - 24.04.2024\\ShoppingSolution\\ShoppingBLTest\\CustomerBLTest.cs:line 81","DisplayName":"UpdateCustomerFailTest","Messages":[],"ComputerName":"BYQBBX3","Duration":"00:00:00.0006280","StartTime":"2024-04-24T15:40:43.8519392+00:00","EndTime":"2024-04-24T15:40:43.8525669+00:00","Properties":[{"Key":{"Id":"NUnit.Seed","Label":"Seed","Category":"","Description":"","Attributes":0,"ValueType":"System.String"},"Value":"345068051"}]},{"TestCase":{"Id":"d5ebe6f8-42e5-7a2c-96e1-62233503e1c2","FullyQualifiedName":"ShoppingBLTest.CustomerBLTest.UpdateCustomerSuccessTest","DisplayName":"UpdateCustomerSuccessTest","ExecutorUri":"executor://NUnit3TestExecutor","Source":"C:\\Users\\VC\\Desktop\\DAY 11 - 24.04.2024\\ShoppingSolution\\ShoppingBLTest\\bin\\Debug\\net6.0\\fine-code-coverage\\build-output\\ShoppingBLTest.dll","CodeFilePath":null,"LineNumber":0,"Properties":[{"Key":{"Id":"NUnit.Seed","Label":"Seed","Category":"","Description":"","Attributes":0,"ValueType":"System.String"},"Value":"2007461583"}]},"Attachments":[],"Outcome":2,"ErrorMessage":"System.NullReferenceException : Object reference not set to an instance of an object.","ErrorStackTrace":"   at ShoppingBLTest.CustomerBLTest.UpdateCustomerSuccessTest() in C:\\Users\\VC\\Desktop\\DAY 11 - 24.04.2024\\ShoppingSolution\\ShoppingBLTest\\CustomerBLTest.cs:line 74","DisplayName":"UpdateCustomerSuccessTest","Messages":[],"ComputerName":"BYQBBX3","Duration":"00:00:00.0006960","StartTime":"2024-04-24T15:40:43.8525821+00:00","EndTime":"2024-04-24T15:40:43.8532778+00:00","Properties":[{"Key":{"Id":"NUnit.Seed","Label":"Seed","Category":"","Description":"","Attributes":0,"ValueType":"System.String"},"Value":"2007461583"}]},{"TestCase":{"Id":"fde23ba8-5e19-6a17-9044-12cc616fa6fb","FullyQualifiedName":"ShoppingBLTest.ProductBLTest.DeleteProductExceptionTest","DisplayName":"DeleteProductExceptionTest","ExecutorUri":"executor://NUnit3TestExecutor","Source":"C:\\Users\\VC\\Desktop\\DAY 11 - 24.04.2024\\ShoppingSolution\\ShoppingBLTest\\bin\\Debug\\net6.0\\fine-code-coverage\\build-output\\ShoppingBLTest.dll","CodeFilePath":null,"LineNumber":0,"Properties":[{"Key":{"Id":"NUnit.Seed","Label":"Seed","Category":"","Description":"","Attributes":0,"ValueType":"System.String"},"Value":"1224332135"}]},"Attachments":[],"Outcome":1,"ErrorMessage":null,"ErrorStackTrace":null,"DisplayName":"DeleteProductExceptionTest","Messages":[],"ComputerName":"BYQBBX3","Duration":"00:00:00.0086660","StartTime":"2024-04-24T15:40:43.8534531+00:00","EndTime":"2024-04-24T15:40:43.8621187+00:00","Properties":[{"Key":{"Id":"NUnit.Seed","Label":"Seed","Category":"","Description":"","Attributes":0,"ValueType":"System.String"},"Value":"1224332135"}]},{"TestCase":{"Id":"81c9ea53-8cd7-b045-26fa-2fa1191cacad","FullyQualifiedName":"ShoppingBLTest.ProductBLTest.DeleteProductFailTest","DisplayName":"DeleteProductFailTest","ExecutorUri":"executor://NUnit3TestExecutor","Source":"C:\\Users\\VC\\Desktop\\DAY 11 - 24.04.2024\\ShoppingSolution\\ShoppingBLTest\\bin\\Debug\\net6.0\\fine-code-coverage\\build-output\\ShoppingBLTest.dll","CodeFilePath":null,"LineNumber":0,"Properties":[{"Key":{"Id":"NUnit.Seed","Label":"Seed","Category":"","Description":"","Attributes":0,"ValueType":"System.String"},"Value":"1588001151"}]},"Attachments":[],"Outcome":2,"ErrorMessage":"ShoppingModelLibrary.ProductExceptions.NoProductWithGivenIDException : Product with the given Id is not present","ErrorStackTrace":"   at ShoppingDALLibrary.ProductRepository.GetByKey(Int32 key) in C:\\Users\\VC\\Desktop\\DAY 11 - 24.04.2024\\ShoppingSolution\\ShoppingDALLibrary\\ProductRepository.cs:line 31\r\n   at ShoppingDALLibrary.ProductRepository.Delete(Int32 key) in C:\\Users\\VC\\Desktop\\DAY 11 - 24.04.2024\\ShoppingSolution\\ShoppingDALLibrary\\ProductRepository.cs:line 16\r\n   at ShoppingBL.ProductBL.deleteProduct(Int32 id) in C:\\Users\\VC\\Desktop\\DAY 11 - 24.04.2024\\ShoppingSolution\\ShoppingBL\\ProductBL.cs:line 27\r\n   at ShoppingBLTest.ProductBLTest.DeleteProductFailTest() in C:\\Users\\VC\\Desktop\\DAY 11 - 24.04.2024\\ShoppingSolution\\ShoppingBLTest\\ProductBLTest.cs:line 32","DisplayName":"DeleteProductFailTest","Messages":[],"ComputerName":"BYQBBX3","Duration":"00:00:00.0078770","StartTime":"2024-04-24T15:40:43.862155+00:00","EndTime":"2024-04-24T15:40:43.8700315+00:00","Properties":[{"Key":{"Id":"NUnit.Seed","Label":"Seed","Category":"","Description":"","Attributes":0,"ValueType":"System.String"},"Value":"1588001151"}]},{"TestCase":{"Id":"8162ef85-527a-eb08-5c66-1f0649dcb9a3","FullyQualifiedName":"ShoppingBLTest.ProductBLTest.DeleteProductSuccessTest","DisplayName":"DeleteProductSuccessTest","ExecutorUri":"executor://NUnit3TestExecutor","Source":"C:\\Users\\VC\\Desktop\\DAY 11 - 24.04.2024\\ShoppingSolution\\ShoppingBLTest\\bin\\Debug\\net6.0\\fine-code-coverage\\build-output\\ShoppingBLTest.dll","CodeFilePath":null,"LineNumber":0,"Properties":[{"Key":{"Id":"NUnit.Seed","Label":"Seed","Category":"","Description":"","Attributes":0,"ValueType":"System.String"},"Value":"1179603036"}]},"Attachments":[],"Outcome":1,"ErrorMessage":null,"ErrorStackTrace":null,"DisplayName":"DeleteProductSuccessTest","Messages":[],"ComputerName":"BYQBBX3","Duration":"00:00:00.0056050","StartTime":"2024-04-24T15:40:43.8700648+00:00","EndTime":"2024-04-24T15:40:43.8756698+00:00","Properties":[{"Key":{"Id":"NUnit.Seed","Label":"Seed","Category":"","Description":"","Attributes":0,"ValueType":"System.String"},"Value":"1179603036"}]},{"TestCase":{"Id":"4151470b-8621-d7b5-4403-39dfeb44c9ec","FullyQualifiedName":"ShoppingBLTest.ProductBLTest.GetAllProductExceptionTest","DisplayName":"GetAllProductExceptionTest","ExecutorUri":"executor://NUnit3TestExecutor","Source":"C:\\Users\\VC\\Desktop\\DAY 11 - 24.04.2024\\ShoppingSolution\\ShoppingBLTest\\bin\\Debug\\net6.0\\fine-code-coverage\\build-output\\ShoppingBLTest.dll","CodeFilePath":null,"LineNumber":0,"Properties":[{"Key":{"Id":"NUnit.Seed","Label":"Seed","Category":"","Description":"","Attributes":0,"ValueType":"System.String"},"Value":"1504721084"}]},"Attachments":[],"Outcome":2,"ErrorMessage":"  Expected: <ShoppingModelLibrary.ProductExceptions.NoProductWithGivenIDException>\r\n  But was:  null\r\n","ErrorStackTrace":"   at ShoppingBLTest.ProductBLTest.GetAllProductExceptionTest() in C:\\Users\\VC\\Desktop\\DAY 11 - 24.04.2024\\ShoppingSolution\\ShoppingBLTest\\ProductBLTest.cs:line 109\r\n","DisplayName":"GetAllProductExceptionTest","Messages":[],"ComputerName":"BYQBBX3","Duration":"00:00:00.0020740","StartTime":"2024-04-24T15:40:43.8756991+00:00","EndTime":"2024-04-24T15:40:43.8777725+00:00","Properties":[{"Key":{"Id":"NUnit.Seed","Label":"Seed","Category":"","Description":"","Attributes":0,"ValueType":"System.String"},"Value":"1504721084"}]},{"TestCase":{"Id":"6b818c61-b3f4-342d-259f-66119e28506f","FullyQualifiedName":"ShoppingBLTest.ProductBLTest.GetAllProductFailTest","DisplayName":"GetAllProductFailTest","ExecutorUri":"executor://NUnit3TestExecutor","Source":"C:\\Users\\VC\\Desktop\\DAY 11 - 24.04.2024\\ShoppingSolution\\ShoppingBLTest\\bin\\Debug\\net6.0\\fine-code-coverage\\build-output\\ShoppingBLTest.dll","CodeFilePath":null,"LineNumber":0,"Properties":[{"Key":{"Id":"NUnit.Seed","Label":"Seed","Category":"","Description":"","Attributes":0,"ValueType":"System.String"},"Value":"1262599231"}]},"Attachments":[],"Outcome":1,"ErrorMessage":null,"ErrorStackTrace":null,"DisplayName":"GetAllProductFailTest","Messages":[],"ComputerName":"BYQBBX3","Duration":"00:00:00.0022870","StartTime":"2024-04-24T15:40:43.8777934+00:00","EndTime":"2024-04-24T15:40:43.8800798+00:00","Properties":[{"Key":{"Id":"NUnit.Seed","Label":"Seed","Category":"","Description":"","Attributes":0,"ValueType":"System.String"},"Value":"1262599231"}]},{"TestCase":{"Id":"b0f9805a-27de-0e03-85f2-6099ebd2c5c4","FullyQualifiedName":"ShoppingBLTest.ProductBLTest.GetAllProductSuccessTest","DisplayName":"GetAllProductSuccessTest","ExecutorUri":"executor://NUnit3TestExecutor","Source":"C:\\Users\\VC\\Desktop\\DAY 11 - 24.04.2024\\ShoppingSolution\\ShoppingBLTest\\bin\\Debug\\net6.0\\fine-code-coverage\\build-output\\ShoppingBLTest.dll","CodeFilePath":null,"LineNumber":0,"Properties":[{"Key":{"Id":"NUnit.Seed","Label":"Seed","Category":"","Description":"","Attributes":0,"ValueType":"System.String"},"Value":"1655196954"}]},"Attachments":[],"Outcome":2,"ErrorMessage":"  Expected: greater than or equal to 1\r\n  But was:  0\r\n","ErrorStackTrace":"   at ShoppingBLTest.ProductBLTest.GetAllProductSuccessTest() in C:\\Users\\VC\\Desktop\\DAY 11 - 24.04.2024\\ShoppingSolution\\ShoppingBLTest\\ProductBLTest.cs:line 95\r\n","DisplayName":"GetAllProductSuccessTest","Messages":[],"ComputerName":"BYQBBX3","Duration":"00:00:00.0017410","StartTime":"2024-04-24T15:40:43.8801421+00:00","EndTime":"2024-04-24T15:40:43.8818827+00:00","Properties":[{"Key":{"Id":"NUnit.Seed","Label":"Seed","Category":"","Description":"","Attributes":0,"ValueType":"System.String"},"Value":"1655196954"}]}],"TestRunStatistics":{"ExecutedTests":27,"Stats":{"Failed":24,"Passed":3}},"ActiveTests":[{"Id":"3c4423ea-6fc8-2032-84b0-709b70950e08","FullyQualifiedName":"ShoppingBLTest.ProductBLTest.GetProductExceptionTest","DisplayName":"GetProductExceptionTest","ExecutorUri":"executor://NUnit3TestExecutor","Source":"C:\\Users\\VC\\Desktop\\DAY 11 - 24.04.2024\\ShoppingSolution\\ShoppingBLTest\\bin\\Debug\\net6.0\\fine-code-coverage\\build-output\\ShoppingBLTest.dll","CodeFilePath":null,"LineNumber":0,"Properties":[{"Key":{"Id":"NUnit.Seed","Label":"Seed","Category":"","Description":"","Attributes":0,"ValueType":"System.String"},"Value":"1660942688"}]}]}}
TpTrace Verbose: 0 : 20892, 17, 2024/04/24, 21:10:44.090, 4653586290121, testhost.dll, TestRunCache: OnNewTestResult: Notified the onCacheHit callback.
TpTrace Verbose: 0 : 20892, 17, 2024/04/24, 21:10:44.092, 4653586315276, testhost.dll, TestExecutionRecorder.RecordEnd: test: ShoppingBLTest.ProductBLTest.GetProductExceptionTest execution completed.
TpTrace Warning: 0 : 20892, 17, 2024/04/24, 21:10:44.092, 4653586316778, testhost.dll, TestRunCache: InProgressTests is null
TpTrace Verbose: 0 : 20892, 17, 2024/04/24, 21:10:44.094, 4653586335603, testhost.dll, TestExecutionRecorder.RecordResult: Received result for test: ShoppingBLTest.ProductBLTest.GetProductExceptionTest.
TpTrace Warning: 0 : 20892, 17, 2024/04/24, 21:10:44.094, 4653586338005, testhost.dll, TestRunCache: InProgressTests is null
TpTrace Warning: 0 : 20892, 17, 2024/04/24, 21:10:44.095, 4653586339317, testhost.dll, TestRunCache: No test found corresponding to testResult 'GetProductExceptionTest' in inProgress list.
TpTrace Verbose: 0 : 20892, 17, 2024/04/24, 21:10:44.095, 4653586342104, testhost.dll, TestExecutionRecorder.RecordStart: Starting test: ShoppingBLTest.ProductBLTest.GetProductFailTest.
TpTrace Verbose: 0 : 20892, 17, 2024/04/24, 21:10:44.098, 4653586376044, testhost.dll, TestExecutionRecorder.RecordEnd: test: ShoppingBLTest.ProductBLTest.GetProductFailTest execution completed.
TpTrace Verbose: 0 : 20892, 17, 2024/04/24, 21:10:44.100, 4653586396782, testhost.dll, TestExecutionRecorder.RecordResult: Received result for test: ShoppingBLTest.ProductBLTest.GetProductFailTest.
TpTrace Warning: 0 : 20892, 17, 2024/04/24, 21:10:44.101, 4653586398686, testhost.dll, TestRunCache: InProgressTests is null
TpTrace Warning: 0 : 20892, 17, 2024/04/24, 21:10:44.101, 4653586399476, testhost.dll, TestRunCache: No test found corresponding to testResult 'GetProductFailTest' in inProgress list.
TpTrace Verbose: 0 : 20892, 17, 2024/04/24, 21:10:44.101, 4653586401402, testhost.dll, TestExecutionRecorder.RecordStart: Starting test: ShoppingBLTest.ProductBLTest.GetProductSuccessTest.
TpTrace Verbose: 0 : 20892, 17, 2024/04/24, 21:10:44.103, 4653586422562, testhost.dll, TestExecutionRecorder.RecordEnd: test: ShoppingBLTest.ProductBLTest.GetProductSuccessTest execution completed.
TpTrace Verbose: 0 : 20892, 17, 2024/04/24, 21:10:44.105, 4653586442813, testhost.dll, TestExecutionRecorder.RecordResult: Received result for test: ShoppingBLTest.ProductBLTest.GetProductSuccessTest.
TpTrace Warning: 0 : 20892, 17, 2024/04/24, 21:10:44.105, 4653586444973, testhost.dll, TestRunCache: InProgressTests is null
TpTrace Warning: 0 : 20892, 17, 2024/04/24, 21:10:44.105, 4653586446108, testhost.dll, TestRunCache: No test found corresponding to testResult 'GetProductSuccessTest' in inProgress list.
TpTrace Verbose: 0 : 20892, 17, 2024/04/24, 21:10:44.106, 4653586449483, testhost.dll, TestExecutionRecorder.RecordStart: Starting test: ShoppingBLTest.ProductBLTest.UpdateProductExceptionTest.
TpTrace Verbose: 0 : 20892, 17, 2024/04/24, 21:10:44.108, 4653586473553, testhost.dll, TestExecutionRecorder.RecordEnd: test: ShoppingBLTest.ProductBLTest.UpdateProductExceptionTest execution completed.
TpTrace Verbose: 0 : 20892, 17, 2024/04/24, 21:10:44.110, 4653586496849, testhost.dll, TestExecutionRecorder.RecordResult: Received result for test: ShoppingBLTest.ProductBLTest.UpdateProductExceptionTest.
TpTrace Warning: 0 : 20892, 17, 2024/04/24, 21:10:44.111, 4653586499979, testhost.dll, TestRunCache: InProgressTests is null
TpTrace Warning: 0 : 20892, 17, 2024/04/24, 21:10:44.111, 4653586500777, testhost.dll, TestRunCache: No test found corresponding to testResult 'UpdateProductExceptionTest' in inProgress list.
TpTrace Verbose: 0 : 20892, 17, 2024/04/24, 21:10:44.111, 4653586503397, testhost.dll, TestExecutionRecorder.RecordStart: Starting test: ShoppingBLTest.ProductBLTest.UpdateProductFailTest.
TpTrace Verbose: 0 : 20892, 12, 2024/04/24, 21:10:44.113, 4653586526593, testhost.dll, TcpClientExtensions.MessageLoopAsync: Polling on remoteEndPoint: [::ffff:127.0.0.1]:59208 localEndPoint: [::ffff:127.0.0.1]:59209
TpTrace Verbose: 0 : 20892, 17, 2024/04/24, 21:10:44.114, 4653586534099, testhost.dll, TestExecutionRecorder.RecordEnd: test: ShoppingBLTest.ProductBLTest.UpdateProductFailTest execution completed.
TpTrace Verbose: 0 : 20892, 17, 2024/04/24, 21:10:44.116, 4653586554641, testhost.dll, TestExecutionRecorder.RecordResult: Received result for test: ShoppingBLTest.ProductBLTest.UpdateProductFailTest.
TpTrace Warning: 0 : 20892, 17, 2024/04/24, 21:10:44.116, 4653586556291, testhost.dll, TestRunCache: InProgressTests is null
TpTrace Warning: 0 : 20892, 17, 2024/04/24, 21:10:44.116, 4653586557040, testhost.dll, TestRunCache: No test found corresponding to testResult 'UpdateProductFailTest' in inProgress list.
TpTrace Verbose: 0 : 20892, 17, 2024/04/24, 21:10:44.117, 4653586559268, testhost.dll, TestExecutionRecorder.RecordStart: Starting test: ShoppingBLTest.ProductBLTest.UpdateProductSuccessTest.
TpTrace Verbose: 0 : 20892, 17, 2024/04/24, 21:10:44.119, 4653586582203, testhost.dll, TestExecutionRecorder.RecordEnd: test: ShoppingBLTest.ProductBLTest.UpdateProductSuccessTest execution completed.
TpTrace Verbose: 0 : 20892, 17, 2024/04/24, 21:10:44.121, 4653586601312, testhost.dll, TestExecutionRecorder.RecordResult: Received result for test: ShoppingBLTest.ProductBLTest.UpdateProductSuccessTest.
TpTrace Warning: 0 : 20892, 17, 2024/04/24, 21:10:44.121, 4653586602819, testhost.dll, TestRunCache: InProgressTests is null
TpTrace Warning: 0 : 20892, 17, 2024/04/24, 21:10:44.121, 4653586603531, testhost.dll, TestRunCache: No test found corresponding to testResult 'UpdateProductSuccessTest' in inProgress list.
TpTrace Information: 0 : 20892, 5, 2024/04/24, 21:10:44.147, 4653586864398, testhost.dll, NUnit Adapter 4.2.0.0: Test execution complete
TpTrace Verbose: 0 : 20892, 5, 2024/04/24, 21:10:44.147, 4653586867663, testhost.dll, TestRequestHandler.SendData:  sending data from testhost: {"Version":5,"MessageType":"TestSession.Message","Payload":{"MessageLevel":0,"Message":"NUnit Adapter 4.2.0.0: Test execution complete"}}
TpTrace Verbose: 0 : 20892, 5, 2024/04/24, 21:10:44.161, 4653587006098, testhost.dll, BaseRunTests.RunTestInternalWithExecutors: Completed running tests for executor://NUnit3TestExecutor
TpTrace Information: 0 : 20892, 5, 2024/04/24, 21:10:44.166, 4653587049630, testhost.dll, Sending test run complete
TpTrace Verbose: 0 : 20892, 5, 2024/04/24, 21:10:44.181, 4653587204265, testhost.dll, TestRequestHandler.SendData:  sending data from testhost: {"Version":5,"MessageType":"TestExecution.Completed","Payload":{"TestRunCompleteArgs":{"TestRunStatistics":{"ExecutedTests":33,"Stats":{"Failed":26,"Passed":7}},"IsCanceled":false,"IsAborted":false,"Error":null,"AttachmentSets":[],"ElapsedTimeInRunningTests":"00:00:00.7983702","Metrics":{}},"LastRunTests":{"NewTestResults":[{"TestCase":{"Id":"3c4423ea-6fc8-2032-84b0-709b70950e08","FullyQualifiedName":"ShoppingBLTest.ProductBLTest.GetProductExceptionTest","DisplayName":"GetProductExceptionTest","ExecutorUri":"executor://NUnit3TestExecutor","Source":"C:\\Users\\VC\\Desktop\\DAY 11 - 24.04.2024\\ShoppingSolution\\ShoppingBLTest\\bin\\Debug\\net6.0\\fine-code-coverage\\build-output\\ShoppingBLTest.dll","CodeFilePath":null,"LineNumber":0,"Properties":[{"Key":{"Id":"NUnit.Seed","Label":"Seed","Category":"","Description":"","Attributes":0,"ValueType":"System.String"},"Value":"1660942688"}]},"Attachments":[],"Outcome":1,"ErrorMessage":null,"ErrorStackTrace":null,"DisplayName":"GetProductExceptionTest","Messages":[],"ComputerName":"BYQBBX3","Duration":"00:00:00.0006840","StartTime":"2024-04-24T15:40:43.8819087+00:00","EndTime":"2024-04-24T15:40:43.8825927+00:00","Properties":[{"Key":{"Id":"NUnit.Seed","Label":"Seed","Category":"","Description":"","Attributes":0,"ValueType":"System.String"},"Value":"1660942688"}]},{"TestCase":{"Id":"5ba8d447-de20-72d8-417b-156acb3c90cc","FullyQualifiedName":"ShoppingBLTest.ProductBLTest.GetProductFailTest","DisplayName":"GetProductFailTest","ExecutorUri":"executor://NUnit3TestExecutor","Source":"C:\\Users\\VC\\Desktop\\DAY 11 - 24.04.2024\\ShoppingSolution\\ShoppingBLTest\\bin\\Debug\\net6.0\\fine-code-coverage\\build-output\\ShoppingBLTest.dll","CodeFilePath":null,"LineNumber":0,"Properties":[{"Key":{"Id":"NUnit.Seed","Label":"Seed","Category":"","Description":"","Attributes":0,"ValueType":"System.String"},"Value":"1662578299"}]},"Attachments":[],"Outcome":2,"ErrorMessage":"ShoppingModelLibrary.ProductExceptions.NoProductWithGivenIDException : Product with the given Id is not present","ErrorStackTrace":"   at ShoppingDALLibrary.ProductRepository.GetByKey(Int32 key) in C:\\Users\\VC\\Desktop\\DAY 11 - 24.04.2024\\ShoppingSolution\\ShoppingDALLibrary\\ProductRepository.cs:line 31\r\n   at ShoppingBL.ProductBL.GetProduct(Int32 id) in C:\\Users\\VC\\Desktop\\DAY 11 - 24.04.2024\\ShoppingSolution\\ShoppingBL\\ProductBL.cs:line 47\r\n   at ShoppingBLTest.ProductBLTest.GetProductFailTest() in C:\\Users\\VC\\Desktop\\DAY 11 - 24.04.2024\\ShoppingSolution\\ShoppingBLTest\\ProductBLTest.cs:line 55","DisplayName":"GetProductFailTest","Messages":[],"ComputerName":"BYQBBX3","Duration":"00:00:00.0010920","StartTime":"2024-04-24T15:40:43.8826326+00:00","EndTime":"2024-04-24T15:40:43.8837246+00:00","Properties":[{"Key":{"Id":"NUnit.Seed","Label":"Seed","Category":"","Description":"","Attributes":0,"ValueType":"System.String"},"Value":"1662578299"}]},{"TestCase":{"Id":"0fee2280-a88e-c04e-e82f-4c57bb482228","FullyQualifiedName":"ShoppingBLTest.ProductBLTest.GetProductSuccessTest","DisplayName":"GetProductSuccessTest","ExecutorUri":"executor://NUnit3TestExecutor","Source":"C:\\Users\\VC\\Desktop\\DAY 11 - 24.04.2024\\ShoppingSolution\\ShoppingBLTest\\bin\\Debug\\net6.0\\fine-code-coverage\\build-output\\ShoppingBLTest.dll","CodeFilePath":null,"LineNumber":0,"Properties":[{"Key":{"Id":"NUnit.Seed","Label":"Seed","Category":"","Description":"","Attributes":0,"ValueType":"System.String"},"Value":"507849108"}]},"Attachments":[],"Outcome":1,"ErrorMessage":null,"ErrorStackTrace":null,"DisplayName":"GetProductSuccessTest","Messages":[],"ComputerName":"BYQBBX3","Duration":"00:00:00.0002380","StartTime":"2024-04-24T15:40:43.8837449+00:00","EndTime":"2024-04-24T15:40:43.8839831+00:00","Properties":[{"Key":{"Id":"NUnit.Seed","Label":"Seed","Category":"","Description":"","Attributes":0,"ValueType":"System.String"},"Value":"507849108"}]},{"TestCase":{"Id":"f50f2fcb-86d4-2941-8685-e769f617b0a4","FullyQualifiedName":"ShoppingBLTest.ProductBLTest.UpdateProductExceptionTest","DisplayName":"UpdateProductExceptionTest","ExecutorUri":"executor://NUnit3TestExecutor","Source":"C:\\Users\\VC\\Desktop\\DAY 11 - 24.04.2024\\ShoppingSolution\\ShoppingBLTest\\bin\\Debug\\net6.0\\fine-code-coverage\\build-output\\ShoppingBLTest.dll","CodeFilePath":null,"LineNumber":0,"Properties":[{"Key":{"Id":"NUnit.Seed","Label":"Seed","Category":"","Description":"","Attributes":0,"ValueType":"System.String"},"Value":"608249702"}]},"Attachments":[],"Outcome":1,"ErrorMessage":null,"ErrorStackTrace":null,"DisplayName":"UpdateProductExceptionTest","Messages":[],"ComputerName":"BYQBBX3","Duration":"00:00:00.0007180","StartTime":"2024-04-24T15:40:43.8839985+00:00","EndTime":"2024-04-24T15:40:43.8847163+00:00","Properties":[{"Key":{"Id":"NUnit.Seed","Label":"Seed","Category":"","Description":"","Attributes":0,"ValueType":"System.String"},"Value":"608249702"}]},{"TestCase":{"Id":"074ee0f0-2035-6a9e-6c66-8923bafaf1f6","FullyQualifiedName":"ShoppingBLTest.ProductBLTest.UpdateProductFailTest","DisplayName":"UpdateProductFailTest","ExecutorUri":"executor://NUnit3TestExecutor","Source":"C:\\Users\\VC\\Desktop\\DAY 11 - 24.04.2024\\ShoppingSolution\\ShoppingBLTest\\bin\\Debug\\net6.0\\fine-code-coverage\\build-output\\ShoppingBLTest.dll","CodeFilePath":null,"LineNumber":0,"Properties":[{"Key":{"Id":"NUnit.Seed","Label":"Seed","Category":"","Description":"","Attributes":0,"ValueType":"System.String"},"Value":"947526450"}]},"Attachments":[],"Outcome":2,"ErrorMessage":"ShoppingModelLibrary.ProductExceptions.NoProductWithGivenIDException : Product with the given Id is not present","ErrorStackTrace":"   at ShoppingDALLibrary.ProductRepository.GetByKey(Int32 key) in C:\\Users\\VC\\Desktop\\DAY 11 - 24.04.2024\\ShoppingSolution\\ShoppingDALLibrary\\ProductRepository.cs:line 31\r\n   at ShoppingBL.ProductBL.UpdateProductName(Int32 id, String Newname) in C:\\Users\\VC\\Desktop\\DAY 11 - 24.04.2024\\ShoppingSolution\\ShoppingBL\\ProductBL.cs:line 57\r\n   at ShoppingBLTest.ProductBLTest.UpdateProductFailTest() in C:\\Users\\VC\\Desktop\\DAY 11 - 24.04.2024\\ShoppingSolution\\ShoppingBLTest\\ProductBLTest.cs:line 78","DisplayName":"UpdateProductFailTest","Messages":[],"ComputerName":"BYQBBX3","Duration":"00:00:00.0010940","StartTime":"2024-04-24T15:40:43.8847391+00:00","EndTime":"2024-04-24T15:40:43.8858332+00:00","Properties":[{"Key":{"Id":"NUnit.Seed","Label":"Seed","Category":"","Description":"","Attributes":0,"ValueType":"System.String"},"Value":"947526450"}]},{"TestCase":{"Id":"87e36e8f-a7fb-1956-479f-ce41caa2ec4b","FullyQualifiedName":"ShoppingBLTest.ProductBLTest.UpdateProductSuccessTest","DisplayName":"UpdateProductSuccessTest","ExecutorUri":"executor://NUnit3TestExecutor","Source":"C:\\Users\\VC\\Desktop\\DAY 11 - 24.04.2024\\ShoppingSolution\\ShoppingBLTest\\bin\\Debug\\net6.0\\fine-code-coverage\\build-output\\ShoppingBLTest.dll","CodeFilePath":null,"LineNumber":0,"Properties":[{"Key":{"Id":"NUnit.Seed","Label":"Seed","Category":"","Description":"","Attributes":0,"ValueType":"System.String"},"Value":"1206006764"}]},"Attachments":[],"Outcome":1,"ErrorMessage":null,"ErrorStackTrace":null,"DisplayName":"UpdateProductSuccessTest","Messages":[],"ComputerName":"BYQBBX3","Duration":"00:00:00.0007249","StartTime":"2024-04-24T15:40:43.8858527+00:00","EndTime":"2024-04-24T15:40:43.8865774+00:00","Properties":[{"Key":{"Id":"NUnit.Seed","Label":"Seed","Category":"","Description":"","Attributes":0,"ValueType":"System.String"},"Value":"1206006764"}]}],"TestRunStatistics":{"ExecutedTests":33,"Stats":{"Failed":26,"Passed":7}},"ActiveTests":[]},"RunAttachments":[],"ExecutorUris":["executor://nunit3testexecutor/"]}}
TpTrace Verbose: 0 : 20892, 5, 2024/04/24, 21:10:44.182, 4653587211975, testhost.dll, BaseRunTests.RunTests: Run is complete.
TpTrace Verbose: 0 : 20892, 12, 2024/04/24, 21:10:44.183, 4653587223377, testhost.dll, TcpClientExtensions.MessageLoopAsync: NotifyDataAvailable remoteEndPoint: [::ffff:127.0.0.1]:59208 localEndPoint: [::ffff:127.0.0.1]:59209
TpTrace Information: 0 : 20892, 12, 2024/04/24, 21:10:44.183, 4653587226237, testhost.dll, TestRequestHandler.OnMessageReceived: received message: (TestSession.Terminate) -> null
TpTrace Information: 0 : 20892, 12, 2024/04/24, 21:10:44.183, 4653587227663, testhost.dll, Session End message received from server. Closing the connection.
TpTrace Information: 0 : 20892, 12, 2024/04/24, 21:10:44.184, 4653587233520, testhost.dll, SocketClient.Stop: Stop communication from server endpoint: 127.0.0.1:059208
TpTrace Information: 0 : 20892, 12, 2024/04/24, 21:10:44.184, 4653587234598, testhost.dll, SocketClient: Stop: Cancellation requested. Stopping message loop.
TpTrace Verbose: 0 : 20892, 12, 2024/04/24, 21:10:44.184, 4653587236770, testhost.dll, LengthPrefixCommunicationChannel.Dispose: Dispose reader and writer.
TpTrace Information: 0 : 20892, 12, 2024/04/24, 21:10:44.184, 4653587237889, testhost.dll, Closing the connection !
TpTrace Information: 0 : 20892, 12, 2024/04/24, 21:10:44.185, 4653587242573, testhost.dll, SocketClient.PrivateStop: Stop communication from server endpoint: 127.0.0.1:059208, error:
TpTrace Verbose: 0 : 20892, 12, 2024/04/24, 21:10:44.185, 4653587247788, testhost.dll, LengthPrefixCommunicationChannel.Dispose: Dispose reader and writer.
TpTrace Verbose: 0 : 20892, 12, 2024/04/24, 21:10:44.186, 4653587249034, testhost.dll, TcpClientExtensions.MessageLoopAsync: exiting MessageLoopAsync remoteEndPoint: [::ffff:127.0.0.1]:59208 localEndPoint: [::ffff:127.0.0.1]:59209
TpTrace Information: 0 : 20892, 1, 2024/04/24, 21:10:44.185, 4653587247833, testhost.dll, Closing the connection !
TpTrace Information: 0 : 20892, 1, 2024/04/24, 21:10:44.186, 4653587251602, testhost.dll, SocketClient.Stop: Stop communication from server endpoint: 127.0.0.1:059208
TpTrace Verbose: 0 : 20892, 1, 2024/04/24, 21:10:44.186, 4653587252656, testhost.dll, LengthPrefixCommunicationChannel.Dispose: Dispose reader and writer.
TpTrace Information: 0 : 20892, 1, 2024/04/24, 21:10:44.186, 4653587254380, testhost.dll, Testhost process exiting.
