TpTrace Verbose: 0 : 24548, 1, 2024/04/24, 21:10:41.856, 4653563950378, vstest.console.dll, Version: 17.9.0-release-24072-02 Current process architecture: X64
TpTrace Verbose: 0 : 24548, 1, 2024/04/24, 21:10:41.863, 4653564025059, vstest.console.dll, Runtime location: C:\Program Files\dotnet\shared\Microsoft.NETCore.App\8.0.3
TpTrace Verbose: 0 : 24548, 1, 2024/04/24, 21:10:41.868, 4653564076876, vstest.console.dll, ArtifactProcessingPostProcessModeProcessorExecutor.Initialize: ArtifactProcessingMode.Collect
TpTrace Verbose: 0 : 24548, 1, 2024/04/24, 21:10:41.869, 4653564081475, vstest.console.dll, TestSessionCorrelationIdProcessorModeProcessorExecutor.Initialize: TestSessionCorrelationId '32884_14f94493-8990-4673-82fa-cbbe63d96d3f'
TpTrace Information: 0 : 24548, 1, 2024/04/24, 21:10:41.886, 4653564250139, vstest.console.dll, FilePatternParser: The given file C:\Users\VC\Desktop\DAY 11 - 24.04.2024\ShoppingSolution\ShoppingBLTest\bin\Debug\net6.0\fine-code-coverage\build-output\ShoppingBLTest.dll is a full path.
TpTrace Verbose: 0 : 24548, 1, 2024/04/24, 21:10:41.895, 4653564344858, vstest.console.dll, TestPluginCache.DiscoverTestExtensions: finding test extensions in assemblies ends with: RuntimeProvider.dll TPluginInfo: Microsoft.VisualStudio.TestPlatform.Common.ExtensionFramework.Utilities.TestRuntimePluginInformation TExtension: Microsoft.VisualStudio.TestPlatform.ObjectModel.Host.ITestRuntimeProvider
TpTrace Verbose: 0 : 24548, 1, 2024/04/24, 21:10:41.896, 4653564351365, vstest.console.dll, TestPluginCache.GetExtensionPaths: Filtered extension paths: 
TpTrace Verbose: 0 : 24548, 1, 2024/04/24, 21:10:41.896, 4653564353314, vstest.console.dll, TestPluginCache.GetExtensionPaths: Added default extension paths: C:\Program Files\dotnet\sdk\8.0.202\Extensions\Microsoft.Diagnostics.NETCore.Client.dll
C:\Program Files\dotnet\sdk\8.0.202\Extensions\Microsoft.TestPlatform.Extensions.BlameDataCollector.dll
C:\Program Files\dotnet\sdk\8.0.202\Extensions\Microsoft.TestPlatform.Extensions.EventLogCollector.dll
C:\Program Files\dotnet\sdk\8.0.202\Extensions\Microsoft.TestPlatform.TestHostRuntimeProvider.dll
C:\Program Files\dotnet\sdk\8.0.202\Extensions\Microsoft.VisualStudio.TestPlatform.Extensions.Html.TestLogger.dll
C:\Program Files\dotnet\sdk\8.0.202\Extensions\Microsoft.VisualStudio.TestPlatform.Extensions.Trx.TestLogger.dll
TpTrace Verbose: 0 : 24548, 1, 2024/04/24, 21:10:41.896, 4653564354211, vstest.console.dll, TestPluginCache.GetExtensionPaths: Added unfilterableExtensionPaths: 
TpTrace Information: 0 : 24548, 1, 2024/04/24, 21:10:41.898, 4653564368789, vstest.console.dll, AssemblyResolver.ctor: Creating AssemblyResolver with searchDirectories C:\Program Files\dotnet\sdk\8.0.202\Extensions,C:\Program Files\dotnet\sdk\8.0.202
TpTrace Verbose: 0 : 24548, 1, 2024/04/24, 21:10:41.901, 4653564402300, vstest.console.dll, TestPluginCache.DiscoverTestExtensions: Discovering the extensions using extension path.
TpTrace Verbose: 0 : 24548, 1, 2024/04/24, 21:10:41.901, 4653564405621, vstest.console.dll, TestPluginCache.GetExtensionPaths: Filtered extension paths: 
TpTrace Verbose: 0 : 24548, 1, 2024/04/24, 21:10:41.901, 4653564406761, vstest.console.dll, TestPluginCache.GetExtensionPaths: Added default extension paths: C:\Program Files\dotnet\sdk\8.0.202\Extensions\Microsoft.Diagnostics.NETCore.Client.dll
C:\Program Files\dotnet\sdk\8.0.202\Extensions\Microsoft.TestPlatform.Extensions.BlameDataCollector.dll
C:\Program Files\dotnet\sdk\8.0.202\Extensions\Microsoft.TestPlatform.Extensions.EventLogCollector.dll
C:\Program Files\dotnet\sdk\8.0.202\Extensions\Microsoft.TestPlatform.TestHostRuntimeProvider.dll
C:\Program Files\dotnet\sdk\8.0.202\Extensions\Microsoft.VisualStudio.TestPlatform.Extensions.Html.TestLogger.dll
C:\Program Files\dotnet\sdk\8.0.202\Extensions\Microsoft.VisualStudio.TestPlatform.Extensions.Trx.TestLogger.dll
TpTrace Verbose: 0 : 24548, 1, 2024/04/24, 21:10:41.901, 4653564407500, vstest.console.dll, TestPluginCache.GetExtensionPaths: Added unfilterableExtensionPaths: 
TpTrace Verbose: 0 : 24548, 1, 2024/04/24, 21:10:41.902, 4653564409048, vstest.console.dll, TestPluginCache.DiscoverTestExtensions: Discovering the extensions using allExtensionPaths: C:\Program Files\dotnet\sdk\8.0.202\Extensions\Microsoft.Diagnostics.NETCore.Client.dll
C:\Program Files\dotnet\sdk\8.0.202\Extensions\Microsoft.TestPlatform.Extensions.BlameDataCollector.dll
C:\Program Files\dotnet\sdk\8.0.202\Extensions\Microsoft.TestPlatform.Extensions.EventLogCollector.dll
C:\Program Files\dotnet\sdk\8.0.202\Extensions\Microsoft.TestPlatform.TestHostRuntimeProvider.dll
C:\Program Files\dotnet\sdk\8.0.202\Extensions\Microsoft.VisualStudio.TestPlatform.Extensions.Html.TestLogger.dll
C:\Program Files\dotnet\sdk\8.0.202\Extensions\Microsoft.VisualStudio.TestPlatform.Extensions.Trx.TestLogger.dll
TpTrace Information: 0 : 24548, 1, 2024/04/24, 21:10:41.902, 4653564412133, vstest.console.dll, AssemblyResolver.AddSearchDirectories: Adding more searchDirectories C:\Program Files\dotnet\sdk\8.0.202\Extensions,C:\Program Files\dotnet\sdk\8.0.202
TpTrace Information: 0 : 24548, 1, 2024/04/24, 21:10:41.902, 4653564413460, vstest.console.dll, AssemblyResolver.AddSearchDirectories: Adding more searchDirectories C:\Program Files\dotnet\sdk\8.0.202\Extensions,C:\Program Files\dotnet\sdk\8.0.202
TpTrace Information: 0 : 24548, 1, 2024/04/24, 21:10:41.902, 4653564414248, vstest.console.dll, AssemblyResolver.AddSearchDirectories: Adding more searchDirectories C:\Program Files\dotnet\sdk\8.0.202\Extensions,C:\Program Files\dotnet\sdk\8.0.202
TpTrace Information: 0 : 24548, 1, 2024/04/24, 21:10:41.902, 4653564414965, vstest.console.dll, AssemblyResolver.AddSearchDirectories: Adding more searchDirectories C:\Program Files\dotnet\sdk\8.0.202\Extensions,C:\Program Files\dotnet\sdk\8.0.202
TpTrace Information: 0 : 24548, 1, 2024/04/24, 21:10:41.902, 4653564415784, vstest.console.dll, AssemblyResolver.AddSearchDirectories: Adding more searchDirectories C:\Program Files\dotnet\sdk\8.0.202\Extensions,C:\Program Files\dotnet\sdk\8.0.202
TpTrace Information: 0 : 24548, 1, 2024/04/24, 21:10:41.902, 4653564416487, vstest.console.dll, AssemblyResolver.AddSearchDirectories: Adding more searchDirectories C:\Program Files\dotnet\sdk\8.0.202\Extensions,C:\Program Files\dotnet\sdk\8.0.202
TpTrace Information: 0 : 24548, 1, 2024/04/24, 21:10:41.903, 4653564426929, vstest.console.dll, AssemblyResolver.OnResolve: Microsoft.Diagnostics.NETCore.Client: Resolving assembly.
TpTrace Information: 0 : 24548, 1, 2024/04/24, 21:10:41.904, 4653564428740, vstest.console.dll, AssemblyResolver.OnResolve: Microsoft.Diagnostics.NETCore.Client: Searching in: 'C:\Program Files\dotnet\sdk\8.0.202\Extensions'.
TpTrace Information: 0 : 24548, 1, 2024/04/24, 21:10:41.917, 4653564560714, vstest.console.dll, AssemblyResolver.OnResolve: Microsoft.Diagnostics.NETCore.Client: Loading assembly 'C:\Program Files\dotnet\sdk\8.0.202\Extensions\Microsoft.Diagnostics.NETCore.Client.dll'.
TpTrace Information: 0 : 24548, 1, 2024/04/24, 21:10:41.918, 4653564569534, vstest.console.dll, AssemblyResolver.OnResolve: Resolved assembly: Microsoft.Diagnostics.NETCore.Client, from path: C:\Program Files\dotnet\sdk\8.0.202\Extensions\Microsoft.Diagnostics.NETCore.Client.dll
TpTrace Verbose: 0 : 24548, 1, 2024/04/24, 21:10:41.923, 4653564622067, vstest.console.dll, MetadataReaderExtensionsHelper: Discovering extensions inside assembly 'Microsoft.Diagnostics.NETCore.Client, Version=0.2.9.2401, Culture=neutral, PublicKeyToken=31bf3856ad364e35' file path 'C:\Program Files\dotnet\sdk\8.0.202\Extensions\Microsoft.Diagnostics.NETCore.Client.dll'
TpTrace Information: 0 : 24548, 1, 2024/04/24, 21:10:41.927, 4653564661187, vstest.console.dll, AssemblyResolver.OnResolve: Microsoft.Bcl.AsyncInterfaces: Resolving assembly.
TpTrace Information: 0 : 24548, 1, 2024/04/24, 21:10:41.927, 4653564662085, vstest.console.dll, AssemblyResolver.OnResolve: Microsoft.Bcl.AsyncInterfaces: Searching in: 'C:\Program Files\dotnet\sdk\8.0.202\Extensions'.
TpTrace Information: 0 : 24548, 1, 2024/04/24, 21:10:41.927, 4653564663018, vstest.console.dll, AssemblyResolver.OnResolve: Microsoft.Bcl.AsyncInterfaces: Assembly path does not exist: 'C:\Program Files\dotnet\sdk\8.0.202\Extensions\Microsoft.Bcl.AsyncInterfaces.dll', returning.
TpTrace Information: 0 : 24548, 1, 2024/04/24, 21:10:41.927, 4653564663995, vstest.console.dll, AssemblyResolver.OnResolve: Microsoft.Bcl.AsyncInterfaces: Assembly path does not exist: 'C:\Program Files\dotnet\sdk\8.0.202\Extensions\Microsoft.Bcl.AsyncInterfaces.exe', returning.
TpTrace Information: 0 : 24548, 1, 2024/04/24, 21:10:41.927, 4653564664458, vstest.console.dll, AssemblyResolver.OnResolve: Microsoft.Bcl.AsyncInterfaces: Searching in: 'C:\Program Files\dotnet\sdk\8.0.202'.
TpTrace Information: 0 : 24548, 1, 2024/04/24, 21:10:41.927, 4653564665102, vstest.console.dll, AssemblyResolver.OnResolve: Microsoft.Bcl.AsyncInterfaces: Assembly path does not exist: 'C:\Program Files\dotnet\sdk\8.0.202\Microsoft.Bcl.AsyncInterfaces.dll', returning.
TpTrace Information: 0 : 24548, 1, 2024/04/24, 21:10:41.927, 4653564665602, vstest.console.dll, AssemblyResolver.OnResolve: Microsoft.Bcl.AsyncInterfaces: Assembly path does not exist: 'C:\Program Files\dotnet\sdk\8.0.202\Microsoft.Bcl.AsyncInterfaces.exe', returning.
TpTrace Information: 0 : 24548, 1, 2024/04/24, 21:10:41.927, 4653564665894, vstest.console.dll, AssemblyResolver.OnResolve: Microsoft.Bcl.AsyncInterfaces: Failed to load assembly.
TpTrace Verbose: 0 : 24548, 1, 2024/04/24, 21:10:41.927, 4653564666319, vstest.console.dll, CurrentDomainAssemblyResolve: Resolving assembly 'Microsoft.Bcl.AsyncInterfaces'.
TpTrace Information: 0 : 24548, 1, 2024/04/24, 21:10:41.927, 4653564666939, vstest.console.dll, AssemblyResolver.OnResolve: Microsoft.Bcl.AsyncInterfaces: Resolving assembly.
TpTrace Information: 0 : 24548, 1, 2024/04/24, 21:10:41.927, 4653564667314, vstest.console.dll, AssemblyResolver.OnResolve: Microsoft.Bcl.AsyncInterfaces: Resolved from cache.
TpTrace Verbose: 0 : 24548, 1, 2024/04/24, 21:10:41.927, 4653564667610, vstest.console.dll, CurrentDomainAssemblyResolve: Resolving assembly 'Microsoft.Bcl.AsyncInterfaces'.
TpTrace Verbose: 0 : 24548, 1, 2024/04/24, 21:10:41.927, 4653564667952, vstest.console.dll, CurrentDomainAssemblyResolve: Failed to resolve assembly 'Microsoft.Bcl.AsyncInterfaces'.
TpTrace Verbose: 0 : 24548, 1, 2024/04/24, 21:10:41.928, 4653564673881, vstest.console.dll, CurrentDomainAssemblyResolve: Failed to resolve assembly 'Microsoft.Bcl.AsyncInterfaces'.
TpTrace Warning: 0 : 24548, 1, 2024/04/24, 21:10:41.938, 4653564774009, vstest.console.dll, TestPluginDiscoverer: Failed to get types from assembly 'Microsoft.Diagnostics.NETCore.Client, Version=0.2.9.2401, Culture=neutral, PublicKeyToken=31bf3856ad364e35'. Error: System.Reflection.ReflectionTypeLoadException: Unable to load one or more of the requested types.
Could not load file or assembly 'Microsoft.Bcl.AsyncInterfaces, Version=6.0.0.0, Culture=neutral, PublicKeyToken=cc7b13ffcd2ddd51'. The system cannot find the file specified.
   at System.Reflection.RuntimeModule.GetTypes(RuntimeModule module)
   at System.Reflection.RuntimeModule.GetTypes()
   at Microsoft.VisualStudio.TestPlatform.Common.ExtensionFramework.TestPluginDiscoverer.GetTestExtensionsFromAssembly[TPluginInfo,TExtension](Assembly assembly, Dictionary`2 pluginInfos, String filePath) in /_/src/Microsoft.TestPlatform.Common/ExtensionFramework/TestPluginDiscoverer.cs:line 158
System.IO.FileNotFoundException: Could not load file or assembly 'Microsoft.Bcl.AsyncInterfaces, Version=6.0.0.0, Culture=neutral, PublicKeyToken=cc7b13ffcd2ddd51'. The system cannot find the file specified.
File name: 'Microsoft.Bcl.AsyncInterfaces, Version=6.0.0.0, Culture=neutral, PublicKeyToken=cc7b13ffcd2ddd51'
 ---> System.IO.FileNotFoundException: Could not load file or assembly 'Microsoft.Bcl.AsyncInterfaces, Culture=neutral, PublicKeyToken=null'. The system cannot find the file specified.
File name: 'Microsoft.Bcl.AsyncInterfaces, Culture=neutral, PublicKeyToken=null'
   at System.Reflection.RuntimeAssembly.InternalLoad(AssemblyName assemblyName, StackCrawlMark& stackMark, AssemblyLoadContext assemblyLoadContext, RuntimeAssembly requestingAssembly, Boolean throwOnFileNotFound)
   at System.Reflection.Assembly.Load(AssemblyName assemblyRef)
   at Microsoft.VisualStudio.TestPlatform.Common.ExtensionFramework.TestPluginCache.CurrentDomainAssemblyResolve(Object sender, AssemblyResolveEventArgs args) in /_/src/Microsoft.TestPlatform.Common/ExtensionFramework/TestPluginCache.cs:line 513
   at System.Runtime.Loader.AssemblyLoadContext.GetFirstResolvedAssemblyFromResolvingEvent(AssemblyName assemblyName)
   at System.Runtime.Loader.AssemblyLoadContext.ResolveUsingEvent(AssemblyName assemblyName)
   at System.Runtime.Loader.AssemblyLoadContext.ResolveUsingResolvingEvent(IntPtr gchManagedAssemblyLoadContext, AssemblyName assemblyName)
TpTrace Warning: 0 : 24548, 1, 2024/04/24, 21:10:41.938, 4653564777611, vstest.console.dll, LoaderExceptions: System.IO.FileNotFoundException: Could not load file or assembly 'Microsoft.Bcl.AsyncInterfaces, Version=6.0.0.0, Culture=neutral, PublicKeyToken=cc7b13ffcd2ddd51'. The system cannot find the file specified.
File name: 'Microsoft.Bcl.AsyncInterfaces, Version=6.0.0.0, Culture=neutral, PublicKeyToken=cc7b13ffcd2ddd51'
 ---> System.IO.FileNotFoundException: Could not load file or assembly 'Microsoft.Bcl.AsyncInterfaces, Culture=neutral, PublicKeyToken=null'. The system cannot find the file specified.
File name: 'Microsoft.Bcl.AsyncInterfaces, Culture=neutral, PublicKeyToken=null'
   at System.Reflection.RuntimeAssembly.InternalLoad(AssemblyName assemblyName, StackCrawlMark& stackMark, AssemblyLoadContext assemblyLoadContext, RuntimeAssembly requestingAssembly, Boolean throwOnFileNotFound)
   at System.Reflection.Assembly.Load(AssemblyName assemblyRef)
   at Microsoft.VisualStudio.TestPlatform.Common.ExtensionFramework.TestPluginCache.CurrentDomainAssemblyResolve(Object sender, AssemblyResolveEventArgs args) in /_/src/Microsoft.TestPlatform.Common/ExtensionFramework/TestPluginCache.cs:line 513
   at System.Runtime.Loader.AssemblyLoadContext.GetFirstResolvedAssemblyFromResolvingEvent(AssemblyName assemblyName)
   at System.Runtime.Loader.AssemblyLoadContext.ResolveUsingEvent(AssemblyName assemblyName)
   at System.Runtime.Loader.AssemblyLoadContext.ResolveUsingResolvingEvent(IntPtr gchManagedAssemblyLoadContext, AssemblyName assemblyName)
TpTrace Information: 0 : 24548, 1, 2024/04/24, 21:10:41.939, 4653564779270, vstest.console.dll, AssemblyResolver.OnResolve: Microsoft.TestPlatform.Extensions.BlameDataCollector: Resolving assembly.
TpTrace Information: 0 : 24548, 1, 2024/04/24, 21:10:41.939, 4653564779727, vstest.console.dll, AssemblyResolver.OnResolve: Microsoft.TestPlatform.Extensions.BlameDataCollector: Searching in: 'C:\Program Files\dotnet\sdk\8.0.202\Extensions'.
TpTrace Information: 0 : 24548, 1, 2024/04/24, 21:10:41.939, 4653564782657, vstest.console.dll, AssemblyResolver.OnResolve: Microsoft.TestPlatform.Extensions.BlameDataCollector: Loading assembly 'C:\Program Files\dotnet\sdk\8.0.202\Extensions\Microsoft.TestPlatform.Extensions.BlameDataCollector.dll'.
TpTrace Information: 0 : 24548, 1, 2024/04/24, 21:10:41.939, 4653564788200, vstest.console.dll, AssemblyResolver.OnResolve: Resolved assembly: Microsoft.TestPlatform.Extensions.BlameDataCollector, from path: C:\Program Files\dotnet\sdk\8.0.202\Extensions\Microsoft.TestPlatform.Extensions.BlameDataCollector.dll
TpTrace Verbose: 0 : 24548, 1, 2024/04/24, 21:10:41.940, 4653564789078, vstest.console.dll, MetadataReaderExtensionsHelper: Discovering extensions inside assembly 'Microsoft.TestPlatform.Extensions.BlameDataCollector, Version=15.0.0.0, Culture=neutral, PublicKeyToken=b03f5f7f11d50a3a' file path 'C:\Program Files\dotnet\sdk\8.0.202\Extensions\Microsoft.TestPlatform.Extensions.BlameDataCollector.dll'
TpTrace Information: 0 : 24548, 1, 2024/04/24, 21:10:41.941, 4653564800192, vstest.console.dll, AssemblyResolver.OnResolve: Microsoft.TestPlatform.Extensions.EventLogCollector: Resolving assembly.
TpTrace Information: 0 : 24548, 1, 2024/04/24, 21:10:41.941, 4653564800783, vstest.console.dll, AssemblyResolver.OnResolve: Microsoft.TestPlatform.Extensions.EventLogCollector: Searching in: 'C:\Program Files\dotnet\sdk\8.0.202\Extensions'.
TpTrace Information: 0 : 24548, 1, 2024/04/24, 21:10:41.941, 4653564803408, vstest.console.dll, AssemblyResolver.OnResolve: Microsoft.TestPlatform.Extensions.EventLogCollector: Loading assembly 'C:\Program Files\dotnet\sdk\8.0.202\Extensions\Microsoft.TestPlatform.Extensions.EventLogCollector.dll'.
TpTrace Information: 0 : 24548, 1, 2024/04/24, 21:10:41.941, 4653564808071, vstest.console.dll, AssemblyResolver.OnResolve: Resolved assembly: Microsoft.TestPlatform.Extensions.EventLogCollector, from path: C:\Program Files\dotnet\sdk\8.0.202\Extensions\Microsoft.TestPlatform.Extensions.EventLogCollector.dll
TpTrace Verbose: 0 : 24548, 1, 2024/04/24, 21:10:41.942, 4653564808695, vstest.console.dll, MetadataReaderExtensionsHelper: Discovering extensions inside assembly 'Microsoft.TestPlatform.Extensions.EventLogCollector, Version=15.0.0.0, Culture=neutral, PublicKeyToken=b03f5f7f11d50a3a' file path 'C:\Program Files\dotnet\sdk\8.0.202\Extensions\Microsoft.TestPlatform.Extensions.EventLogCollector.dll'
TpTrace Information: 0 : 24548, 1, 2024/04/24, 21:10:41.943, 4653564826152, vstest.console.dll, AssemblyResolver.OnResolve: Microsoft.TestPlatform.TestHostRuntimeProvider: Resolving assembly.
TpTrace Information: 0 : 24548, 1, 2024/04/24, 21:10:41.943, 4653564826751, vstest.console.dll, AssemblyResolver.OnResolve: Microsoft.TestPlatform.TestHostRuntimeProvider: Searching in: 'C:\Program Files\dotnet\sdk\8.0.202\Extensions'.
TpTrace Information: 0 : 24548, 1, 2024/04/24, 21:10:41.944, 4653564829340, vstest.console.dll, AssemblyResolver.OnResolve: Microsoft.TestPlatform.TestHostRuntimeProvider: Loading assembly 'C:\Program Files\dotnet\sdk\8.0.202\Extensions\Microsoft.TestPlatform.TestHostRuntimeProvider.dll'.
TpTrace Information: 0 : 24548, 1, 2024/04/24, 21:10:41.944, 4653564834054, vstest.console.dll, AssemblyResolver.OnResolve: Resolved assembly: Microsoft.TestPlatform.TestHostRuntimeProvider, from path: C:\Program Files\dotnet\sdk\8.0.202\Extensions\Microsoft.TestPlatform.TestHostRuntimeProvider.dll
TpTrace Verbose: 0 : 24548, 1, 2024/04/24, 21:10:41.944, 4653564834624, vstest.console.dll, MetadataReaderExtensionsHelper: Discovering extensions inside assembly 'Microsoft.TestPlatform.TestHostRuntimeProvider, Version=15.0.0.0, Culture=neutral, PublicKeyToken=b03f5f7f11d50a3a' file path 'C:\Program Files\dotnet\sdk\8.0.202\Extensions\Microsoft.TestPlatform.TestHostRuntimeProvider.dll'
TpTrace Information: 0 : 24548, 1, 2024/04/24, 21:10:41.946, 4653564849076, vstest.console.dll, GetTestExtensionFromType: Register extension with identifier data 'HostProvider://DefaultTestHost' and type 'Microsoft.VisualStudio.TestPlatform.CrossPlatEngine.Hosting.DefaultTestHostManager, Microsoft.TestPlatform.TestHostRuntimeProvider, Version=15.0.0.0, Culture=neutral, PublicKeyToken=b03f5f7f11d50a3a' inside file 'C:\Program Files\dotnet\sdk\8.0.202\Extensions\Microsoft.TestPlatform.TestHostRuntimeProvider.dll'
TpTrace Information: 0 : 24548, 1, 2024/04/24, 21:10:41.946, 4653564851851, vstest.console.dll, GetTestExtensionFromType: Register extension with identifier data 'HostProvider://DotnetTestHost' and type 'Microsoft.VisualStudio.TestPlatform.CrossPlatEngine.Hosting.DotnetTestHostManager, Microsoft.TestPlatform.TestHostRuntimeProvider, Version=15.0.0.0, Culture=neutral, PublicKeyToken=b03f5f7f11d50a3a' inside file 'C:\Program Files\dotnet\sdk\8.0.202\Extensions\Microsoft.TestPlatform.TestHostRuntimeProvider.dll'
TpTrace Information: 0 : 24548, 1, 2024/04/24, 21:10:41.946, 4653564852706, vstest.console.dll, AssemblyResolver.OnResolve: Microsoft.VisualStudio.TestPlatform.Extensions.Html.TestLogger: Resolving assembly.
TpTrace Information: 0 : 24548, 1, 2024/04/24, 21:10:41.946, 4653564853065, vstest.console.dll, AssemblyResolver.OnResolve: Microsoft.VisualStudio.TestPlatform.Extensions.Html.TestLogger: Searching in: 'C:\Program Files\dotnet\sdk\8.0.202\Extensions'.
TpTrace Information: 0 : 24548, 1, 2024/04/24, 21:10:41.946, 4653564855810, vstest.console.dll, AssemblyResolver.OnResolve: Microsoft.VisualStudio.TestPlatform.Extensions.Html.TestLogger: Loading assembly 'C:\Program Files\dotnet\sdk\8.0.202\Extensions\Microsoft.VisualStudio.TestPlatform.Extensions.Html.TestLogger.dll'.
TpTrace Information: 0 : 24548, 1, 2024/04/24, 21:10:41.947, 4653564861364, vstest.console.dll, AssemblyResolver.OnResolve: Resolved assembly: Microsoft.VisualStudio.TestPlatform.Extensions.Html.TestLogger, from path: C:\Program Files\dotnet\sdk\8.0.202\Extensions\Microsoft.VisualStudio.TestPlatform.Extensions.Html.TestLogger.dll
TpTrace Verbose: 0 : 24548, 1, 2024/04/24, 21:10:41.947, 4653564862021, vstest.console.dll, MetadataReaderExtensionsHelper: Discovering extensions inside assembly 'Microsoft.VisualStudio.TestPlatform.Extensions.Html.TestLogger, Version=15.0.0.0, Culture=neutral, PublicKeyToken=b03f5f7f11d50a3a' file path 'C:\Program Files\dotnet\sdk\8.0.202\Extensions\Microsoft.VisualStudio.TestPlatform.Extensions.Html.TestLogger.dll'
TpTrace Information: 0 : 24548, 1, 2024/04/24, 21:10:41.948, 4653564868892, vstest.console.dll, AssemblyResolver.OnResolve: Microsoft.VisualStudio.TestPlatform.Extensions.Trx.TestLogger: Resolving assembly.
TpTrace Information: 0 : 24548, 1, 2024/04/24, 21:10:41.948, 4653564869688, vstest.console.dll, AssemblyResolver.OnResolve: Microsoft.VisualStudio.TestPlatform.Extensions.Trx.TestLogger: Searching in: 'C:\Program Files\dotnet\sdk\8.0.202\Extensions'.
TpTrace Information: 0 : 24548, 1, 2024/04/24, 21:10:41.948, 4653564872137, vstest.console.dll, AssemblyResolver.OnResolve: Microsoft.VisualStudio.TestPlatform.Extensions.Trx.TestLogger: Loading assembly 'C:\Program Files\dotnet\sdk\8.0.202\Extensions\Microsoft.VisualStudio.TestPlatform.Extensions.Trx.TestLogger.dll'.
TpTrace Information: 0 : 24548, 1, 2024/04/24, 21:10:41.948, 4653564878415, vstest.console.dll, AssemblyResolver.OnResolve: Resolved assembly: Microsoft.VisualStudio.TestPlatform.Extensions.Trx.TestLogger, from path: C:\Program Files\dotnet\sdk\8.0.202\Extensions\Microsoft.VisualStudio.TestPlatform.Extensions.Trx.TestLogger.dll
TpTrace Verbose: 0 : 24548, 1, 2024/04/24, 21:10:41.949, 4653564879118, vstest.console.dll, MetadataReaderExtensionsHelper: Discovering extensions inside assembly 'Microsoft.VisualStudio.TestPlatform.Extensions.Trx.TestLogger, Version=15.0.0.0, Culture=neutral, PublicKeyToken=b03f5f7f11d50a3a' file path 'C:\Program Files\dotnet\sdk\8.0.202\Extensions\Microsoft.VisualStudio.TestPlatform.Extensions.Trx.TestLogger.dll'
TpTrace Verbose: 0 : 24548, 1, 2024/04/24, 21:10:41.949, 4653564888118, vstest.console.dll, TestPluginCache: Discovered the extensions using extension path ''.
TpTrace Verbose: 0 : 24548, 1, 2024/04/24, 21:10:41.950, 4653564888747, vstest.console.dll, TestPluginCache: Discoverers are ''.
TpTrace Verbose: 0 : 24548, 1, 2024/04/24, 21:10:41.950, 4653564889012, vstest.console.dll, TestPluginCache: Executors are ''.
TpTrace Verbose: 0 : 24548, 1, 2024/04/24, 21:10:41.950, 4653564889261, vstest.console.dll, TestPluginCache: Executors2 are ''.
TpTrace Verbose: 0 : 24548, 1, 2024/04/24, 21:10:41.950, 4653564889507, vstest.console.dll, TestPluginCache: Setting providers are ''.
TpTrace Verbose: 0 : 24548, 1, 2024/04/24, 21:10:41.950, 4653564889753, vstest.console.dll, TestPluginCache: Loggers are ''.
TpTrace Verbose: 0 : 24548, 1, 2024/04/24, 21:10:41.950, 4653564890412, vstest.console.dll, TestPluginCache: TestHosts are 'HostProvider://DefaultTestHost,HostProvider://DotnetTestHost'.
TpTrace Verbose: 0 : 24548, 1, 2024/04/24, 21:10:41.950, 4653564890766, vstest.console.dll, TestPluginCache: DataCollectors are ''.
TpTrace Information: 0 : 24548, 1, 2024/04/24, 21:10:41.962, 4653565016201, vstest.console.dll, RunTestsArgumentProcessor:Execute: Test run is starting.
TpTrace Verbose: 0 : 24548, 1, 2024/04/24, 21:10:41.963, 4653565018783, vstest.console.dll, RunTestsArgumentProcessor:Execute: Queuing Test run.
TpTrace Information: 0 : 24548, 1, 2024/04/24, 21:10:41.963, 4653565021795, vstest.console.dll, TestRequestManager.RunTests: run tests started.
TpTrace Information: 0 : 24548, 1, 2024/04/24, 21:10:41.964, 4653565035132, vstest.console.dll, AssemblyMetadataProvider.GetFrameworkName: Determined framework:'.NETCoreApp,Version=v6.0' for source: 'C:\Users\VC\Desktop\DAY 11 - 24.04.2024\ShoppingSolution\ShoppingBLTest\bin\Debug\net6.0\fine-code-coverage\build-output\ShoppingBLTest.dll'
TpTrace Information: 0 : 24548, 1, 2024/04/24, 21:10:41.964, 4653565036746, vstest.console.dll, Determined framework for all sources: .NETCoreApp,Version=v6.0
TpTrace Verbose: 0 : 24548, 1, 2024/04/24, 21:10:41.965, 4653565040381, vstest.console.dll, TestRequestManager.UpdateRunSettingsIfRequired: Default architecture: X64 IsDefaultTargetArchitecture: True, Current process architecture: X64 OperatingSystem: Windows.
TpTrace Information: 0 : 24548, 1, 2024/04/24, 21:10:41.966, 4653565055679, vstest.console.dll, AssemblyMetadataProvider.GetArchitecture: Determined architecture:AnyCPU info for assembly: C:\Users\VC\Desktop\DAY 11 - 24.04.2024\ShoppingSolution\ShoppingBLTest\bin\Debug\net6.0\fine-code-coverage\build-output\ShoppingBLTest.dll
TpTrace Information: 0 : 24548, 1, 2024/04/24, 21:10:41.966, 4653565056313, vstest.console.dll, Determined platform for source 'C:\Users\VC\Desktop\DAY 11 - 24.04.2024\ShoppingSolution\ShoppingBLTest\bin\Debug\net6.0\fine-code-coverage\build-output\ShoppingBLTest.dll' was AnyCPU and it will use the default plaform X64.
TpTrace Information: 0 : 24548, 1, 2024/04/24, 21:10:41.966, 4653565056633, vstest.console.dll, None of the sources provided any runnable platform, using the default platform: X64
TpTrace Information: 0 : 24548, 1, 2024/04/24, 21:10:41.966, 4653565057436, vstest.console.dll, Platform was updated to 'X64'.
TpTrace Information: 0 : 24548, 1, 2024/04/24, 21:10:41.970, 4653565090199, vstest.console.dll, InferRunSettingsHelper.IsTestSettingsEnabled: Unable to navigate to RunSettings/MSTest. Current node: RunSettings
TpTrace Information: 0 : 24548, 1, 2024/04/24, 21:10:41.970, 4653565096806, vstest.console.dll, AssemblyResolver.OnResolve: Microsoft.VisualStudio.TestPlatform.Fakes: Resolving assembly.
TpTrace Information: 0 : 24548, 1, 2024/04/24, 21:10:41.970, 4653565097555, vstest.console.dll, AssemblyResolver.OnResolve: Microsoft.VisualStudio.TestPlatform.Fakes: Searching in: 'C:\Program Files\dotnet\sdk\8.0.202\Extensions'.
TpTrace Information: 0 : 24548, 1, 2024/04/24, 21:10:41.971, 4653565098988, vstest.console.dll, AssemblyResolver.OnResolve: Microsoft.VisualStudio.TestPlatform.Fakes: Assembly path does not exist: 'C:\Program Files\dotnet\sdk\8.0.202\Extensions\Microsoft.VisualStudio.TestPlatform.Fakes.dll', returning.
TpTrace Information: 0 : 24548, 1, 2024/04/24, 21:10:41.971, 4653565099594, vstest.console.dll, AssemblyResolver.OnResolve: Microsoft.VisualStudio.TestPlatform.Fakes: Assembly path does not exist: 'C:\Program Files\dotnet\sdk\8.0.202\Extensions\Microsoft.VisualStudio.TestPlatform.Fakes.exe', returning.
TpTrace Information: 0 : 24548, 1, 2024/04/24, 21:10:41.971, 4653565099979, vstest.console.dll, AssemblyResolver.OnResolve: Microsoft.VisualStudio.TestPlatform.Fakes: Searching in: 'C:\Program Files\dotnet\sdk\8.0.202'.
TpTrace Information: 0 : 24548, 1, 2024/04/24, 21:10:41.971, 4653565100573, vstest.console.dll, AssemblyResolver.OnResolve: Microsoft.VisualStudio.TestPlatform.Fakes: Assembly path does not exist: 'C:\Program Files\dotnet\sdk\8.0.202\Microsoft.VisualStudio.TestPlatform.Fakes.dll', returning.
TpTrace Information: 0 : 24548, 1, 2024/04/24, 21:10:41.971, 4653565101108, vstest.console.dll, AssemblyResolver.OnResolve: Microsoft.VisualStudio.TestPlatform.Fakes: Assembly path does not exist: 'C:\Program Files\dotnet\sdk\8.0.202\Microsoft.VisualStudio.TestPlatform.Fakes.exe', returning.
TpTrace Information: 0 : 24548, 1, 2024/04/24, 21:10:41.971, 4653565101424, vstest.console.dll, AssemblyResolver.OnResolve: Microsoft.VisualStudio.TestPlatform.Fakes: Failed to load assembly.
TpTrace Information: 0 : 24548, 1, 2024/04/24, 21:10:41.971, 4653565104206, vstest.console.dll, Failed to load assembly Microsoft.VisualStudio.TestPlatform.Fakes, Version=17.0.0.0, Culture=neutral. Reason:System.IO.FileNotFoundException: Could not load file or assembly 'Microsoft.VisualStudio.TestPlatform.Fakes, Version=17.0.0.0, Culture=neutral, PublicKeyToken=null'. The system cannot find the file specified.
File name: 'Microsoft.VisualStudio.TestPlatform.Fakes, Version=17.0.0.0, Culture=neutral, PublicKeyToken=null'
   at System.Reflection.RuntimeAssembly.InternalLoad(AssemblyName assemblyName, StackCrawlMark& stackMark, AssemblyLoadContext assemblyLoadContext, RuntimeAssembly requestingAssembly, Boolean throwOnFileNotFound)
   at System.Reflection.Assembly.Load(AssemblyName assemblyRef)
   at Microsoft.VisualStudio.TestPlatform.Common.Utilities.FakesUtilities.LoadTestPlatformAssembly() in /_/src/Microsoft.TestPlatform.Common/Utilities/FakesUtilities.cs:line 272
TpTrace Verbose: 0 : 24548, 1, 2024/04/24, 21:10:41.974, 4653565137764, vstest.console.dll, TestPluginCache.DiscoverTestExtensions: finding test extensions in assemblies ends with: TestLogger.dll TPluginInfo: Microsoft.VisualStudio.TestPlatform.Common.ExtensionFramework.Utilities.TestLoggerPluginInformation TExtension: Microsoft.VisualStudio.TestPlatform.ObjectModel.Client.ITestLogger
TpTrace Verbose: 0 : 24548, 1, 2024/04/24, 21:10:41.975, 4653565139119, vstest.console.dll, TestPluginCache.GetExtensionPaths: Filtered extension paths: 
TpTrace Verbose: 0 : 24548, 1, 2024/04/24, 21:10:41.975, 4653565139487, vstest.console.dll, TestPluginCache.GetExtensionPaths: Added default extension paths: C:\Program Files\dotnet\sdk\8.0.202\Extensions\Microsoft.Diagnostics.NETCore.Client.dll
C:\Program Files\dotnet\sdk\8.0.202\Extensions\Microsoft.TestPlatform.Extensions.BlameDataCollector.dll
C:\Program Files\dotnet\sdk\8.0.202\Extensions\Microsoft.TestPlatform.Extensions.EventLogCollector.dll
C:\Program Files\dotnet\sdk\8.0.202\Extensions\Microsoft.TestPlatform.TestHostRuntimeProvider.dll
C:\Program Files\dotnet\sdk\8.0.202\Extensions\Microsoft.VisualStudio.TestPlatform.Extensions.Html.TestLogger.dll
C:\Program Files\dotnet\sdk\8.0.202\Extensions\Microsoft.VisualStudio.TestPlatform.Extensions.Trx.TestLogger.dll
TpTrace Verbose: 0 : 24548, 1, 2024/04/24, 21:10:41.975, 4653565139855, vstest.console.dll, TestPluginCache.GetExtensionPaths: Added unfilterableExtensionPaths: 
TpTrace Information: 0 : 24548, 1, 2024/04/24, 21:10:41.975, 4653565141330, vstest.console.dll, AssemblyResolver.AddSearchDirectories: Adding more searchDirectories C:\Program Files\dotnet\sdk\8.0.202\Extensions,C:\Program Files\dotnet\sdk\8.0.202
TpTrace Verbose: 0 : 24548, 1, 2024/04/24, 21:10:41.975, 4653565141803, vstest.console.dll, TestPluginCache.DiscoverTestExtensions: Discovering the extensions using extension path.
TpTrace Verbose: 0 : 24548, 1, 2024/04/24, 21:10:41.975, 4653565142285, vstest.console.dll, TestPluginCache.GetExtensionPaths: Filtered extension paths: 
TpTrace Verbose: 0 : 24548, 1, 2024/04/24, 21:10:41.975, 4653565142686, vstest.console.dll, TestPluginCache.GetExtensionPaths: Added default extension paths: C:\Program Files\dotnet\sdk\8.0.202\Extensions\Microsoft.Diagnostics.NETCore.Client.dll
C:\Program Files\dotnet\sdk\8.0.202\Extensions\Microsoft.TestPlatform.Extensions.BlameDataCollector.dll
C:\Program Files\dotnet\sdk\8.0.202\Extensions\Microsoft.TestPlatform.Extensions.EventLogCollector.dll
C:\Program Files\dotnet\sdk\8.0.202\Extensions\Microsoft.TestPlatform.TestHostRuntimeProvider.dll
C:\Program Files\dotnet\sdk\8.0.202\Extensions\Microsoft.VisualStudio.TestPlatform.Extensions.Html.TestLogger.dll
C:\Program Files\dotnet\sdk\8.0.202\Extensions\Microsoft.VisualStudio.TestPlatform.Extensions.Trx.TestLogger.dll
TpTrace Verbose: 0 : 24548, 1, 2024/04/24, 21:10:41.975, 4653565143108, vstest.console.dll, TestPluginCache.GetExtensionPaths: Added unfilterableExtensionPaths: 
TpTrace Verbose: 0 : 24548, 1, 2024/04/24, 21:10:41.975, 4653565143657, vstest.console.dll, TestPluginCache.DiscoverTestExtensions: Discovering the extensions using allExtensionPaths: C:\Program Files\dotnet\sdk\8.0.202\Extensions\Microsoft.Diagnostics.NETCore.Client.dll
C:\Program Files\dotnet\sdk\8.0.202\Extensions\Microsoft.TestPlatform.Extensions.BlameDataCollector.dll
C:\Program Files\dotnet\sdk\8.0.202\Extensions\Microsoft.TestPlatform.Extensions.EventLogCollector.dll
C:\Program Files\dotnet\sdk\8.0.202\Extensions\Microsoft.TestPlatform.TestHostRuntimeProvider.dll
C:\Program Files\dotnet\sdk\8.0.202\Extensions\Microsoft.VisualStudio.TestPlatform.Extensions.Html.TestLogger.dll
C:\Program Files\dotnet\sdk\8.0.202\Extensions\Microsoft.VisualStudio.TestPlatform.Extensions.Trx.TestLogger.dll
TpTrace Information: 0 : 24548, 1, 2024/04/24, 21:10:41.975, 4653565144790, vstest.console.dll, AssemblyResolver.AddSearchDirectories: Adding more searchDirectories C:\Program Files\dotnet\sdk\8.0.202\Extensions,C:\Program Files\dotnet\sdk\8.0.202
TpTrace Information: 0 : 24548, 1, 2024/04/24, 21:10:41.975, 4653565145202, vstest.console.dll, AssemblyResolver.AddSearchDirectories: Adding more searchDirectories C:\Program Files\dotnet\sdk\8.0.202\Extensions,C:\Program Files\dotnet\sdk\8.0.202
TpTrace Information: 0 : 24548, 1, 2024/04/24, 21:10:41.975, 4653565145529, vstest.console.dll, AssemblyResolver.AddSearchDirectories: Adding more searchDirectories C:\Program Files\dotnet\sdk\8.0.202\Extensions,C:\Program Files\dotnet\sdk\8.0.202
TpTrace Information: 0 : 24548, 1, 2024/04/24, 21:10:41.975, 4653565145844, vstest.console.dll, AssemblyResolver.AddSearchDirectories: Adding more searchDirectories C:\Program Files\dotnet\sdk\8.0.202\Extensions,C:\Program Files\dotnet\sdk\8.0.202
TpTrace Information: 0 : 24548, 1, 2024/04/24, 21:10:41.975, 4653565146214, vstest.console.dll, AssemblyResolver.AddSearchDirectories: Adding more searchDirectories C:\Program Files\dotnet\sdk\8.0.202\Extensions,C:\Program Files\dotnet\sdk\8.0.202
TpTrace Information: 0 : 24548, 1, 2024/04/24, 21:10:41.975, 4653565146531, vstest.console.dll, AssemblyResolver.AddSearchDirectories: Adding more searchDirectories C:\Program Files\dotnet\sdk\8.0.202\Extensions,C:\Program Files\dotnet\sdk\8.0.202
TpTrace Verbose: 0 : 24548, 1, 2024/04/24, 21:10:41.975, 4653565147737, vstest.console.dll, MetadataReaderExtensionsHelper: Discovering extensions inside assembly 'Microsoft.Diagnostics.NETCore.Client, Version=0.2.9.2401, Culture=neutral, PublicKeyToken=31bf3856ad364e35' file path 'C:\Program Files\dotnet\sdk\8.0.202\Extensions\Microsoft.Diagnostics.NETCore.Client.dll'
TpTrace Information: 0 : 24548, 1, 2024/04/24, 21:10:41.976, 4653565155951, vstest.console.dll, AssemblyResolver.OnResolve: Microsoft.Bcl.AsyncInterfaces: Resolving assembly.
TpTrace Information: 0 : 24548, 1, 2024/04/24, 21:10:41.976, 4653565156862, vstest.console.dll, AssemblyResolver.OnResolve: Microsoft.Bcl.AsyncInterfaces: Resolved from cache.
TpTrace Verbose: 0 : 24548, 1, 2024/04/24, 21:10:41.976, 4653565157464, vstest.console.dll, CurrentDomainAssemblyResolve: Resolving assembly 'Microsoft.Bcl.AsyncInterfaces'.
TpTrace Information: 0 : 24548, 1, 2024/04/24, 21:10:41.976, 4653565158198, vstest.console.dll, AssemblyResolver.OnResolve: Microsoft.Bcl.AsyncInterfaces: Resolving assembly.
TpTrace Information: 0 : 24548, 1, 2024/04/24, 21:10:41.977, 4653565158513, vstest.console.dll, AssemblyResolver.OnResolve: Microsoft.Bcl.AsyncInterfaces: Resolved from cache.
TpTrace Verbose: 0 : 24548, 1, 2024/04/24, 21:10:41.977, 4653565158972, vstest.console.dll, CurrentDomainAssemblyResolve: Resolving assembly 'Microsoft.Bcl.AsyncInterfaces'.
TpTrace Verbose: 0 : 24548, 1, 2024/04/24, 21:10:41.977, 4653565159293, vstest.console.dll, CurrentDomainAssemblyResolve: Failed to resolve assembly 'Microsoft.Bcl.AsyncInterfaces'.
TpTrace Verbose: 0 : 24548, 1, 2024/04/24, 21:10:41.977, 4653565160847, vstest.console.dll, CurrentDomainAssemblyResolve: Failed to resolve assembly 'Microsoft.Bcl.AsyncInterfaces'.
TpTrace Warning: 0 : 24548, 1, 2024/04/24, 21:10:41.977, 4653565164147, vstest.console.dll, TestPluginDiscoverer: Failed to get types from assembly 'Microsoft.Diagnostics.NETCore.Client, Version=0.2.9.2401, Culture=neutral, PublicKeyToken=31bf3856ad364e35'. Error: System.Reflection.ReflectionTypeLoadException: Unable to load one or more of the requested types.
Could not load file or assembly 'Microsoft.Bcl.AsyncInterfaces, Version=6.0.0.0, Culture=neutral, PublicKeyToken=cc7b13ffcd2ddd51'. The system cannot find the file specified.
   at System.Reflection.RuntimeModule.GetTypes(RuntimeModule module)
   at System.Reflection.RuntimeModule.GetTypes()
   at Microsoft.VisualStudio.TestPlatform.Common.ExtensionFramework.TestPluginDiscoverer.GetTestExtensionsFromAssembly[TPluginInfo,TExtension](Assembly assembly, Dictionary`2 pluginInfos, String filePath) in /_/src/Microsoft.TestPlatform.Common/ExtensionFramework/TestPluginDiscoverer.cs:line 158
System.IO.FileNotFoundException: Could not load file or assembly 'Microsoft.Bcl.AsyncInterfaces, Version=6.0.0.0, Culture=neutral, PublicKeyToken=cc7b13ffcd2ddd51'. The system cannot find the file specified.
File name: 'Microsoft.Bcl.AsyncInterfaces, Version=6.0.0.0, Culture=neutral, PublicKeyToken=cc7b13ffcd2ddd51'
 ---> System.IO.FileNotFoundException: Could not load file or assembly 'Microsoft.Bcl.AsyncInterfaces, Culture=neutral, PublicKeyToken=null'. The system cannot find the file specified.
File name: 'Microsoft.Bcl.AsyncInterfaces, Culture=neutral, PublicKeyToken=null'
   at System.Reflection.RuntimeAssembly.InternalLoad(AssemblyName assemblyName, StackCrawlMark& stackMark, AssemblyLoadContext assemblyLoadContext, RuntimeAssembly requestingAssembly, Boolean throwOnFileNotFound)
   at System.Reflection.Assembly.Load(AssemblyName assemblyRef)
   at Microsoft.VisualStudio.TestPlatform.Common.ExtensionFramework.TestPluginCache.CurrentDomainAssemblyResolve(Object sender, AssemblyResolveEventArgs args) in /_/src/Microsoft.TestPlatform.Common/ExtensionFramework/TestPluginCache.cs:line 513
   at System.Runtime.Loader.AssemblyLoadContext.GetFirstResolvedAssemblyFromResolvingEvent(AssemblyName assemblyName)
   at System.Runtime.Loader.AssemblyLoadContext.ResolveUsingEvent(AssemblyName assemblyName)
   at System.Runtime.Loader.AssemblyLoadContext.ResolveUsingResolvingEvent(IntPtr gchManagedAssemblyLoadContext, AssemblyName assemblyName)
TpTrace Warning: 0 : 24548, 1, 2024/04/24, 21:10:41.977, 4653565166976, vstest.console.dll, LoaderExceptions: System.IO.FileNotFoundException: Could not load file or assembly 'Microsoft.Bcl.AsyncInterfaces, Version=6.0.0.0, Culture=neutral, PublicKeyToken=cc7b13ffcd2ddd51'. The system cannot find the file specified.
File name: 'Microsoft.Bcl.AsyncInterfaces, Version=6.0.0.0, Culture=neutral, PublicKeyToken=cc7b13ffcd2ddd51'
 ---> System.IO.FileNotFoundException: Could not load file or assembly 'Microsoft.Bcl.AsyncInterfaces, Culture=neutral, PublicKeyToken=null'. The system cannot find the file specified.
File name: 'Microsoft.Bcl.AsyncInterfaces, Culture=neutral, PublicKeyToken=null'
   at System.Reflection.RuntimeAssembly.InternalLoad(AssemblyName assemblyName, StackCrawlMark& stackMark, AssemblyLoadContext assemblyLoadContext, RuntimeAssembly requestingAssembly, Boolean throwOnFileNotFound)
   at System.Reflection.Assembly.Load(AssemblyName assemblyRef)
   at Microsoft.VisualStudio.TestPlatform.Common.ExtensionFramework.TestPluginCache.CurrentDomainAssemblyResolve(Object sender, AssemblyResolveEventArgs args) in /_/src/Microsoft.TestPlatform.Common/ExtensionFramework/TestPluginCache.cs:line 513
   at System.Runtime.Loader.AssemblyLoadContext.GetFirstResolvedAssemblyFromResolvingEvent(AssemblyName assemblyName)
   at System.Runtime.Loader.AssemblyLoadContext.ResolveUsingEvent(AssemblyName assemblyName)
   at System.Runtime.Loader.AssemblyLoadContext.ResolveUsingResolvingEvent(IntPtr gchManagedAssemblyLoadContext, AssemblyName assemblyName)
TpTrace Verbose: 0 : 24548, 1, 2024/04/24, 21:10:41.977, 4653565168371, vstest.console.dll, MetadataReaderExtensionsHelper: Discovering extensions inside assembly 'Microsoft.TestPlatform.Extensions.BlameDataCollector, Version=15.0.0.0, Culture=neutral, PublicKeyToken=b03f5f7f11d50a3a' file path 'C:\Program Files\dotnet\sdk\8.0.202\Extensions\Microsoft.TestPlatform.Extensions.BlameDataCollector.dll'
TpTrace Information: 0 : 24548, 1, 2024/04/24, 21:10:41.978, 4653565174414, vstest.console.dll, GetTestExtensionFromType: Register extension with identifier data 'logger://Microsoft/TestPlatform/Extensions/Blame/v1' and type 'Microsoft.TestPlatform.Extensions.BlameDataCollector.BlameLogger, Microsoft.TestPlatform.Extensions.BlameDataCollector, Version=15.0.0.0, Culture=neutral, PublicKeyToken=b03f5f7f11d50a3a' inside file 'C:\Program Files\dotnet\sdk\8.0.202\Extensions\Microsoft.TestPlatform.Extensions.BlameDataCollector.dll'
TpTrace Verbose: 0 : 24548, 1, 2024/04/24, 21:10:41.978, 4653565175585, vstest.console.dll, MetadataReaderExtensionsHelper: Discovering extensions inside assembly 'Microsoft.TestPlatform.Extensions.EventLogCollector, Version=15.0.0.0, Culture=neutral, PublicKeyToken=b03f5f7f11d50a3a' file path 'C:\Program Files\dotnet\sdk\8.0.202\Extensions\Microsoft.TestPlatform.Extensions.EventLogCollector.dll'
TpTrace Verbose: 0 : 24548, 1, 2024/04/24, 21:10:41.979, 4653565179621, vstest.console.dll, MetadataReaderExtensionsHelper: Discovering extensions inside assembly 'Microsoft.TestPlatform.TestHostRuntimeProvider, Version=15.0.0.0, Culture=neutral, PublicKeyToken=b03f5f7f11d50a3a' file path 'C:\Program Files\dotnet\sdk\8.0.202\Extensions\Microsoft.TestPlatform.TestHostRuntimeProvider.dll'
TpTrace Verbose: 0 : 24548, 1, 2024/04/24, 21:10:41.979, 4653565183223, vstest.console.dll, MetadataReaderExtensionsHelper: Discovering extensions inside assembly 'Microsoft.VisualStudio.TestPlatform.Extensions.Html.TestLogger, Version=15.0.0.0, Culture=neutral, PublicKeyToken=b03f5f7f11d50a3a' file path 'C:\Program Files\dotnet\sdk\8.0.202\Extensions\Microsoft.VisualStudio.TestPlatform.Extensions.Html.TestLogger.dll'
TpTrace Information: 0 : 24548, 1, 2024/04/24, 21:10:41.980, 4653565188862, vstest.console.dll, GetTestExtensionFromType: Register extension with identifier data 'logger://Microsoft/TestPlatform/HtmlLogger/v1' and type 'Microsoft.VisualStudio.TestPlatform.Extensions.HtmlLogger.HtmlLogger, Microsoft.VisualStudio.TestPlatform.Extensions.Html.TestLogger, Version=15.0.0.0, Culture=neutral, PublicKeyToken=b03f5f7f11d50a3a' inside file 'C:\Program Files\dotnet\sdk\8.0.202\Extensions\Microsoft.VisualStudio.TestPlatform.Extensions.Html.TestLogger.dll'
TpTrace Verbose: 0 : 24548, 1, 2024/04/24, 21:10:41.980, 4653565189704, vstest.console.dll, MetadataReaderExtensionsHelper: Discovering extensions inside assembly 'Microsoft.VisualStudio.TestPlatform.Extensions.Trx.TestLogger, Version=15.0.0.0, Culture=neutral, PublicKeyToken=b03f5f7f11d50a3a' file path 'C:\Program Files\dotnet\sdk\8.0.202\Extensions\Microsoft.VisualStudio.TestPlatform.Extensions.Trx.TestLogger.dll'
TpTrace Information: 0 : 24548, 1, 2024/04/24, 21:10:41.980, 4653565193283, vstest.console.dll, GetTestExtensionFromType: Register extension with identifier data 'logger://Microsoft/TestPlatform/TrxLogger/v1' and type 'Microsoft.VisualStudio.TestPlatform.Extensions.TrxLogger.TrxLogger, Microsoft.VisualStudio.TestPlatform.Extensions.Trx.TestLogger, Version=15.0.0.0, Culture=neutral, PublicKeyToken=b03f5f7f11d50a3a' inside file 'C:\Program Files\dotnet\sdk\8.0.202\Extensions\Microsoft.VisualStudio.TestPlatform.Extensions.Trx.TestLogger.dll'
TpTrace Verbose: 0 : 24548, 1, 2024/04/24, 21:10:41.980, 4653565193985, vstest.console.dll, TestPluginCache: Discovered the extensions using extension path ''.
TpTrace Verbose: 0 : 24548, 1, 2024/04/24, 21:10:41.980, 4653565194319, vstest.console.dll, TestPluginCache: Discoverers are ''.
TpTrace Verbose: 0 : 24548, 1, 2024/04/24, 21:10:41.980, 4653565194807, vstest.console.dll, TestPluginCache: Executors are ''.
TpTrace Verbose: 0 : 24548, 1, 2024/04/24, 21:10:41.980, 4653565195156, vstest.console.dll, TestPluginCache: Executors2 are ''.
TpTrace Verbose: 0 : 24548, 1, 2024/04/24, 21:10:41.980, 4653565195435, vstest.console.dll, TestPluginCache: Setting providers are ''.
TpTrace Verbose: 0 : 24548, 1, 2024/04/24, 21:10:41.980, 4653565196210, vstest.console.dll, TestPluginCache: Loggers are 'logger://Microsoft/TestPlatform/Extensions/Blame/v1,logger://Microsoft/TestPlatform/HtmlLogger/v1,logger://Microsoft/TestPlatform/TrxLogger/v1'.
TpTrace Verbose: 0 : 24548, 1, 2024/04/24, 21:10:41.980, 4653565196608, vstest.console.dll, TestPluginCache: TestHosts are 'HostProvider://DefaultTestHost,HostProvider://DotnetTestHost'.
TpTrace Verbose: 0 : 24548, 1, 2024/04/24, 21:10:41.980, 4653565196901, vstest.console.dll, TestPluginCache: DataCollectors are ''.
TpTrace Information: 0 : 24548, 1, 2024/04/24, 21:10:41.981, 4653565206067, vstest.console.dll, TestPluginManager.CreateTestExtension: Attempting to load test extension: Microsoft.TestPlatform.Extensions.BlameDataCollector.BlameLogger
TpTrace Verbose: 0 : 24548, 1, 2024/04/24, 21:10:41.989, 4653565286841, vstest.console.dll, TestEngine: Initializing Parallel Execution as MaxCpuCount is set to: 1
TpTrace Information: 0 : 24548, 1, 2024/04/24, 21:10:41.991, 4653565303046, vstest.console.dll, TestPluginManager.CreateTestExtension: Attempting to load test extension: Microsoft.VisualStudio.TestPlatform.CrossPlatEngine.Hosting.DefaultTestHostManager
TpTrace Information: 0 : 24548, 1, 2024/04/24, 21:10:41.992, 4653565314335, vstest.console.dll, TestPluginManager.CreateTestExtension: Attempting to load test extension: Microsoft.VisualStudio.TestPlatform.CrossPlatEngine.Hosting.DotnetTestHostManager
TpTrace Information: 0 : 24548, 1, 2024/04/24, 21:10:41.993, 4653565323256, vstest.console.dll, InferRunSettingsHelper.IsTestSettingsEnabled: Unable to navigate to RunSettings/MSTest. Current node: RunSettings
TpTrace Verbose: 0 : 24548, 1, 2024/04/24, 21:10:41.994, 4653565336300, vstest.console.dll, ParallelOperationManager.ClearSlots: Clearing all slots. Slots should accept more work: True
TpTrace Verbose: 0 : 24548, 1, 2024/04/24, 21:10:41.995, 4653565343889, vstest.console.dll, ParallelOperationManager.SetOccupiedSlotCount: Setting slot counts AvailableSlotCount = 1, OccupiedSlotCount = 0.
TpTrace Verbose: 0 : 24548, 1, 2024/04/24, 21:10:41.995, 4653565348129, vstest.console.dll, Occupied slots:

TpTrace Verbose: 0 : 24548, 1, 2024/04/24, 21:10:41.999, 4653565385456, vstest.console.dll, TestEngine.GetExecutionManager: Chosen execution manager 'Microsoft.VisualStudio.TestPlatform.CrossPlatEngine.Client.Parallel.ParallelProxyExecutionManager, Microsoft.TestPlatform.CrossPlatEngine, Version=15.0.0.0, Culture=neutral, PublicKeyToken=b03f5f7f11d50a3a' ParallelLevel '1'.
TpTrace Verbose: 0 : 24548, 1, 2024/04/24, 21:10:41.999, 4653565386972, vstest.console.dll, TestRunRequest.ExecuteAsync: Creating test run request.
TpTrace Verbose: 0 : 24548, 1, 2024/04/24, 21:10:42.000, 4653565388955, vstest.console.dll, TestRunRequest.ExecuteAsync: Starting.
TpTrace Information: 0 : 24548, 1, 2024/04/24, 21:10:42.001, 4653565399735, vstest.console.dll, TestRunRequest.ExecuteAsync: Starting run with settings:TestRunCriteria:
   KeepAlive=False,FrequencyOfRunStatsChangeEvent=10,RunStatsChangeEventTimeout=00:00:01.5000000,TestCaseFilter=,TestExecutorLauncher=
   Settingsxml=<RunSettings>
  <RunConfiguration>
    <ResultsDirectory>C:\Users\VC\Desktop\DAY 11 - 24.04.2024\ShoppingSolution\ShoppingBLTest\bin\Debug\net6.0\fine-code-coverage\coverage-tool-output</ResultsDirectory>
    <TargetPlatform>X64</TargetPlatform>
    <TargetFrameworkVersion>.NETCoreApp,Version=v6.0</TargetFrameworkVersion>
    <DesignMode>False</DesignMode>
    <CollectSourceInformation>False</CollectSourceInformation>
  </RunConfiguration>
  <LoggerRunSettings>
    <Loggers>
      <Logger friendlyName="blame" enabled="True" />
      <Logger friendlyName="Console" uri="logger://microsoft/TestPlatform/ConsoleLogger/v1" assemblyQualifiedName="Microsoft.VisualStudio.TestPlatform.CommandLine.Internal.ConsoleLogger, vstest.console, Version=15.0.0.0, Culture=neutral, PublicKeyToken=b03f5f7f11d50a3a" codeBase="C:\Program Files\dotnet\sdk\8.0.202\vstest.console.dll" enabled="True" />
    </Loggers>
  </LoggerRunSettings>
  <DataCollectionRunSettings>
    <DataCollectors>
      <DataCollector friendlyName="blame" enabled="True">
        <Configuration>
          <ResultsDirectory>C:\Users\VC\Desktop\DAY 11 - 24.04.2024\ShoppingSolution\ShoppingBLTest\bin\Debug\net6.0\fine-code-coverage\coverage-tool-output</ResultsDirectory>
        </Configuration>
      </DataCollector>
    </DataCollectors>
  </DataCollectionRunSettings>
</RunSettings>

TpTrace Verbose: 0 : 24548, 1, 2024/04/24, 21:10:42.001, 4653565401011, vstest.console.dll, TestRunRequest.ExecuteAsync: Wait for the first run request is over.
TpTrace Verbose: 0 : 24548, 1, 2024/04/24, 21:10:42.001, 4653565405090, vstest.console.dll, MulticastDelegateUtilities.SafeInvoke: TestRun.TestRunStart: Invoking callbacks was skipped because there are no subscribers.
TpTrace Verbose: 0 : 24548, 5, 2024/04/24, 21:10:42.001, 4653565408318, vstest.console.dll, MulticastDelegateUtilities.SafeInvoke: InternalTestLoggerEvents.SendTestRunStart: Invoking callback 1/1 for Microsoft.VisualStudio.TestPlatform.CommandLine.Internal.ConsoleLogger., took 0 ms.
TpTrace Verbose: 0 : 24548, 1, 2024/04/24, 21:10:42.002, 4653565415102, vstest.console.dll, ParallelProxyExecutionManager: Start execution. Total sources: 1
TpTrace Verbose: 0 : 24548, 1, 2024/04/24, 21:10:42.002, 4653565418253, vstest.console.dll, ParallelOperationManager.StartWork: Starting adding 1 workloads.
TpTrace Verbose: 0 : 24548, 1, 2024/04/24, 21:10:42.003, 4653565418953, vstest.console.dll, ParallelOperationManager.ClearSlots: Clearing all slots. Slots should accept more work: True
TpTrace Verbose: 0 : 24548, 1, 2024/04/24, 21:10:42.003, 4653565419601, vstest.console.dll, ParallelOperationManager.SetOccupiedSlotCount: Setting slot counts AvailableSlotCount = 1, OccupiedSlotCount = 0.
TpTrace Verbose: 0 : 24548, 1, 2024/04/24, 21:10:42.003, 4653565420012, vstest.console.dll, Occupied slots:

TpTrace Verbose: 0 : 24548, 1, 2024/04/24, 21:10:42.004, 4653565433353, vstest.console.dll, TestRequestSender is acting as server.
TpTrace Verbose: 0 : 24548, 1, 2024/04/24, 21:10:42.006, 4653565449628, vstest.console.dll, ParallelOperationManager.RunWorkInParallel: Adding 1 workload to slot, remaining workloads 0.
TpTrace Verbose: 0 : 24548, 1, 2024/04/24, 21:10:42.006, 4653565450271, vstest.console.dll, ParallelOperationManager.SetOccupiedSlotCount: Setting slot counts AvailableSlotCount = 0, OccupiedSlotCount = 1.
TpTrace Verbose: 0 : 24548, 1, 2024/04/24, 21:10:42.006, 4653565451231, vstest.console.dll, Occupied slots:
0: C:\Users\VC\Desktop\DAY 11 - 24.04.2024\ShoppingSolution\ShoppingBLTest\bin\Debug\net6.0\fine-code-coverage\build-output\ShoppingBLTest.dll
TpTrace Verbose: 0 : 24548, 1, 2024/04/24, 21:10:42.007, 4653565461176, vstest.console.dll, ParallelOperationManager.RunWorkInParallel: Started host in slot number 0 for work (source): C:\Users\VC\Desktop\DAY 11 - 24.04.2024\ShoppingSolution\ShoppingBLTest\bin\Debug\net6.0\fine-code-coverage\build-output\ShoppingBLTest.dll.
TpTrace Verbose: 0 : 24548, 1, 2024/04/24, 21:10:42.008, 4653565473593, vstest.console.dll, ParallelOperationManager.RunWorkInParallel: We started 1 work items, which is the max parallel level. Won't start more work.
TpTrace Verbose: 0 : 24548, 1, 2024/04/24, 21:10:42.008, 4653565474763, vstest.console.dll, ParallelOperationManager.RunWorkInParallel: We started 1 work items in here, returning True.
TpTrace Information: 0 : 24548, 1, 2024/04/24, 21:10:42.008, 4653565475382, vstest.console.dll, TestRunRequest.ExecuteAsync: Started.
TpTrace Verbose: 0 : 24548, 6, 2024/04/24, 21:10:42.008, 4653565476319, vstest.console.dll, ParallelProxyExecutionManager.StartTestRunOnConcurrentManager: Initializing uninitialized client. Started clients: 0
TpTrace Verbose: 0 : 24548, 6, 2024/04/24, 21:10:42.008, 4653565477961, vstest.console.dll, DataCollectionRequestSender.InitializeCommunication : Initialize communication. 
TpTrace Verbose: 0 : 24548, 1, 2024/04/24, 21:10:42.009, 4653565484396, vstest.console.dll, TestRunRequest.WaitForCompletion: Waiting with timeout -1.
TpTrace Information: 0 : 24548, 6, 2024/04/24, 21:10:42.018, 4653565576109, vstest.console.dll, Listening on Endpoint : 127.0.0.1:59205
TpTrace Verbose: 0 : 24548, 6, 2024/04/24, 21:10:42.029, 4653565678628, vstest.console.dll, DotnetDataCollectionLauncher: Adding  --runtimeconfig "C:\Program Files\dotnet\sdk\8.0.202\datacollector.runtimeconfig.json" in args
TpTrace Verbose: 0 : 24548, 6, 2024/04/24, 21:10:42.029, 4653565680579, vstest.console.dll, DotnetDataCollectionLauncher: Adding  --depsfile "C:\Program Files\dotnet\sdk\8.0.202\datacollector.deps.json" in args
TpTrace Verbose: 0 : 24548, 6, 2024/04/24, 21:10:42.030, 4653565691355, vstest.console.dll, DotnetDataCollectionLauncher: Full path of dotnet.exe is C:\Program Files\dotnet\dotnet.exe
TpTrace Information: 0 : 24548, 6, 2024/04/24, 21:10:42.041, 4653565801490, vstest.console.dll, ProxyDataCollectionManager.Initialize: Launched datacollector processId: 5732 port: 59205
TpTrace Information: 0 : 24548, 6, 2024/04/24, 21:10:42.041, 4653565804643, vstest.console.dll, ProxyDataCollectionManager.Initialize: waiting for connection with timeout: 90 seconds
TpTrace Verbose: 0 : 24548, 6, 2024/04/24, 21:10:42.041, 4653565806009, vstest.console.dll, DataCollectionRequestSender.WaitForRequestHandlerConnection : Waiting for connection with timeout: 90000
TpTrace Information: 0 : 24548, 8, 2024/04/24, 21:10:42.275, 4653568144272, vstest.console.dll, Using the buffer size of 16384 bytes
TpTrace Verbose: 0 : 24548, 6, 2024/04/24, 21:10:42.275, 4653568144529, vstest.console.dll, SocketCommunicationManager.WaitForClientConnection took: 233 ms, with 90000 ms timeout, and finished with True.
TpTrace Information: 0 : 24548, 8, 2024/04/24, 21:10:42.275, 4653568146792, vstest.console.dll, Accepted Client request and set the flag
TpTrace Verbose: 0 : 24548, 6, 2024/04/24, 21:10:42.276, 4653568154004, vstest.console.dll, ProxyDataCollectionManager.InvokeDataCollectionServiceAction: Starting.
TpTrace Information: 0 : 24548, 6, 2024/04/24, 21:10:42.276, 4653568155204, vstest.console.dll, ProxyDataCollectionManager.BeforeTestRunStart: Get environment variable and port for datacollector processId: 5732 port: 59205
TpTrace Verbose: 0 : 24548, 6, 2024/04/24, 21:10:42.276, 4653568156793, vstest.console.dll, DataCollectionRequestSender.SendBeforeTestRunStartAndGetResult: Send BeforeTestRunStart message with settingsXml <RunSettings><RunConfiguration><ResultsDirectory>C:\Users\VC\Desktop\DAY 11 - 24.04.2024\ShoppingSolution\ShoppingBLTest\bin\Debug\net6.0\fine-code-coverage\coverage-tool-output</ResultsDirectory><TargetPlatform>X64</TargetPlatform><TargetFrameworkVersion>.NETCoreApp,Version=v6.0</TargetFrameworkVersion><DesignMode>False</DesignMode><CollectSourceInformation>False</CollectSourceInformation><TestAdaptersPaths>C:\Program Files\dotnet\sdk\8.0.202\Extensions</TestAdaptersPaths></RunConfiguration><LoggerRunSettings><Loggers><Logger friendlyName="blame" enabled="True" /><Logger friendlyName="Console" uri="logger://microsoft/TestPlatform/ConsoleLogger/v1" assemblyQualifiedName="Microsoft.VisualStudio.TestPlatform.CommandLine.Internal.ConsoleLogger, vstest.console, Version=15.0.0.0, Culture=neutral, PublicKeyToken=b03f5f7f11d50a3a" codeBase="C:\Program Files\dotnet\sdk\8.0.202\vstest.console.dll" enabled="True" /></Loggers></LoggerRunSettings><DataCollectionRunSettings><DataCollectors><DataCollector friendlyName="blame" enabled="True"><Configuration><ResultsDirectory>C:\Users\VC\Desktop\DAY 11 - 24.04.2024\ShoppingSolution\ShoppingBLTest\bin\Debug\net6.0\fine-code-coverage\coverage-tool-output</ResultsDirectory></Configuration></DataCollector></DataCollectors></DataCollectionRunSettings></RunSettings> and sources System.Collections.Generic.List`1[System.String]: 
TpTrace Verbose: 0 : 24548, 6, 2024/04/24, 21:10:42.331, 4653568699293, vstest.console.dll, DataCollectionRequestSender.SendBeforeTestRunStartAndGetResult: Received message: (DataCollection.SendMessage) -> {"MessageType":"DataCollection.SendMessage","Payload":{"FriendlyName":null,"Uri":null,"TestCaseId":"00000000-0000-0000-0000-000000000000","Message":"Logging DataCollector Diagnostics in file: C:\\Users\\VC\\Desktop\\DAY 11 - 24.04.2024\\ShoppingSolution\\ShoppingBLTest\\bin\\Debug\\net6.0\\fine-code-coverage\\coverage-tool-output\\diagnostics.datacollector.24-04-24_21-10-42_02859_6.log","Level":0}}
TpTrace Verbose: 0 : 24548, 6, 2024/04/24, 21:10:42.426, 4653569653491, vstest.console.dll, DataCollectionRequestSender.SendBeforeTestRunStartAndGetResult: Received message: (DataCollection.BeforeTestRunStartResult) -> {"MessageType":"DataCollection.BeforeTestRunStartResult","Payload":{"EnvironmentVariables":{},"DataCollectionEventsPort":59207}}
TpTrace Information: 0 : 24548, 6, 2024/04/24, 21:10:42.436, 4653569754203, vstest.console.dll, ProxyDataCollectionManager.BeforeTestRunStart: SendBeforeTestRunStartAndGetResult successful, env variable from datacollector:   and testhost port: 59207
TpTrace Information: 0 : 24548, 6, 2024/04/24, 21:10:42.436, 4653569755820, vstest.console.dll, ProxyDataCollectionManager.InvokeDataCollectionServiceAction: Completed.
TpTrace Verbose: 0 : 24548, 6, 2024/04/24, 21:10:42.436, 4653569756302, vstest.console.dll, ParallelProxyExecutionManager.StartTestRunOnConcurrentManager: Initializing test run. Started clients: 0
TpTrace Verbose: 0 : 24548, 6, 2024/04/24, 21:10:42.436, 4653569757202, vstest.console.dll, ProxyExecutionManager: Test host is always Lazy initialize.
TpTrace Verbose: 0 : 24548, 6, 2024/04/24, 21:10:42.437, 4653569760210, vstest.console.dll, TestRequestSender.InitializeCommunication: initialize communication. 
TpTrace Information: 0 : 24548, 6, 2024/04/24, 21:10:42.437, 4653569765066, vstest.console.dll, SocketServer.Start: Listening on endpoint : 127.0.0.1:59208
TpTrace Verbose: 0 : 24548, 6, 2024/04/24, 21:10:42.438, 4653569773234, vstest.console.dll, DotnetTestHostmanager.GetTestHostProcessStartInfo: Platform environment 'X64' target architecture 'X64' framework '.NETCoreApp,Version=v6.0' OS 'Windows'
TpTrace Verbose: 0 : 24548, 6, 2024/04/24, 21:10:42.438, 4653569775676, vstest.console.dll, DotnetTestHostmanager: Adding  --runtimeconfig "C:\Users\VC\Desktop\DAY 11 - 24.04.2024\ShoppingSolution\ShoppingBLTest\bin\Debug\net6.0\fine-code-coverage\build-output\ShoppingBLTest.runtimeconfig.json" in args
TpTrace Verbose: 0 : 24548, 6, 2024/04/24, 21:10:42.438, 4653569776683, vstest.console.dll, DotnetTestHostmanager: Adding  --depsfile "C:\Users\VC\Desktop\DAY 11 - 24.04.2024\ShoppingSolution\ShoppingBLTest\bin\Debug\net6.0\fine-code-coverage\build-output\ShoppingBLTest.deps.json" in args
TpTrace Verbose: 0 : 24548, 6, 2024/04/24, 21:10:42.439, 4653569778722, vstest.console.dll, DotnetTestHostmanager.IsWinOnArm: Current PROCESSOR_ARCHITECTURE from environment variable 'AMD64'
TpTrace Verbose: 0 : 24548, 6, 2024/04/24, 21:10:42.439, 4653569779359, vstest.console.dll, DotnetTestHostmanager.IsWinOnArm: Is Windows on ARM 'False'
TpTrace Verbose: 0 : 24548, 6, 2024/04/24, 21:10:42.439, 4653569780302, vstest.console.dll, DotnetTestHostManager: testhost.exe found at path: C:\Users\VC\Desktop\DAY 11 - 24.04.2024\ShoppingSolution\ShoppingBLTest\bin\Debug\net6.0\fine-code-coverage\build-output\testhost.exe
TpTrace Verbose: 0 : 24548, 6, 2024/04/24, 21:10:42.439, 4653569780750, vstest.console.dll, DotnetTestHostmanager: Full path of host exe is C:\Users\VC\Desktop\DAY 11 - 24.04.2024\ShoppingSolution\ShoppingBLTest\bin\Debug\net6.0\fine-code-coverage\build-output\testhost.exe
TpTrace Verbose: 0 : 24548, 6, 2024/04/24, 21:10:42.439, 4653569782073, vstest.console.dll, DotnetTestHostmanager.LaunchTestHostAsync: Found 'VSTEST_WINAPPHOST_DOTNET_ROOT' in env variables, value 'C:\Program Files\dotnet', forwarding to 'DOTNET_ROOT'
TpTrace Verbose: 0 : 24548, 6, 2024/04/24, 21:10:42.439, 4653569783342, vstest.console.dll, DotnetTestHostManager: Starting process 'C:\Users\VC\Desktop\DAY 11 - 24.04.2024\ShoppingSolution\ShoppingBLTest\bin\Debug\net6.0\fine-code-coverage\build-output\testhost.exe' with command line ' --runtimeconfig "C:\Users\VC\Desktop\DAY 11 - 24.04.2024\ShoppingSolution\ShoppingBLTest\bin\Debug\net6.0\fine-code-coverage\build-output\ShoppingBLTest.runtimeconfig.json" --depsfile "C:\Users\VC\Desktop\DAY 11 - 24.04.2024\ShoppingSolution\ShoppingBLTest\bin\Debug\net6.0\fine-code-coverage\build-output\ShoppingBLTest.deps.json" --port 59208 --endpoint 127.0.0.1:059208 --role client --parentprocessid 24548 --diag "C:\Users\VC\Desktop\DAY 11 - 24.04.2024\ShoppingSolution\ShoppingBLTest\bin\Debug\net6.0\fine-code-coverage\coverage-tool-output\diagnostics.host.24-04-24_21-10-42_43811_6.log" --tracelevel 4 --datacollectionport 59207 --telemetryoptedin false'
TpTrace Verbose: 0 : 24548, 6, 2024/04/24, 21:10:42.448, 4653569868539, vstest.console.dll, MulticastDelegateUtilities.SafeInvoke: HostProviderEvents.OnHostLaunched: Invoking callback 1/2 for Microsoft.VisualStudio.TestPlatform.CrossPlatEngine.Client.ProxyExecutionManagerWithDataCollection., took 2 ms.
TpTrace Verbose: 0 : 24548, 6, 2024/04/24, 21:10:42.448, 4653569875007, vstest.console.dll, Test Runtime launched
TpTrace Verbose: 0 : 24548, 6, 2024/04/24, 21:10:42.448, 4653569876654, vstest.console.dll, MulticastDelegateUtilities.SafeInvoke: HostProviderEvents.OnHostLaunched: Invoking callback 2/2 for Microsoft.VisualStudio.TestPlatform.CrossPlatEngine.Client.ProxyOperationManager., took 0 ms.
TpTrace Verbose: 0 : 24548, 6, 2024/04/24, 21:10:42.449, 4653569879179, vstest.console.dll, TestRequestSender.WaitForRequestHandlerConnection: waiting for connection with timeout: 90000.
TpTrace Verbose: 0 : 24548, 8, 2024/04/24, 21:10:42.774, 4653573135831, vstest.console.dll, MulticastDelegateUtilities.SafeInvoke: SocketServer: ClientConnected: Invoking callback 1/1 for Microsoft.VisualStudio.TestPlatform.CommunicationUtilities.TestRequestSender., took 0 ms.
TpTrace Verbose: 0 : 24548, 6, 2024/04/24, 21:10:42.774, 4653573135831, vstest.console.dll, TestRequestSender.WaitForRequestHandlerConnection: waiting took 325 ms, with timeout 90000 ms, and result 0, which is success.
TpTrace Verbose: 0 : 24548, 8, 2024/04/24, 21:10:42.774, 4653573138021, vstest.console.dll, SocketServer.OnClientConnected: Client connected for endPoint: 127.0.0.1:59208, starting MessageLoopAsync:
TpTrace Verbose: 0 : 24548, 14, 2024/04/24, 21:10:42.775, 4653573147593, vstest.console.dll, TcpClientExtensions.MessageLoopAsync: Polling on remoteEndPoint: 127.0.0.1:59209 localEndPoint: 127.0.0.1:59208 after 0 ms
TpTrace Verbose: 0 : 24548, 6, 2024/04/24, 21:10:42.776, 4653573150667, vstest.console.dll, TestRequestSender.CheckVersionWithTestHost: Sending check version message: {"MessageType":"ProtocolVersion","Payload":7}
TpTrace Verbose: 0 : 24548, 14, 2024/04/24, 21:10:43.033, 4653575727969, vstest.console.dll, TcpClientExtensions.MessageLoopAsync: NotifyDataAvailable remoteEndPoint: 127.0.0.1:59209 localEndPoint: 127.0.0.1:59208
TpTrace Verbose: 0 : 24548, 14, 2024/04/24, 21:10:43.034, 4653575732145, vstest.console.dll, TestRequestSender.CheckVersionWithTestHost: onMessageReceived received message: (ProtocolVersion) -> {"MessageType":"ProtocolVersion","Payload":5}
TpTrace Verbose: 0 : 24548, 14, 2024/04/24, 21:10:43.035, 4653575740564, vstest.console.dll, MulticastDelegateUtilities.SafeInvoke: LengthPrefixCommunicationChannel: MessageReceived: Invoking callback 1/1 for Microsoft.VisualStudio.TestPlatform.CommunicationUtilities.TestRequestSender+<>c__DisplayClass29_0., took 0 ms.
TpTrace Verbose: 0 : 24548, 14, 2024/04/24, 21:10:43.035, 4653575741812, vstest.console.dll, TcpClientExtensions.MessageLoopAsync: Polling on remoteEndPoint: 127.0.0.1:59209 localEndPoint: 127.0.0.1:59208 after 259 ms
TpTrace Verbose: 0 : 24548, 6, 2024/04/24, 21:10:43.035, 4653575742084, vstest.console.dll, TestPluginCache.GetExtensionPaths: Filtered extension paths: 
TpTrace Verbose: 0 : 24548, 6, 2024/04/24, 21:10:43.035, 4653575743519, vstest.console.dll, TestPluginCache.GetExtensionPaths: Added default extension paths: C:\Program Files\dotnet\sdk\8.0.202\Extensions\Microsoft.Diagnostics.NETCore.Client.dll
C:\Program Files\dotnet\sdk\8.0.202\Extensions\Microsoft.TestPlatform.Extensions.BlameDataCollector.dll
C:\Program Files\dotnet\sdk\8.0.202\Extensions\Microsoft.TestPlatform.Extensions.EventLogCollector.dll
C:\Program Files\dotnet\sdk\8.0.202\Extensions\Microsoft.TestPlatform.TestHostRuntimeProvider.dll
C:\Program Files\dotnet\sdk\8.0.202\Extensions\Microsoft.VisualStudio.TestPlatform.Extensions.Html.TestLogger.dll
C:\Program Files\dotnet\sdk\8.0.202\Extensions\Microsoft.VisualStudio.TestPlatform.Extensions.Trx.TestLogger.dll
TpTrace Verbose: 0 : 24548, 6, 2024/04/24, 21:10:43.035, 4653575744254, vstest.console.dll, TestPluginCache.GetExtensionPaths: Added unfilterableExtensionPaths: 
TpTrace Verbose: 0 : 24548, 6, 2024/04/24, 21:10:43.039, 4653575786485, vstest.console.dll, TestRequestSender.InitializeExecution: Sending initialize execution with message: {"Version":5,"MessageType":"TestExecution.Initialize","Payload":["C:\\Users\\VC\\Desktop\\DAY 11 - 24.04.2024\\ShoppingSolution\\ShoppingBLTest\\bin\\Debug\\net6.0\\fine-code-coverage\\build-output\\NUnit3.TestAdapter.dll"]}
TpTrace Verbose: 0 : 24548, 6, 2024/04/24, 21:10:43.040, 4653575788669, vstest.console.dll, ParallelProxyExecutionManager.StartTestRunOnConcurrentManager: Execution starting. Started clients: 1
TpTrace Verbose: 0 : 24548, 6, 2024/04/24, 21:10:43.040, 4653575791212, vstest.console.dll, TestRunRequest:SendTestRunMessage: Starting.
TpTrace Verbose: 0 : 24548, 6, 2024/04/24, 21:10:43.040, 4653575792678, vstest.console.dll, MulticastDelegateUtilities.SafeInvoke: TestRun.LogMessages: Invoking callback 1/1 for Microsoft.VisualStudio.TestPlatform.CommandLine.TestRunResultAggregator., took 0 ms.
TpTrace Information: 0 : 24548, 6, 2024/04/24, 21:10:43.040, 4653575793100, vstest.console.dll, TestRunRequest:SendTestRunMessage: Completed.
TpTrace Verbose: 0 : 24548, 5, 2024/04/24, 21:10:43.040, 4653575795217, vstest.console.dll, MulticastDelegateUtilities.SafeInvoke: InternalTestLoggerEvents.SendTestRunMessage: Invoking callback 1/1 for Microsoft.VisualStudio.TestPlatform.CommandLine.Internal.ConsoleLogger., took 0 ms.
TpTrace Warning: 0 : 24548, 6, 2024/04/24, 21:10:43.040, 4653575797893, vstest.console.dll, InferRunSettingsHelper.MakeRunsettingsCompatible: Removing the following settings: TargetPlatform from RunSettings file. To use those settings please move to latest version of Microsoft.NET.Test.Sdk
TpTrace Verbose: 0 : 24548, 6, 2024/04/24, 21:10:43.046, 4653575855537, vstest.console.dll, TestRequestSender.StartTestRun: Sending test run with message: {"Version":5,"MessageType":"TestExecution.StartWithSources","Payload":{"AdapterSourceMap":{"_none_":["C:\\Users\\VC\\Desktop\\DAY 11 - 24.04.2024\\ShoppingSolution\\ShoppingBLTest\\bin\\Debug\\net6.0\\fine-code-coverage\\build-output\\ShoppingBLTest.dll"]},"RunSettings":"<RunSettings>\r\n  <RunConfiguration>\r\n    <ResultsDirectory>C:\\Users\\VC\\Desktop\\DAY 11 - 24.04.2024\\ShoppingSolution\\ShoppingBLTest\\bin\\Debug\\net6.0\\fine-code-coverage\\coverage-tool-output</ResultsDirectory>\r\n    <TargetFrameworkVersion>.NETCoreApp,Version=v6.0</TargetFrameworkVersion>\r\n    <DesignMode>False</DesignMode>\r\n    <CollectSourceInformation>False</CollectSourceInformation>\r\n  </RunConfiguration>\r\n  <LoggerRunSettings>\r\n    <Loggers>\r\n      <Logger friendlyName=\"blame\" enabled=\"True\" />\r\n      <Logger friendlyName=\"Console\" uri=\"logger://microsoft/TestPlatform/ConsoleLogger/v1\" assemblyQualifiedName=\"Microsoft.VisualStudio.TestPlatform.CommandLine.Internal.ConsoleLogger, vstest.console, Version=15.0.0.0, Culture=neutral, PublicKeyToken=b03f5f7f11d50a3a\" codeBase=\"C:\\Program Files\\dotnet\\sdk\\8.0.202\\vstest.console.dll\" enabled=\"True\" />\r\n    </Loggers>\r\n  </LoggerRunSettings>\r\n  <DataCollectionRunSettings>\r\n    <DataCollectors>\r\n      <DataCollector friendlyName=\"blame\" enabled=\"True\">\r\n        <Configuration>\r\n          <ResultsDirectory>C:\\Users\\VC\\Desktop\\DAY 11 - 24.04.2024\\ShoppingSolution\\ShoppingBLTest\\bin\\Debug\\net6.0\\fine-code-coverage\\coverage-tool-output</ResultsDirectory>\r\n        </Configuration>\r\n      </DataCollector>\r\n    </DataCollectors>\r\n  </DataCollectionRunSettings>\r\n</RunSettings>","TestExecutionContext":{"FrequencyOfRunStatsChangeEvent":10,"RunStatsChangeEventTimeout":"00:00:01.5000000","InIsolation":false,"KeepAlive":false,"AreTestCaseLevelEventsRequired":false,"IsDebug":false,"TestCaseFilter":null,"FilterOptions":null},"Package":null}}
TpTrace Verbose: 0 : 24548, 14, 2024/04/24, 21:10:43.046, 4653575856320, vstest.console.dll, TcpClientExtensions.MessageLoopAsync: NotifyDataAvailable remoteEndPoint: 127.0.0.1:59209 localEndPoint: 127.0.0.1:59208
TpTrace Verbose: 0 : 24548, 6, 2024/04/24, 21:10:43.046, 4653575858064, vstest.console.dll, ParallelProxyExecutionManager.StartTestRunOnConcurrentManager: Execution started. Started clients: 1
TpTrace Verbose: 0 : 24548, 14, 2024/04/24, 21:10:43.047, 4653575860135, vstest.console.dll, TestRequestSender.OnExecutionMessageReceived: Received message: {"Version":5,"MessageType":"TestSession.Message","Payload":{"MessageLevel":0,"Message":"Logging TestHost Diagnostics in file: C:\\Users\\VC\\Desktop\\DAY 11 - 24.04.2024\\ShoppingSolution\\ShoppingBLTest\\bin\\Debug\\net6.0\\fine-code-coverage\\coverage-tool-output\\diagnostics.host.24-04-24_21-10-42_43811_6.log"}}
TpTrace Verbose: 0 : 24548, 14, 2024/04/24, 21:10:43.049, 4653575884887, vstest.console.dll, TestRunRequest:SendTestRunMessage: Starting.
TpTrace Verbose: 0 : 24548, 14, 2024/04/24, 21:10:43.049, 4653575886224, vstest.console.dll, MulticastDelegateUtilities.SafeInvoke: TestRun.LogMessages: Invoking callback 1/1 for Microsoft.VisualStudio.TestPlatform.CommandLine.TestRunResultAggregator., took 0 ms.
TpTrace Information: 0 : 24548, 14, 2024/04/24, 21:10:43.049, 4653575886598, vstest.console.dll, TestRunRequest:SendTestRunMessage: Completed.
TpTrace Verbose: 0 : 24548, 14, 2024/04/24, 21:10:43.049, 4653575887099, vstest.console.dll, MulticastDelegateUtilities.SafeInvoke: LengthPrefixCommunicationChannel: MessageReceived: Invoking callback 1/1 for Microsoft.VisualStudio.TestPlatform.CommunicationUtilities.TestRequestSender+<>c__DisplayClass34_0., took 2 ms.
TpTrace Verbose: 0 : 24548, 5, 2024/04/24, 21:10:43.049, 4653575887078, vstest.console.dll, MulticastDelegateUtilities.SafeInvoke: InternalTestLoggerEvents.SendTestRunMessage: Invoking callback 1/1 for Microsoft.VisualStudio.TestPlatform.CommandLine.Internal.ConsoleLogger., took 0 ms.
TpTrace Verbose: 0 : 24548, 14, 2024/04/24, 21:10:43.049, 4653575887581, vstest.console.dll, TcpClientExtensions.MessageLoopAsync: Polling on remoteEndPoint: 127.0.0.1:59209 localEndPoint: 127.0.0.1:59208 after 14 ms
TpTrace Verbose: 0 : 24548, 14, 2024/04/24, 21:10:43.382, 4653579210940, vstest.console.dll, TcpClientExtensions.MessageLoopAsync: NotifyDataAvailable remoteEndPoint: 127.0.0.1:59209 localEndPoint: 127.0.0.1:59208
TpTrace Verbose: 0 : 24548, 14, 2024/04/24, 21:10:43.382, 4653579213442, vstest.console.dll, TestRequestSender.OnExecutionMessageReceived: Received message: {"Version":5,"MessageType":"TestSession.Message","Payload":{"MessageLevel":0,"Message":"NUnit Adapter 4.2.0.0: Test execution started"}}
TpTrace Verbose: 0 : 24548, 14, 2024/04/24, 21:10:43.382, 4653579215502, vstest.console.dll, TestRunRequest:SendTestRunMessage: Starting.
TpTrace Verbose: 0 : 24548, 14, 2024/04/24, 21:10:43.382, 4653579216280, vstest.console.dll, MulticastDelegateUtilities.SafeInvoke: TestRun.LogMessages: Invoking callback 1/1 for Microsoft.VisualStudio.TestPlatform.CommandLine.TestRunResultAggregator., took 0 ms.
TpTrace Verbose: 0 : 24548, 5, 2024/04/24, 21:10:43.382, 4653579216486, vstest.console.dll, MulticastDelegateUtilities.SafeInvoke: InternalTestLoggerEvents.SendTestRunMessage: Invoking callback 1/1 for Microsoft.VisualStudio.TestPlatform.CommandLine.Internal.ConsoleLogger., took 0 ms.
TpTrace Information: 0 : 24548, 14, 2024/04/24, 21:10:43.382, 4653579216841, vstest.console.dll, TestRunRequest:SendTestRunMessage: Completed.
TpTrace Verbose: 0 : 24548, 14, 2024/04/24, 21:10:43.382, 4653579218102, vstest.console.dll, MulticastDelegateUtilities.SafeInvoke: LengthPrefixCommunicationChannel: MessageReceived: Invoking callback 1/1 for Microsoft.VisualStudio.TestPlatform.CommunicationUtilities.TestRequestSender+<>c__DisplayClass34_0., took 0 ms.
TpTrace Verbose: 0 : 24548, 14, 2024/04/24, 21:10:43.383, 4653579218541, vstest.console.dll, TcpClientExtensions.MessageLoopAsync: Polling on remoteEndPoint: 127.0.0.1:59209 localEndPoint: 127.0.0.1:59208 after 332 ms
TpTrace Verbose: 0 : 24548, 14, 2024/04/24, 21:10:43.425, 4653579640689, vstest.console.dll, TcpClientExtensions.MessageLoopAsync: NotifyDataAvailable remoteEndPoint: 127.0.0.1:59209 localEndPoint: 127.0.0.1:59208
TpTrace Verbose: 0 : 24548, 14, 2024/04/24, 21:10:43.425, 4653579643995, vstest.console.dll, TestRequestSender.OnExecutionMessageReceived: Received message: {"Version":5,"MessageType":"TestSession.Message","Payload":{"MessageLevel":0,"Message":"Running all tests in C:\\Users\\VC\\Desktop\\DAY 11 - 24.04.2024\\ShoppingSolution\\ShoppingBLTest\\bin\\Debug\\net6.0\\fine-code-coverage\\build-output\\ShoppingBLTest.dll"}}
TpTrace Verbose: 0 : 24548, 14, 2024/04/24, 21:10:43.425, 4653579646348, vstest.console.dll, TestRunRequest:SendTestRunMessage: Starting.
TpTrace Verbose: 0 : 24548, 14, 2024/04/24, 21:10:43.425, 4653579647830, vstest.console.dll, MulticastDelegateUtilities.SafeInvoke: TestRun.LogMessages: Invoking callback 1/1 for Microsoft.VisualStudio.TestPlatform.CommandLine.TestRunResultAggregator., took 0 ms.
TpTrace Verbose: 0 : 24548, 5, 2024/04/24, 21:10:43.425, 4653579648215, vstest.console.dll, MulticastDelegateUtilities.SafeInvoke: InternalTestLoggerEvents.SendTestRunMessage: Invoking callback 1/1 for Microsoft.VisualStudio.TestPlatform.CommandLine.Internal.ConsoleLogger., took 0 ms.
TpTrace Information: 0 : 24548, 14, 2024/04/24, 21:10:43.426, 4653579649028, vstest.console.dll, TestRunRequest:SendTestRunMessage: Completed.
TpTrace Verbose: 0 : 24548, 14, 2024/04/24, 21:10:43.426, 4653579651217, vstest.console.dll, MulticastDelegateUtilities.SafeInvoke: LengthPrefixCommunicationChannel: MessageReceived: Invoking callback 1/1 for Microsoft.VisualStudio.TestPlatform.CommunicationUtilities.TestRequestSender+<>c__DisplayClass34_0., took 0 ms.
TpTrace Verbose: 0 : 24548, 14, 2024/04/24, 21:10:43.426, 4653579652273, vstest.console.dll, TcpClientExtensions.MessageLoopAsync: Polling on remoteEndPoint: 127.0.0.1:59209 localEndPoint: 127.0.0.1:59208 after 43 ms
TpTrace Verbose: 0 : 24548, 14, 2024/04/24, 21:10:43.726, 4653582652586, vstest.console.dll, TcpClientExtensions.MessageLoopAsync: NotifyDataAvailable remoteEndPoint: 127.0.0.1:59209 localEndPoint: 127.0.0.1:59208
TpTrace Verbose: 0 : 24548, 14, 2024/04/24, 21:10:43.726, 4653582655241, vstest.console.dll, TestRequestSender.OnExecutionMessageReceived: Received message: {"Version":5,"MessageType":"TestSession.Message","Payload":{"MessageLevel":0,"Message":"   NUnit3TestExecutor discovered 33 of 33 NUnit test cases using Current Discovery mode, Non-Explicit run"}}
TpTrace Verbose: 0 : 24548, 14, 2024/04/24, 21:10:43.726, 4653582657063, vstest.console.dll, TestRunRequest:SendTestRunMessage: Starting.
TpTrace Verbose: 0 : 24548, 14, 2024/04/24, 21:10:43.726, 4653582658077, vstest.console.dll, MulticastDelegateUtilities.SafeInvoke: TestRun.LogMessages: Invoking callback 1/1 for Microsoft.VisualStudio.TestPlatform.CommandLine.TestRunResultAggregator., took 0 ms.
TpTrace Verbose: 0 : 24548, 5, 2024/04/24, 21:10:43.726, 4653582658258, vstest.console.dll, MulticastDelegateUtilities.SafeInvoke: InternalTestLoggerEvents.SendTestRunMessage: Invoking callback 1/1 for Microsoft.VisualStudio.TestPlatform.CommandLine.Internal.ConsoleLogger., took 0 ms.
TpTrace Information: 0 : 24548, 14, 2024/04/24, 21:10:43.727, 4653582658850, vstest.console.dll, TestRunRequest:SendTestRunMessage: Completed.
TpTrace Verbose: 0 : 24548, 14, 2024/04/24, 21:10:43.727, 4653582661616, vstest.console.dll, MulticastDelegateUtilities.SafeInvoke: LengthPrefixCommunicationChannel: MessageReceived: Invoking callback 1/1 for Microsoft.VisualStudio.TestPlatform.CommunicationUtilities.TestRequestSender+<>c__DisplayClass34_0., took 0 ms.
TpTrace Verbose: 0 : 24548, 14, 2024/04/24, 21:10:43.727, 4653582664288, vstest.console.dll, TcpClientExtensions.MessageLoopAsync: Polling on remoteEndPoint: 127.0.0.1:59209 localEndPoint: 127.0.0.1:59208 after 301 ms
TpTrace Verbose: 0 : 24548, 14, 2024/04/24, 21:10:43.983, 4653585221318, vstest.console.dll, TcpClientExtensions.MessageLoopAsync: NotifyDataAvailable remoteEndPoint: 127.0.0.1:59209 localEndPoint: 127.0.0.1:59208
TpTrace Verbose: 0 : 24548, 14, 2024/04/24, 21:10:43.984, 4653585228661, vstest.console.dll, TestRequestSender.OnExecutionMessageReceived: Received message: {"Version":5,"MessageType":"TestExecution.StatsChange","Payload":{"NewTestResults":[{"TestCase":{"Id":"e4321942-315d-6b81-500b-3f4447bae1fa","FullyQualifiedName":"ShoppingBLTest.CartBLTest.AddCartExceptionTest","DisplayName":"AddCartExceptionTest","ExecutorUri":"executor://NUnit3TestExecutor","Source":"C:\\Users\\VC\\Desktop\\DAY 11 - 24.04.2024\\ShoppingSolution\\ShoppingBLTest\\bin\\Debug\\net6.0\\fine-code-coverage\\build-output\\ShoppingBLTest.dll","CodeFilePath":null,"LineNumber":0,"Properties":[{"Key":{"Id":"NUnit.Seed","Label":"Seed","Category":"","Description":"","Attributes":0,"ValueType":"System.String"},"Value":"1667934674"}]},"Attachments":[],"Outcome":2,"ErrorMessage":"  Expected: <ShoppingModelLibrary.CartException.NoCartWithGivenIdException>\r\n  But was:  <System.NullReferenceException: Object reference not set to an instance of an object.\r\n   at ShoppingBLTest.CartBLTest.<>c__DisplayClass11_0.<AddCartExceptionTest>b__0() in C:\\Users\\VC\\Desktop\\DAY 11 - 24.04.2024\\ShoppingSolution\\ShoppingBLTest\\CartBLTest.cs:line 95\r\n   at NUnit.Framework.Assert.Throws(IResolveConstraint expression, TestDelegate code, String message, Object[] args)>\r\n","ErrorStackTrace":"   at ShoppingBLTest.CartBLTest.AddCartExceptionTest() in C:\\Users\\VC\\Desktop\\DAY 11 - 24.04.2024\\ShoppingSolution\\ShoppingBLTest\\CartBLTest.cs:line 95\r\n","DisplayName":"AddCartExceptionTest","Messages":[],"ComputerName":"BYQBBX3","Duration":"00:00:00.0645300","StartTime":"2024-04-24T15:40:43.7582433+00:00","EndTime":"2024-04-24T15:40:43.8226605+00:00","Properties":[{"Key":{"Id":"NUnit.Seed","Label":"Seed","Category":"","Description":"","Attributes":0,"ValueType":"System.String"},"Value":"1667934674"}]},{"TestCase":{"Id":"599bfd9b-800f-e8d2-cb63-86f28c8e8e0e","FullyQualifiedName":"ShoppingBLTest.CartBLTest.AddCartItemFailTest","DisplayName":"AddCartItemFailTest","ExecutorUri":"executor://NUnit3TestExecutor","Source":"C:\\Users\\VC\\Desktop\\DAY 11 - 24.04.2024\\ShoppingSolution\\ShoppingBLTest\\bin\\Debug\\net6.0\\fine-code-coverage\\build-output\\ShoppingBLTest.dll","CodeFilePath":null,"LineNumber":0,"Properties":[{"Key":{"Id":"NUnit.Seed","Label":"Seed","Category":"","Description":"","Attributes":0,"ValueType":"System.String"},"Value":"1445396765"}]},"Attachments":[],"Outcome":2,"ErrorMessage":"System.NullReferenceException : Object reference not set to an instance of an object.","ErrorStackTrace":"   at ShoppingBLTest.CartBLTest.AddCartItemFailTest() in C:\\Users\\VC\\Desktop\\DAY 11 - 24.04.2024\\ShoppingSolution\\ShoppingBLTest\\CartBLTest.cs:line 85","DisplayName":"AddCartItemFailTest","Messages":[],"ComputerName":"BYQBBX3","Duration":"00:00:00.0042400","StartTime":"2024-04-24T15:40:43.8250431+00:00","EndTime":"2024-04-24T15:40:43.8292833+00:00","Properties":[{"Key":{"Id":"NUnit.Seed","Label":"Seed","Category":"","Description":"","Attributes":0,"ValueType":"System.String"},"Value":"1445396765"}]},{"TestCase":{"Id":"11e15c9c-7aca-8bde-cb2a-3e728c4b01ff","FullyQualifiedName":"ShoppingBLTest.CartBLTest.AddCartItemSuccessTest","DisplayName":"AddCartItemSuccessTest","ExecutorUri":"executor://NUnit3TestExecutor","Source":"C:\\Users\\VC\\Desktop\\DAY 11 - 24.04.2024\\ShoppingSolution\\ShoppingBLTest\\bin\\Debug\\net6.0\\fine-code-coverage\\build-output\\ShoppingBLTest.dll","CodeFilePath":null,"LineNumber":0,"Properties":[{"Key":{"Id":"NUnit.Seed","Label":"Seed","Category":"","Description":"","Attributes":0,"ValueType":"System.String"},"Value":"2131327959"}]},"Attachments":[],"Outcome":2,"ErrorMessage":"System.NullReferenceException : Object reference not set to an instance of an object.","ErrorStackTrace":"   at ShoppingBLTest.CartBLTest.AddCartItemSuccessTest() in C:\\Users\\VC\\Desktop\\DAY 11 - 24.04.2024\\ShoppingSolution\\ShoppingBLTest\\CartBLTest.cs:line 76","DisplayName":"AddCartItemSuccessTest","Messages":[],"ComputerName":"BYQBBX3","Duration":"00:00:00.0010670","StartTime":"2024-04-24T15:40:43.8293258+00:00","EndTime":"2024-04-24T15:40:43.830393+00:00","Properties":[{"Key":{"Id":"NUnit.Seed","Label":"Seed","Category":"","Description":"","Attributes":0,"ValueType":"System.String"},"Value":"2131327959"}]},{"TestCase":{"Id":"6215e3d4-a61c-4f14-c615-0077408a4ce7","FullyQualifiedName":"ShoppingBLTest.CartBLTest.CustomerPurchaseExceptionTest","DisplayName":"CustomerPurchaseExceptionTest","ExecutorUri":"executor://NUnit3TestExecutor","Source":"C:\\Users\\VC\\Desktop\\DAY 11 - 24.04.2024\\ShoppingSolution\\ShoppingBLTest\\bin\\Debug\\net6.0\\fine-code-coverage\\build-output\\ShoppingBLTest.dll","CodeFilePath":null,"LineNumber":0,"Properties":[{"Key":{"Id":"NUnit.Seed","Label":"Seed","Category":"","Description":"","Attributes":0,"ValueType":"System.String"},"Value":"1672164735"}]},"Attachments":[],"Outcome":2,"ErrorMessage":"  Expected: <ShoppingModelLibrary.CartException.NoCartWithGivenIdException>\r\n  But was:  <System.NullReferenceException: Object reference not set to an instance of an object.\r\n   at ShoppingBLTest.CartBLTest.<CustomerPurchaseExceptionTest>b__14_0() in C:\\Users\\VC\\Desktop\\DAY 11 - 24.04.2024\\ShoppingSolution\\ShoppingBLTest\\CartBLTest.cs:line 115\r\n   at NUnit.Framework.Assert.Throws(IResolveConstraint expression, TestDelegate code, String message, Object[] args)>\r\n","ErrorStackTrace":"   at ShoppingBLTest.CartBLTest.CustomerPurchaseExceptionTest() in C:\\Users\\VC\\Desktop\\DAY 11 - 24.04.2024\\ShoppingSolution\\ShoppingBLTest\\CartBLTest.cs:line 115\r\n","DisplayName":"CustomerPurchaseExceptionTest","Messages":[],"ComputerName":"BYQBBX3","Duration":"00:00:00.0022290","StartTime":"2024-04-24T15:40:43.8304256+00:00","EndTime":"2024-04-24T15:40:43.8326545+00:00","Properties":[{"Key":{"Id":"NUnit.Seed","Label":"Seed","Category":"","Description":"","Attributes":0,"ValueType":"System.String"},"Value":"1672164735"}]},{"TestCase":{"Id":"2498648d-dc5d-96f4-0152-6052d8326c33","FullyQualifiedName":"ShoppingBLTest.CartBLTest.CustomerPurchaseFailTest","DisplayName":"CustomerPurchaseFailTest","ExecutorUri":"executor://NUnit3TestExecutor","Source":"C:\\Users\\VC\\Desktop\\DAY 11 - 24.04.2024\\ShoppingSolution\\ShoppingBLTest\\bin\\Debug\\net6.0\\fine-code-coverage\\build-output\\ShoppingBLTest.dll","CodeFilePath":null,"LineNumber":0,"Properties":[{"Key":{"Id":"NUnit.Seed","Label":"Seed","Category":"","Description":"","Attributes":0,"ValueType":"System.String"},"Value":"871303477"}]},"Attachments":[],"Outcome":2,"ErrorMessage":"System.NullReferenceException : Object reference not set to an instance of an object.","ErrorStackTrace":"   at ShoppingBLTest.CartBLTest.CustomerPurchaseFailTest() in C:\\Users\\VC\\Desktop\\DAY 11 - 24.04.2024\\ShoppingSolution\\ShoppingBLTest\\CartBLTest.cs:line 108","DisplayName":"CustomerPurchaseFailTest","Messages":[],"ComputerName":"BYQBBX3","Duration":"00:00:00.0007790","StartTime":"2024-04-24T15:40:43.8326758+00:00","EndTime":"2024-04-24T15:40:43.8334545+00:00","Properties":[{"Key":{"Id":"NUnit.Seed","Label":"Seed","Category":"","Description":"","Attributes":0,"ValueType":"System.String"},"Value":"871303477"}]},{"TestCase":{"Id":"13ec2d96-01ff-e1bc-37a5-21968dd8ecc4","FullyQualifiedName":"ShoppingBLTest.CartBLTest.CustomerPurchaseSuccessTest","DisplayName":"CustomerPurchaseSuccessTest","ExecutorUri":"executor://NUnit3TestExecutor","Source":"C:\\Users\\VC\\Desktop\\DAY 11 - 24.04.2024\\ShoppingSolution\\ShoppingBLTest\\bin\\Debug\\net6.0\\fine-code-coverage\\build-output\\ShoppingBLTest.dll","CodeFilePath":null,"LineNumber":0,"Properties":[{"Key":{"Id":"NUnit.Seed","Label":"Seed","Category":"","Description":"","Attributes":0,"ValueType":"System.String"},"Value":"2030815257"}]},"Attachments":[],"Outcome":2,"ErrorMessage":"System.NullReferenceException : Object reference not set to an instance of an object.","ErrorStackTrace":"   at ShoppingBLTest.CartBLTest.CustomerPurchaseSuccessTest() in C:\\Users\\VC\\Desktop\\DAY 11 - 24.04.2024\\ShoppingSolution\\ShoppingBLTest\\CartBLTest.cs:line 102","DisplayName":"CustomerPurchaseSuccessTest","Messages":[],"ComputerName":"BYQBBX3","Duration":"00:00:00.0007180","StartTime":"2024-04-24T15:40:43.8334733+00:00","EndTime":"2024-04-24T15:40:43.8341915+00:00","Properties":[{"Key":{"Id":"NUnit.Seed","Label":"Seed","Category":"","Description":"","Attributes":0,"ValueType":"System.String"},"Value":"2030815257"}]},{"TestCase":{"Id":"90e842c9-d922-4edf-9987-34ed43d5d0c0","FullyQualifiedName":"ShoppingBLTest.CartBLTest.DeleteCartExceptionTest","DisplayName":"DeleteCartExceptionTest","ExecutorUri":"executor://NUnit3TestExecutor","Source":"C:\\Users\\VC\\Desktop\\DAY 11 - 24.04.2024\\ShoppingSolution\\ShoppingBLTest\\bin\\Debug\\net6.0\\fine-code-coverage\\build-output\\ShoppingBLTest.dll","CodeFilePath":null,"LineNumber":0,"Properties":[{"Key":{"Id":"NUnit.Seed","Label":"Seed","Category":"","Description":"","Attributes":0,"ValueType":"System.String"},"Value":"1588623612"}]},"Attachments":[],"Outcome":2,"ErrorMessage":"  Expected: <ShoppingModelLibrary.CartException.NoCartWithGivenIdException>\r\n  But was:  <System.NullReferenceException: Object reference not set to an instance of an object.\r\n   at ShoppingBLTest.CartBLTest.<DeleteCartExceptionTest>b__5_0() in C:\\Users\\VC\\Desktop\\DAY 11 - 24.04.2024\\ShoppingSolution\\ShoppingBLTest\\CartBLTest.cs:line 43\r\n   at NUnit.Framework.Assert.Throws(IResolveConstraint expression, TestDelegate code, String message, Object[] args)>\r\n","ErrorStackTrace":"   at ShoppingBLTest.CartBLTest.DeleteCartExceptionTest() in C:\\Users\\VC\\Desktop\\DAY 11 - 24.04.2024\\ShoppingSolution\\ShoppingBLTest\\CartBLTest.cs:line 43\r\n","DisplayName":"DeleteCartExceptionTest","Messages":[],"ComputerName":"BYQBBX3","Duration":"00:00:00.0016830","StartTime":"2024-04-24T15:40:43.8342099+00:00","EndTime":"2024-04-24T15:40:43.8358919+00:00","Properties":[{"Key":{"Id":"NUnit.Seed","Label":"Seed","Category":"","Description":"","Attributes":0,"ValueType":"System.String"},"Value":"1588623612"}]},{"TestCase":{"Id":"82a818e9-aca6-7a76-a03e-9e640978bb0d","FullyQualifiedName":"ShoppingBLTest.CartBLTest.DeleteCartFailTest","DisplayName":"DeleteCartFailTest","ExecutorUri":"executor://NUnit3TestExecutor","Source":"C:\\Users\\VC\\Desktop\\DAY 11 - 24.04.2024\\ShoppingSolution\\ShoppingBLTest\\bin\\Debug\\net6.0\\fine-code-coverage\\build-output\\ShoppingBLTest.dll","CodeFilePath":null,"LineNumber":0,"Properties":[{"Key":{"Id":"NUnit.Seed","Label":"Seed","Category":"","Description":"","Attributes":0,"ValueType":"System.String"},"Value":"429015939"}]},"Attachments":[],"Outcome":2,"ErrorMessage":"System.NullReferenceException : Object reference not set to an instance of an object.","ErrorStackTrace":"   at ShoppingBLTest.CartBLTest.DeleteCartFailTest() in C:\\Users\\VC\\Desktop\\DAY 11 - 24.04.2024\\ShoppingSolution\\ShoppingBLTest\\CartBLTest.cs:line 35","DisplayName":"DeleteCartFailTest","Messages":[],"ComputerName":"BYQBBX3","Duration":"00:00:00.0013240","StartTime":"2024-04-24T15:40:43.8359178+00:00","EndTime":"2024-04-24T15:40:43.8372412+00:00","Properties":[{"Key":{"Id":"NUnit.Seed","Label":"Seed","Category":"","Description":"","Attributes":0,"ValueType":"System.String"},"Value":"429015939"}]},{"TestCase":{"Id":"3e8db297-40f1-a7b0-74e9-fedb06727ae1","FullyQualifiedName":"ShoppingBLTest.CartBLTest.DeleteCartSuccessTest","DisplayName":"DeleteCartSuccessTest","ExecutorUri":"executor://NUnit3TestExecutor","Source":"C:\\Users\\VC\\Desktop\\DAY 11 - 24.04.2024\\ShoppingSolution\\ShoppingBLTest\\bin\\Debug\\net6.0\\fine-code-coverage\\build-output\\ShoppingBLTest.dll","CodeFilePath":null,"LineNumber":0,"Properties":[{"Key":{"Id":"NUnit.Seed","Label":"Seed","Category":"","Description":"","Attributes":0,"ValueType":"System.String"},"Value":"673079394"}]},"Attachments":[],"Outcome":2,"ErrorMessage":"System.NullReferenceException : Object reference not set to an instance of an object.","ErrorStackTrace":"   at ShoppingBLTest.CartBLTest.DeleteCartSuccessTest() in C:\\Users\\VC\\Desktop\\DAY 11 - 24.04.2024\\ShoppingSolution\\ShoppingBLTest\\CartBLTest.cs:line 28","DisplayName":"DeleteCartSuccessTest","Messages":[],"ComputerName":"BYQBBX3","Duration":"00:00:00.0007120","StartTime":"2024-04-24T15:40:43.8372612+00:00","EndTime":"2024-04-24T15:40:43.8379731+00:00","Properties":[{"Key":{"Id":"NUnit.Seed","Label":"Seed","Category":"","Description":"","Attributes":0,"ValueType":"System.String"},"Value":"673079394"}]}],"TestRunStatistics":{"ExecutedTests":9,"Stats":{"Failed":9}},"ActiveTests":[{"Id":"26a05232-e6cb-6fe7-c5a1-c05beb746c5d","FullyQualifiedName":"ShoppingBLTest.CartBLTest.GetCartExceptionTest","DisplayName":"GetCartExceptionTest","ExecutorUri":"executor://NUnit3TestExecutor","Source":"C:\\Users\\VC\\Desktop\\DAY 11 - 24.04.2024\\ShoppingSolution\\ShoppingBLTest\\bin\\Debug\\net6.0\\fine-code-coverage\\build-output\\ShoppingBLTest.dll","CodeFilePath":null,"LineNumber":0,"Properties":[{"Key":{"Id":"NUnit.Seed","Label":"Seed","Category":"","Description":"","Attributes":0,"ValueType":"System.String"},"Value":"1463671594"}]}]}}
TpTrace Verbose: 0 : 24548, 14, 2024/04/24, 21:10:44.038, 4653585776360, vstest.console.dll, TestRunRequest:SendTestRunStatsChange: Starting.
TpTrace Verbose: 0 : 24548, 14, 2024/04/24, 21:10:44.039, 4653585779534, vstest.console.dll, InProgress is GetCartExceptionTest
TpTrace Verbose: 0 : 24548, 14, 2024/04/24, 21:10:44.039, 4653585788204, vstest.console.dll, MulticastDelegateUtilities.SafeInvoke: TestRun.RunStatsChanged: Invoking callbacks was skipped because there are no subscribers.
TpTrace Information: 0 : 24548, 14, 2024/04/24, 21:10:44.040, 4653585789681, vstest.console.dll, TestRunRequest:SendTestRunStatsChange: Completed.
TpTrace Verbose: 0 : 24548, 14, 2024/04/24, 21:10:44.040, 4653585790859, vstest.console.dll, MulticastDelegateUtilities.SafeInvoke: LengthPrefixCommunicationChannel: MessageReceived: Invoking callback 1/1 for Microsoft.VisualStudio.TestPlatform.CommunicationUtilities.TestRequestSender+<>c__DisplayClass34_0., took 56 ms.
TpTrace Verbose: 0 : 24548, 14, 2024/04/24, 21:10:44.040, 4653585792035, vstest.console.dll, TcpClientExtensions.MessageLoopAsync: Polling on remoteEndPoint: 127.0.0.1:59209 localEndPoint: 127.0.0.1:59208 after 312 ms
TpTrace Verbose: 0 : 24548, 14, 2024/04/24, 21:10:44.040, 4653585793427, vstest.console.dll, TcpClientExtensions.MessageLoopAsync: NotifyDataAvailable remoteEndPoint: 127.0.0.1:59209 localEndPoint: 127.0.0.1:59208
TpTrace Verbose: 0 : 24548, 14, 2024/04/24, 21:10:44.041, 4653585802651, vstest.console.dll, TestRequestSender.OnExecutionMessageReceived: Received message: {"Version":5,"MessageType":"TestExecution.StatsChange","Payload":{"NewTestResults":[{"TestCase":{"Id":"26a05232-e6cb-6fe7-c5a1-c05beb746c5d","FullyQualifiedName":"ShoppingBLTest.CartBLTest.GetCartExceptionTest","DisplayName":"GetCartExceptionTest","ExecutorUri":"executor://NUnit3TestExecutor","Source":"C:\\Users\\VC\\Desktop\\DAY 11 - 24.04.2024\\ShoppingSolution\\ShoppingBLTest\\bin\\Debug\\net6.0\\fine-code-coverage\\build-output\\ShoppingBLTest.dll","CodeFilePath":null,"LineNumber":0,"Properties":[{"Key":{"Id":"NUnit.Seed","Label":"Seed","Category":"","Description":"","Attributes":0,"ValueType":"System.String"},"Value":"1463671594"}]},"Attachments":[],"Outcome":2,"ErrorMessage":"  Expected: <ShoppingModelLibrary.CartException.NoCartWithGivenIdException>\r\n  But was:  <System.NullReferenceException: Object reference not set to an instance of an object.\r\n   at ShoppingBLTest.CartBLTest.<GetCartExceptionTest>b__8_0() in C:\\Users\\VC\\Desktop\\DAY 11 - 24.04.2024\\ShoppingSolution\\ShoppingBLTest\\CartBLTest.cs:line 66\r\n   at NUnit.Framework.Assert.Throws(IResolveConstraint expression, TestDelegate code, String message, Object[] args)>\r\n","ErrorStackTrace":"   at ShoppingBLTest.CartBLTest.GetCartExceptionTest() in C:\\Users\\VC\\Desktop\\DAY 11 - 24.04.2024\\ShoppingSolution\\ShoppingBLTest\\CartBLTest.cs:line 66\r\n","DisplayName":"GetCartExceptionTest","Messages":[],"ComputerName":"BYQBBX3","Duration":"00:00:00.0015990","StartTime":"2024-04-24T15:40:43.837992+00:00","EndTime":"2024-04-24T15:40:43.8395908+00:00","Properties":[{"Key":{"Id":"NUnit.Seed","Label":"Seed","Category":"","Description":"","Attributes":0,"ValueType":"System.String"},"Value":"1463671594"}]},{"TestCase":{"Id":"5314f89a-ba38-b9d1-ac56-ae6a55631411","FullyQualifiedName":"ShoppingBLTest.CartBLTest.GetCartFailTest","DisplayName":"GetCartFailTest","ExecutorUri":"executor://NUnit3TestExecutor","Source":"C:\\Users\\VC\\Desktop\\DAY 11 - 24.04.2024\\ShoppingSolution\\ShoppingBLTest\\bin\\Debug\\net6.0\\fine-code-coverage\\build-output\\ShoppingBLTest.dll","CodeFilePath":null,"LineNumber":0,"Properties":[{"Key":{"Id":"NUnit.Seed","Label":"Seed","Category":"","Description":"","Attributes":0,"ValueType":"System.String"},"Value":"1133688493"}]},"Attachments":[],"Outcome":2,"ErrorMessage":"System.NullReferenceException : Object reference not set to an instance of an object.","ErrorStackTrace":"   at ShoppingBLTest.CartBLTest.GetCartFailTest() in C:\\Users\\VC\\Desktop\\DAY 11 - 24.04.2024\\ShoppingSolution\\ShoppingBLTest\\CartBLTest.cs:line 58","DisplayName":"GetCartFailTest","Messages":[],"ComputerName":"BYQBBX3","Duration":"00:00:00.0007330","StartTime":"2024-04-24T15:40:43.8396103+00:00","EndTime":"2024-04-24T15:40:43.8403426+00:00","Properties":[{"Key":{"Id":"NUnit.Seed","Label":"Seed","Category":"","Description":"","Attributes":0,"ValueType":"System.String"},"Value":"1133688493"}]},{"TestCase":{"Id":"d80917b1-2e82-4184-570e-fa17c439ada6","FullyQualifiedName":"ShoppingBLTest.CartBLTest.GetCartSuccessTest","DisplayName":"GetCartSuccessTest","ExecutorUri":"executor://NUnit3TestExecutor","Source":"C:\\Users\\VC\\Desktop\\DAY 11 - 24.04.2024\\ShoppingSolution\\ShoppingBLTest\\bin\\Debug\\net6.0\\fine-code-coverage\\build-output\\ShoppingBLTest.dll","CodeFilePath":null,"LineNumber":0,"Properties":[{"Key":{"Id":"NUnit.Seed","Label":"Seed","Category":"","Description":"","Attributes":0,"ValueType":"System.String"},"Value":"504845726"}]},"Attachments":[],"Outcome":2,"ErrorMessage":"System.NullReferenceException : Object reference not set to an instance of an object.","ErrorStackTrace":"   at ShoppingBLTest.CartBLTest.GetCartSuccessTest() in C:\\Users\\VC\\Desktop\\DAY 11 - 24.04.2024\\ShoppingSolution\\ShoppingBLTest\\CartBLTest.cs:line 51","DisplayName":"GetCartSuccessTest","Messages":[],"ComputerName":"BYQBBX3","Duration":"00:00:00.0006780","StartTime":"2024-04-24T15:40:43.8403604+00:00","EndTime":"2024-04-24T15:40:43.8410384+00:00","Properties":[{"Key":{"Id":"NUnit.Seed","Label":"Seed","Category":"","Description":"","Attributes":0,"ValueType":"System.String"},"Value":"504845726"}]},{"TestCase":{"Id":"8248fc25-b942-368e-3778-c8a8bf81f5f2","FullyQualifiedName":"ShoppingBLTest.CustomerBLTest.DeleteCustomerExceptionTest","DisplayName":"DeleteCustomerExceptionTest","ExecutorUri":"executor://NUnit3TestExecutor","Source":"C:\\Users\\VC\\Desktop\\DAY 11 - 24.04.2024\\ShoppingSolution\\ShoppingBLTest\\bin\\Debug\\net6.0\\fine-code-coverage\\build-output\\ShoppingBLTest.dll","CodeFilePath":null,"LineNumber":0,"Properties":[{"Key":{"Id":"NUnit.Seed","Label":"Seed","Category":"","Description":"","Attributes":0,"ValueType":"System.String"},"Value":"939998567"}]},"Attachments":[],"Outcome":2,"ErrorMessage":"  Expected: <ShoppingModelLibrary.CustomerExceptions.NoCustomerWithGiveIdException>\r\n  But was:  <System.NullReferenceException: Object reference not set to an instance of an object.\r\n   at ShoppingBLTest.CustomerBLTest.<DeleteCustomerExceptionTest>b__5_0() in C:\\Users\\VC\\Desktop\\DAY 11 - 24.04.2024\\ShoppingSolution\\ShoppingBLTest\\CustomerBLTest.cs:line 44\r\n   at NUnit.Framework.Assert.Throws(IResolveConstraint expression, TestDelegate code, String message, Object[] args)>\r\n","ErrorStackTrace":"   at ShoppingBLTest.CustomerBLTest.DeleteCustomerExceptionTest() in C:\\Users\\VC\\Desktop\\DAY 11 - 24.04.2024\\ShoppingSolution\\ShoppingBLTest\\CustomerBLTest.cs:line 44\r\n","DisplayName":"DeleteCustomerExceptionTest","Messages":[],"ComputerName":"BYQBBX3","Duration":"00:00:00.0018120","StartTime":"2024-04-24T15:40:43.8442929+00:00","EndTime":"2024-04-24T15:40:43.846105+00:00","Properties":[{"Key":{"Id":"NUnit.Seed","Label":"Seed","Category":"","Description":"","Attributes":0,"ValueType":"System.String"},"Value":"939998567"}]},{"TestCase":{"Id":"d6ffadd2-af8d-ccff-4db5-775c14b8f3f2","FullyQualifiedName":"ShoppingBLTest.CustomerBLTest.DeleteCustomerFailTest","DisplayName":"DeleteCustomerFailTest","ExecutorUri":"executor://NUnit3TestExecutor","Source":"C:\\Users\\VC\\Desktop\\DAY 11 - 24.04.2024\\ShoppingSolution\\ShoppingBLTest\\bin\\Debug\\net6.0\\fine-code-coverage\\build-output\\ShoppingBLTest.dll","CodeFilePath":null,"LineNumber":0,"Properties":[{"Key":{"Id":"NUnit.Seed","Label":"Seed","Category":"","Description":"","Attributes":0,"ValueType":"System.String"},"Value":"1719857881"}]},"Attachments":[],"Outcome":2,"ErrorMessage":"System.NullReferenceException : Object reference not set to an instance of an object.","ErrorStackTrace":"   at ShoppingBLTest.CustomerBLTest.DeleteCustomerFailTest() in C:\\Users\\VC\\Desktop\\DAY 11 - 24.04.2024\\ShoppingSolution\\ShoppingBLTest\\CustomerBLTest.cs:line 36","DisplayName":"DeleteCustomerFailTest","Messages":[],"ComputerName":"BYQBBX3","Duration":"00:00:00.0007500","StartTime":"2024-04-24T15:40:43.8461295+00:00","EndTime":"2024-04-24T15:40:43.8468788+00:00","Properties":[{"Key":{"Id":"NUnit.Seed","Label":"Seed","Category":"","Description":"","Attributes":0,"ValueType":"System.String"},"Value":"1719857881"}]},{"TestCase":{"Id":"663b42ac-7805-be3f-a609-754b61377d98","FullyQualifiedName":"ShoppingBLTest.CustomerBLTest.DeleteCustomerSuccessTest","DisplayName":"DeleteCustomerSuccessTest","ExecutorUri":"executor://NUnit3TestExecutor","Source":"C:\\Users\\VC\\Desktop\\DAY 11 - 24.04.2024\\ShoppingSolution\\ShoppingBLTest\\bin\\Debug\\net6.0\\fine-code-coverage\\build-output\\ShoppingBLTest.dll","CodeFilePath":null,"LineNumber":0,"Properties":[{"Key":{"Id":"NUnit.Seed","Label":"Seed","Category":"","Description":"","Attributes":0,"ValueType":"System.String"},"Value":"1213037620"}]},"Attachments":[],"Outcome":2,"ErrorMessage":"System.NullReferenceException : Object reference not set to an instance of an object.","ErrorStackTrace":"   at ShoppingBLTest.CustomerBLTest.DeleteCustomerSuccessTest() in C:\\Users\\VC\\Desktop\\DAY 11 - 24.04.2024\\ShoppingSolution\\ShoppingBLTest\\CustomerBLTest.cs:line 29","DisplayName":"DeleteCustomerSuccessTest","Messages":[],"ComputerName":"BYQBBX3","Duration":"00:00:00.0006230","StartTime":"2024-04-24T15:40:43.8468986+00:00","EndTime":"2024-04-24T15:40:43.8475219+00:00","Properties":[{"Key":{"Id":"NUnit.Seed","Label":"Seed","Category":"","Description":"","Attributes":0,"ValueType":"System.String"},"Value":"1213037620"}]},{"TestCase":{"Id":"595dd4c9-e58b-6f5d-6acf-cb45657efed3","FullyQualifiedName":"ShoppingBLTest.CustomerBLTest.GetCustomerExceptionTest","DisplayName":"GetCustomerExceptionTest","ExecutorUri":"executor://NUnit3TestExecutor","Source":"C:\\Users\\VC\\Desktop\\DAY 11 - 24.04.2024\\ShoppingSolution\\ShoppingBLTest\\bin\\Debug\\net6.0\\fine-code-coverage\\build-output\\ShoppingBLTest.dll","CodeFilePath":null,"LineNumber":0,"Properties":[{"Key":{"Id":"NUnit.Seed","Label":"Seed","Category":"","Description":"","Attributes":0,"ValueType":"System.String"},"Value":"280102002"}]},"Attachments":[],"Outcome":2,"ErrorMessage":"  Expected: <ShoppingModelLibrary.CustomerExceptions.NoCustomerWithGiveIdException>\r\n  But was:  <System.NullReferenceException: Object reference not set to an instance of an object.\r\n   at ShoppingBLTest.CustomerBLTest.<GetCustomerExceptionTest>b__8_0() in C:\\Users\\VC\\Desktop\\DAY 11 - 24.04.2024\\ShoppingSolution\\ShoppingBLTest\\CustomerBLTest.cs:line 66\r\n   at NUnit.Framework.Assert.Throws(IResolveConstraint expression, TestDelegate code, String message, Object[] args)>\r\n","ErrorStackTrace":"   at ShoppingBLTest.CustomerBLTest.GetCustomerExceptionTest() in C:\\Users\\VC\\Desktop\\DAY 11 - 24.04.2024\\ShoppingSolution\\ShoppingBLTest\\CustomerBLTest.cs:line 66\r\n","DisplayName":"GetCustomerExceptionTest","Messages":[],"ComputerName":"BYQBBX3","Duration":"00:00:00.0012470","StartTime":"2024-04-24T15:40:43.8475374+00:00","EndTime":"2024-04-24T15:40:43.8487845+00:00","Properties":[{"Key":{"Id":"NUnit.Seed","Label":"Seed","Category":"","Description":"","Attributes":0,"ValueType":"System.String"},"Value":"280102002"}]},{"TestCase":{"Id":"e74064bf-63e0-e95f-7dd3-3848859de0bf","FullyQualifiedName":"ShoppingBLTest.CustomerBLTest.GetCustomerFailTest","DisplayName":"GetCustomerFailTest","ExecutorUri":"executor://NUnit3TestExecutor","Source":"C:\\Users\\VC\\Desktop\\DAY 11 - 24.04.2024\\ShoppingSolution\\ShoppingBLTest\\bin\\Debug\\net6.0\\fine-code-coverage\\build-output\\ShoppingBLTest.dll","CodeFilePath":null,"LineNumber":0,"Properties":[{"Key":{"Id":"NUnit.Seed","Label":"Seed","Category":"","Description":"","Attributes":0,"ValueType":"System.String"},"Value":"1862100295"}]},"Attachments":[],"Outcome":2,"ErrorMessage":"System.NullReferenceException : Object reference not set to an instance of an object.","ErrorStackTrace":"   at ShoppingBLTest.CustomerBLTest.GetCustomerFailTest() in C:\\Users\\VC\\Desktop\\DAY 11 - 24.04.2024\\ShoppingSolution\\ShoppingBLTest\\CustomerBLTest.cs:line 58","DisplayName":"GetCustomerFailTest","Messages":[],"ComputerName":"BYQBBX3","Duration":"00:00:00.0005999","StartTime":"2024-04-24T15:40:43.848811+00:00","EndTime":"2024-04-24T15:40:43.8494108+00:00","Properties":[{"Key":{"Id":"NUnit.Seed","Label":"Seed","Category":"","Description":"","Attributes":0,"ValueType":"System.String"},"Value":"1862100295"}]},{"TestCase":{"Id":"0a85dccc-f128-a892-b95f-62efe78f66dd","FullyQualifiedName":"ShoppingBLTest.CustomerBLTest.GetCustomerSuccessTest","DisplayName":"GetCustomerSuccessTest","ExecutorUri":"executor://NUnit3TestExecutor","Source":"C:\\Users\\VC\\Desktop\\DAY 11 - 24.04.2024\\ShoppingSolution\\ShoppingBLTest\\bin\\Debug\\net6.0\\fine-code-coverage\\build-output\\ShoppingBLTest.dll","CodeFilePath":null,"LineNumber":0,"Properties":[{"Key":{"Id":"NUnit.Seed","Label":"Seed","Category":"","Description":"","Attributes":0,"ValueType":"System.String"},"Value":"1419930542"}]},"Attachments":[],"Outcome":2,"ErrorMessage":"System.NullReferenceException : Object reference not set to an instance of an object.","ErrorStackTrace":"   at ShoppingBLTest.CustomerBLTest.GetCustomerSuccessTest() in C:\\Users\\VC\\Desktop\\DAY 11 - 24.04.2024\\ShoppingSolution\\ShoppingBLTest\\CustomerBLTest.cs:line 52","DisplayName":"GetCustomerSuccessTest","Messages":[],"ComputerName":"BYQBBX3","Duration":"00:00:00.0007410","StartTime":"2024-04-24T15:40:43.8494264+00:00","EndTime":"2024-04-24T15:40:43.8501674+00:00","Properties":[{"Key":{"Id":"NUnit.Seed","Label":"Seed","Category":"","Description":"","Attributes":0,"ValueType":"System.String"},"Value":"1419930542"}]}],"TestRunStatistics":{"ExecutedTests":18,"Stats":{"Failed":18}},"ActiveTests":[{"Id":"f81672ab-2210-93d8-a182-a5e45e7da6b7","FullyQualifiedName":"ShoppingBLTest.CustomerBLTest.UpdateCustomerExceptionTest","DisplayName":"UpdateCustomerExceptionTest","ExecutorUri":"executor://NUnit3TestExecutor","Source":"C:\\Users\\VC\\Desktop\\DAY 11 - 24.04.2024\\ShoppingSolution\\ShoppingBLTest\\bin\\Debug\\net6.0\\fine-code-coverage\\build-output\\ShoppingBLTest.dll","CodeFilePath":null,"LineNumber":0,"Properties":[{"Key":{"Id":"NUnit.Seed","Label":"Seed","Category":"","Description":"","Attributes":0,"ValueType":"System.String"},"Value":"433660088"}]}]}}
TpTrace Verbose: 0 : 24548, 5, 2024/04/24, 21:10:44.045, 4653585843760, vstest.console.dll, MulticastDelegateUtilities.SafeInvoke: InternalTestLoggerEvents.SendTestResult: Invoking callback 1/1 for Microsoft.VisualStudio.TestPlatform.CommandLine.Internal.ConsoleLogger., took 5 ms.
TpTrace Verbose: 0 : 24548, 14, 2024/04/24, 21:10:44.046, 4653585852950, vstest.console.dll, TestRunRequest:SendTestRunStatsChange: Starting.
TpTrace Verbose: 0 : 24548, 14, 2024/04/24, 21:10:44.046, 4653585855269, vstest.console.dll, InProgress is UpdateCustomerExceptionTest
TpTrace Verbose: 0 : 24548, 14, 2024/04/24, 21:10:44.046, 4653585857511, vstest.console.dll, MulticastDelegateUtilities.SafeInvoke: TestRun.RunStatsChanged: Invoking callbacks was skipped because there are no subscribers.
TpTrace Verbose: 0 : 24548, 5, 2024/04/24, 21:10:44.046, 4653585857801, vstest.console.dll, MulticastDelegateUtilities.SafeInvoke: InternalTestLoggerEvents.SendTestResult: Invoking callback 1/1 for Microsoft.VisualStudio.TestPlatform.CommandLine.Internal.ConsoleLogger., took 1 ms.
TpTrace Information: 0 : 24548, 14, 2024/04/24, 21:10:44.047, 4653585858933, vstest.console.dll, TestRunRequest:SendTestRunStatsChange: Completed.
TpTrace Verbose: 0 : 24548, 14, 2024/04/24, 21:10:44.047, 4653585862357, vstest.console.dll, MulticastDelegateUtilities.SafeInvoke: LengthPrefixCommunicationChannel: MessageReceived: Invoking callback 1/1 for Microsoft.VisualStudio.TestPlatform.CommunicationUtilities.TestRequestSender+<>c__DisplayClass34_0., took 5 ms.
TpTrace Verbose: 0 : 24548, 14, 2024/04/24, 21:10:44.047, 4653585863659, vstest.console.dll, TcpClientExtensions.MessageLoopAsync: Polling on remoteEndPoint: 127.0.0.1:59209 localEndPoint: 127.0.0.1:59208 after 7 ms
TpTrace Verbose: 0 : 24548, 5, 2024/04/24, 21:10:44.047, 4653585865949, vstest.console.dll, MulticastDelegateUtilities.SafeInvoke: InternalTestLoggerEvents.SendTestResult: Invoking callback 1/1 for Microsoft.VisualStudio.TestPlatform.CommandLine.Internal.ConsoleLogger., took 0 ms.
TpTrace Verbose: 0 : 24548, 5, 2024/04/24, 21:10:44.048, 4653585872184, vstest.console.dll, MulticastDelegateUtilities.SafeInvoke: InternalTestLoggerEvents.SendTestResult: Invoking callback 1/1 for Microsoft.VisualStudio.TestPlatform.CommandLine.Internal.ConsoleLogger., took 0 ms.
TpTrace Verbose: 0 : 24548, 5, 2024/04/24, 21:10:44.048, 4653585878028, vstest.console.dll, MulticastDelegateUtilities.SafeInvoke: InternalTestLoggerEvents.SendTestResult: Invoking callback 1/1 for Microsoft.VisualStudio.TestPlatform.CommandLine.Internal.ConsoleLogger., took 0 ms.
TpTrace Verbose: 0 : 24548, 5, 2024/04/24, 21:10:44.049, 4653585884003, vstest.console.dll, MulticastDelegateUtilities.SafeInvoke: InternalTestLoggerEvents.SendTestResult: Invoking callback 1/1 for Microsoft.VisualStudio.TestPlatform.CommandLine.Internal.ConsoleLogger., took 0 ms.
TpTrace Verbose: 0 : 24548, 5, 2024/04/24, 21:10:44.050, 4653585891661, vstest.console.dll, MulticastDelegateUtilities.SafeInvoke: InternalTestLoggerEvents.SendTestResult: Invoking callback 1/1 for Microsoft.VisualStudio.TestPlatform.CommandLine.Internal.ConsoleLogger., took 0 ms.
TpTrace Verbose: 0 : 24548, 5, 2024/04/24, 21:10:44.051, 4653585899602, vstest.console.dll, MulticastDelegateUtilities.SafeInvoke: InternalTestLoggerEvents.SendTestResult: Invoking callback 1/1 for Microsoft.VisualStudio.TestPlatform.CommandLine.Internal.ConsoleLogger., took 0 ms.
TpTrace Verbose: 0 : 24548, 5, 2024/04/24, 21:10:44.051, 4653585908500, vstest.console.dll, MulticastDelegateUtilities.SafeInvoke: InternalTestLoggerEvents.SendTestResult: Invoking callback 1/1 for Microsoft.VisualStudio.TestPlatform.CommandLine.Internal.ConsoleLogger., took 0 ms.
TpTrace Verbose: 0 : 24548, 5, 2024/04/24, 21:10:44.052, 4653585916473, vstest.console.dll, MulticastDelegateUtilities.SafeInvoke: InternalTestLoggerEvents.SendTestResult: Invoking callback 1/1 for Microsoft.VisualStudio.TestPlatform.CommandLine.Internal.ConsoleLogger., took 0 ms.
TpTrace Verbose: 0 : 24548, 5, 2024/04/24, 21:10:44.053, 4653585923399, vstest.console.dll, MulticastDelegateUtilities.SafeInvoke: InternalTestLoggerEvents.SendTestResult: Invoking callback 1/1 for Microsoft.VisualStudio.TestPlatform.CommandLine.Internal.ConsoleLogger., took 0 ms.
TpTrace Verbose: 0 : 24548, 5, 2024/04/24, 21:10:44.054, 4653585930016, vstest.console.dll, MulticastDelegateUtilities.SafeInvoke: InternalTestLoggerEvents.SendTestResult: Invoking callback 1/1 for Microsoft.VisualStudio.TestPlatform.CommandLine.Internal.ConsoleLogger., took 0 ms.
TpTrace Verbose: 0 : 24548, 5, 2024/04/24, 21:10:44.058, 4653585969336, vstest.console.dll, MulticastDelegateUtilities.SafeInvoke: InternalTestLoggerEvents.SendTestResult: Invoking callback 1/1 for Microsoft.VisualStudio.TestPlatform.CommandLine.Internal.ConsoleLogger., took 3 ms.
TpTrace Verbose: 0 : 24548, 5, 2024/04/24, 21:10:44.058, 4653585976795, vstest.console.dll, MulticastDelegateUtilities.SafeInvoke: InternalTestLoggerEvents.SendTestResult: Invoking callback 1/1 for Microsoft.VisualStudio.TestPlatform.CommandLine.Internal.ConsoleLogger., took 0 ms.
TpTrace Verbose: 0 : 24548, 5, 2024/04/24, 21:10:44.059, 4653585985309, vstest.console.dll, MulticastDelegateUtilities.SafeInvoke: InternalTestLoggerEvents.SendTestResult: Invoking callback 1/1 for Microsoft.VisualStudio.TestPlatform.CommandLine.Internal.ConsoleLogger., took 0 ms.
TpTrace Verbose: 0 : 24548, 5, 2024/04/24, 21:10:44.060, 4653585991566, vstest.console.dll, MulticastDelegateUtilities.SafeInvoke: InternalTestLoggerEvents.SendTestResult: Invoking callback 1/1 for Microsoft.VisualStudio.TestPlatform.CommandLine.Internal.ConsoleLogger., took 0 ms.
TpTrace Verbose: 0 : 24548, 5, 2024/04/24, 21:10:44.061, 4653585999758, vstest.console.dll, MulticastDelegateUtilities.SafeInvoke: InternalTestLoggerEvents.SendTestResult: Invoking callback 1/1 for Microsoft.VisualStudio.TestPlatform.CommandLine.Internal.ConsoleLogger., took 0 ms.
TpTrace Verbose: 0 : 24548, 5, 2024/04/24, 21:10:44.061, 4653586007173, vstest.console.dll, MulticastDelegateUtilities.SafeInvoke: InternalTestLoggerEvents.SendTestResult: Invoking callback 1/1 for Microsoft.VisualStudio.TestPlatform.CommandLine.Internal.ConsoleLogger., took 0 ms.
TpTrace Verbose: 0 : 24548, 14, 2024/04/24, 21:10:44.090, 4653586291052, vstest.console.dll, TcpClientExtensions.MessageLoopAsync: NotifyDataAvailable remoteEndPoint: 127.0.0.1:59209 localEndPoint: 127.0.0.1:59208
TpTrace Verbose: 0 : 24548, 14, 2024/04/24, 21:10:44.091, 4653586301430, vstest.console.dll, TestRequestSender.OnExecutionMessageReceived: Received message: {"Version":5,"MessageType":"TestExecution.StatsChange","Payload":{"NewTestResults":[{"TestCase":{"Id":"f81672ab-2210-93d8-a182-a5e45e7da6b7","FullyQualifiedName":"ShoppingBLTest.CustomerBLTest.UpdateCustomerExceptionTest","DisplayName":"UpdateCustomerExceptionTest","ExecutorUri":"executor://NUnit3TestExecutor","Source":"C:\\Users\\VC\\Desktop\\DAY 11 - 24.04.2024\\ShoppingSolution\\ShoppingBLTest\\bin\\Debug\\net6.0\\fine-code-coverage\\build-output\\ShoppingBLTest.dll","CodeFilePath":null,"LineNumber":0,"Properties":[{"Key":{"Id":"NUnit.Seed","Label":"Seed","Category":"","Description":"","Attributes":0,"ValueType":"System.String"},"Value":"433660088"}]},"Attachments":[],"Outcome":2,"ErrorMessage":"  Expected: <ShoppingModelLibrary.CustomerExceptions.NoCustomerWithGiveIdException>\r\n  But was:  <System.NullReferenceException: Object reference not set to an instance of an object.\r\n   at ShoppingBLTest.CustomerBLTest.<UpdateCustomerExceptionTest>b__11_0() in C:\\Users\\VC\\Desktop\\DAY 11 - 24.04.2024\\ShoppingSolution\\ShoppingBLTest\\CustomerBLTest.cs:line 88\r\n   at NUnit.Framework.Assert.Throws(IResolveConstraint expression, TestDelegate code, String message, Object[] args)>\r\n","ErrorStackTrace":"   at ShoppingBLTest.CustomerBLTest.UpdateCustomerExceptionTest() in C:\\Users\\VC\\Desktop\\DAY 11 - 24.04.2024\\ShoppingSolution\\ShoppingBLTest\\CustomerBLTest.cs:line 88\r\n","DisplayName":"UpdateCustomerExceptionTest","Messages":[],"ComputerName":"BYQBBX3","Duration":"00:00:00.0017390","StartTime":"2024-04-24T15:40:43.8501835+00:00","EndTime":"2024-04-24T15:40:43.8519225+00:00","Properties":[{"Key":{"Id":"NUnit.Seed","Label":"Seed","Category":"","Description":"","Attributes":0,"ValueType":"System.String"},"Value":"433660088"}]},{"TestCase":{"Id":"8d186c70-6f02-da7a-df14-05b3842301b0","FullyQualifiedName":"ShoppingBLTest.CustomerBLTest.UpdateCustomerFailTest","DisplayName":"UpdateCustomerFailTest","ExecutorUri":"executor://NUnit3TestExecutor","Source":"C:\\Users\\VC\\Desktop\\DAY 11 - 24.04.2024\\ShoppingSolution\\ShoppingBLTest\\bin\\Debug\\net6.0\\fine-code-coverage\\build-output\\ShoppingBLTest.dll","CodeFilePath":null,"LineNumber":0,"Properties":[{"Key":{"Id":"NUnit.Seed","Label":"Seed","Category":"","Description":"","Attributes":0,"ValueType":"System.String"},"Value":"345068051"}]},"Attachments":[],"Outcome":2,"ErrorMessage":"System.NullReferenceException : Object reference not set to an instance of an object.","ErrorStackTrace":"   at ShoppingBLTest.CustomerBLTest.UpdateCustomerFailTest() in C:\\Users\\VC\\Desktop\\DAY 11 - 24.04.2024\\ShoppingSolution\\ShoppingBLTest\\CustomerBLTest.cs:line 81","DisplayName":"UpdateCustomerFailTest","Messages":[],"ComputerName":"BYQBBX3","Duration":"00:00:00.0006280","StartTime":"2024-04-24T15:40:43.8519392+00:00","EndTime":"2024-04-24T15:40:43.8525669+00:00","Properties":[{"Key":{"Id":"NUnit.Seed","Label":"Seed","Category":"","Description":"","Attributes":0,"ValueType":"System.String"},"Value":"345068051"}]},{"TestCase":{"Id":"d5ebe6f8-42e5-7a2c-96e1-62233503e1c2","FullyQualifiedName":"ShoppingBLTest.CustomerBLTest.UpdateCustomerSuccessTest","DisplayName":"UpdateCustomerSuccessTest","ExecutorUri":"executor://NUnit3TestExecutor","Source":"C:\\Users\\VC\\Desktop\\DAY 11 - 24.04.2024\\ShoppingSolution\\ShoppingBLTest\\bin\\Debug\\net6.0\\fine-code-coverage\\build-output\\ShoppingBLTest.dll","CodeFilePath":null,"LineNumber":0,"Properties":[{"Key":{"Id":"NUnit.Seed","Label":"Seed","Category":"","Description":"","Attributes":0,"ValueType":"System.String"},"Value":"2007461583"}]},"Attachments":[],"Outcome":2,"ErrorMessage":"System.NullReferenceException : Object reference not set to an instance of an object.","ErrorStackTrace":"   at ShoppingBLTest.CustomerBLTest.UpdateCustomerSuccessTest() in C:\\Users\\VC\\Desktop\\DAY 11 - 24.04.2024\\ShoppingSolution\\ShoppingBLTest\\CustomerBLTest.cs:line 74","DisplayName":"UpdateCustomerSuccessTest","Messages":[],"ComputerName":"BYQBBX3","Duration":"00:00:00.0006960","StartTime":"2024-04-24T15:40:43.8525821+00:00","EndTime":"2024-04-24T15:40:43.8532778+00:00","Properties":[{"Key":{"Id":"NUnit.Seed","Label":"Seed","Category":"","Description":"","Attributes":0,"ValueType":"System.String"},"Value":"2007461583"}]},{"TestCase":{"Id":"fde23ba8-5e19-6a17-9044-12cc616fa6fb","FullyQualifiedName":"ShoppingBLTest.ProductBLTest.DeleteProductExceptionTest","DisplayName":"DeleteProductExceptionTest","ExecutorUri":"executor://NUnit3TestExecutor","Source":"C:\\Users\\VC\\Desktop\\DAY 11 - 24.04.2024\\ShoppingSolution\\ShoppingBLTest\\bin\\Debug\\net6.0\\fine-code-coverage\\build-output\\ShoppingBLTest.dll","CodeFilePath":null,"LineNumber":0,"Properties":[{"Key":{"Id":"NUnit.Seed","Label":"Seed","Category":"","Description":"","Attributes":0,"ValueType":"System.String"},"Value":"1224332135"}]},"Attachments":[],"Outcome":1,"ErrorMessage":null,"ErrorStackTrace":null,"DisplayName":"DeleteProductExceptionTest","Messages":[],"ComputerName":"BYQBBX3","Duration":"00:00:00.0086660","StartTime":"2024-04-24T15:40:43.8534531+00:00","EndTime":"2024-04-24T15:40:43.8621187+00:00","Properties":[{"Key":{"Id":"NUnit.Seed","Label":"Seed","Category":"","Description":"","Attributes":0,"ValueType":"System.String"},"Value":"1224332135"}]},{"TestCase":{"Id":"81c9ea53-8cd7-b045-26fa-2fa1191cacad","FullyQualifiedName":"ShoppingBLTest.ProductBLTest.DeleteProductFailTest","DisplayName":"DeleteProductFailTest","ExecutorUri":"executor://NUnit3TestExecutor","Source":"C:\\Users\\VC\\Desktop\\DAY 11 - 24.04.2024\\ShoppingSolution\\ShoppingBLTest\\bin\\Debug\\net6.0\\fine-code-coverage\\build-output\\ShoppingBLTest.dll","CodeFilePath":null,"LineNumber":0,"Properties":[{"Key":{"Id":"NUnit.Seed","Label":"Seed","Category":"","Description":"","Attributes":0,"ValueType":"System.String"},"Value":"1588001151"}]},"Attachments":[],"Outcome":2,"ErrorMessage":"ShoppingModelLibrary.ProductExceptions.NoProductWithGivenIDException : Product with the given Id is not present","ErrorStackTrace":"   at ShoppingDALLibrary.ProductRepository.GetByKey(Int32 key) in C:\\Users\\VC\\Desktop\\DAY 11 - 24.04.2024\\ShoppingSolution\\ShoppingDALLibrary\\ProductRepository.cs:line 31\r\n   at ShoppingDALLibrary.ProductRepository.Delete(Int32 key) in C:\\Users\\VC\\Desktop\\DAY 11 - 24.04.2024\\ShoppingSolution\\ShoppingDALLibrary\\ProductRepository.cs:line 16\r\n   at ShoppingBL.ProductBL.deleteProduct(Int32 id) in C:\\Users\\VC\\Desktop\\DAY 11 - 24.04.2024\\ShoppingSolution\\ShoppingBL\\ProductBL.cs:line 27\r\n   at ShoppingBLTest.ProductBLTest.DeleteProductFailTest() in C:\\Users\\VC\\Desktop\\DAY 11 - 24.04.2024\\ShoppingSolution\\ShoppingBLTest\\ProductBLTest.cs:line 32","DisplayName":"DeleteProductFailTest","Messages":[],"ComputerName":"BYQBBX3","Duration":"00:00:00.0078770","StartTime":"2024-04-24T15:40:43.862155+00:00","EndTime":"2024-04-24T15:40:43.8700315+00:00","Properties":[{"Key":{"Id":"NUnit.Seed","Label":"Seed","Category":"","Description":"","Attributes":0,"ValueType":"System.String"},"Value":"1588001151"}]},{"TestCase":{"Id":"8162ef85-527a-eb08-5c66-1f0649dcb9a3","FullyQualifiedName":"ShoppingBLTest.ProductBLTest.DeleteProductSuccessTest","DisplayName":"DeleteProductSuccessTest","ExecutorUri":"executor://NUnit3TestExecutor","Source":"C:\\Users\\VC\\Desktop\\DAY 11 - 24.04.2024\\ShoppingSolution\\ShoppingBLTest\\bin\\Debug\\net6.0\\fine-code-coverage\\build-output\\ShoppingBLTest.dll","CodeFilePath":null,"LineNumber":0,"Properties":[{"Key":{"Id":"NUnit.Seed","Label":"Seed","Category":"","Description":"","Attributes":0,"ValueType":"System.String"},"Value":"1179603036"}]},"Attachments":[],"Outcome":1,"ErrorMessage":null,"ErrorStackTrace":null,"DisplayName":"DeleteProductSuccessTest","Messages":[],"ComputerName":"BYQBBX3","Duration":"00:00:00.0056050","StartTime":"2024-04-24T15:40:43.8700648+00:00","EndTime":"2024-04-24T15:40:43.8756698+00:00","Properties":[{"Key":{"Id":"NUnit.Seed","Label":"Seed","Category":"","Description":"","Attributes":0,"ValueType":"System.String"},"Value":"1179603036"}]},{"TestCase":{"Id":"4151470b-8621-d7b5-4403-39dfeb44c9ec","FullyQualifiedName":"ShoppingBLTest.ProductBLTest.GetAllProductExceptionTest","DisplayName":"GetAllProductExceptionTest","ExecutorUri":"executor://NUnit3TestExecutor","Source":"C:\\Users\\VC\\Desktop\\DAY 11 - 24.04.2024\\ShoppingSolution\\ShoppingBLTest\\bin\\Debug\\net6.0\\fine-code-coverage\\build-output\\ShoppingBLTest.dll","CodeFilePath":null,"LineNumber":0,"Properties":[{"Key":{"Id":"NUnit.Seed","Label":"Seed","Category":"","Description":"","Attributes":0,"ValueType":"System.String"},"Value":"1504721084"}]},"Attachments":[],"Outcome":2,"ErrorMessage":"  Expected: <ShoppingModelLibrary.ProductExceptions.NoProductWithGivenIDException>\r\n  But was:  null\r\n","ErrorStackTrace":"   at ShoppingBLTest.ProductBLTest.GetAllProductExceptionTest() in C:\\Users\\VC\\Desktop\\DAY 11 - 24.04.2024\\ShoppingSolution\\ShoppingBLTest\\ProductBLTest.cs:line 109\r\n","DisplayName":"GetAllProductExceptionTest","Messages":[],"ComputerName":"BYQBBX3","Duration":"00:00:00.0020740","StartTime":"2024-04-24T15:40:43.8756991+00:00","EndTime":"2024-04-24T15:40:43.8777725+00:00","Properties":[{"Key":{"Id":"NUnit.Seed","Label":"Seed","Category":"","Description":"","Attributes":0,"ValueType":"System.String"},"Value":"1504721084"}]},{"TestCase":{"Id":"6b818c61-b3f4-342d-259f-66119e28506f","FullyQualifiedName":"ShoppingBLTest.ProductBLTest.GetAllProductFailTest","DisplayName":"GetAllProductFailTest","ExecutorUri":"executor://NUnit3TestExecutor","Source":"C:\\Users\\VC\\Desktop\\DAY 11 - 24.04.2024\\ShoppingSolution\\ShoppingBLTest\\bin\\Debug\\net6.0\\fine-code-coverage\\build-output\\ShoppingBLTest.dll","CodeFilePath":null,"LineNumber":0,"Properties":[{"Key":{"Id":"NUnit.Seed","Label":"Seed","Category":"","Description":"","Attributes":0,"ValueType":"System.String"},"Value":"1262599231"}]},"Attachments":[],"Outcome":1,"ErrorMessage":null,"ErrorStackTrace":null,"DisplayName":"GetAllProductFailTest","Messages":[],"ComputerName":"BYQBBX3","Duration":"00:00:00.0022870","StartTime":"2024-04-24T15:40:43.8777934+00:00","EndTime":"2024-04-24T15:40:43.8800798+00:00","Properties":[{"Key":{"Id":"NUnit.Seed","Label":"Seed","Category":"","Description":"","Attributes":0,"ValueType":"System.String"},"Value":"1262599231"}]},{"TestCase":{"Id":"b0f9805a-27de-0e03-85f2-6099ebd2c5c4","FullyQualifiedName":"ShoppingBLTest.ProductBLTest.GetAllProductSuccessTest","DisplayName":"GetAllProductSuccessTest","ExecutorUri":"executor://NUnit3TestExecutor","Source":"C:\\Users\\VC\\Desktop\\DAY 11 - 24.04.2024\\ShoppingSolution\\ShoppingBLTest\\bin\\Debug\\net6.0\\fine-code-coverage\\build-output\\ShoppingBLTest.dll","CodeFilePath":null,"LineNumber":0,"Properties":[{"Key":{"Id":"NUnit.Seed","Label":"Seed","Category":"","Description":"","Attributes":0,"ValueType":"System.String"},"Value":"1655196954"}]},"Attachments":[],"Outcome":2,"ErrorMessage":"  Expected: greater than or equal to 1\r\n  But was:  0\r\n","ErrorStackTrace":"   at ShoppingBLTest.ProductBLTest.GetAllProductSuccessTest() in C:\\Users\\VC\\Desktop\\DAY 11 - 24.04.2024\\ShoppingSolution\\ShoppingBLTest\\ProductBLTest.cs:line 95\r\n","DisplayName":"GetAllProductSuccessTest","Messages":[],"ComputerName":"BYQBBX3","Duration":"00:00:00.0017410","StartTime":"2024-04-24T15:40:43.8801421+00:00","EndTime":"2024-04-24T15:40:43.8818827+00:00","Properties":[{"Key":{"Id":"NUnit.Seed","Label":"Seed","Category":"","Description":"","Attributes":0,"ValueType":"System.String"},"Value":"1655196954"}]}],"TestRunStatistics":{"ExecutedTests":27,"Stats":{"Failed":24,"Passed":3}},"ActiveTests":[{"Id":"3c4423ea-6fc8-2032-84b0-709b70950e08","FullyQualifiedName":"ShoppingBLTest.ProductBLTest.GetProductExceptionTest","DisplayName":"GetProductExceptionTest","ExecutorUri":"executor://NUnit3TestExecutor","Source":"C:\\Users\\VC\\Desktop\\DAY 11 - 24.04.2024\\ShoppingSolution\\ShoppingBLTest\\bin\\Debug\\net6.0\\fine-code-coverage\\build-output\\ShoppingBLTest.dll","CodeFilePath":null,"LineNumber":0,"Properties":[{"Key":{"Id":"NUnit.Seed","Label":"Seed","Category":"","Description":"","Attributes":0,"ValueType":"System.String"},"Value":"1660942688"}]}]}}
TpTrace Verbose: 0 : 24548, 14, 2024/04/24, 21:10:44.094, 4653586328676, vstest.console.dll, TestRunRequest:SendTestRunStatsChange: Starting.
TpTrace Verbose: 0 : 24548, 14, 2024/04/24, 21:10:44.094, 4653586330045, vstest.console.dll, InProgress is GetProductExceptionTest
TpTrace Verbose: 0 : 24548, 14, 2024/04/24, 21:10:44.094, 4653586331602, vstest.console.dll, MulticastDelegateUtilities.SafeInvoke: TestRun.RunStatsChanged: Invoking callbacks was skipped because there are no subscribers.
TpTrace Information: 0 : 24548, 14, 2024/04/24, 21:10:44.094, 4653586332494, vstest.console.dll, TestRunRequest:SendTestRunStatsChange: Completed.
TpTrace Verbose: 0 : 24548, 14, 2024/04/24, 21:10:44.094, 4653586333498, vstest.console.dll, MulticastDelegateUtilities.SafeInvoke: LengthPrefixCommunicationChannel: MessageReceived: Invoking callback 1/1 for Microsoft.VisualStudio.TestPlatform.CommunicationUtilities.TestRequestSender+<>c__DisplayClass34_0., took 3 ms.
TpTrace Verbose: 0 : 24548, 14, 2024/04/24, 21:10:44.094, 4653586334583, vstest.console.dll, TcpClientExtensions.MessageLoopAsync: Polling on remoteEndPoint: 127.0.0.1:59209 localEndPoint: 127.0.0.1:59208 after 46 ms
TpTrace Verbose: 0 : 24548, 5, 2024/04/24, 21:10:44.094, 4653586337325, vstest.console.dll, MulticastDelegateUtilities.SafeInvoke: InternalTestLoggerEvents.SendTestResult: Invoking callback 1/1 for Microsoft.VisualStudio.TestPlatform.CommandLine.Internal.ConsoleLogger., took 0 ms.
TpTrace Verbose: 0 : 24548, 5, 2024/04/24, 21:10:44.095, 4653586342822, vstest.console.dll, MulticastDelegateUtilities.SafeInvoke: InternalTestLoggerEvents.SendTestResult: Invoking callback 1/1 for Microsoft.VisualStudio.TestPlatform.CommandLine.Internal.ConsoleLogger., took 0 ms.
TpTrace Verbose: 0 : 24548, 5, 2024/04/24, 21:10:44.095, 4653586347972, vstest.console.dll, MulticastDelegateUtilities.SafeInvoke: InternalTestLoggerEvents.SendTestResult: Invoking callback 1/1 for Microsoft.VisualStudio.TestPlatform.CommandLine.Internal.ConsoleLogger., took 0 ms.
TpTrace Verbose: 0 : 24548, 5, 2024/04/24, 21:10:44.096, 4653586349646, vstest.console.dll, MulticastDelegateUtilities.SafeInvoke: InternalTestLoggerEvents.SendTestResult: Invoking callback 1/1 for Microsoft.VisualStudio.TestPlatform.CommandLine.Internal.ConsoleLogger., took 0 ms.
TpTrace Verbose: 0 : 24548, 5, 2024/04/24, 21:10:44.096, 4653586355479, vstest.console.dll, MulticastDelegateUtilities.SafeInvoke: InternalTestLoggerEvents.SendTestResult: Invoking callback 1/1 for Microsoft.VisualStudio.TestPlatform.CommandLine.Internal.ConsoleLogger., took 0 ms.
TpTrace Verbose: 0 : 24548, 5, 2024/04/24, 21:10:44.096, 4653586356629, vstest.console.dll, MulticastDelegateUtilities.SafeInvoke: InternalTestLoggerEvents.SendTestResult: Invoking callback 1/1 for Microsoft.VisualStudio.TestPlatform.CommandLine.Internal.ConsoleLogger., took 0 ms.
TpTrace Verbose: 0 : 24548, 5, 2024/04/24, 21:10:44.097, 4653586361842, vstest.console.dll, MulticastDelegateUtilities.SafeInvoke: InternalTestLoggerEvents.SendTestResult: Invoking callback 1/1 for Microsoft.VisualStudio.TestPlatform.CommandLine.Internal.ConsoleLogger., took 0 ms.
TpTrace Verbose: 0 : 24548, 5, 2024/04/24, 21:10:44.097, 4653586363505, vstest.console.dll, MulticastDelegateUtilities.SafeInvoke: InternalTestLoggerEvents.SendTestResult: Invoking callback 1/1 for Microsoft.VisualStudio.TestPlatform.CommandLine.Internal.ConsoleLogger., took 0 ms.
TpTrace Verbose: 0 : 24548, 5, 2024/04/24, 21:10:44.098, 4653586372821, vstest.console.dll, MulticastDelegateUtilities.SafeInvoke: InternalTestLoggerEvents.SendTestResult: Invoking callback 1/1 for Microsoft.VisualStudio.TestPlatform.CommandLine.Internal.ConsoleLogger., took 0 ms.
TpTrace Verbose: 0 : 24548, 14, 2024/04/24, 21:10:44.148, 4653586869941, vstest.console.dll, TcpClientExtensions.MessageLoopAsync: NotifyDataAvailable remoteEndPoint: 127.0.0.1:59209 localEndPoint: 127.0.0.1:59208
TpTrace Verbose: 0 : 24548, 14, 2024/04/24, 21:10:44.148, 4653586873015, vstest.console.dll, TestRequestSender.OnExecutionMessageReceived: Received message: {"Version":5,"MessageType":"TestSession.Message","Payload":{"MessageLevel":0,"Message":"NUnit Adapter 4.2.0.0: Test execution complete"}}
TpTrace Verbose: 0 : 24548, 14, 2024/04/24, 21:10:44.148, 4653586875379, vstest.console.dll, TestRunRequest:SendTestRunMessage: Starting.
TpTrace Verbose: 0 : 24548, 14, 2024/04/24, 21:10:44.148, 4653586876585, vstest.console.dll, MulticastDelegateUtilities.SafeInvoke: TestRun.LogMessages: Invoking callback 1/1 for Microsoft.VisualStudio.TestPlatform.CommandLine.TestRunResultAggregator., took 0 ms.
TpTrace Information: 0 : 24548, 14, 2024/04/24, 21:10:44.148, 4653586877293, vstest.console.dll, TestRunRequest:SendTestRunMessage: Completed.
TpTrace Verbose: 0 : 24548, 5, 2024/04/24, 21:10:44.148, 4653586877594, vstest.console.dll, MulticastDelegateUtilities.SafeInvoke: InternalTestLoggerEvents.SendTestRunMessage: Invoking callback 1/1 for Microsoft.VisualStudio.TestPlatform.CommandLine.Internal.ConsoleLogger., took 0 ms.
TpTrace Verbose: 0 : 24548, 14, 2024/04/24, 21:10:44.148, 4653586877987, vstest.console.dll, MulticastDelegateUtilities.SafeInvoke: LengthPrefixCommunicationChannel: MessageReceived: Invoking callback 1/1 for Microsoft.VisualStudio.TestPlatform.CommunicationUtilities.TestRequestSender+<>c__DisplayClass34_0., took 0 ms.
TpTrace Verbose: 0 : 24548, 14, 2024/04/24, 21:10:44.149, 4653586880588, vstest.console.dll, TcpClientExtensions.MessageLoopAsync: Polling on remoteEndPoint: 127.0.0.1:59209 localEndPoint: 127.0.0.1:59208 after 54 ms
TpTrace Verbose: 0 : 24548, 14, 2024/04/24, 21:10:44.182, 4653587209399, vstest.console.dll, TcpClientExtensions.MessageLoopAsync: NotifyDataAvailable remoteEndPoint: 127.0.0.1:59209 localEndPoint: 127.0.0.1:59208
TpTrace Verbose: 0 : 24548, 14, 2024/04/24, 21:10:44.182, 4653587215606, vstest.console.dll, TestRequestSender.OnExecutionMessageReceived: Received message: {"Version":5,"MessageType":"TestExecution.Completed","Payload":{"TestRunCompleteArgs":{"TestRunStatistics":{"ExecutedTests":33,"Stats":{"Failed":26,"Passed":7}},"IsCanceled":false,"IsAborted":false,"Error":null,"AttachmentSets":[],"ElapsedTimeInRunningTests":"00:00:00.7983702","Metrics":{}},"LastRunTests":{"NewTestResults":[{"TestCase":{"Id":"3c4423ea-6fc8-2032-84b0-709b70950e08","FullyQualifiedName":"ShoppingBLTest.ProductBLTest.GetProductExceptionTest","DisplayName":"GetProductExceptionTest","ExecutorUri":"executor://NUnit3TestExecutor","Source":"C:\\Users\\VC\\Desktop\\DAY 11 - 24.04.2024\\ShoppingSolution\\ShoppingBLTest\\bin\\Debug\\net6.0\\fine-code-coverage\\build-output\\ShoppingBLTest.dll","CodeFilePath":null,"LineNumber":0,"Properties":[{"Key":{"Id":"NUnit.Seed","Label":"Seed","Category":"","Description":"","Attributes":0,"ValueType":"System.String"},"Value":"1660942688"}]},"Attachments":[],"Outcome":1,"ErrorMessage":null,"ErrorStackTrace":null,"DisplayName":"GetProductExceptionTest","Messages":[],"ComputerName":"BYQBBX3","Duration":"00:00:00.0006840","StartTime":"2024-04-24T15:40:43.8819087+00:00","EndTime":"2024-04-24T15:40:43.8825927+00:00","Properties":[{"Key":{"Id":"NUnit.Seed","Label":"Seed","Category":"","Description":"","Attributes":0,"ValueType":"System.String"},"Value":"1660942688"}]},{"TestCase":{"Id":"5ba8d447-de20-72d8-417b-156acb3c90cc","FullyQualifiedName":"ShoppingBLTest.ProductBLTest.GetProductFailTest","DisplayName":"GetProductFailTest","ExecutorUri":"executor://NUnit3TestExecutor","Source":"C:\\Users\\VC\\Desktop\\DAY 11 - 24.04.2024\\ShoppingSolution\\ShoppingBLTest\\bin\\Debug\\net6.0\\fine-code-coverage\\build-output\\ShoppingBLTest.dll","CodeFilePath":null,"LineNumber":0,"Properties":[{"Key":{"Id":"NUnit.Seed","Label":"Seed","Category":"","Description":"","Attributes":0,"ValueType":"System.String"},"Value":"1662578299"}]},"Attachments":[],"Outcome":2,"ErrorMessage":"ShoppingModelLibrary.ProductExceptions.NoProductWithGivenIDException : Product with the given Id is not present","ErrorStackTrace":"   at ShoppingDALLibrary.ProductRepository.GetByKey(Int32 key) in C:\\Users\\VC\\Desktop\\DAY 11 - 24.04.2024\\ShoppingSolution\\ShoppingDALLibrary\\ProductRepository.cs:line 31\r\n   at ShoppingBL.ProductBL.GetProduct(Int32 id) in C:\\Users\\VC\\Desktop\\DAY 11 - 24.04.2024\\ShoppingSolution\\ShoppingBL\\ProductBL.cs:line 47\r\n   at ShoppingBLTest.ProductBLTest.GetProductFailTest() in C:\\Users\\VC\\Desktop\\DAY 11 - 24.04.2024\\ShoppingSolution\\ShoppingBLTest\\ProductBLTest.cs:line 55","DisplayName":"GetProductFailTest","Messages":[],"ComputerName":"BYQBBX3","Duration":"00:00:00.0010920","StartTime":"2024-04-24T15:40:43.8826326+00:00","EndTime":"2024-04-24T15:40:43.8837246+00:00","Properties":[{"Key":{"Id":"NUnit.Seed","Label":"Seed","Category":"","Description":"","Attributes":0,"ValueType":"System.String"},"Value":"1662578299"}]},{"TestCase":{"Id":"0fee2280-a88e-c04e-e82f-4c57bb482228","FullyQualifiedName":"ShoppingBLTest.ProductBLTest.GetProductSuccessTest","DisplayName":"GetProductSuccessTest","ExecutorUri":"executor://NUnit3TestExecutor","Source":"C:\\Users\\VC\\Desktop\\DAY 11 - 24.04.2024\\ShoppingSolution\\ShoppingBLTest\\bin\\Debug\\net6.0\\fine-code-coverage\\build-output\\ShoppingBLTest.dll","CodeFilePath":null,"LineNumber":0,"Properties":[{"Key":{"Id":"NUnit.Seed","Label":"Seed","Category":"","Description":"","Attributes":0,"ValueType":"System.String"},"Value":"507849108"}]},"Attachments":[],"Outcome":1,"ErrorMessage":null,"ErrorStackTrace":null,"DisplayName":"GetProductSuccessTest","Messages":[],"ComputerName":"BYQBBX3","Duration":"00:00:00.0002380","StartTime":"2024-04-24T15:40:43.8837449+00:00","EndTime":"2024-04-24T15:40:43.8839831+00:00","Properties":[{"Key":{"Id":"NUnit.Seed","Label":"Seed","Category":"","Description":"","Attributes":0,"ValueType":"System.String"},"Value":"507849108"}]},{"TestCase":{"Id":"f50f2fcb-86d4-2941-8685-e769f617b0a4","FullyQualifiedName":"ShoppingBLTest.ProductBLTest.UpdateProductExceptionTest","DisplayName":"UpdateProductExceptionTest","ExecutorUri":"executor://NUnit3TestExecutor","Source":"C:\\Users\\VC\\Desktop\\DAY 11 - 24.04.2024\\ShoppingSolution\\ShoppingBLTest\\bin\\Debug\\net6.0\\fine-code-coverage\\build-output\\ShoppingBLTest.dll","CodeFilePath":null,"LineNumber":0,"Properties":[{"Key":{"Id":"NUnit.Seed","Label":"Seed","Category":"","Description":"","Attributes":0,"ValueType":"System.String"},"Value":"608249702"}]},"Attachments":[],"Outcome":1,"ErrorMessage":null,"ErrorStackTrace":null,"DisplayName":"UpdateProductExceptionTest","Messages":[],"ComputerName":"BYQBBX3","Duration":"00:00:00.0007180","StartTime":"2024-04-24T15:40:43.8839985+00:00","EndTime":"2024-04-24T15:40:43.8847163+00:00","Properties":[{"Key":{"Id":"NUnit.Seed","Label":"Seed","Category":"","Description":"","Attributes":0,"ValueType":"System.String"},"Value":"608249702"}]},{"TestCase":{"Id":"074ee0f0-2035-6a9e-6c66-8923bafaf1f6","FullyQualifiedName":"ShoppingBLTest.ProductBLTest.UpdateProductFailTest","DisplayName":"UpdateProductFailTest","ExecutorUri":"executor://NUnit3TestExecutor","Source":"C:\\Users\\VC\\Desktop\\DAY 11 - 24.04.2024\\ShoppingSolution\\ShoppingBLTest\\bin\\Debug\\net6.0\\fine-code-coverage\\build-output\\ShoppingBLTest.dll","CodeFilePath":null,"LineNumber":0,"Properties":[{"Key":{"Id":"NUnit.Seed","Label":"Seed","Category":"","Description":"","Attributes":0,"ValueType":"System.String"},"Value":"947526450"}]},"Attachments":[],"Outcome":2,"ErrorMessage":"ShoppingModelLibrary.ProductExceptions.NoProductWithGivenIDException : Product with the given Id is not present","ErrorStackTrace":"   at ShoppingDALLibrary.ProductRepository.GetByKey(Int32 key) in C:\\Users\\VC\\Desktop\\DAY 11 - 24.04.2024\\ShoppingSolution\\ShoppingDALLibrary\\ProductRepository.cs:line 31\r\n   at ShoppingBL.ProductBL.UpdateProductName(Int32 id, String Newname) in C:\\Users\\VC\\Desktop\\DAY 11 - 24.04.2024\\ShoppingSolution\\ShoppingBL\\ProductBL.cs:line 57\r\n   at ShoppingBLTest.ProductBLTest.UpdateProductFailTest() in C:\\Users\\VC\\Desktop\\DAY 11 - 24.04.2024\\ShoppingSolution\\ShoppingBLTest\\ProductBLTest.cs:line 78","DisplayName":"UpdateProductFailTest","Messages":[],"ComputerName":"BYQBBX3","Duration":"00:00:00.0010940","StartTime":"2024-04-24T15:40:43.8847391+00:00","EndTime":"2024-04-24T15:40:43.8858332+00:00","Properties":[{"Key":{"Id":"NUnit.Seed","Label":"Seed","Category":"","Description":"","Attributes":0,"ValueType":"System.String"},"Value":"947526450"}]},{"TestCase":{"Id":"87e36e8f-a7fb-1956-479f-ce41caa2ec4b","FullyQualifiedName":"ShoppingBLTest.ProductBLTest.UpdateProductSuccessTest","DisplayName":"UpdateProductSuccessTest","ExecutorUri":"executor://NUnit3TestExecutor","Source":"C:\\Users\\VC\\Desktop\\DAY 11 - 24.04.2024\\ShoppingSolution\\ShoppingBLTest\\bin\\Debug\\net6.0\\fine-code-coverage\\build-output\\ShoppingBLTest.dll","CodeFilePath":null,"LineNumber":0,"Properties":[{"Key":{"Id":"NUnit.Seed","Label":"Seed","Category":"","Description":"","Attributes":0,"ValueType":"System.String"},"Value":"1206006764"}]},"Attachments":[],"Outcome":1,"ErrorMessage":null,"ErrorStackTrace":null,"DisplayName":"UpdateProductSuccessTest","Messages":[],"ComputerName":"BYQBBX3","Duration":"00:00:00.0007249","StartTime":"2024-04-24T15:40:43.8858527+00:00","EndTime":"2024-04-24T15:40:43.8865774+00:00","Properties":[{"Key":{"Id":"NUnit.Seed","Label":"Seed","Category":"","Description":"","Attributes":0,"ValueType":"System.String"},"Value":"1206006764"}]}],"TestRunStatistics":{"ExecutedTests":33,"Stats":{"Failed":26,"Passed":7}},"ActiveTests":[]},"RunAttachments":[],"ExecutorUris":["executor://nunit3testexecutor/"]}}
TpTrace Verbose: 0 : 24548, 14, 2024/04/24, 21:10:44.183, 4653587219924, vstest.console.dll, TestRequestSender.EndSession: Sending end session.
TpTrace Verbose: 0 : 24548, 14, 2024/04/24, 21:10:44.183, 4653587224556, vstest.console.dll, ProxyOperationManager.Close: waiting for test host to exit for 100 ms
TpTrace Verbose: 0 : 24548, 13, 2024/04/24, 21:10:44.229, 4653587680220, vstest.console.dll, TestHostManagerCallbacks.ctor: Experimental forwarding output is disabled.
TpTrace Warning: 0 : 24548, 13, 2024/04/24, 21:10:44.229, 4653587682542, vstest.console.dll, TestHostManagerCallbacks.ErrorReceivedCallback Test host standard error line: 
TpTrace Verbose: 0 : 24548, 13, 2024/04/24, 21:10:44.243, 4653587821863, vstest.console.dll, TestHostProvider.ExitCallBack: Host exited starting callback.
TpTrace Information: 0 : 24548, 13, 2024/04/24, 21:10:44.243, 4653587824875, vstest.console.dll, TestHostManagerCallbacks.ExitCallBack: Testhost processId: 20892 exited with exitcode: 0 error: ''
TpTrace Verbose: 0 : 24548, 13, 2024/04/24, 21:10:44.243, 4653587826050, vstest.console.dll, DotnetTestHostManager.OnHostExited: invoking OnHostExited callback
TpTrace Verbose: 0 : 24548, 13, 2024/04/24, 21:10:44.243, 4653587827172, vstest.console.dll, CrossPlatEngine.TestHostManagerHostExited: calling on client process exit callback.
TpTrace Information: 0 : 24548, 13, 2024/04/24, 21:10:44.243, 4653587828263, vstest.console.dll, TestRequestSender.OnClientProcessExit: Test host process exited. Standard error: 
TpTrace Information: 0 : 24548, 14, 2024/04/24, 21:10:44.244, 4653587829016, vstest.console.dll, SocketServer.Stop: Stop server endPoint: 127.0.0.1:59208
TpTrace Information: 0 : 24548, 13, 2024/04/24, 21:10:44.244, 4653587829163, vstest.console.dll, SocketServer.Stop: Stop server endPoint: 127.0.0.1:59208
TpTrace Information: 0 : 24548, 14, 2024/04/24, 21:10:44.244, 4653587831394, vstest.console.dll, SocketServer.Stop: Cancellation requested. Stopping message loop.
TpTrace Information: 0 : 24548, 13, 2024/04/24, 21:10:44.244, 4653587833152, vstest.console.dll, SocketServer.Stop: Cancellation requested. Stopping message loop.
TpTrace Verbose: 0 : 24548, 13, 2024/04/24, 21:10:44.244, 4653587836408, vstest.console.dll, MulticastDelegateUtilities.SafeInvoke: HostProviderEvents.OnHostExited: Invoking callback 1/1 for Microsoft.VisualStudio.TestPlatform.CrossPlatEngine.Client.ProxyOperationManager., took 0 ms.
TpTrace Information: 0 : 24548, 14, 2024/04/24, 21:10:44.244, 4653587838357, vstest.console.dll, Closing the connection
TpTrace Verbose: 0 : 24548, 14, 2024/04/24, 21:10:44.245, 4653587844427, vstest.console.dll, ProxyDataCollectionManager.InvokeDataCollectionServiceAction: Starting.
TpTrace Information: 0 : 24548, 14, 2024/04/24, 21:10:44.245, 4653587847628, vstest.console.dll, ProxyDataCollectionManager.AfterTestRunEnd: Get attachment set and invoked data collectors processId: 5732 port: 59205
TpTrace Verbose: 0 : 24548, 14, 2024/04/24, 21:10:44.246, 4653587849192, vstest.console.dll, DataCollectionRequestSender.SendAfterTestRunStartAndGetResult: Send AfterTestRunEnd message with isCancelled: False
TpTrace Verbose: 0 : 24548, 14, 2024/04/24, 21:10:44.261, 4653588007764, vstest.console.dll, DataCollectionRequestSender.SendAfterTestRunStartAndGetResult: Received message: (DataCollection.AfterTestRunEndResult) -> {"MessageType":"DataCollection.AfterTestRunEndResult","Payload":{"AttachmentSets":[],"InvokedDataCollectors":[{"Uri":"datacollector://Microsoft/TestPlatform/Extensions/Blame/v1","FriendlyName":"Blame","AssemblyQualifiedName":"Microsoft.TestPlatform.Extensions.BlameDataCollector.BlameCollector, Microsoft.TestPlatform.Extensions.BlameDataCollector, Version=15.0.0.0, Culture=neutral, PublicKeyToken=b03f5f7f11d50a3a","FilePath":"C:\\Program Files\\dotnet\\sdk\\8.0.202\\Extensions\\Microsoft.TestPlatform.Extensions.BlameDataCollector.dll","HasAttachmentProcessor":false}],"Metrics":{}}}
TpTrace Information: 0 : 24548, 14, 2024/04/24, 21:10:44.273, 4653588122054, vstest.console.dll, ProxyDataCollectionManager.InvokeDataCollectionServiceAction: Completed.
TpTrace Warning: 0 : 24548, 11, 2024/04/24, 21:10:44.291, 4653588299282, vstest.console.dll, DataCollectionLauncher.ErrorReceivedCallback datacollector standard error line: 
TpTrace Information: 0 : 24548, 11, 2024/04/24, 21:10:44.306, 4653588456751, vstest.console.dll, DataCollectionLauncher.ExitCallBack: Data collector exited with exitcode: 0 error: ''
TpTrace Verbose: 0 : 24548, 14, 2024/04/24, 21:10:44.351, 4653588906669, vstest.console.dll, TestRunRequest:SendTestRunStatsChange: Starting.
TpTrace Verbose: 0 : 24548, 14, 2024/04/24, 21:10:44.352, 4653588909925, vstest.console.dll, MulticastDelegateUtilities.SafeInvoke: TestRun.RunStatsChanged: Invoking callbacks was skipped because there are no subscribers.
TpTrace Information: 0 : 24548, 14, 2024/04/24, 21:10:44.352, 4653588911207, vstest.console.dll, TestRunRequest:SendTestRunStatsChange: Completed.
TpTrace Verbose: 0 : 24548, 5, 2024/04/24, 21:10:44.352, 4653588911918, vstest.console.dll, MulticastDelegateUtilities.SafeInvoke: InternalTestLoggerEvents.SendTestResult: Invoking callback 1/1 for Microsoft.VisualStudio.TestPlatform.CommandLine.Internal.ConsoleLogger., took 0 ms.
TpTrace Verbose: 0 : 24548, 5, 2024/04/24, 21:10:44.353, 4653588918745, vstest.console.dll, MulticastDelegateUtilities.SafeInvoke: InternalTestLoggerEvents.SendTestResult: Invoking callback 1/1 for Microsoft.VisualStudio.TestPlatform.CommandLine.Internal.ConsoleLogger., took 0 ms.
TpTrace Verbose: 0 : 24548, 14, 2024/04/24, 21:10:44.353, 4653588919617, vstest.console.dll, ParallelProxyExecutionManager: HandlePartialRunComplete: Total workloads = 1, Total started clients = 1 Total completed clients = 1, Run complete = True, Run canceled: False.
TpTrace Verbose: 0 : 24548, 5, 2024/04/24, 21:10:44.353, 4653588919974, vstest.console.dll, MulticastDelegateUtilities.SafeInvoke: InternalTestLoggerEvents.SendTestResult: Invoking callback 1/1 for Microsoft.VisualStudio.TestPlatform.CommandLine.Internal.ConsoleLogger., took 0 ms.
TpTrace Verbose: 0 : 24548, 14, 2024/04/24, 21:10:44.353, 4653588921374, vstest.console.dll, ParallelProxyExecutionManager: HandlePartialRunComplete: All runs completed stopping all managers.
TpTrace Verbose: 0 : 24548, 14, 2024/04/24, 21:10:44.353, 4653588924708, vstest.console.dll, ParallelOperationManager.StopAllManagers: Stopping all managers.
TpTrace Verbose: 0 : 24548, 5, 2024/04/24, 21:10:44.353, 4653588924043, vstest.console.dll, MulticastDelegateUtilities.SafeInvoke: InternalTestLoggerEvents.SendTestResult: Invoking callback 1/1 for Microsoft.VisualStudio.TestPlatform.CommandLine.Internal.ConsoleLogger., took 0 ms.
TpTrace Verbose: 0 : 24548, 14, 2024/04/24, 21:10:44.353, 4653588925652, vstest.console.dll, ParallelOperationManager.ClearSlots: Clearing all slots. Slots should accept more work: False
TpTrace Verbose: 0 : 24548, 14, 2024/04/24, 21:10:44.354, 4653588929321, vstest.console.dll, ParallelOperationManager.SetOccupiedSlotCount: Setting slot counts AvailableSlotCount = 1, OccupiedSlotCount = 0.
TpTrace Verbose: 0 : 24548, 5, 2024/04/24, 21:10:44.354, 4653588932470, vstest.console.dll, MulticastDelegateUtilities.SafeInvoke: InternalTestLoggerEvents.SendTestResult: Invoking callback 1/1 for Microsoft.VisualStudio.TestPlatform.CommandLine.Internal.ConsoleLogger., took 0 ms.
TpTrace Verbose: 0 : 24548, 14, 2024/04/24, 21:10:44.354, 4653588933197, vstest.console.dll, Occupied slots:

TpTrace Verbose: 0 : 24548, 5, 2024/04/24, 21:10:44.354, 4653588934807, vstest.console.dll, MulticastDelegateUtilities.SafeInvoke: InternalTestLoggerEvents.SendTestResult: Invoking callback 1/1 for Microsoft.VisualStudio.TestPlatform.CommandLine.Internal.ConsoleLogger., took 0 ms.
TpTrace Verbose: 0 : 24548, 5, 2024/04/24, 21:10:44.374, 4653589135828, vstest.console.dll, MulticastDelegateUtilities.SafeInvoke: InternalTestLoggerEvents.SendTestRunComplete: Invoking callback 1/2 for Microsoft.TestPlatform.Extensions.BlameDataCollector.BlameLogger., took 0 ms.
TpTrace Verbose: 0 : 24548, 5, 2024/04/24, 21:10:44.386, 4653589252479, vstest.console.dll, MulticastDelegateUtilities.SafeInvoke: InternalTestLoggerEvents.SendTestRunComplete: Invoking callback 2/2 for Microsoft.VisualStudio.TestPlatform.CommandLine.Internal.ConsoleLogger., took 11 ms.
TpTrace Verbose: 0 : 24548, 14, 2024/04/24, 21:10:44.386, 4653589258133, vstest.console.dll, TestRunRequest:TestRunComplete: Starting. IsAborted:False IsCanceled:False.
TpTrace Verbose: 0 : 24548, 14, 2024/04/24, 21:10:44.387, 4653589261559, vstest.console.dll, ParallelOperationManager.DoActionOnAllManagers: Calling an action on all managers.
TpTrace Verbose: 0 : 24548, 14, 2024/04/24, 21:10:44.389, 4653589281868, vstest.console.dll, TestLoggerManager.HandleTestRunComplete: Ignoring as the object is disposed.
TpTrace Verbose: 0 : 24548, 14, 2024/04/24, 21:10:44.389, 4653589285924, vstest.console.dll, MulticastDelegateUtilities.SafeInvoke: TestRun.TestRunComplete: Invoking callback 1/2 for Microsoft.VisualStudio.TestPlatform.CommandLine.TestRunResultAggregator., took 0 ms.
TpTrace Verbose: 0 : 24548, 14, 2024/04/24, 21:10:44.390, 4653589289757, vstest.console.dll, MulticastDelegateUtilities.SafeInvoke: TestRun.TestRunComplete: Invoking callback 2/2 for Microsoft.VisualStudio.TestPlatform.CommandLine.Processors.RunTestsArgumentExecutor+TestRunRequestEventsRegistrar., took 0 ms.
TpTrace Information: 0 : 24548, 14, 2024/04/24, 21:10:44.390, 4653589292033, vstest.console.dll, TestRunRequest:TestRunComplete: Completed.
TpTrace Verbose: 0 : 24548, 14, 2024/04/24, 21:10:44.390, 4653589292935, vstest.console.dll, TestRequestSender.SetOperationComplete: Setting operation complete.
TpTrace Information: 0 : 24548, 14, 2024/04/24, 21:10:44.390, 4653589293702, vstest.console.dll, SocketServer.Stop: Stop server endPoint: 127.0.0.1:59208
TpTrace Verbose: 0 : 24548, 1, 2024/04/24, 21:10:44.390, 4653589293273, vstest.console.dll, TestRunRequest.Dispose: Starting.
TpTrace Information: 0 : 24548, 14, 2024/04/24, 21:10:44.390, 4653589294504, vstest.console.dll, SocketServer.Stop: Cancellation requested. Stopping message loop.
TpTrace Information: 0 : 24548, 1, 2024/04/24, 21:10:44.390, 4653589296247, vstest.console.dll, TestRunRequest.Dispose: Completed.
TpTrace Verbose: 0 : 24548, 14, 2024/04/24, 21:10:44.390, 4653589297733, vstest.console.dll, MulticastDelegateUtilities.SafeInvoke: LengthPrefixCommunicationChannel: MessageReceived: Invoking callback 1/1 for Microsoft.VisualStudio.TestPlatform.CommunicationUtilities.TestRequestSender+<>c__DisplayClass34_0., took 208 ms.
TpTrace Information: 0 : 24548, 1, 2024/04/24, 21:10:44.391, 4653589299392, vstest.console.dll, TestRequestManager.RunTests: run tests completed.
TpTrace Information: 0 : 24548, 14, 2024/04/24, 21:10:44.391, 4653589300886, vstest.console.dll, SocketServer.PrivateStop: Stopping server endPoint: 127.0.0.1:59208 error: 
TpTrace Information: 0 : 24548, 1, 2024/04/24, 21:10:44.391, 4653589303181, vstest.console.dll, RunTestsArgumentProcessor:Execute: Test run is completed.
TpTrace Verbose: 0 : 24548, 1, 2024/04/24, 21:10:44.391, 4653589307230, vstest.console.dll, Executor.Execute: Exiting with exit code of 1
TpTrace Verbose: 0 : 24548, 14, 2024/04/24, 21:10:44.392, 4653589314020, vstest.console.dll, LengthPrefixCommunicationChannel.Dispose: Dispose reader and writer.
TpTrace Information: 0 : 24548, 14, 2024/04/24, 21:10:44.392, 4653589316504, vstest.console.dll, SocketServer.Stop: Raise disconnected event endPoint: 127.0.0.1:59208 error: 
TpTrace Verbose: 0 : 24548, 14, 2024/04/24, 21:10:44.392, 4653589318433, vstest.console.dll, TestRequestSender: OnTestRunAbort: Operation is already complete. Skip error message.
