TpTrace Verbose: 0 : 21684, 1, 2024/04/24, 21:10:47.892, 4653624334190, testhost.dll, Version: 17.1.0
TpTrace Information: 0 : 21684, 1, 2024/04/24, 21:10:47.903, 4653624420635, testhost.dll, DefaultEngineInvoker.Invoke: Testhost process started with args :[--port, 59215],[--endpoint, 127.0.0.1:059215],[--role, client],[--parentprocessid, 3608],[--diag, C:\Users\VC\Desktop\DAY 11 - 24.04.2024\ShoppingSolution\ShoppingDALTest\bin\Debug\net6.0\fine-code-coverage\coverage-tool-output\diagnostics.host.24-04-24_21-10-47_52477_6.log],[--tracelevel, 4],[--datacollectionport, 59214],[--telemetryoptedin, false]
TpTrace Information: 0 : 21684, 1, 2024/04/24, 21:10:47.906, 4653624451105, testhost.dll, Setting up debug trace listener.
TpTrace Verbose: 0 : 21684, 1, 2024/04/24, 21:10:47.906, 4653624454253, testhost.dll, TestPlatformTraceListener.Setup: Replacing listener 0 with TestHostTraceListener.
TpTrace Verbose: 0 : 21684, 1, 2024/04/24, 21:10:47.906, 4653624454924, testhost.dll, TestPlatformTraceListener.Setup: Added test platform trace listener.
TpTrace Information: 0 : 21684, 1, 2024/04/24, 21:10:47.908, 4653624468734, testhost.dll, DefaultEngineInvoker.SetParentProcessExitCallback: Monitoring parent process with id: '3608'
TpTrace Information: 0 : 21684, 1, 2024/04/24, 21:10:47.917, 4653624559740, testhost.dll, DefaultEngineInvoker.GetConnectionInfo: Initialize communication on endpoint address: '127.0.0.1:059215'
TpTrace Information: 0 : 21684, 1, 2024/04/24, 21:10:47.928, 4653624669838, testhost.dll, SocketClient.Start: connecting to server endpoint: 127.0.0.1:059215
TpTrace Information: 0 : 21684, 1, 2024/04/24, 21:10:47.944, 4653624833723, testhost.dll, DefaultEngineInvoker.ConnectToDatacollector: Connecting to datacollector, port: 59214
TpTrace Information: 0 : 21684, 11, 2024/04/24, 21:10:47.947, 4653624859577, testhost.dll, SocketClient.OnServerConnected: connected to server endpoint: 127.0.0.1:059215
TpTrace Verbose: 0 : 21684, 11, 2024/04/24, 21:10:47.950, 4653624895432, testhost.dll, Connected to server, and starting MessageLoopAsync
TpTrace Information: 0 : 21684, 1, 2024/04/24, 21:10:47.951, 4653624905179, testhost.dll, Trying to connect to server on socket : 127.0.0.1:59214 
TpTrace Verbose: 0 : 21684, 1, 2024/04/24, 21:10:47.952, 4653624911121, testhost.dll, SocketCommunicationManager : SetupClientAsync : Attempting to connect to the server.
TpTrace Information: 0 : 21684, 12, 2024/04/24, 21:10:47.955, 4653624940435, testhost.dll, Connected to the server successfully 
TpTrace Information: 0 : 21684, 12, 2024/04/24, 21:10:47.955, 4653624942354, testhost.dll, Using the buffer size of 16384 bytes
TpTrace Verbose: 0 : 21684, 11, 2024/04/24, 21:10:47.956, 4653624953634, testhost.dll, TcpClientExtensions.MessageLoopAsync: Polling on remoteEndPoint: [::ffff:127.0.0.1]:59215 localEndPoint: [::ffff:127.0.0.1]:59217
TpTrace Verbose: 0 : 21684, 11, 2024/04/24, 21:10:47.957, 4653624964159, testhost.dll, TcpClientExtensions.MessageLoopAsync: NotifyDataAvailable remoteEndPoint: [::ffff:127.0.0.1]:59215 localEndPoint: [::ffff:127.0.0.1]:59217
TpTrace Information: 0 : 21684, 1, 2024/04/24, 21:10:47.957, 4653624964913, testhost.dll, DefaultEngineInvoker.Invoke: Start Request Processing.
TpTrace Information: 0 : 21684, 13, 2024/04/24, 21:10:47.959, 4653624983602, testhost.dll, DefaultEngineInvoker.StartProcessingAsync: Connected to vstest.console, Starting process requests.
TpTrace Information: 0 : 21684, 11, 2024/04/24, 21:10:48.102, 4653626415054, testhost.dll, TestRequestHandler.OnMessageReceived: received message: (ProtocolVersion) -> 7
TpTrace Verbose: 0 : 21684, 11, 2024/04/24, 21:10:48.126, 4653626657059, testhost.dll, TestRequestHandler.SendData:  sending data from testhost: {"Version":5,"MessageType":"TestSession.Message","Payload":{"MessageLevel":0,"Message":"Logging TestHost Diagnostics in file: C:\\Users\\VC\\Desktop\\DAY 11 - 24.04.2024\\ShoppingSolution\\ShoppingDALTest\\bin\\Debug\\net6.0\\fine-code-coverage\\coverage-tool-output\\diagnostics.host.24-04-24_21-10-47_52477_6.log"}}
TpTrace Verbose: 0 : 21684, 11, 2024/04/24, 21:10:48.127, 4653626659254, testhost.dll, TcpClientExtensions.MessageLoopAsync: Polling on remoteEndPoint: [::ffff:127.0.0.1]:59215 localEndPoint: [::ffff:127.0.0.1]:59217
TpTrace Verbose: 0 : 21684, 11, 2024/04/24, 21:10:48.127, 4653626660303, testhost.dll, TcpClientExtensions.MessageLoopAsync: NotifyDataAvailable remoteEndPoint: [::ffff:127.0.0.1]:59215 localEndPoint: [::ffff:127.0.0.1]:59217
TpTrace Information: 0 : 21684, 11, 2024/04/24, 21:10:48.130, 4653626692466, testhost.dll, TestRequestHandler.OnMessageReceived: received message: (TestExecution.Initialize) -> [
  "C:\\Users\\VC\\Desktop\\DAY 11 - 24.04.2024\\ShoppingSolution\\ShoppingDALTest\\bin\\Debug\\net6.0\\fine-code-coverage\\build-output\\NUnit3.TestAdapter.dll"
]
TpTrace Verbose: 0 : 21684, 11, 2024/04/24, 21:10:48.136, 4653626749882, testhost.dll, TcpClientExtensions.MessageLoopAsync: Polling on remoteEndPoint: [::ffff:127.0.0.1]:59215 localEndPoint: [::ffff:127.0.0.1]:59217
TpTrace Verbose: 0 : 21684, 11, 2024/04/24, 21:10:48.136, 4653626750867, testhost.dll, TcpClientExtensions.MessageLoopAsync: NotifyDataAvailable remoteEndPoint: [::ffff:127.0.0.1]:59215 localEndPoint: [::ffff:127.0.0.1]:59217
TpTrace Information: 0 : 21684, 5, 2024/04/24, 21:10:48.136, 4653626754159, testhost.dll, TestRequestHandler.OnMessageReceived: Running job 'TestExecution.Initialize'.
TpTrace Information: 0 : 21684, 11, 2024/04/24, 21:10:48.138, 4653626772973, testhost.dll, TestRequestHandler.OnMessageReceived: received message: (TestExecution.StartWithSources) -> {
  "AdapterSourceMap": {
    "_none_": [
      "C:\\Users\\VC\\Desktop\\DAY 11 - 24.04.2024\\ShoppingSolution\\ShoppingDALTest\\bin\\Debug\\net6.0\\fine-code-coverage\\build-output\\ShoppingDALTest.dll"
    ]
  },
  "RunSettings": "<RunSettings>\r\n  <RunConfiguration>\r\n    <ResultsDirectory>C:\\Users\\VC\\Desktop\\DAY 11 - 24.04.2024\\ShoppingSolution\\ShoppingDALTest\\bin\\Debug\\net6.0\\fine-code-coverage\\coverage-tool-output</ResultsDirectory>\r\n    <TargetFrameworkVersion>.NETCoreApp,Version=v6.0</TargetFrameworkVersion>\r\n    <DesignMode>False</DesignMode>\r\n    <CollectSourceInformation>False</CollectSourceInformation>\r\n  </RunConfiguration>\r\n  <LoggerRunSettings>\r\n    <Loggers>\r\n      <Logger friendlyName=\"blame\" enabled=\"True\" />\r\n      <Logger friendlyName=\"Console\" uri=\"logger://microsoft/TestPlatform/ConsoleLogger/v1\" assemblyQualifiedName=\"Microsoft.VisualStudio.TestPlatform.CommandLine.Internal.ConsoleLogger, vstest.console, Version=15.0.0.0, Culture=neutral, PublicKeyToken=b03f5f7f11d50a3a\" codeBase=\"C:\\Program Files\\dotnet\\sdk\\8.0.202\\vstest.console.dll\" enabled=\"True\" />\r\n    </Loggers>\r\n  </LoggerRunSettings>\r\n  <DataCollectionRunSettings>\r\n    <DataCollectors>\r\n      <DataCollector friendlyName=\"blame\" enabled=\"True\">\r\n        <Configuration>\r\n          <ResultsDirectory>C:\\Users\\VC\\Desktop\\DAY 11 - 24.04.2024\\ShoppingSolution\\ShoppingDALTest\\bin\\Debug\\net6.0\\fine-code-coverage\\coverage-tool-output</ResultsDirectory>\r\n        </Configuration>\r\n      </DataCollector>\r\n    </DataCollectors>\r\n  </DataCollectionRunSettings>\r\n</RunSettings>",
  "TestExecutionContext": {
    "FrequencyOfRunStatsChangeEvent": 10,
    "RunStatsChangeEventTimeout": "00:00:01.5000000",
    "InIsolation": false,
    "KeepAlive": false,
    "AreTestCaseLevelEventsRequired": false,
    "IsDebug": false,
    "TestCaseFilter": null,
    "FilterOptions": null
  },
  "Package": null
}
TpTrace Verbose: 0 : 21684, 5, 2024/04/24, 21:10:48.138, 4653626775328, testhost.dll, TestExecutorService: Loading the extensions
TpTrace Verbose: 0 : 21684, 5, 2024/04/24, 21:10:48.140, 4653626791797, testhost.dll, TestPluginCache.DiscoverTestExtensions: finding test extensions in assemblies ends with: TestAdapter.dll TPluginInfo: Microsoft.VisualStudio.TestPlatform.Common.ExtensionFramework.Utilities.TestExecutorPluginInformation TExtension: Microsoft.VisualStudio.TestPlatform.ObjectModel.Adapter.ITestExecutor
TpTrace Verbose: 0 : 21684, 5, 2024/04/24, 21:10:48.141, 4653626800433, testhost.dll, TestPluginCache.GetExtensionPaths: Filtered extension paths: 
TpTrace Verbose: 0 : 21684, 5, 2024/04/24, 21:10:48.141, 4653626804330, testhost.dll, TestPluginCache.GetExtensionPaths: Added default extension paths: C:\Users\VC\Desktop\DAY 11 - 24.04.2024\ShoppingSolution\ShoppingDALTest\bin\Debug\net6.0\fine-code-coverage\build-output\NUnit3.TestAdapter.dll
TpTrace Verbose: 0 : 21684, 5, 2024/04/24, 21:10:48.141, 4653626804836, testhost.dll, TestPluginCache.GetExtensionPaths: Added unfilterableExtensionPaths: 
TpTrace Information: 0 : 21684, 5, 2024/04/24, 21:10:48.143, 4653626826595, testhost.dll, AssemblyResolver.ctor: Creating AssemblyResolver with searchDirectories C:\Users\VC\Desktop\DAY 11 - 24.04.2024\ShoppingSolution\ShoppingDALTest\bin\Debug\net6.0\fine-code-coverage\build-output
TpTrace Verbose: 0 : 21684, 5, 2024/04/24, 21:10:48.146, 4653626849543, testhost.dll, TestPluginCache.DiscoverTestExtensions: Discovering the extensions using extension path.
TpTrace Verbose: 0 : 21684, 5, 2024/04/24, 21:10:48.146, 4653626852394, testhost.dll, TestPluginCache.GetExtensionPaths: Filtered extension paths: 
TpTrace Verbose: 0 : 21684, 5, 2024/04/24, 21:10:48.146, 4653626852887, testhost.dll, TestPluginCache.GetExtensionPaths: Added default extension paths: C:\Users\VC\Desktop\DAY 11 - 24.04.2024\ShoppingSolution\ShoppingDALTest\bin\Debug\net6.0\fine-code-coverage\build-output\NUnit3.TestAdapter.dll
TpTrace Verbose: 0 : 21684, 5, 2024/04/24, 21:10:48.146, 4653626853748, testhost.dll, TestPluginCache.GetExtensionPaths: Added unfilterableExtensionPaths: 
TpTrace Verbose: 0 : 21684, 5, 2024/04/24, 21:10:48.146, 4653626854531, testhost.dll, TestPluginCache.DiscoverTestExtensions: Discovering the extensions using allExtensionPaths: C:\Users\VC\Desktop\DAY 11 - 24.04.2024\ShoppingSolution\ShoppingDALTest\bin\Debug\net6.0\fine-code-coverage\build-output\NUnit3.TestAdapter.dll
TpTrace Information: 0 : 21684, 5, 2024/04/24, 21:10:48.147, 4653626865075, testhost.dll, AssemblyResolver.AddSearchDirectories: Adding more searchDirectories C:\Users\VC\Desktop\DAY 11 - 24.04.2024\ShoppingSolution\ShoppingDALTest\bin\Debug\net6.0\fine-code-coverage\build-output
TpTrace Information: 0 : 21684, 5, 2024/04/24, 21:10:48.151, 4653626903236, testhost.dll, AssemblyResolver.OnResolve: NUnit3.TestAdapter: Resolving assembly.
TpTrace Information: 0 : 21684, 5, 2024/04/24, 21:10:48.151, 4653626904113, testhost.dll, AssemblyResolver.OnResolve: NUnit3.TestAdapter: Searching in: 'C:\Users\VC\Desktop\DAY 11 - 24.04.2024\ShoppingSolution\ShoppingDALTest\bin\Debug\net6.0\fine-code-coverage\build-output'.
TpTrace Information: 0 : 21684, 5, 2024/04/24, 21:10:48.152, 4653626916672, testhost.dll, AssemblyResolver.OnResolve: NUnit3.TestAdapter: Loading assembly 'C:\Users\VC\Desktop\DAY 11 - 24.04.2024\ShoppingSolution\ShoppingDALTest\bin\Debug\net6.0\fine-code-coverage\build-output\NUnit3.TestAdapter.dll'.
TpTrace Information: 0 : 21684, 5, 2024/04/24, 21:10:48.153, 4653626925252, testhost.dll, AssemblyResolver.OnResolve: Resolved assembly: NUnit3.TestAdapter, from path: C:\Users\VC\Desktop\DAY 11 - 24.04.2024\ShoppingSolution\ShoppingDALTest\bin\Debug\net6.0\fine-code-coverage\build-output\NUnit3.TestAdapter.dll
TpTrace Verbose: 0 : 21684, 11, 2024/04/24, 21:10:48.159, 4653626986915, testhost.dll, TcpClientExtensions.MessageLoopAsync: Polling on remoteEndPoint: [::ffff:127.0.0.1]:59215 localEndPoint: [::ffff:127.0.0.1]:59217
TpTrace Information: 0 : 21684, 5, 2024/04/24, 21:10:48.167, 4653627065614, testhost.dll, AssemblyResolver.OnResolve: nunit.engine.api: Resolving assembly.
TpTrace Information: 0 : 21684, 5, 2024/04/24, 21:10:48.167, 4653627066857, testhost.dll, AssemblyResolver.OnResolve: nunit.engine.api: Searching in: 'C:\Users\VC\Desktop\DAY 11 - 24.04.2024\ShoppingSolution\ShoppingDALTest\bin\Debug\net6.0\fine-code-coverage\build-output'.
TpTrace Information: 0 : 21684, 5, 2024/04/24, 21:10:48.168, 4653627069784, testhost.dll, AssemblyResolver.OnResolve: nunit.engine.api: Loading assembly 'C:\Users\VC\Desktop\DAY 11 - 24.04.2024\ShoppingSolution\ShoppingDALTest\bin\Debug\net6.0\fine-code-coverage\build-output\nunit.engine.api.dll'.
TpTrace Information: 0 : 21684, 5, 2024/04/24, 21:10:48.168, 4653627076274, testhost.dll, AssemblyResolver.OnResolve: Resolved assembly: nunit.engine.api, from path: C:\Users\VC\Desktop\DAY 11 - 24.04.2024\ShoppingSolution\ShoppingDALTest\bin\Debug\net6.0\fine-code-coverage\build-output\nunit.engine.api.dll
TpTrace Verbose: 0 : 21684, 5, 2024/04/24, 21:10:48.173, 4653627126350, testhost.dll, TestPluginCache: Discovered the extensions using extension path ''.
TpTrace Verbose: 0 : 21684, 5, 2024/04/24, 21:10:48.174, 4653627130140, testhost.dll, TestPluginCache: Discoverers are ''.
TpTrace Verbose: 0 : 21684, 5, 2024/04/24, 21:10:48.174, 4653627130817, testhost.dll, TestPluginCache: Executors are 'executor://NUnit3TestExecutor'.
TpTrace Verbose: 0 : 21684, 5, 2024/04/24, 21:10:48.174, 4653627131524, testhost.dll, TestPluginCache: Executors2 are ''.
TpTrace Verbose: 0 : 21684, 5, 2024/04/24, 21:10:48.174, 4653627132066, testhost.dll, TestPluginCache: Setting providers are ''.
TpTrace Verbose: 0 : 21684, 5, 2024/04/24, 21:10:48.174, 4653627132556, testhost.dll, TestPluginCache: Loggers are ''.
TpTrace Verbose: 0 : 21684, 5, 2024/04/24, 21:10:48.179, 4653627183259, testhost.dll, TestPluginCache.DiscoverTestExtensions: finding test extensions in assemblies ends with: TestAdapter.dll TPluginInfo: Microsoft.VisualStudio.TestPlatform.Common.ExtensionFramework.Utilities.TestExecutorPluginInformation2 TExtension: Microsoft.VisualStudio.TestPlatform.ObjectModel.Adapter.ITestExecutor2
TpTrace Verbose: 0 : 21684, 5, 2024/04/24, 21:10:48.180, 4653627188620, testhost.dll, TestPluginCache.GetExtensionPaths: Filtered extension paths: 
TpTrace Verbose: 0 : 21684, 5, 2024/04/24, 21:10:48.180, 4653627189644, testhost.dll, TestPluginCache.GetExtensionPaths: Added default extension paths: C:\Users\VC\Desktop\DAY 11 - 24.04.2024\ShoppingSolution\ShoppingDALTest\bin\Debug\net6.0\fine-code-coverage\build-output\NUnit3.TestAdapter.dll
TpTrace Verbose: 0 : 21684, 5, 2024/04/24, 21:10:48.180, 4653627190451, testhost.dll, TestPluginCache.GetExtensionPaths: Added unfilterableExtensionPaths: 
TpTrace Information: 0 : 21684, 5, 2024/04/24, 21:10:48.180, 4653627194225, testhost.dll, AssemblyResolver.AddSearchDirectories: Adding more searchDirectories C:\Users\VC\Desktop\DAY 11 - 24.04.2024\ShoppingSolution\ShoppingDALTest\bin\Debug\net6.0\fine-code-coverage\build-output
TpTrace Verbose: 0 : 21684, 5, 2024/04/24, 21:10:48.180, 4653627195195, testhost.dll, TestPluginCache.DiscoverTestExtensions: Discovering the extensions using extension path.
TpTrace Verbose: 0 : 21684, 5, 2024/04/24, 21:10:48.180, 4653627196071, testhost.dll, TestPluginCache.GetExtensionPaths: Filtered extension paths: 
TpTrace Verbose: 0 : 21684, 5, 2024/04/24, 21:10:48.180, 4653627196787, testhost.dll, TestPluginCache.GetExtensionPaths: Added default extension paths: C:\Users\VC\Desktop\DAY 11 - 24.04.2024\ShoppingSolution\ShoppingDALTest\bin\Debug\net6.0\fine-code-coverage\build-output\NUnit3.TestAdapter.dll
TpTrace Verbose: 0 : 21684, 5, 2024/04/24, 21:10:48.180, 4653627197395, testhost.dll, TestPluginCache.GetExtensionPaths: Added unfilterableExtensionPaths: 
TpTrace Verbose: 0 : 21684, 5, 2024/04/24, 21:10:48.180, 4653627198057, testhost.dll, TestPluginCache.DiscoverTestExtensions: Discovering the extensions using allExtensionPaths: C:\Users\VC\Desktop\DAY 11 - 24.04.2024\ShoppingSolution\ShoppingDALTest\bin\Debug\net6.0\fine-code-coverage\build-output\NUnit3.TestAdapter.dll
TpTrace Information: 0 : 21684, 5, 2024/04/24, 21:10:48.181, 4653627198899, testhost.dll, AssemblyResolver.AddSearchDirectories: Adding more searchDirectories C:\Users\VC\Desktop\DAY 11 - 24.04.2024\ShoppingSolution\ShoppingDALTest\bin\Debug\net6.0\fine-code-coverage\build-output
TpTrace Verbose: 0 : 21684, 5, 2024/04/24, 21:10:48.181, 4653627203682, testhost.dll, TestPluginCache: Discovered the extensions using extension path ''.
TpTrace Verbose: 0 : 21684, 5, 2024/04/24, 21:10:48.181, 4653627204663, testhost.dll, TestPluginCache: Discoverers are ''.
TpTrace Verbose: 0 : 21684, 5, 2024/04/24, 21:10:48.181, 4653627205403, testhost.dll, TestPluginCache: Executors are 'executor://NUnit3TestExecutor'.
TpTrace Verbose: 0 : 21684, 5, 2024/04/24, 21:10:48.181, 4653627206746, testhost.dll, TestPluginCache: Executors2 are ''.
TpTrace Verbose: 0 : 21684, 5, 2024/04/24, 21:10:48.181, 4653627207358, testhost.dll, TestPluginCache: Setting providers are ''.
TpTrace Verbose: 0 : 21684, 5, 2024/04/24, 21:10:48.181, 4653627207900, testhost.dll, TestPluginCache: Loggers are ''.
TpTrace Information: 0 : 21684, 5, 2024/04/24, 21:10:48.187, 4653627264527, testhost.dll, TestPluginManager.CreateTestExtension: Attempting to load test extension: NUnit.VisualStudio.TestAdapter.NUnit3TestExecutor
TpTrace Verbose: 0 : 21684, 5, 2024/04/24, 21:10:48.188, 4653627268684, testhost.dll, TestExecutorExtensionManager: Loading executor NUnit.VisualStudio.TestAdapter.NUnit3TestExecutor
TpTrace Verbose: 0 : 21684, 5, 2024/04/24, 21:10:48.188, 4653627269239, testhost.dll, TestExecutorService: Loaded the executors
TpTrace Verbose: 0 : 21684, 5, 2024/04/24, 21:10:48.188, 4653627278071, testhost.dll, TestPluginCache.DiscoverTestExtensions: finding test extensions in assemblies ends with: TestAdapter.dll TPluginInfo: Microsoft.VisualStudio.TestPlatform.Common.ExtensionFramework.Utilities.TestSettingsProviderPluginInformation TExtension: Microsoft.VisualStudio.TestPlatform.ObjectModel.Adapter.ISettingsProvider
TpTrace Verbose: 0 : 21684, 5, 2024/04/24, 21:10:48.189, 4653627279017, testhost.dll, TestPluginCache.GetExtensionPaths: Filtered extension paths: 
TpTrace Verbose: 0 : 21684, 5, 2024/04/24, 21:10:48.189, 4653627279431, testhost.dll, TestPluginCache.GetExtensionPaths: Added default extension paths: C:\Users\VC\Desktop\DAY 11 - 24.04.2024\ShoppingSolution\ShoppingDALTest\bin\Debug\net6.0\fine-code-coverage\build-output\NUnit3.TestAdapter.dll
TpTrace Verbose: 0 : 21684, 5, 2024/04/24, 21:10:48.189, 4653627279754, testhost.dll, TestPluginCache.GetExtensionPaths: Added unfilterableExtensionPaths: 
TpTrace Information: 0 : 21684, 5, 2024/04/24, 21:10:48.189, 4653627281188, testhost.dll, AssemblyResolver.AddSearchDirectories: Adding more searchDirectories C:\Users\VC\Desktop\DAY 11 - 24.04.2024\ShoppingSolution\ShoppingDALTest\bin\Debug\net6.0\fine-code-coverage\build-output
TpTrace Verbose: 0 : 21684, 5, 2024/04/24, 21:10:48.189, 4653627281620, testhost.dll, TestPluginCache.DiscoverTestExtensions: Discovering the extensions using extension path.
TpTrace Verbose: 0 : 21684, 5, 2024/04/24, 21:10:48.189, 4653627281949, testhost.dll, TestPluginCache.GetExtensionPaths: Filtered extension paths: 
TpTrace Verbose: 0 : 21684, 5, 2024/04/24, 21:10:48.189, 4653627282366, testhost.dll, TestPluginCache.GetExtensionPaths: Added default extension paths: C:\Users\VC\Desktop\DAY 11 - 24.04.2024\ShoppingSolution\ShoppingDALTest\bin\Debug\net6.0\fine-code-coverage\build-output\NUnit3.TestAdapter.dll
TpTrace Verbose: 0 : 21684, 5, 2024/04/24, 21:10:48.189, 4653627282681, testhost.dll, TestPluginCache.GetExtensionPaths: Added unfilterableExtensionPaths: 
TpTrace Verbose: 0 : 21684, 5, 2024/04/24, 21:10:48.189, 4653627283000, testhost.dll, TestPluginCache.DiscoverTestExtensions: Discovering the extensions using allExtensionPaths: C:\Users\VC\Desktop\DAY 11 - 24.04.2024\ShoppingSolution\ShoppingDALTest\bin\Debug\net6.0\fine-code-coverage\build-output\NUnit3.TestAdapter.dll
TpTrace Information: 0 : 21684, 5, 2024/04/24, 21:10:48.189, 4653627283410, testhost.dll, AssemblyResolver.AddSearchDirectories: Adding more searchDirectories C:\Users\VC\Desktop\DAY 11 - 24.04.2024\ShoppingSolution\ShoppingDALTest\bin\Debug\net6.0\fine-code-coverage\build-output
TpTrace Verbose: 0 : 21684, 5, 2024/04/24, 21:10:48.189, 4653627286585, testhost.dll, TestPluginCache: Discovered the extensions using extension path ''.
TpTrace Verbose: 0 : 21684, 5, 2024/04/24, 21:10:48.189, 4653627287262, testhost.dll, TestPluginCache: Discoverers are ''.
TpTrace Verbose: 0 : 21684, 5, 2024/04/24, 21:10:48.189, 4653627287912, testhost.dll, TestPluginCache: Executors are 'executor://NUnit3TestExecutor'.
TpTrace Verbose: 0 : 21684, 5, 2024/04/24, 21:10:48.189, 4653627288320, testhost.dll, TestPluginCache: Executors2 are ''.
TpTrace Verbose: 0 : 21684, 5, 2024/04/24, 21:10:48.190, 4653627288763, testhost.dll, TestPluginCache: Setting providers are ''.
TpTrace Verbose: 0 : 21684, 5, 2024/04/24, 21:10:48.190, 4653627289204, testhost.dll, TestPluginCache: Loggers are ''.
TpTrace Verbose: 0 : 21684, 5, 2024/04/24, 21:10:48.190, 4653627298173, testhost.dll, TestExecutorService: Loaded the settings providers
TpTrace Information: 0 : 21684, 5, 2024/04/24, 21:10:48.191, 4653627298849, testhost.dll, TestExecutorService: Loaded the extensions
TpTrace Information: 0 : 21684, 5, 2024/04/24, 21:10:48.191, 4653627303264, testhost.dll, TestRequestHandler.OnMessageReceived: Running job 'TestExecution.StartWithSources'.
TpTrace Information: 0 : 21684, 5, 2024/04/24, 21:10:48.279, 4653628183214, testhost.dll, TestDiscoveryManager: Discovering tests from sources C:\Users\VC\Desktop\DAY 11 - 24.04.2024\ShoppingSolution\ShoppingDALTest\bin\Debug\net6.0\fine-code-coverage\build-output\ShoppingDALTest.dll
TpTrace Verbose: 0 : 21684, 5, 2024/04/24, 21:10:48.283, 4653628223821, testhost.dll, TestPluginCache.DiscoverTestExtensions: finding test extensions in assemblies ends with: TestAdapter.dll TPluginInfo: Microsoft.VisualStudio.TestPlatform.Common.ExtensionFramework.Utilities.TestDiscovererPluginInformation TExtension: Microsoft.VisualStudio.TestPlatform.ObjectModel.Adapter.ITestDiscoverer
TpTrace Verbose: 0 : 21684, 5, 2024/04/24, 21:10:48.283, 4653628226345, testhost.dll, TestPluginCache.GetExtensionPaths: Filtered extension paths: 
TpTrace Verbose: 0 : 21684, 5, 2024/04/24, 21:10:48.283, 4653628227112, testhost.dll, TestPluginCache.GetExtensionPaths: Added default extension paths: C:\Users\VC\Desktop\DAY 11 - 24.04.2024\ShoppingSolution\ShoppingDALTest\bin\Debug\net6.0\fine-code-coverage\build-output\NUnit3.TestAdapter.dll
TpTrace Verbose: 0 : 21684, 5, 2024/04/24, 21:10:48.283, 4653628227831, testhost.dll, TestPluginCache.GetExtensionPaths: Added unfilterableExtensionPaths: 
TpTrace Information: 0 : 21684, 5, 2024/04/24, 21:10:48.284, 4653628230027, testhost.dll, AssemblyResolver.AddSearchDirectories: Adding more searchDirectories C:\Users\VC\Desktop\DAY 11 - 24.04.2024\ShoppingSolution\ShoppingDALTest\bin\Debug\net6.0\fine-code-coverage\build-output
TpTrace Verbose: 0 : 21684, 5, 2024/04/24, 21:10:48.284, 4653628230871, testhost.dll, TestPluginCache.DiscoverTestExtensions: Discovering the extensions using extension path.
TpTrace Verbose: 0 : 21684, 5, 2024/04/24, 21:10:48.284, 4653628231521, testhost.dll, TestPluginCache.GetExtensionPaths: Filtered extension paths: 
TpTrace Verbose: 0 : 21684, 5, 2024/04/24, 21:10:48.284, 4653628231953, testhost.dll, TestPluginCache.GetExtensionPaths: Added default extension paths: C:\Users\VC\Desktop\DAY 11 - 24.04.2024\ShoppingSolution\ShoppingDALTest\bin\Debug\net6.0\fine-code-coverage\build-output\NUnit3.TestAdapter.dll
TpTrace Verbose: 0 : 21684, 5, 2024/04/24, 21:10:48.284, 4653628232402, testhost.dll, TestPluginCache.GetExtensionPaths: Added unfilterableExtensionPaths: 
TpTrace Verbose: 0 : 21684, 5, 2024/04/24, 21:10:48.284, 4653628232997, testhost.dll, TestPluginCache.DiscoverTestExtensions: Discovering the extensions using allExtensionPaths: C:\Users\VC\Desktop\DAY 11 - 24.04.2024\ShoppingSolution\ShoppingDALTest\bin\Debug\net6.0\fine-code-coverage\build-output\NUnit3.TestAdapter.dll
TpTrace Information: 0 : 21684, 5, 2024/04/24, 21:10:48.284, 4653628233959, testhost.dll, AssemblyResolver.AddSearchDirectories: Adding more searchDirectories C:\Users\VC\Desktop\DAY 11 - 24.04.2024\ShoppingSolution\ShoppingDALTest\bin\Debug\net6.0\fine-code-coverage\build-output
TpTrace Verbose: 0 : 21684, 5, 2024/04/24, 21:10:48.289, 4653628279243, testhost.dll, TestPluginCache: Discovered the extensions using extension path ''.
TpTrace Verbose: 0 : 21684, 5, 2024/04/24, 21:10:48.289, 4653628280929, testhost.dll, TestPluginCache: Discoverers are 'NUnit.VisualStudio.TestAdapter.NUnit3TestDiscoverer, NUnit3.TestAdapter, Version=4.2.0.0, Culture=neutral, PublicKeyToken=4cb40d35494691ac'.
TpTrace Verbose: 0 : 21684, 5, 2024/04/24, 21:10:48.289, 4653628281667, testhost.dll, TestPluginCache: Executors are 'executor://NUnit3TestExecutor'.
TpTrace Verbose: 0 : 21684, 5, 2024/04/24, 21:10:48.289, 4653628282249, testhost.dll, TestPluginCache: Executors2 are ''.
TpTrace Verbose: 0 : 21684, 5, 2024/04/24, 21:10:48.289, 4653628282804, testhost.dll, TestPluginCache: Setting providers are ''.
TpTrace Verbose: 0 : 21684, 5, 2024/04/24, 21:10:48.289, 4653628283324, testhost.dll, TestPluginCache: Loggers are ''.
TpTrace Information: 0 : 21684, 5, 2024/04/24, 21:10:48.298, 4653628375837, testhost.dll, PEReaderHelper.GetAssemblyType: Determined assemblyType:'Managed' for source: 'C:\Users\VC\Desktop\DAY 11 - 24.04.2024\ShoppingSolution\ShoppingDALTest\bin\Debug\net6.0\fine-code-coverage\build-output\ShoppingDALTest.dll'
TpTrace Verbose: 0 : 21684, 5, 2024/04/24, 21:10:48.303, 4653628428023, testhost.dll, BaseRunTests.RunTestInternalWithExecutors: Running tests for executor://NUnit3TestExecutor
TpTrace Information: 0 : 21684, 5, 2024/04/24, 21:10:48.306, 4653628452924, testhost.dll, AssemblyResolver.OnResolve: nunit.engine.core: Resolving assembly.
TpTrace Information: 0 : 21684, 5, 2024/04/24, 21:10:48.306, 4653628453702, testhost.dll, AssemblyResolver.OnResolve: nunit.engine.core: Searching in: 'C:\Users\VC\Desktop\DAY 11 - 24.04.2024\ShoppingSolution\ShoppingDALTest\bin\Debug\net6.0\fine-code-coverage\build-output'.
TpTrace Information: 0 : 21684, 5, 2024/04/24, 21:10:48.306, 4653628455926, testhost.dll, AssemblyResolver.OnResolve: nunit.engine.core: Loading assembly 'C:\Users\VC\Desktop\DAY 11 - 24.04.2024\ShoppingSolution\ShoppingDALTest\bin\Debug\net6.0\fine-code-coverage\build-output\nunit.engine.core.dll'.
TpTrace Information: 0 : 21684, 5, 2024/04/24, 21:10:48.307, 4653628460887, testhost.dll, AssemblyResolver.OnResolve: Resolved assembly: nunit.engine.core, from path: C:\Users\VC\Desktop\DAY 11 - 24.04.2024\ShoppingSolution\ShoppingDALTest\bin\Debug\net6.0\fine-code-coverage\build-output\nunit.engine.core.dll
TpTrace Information: 0 : 21684, 5, 2024/04/24, 21:10:48.315, 4653628541205, testhost.dll, NUnit Adapter 4.2.0.0: Test execution started
TpTrace Verbose: 0 : 21684, 5, 2024/04/24, 21:10:48.315, 4653628543253, testhost.dll, TestRequestHandler.SendData:  sending data from testhost: {"Version":5,"MessageType":"TestSession.Message","Payload":{"MessageLevel":0,"Message":"NUnit Adapter 4.2.0.0: Test execution started"}}
TpTrace Information: 0 : 21684, 5, 2024/04/24, 21:10:48.351, 4653628904930, testhost.dll, Running all tests in C:\Users\VC\Desktop\DAY 11 - 24.04.2024\ShoppingSolution\ShoppingDALTest\bin\Debug\net6.0\fine-code-coverage\build-output\ShoppingDALTest.dll
TpTrace Verbose: 0 : 21684, 5, 2024/04/24, 21:10:48.351, 4653628906902, testhost.dll, TestRequestHandler.SendData:  sending data from testhost: {"Version":5,"MessageType":"TestSession.Message","Payload":{"MessageLevel":0,"Message":"Running all tests in C:\\Users\\VC\\Desktop\\DAY 11 - 24.04.2024\\ShoppingSolution\\ShoppingDALTest\\bin\\Debug\\net6.0\\fine-code-coverage\\build-output\\ShoppingDALTest.dll"}}
TpTrace Information: 0 : 21684, 5, 2024/04/24, 21:10:48.361, 4653629002984, testhost.dll, AssemblyResolver.OnResolve: testcentric.engine.metadata: Resolving assembly.
TpTrace Information: 0 : 21684, 5, 2024/04/24, 21:10:48.361, 4653629004817, testhost.dll, AssemblyResolver.OnResolve: testcentric.engine.metadata: Searching in: 'C:\Users\VC\Desktop\DAY 11 - 24.04.2024\ShoppingSolution\ShoppingDALTest\bin\Debug\net6.0\fine-code-coverage\build-output'.
TpTrace Information: 0 : 21684, 5, 2024/04/24, 21:10:48.362, 4653629011109, testhost.dll, AssemblyResolver.OnResolve: testcentric.engine.metadata: Loading assembly 'C:\Users\VC\Desktop\DAY 11 - 24.04.2024\ShoppingSolution\ShoppingDALTest\bin\Debug\net6.0\fine-code-coverage\build-output\testcentric.engine.metadata.dll'.
TpTrace Information: 0 : 21684, 5, 2024/04/24, 21:10:48.363, 4653629022635, testhost.dll, AssemblyResolver.OnResolve: Resolved assembly: testcentric.engine.metadata, from path: C:\Users\VC\Desktop\DAY 11 - 24.04.2024\ShoppingSolution\ShoppingDALTest\bin\Debug\net6.0\fine-code-coverage\build-output\testcentric.engine.metadata.dll
TpTrace Information: 0 : 21684, 5, 2024/04/24, 21:10:48.506, 4653630456683, testhost.dll,    NUnit3TestExecutor discovered 30 of 30 NUnit test cases using Current Discovery mode, Non-Explicit run
TpTrace Verbose: 0 : 21684, 5, 2024/04/24, 21:10:48.506, 4653630458328, testhost.dll, TestRequestHandler.SendData:  sending data from testhost: {"Version":5,"MessageType":"TestSession.Message","Payload":{"MessageLevel":0,"Message":"   NUnit3TestExecutor discovered 30 of 30 NUnit test cases using Current Discovery mode, Non-Explicit run"}}
TpTrace Verbose: 0 : 21684, 15, 2024/04/24, 21:10:48.538, 4653630774185, testhost.dll, TestExecutionRecorder.RecordStart: Starting test: ShoppingDALTest.CartRepositoryTest.AddExceptionTest.
TpTrace Verbose: 0 : 21684, 15, 2024/04/24, 21:10:48.654, 4653631935999, testhost.dll, TestExecutionRecorder.RecordEnd: test: ShoppingDALTest.CartRepositoryTest.AddExceptionTest execution completed.
TpTrace Verbose: 0 : 21684, 15, 2024/04/24, 21:10:48.673, 4653632122344, testhost.dll, TestExecutionRecorder.RecordResult: Received result for test: ShoppingDALTest.CartRepositoryTest.AddExceptionTest.
TpTrace Warning: 0 : 21684, 15, 2024/04/24, 21:10:48.684, 4653632228869, testhost.dll, TestRunCache: InProgressTests is null
TpTrace Warning: 0 : 21684, 15, 2024/04/24, 21:10:48.684, 4653632231438, testhost.dll, TestRunCache: No test found corresponding to testResult 'AddExceptionTest' in inProgress list.
TpTrace Verbose: 0 : 21684, 15, 2024/04/24, 21:10:48.684, 4653632233928, testhost.dll, TestExecutionRecorder.RecordStart: Starting test: ShoppingDALTest.CartRepositoryTest.AddFailTest.
TpTrace Verbose: 0 : 21684, 15, 2024/04/24, 21:10:48.688, 4653632274595, testhost.dll, TestExecutionRecorder.RecordEnd: test: ShoppingDALTest.CartRepositoryTest.AddFailTest execution completed.
TpTrace Verbose: 0 : 21684, 15, 2024/04/24, 21:10:48.690, 4653632295284, testhost.dll, TestExecutionRecorder.RecordResult: Received result for test: ShoppingDALTest.CartRepositoryTest.AddFailTest.
TpTrace Warning: 0 : 21684, 15, 2024/04/24, 21:10:48.690, 4653632297997, testhost.dll, TestRunCache: InProgressTests is null
TpTrace Warning: 0 : 21684, 15, 2024/04/24, 21:10:48.691, 4653632298618, testhost.dll, TestRunCache: No test found corresponding to testResult 'AddFailTest' in inProgress list.
TpTrace Verbose: 0 : 21684, 15, 2024/04/24, 21:10:48.691, 4653632300114, testhost.dll, TestExecutionRecorder.RecordStart: Starting test: ShoppingDALTest.CartRepositoryTest.AddSuccessTest.
TpTrace Verbose: 0 : 21684, 15, 2024/04/24, 21:10:48.692, 4653632317699, testhost.dll, TestExecutionRecorder.RecordEnd: test: ShoppingDALTest.CartRepositoryTest.AddSuccessTest execution completed.
TpTrace Verbose: 0 : 21684, 15, 2024/04/24, 21:10:48.694, 4653632331667, testhost.dll, TestExecutionRecorder.RecordResult: Received result for test: ShoppingDALTest.CartRepositoryTest.AddSuccessTest.
TpTrace Warning: 0 : 21684, 15, 2024/04/24, 21:10:48.694, 4653632332863, testhost.dll, TestRunCache: InProgressTests is null
TpTrace Warning: 0 : 21684, 15, 2024/04/24, 21:10:48.694, 4653632333310, testhost.dll, TestRunCache: No test found corresponding to testResult 'AddSuccessTest' in inProgress list.
TpTrace Verbose: 0 : 21684, 15, 2024/04/24, 21:10:48.694, 4653632334695, testhost.dll, TestExecutionRecorder.RecordStart: Starting test: ShoppingDALTest.CartRepositoryTest.DeleteFailTest.
TpTrace Verbose: 0 : 21684, 15, 2024/04/24, 21:10:48.697, 4653632362239, testhost.dll, TestExecutionRecorder.RecordEnd: test: ShoppingDALTest.CartRepositoryTest.DeleteFailTest execution completed.
TpTrace Verbose: 0 : 21684, 15, 2024/04/24, 21:10:48.699, 4653632379118, testhost.dll, TestExecutionRecorder.RecordResult: Received result for test: ShoppingDALTest.CartRepositoryTest.DeleteFailTest.
TpTrace Warning: 0 : 21684, 15, 2024/04/24, 21:10:48.699, 4653632381042, testhost.dll, TestRunCache: InProgressTests is null
TpTrace Warning: 0 : 21684, 15, 2024/04/24, 21:10:48.699, 4653632381687, testhost.dll, TestRunCache: No test found corresponding to testResult 'DeleteFailTest' in inProgress list.
TpTrace Verbose: 0 : 21684, 15, 2024/04/24, 21:10:48.699, 4653632383001, testhost.dll, TestExecutionRecorder.RecordStart: Starting test: ShoppingDALTest.CartRepositoryTest.GetExceptionTest.
TpTrace Verbose: 0 : 21684, 15, 2024/04/24, 21:10:48.701, 4653632403305, testhost.dll, TestExecutionRecorder.RecordEnd: test: ShoppingDALTest.CartRepositoryTest.GetExceptionTest execution completed.
TpTrace Verbose: 0 : 21684, 15, 2024/04/24, 21:10:48.703, 4653632424261, testhost.dll, TestExecutionRecorder.RecordResult: Received result for test: ShoppingDALTest.CartRepositoryTest.GetExceptionTest.
TpTrace Warning: 0 : 21684, 15, 2024/04/24, 21:10:48.703, 4653632425660, testhost.dll, TestRunCache: InProgressTests is null
TpTrace Warning: 0 : 21684, 15, 2024/04/24, 21:10:48.703, 4653632426164, testhost.dll, TestRunCache: No test found corresponding to testResult 'GetExceptionTest' in inProgress list.
TpTrace Verbose: 0 : 21684, 15, 2024/04/24, 21:10:48.703, 4653632427841, testhost.dll, TestExecutionRecorder.RecordStart: Starting test: ShoppingDALTest.CartRepositoryTest.GetFailTest.
TpTrace Verbose: 0 : 21684, 15, 2024/04/24, 21:10:48.706, 4653632449666, testhost.dll, TestExecutionRecorder.RecordEnd: test: ShoppingDALTest.CartRepositoryTest.GetFailTest execution completed.
TpTrace Verbose: 0 : 21684, 15, 2024/04/24, 21:10:48.707, 4653632465740, testhost.dll, TestExecutionRecorder.RecordResult: Received result for test: ShoppingDALTest.CartRepositoryTest.GetFailTest.
TpTrace Warning: 0 : 21684, 15, 2024/04/24, 21:10:48.707, 4653632466927, testhost.dll, TestRunCache: InProgressTests is null
TpTrace Warning: 0 : 21684, 15, 2024/04/24, 21:10:48.707, 4653632467396, testhost.dll, TestRunCache: No test found corresponding to testResult 'GetFailTest' in inProgress list.
TpTrace Verbose: 0 : 21684, 15, 2024/04/24, 21:10:48.708, 4653632468944, testhost.dll, TestExecutionRecorder.RecordStart: Starting test: ShoppingDALTest.CartRepositoryTest.GetSuccessTest.
TpTrace Verbose: 0 : 21684, 15, 2024/04/24, 21:10:48.717, 4653632564162, testhost.dll, TestExecutionRecorder.RecordEnd: test: ShoppingDALTest.CartRepositoryTest.GetSuccessTest execution completed.
TpTrace Verbose: 0 : 21684, 15, 2024/04/24, 21:10:48.719, 4653632582471, testhost.dll, TestExecutionRecorder.RecordResult: Received result for test: ShoppingDALTest.CartRepositoryTest.GetSuccessTest.
TpTrace Warning: 0 : 21684, 15, 2024/04/24, 21:10:48.719, 4653632583732, testhost.dll, TestRunCache: InProgressTests is null
TpTrace Warning: 0 : 21684, 15, 2024/04/24, 21:10:48.719, 4653632584215, testhost.dll, TestRunCache: No test found corresponding to testResult 'GetSuccessTest' in inProgress list.
TpTrace Verbose: 0 : 21684, 15, 2024/04/24, 21:10:48.719, 4653632585984, testhost.dll, TestExecutionRecorder.RecordStart: Starting test: ShoppingDALTest.CartRepositoryTest.UpdateFailTest.
TpTrace Verbose: 0 : 21684, 15, 2024/04/24, 21:10:48.721, 4653632605469, testhost.dll, TestExecutionRecorder.RecordEnd: test: ShoppingDALTest.CartRepositoryTest.UpdateFailTest execution completed.
TpTrace Verbose: 0 : 21684, 15, 2024/04/24, 21:10:48.723, 4653632620940, testhost.dll, TestExecutionRecorder.RecordResult: Received result for test: ShoppingDALTest.CartRepositoryTest.UpdateFailTest.
TpTrace Warning: 0 : 21684, 15, 2024/04/24, 21:10:48.723, 4653632622200, testhost.dll, TestRunCache: InProgressTests is null
TpTrace Warning: 0 : 21684, 15, 2024/04/24, 21:10:48.723, 4653632622629, testhost.dll, TestRunCache: No test found corresponding to testResult 'UpdateFailTest' in inProgress list.
TpTrace Verbose: 0 : 21684, 15, 2024/04/24, 21:10:48.725, 4653632641536, testhost.dll, TestExecutionRecorder.RecordStart: Starting test: ShoppingDALTest.CustomerRespositoryTest.AddExceptionTest.
TpTrace Verbose: 0 : 21684, 15, 2024/04/24, 21:10:48.727, 4653632664962, testhost.dll, TestExecutionRecorder.RecordEnd: test: ShoppingDALTest.CustomerRespositoryTest.AddExceptionTest execution completed.
TpTrace Verbose: 0 : 21684, 15, 2024/04/24, 21:10:48.729, 4653632685893, testhost.dll, TestExecutionRecorder.RecordResult: Received result for test: ShoppingDALTest.CustomerRespositoryTest.AddExceptionTest.
TpTrace Warning: 0 : 21684, 15, 2024/04/24, 21:10:48.729, 4653632687640, testhost.dll, TestRunCache: InProgressTests is null
TpTrace Warning: 0 : 21684, 15, 2024/04/24, 21:10:48.729, 4653632688104, testhost.dll, TestRunCache: No test found corresponding to testResult 'AddExceptionTest' in inProgress list.
TpTrace Verbose: 0 : 21684, 15, 2024/04/24, 21:10:48.730, 4653632689968, testhost.dll, TestExecutionRecorder.RecordStart: Starting test: ShoppingDALTest.CustomerRespositoryTest.AddFailTest.
TpTrace Information: 0 : 21684, 15, 2024/04/24, 21:10:48.734, 4653632737429, testhost.dll, Sending test run statistics
TpTrace Verbose: 0 : 21684, 15, 2024/04/24, 21:10:48.788, 4653633275394, testhost.dll, TestRequestHandler.SendData:  sending data from testhost: {"Version":5,"MessageType":"TestExecution.StatsChange","Payload":{"NewTestResults":[{"TestCase":{"Id":"955cbf41-9a8f-8218-cb63-1558716f8bb0","FullyQualifiedName":"ShoppingDALTest.CartRepositoryTest.AddExceptionTest","DisplayName":"AddExceptionTest","ExecutorUri":"executor://NUnit3TestExecutor","Source":"C:\\Users\\VC\\Desktop\\DAY 11 - 24.04.2024\\ShoppingSolution\\ShoppingDALTest\\bin\\Debug\\net6.0\\fine-code-coverage\\build-output\\ShoppingDALTest.dll","CodeFilePath":null,"LineNumber":0,"Properties":[{"Key":{"Id":"NUnit.Seed","Label":"Seed","Category":"","Description":"","Attributes":0,"ValueType":"System.String"},"Value":"1190052332"}]},"Attachments":[],"Outcome":2,"ErrorMessage":"  Expected: <ShoppingModelLibrary.CartException.NoCartWithGivenIdException>\r\n  But was:  null\r\n","ErrorStackTrace":"   at ShoppingDALTest.CartRepositoryTest.AddExceptionTest() in C:\\Users\\VC\\Desktop\\DAY 11 - 24.04.2024\\ShoppingSolution\\ShoppingDALTest\\CartRepositoryTest.cs:line 49\r\n","DisplayName":"AddExceptionTest","Messages":[],"ComputerName":"BYQBBX3","Duration":"00:00:00.0834160","StartTime":"2024-04-24T15:40:48.5362902+00:00","EndTime":"2024-04-24T15:40:48.6195015+00:00","Properties":[{"Key":{"Id":"NUnit.Seed","Label":"Seed","Category":"","Description":"","Attributes":0,"ValueType":"System.String"},"Value":"1190052332"}]},{"TestCase":{"Id":"40f59ee3-7581-79f8-0376-70a58c95c339","FullyQualifiedName":"ShoppingDALTest.CartRepositoryTest.AddFailTest","DisplayName":"AddFailTest","ExecutorUri":"executor://NUnit3TestExecutor","Source":"C:\\Users\\VC\\Desktop\\DAY 11 - 24.04.2024\\ShoppingSolution\\ShoppingDALTest\\bin\\Debug\\net6.0\\fine-code-coverage\\build-output\\ShoppingDALTest.dll","CodeFilePath":null,"LineNumber":0,"Properties":[{"Key":{"Id":"NUnit.Seed","Label":"Seed","Category":"","Description":"","Attributes":0,"ValueType":"System.String"},"Value":"288868821"}]},"Attachments":[],"Outcome":2,"ErrorMessage":"  Expected: null\r\n  But was:  <ShoppingModelLibrary.Cart>\r\n","ErrorStackTrace":"   at ShoppingDALTest.CartRepositoryTest.AddFailTest() in C:\\Users\\VC\\Desktop\\DAY 11 - 24.04.2024\\ShoppingSolution\\ShoppingDALTest\\CartRepositoryTest.cs:line 39\r\n","DisplayName":"AddFailTest","Messages":[],"ComputerName":"BYQBBX3","Duration":"00:00:00.0022180","StartTime":"2024-04-24T15:40:48.6548869+00:00","EndTime":"2024-04-24T15:40:48.6571055+00:00","Properties":[{"Key":{"Id":"NUnit.Seed","Label":"Seed","Category":"","Description":"","Attributes":0,"ValueType":"System.String"},"Value":"288868821"}]},{"TestCase":{"Id":"17f63a06-b8f1-0792-8786-10826525a6c1","FullyQualifiedName":"ShoppingDALTest.CartRepositoryTest.AddSuccessTest","DisplayName":"AddSuccessTest","ExecutorUri":"executor://NUnit3TestExecutor","Source":"C:\\Users\\VC\\Desktop\\DAY 11 - 24.04.2024\\ShoppingSolution\\ShoppingDALTest\\bin\\Debug\\net6.0\\fine-code-coverage\\build-output\\ShoppingDALTest.dll","CodeFilePath":null,"LineNumber":0,"Properties":[{"Key":{"Id":"NUnit.Seed","Label":"Seed","Category":"","Description":"","Attributes":0,"ValueType":"System.String"},"Value":"1177680196"}]},"Attachments":[],"Outcome":1,"ErrorMessage":null,"ErrorStackTrace":null,"DisplayName":"AddSuccessTest","Messages":[],"ComputerName":"BYQBBX3","Duration":"00:00:00.0136580","StartTime":"2024-04-24T15:40:48.6571929+00:00","EndTime":"2024-04-24T15:40:48.6708503+00:00","Properties":[{"Key":{"Id":"NUnit.Seed","Label":"Seed","Category":"","Description":"","Attributes":0,"ValueType":"System.String"},"Value":"1177680196"}]},{"TestCase":{"Id":"c79dc918-cd9c-bc91-c1f1-bc2c6f2563df","FullyQualifiedName":"ShoppingDALTest.CartRepositoryTest.DeleteFailTest","DisplayName":"DeleteFailTest","ExecutorUri":"executor://NUnit3TestExecutor","Source":"C:\\Users\\VC\\Desktop\\DAY 11 - 24.04.2024\\ShoppingSolution\\ShoppingDALTest\\bin\\Debug\\net6.0\\fine-code-coverage\\build-output\\ShoppingDALTest.dll","CodeFilePath":null,"LineNumber":0,"Properties":[{"Key":{"Id":"NUnit.Seed","Label":"Seed","Category":"","Description":"","Attributes":0,"ValueType":"System.String"},"Value":"368943236"}]},"Attachments":[],"Outcome":2,"ErrorMessage":"ShoppingModelLibrary.CartException.NoCartWithGivenIdException : Cart with the given Id is not present","ErrorStackTrace":"   at ShoppingDALLibrary.CartRepository.GetByKey(Int32 key) in C:\\Users\\VC\\Desktop\\DAY 11 - 24.04.2024\\ShoppingSolution\\ShoppingDALLibrary\\CartRepository.cs:line 33\r\n   at ShoppingDALLibrary.CartRepository.Delete(Int32 key) in C:\\Users\\VC\\Desktop\\DAY 11 - 24.04.2024\\ShoppingSolution\\ShoppingDALLibrary\\CartRepository.cs:line 17\r\n   at ShoppingDALTest.CartRepositoryTest.DeleteFailTest() in C:\\Users\\VC\\Desktop\\DAY 11 - 24.04.2024\\ShoppingSolution\\ShoppingDALTest\\CartRepositoryTest.cs:line 69","DisplayName":"DeleteFailTest","Messages":[],"ComputerName":"BYQBBX3","Duration":"00:00:00.0130450","StartTime":"2024-04-24T15:40:48.6710018+00:00","EndTime":"2024-04-24T15:40:48.6840466+00:00","Properties":[{"Key":{"Id":"NUnit.Seed","Label":"Seed","Category":"","Description":"","Attributes":0,"ValueType":"System.String"},"Value":"368943236"}]},{"TestCase":{"Id":"c2eb34ef-947c-fa80-6b31-220742d14468","FullyQualifiedName":"ShoppingDALTest.CartRepositoryTest.GetExceptionTest","DisplayName":"GetExceptionTest","ExecutorUri":"executor://NUnit3TestExecutor","Source":"C:\\Users\\VC\\Desktop\\DAY 11 - 24.04.2024\\ShoppingSolution\\ShoppingDALTest\\bin\\Debug\\net6.0\\fine-code-coverage\\build-output\\ShoppingDALTest.dll","CodeFilePath":null,"LineNumber":0,"Properties":[{"Key":{"Id":"NUnit.Seed","Label":"Seed","Category":"","Description":"","Attributes":0,"ValueType":"System.String"},"Value":"1953340407"}]},"Attachments":[],"Outcome":1,"ErrorMessage":null,"ErrorStackTrace":null,"DisplayName":"GetExceptionTest","Messages":[],"ComputerName":"BYQBBX3","Duration":"00:00:00.0009700","StartTime":"2024-04-24T15:40:48.6902313+00:00","EndTime":"2024-04-24T15:40:48.6912023+00:00","Properties":[{"Key":{"Id":"NUnit.Seed","Label":"Seed","Category":"","Description":"","Attributes":0,"ValueType":"System.String"},"Value":"1953340407"}]},{"TestCase":{"Id":"c233912a-b629-bfff-109e-366d661e71ea","FullyQualifiedName":"ShoppingDALTest.CartRepositoryTest.GetFailTest","DisplayName":"GetFailTest","ExecutorUri":"executor://NUnit3TestExecutor","Source":"C:\\Users\\VC\\Desktop\\DAY 11 - 24.04.2024\\ShoppingSolution\\ShoppingDALTest\\bin\\Debug\\net6.0\\fine-code-coverage\\build-output\\ShoppingDALTest.dll","CodeFilePath":null,"LineNumber":0,"Properties":[{"Key":{"Id":"NUnit.Seed","Label":"Seed","Category":"","Description":"","Attributes":0,"ValueType":"System.String"},"Value":"1181111511"}]},"Attachments":[],"Outcome":2,"ErrorMessage":"ShoppingModelLibrary.CartException.NoCartWithGivenIdException : Cart with the given Id is not present","ErrorStackTrace":"   at ShoppingDALLibrary.CartRepository.GetByKey(Int32 key) in C:\\Users\\VC\\Desktop\\DAY 11 - 24.04.2024\\ShoppingSolution\\ShoppingDALLibrary\\CartRepository.cs:line 33\r\n   at ShoppingDALTest.CartRepositoryTest.GetFailTest() in C:\\Users\\VC\\Desktop\\DAY 11 - 24.04.2024\\ShoppingSolution\\ShoppingDALTest\\CartRepositoryTest.cs:line 98","DisplayName":"GetFailTest","Messages":[],"ComputerName":"BYQBBX3","Duration":"00:00:00.0014000","StartTime":"2024-04-24T15:40:48.7000532+00:00","EndTime":"2024-04-24T15:40:48.701453+00:00","Properties":[{"Key":{"Id":"NUnit.Seed","Label":"Seed","Category":"","Description":"","Attributes":0,"ValueType":"System.String"},"Value":"1181111511"}]},{"TestCase":{"Id":"cb365023-7f1b-b2e4-ce76-04cc934b017c","FullyQualifiedName":"ShoppingDALTest.CartRepositoryTest.GetSuccessTest","DisplayName":"GetSuccessTest","ExecutorUri":"executor://NUnit3TestExecutor","Source":"C:\\Users\\VC\\Desktop\\DAY 11 - 24.04.2024\\ShoppingSolution\\ShoppingDALTest\\bin\\Debug\\net6.0\\fine-code-coverage\\build-output\\ShoppingDALTest.dll","CodeFilePath":null,"LineNumber":0,"Properties":[{"Key":{"Id":"NUnit.Seed","Label":"Seed","Category":"","Description":"","Attributes":0,"ValueType":"System.String"},"Value":"13955684"}]},"Attachments":[],"Outcome":2,"ErrorMessage":"ShoppingModelLibrary.CartException.NoCartWithGivenIdException : Cart with the given Id is not present","ErrorStackTrace":"   at ShoppingDALLibrary.CartRepository.GetByKey(Int32 key) in C:\\Users\\VC\\Desktop\\DAY 11 - 24.04.2024\\ShoppingSolution\\ShoppingDALLibrary\\CartRepository.cs:line 33\r\n   at ShoppingDALTest.CartRepositoryTest.GetSuccessTest() in C:\\Users\\VC\\Desktop\\DAY 11 - 24.04.2024\\ShoppingSolution\\ShoppingDALTest\\CartRepositoryTest.cs:line 88","DisplayName":"GetSuccessTest","Messages":[],"ComputerName":"BYQBBX3","Duration":"00:00:00.0010780","StartTime":"2024-04-24T15:40:48.701849+00:00","EndTime":"2024-04-24T15:40:48.7029272+00:00","Properties":[{"Key":{"Id":"NUnit.Seed","Label":"Seed","Category":"","Description":"","Attributes":0,"ValueType":"System.String"},"Value":"13955684"}]},{"TestCase":{"Id":"db3ec75d-db51-326d-299b-fc8e2716a8a3","FullyQualifiedName":"ShoppingDALTest.CartRepositoryTest.UpdateFailTest","DisplayName":"UpdateFailTest","ExecutorUri":"executor://NUnit3TestExecutor","Source":"C:\\Users\\VC\\Desktop\\DAY 11 - 24.04.2024\\ShoppingSolution\\ShoppingDALTest\\bin\\Debug\\net6.0\\fine-code-coverage\\build-output\\ShoppingDALTest.dll","CodeFilePath":null,"LineNumber":0,"Properties":[{"Key":{"Id":"NUnit.Seed","Label":"Seed","Category":"","Description":"","Attributes":0,"ValueType":"System.String"},"Value":"971375173"}]},"Attachments":[],"Outcome":2,"ErrorMessage":"ShoppingModelLibrary.CartException.NoCartWithGivenIdException : Cart with the given Id is not present","ErrorStackTrace":"   at ShoppingDALLibrary.CartRepository.Update(Cart item) in C:\\Users\\VC\\Desktop\\DAY 11 - 24.04.2024\\ShoppingSolution\\ShoppingDALLibrary\\CartRepository.cs:line 44\r\n   at ShoppingDALTest.CartRepositoryTest.UpdateFailTest() in C:\\Users\\VC\\Desktop\\DAY 11 - 24.04.2024\\ShoppingSolution\\ShoppingDALTest\\CartRepositoryTest.cs:line 127","DisplayName":"UpdateFailTest","Messages":[],"ComputerName":"BYQBBX3","Duration":"00:00:00.0014120","StartTime":"2024-04-24T15:40:48.7029765+00:00","EndTime":"2024-04-24T15:40:48.704388+00:00","Properties":[{"Key":{"Id":"NUnit.Seed","Label":"Seed","Category":"","Description":"","Attributes":0,"ValueType":"System.String"},"Value":"971375173"}]},{"TestCase":{"Id":"813951c8-d6c2-e45a-96e5-049a362d9d44","FullyQualifiedName":"ShoppingDALTest.CustomerRespositoryTest.AddExceptionTest","DisplayName":"AddExceptionTest","ExecutorUri":"executor://NUnit3TestExecutor","Source":"C:\\Users\\VC\\Desktop\\DAY 11 - 24.04.2024\\ShoppingSolution\\ShoppingDALTest\\bin\\Debug\\net6.0\\fine-code-coverage\\build-output\\ShoppingDALTest.dll","CodeFilePath":null,"LineNumber":0,"Properties":[{"Key":{"Id":"NUnit.Seed","Label":"Seed","Category":"","Description":"","Attributes":0,"ValueType":"System.String"},"Value":"585226271"}]},"Attachments":[],"Outcome":2,"ErrorMessage":"  Expected: <ShoppingModelLibrary.CustomerExceptions.NoCustomerWithGiveIdException>\r\n  But was:  null\r\n","ErrorStackTrace":"   at ShoppingDALTest.CustomerRespositoryTest.AddExceptionTest() in C:\\Users\\VC\\Desktop\\DAY 11 - 24.04.2024\\ShoppingSolution\\ShoppingDALTest\\CustomerRespositoryTest.cs:line 50\r\n","DisplayName":"AddExceptionTest","Messages":[],"ComputerName":"BYQBBX3","Duration":"00:00:00.0025640","StartTime":"2024-04-24T15:40:48.7163031+00:00","EndTime":"2024-04-24T15:40:48.7188677+00:00","Properties":[{"Key":{"Id":"NUnit.Seed","Label":"Seed","Category":"","Description":"","Attributes":0,"ValueType":"System.String"},"Value":"585226271"}]}],"TestRunStatistics":{"ExecutedTests":9,"Stats":{"Failed":7,"Passed":2}},"ActiveTests":[{"Id":"88d27687-c6f4-a22e-9117-d63ab05b1f3d","FullyQualifiedName":"ShoppingDALTest.CustomerRespositoryTest.AddFailTest","DisplayName":"AddFailTest","ExecutorUri":"executor://NUnit3TestExecutor","Source":"C:\\Users\\VC\\Desktop\\DAY 11 - 24.04.2024\\ShoppingSolution\\ShoppingDALTest\\bin\\Debug\\net6.0\\fine-code-coverage\\build-output\\ShoppingDALTest.dll","CodeFilePath":null,"LineNumber":0,"Properties":[{"Key":{"Id":"NUnit.Seed","Label":"Seed","Category":"","Description":"","Attributes":0,"ValueType":"System.String"},"Value":"378554679"}]}]}}
TpTrace Verbose: 0 : 21684, 15, 2024/04/24, 21:10:48.789, 4653633279684, testhost.dll, TestRunCache: OnNewTestResult: Notified the onCacheHit callback.
TpTrace Verbose: 0 : 21684, 15, 2024/04/24, 21:10:48.791, 4653633304646, testhost.dll, TestExecutionRecorder.RecordEnd: test: ShoppingDALTest.CustomerRespositoryTest.AddFailTest execution completed.
TpTrace Warning: 0 : 21684, 15, 2024/04/24, 21:10:48.791, 4653633305765, testhost.dll, TestRunCache: InProgressTests is null
TpTrace Verbose: 0 : 21684, 15, 2024/04/24, 21:10:48.793, 4653633324545, testhost.dll, TestExecutionRecorder.RecordResult: Received result for test: ShoppingDALTest.CustomerRespositoryTest.AddFailTest.
TpTrace Warning: 0 : 21684, 15, 2024/04/24, 21:10:48.793, 4653633326018, testhost.dll, TestRunCache: InProgressTests is null
TpTrace Warning: 0 : 21684, 15, 2024/04/24, 21:10:48.793, 4653633326522, testhost.dll, TestRunCache: No test found corresponding to testResult 'AddFailTest' in inProgress list.
TpTrace Verbose: 0 : 21684, 15, 2024/04/24, 21:10:48.793, 4653633328315, testhost.dll, TestExecutionRecorder.RecordStart: Starting test: ShoppingDALTest.CustomerRespositoryTest.AddSuccessTest.
TpTrace Verbose: 0 : 21684, 15, 2024/04/24, 21:10:48.796, 4653633349289, testhost.dll, TestExecutionRecorder.RecordEnd: test: ShoppingDALTest.CustomerRespositoryTest.AddSuccessTest execution completed.
TpTrace Verbose: 0 : 21684, 15, 2024/04/24, 21:10:48.798, 4653633370886, testhost.dll, TestExecutionRecorder.RecordResult: Received result for test: ShoppingDALTest.CustomerRespositoryTest.AddSuccessTest.
TpTrace Warning: 0 : 21684, 15, 2024/04/24, 21:10:48.798, 4653633374096, testhost.dll, TestRunCache: InProgressTests is null
TpTrace Warning: 0 : 21684, 15, 2024/04/24, 21:10:48.798, 4653633374687, testhost.dll, TestRunCache: No test found corresponding to testResult 'AddSuccessTest' in inProgress list.
TpTrace Verbose: 0 : 21684, 15, 2024/04/24, 21:10:48.798, 4653633376393, testhost.dll, TestExecutionRecorder.RecordStart: Starting test: ShoppingDALTest.CustomerRespositoryTest.DeleteExceptionTest.
TpTrace Verbose: 0 : 21684, 15, 2024/04/24, 21:10:48.800, 4653633395617, testhost.dll, TestExecutionRecorder.RecordEnd: test: ShoppingDALTest.CustomerRespositoryTest.DeleteExceptionTest execution completed.
TpTrace Verbose: 0 : 21684, 15, 2024/04/24, 21:10:48.802, 4653633412582, testhost.dll, TestExecutionRecorder.RecordResult: Received result for test: ShoppingDALTest.CustomerRespositoryTest.DeleteExceptionTest.
TpTrace Warning: 0 : 21684, 15, 2024/04/24, 21:10:48.802, 4653633413774, testhost.dll, TestRunCache: InProgressTests is null
TpTrace Warning: 0 : 21684, 15, 2024/04/24, 21:10:48.802, 4653633414157, testhost.dll, TestRunCache: No test found corresponding to testResult 'DeleteExceptionTest' in inProgress list.
TpTrace Verbose: 0 : 21684, 15, 2024/04/24, 21:10:48.802, 4653633415380, testhost.dll, TestExecutionRecorder.RecordStart: Starting test: ShoppingDALTest.CustomerRespositoryTest.DeleteFailTest.
TpTrace Verbose: 0 : 21684, 15, 2024/04/24, 21:10:48.804, 4653633437091, testhost.dll, TestExecutionRecorder.RecordEnd: test: ShoppingDALTest.CustomerRespositoryTest.DeleteFailTest execution completed.
TpTrace Verbose: 0 : 21684, 15, 2024/04/24, 21:10:48.806, 4653633451644, testhost.dll, TestExecutionRecorder.RecordResult: Received result for test: ShoppingDALTest.CustomerRespositoryTest.DeleteFailTest.
TpTrace Warning: 0 : 21684, 15, 2024/04/24, 21:10:48.806, 4653633453084, testhost.dll, TestRunCache: InProgressTests is null
TpTrace Warning: 0 : 21684, 15, 2024/04/24, 21:10:48.806, 4653633453665, testhost.dll, TestRunCache: No test found corresponding to testResult 'DeleteFailTest' in inProgress list.
TpTrace Verbose: 0 : 21684, 15, 2024/04/24, 21:10:48.806, 4653633455291, testhost.dll, TestExecutionRecorder.RecordStart: Starting test: ShoppingDALTest.CustomerRespositoryTest.DeleteSuccessTest.
TpTrace Verbose: 0 : 21684, 15, 2024/04/24, 21:10:48.808, 4653633469210, testhost.dll, TestExecutionRecorder.RecordEnd: test: ShoppingDALTest.CustomerRespositoryTest.DeleteSuccessTest execution completed.
TpTrace Verbose: 0 : 21684, 15, 2024/04/24, 21:10:48.809, 4653633486442, testhost.dll, TestExecutionRecorder.RecordResult: Received result for test: ShoppingDALTest.CustomerRespositoryTest.DeleteSuccessTest.
TpTrace Warning: 0 : 21684, 15, 2024/04/24, 21:10:48.809, 4653633488060, testhost.dll, TestRunCache: InProgressTests is null
TpTrace Warning: 0 : 21684, 15, 2024/04/24, 21:10:48.810, 4653633488616, testhost.dll, TestRunCache: No test found corresponding to testResult 'DeleteSuccessTest' in inProgress list.
TpTrace Verbose: 0 : 21684, 15, 2024/04/24, 21:10:48.810, 4653633490177, testhost.dll, TestExecutionRecorder.RecordStart: Starting test: ShoppingDALTest.CustomerRespositoryTest.GetFailTest.
TpTrace Verbose: 0 : 21684, 15, 2024/04/24, 21:10:48.812, 4653633510566, testhost.dll, TestExecutionRecorder.RecordEnd: test: ShoppingDALTest.CustomerRespositoryTest.GetFailTest execution completed.
TpTrace Verbose: 0 : 21684, 15, 2024/04/24, 21:10:48.813, 4653633525059, testhost.dll, TestExecutionRecorder.RecordResult: Received result for test: ShoppingDALTest.CustomerRespositoryTest.GetFailTest.
TpTrace Warning: 0 : 21684, 15, 2024/04/24, 21:10:48.813, 4653633526450, testhost.dll, TestRunCache: InProgressTests is null
TpTrace Warning: 0 : 21684, 15, 2024/04/24, 21:10:48.813, 4653633526839, testhost.dll, TestRunCache: No test found corresponding to testResult 'GetFailTest' in inProgress list.
TpTrace Verbose: 0 : 21684, 15, 2024/04/24, 21:10:48.813, 4653633528064, testhost.dll, TestExecutionRecorder.RecordStart: Starting test: ShoppingDALTest.CustomerRespositoryTest.UpdateExceptionTest.
TpTrace Verbose: 0 : 21684, 15, 2024/04/24, 21:10:48.815, 4653633540310, testhost.dll, TestExecutionRecorder.RecordEnd: test: ShoppingDALTest.CustomerRespositoryTest.UpdateExceptionTest execution completed.
TpTrace Verbose: 0 : 21684, 15, 2024/04/24, 21:10:48.816, 4653633551832, testhost.dll, TestExecutionRecorder.RecordResult: Received result for test: ShoppingDALTest.CustomerRespositoryTest.UpdateExceptionTest.
TpTrace Warning: 0 : 21684, 15, 2024/04/24, 21:10:48.816, 4653633552900, testhost.dll, TestRunCache: InProgressTests is null
TpTrace Warning: 0 : 21684, 15, 2024/04/24, 21:10:48.816, 4653633553311, testhost.dll, TestRunCache: No test found corresponding to testResult 'UpdateExceptionTest' in inProgress list.
TpTrace Verbose: 0 : 21684, 15, 2024/04/24, 21:10:48.816, 4653633554378, testhost.dll, TestExecutionRecorder.RecordStart: Starting test: ShoppingDALTest.CustomerRespositoryTest.UpdateFailTest.
TpTrace Verbose: 0 : 21684, 15, 2024/04/24, 21:10:48.818, 4653633569496, testhost.dll, TestExecutionRecorder.RecordEnd: test: ShoppingDALTest.CustomerRespositoryTest.UpdateFailTest execution completed.
TpTrace Verbose: 0 : 21684, 15, 2024/04/24, 21:10:48.819, 4653633579718, testhost.dll, TestExecutionRecorder.RecordResult: Received result for test: ShoppingDALTest.CustomerRespositoryTest.UpdateFailTest.
TpTrace Warning: 0 : 21684, 15, 2024/04/24, 21:10:48.819, 4653633580612, testhost.dll, TestRunCache: InProgressTests is null
TpTrace Warning: 0 : 21684, 15, 2024/04/24, 21:10:48.819, 4653633580931, testhost.dll, TestRunCache: No test found corresponding to testResult 'UpdateFailTest' in inProgress list.
TpTrace Verbose: 0 : 21684, 15, 2024/04/24, 21:10:48.819, 4653633581803, testhost.dll, TestExecutionRecorder.RecordStart: Starting test: ShoppingDALTest.CustomerRespositoryTest.UpdateSuccessTest.
TpTrace Verbose: 0 : 21684, 15, 2024/04/24, 21:10:48.820, 4653633593974, testhost.dll, TestExecutionRecorder.RecordEnd: test: ShoppingDALTest.CustomerRespositoryTest.UpdateSuccessTest execution completed.
TpTrace Verbose: 0 : 21684, 15, 2024/04/24, 21:10:48.821, 4653633602526, testhost.dll, TestExecutionRecorder.RecordResult: Received result for test: ShoppingDALTest.CustomerRespositoryTest.UpdateSuccessTest.
TpTrace Warning: 0 : 21684, 15, 2024/04/24, 21:10:48.821, 4653633603293, testhost.dll, TestRunCache: InProgressTests is null
TpTrace Warning: 0 : 21684, 15, 2024/04/24, 21:10:48.821, 4653633603592, testhost.dll, TestRunCache: No test found corresponding to testResult 'UpdateSuccessTest' in inProgress list.
TpTrace Verbose: 0 : 21684, 15, 2024/04/24, 21:10:48.821, 4653633606157, testhost.dll, TestExecutionRecorder.RecordStart: Starting test: ShoppingDALTest.ProductRepositoryTest1.AddExceptionTest.
TpTrace Information: 0 : 21684, 15, 2024/04/24, 21:10:48.821, 4653633606804, testhost.dll, Sending test run statistics
TpTrace Verbose: 0 : 21684, 15, 2024/04/24, 21:10:48.822, 4653633612393, testhost.dll, TestRequestHandler.SendData:  sending data from testhost: {"Version":5,"MessageType":"TestExecution.StatsChange","Payload":{"NewTestResults":[{"TestCase":{"Id":"88d27687-c6f4-a22e-9117-d63ab05b1f3d","FullyQualifiedName":"ShoppingDALTest.CustomerRespositoryTest.AddFailTest","DisplayName":"AddFailTest","ExecutorUri":"executor://NUnit3TestExecutor","Source":"C:\\Users\\VC\\Desktop\\DAY 11 - 24.04.2024\\ShoppingSolution\\ShoppingDALTest\\bin\\Debug\\net6.0\\fine-code-coverage\\build-output\\ShoppingDALTest.dll","CodeFilePath":null,"LineNumber":0,"Properties":[{"Key":{"Id":"NUnit.Seed","Label":"Seed","Category":"","Description":"","Attributes":0,"ValueType":"System.String"},"Value":"378554679"}]},"Attachments":[],"Outcome":2,"ErrorMessage":"  Expected: null\r\n  But was:  <ShoppingModelLibrary.Customer>\r\n","ErrorStackTrace":"   at ShoppingDALTest.CustomerRespositoryTest.AddFailTest() in C:\\Users\\VC\\Desktop\\DAY 11 - 24.04.2024\\ShoppingSolution\\ShoppingDALTest\\CustomerRespositoryTest.cs:line 40\r\n","DisplayName":"AddFailTest","Messages":[],"ComputerName":"BYQBBX3","Duration":"00:00:00.0127550","StartTime":"2024-04-24T15:40:48.7257131+00:00","EndTime":"2024-04-24T15:40:48.7384683+00:00","Properties":[{"Key":{"Id":"NUnit.Seed","Label":"Seed","Category":"","Description":"","Attributes":0,"ValueType":"System.String"},"Value":"378554679"}]},{"TestCase":{"Id":"19c79814-479a-8bab-2636-1dbfb5949106","FullyQualifiedName":"ShoppingDALTest.CustomerRespositoryTest.AddSuccessTest","DisplayName":"AddSuccessTest","ExecutorUri":"executor://NUnit3TestExecutor","Source":"C:\\Users\\VC\\Desktop\\DAY 11 - 24.04.2024\\ShoppingSolution\\ShoppingDALTest\\bin\\Debug\\net6.0\\fine-code-coverage\\build-output\\ShoppingDALTest.dll","CodeFilePath":null,"LineNumber":0,"Properties":[{"Key":{"Id":"NUnit.Seed","Label":"Seed","Category":"","Description":"","Attributes":0,"ValueType":"System.String"},"Value":"1618213340"}]},"Attachments":[],"Outcome":1,"ErrorMessage":null,"ErrorStackTrace":null,"DisplayName":"AddSuccessTest","Messages":[],"ComputerName":"BYQBBX3","Duration":"00:00:00.0041590","StartTime":"2024-04-24T15:40:48.7504006+00:00","EndTime":"2024-04-24T15:40:48.7545598+00:00","Properties":[{"Key":{"Id":"NUnit.Seed","Label":"Seed","Category":"","Description":"","Attributes":0,"ValueType":"System.String"},"Value":"1618213340"}]},{"TestCase":{"Id":"7479e5c0-36dc-0cd8-5556-6e1f54718a01","FullyQualifiedName":"ShoppingDALTest.CustomerRespositoryTest.DeleteExceptionTest","DisplayName":"DeleteExceptionTest","ExecutorUri":"executor://NUnit3TestExecutor","Source":"C:\\Users\\VC\\Desktop\\DAY 11 - 24.04.2024\\ShoppingSolution\\ShoppingDALTest\\bin\\Debug\\net6.0\\fine-code-coverage\\build-output\\ShoppingDALTest.dll","CodeFilePath":null,"LineNumber":0,"Properties":[{"Key":{"Id":"NUnit.Seed","Label":"Seed","Category":"","Description":"","Attributes":0,"ValueType":"System.String"},"Value":"1288029139"}]},"Attachments":[],"Outcome":1,"ErrorMessage":null,"ErrorStackTrace":null,"DisplayName":"DeleteExceptionTest","Messages":[],"ComputerName":"BYQBBX3","Duration":"00:00:00.0013610","StartTime":"2024-04-24T15:40:48.7559382+00:00","EndTime":"2024-04-24T15:40:48.7572994+00:00","Properties":[{"Key":{"Id":"NUnit.Seed","Label":"Seed","Category":"","Description":"","Attributes":0,"ValueType":"System.String"},"Value":"1288029139"}]},{"TestCase":{"Id":"23d4d825-4816-0518-efc1-87d1af87f264","FullyQualifiedName":"ShoppingDALTest.CustomerRespositoryTest.DeleteFailTest","DisplayName":"DeleteFailTest","ExecutorUri":"executor://NUnit3TestExecutor","Source":"C:\\Users\\VC\\Desktop\\DAY 11 - 24.04.2024\\ShoppingSolution\\ShoppingDALTest\\bin\\Debug\\net6.0\\fine-code-coverage\\build-output\\ShoppingDALTest.dll","CodeFilePath":null,"LineNumber":0,"Properties":[{"Key":{"Id":"NUnit.Seed","Label":"Seed","Category":"","Description":"","Attributes":0,"ValueType":"System.String"},"Value":"75192995"}]},"Attachments":[],"Outcome":2,"ErrorMessage":"ShoppingModelLibrary.CustomerExceptions.NoCustomerWithGiveIdException : Customer with the given Id is not present","ErrorStackTrace":"   at ShoppingDALLibrary.CustomerRepository.GetByKey(Int32 key) in C:\\Users\\VC\\Desktop\\DAY 11 - 24.04.2024\\ShoppingSolution\\ShoppingDALLibrary\\CustomerRepository.cs:line 26\r\n   at ShoppingDALLibrary.CustomerRepository.Delete(Int32 key) in C:\\Users\\VC\\Desktop\\DAY 11 - 24.04.2024\\ShoppingSolution\\ShoppingDALLibrary\\CustomerRepository.cs:line 10\r\n   at ShoppingDALTest.CustomerRespositoryTest.DeleteFailTest() in C:\\Users\\VC\\Desktop\\DAY 11 - 24.04.2024\\ShoppingSolution\\ShoppingDALTest\\CustomerRespositoryTest.cs:line 72","DisplayName":"DeleteFailTest","Messages":[],"ComputerName":"BYQBBX3","Duration":"00:00:00.0011390","StartTime":"2024-04-24T15:40:48.7573266+00:00","EndTime":"2024-04-24T15:40:48.7584646+00:00","Properties":[{"Key":{"Id":"NUnit.Seed","Label":"Seed","Category":"","Description":"","Attributes":0,"ValueType":"System.String"},"Value":"75192995"}]},{"TestCase":{"Id":"4b102e2b-3e66-454d-ad26-03c74717f8a5","FullyQualifiedName":"ShoppingDALTest.CustomerRespositoryTest.DeleteSuccessTest","DisplayName":"DeleteSuccessTest","ExecutorUri":"executor://NUnit3TestExecutor","Source":"C:\\Users\\VC\\Desktop\\DAY 11 - 24.04.2024\\ShoppingSolution\\ShoppingDALTest\\bin\\Debug\\net6.0\\fine-code-coverage\\build-output\\ShoppingDALTest.dll","CodeFilePath":null,"LineNumber":0,"Properties":[{"Key":{"Id":"NUnit.Seed","Label":"Seed","Category":"","Description":"","Attributes":0,"ValueType":"System.String"},"Value":"1849948251"}]},"Attachments":[],"Outcome":2,"ErrorMessage":"ShoppingModelLibrary.CustomerExceptions.NoCustomerWithGiveIdException : Customer with the given Id is not present","ErrorStackTrace":"   at ShoppingDALLibrary.CustomerRepository.GetByKey(Int32 key) in C:\\Users\\VC\\Desktop\\DAY 11 - 24.04.2024\\ShoppingSolution\\ShoppingDALLibrary\\CustomerRepository.cs:line 26\r\n   at ShoppingDALLibrary.CustomerRepository.Delete(Int32 key) in C:\\Users\\VC\\Desktop\\DAY 11 - 24.04.2024\\ShoppingSolution\\ShoppingDALLibrary\\CustomerRepository.cs:line 10\r\n   at ShoppingDALTest.CustomerRespositoryTest.DeleteSuccessTest() in C:\\Users\\VC\\Desktop\\DAY 11 - 24.04.2024\\ShoppingSolution\\ShoppingDALTest\\CustomerRespositoryTest.cs:line 62","DisplayName":"DeleteSuccessTest","Messages":[],"ComputerName":"BYQBBX3","Duration":"00:00:00.0009340","StartTime":"2024-04-24T15:40:48.7584899+00:00","EndTime":"2024-04-24T15:40:48.7594233+00:00","Properties":[{"Key":{"Id":"NUnit.Seed","Label":"Seed","Category":"","Description":"","Attributes":0,"ValueType":"System.String"},"Value":"1849948251"}]},{"TestCase":{"Id":"c5dd1d60-b7b3-e9d7-7ea3-45744566f0e9","FullyQualifiedName":"ShoppingDALTest.CustomerRespositoryTest.GetFailTest","DisplayName":"GetFailTest","ExecutorUri":"executor://NUnit3TestExecutor","Source":"C:\\Users\\VC\\Desktop\\DAY 11 - 24.04.2024\\ShoppingSolution\\ShoppingDALTest\\bin\\Debug\\net6.0\\fine-code-coverage\\build-output\\ShoppingDALTest.dll","CodeFilePath":null,"LineNumber":0,"Properties":[{"Key":{"Id":"NUnit.Seed","Label":"Seed","Category":"","Description":"","Attributes":0,"ValueType":"System.String"},"Value":"1078186976"}]},"Attachments":[],"Outcome":2,"ErrorMessage":"ShoppingModelLibrary.CustomerExceptions.NoCustomerWithGiveIdException : Customer with the given Id is not present","ErrorStackTrace":"   at ShoppingDALLibrary.CustomerRepository.GetByKey(Int32 key) in C:\\Users\\VC\\Desktop\\DAY 11 - 24.04.2024\\ShoppingSolution\\ShoppingDALLibrary\\CustomerRepository.cs:line 26\r\n   at ShoppingDALTest.CustomerRespositoryTest.GetFailTest() in C:\\Users\\VC\\Desktop\\DAY 11 - 24.04.2024\\ShoppingSolution\\ShoppingDALTest\\CustomerRespositoryTest.cs:line 136","DisplayName":"GetFailTest","Messages":[],"ComputerName":"BYQBBX3","Duration":"00:00:00.0008530","StartTime":"2024-04-24T15:40:48.759449+00:00","EndTime":"2024-04-24T15:40:48.7603013+00:00","Properties":[{"Key":{"Id":"NUnit.Seed","Label":"Seed","Category":"","Description":"","Attributes":0,"ValueType":"System.String"},"Value":"1078186976"}]},{"TestCase":{"Id":"2c4b4ea2-a4d6-b6af-d4ca-556708a40a9e","FullyQualifiedName":"ShoppingDALTest.CustomerRespositoryTest.UpdateExceptionTest","DisplayName":"UpdateExceptionTest","ExecutorUri":"executor://NUnit3TestExecutor","Source":"C:\\Users\\VC\\Desktop\\DAY 11 - 24.04.2024\\ShoppingSolution\\ShoppingDALTest\\bin\\Debug\\net6.0\\fine-code-coverage\\build-output\\ShoppingDALTest.dll","CodeFilePath":null,"LineNumber":0,"Properties":[{"Key":{"Id":"NUnit.Seed","Label":"Seed","Category":"","Description":"","Attributes":0,"ValueType":"System.String"},"Value":"452235397"}]},"Attachments":[],"Outcome":1,"ErrorMessage":null,"ErrorStackTrace":null,"DisplayName":"UpdateExceptionTest","Messages":[],"ComputerName":"BYQBBX3","Duration":"00:00:00.0023060","StartTime":"2024-04-24T15:40:48.7605118+00:00","EndTime":"2024-04-24T15:40:48.7628176+00:00","Properties":[{"Key":{"Id":"NUnit.Seed","Label":"Seed","Category":"","Description":"","Attributes":0,"ValueType":"System.String"},"Value":"452235397"}]},{"TestCase":{"Id":"93bec4ae-1b68-2c82-0d0f-94f192e4e7fa","FullyQualifiedName":"ShoppingDALTest.CustomerRespositoryTest.UpdateFailTest","DisplayName":"UpdateFailTest","ExecutorUri":"executor://NUnit3TestExecutor","Source":"C:\\Users\\VC\\Desktop\\DAY 11 - 24.04.2024\\ShoppingSolution\\ShoppingDALTest\\bin\\Debug\\net6.0\\fine-code-coverage\\build-output\\ShoppingDALTest.dll","CodeFilePath":null,"LineNumber":0,"Properties":[{"Key":{"Id":"NUnit.Seed","Label":"Seed","Category":"","Description":"","Attributes":0,"ValueType":"System.String"},"Value":"1420860779"}]},"Attachments":[],"Outcome":2,"ErrorMessage":"ShoppingModelLibrary.CustomerExceptions.NoCustomerWithGiveIdException : Customer with the given Id is not present","ErrorStackTrace":"   at ShoppingDALLibrary.CustomerRepository.Update(Customer item) in C:\\Users\\VC\\Desktop\\DAY 11 - 24.04.2024\\ShoppingSolution\\ShoppingDALLibrary\\CustomerRepository.cs:line 37\r\n   at ShoppingDALTest.CustomerRespositoryTest.UpdateFailTest() in C:\\Users\\VC\\Desktop\\DAY 11 - 24.04.2024\\ShoppingSolution\\ShoppingDALTest\\CustomerRespositoryTest.cs:line 106","DisplayName":"UpdateFailTest","Messages":[],"ComputerName":"BYQBBX3","Duration":"00:00:00.0011869","StartTime":"2024-04-24T15:40:48.7628532+00:00","EndTime":"2024-04-24T15:40:48.7640394+00:00","Properties":[{"Key":{"Id":"NUnit.Seed","Label":"Seed","Category":"","Description":"","Attributes":0,"ValueType":"System.String"},"Value":"1420860779"}]},{"TestCase":{"Id":"019efcc7-dcba-b924-c6d1-c8eee27d721e","FullyQualifiedName":"ShoppingDALTest.CustomerRespositoryTest.UpdateSuccessTest","DisplayName":"UpdateSuccessTest","ExecutorUri":"executor://NUnit3TestExecutor","Source":"C:\\Users\\VC\\Desktop\\DAY 11 - 24.04.2024\\ShoppingSolution\\ShoppingDALTest\\bin\\Debug\\net6.0\\fine-code-coverage\\build-output\\ShoppingDALTest.dll","CodeFilePath":null,"LineNumber":0,"Properties":[{"Key":{"Id":"NUnit.Seed","Label":"Seed","Category":"","Description":"","Attributes":0,"ValueType":"System.String"},"Value":"1238814610"}]},"Attachments":[],"Outcome":2,"ErrorMessage":"ShoppingModelLibrary.CustomerExceptions.NoCustomerWithGiveIdException : Customer with the given Id is not present","ErrorStackTrace":"   at ShoppingDALLibrary.CustomerRepository.Update(Customer item) in C:\\Users\\VC\\Desktop\\DAY 11 - 24.04.2024\\ShoppingSolution\\ShoppingDALLibrary\\CustomerRepository.cs:line 37\r\n   at ShoppingDALTest.CustomerRespositoryTest.UpdateSuccessTest() in C:\\Users\\VC\\Desktop\\DAY 11 - 24.04.2024\\ShoppingSolution\\ShoppingDALTest\\CustomerRespositoryTest.cs:line 95","DisplayName":"UpdateSuccessTest","Messages":[],"ComputerName":"BYQBBX3","Duration":"00:00:00.0008920","StartTime":"2024-04-24T15:40:48.7640676+00:00","EndTime":"2024-04-24T15:40:48.7649589+00:00","Properties":[{"Key":{"Id":"NUnit.Seed","Label":"Seed","Category":"","Description":"","Attributes":0,"ValueType":"System.String"},"Value":"1238814610"}]}],"TestRunStatistics":{"ExecutedTests":18,"Stats":{"Failed":13,"Passed":5}},"ActiveTests":[{"Id":"ae5fbb8f-06f8-64a2-e2ee-0eca672aa9bf","FullyQualifiedName":"ShoppingDALTest.ProductRepositoryTest1.AddExceptionTest","DisplayName":"AddExceptionTest","ExecutorUri":"executor://NUnit3TestExecutor","Source":"C:\\Users\\VC\\Desktop\\DAY 11 - 24.04.2024\\ShoppingSolution\\ShoppingDALTest\\bin\\Debug\\net6.0\\fine-code-coverage\\build-output\\ShoppingDALTest.dll","CodeFilePath":null,"LineNumber":0,"Properties":[{"Key":{"Id":"NUnit.Seed","Label":"Seed","Category":"","Description":"","Attributes":0,"ValueType":"System.String"},"Value":"1035293863"}]}]}}
TpTrace Verbose: 0 : 21684, 15, 2024/04/24, 21:10:48.822, 4653633615294, testhost.dll, TestRunCache: OnNewTestResult: Notified the onCacheHit callback.
TpTrace Verbose: 0 : 21684, 15, 2024/04/24, 21:10:48.823, 4653633626808, testhost.dll, TestExecutionRecorder.RecordEnd: test: ShoppingDALTest.ProductRepositoryTest1.AddExceptionTest execution completed.
TpTrace Warning: 0 : 21684, 15, 2024/04/24, 21:10:48.823, 4653633627758, testhost.dll, TestRunCache: InProgressTests is null
TpTrace Verbose: 0 : 21684, 15, 2024/04/24, 21:10:48.825, 4653633644901, testhost.dll, TestExecutionRecorder.RecordResult: Received result for test: ShoppingDALTest.ProductRepositoryTest1.AddExceptionTest.
TpTrace Warning: 0 : 21684, 15, 2024/04/24, 21:10:48.825, 4653633646335, testhost.dll, TestRunCache: InProgressTests is null
TpTrace Warning: 0 : 21684, 15, 2024/04/24, 21:10:48.825, 4653633646891, testhost.dll, TestRunCache: No test found corresponding to testResult 'AddExceptionTest' in inProgress list.
TpTrace Verbose: 0 : 21684, 15, 2024/04/24, 21:10:48.825, 4653633648404, testhost.dll, TestExecutionRecorder.RecordStart: Starting test: ShoppingDALTest.ProductRepositoryTest1.AddFailTest.
TpTrace Verbose: 0 : 21684, 15, 2024/04/24, 21:10:48.828, 4653633670152, testhost.dll, TestExecutionRecorder.RecordEnd: test: ShoppingDALTest.ProductRepositoryTest1.AddFailTest execution completed.
TpTrace Verbose: 0 : 21684, 15, 2024/04/24, 21:10:48.829, 4653633688300, testhost.dll, TestExecutionRecorder.RecordResult: Received result for test: ShoppingDALTest.ProductRepositoryTest1.AddFailTest.
TpTrace Warning: 0 : 21684, 15, 2024/04/24, 21:10:48.830, 4653633689809, testhost.dll, TestRunCache: InProgressTests is null
TpTrace Warning: 0 : 21684, 15, 2024/04/24, 21:10:48.830, 4653633690270, testhost.dll, TestRunCache: No test found corresponding to testResult 'AddFailTest' in inProgress list.
TpTrace Verbose: 0 : 21684, 15, 2024/04/24, 21:10:48.830, 4653633691830, testhost.dll, TestExecutionRecorder.RecordStart: Starting test: ShoppingDALTest.ProductRepositoryTest1.AddSuccessTest.
TpTrace Verbose: 0 : 21684, 15, 2024/04/24, 21:10:48.832, 4653633709514, testhost.dll, TestExecutionRecorder.RecordEnd: test: ShoppingDALTest.ProductRepositoryTest1.AddSuccessTest execution completed.
TpTrace Verbose: 0 : 21684, 15, 2024/04/24, 21:10:48.833, 4653633718863, testhost.dll, TestExecutionRecorder.RecordResult: Received result for test: ShoppingDALTest.ProductRepositoryTest1.AddSuccessTest.
TpTrace Warning: 0 : 21684, 15, 2024/04/24, 21:10:48.833, 4653633719729, testhost.dll, TestRunCache: InProgressTests is null
TpTrace Warning: 0 : 21684, 15, 2024/04/24, 21:10:48.833, 4653633720043, testhost.dll, TestRunCache: No test found corresponding to testResult 'AddSuccessTest' in inProgress list.
TpTrace Verbose: 0 : 21684, 15, 2024/04/24, 21:10:48.833, 4653633720979, testhost.dll, TestExecutionRecorder.RecordStart: Starting test: ShoppingDALTest.ProductRepositoryTest1.DeleteExceptionTest.
TpTrace Verbose: 0 : 21684, 15, 2024/04/24, 21:10:48.834, 4653633732725, testhost.dll, TestExecutionRecorder.RecordEnd: test: ShoppingDALTest.ProductRepositoryTest1.DeleteExceptionTest execution completed.
TpTrace Verbose: 0 : 21684, 15, 2024/04/24, 21:10:48.835, 4653633741065, testhost.dll, TestExecutionRecorder.RecordResult: Received result for test: ShoppingDALTest.ProductRepositoryTest1.DeleteExceptionTest.
TpTrace Warning: 0 : 21684, 15, 2024/04/24, 21:10:48.835, 4653633741598, testhost.dll, TestRunCache: InProgressTests is null
TpTrace Warning: 0 : 21684, 15, 2024/04/24, 21:10:48.835, 4653633741890, testhost.dll, TestRunCache: No test found corresponding to testResult 'DeleteExceptionTest' in inProgress list.
TpTrace Verbose: 0 : 21684, 15, 2024/04/24, 21:10:48.835, 4653633742568, testhost.dll, TestExecutionRecorder.RecordStart: Starting test: ShoppingDALTest.ProductRepositoryTest1.DeleteFailTest.
TpTrace Verbose: 0 : 21684, 15, 2024/04/24, 21:10:48.836, 4653633751067, testhost.dll, TestExecutionRecorder.RecordEnd: test: ShoppingDALTest.ProductRepositoryTest1.DeleteFailTest execution completed.
TpTrace Verbose: 0 : 21684, 15, 2024/04/24, 21:10:48.836, 4653633757868, testhost.dll, TestExecutionRecorder.RecordResult: Received result for test: ShoppingDALTest.ProductRepositoryTest1.DeleteFailTest.
TpTrace Warning: 0 : 21684, 15, 2024/04/24, 21:10:48.836, 4653633758359, testhost.dll, TestRunCache: InProgressTests is null
TpTrace Warning: 0 : 21684, 15, 2024/04/24, 21:10:48.837, 4653633758636, testhost.dll, TestRunCache: No test found corresponding to testResult 'DeleteFailTest' in inProgress list.
TpTrace Verbose: 0 : 21684, 15, 2024/04/24, 21:10:48.837, 4653633759331, testhost.dll, TestExecutionRecorder.RecordStart: Starting test: ShoppingDALTest.ProductRepositoryTest1.DeleteSuccessTest.
TpTrace Verbose: 0 : 21684, 15, 2024/04/24, 21:10:48.837, 4653633766720, testhost.dll, TestExecutionRecorder.RecordEnd: test: ShoppingDALTest.ProductRepositoryTest1.DeleteSuccessTest execution completed.
TpTrace Verbose: 0 : 21684, 15, 2024/04/24, 21:10:48.838, 4653633773426, testhost.dll, TestExecutionRecorder.RecordResult: Received result for test: ShoppingDALTest.ProductRepositoryTest1.DeleteSuccessTest.
TpTrace Warning: 0 : 21684, 15, 2024/04/24, 21:10:48.838, 4653633773891, testhost.dll, TestRunCache: InProgressTests is null
TpTrace Warning: 0 : 21684, 15, 2024/04/24, 21:10:48.838, 4653633774156, testhost.dll, TestRunCache: No test found corresponding to testResult 'DeleteSuccessTest' in inProgress list.
TpTrace Verbose: 0 : 21684, 15, 2024/04/24, 21:10:48.838, 4653633774763, testhost.dll, TestExecutionRecorder.RecordStart: Starting test: ShoppingDALTest.ProductRepositoryTest1.GetExceptionTest.
TpTrace Verbose: 0 : 21684, 15, 2024/04/24, 21:10:48.842, 4653633810301, testhost.dll, TestExecutionRecorder.RecordEnd: test: ShoppingDALTest.ProductRepositoryTest1.GetExceptionTest execution completed.
TpTrace Verbose: 0 : 21684, 15, 2024/04/24, 21:10:48.843, 4653633821216, testhost.dll, TestExecutionRecorder.RecordResult: Received result for test: ShoppingDALTest.ProductRepositoryTest1.GetExceptionTest.
TpTrace Warning: 0 : 21684, 15, 2024/04/24, 21:10:48.843, 4653633822239, testhost.dll, TestRunCache: InProgressTests is null
TpTrace Warning: 0 : 21684, 15, 2024/04/24, 21:10:48.843, 4653633822611, testhost.dll, TestRunCache: No test found corresponding to testResult 'GetExceptionTest' in inProgress list.
TpTrace Verbose: 0 : 21684, 15, 2024/04/24, 21:10:48.843, 4653633823608, testhost.dll, TestExecutionRecorder.RecordStart: Starting test: ShoppingDALTest.ProductRepositoryTest1.GetFailTest.
TpTrace Verbose: 0 : 21684, 15, 2024/04/24, 21:10:48.844, 4653633834623, testhost.dll, TestExecutionRecorder.RecordEnd: test: ShoppingDALTest.ProductRepositoryTest1.GetFailTest execution completed.
TpTrace Verbose: 0 : 21684, 15, 2024/04/24, 21:10:48.845, 4653633843568, testhost.dll, TestExecutionRecorder.RecordResult: Received result for test: ShoppingDALTest.ProductRepositoryTest1.GetFailTest.
TpTrace Warning: 0 : 21684, 15, 2024/04/24, 21:10:48.845, 4653633844773, testhost.dll, TestRunCache: InProgressTests is null
TpTrace Warning: 0 : 21684, 15, 2024/04/24, 21:10:48.845, 4653633845209, testhost.dll, TestRunCache: No test found corresponding to testResult 'GetFailTest' in inProgress list.
TpTrace Verbose: 0 : 21684, 15, 2024/04/24, 21:10:48.845, 4653633846078, testhost.dll, TestExecutionRecorder.RecordStart: Starting test: ShoppingDALTest.ProductRepositoryTest1.GetSuccessTest.
TpTrace Verbose: 0 : 21684, 15, 2024/04/24, 21:10:48.846, 4653633855169, testhost.dll, TestExecutionRecorder.RecordEnd: test: ShoppingDALTest.ProductRepositoryTest1.GetSuccessTest execution completed.
TpTrace Verbose: 0 : 21684, 15, 2024/04/24, 21:10:48.847, 4653633862114, testhost.dll, TestExecutionRecorder.RecordResult: Received result for test: ShoppingDALTest.ProductRepositoryTest1.GetSuccessTest.
TpTrace Warning: 0 : 21684, 15, 2024/04/24, 21:10:48.847, 4653633862628, testhost.dll, TestRunCache: InProgressTests is null
TpTrace Warning: 0 : 21684, 15, 2024/04/24, 21:10:48.847, 4653633862907, testhost.dll, TestRunCache: No test found corresponding to testResult 'GetSuccessTest' in inProgress list.
TpTrace Verbose: 0 : 21684, 15, 2024/04/24, 21:10:48.847, 4653633863561, testhost.dll, TestExecutionRecorder.RecordStart: Starting test: ShoppingDALTest.ProductRepositoryTest1.UpdateExceptionTest.
TpTrace Information: 0 : 21684, 15, 2024/04/24, 21:10:48.847, 4653633863877, testhost.dll, Sending test run statistics
TpTrace Verbose: 0 : 21684, 15, 2024/04/24, 21:10:48.848, 4653633868903, testhost.dll, TestRequestHandler.SendData:  sending data from testhost: {"Version":5,"MessageType":"TestExecution.StatsChange","Payload":{"NewTestResults":[{"TestCase":{"Id":"ae5fbb8f-06f8-64a2-e2ee-0eca672aa9bf","FullyQualifiedName":"ShoppingDALTest.ProductRepositoryTest1.AddExceptionTest","DisplayName":"AddExceptionTest","ExecutorUri":"executor://NUnit3TestExecutor","Source":"C:\\Users\\VC\\Desktop\\DAY 11 - 24.04.2024\\ShoppingSolution\\ShoppingDALTest\\bin\\Debug\\net6.0\\fine-code-coverage\\build-output\\ShoppingDALTest.dll","CodeFilePath":null,"LineNumber":0,"Properties":[{"Key":{"Id":"NUnit.Seed","Label":"Seed","Category":"","Description":"","Attributes":0,"ValueType":"System.String"},"Value":"1035293863"}]},"Attachments":[],"Outcome":2,"ErrorMessage":"  Expected: <ShoppingModelLibrary.CustomerExceptions.NoCustomerWithGiveIdException>\r\n  But was:  null\r\n","ErrorStackTrace":"   at ShoppingDALTest.ProductRepositoryTest1.AddExceptionTest() in C:\\Users\\VC\\Desktop\\DAY 11 - 24.04.2024\\ShoppingSolution\\ShoppingDALTest\\ProductRepositoryTest1.cs:line 47\r\n","DisplayName":"AddExceptionTest","Messages":[],"ComputerName":"BYQBBX3","Duration":"00:00:00.0021530","StartTime":"2024-04-24T15:40:48.7651832+00:00","EndTime":"2024-04-24T15:40:48.7673354+00:00","Properties":[{"Key":{"Id":"NUnit.Seed","Label":"Seed","Category":"","Description":"","Attributes":0,"ValueType":"System.String"},"Value":"1035293863"}]},{"TestCase":{"Id":"66fc9740-4efe-b809-23f9-55dbb623a714","FullyQualifiedName":"ShoppingDALTest.ProductRepositoryTest1.AddFailTest","DisplayName":"AddFailTest","ExecutorUri":"executor://NUnit3TestExecutor","Source":"C:\\Users\\VC\\Desktop\\DAY 11 - 24.04.2024\\ShoppingSolution\\ShoppingDALTest\\bin\\Debug\\net6.0\\fine-code-coverage\\build-output\\ShoppingDALTest.dll","CodeFilePath":null,"LineNumber":0,"Properties":[{"Key":{"Id":"NUnit.Seed","Label":"Seed","Category":"","Description":"","Attributes":0,"ValueType":"System.String"},"Value":"1609109881"}]},"Attachments":[],"Outcome":2,"ErrorMessage":"  Expected: null\r\n  But was:  <Id : 0\r\nName : Sanjai\r\nPrice : $0\r\nNos in Stock : 0>\r\n","ErrorStackTrace":"   at ShoppingDALTest.ProductRepositoryTest1.AddFailTest() in C:\\Users\\VC\\Desktop\\DAY 11 - 24.04.2024\\ShoppingSolution\\ShoppingDALTest\\ProductRepositoryTest1.cs:line 38\r\n","DisplayName":"AddFailTest","Messages":[],"ComputerName":"BYQBBX3","Duration":"00:00:00.0017450","StartTime":"2024-04-24T15:40:48.7673656+00:00","EndTime":"2024-04-24T15:40:48.76911+00:00","Properties":[{"Key":{"Id":"NUnit.Seed","Label":"Seed","Category":"","Description":"","Attributes":0,"ValueType":"System.String"},"Value":"1609109881"}]},{"TestCase":{"Id":"ed2074c8-5386-f11b-b1cb-2bdb6e2520b7","FullyQualifiedName":"ShoppingDALTest.ProductRepositoryTest1.AddSuccessTest","DisplayName":"AddSuccessTest","ExecutorUri":"executor://NUnit3TestExecutor","Source":"C:\\Users\\VC\\Desktop\\DAY 11 - 24.04.2024\\ShoppingSolution\\ShoppingDALTest\\bin\\Debug\\net6.0\\fine-code-coverage\\build-output\\ShoppingDALTest.dll","CodeFilePath":null,"LineNumber":0,"Properties":[{"Key":{"Id":"NUnit.Seed","Label":"Seed","Category":"","Description":"","Attributes":0,"ValueType":"System.String"},"Value":"671945466"}]},"Attachments":[],"Outcome":1,"ErrorMessage":null,"ErrorStackTrace":null,"DisplayName":"AddSuccessTest","Messages":[],"ComputerName":"BYQBBX3","Duration":"00:00:00.0002590","StartTime":"2024-04-24T15:40:48.7691332+00:00","EndTime":"2024-04-24T15:40:48.7693918+00:00","Properties":[{"Key":{"Id":"NUnit.Seed","Label":"Seed","Category":"","Description":"","Attributes":0,"ValueType":"System.String"},"Value":"671945466"}]},{"TestCase":{"Id":"5c664943-4429-49b0-21d1-e47a31a58b73","FullyQualifiedName":"ShoppingDALTest.ProductRepositoryTest1.DeleteExceptionTest","DisplayName":"DeleteExceptionTest","ExecutorUri":"executor://NUnit3TestExecutor","Source":"C:\\Users\\VC\\Desktop\\DAY 11 - 24.04.2024\\ShoppingSolution\\ShoppingDALTest\\bin\\Debug\\net6.0\\fine-code-coverage\\build-output\\ShoppingDALTest.dll","CodeFilePath":null,"LineNumber":0,"Properties":[{"Key":{"Id":"NUnit.Seed","Label":"Seed","Category":"","Description":"","Attributes":0,"ValueType":"System.String"},"Value":"2140395936"}]},"Attachments":[],"Outcome":2,"ErrorMessage":"  Expected: <ShoppingModelLibrary.CustomerExceptions.NoCustomerWithGiveIdException>\r\n  But was:  <ShoppingModelLibrary.ProductExceptions.NoProductWithGivenIDException: Product with the given Id is not present\r\n   at ShoppingDALLibrary.ProductRepository.GetByKey(Int32 key) in C:\\Users\\VC\\Desktop\\DAY 11 - 24.04.2024\\ShoppingSolution\\ShoppingDALLibrary\\ProductRepository.cs:line 31\r\n   at ShoppingDALLibrary.ProductRepository.Delete(Int32 key) in C:\\Users\\VC\\Desktop\\DAY 11 - 24.04.2024\\ShoppingSolution\\ShoppingDALLibrary\\ProductRepository.cs:line 16\r\n   at ShoppingDALTest.ProductRepositoryTest1.<DeleteExceptionTest>b__7_0() in C:\\Users\\VC\\Desktop\\DAY 11 - 24.04.2024\\ShoppingSolution\\ShoppingDALTest\\ProductRepositoryTest1.cs:line 81\r\n   at NUnit.Framework.Assert.Throws(IResolveConstraint expression, TestDelegate code, String message, Object[] args)>\r\n","ErrorStackTrace":"   at ShoppingDALTest.ProductRepositoryTest1.DeleteExceptionTest() in C:\\Users\\VC\\Desktop\\DAY 11 - 24.04.2024\\ShoppingSolution\\ShoppingDALTest\\ProductRepositoryTest1.cs:line 81\r\n","DisplayName":"DeleteExceptionTest","Messages":[],"ComputerName":"BYQBBX3","Duration":"00:00:00.0134940","StartTime":"2024-04-24T15:40:48.7694229+00:00","EndTime":"2024-04-24T15:40:48.7829162+00:00","Properties":[{"Key":{"Id":"NUnit.Seed","Label":"Seed","Category":"","Description":"","Attributes":0,"ValueType":"System.String"},"Value":"2140395936"}]},{"TestCase":{"Id":"596fdfee-fd2d-0790-7065-e704677a7339","FullyQualifiedName":"ShoppingDALTest.ProductRepositoryTest1.DeleteFailTest","DisplayName":"DeleteFailTest","ExecutorUri":"executor://NUnit3TestExecutor","Source":"C:\\Users\\VC\\Desktop\\DAY 11 - 24.04.2024\\ShoppingSolution\\ShoppingDALTest\\bin\\Debug\\net6.0\\fine-code-coverage\\build-output\\ShoppingDALTest.dll","CodeFilePath":null,"LineNumber":0,"Properties":[{"Key":{"Id":"NUnit.Seed","Label":"Seed","Category":"","Description":"","Attributes":0,"ValueType":"System.String"},"Value":"561588622"}]},"Attachments":[],"Outcome":2,"ErrorMessage":"ShoppingModelLibrary.ProductExceptions.NoProductWithGivenIDException : Product with the given Id is not present","ErrorStackTrace":"   at ShoppingDALLibrary.ProductRepository.GetByKey(Int32 key) in C:\\Users\\VC\\Desktop\\DAY 11 - 24.04.2024\\ShoppingSolution\\ShoppingDALLibrary\\ProductRepository.cs:line 31\r\n   at ShoppingDALLibrary.ProductRepository.Delete(Int32 key) in C:\\Users\\VC\\Desktop\\DAY 11 - 24.04.2024\\ShoppingSolution\\ShoppingDALLibrary\\ProductRepository.cs:line 16\r\n   at ShoppingDALTest.ProductRepositoryTest1.DeleteFailTest() in C:\\Users\\VC\\Desktop\\DAY 11 - 24.04.2024\\ShoppingSolution\\ShoppingDALTest\\ProductRepositoryTest1.cs:line 70","DisplayName":"DeleteFailTest","Messages":[],"ComputerName":"BYQBBX3","Duration":"00:00:00.0011150","StartTime":"2024-04-24T15:40:48.7829504+00:00","EndTime":"2024-04-24T15:40:48.7840647+00:00","Properties":[{"Key":{"Id":"NUnit.Seed","Label":"Seed","Category":"","Description":"","Attributes":0,"ValueType":"System.String"},"Value":"561588622"}]},{"TestCase":{"Id":"a12df482-9532-9b64-4eb1-32e9ea996223","FullyQualifiedName":"ShoppingDALTest.ProductRepositoryTest1.DeleteSuccessTest","DisplayName":"DeleteSuccessTest","ExecutorUri":"executor://NUnit3TestExecutor","Source":"C:\\Users\\VC\\Desktop\\DAY 11 - 24.04.2024\\ShoppingSolution\\ShoppingDALTest\\bin\\Debug\\net6.0\\fine-code-coverage\\build-output\\ShoppingDALTest.dll","CodeFilePath":null,"LineNumber":0,"Properties":[{"Key":{"Id":"NUnit.Seed","Label":"Seed","Category":"","Description":"","Attributes":0,"ValueType":"System.String"},"Value":"730000568"}]},"Attachments":[],"Outcome":1,"ErrorMessage":null,"ErrorStackTrace":null,"DisplayName":"DeleteSuccessTest","Messages":[],"ComputerName":"BYQBBX3","Duration":"00:00:00.0006660","StartTime":"2024-04-24T15:40:48.7842447+00:00","EndTime":"2024-04-24T15:40:48.7849104+00:00","Properties":[{"Key":{"Id":"NUnit.Seed","Label":"Seed","Category":"","Description":"","Attributes":0,"ValueType":"System.String"},"Value":"730000568"}]},{"TestCase":{"Id":"c275e97c-5a99-032a-a566-b0db2572fb02","FullyQualifiedName":"ShoppingDALTest.ProductRepositoryTest1.GetExceptionTest","DisplayName":"GetExceptionTest","ExecutorUri":"executor://NUnit3TestExecutor","Source":"C:\\Users\\VC\\Desktop\\DAY 11 - 24.04.2024\\ShoppingSolution\\ShoppingDALTest\\bin\\Debug\\net6.0\\fine-code-coverage\\build-output\\ShoppingDALTest.dll","CodeFilePath":null,"LineNumber":0,"Properties":[{"Key":{"Id":"NUnit.Seed","Label":"Seed","Category":"","Description":"","Attributes":0,"ValueType":"System.String"},"Value":"1930865083"}]},"Attachments":[],"Outcome":2,"ErrorMessage":"  Expected: <ShoppingModelLibrary.CustomerExceptions.NoCustomerWithGiveIdException>\r\n  But was:  <ShoppingModelLibrary.ProductExceptions.NoProductWithGivenIDException: Product with the given Id is not present\r\n   at ShoppingDALLibrary.ProductRepository.GetByKey(Int32 key) in C:\\Users\\VC\\Desktop\\DAY 11 - 24.04.2024\\ShoppingSolution\\ShoppingDALLibrary\\ProductRepository.cs:line 31\r\n   at ShoppingDALTest.ProductRepositoryTest1.<GetExceptionTest>b__13_0() in C:\\Users\\VC\\Desktop\\DAY 11 - 24.04.2024\\ShoppingSolution\\ShoppingDALTest\\ProductRepositoryTest1.cs:line 149\r\n   at NUnit.Framework.Assert.Throws(IResolveConstraint expression, TestDelegate code, String message, Object[] args)>\r\n","ErrorStackTrace":"   at ShoppingDALTest.ProductRepositoryTest1.GetExceptionTest() in C:\\Users\\VC\\Desktop\\DAY 11 - 24.04.2024\\ShoppingSolution\\ShoppingDALTest\\ProductRepositoryTest1.cs:line 149\r\n","DisplayName":"GetExceptionTest","Messages":[],"ComputerName":"BYQBBX3","Duration":"00:00:00.0019050","StartTime":"2024-04-24T15:40:48.7849339+00:00","EndTime":"2024-04-24T15:40:48.7868388+00:00","Properties":[{"Key":{"Id":"NUnit.Seed","Label":"Seed","Category":"","Description":"","Attributes":0,"ValueType":"System.String"},"Value":"1930865083"}]},{"TestCase":{"Id":"02d27271-f476-55b9-2694-199af2238cdf","FullyQualifiedName":"ShoppingDALTest.ProductRepositoryTest1.GetFailTest","DisplayName":"GetFailTest","ExecutorUri":"executor://NUnit3TestExecutor","Source":"C:\\Users\\VC\\Desktop\\DAY 11 - 24.04.2024\\ShoppingSolution\\ShoppingDALTest\\bin\\Debug\\net6.0\\fine-code-coverage\\build-output\\ShoppingDALTest.dll","CodeFilePath":null,"LineNumber":0,"Properties":[{"Key":{"Id":"NUnit.Seed","Label":"Seed","Category":"","Description":"","Attributes":0,"ValueType":"System.String"},"Value":"1197926399"}]},"Attachments":[],"Outcome":2,"ErrorMessage":"ShoppingModelLibrary.ProductExceptions.NoProductWithGivenIDException : Product with the given Id is not present","ErrorStackTrace":"   at ShoppingDALLibrary.ProductRepository.GetByKey(Int32 key) in C:\\Users\\VC\\Desktop\\DAY 11 - 24.04.2024\\ShoppingSolution\\ShoppingDALLibrary\\ProductRepository.cs:line 31\r\n   at ShoppingDALTest.ProductRepositoryTest1.GetFailTest() in C:\\Users\\VC\\Desktop\\DAY 11 - 24.04.2024\\ShoppingSolution\\ShoppingDALTest\\ProductRepositoryTest1.cs:line 138","DisplayName":"GetFailTest","Messages":[],"ComputerName":"BYQBBX3","Duration":"00:00:00.0013020","StartTime":"2024-04-24T15:40:48.7868853+00:00","EndTime":"2024-04-24T15:40:48.7881866+00:00","Properties":[{"Key":{"Id":"NUnit.Seed","Label":"Seed","Category":"","Description":"","Attributes":0,"ValueType":"System.String"},"Value":"1197926399"}]},{"TestCase":{"Id":"2950ae91-d2a9-02c7-14fb-e77f23ce5fa2","FullyQualifiedName":"ShoppingDALTest.ProductRepositoryTest1.GetSuccessTest","DisplayName":"GetSuccessTest","ExecutorUri":"executor://NUnit3TestExecutor","Source":"C:\\Users\\VC\\Desktop\\DAY 11 - 24.04.2024\\ShoppingSolution\\ShoppingDALTest\\bin\\Debug\\net6.0\\fine-code-coverage\\build-output\\ShoppingDALTest.dll","CodeFilePath":null,"LineNumber":0,"Properties":[{"Key":{"Id":"NUnit.Seed","Label":"Seed","Category":"","Description":"","Attributes":0,"ValueType":"System.String"},"Value":"1435167592"}]},"Attachments":[],"Outcome":2,"ErrorMessage":"ShoppingModelLibrary.ProductExceptions.NoProductWithGivenIDException : Product with the given Id is not present","ErrorStackTrace":"   at ShoppingDALLibrary.ProductRepository.GetByKey(Int32 key) in C:\\Users\\VC\\Desktop\\DAY 11 - 24.04.2024\\ShoppingSolution\\ShoppingDALLibrary\\ProductRepository.cs:line 31\r\n   at ShoppingDALTest.ProductRepositoryTest1.GetSuccessTest() in C:\\Users\\VC\\Desktop\\DAY 11 - 24.04.2024\\ShoppingSolution\\ShoppingDALTest\\ProductRepositoryTest1.cs:line 128","DisplayName":"GetSuccessTest","Messages":[],"ComputerName":"BYQBBX3","Duration":"00:00:00.0007440","StartTime":"2024-04-24T15:40:48.78821+00:00","EndTime":"2024-04-24T15:40:48.7889535+00:00","Properties":[{"Key":{"Id":"NUnit.Seed","Label":"Seed","Category":"","Description":"","Attributes":0,"ValueType":"System.String"},"Value":"1435167592"}]}],"TestRunStatistics":{"ExecutedTests":27,"Stats":{"Failed":20,"Passed":7}},"ActiveTests":[{"Id":"a69c156f-efa3-05a4-44de-8117b371238f","FullyQualifiedName":"ShoppingDALTest.ProductRepositoryTest1.UpdateExceptionTest","DisplayName":"UpdateExceptionTest","ExecutorUri":"executor://NUnit3TestExecutor","Source":"C:\\Users\\VC\\Desktop\\DAY 11 - 24.04.2024\\ShoppingSolution\\ShoppingDALTest\\bin\\Debug\\net6.0\\fine-code-coverage\\build-output\\ShoppingDALTest.dll","CodeFilePath":null,"LineNumber":0,"Properties":[{"Key":{"Id":"NUnit.Seed","Label":"Seed","Category":"","Description":"","Attributes":0,"ValueType":"System.String"},"Value":"394008790"}]}]}}
TpTrace Verbose: 0 : 21684, 15, 2024/04/24, 21:10:48.848, 4653633870897, testhost.dll, TestRunCache: OnNewTestResult: Notified the onCacheHit callback.
TpTrace Verbose: 0 : 21684, 15, 2024/04/24, 21:10:48.849, 4653633885697, testhost.dll, TestExecutionRecorder.RecordEnd: test: ShoppingDALTest.ProductRepositoryTest1.UpdateExceptionTest execution completed.
TpTrace Warning: 0 : 21684, 15, 2024/04/24, 21:10:48.849, 4653633886236, testhost.dll, TestRunCache: InProgressTests is null
TpTrace Verbose: 0 : 21684, 15, 2024/04/24, 21:10:48.850, 4653633894587, testhost.dll, TestExecutionRecorder.RecordResult: Received result for test: ShoppingDALTest.ProductRepositoryTest1.UpdateExceptionTest.
TpTrace Warning: 0 : 21684, 15, 2024/04/24, 21:10:48.850, 4653633895431, testhost.dll, TestRunCache: InProgressTests is null
TpTrace Warning: 0 : 21684, 15, 2024/04/24, 21:10:48.850, 4653633895733, testhost.dll, TestRunCache: No test found corresponding to testResult 'UpdateExceptionTest' in inProgress list.
TpTrace Verbose: 0 : 21684, 15, 2024/04/24, 21:10:48.850, 4653633897104, testhost.dll, TestExecutionRecorder.RecordStart: Starting test: ShoppingDALTest.ProductRepositoryTest1.UpdateFailTest.
TpTrace Verbose: 0 : 21684, 15, 2024/04/24, 21:10:48.852, 4653633912905, testhost.dll, TestExecutionRecorder.RecordEnd: test: ShoppingDALTest.ProductRepositoryTest1.UpdateFailTest execution completed.
TpTrace Verbose: 0 : 21684, 15, 2024/04/24, 21:10:48.853, 4653633922417, testhost.dll, TestExecutionRecorder.RecordResult: Received result for test: ShoppingDALTest.ProductRepositoryTest1.UpdateFailTest.
TpTrace Warning: 0 : 21684, 15, 2024/04/24, 21:10:48.853, 4653633923442, testhost.dll, TestRunCache: InProgressTests is null
TpTrace Warning: 0 : 21684, 15, 2024/04/24, 21:10:48.853, 4653633923889, testhost.dll, TestRunCache: No test found corresponding to testResult 'UpdateFailTest' in inProgress list.
TpTrace Verbose: 0 : 21684, 15, 2024/04/24, 21:10:48.853, 4653633924966, testhost.dll, TestExecutionRecorder.RecordStart: Starting test: ShoppingDALTest.ProductRepositoryTest1.UpdateSuccessTest.
TpTrace Verbose: 0 : 21684, 15, 2024/04/24, 21:10:48.854, 4653633937588, testhost.dll, TestExecutionRecorder.RecordEnd: test: ShoppingDALTest.ProductRepositoryTest1.UpdateSuccessTest execution completed.
TpTrace Verbose: 0 : 21684, 15, 2024/04/24, 21:10:48.855, 4653633947509, testhost.dll, TestExecutionRecorder.RecordResult: Received result for test: ShoppingDALTest.ProductRepositoryTest1.UpdateSuccessTest.
TpTrace Warning: 0 : 21684, 15, 2024/04/24, 21:10:48.855, 4653633948470, testhost.dll, TestRunCache: InProgressTests is null
TpTrace Warning: 0 : 21684, 15, 2024/04/24, 21:10:48.856, 4653633948987, testhost.dll, TestRunCache: No test found corresponding to testResult 'UpdateSuccessTest' in inProgress list.
TpTrace Information: 0 : 21684, 5, 2024/04/24, 21:10:48.862, 4653634016284, testhost.dll, NUnit Adapter 4.2.0.0: Test execution complete
TpTrace Verbose: 0 : 21684, 5, 2024/04/24, 21:10:48.863, 4653634018593, testhost.dll, TestRequestHandler.SendData:  sending data from testhost: {"Version":5,"MessageType":"TestSession.Message","Payload":{"MessageLevel":0,"Message":"NUnit Adapter 4.2.0.0: Test execution complete"}}
TpTrace Verbose: 0 : 21684, 5, 2024/04/24, 21:10:48.869, 4653634079531, testhost.dll, BaseRunTests.RunTestInternalWithExecutors: Completed running tests for executor://NUnit3TestExecutor
TpTrace Information: 0 : 21684, 5, 2024/04/24, 21:10:48.872, 4653634111500, testhost.dll, Sending test run complete
TpTrace Verbose: 0 : 21684, 5, 2024/04/24, 21:10:48.883, 4653634225789, testhost.dll, TestRequestHandler.SendData:  sending data from testhost: {"Version":5,"MessageType":"TestExecution.Completed","Payload":{"TestRunCompleteArgs":{"TestRunStatistics":{"ExecutedTests":30,"Stats":{"Failed":23,"Passed":7}},"IsCanceled":false,"IsAborted":false,"Error":null,"AttachmentSets":[],"ElapsedTimeInRunningTests":"00:00:00.5690512","Metrics":{}},"LastRunTests":{"NewTestResults":[{"TestCase":{"Id":"a69c156f-efa3-05a4-44de-8117b371238f","FullyQualifiedName":"ShoppingDALTest.ProductRepositoryTest1.UpdateExceptionTest","DisplayName":"UpdateExceptionTest","ExecutorUri":"executor://NUnit3TestExecutor","Source":"C:\\Users\\VC\\Desktop\\DAY 11 - 24.04.2024\\ShoppingSolution\\ShoppingDALTest\\bin\\Debug\\net6.0\\fine-code-coverage\\build-output\\ShoppingDALTest.dll","CodeFilePath":null,"LineNumber":0,"Properties":[{"Key":{"Id":"NUnit.Seed","Label":"Seed","Category":"","Description":"","Attributes":0,"ValueType":"System.String"},"Value":"394008790"}]},"Attachments":[],"Outcome":2,"ErrorMessage":"  Expected: <ShoppingModelLibrary.CustomerExceptions.NoCustomerWithGiveIdException>\r\n  But was:  null\r\n","ErrorStackTrace":"   at ShoppingDALTest.ProductRepositoryTest1.UpdateExceptionTest() in C:\\Users\\VC\\Desktop\\DAY 11 - 24.04.2024\\ShoppingSolution\\ShoppingDALTest\\ProductRepositoryTest1.cs:line 105\r\n","DisplayName":"UpdateExceptionTest","Messages":[],"ComputerName":"BYQBBX3","Duration":"00:00:00.0028030","StartTime":"2024-04-24T15:40:48.7889718+00:00","EndTime":"2024-04-24T15:40:48.7917743+00:00","Properties":[{"Key":{"Id":"NUnit.Seed","Label":"Seed","Category":"","Description":"","Attributes":0,"ValueType":"System.String"},"Value":"394008790"}]},{"TestCase":{"Id":"776bb777-65f8-1919-a4c7-8594ffcc783a","FullyQualifiedName":"ShoppingDALTest.ProductRepositoryTest1.UpdateFailTest","DisplayName":"UpdateFailTest","ExecutorUri":"executor://NUnit3TestExecutor","Source":"C:\\Users\\VC\\Desktop\\DAY 11 - 24.04.2024\\ShoppingSolution\\ShoppingDALTest\\bin\\Debug\\net6.0\\fine-code-coverage\\build-output\\ShoppingDALTest.dll","CodeFilePath":null,"LineNumber":0,"Properties":[{"Key":{"Id":"NUnit.Seed","Label":"Seed","Category":"","Description":"","Attributes":0,"ValueType":"System.String"},"Value":"1249172980"}]},"Attachments":[],"Outcome":2,"ErrorMessage":"ShoppingModelLibrary.ProductExceptions.NoProductWithGivenIDException : Product with the given Id is not present","ErrorStackTrace":"   at ShoppingDALLibrary.ProductRepository.Update(Product item) in C:\\Users\\VC\\Desktop\\DAY 11 - 24.04.2024\\ShoppingSolution\\ShoppingDALLibrary\\ProductRepository.cs:line 50\r\n   at ShoppingDALTest.ProductRepositoryTest1.UpdateFailTest() in C:\\Users\\VC\\Desktop\\DAY 11 - 24.04.2024\\ShoppingSolution\\ShoppingDALTest\\ProductRepositoryTest1.cs:line 118","DisplayName":"UpdateFailTest","Messages":[],"ComputerName":"BYQBBX3","Duration":"00:00:00.0010529","StartTime":"2024-04-24T15:40:48.7918039+00:00","EndTime":"2024-04-24T15:40:48.7928566+00:00","Properties":[{"Key":{"Id":"NUnit.Seed","Label":"Seed","Category":"","Description":"","Attributes":0,"ValueType":"System.String"},"Value":"1249172980"}]},{"TestCase":{"Id":"478a68ca-f7c0-78ef-3561-f1f2298a601e","FullyQualifiedName":"ShoppingDALTest.ProductRepositoryTest1.UpdateSuccessTest","DisplayName":"UpdateSuccessTest","ExecutorUri":"executor://NUnit3TestExecutor","Source":"C:\\Users\\VC\\Desktop\\DAY 11 - 24.04.2024\\ShoppingSolution\\ShoppingDALTest\\bin\\Debug\\net6.0\\fine-code-coverage\\build-output\\ShoppingDALTest.dll","CodeFilePath":null,"LineNumber":0,"Properties":[{"Key":{"Id":"NUnit.Seed","Label":"Seed","Category":"","Description":"","Attributes":0,"ValueType":"System.String"},"Value":"1838180452"}]},"Attachments":[],"Outcome":2,"ErrorMessage":"ShoppingModelLibrary.ProductExceptions.NoProductWithGivenIDException : Product with the given Id is not present","ErrorStackTrace":"   at ShoppingDALLibrary.ProductRepository.Update(Product item) in C:\\Users\\VC\\Desktop\\DAY 11 - 24.04.2024\\ShoppingSolution\\ShoppingDALLibrary\\ProductRepository.cs:line 50\r\n   at ShoppingDALTest.ProductRepositoryTest1.UpdateSuccessTest() in C:\\Users\\VC\\Desktop\\DAY 11 - 24.04.2024\\ShoppingSolution\\ShoppingDALTest\\ProductRepositoryTest1.cs:line 93","DisplayName":"UpdateSuccessTest","Messages":[],"ComputerName":"BYQBBX3","Duration":"00:00:00.0012120","StartTime":"2024-04-24T15:40:48.7928846+00:00","EndTime":"2024-04-24T15:40:48.7940964+00:00","Properties":[{"Key":{"Id":"NUnit.Seed","Label":"Seed","Category":"","Description":"","Attributes":0,"ValueType":"System.String"},"Value":"1838180452"}]}],"TestRunStatistics":{"ExecutedTests":30,"Stats":{"Failed":23,"Passed":7}},"ActiveTests":[]},"RunAttachments":[],"ExecutorUris":["executor://nunit3testexecutor/"]}}
TpTrace Verbose: 0 : 21684, 5, 2024/04/24, 21:10:48.884, 4653634230844, testhost.dll, BaseRunTests.RunTests: Run is complete.
TpTrace Verbose: 0 : 21684, 11, 2024/04/24, 21:10:48.884, 4653634237379, testhost.dll, TcpClientExtensions.MessageLoopAsync: NotifyDataAvailable remoteEndPoint: [::ffff:127.0.0.1]:59215 localEndPoint: [::ffff:127.0.0.1]:59217
TpTrace Information: 0 : 21684, 11, 2024/04/24, 21:10:48.885, 4653634239236, testhost.dll, TestRequestHandler.OnMessageReceived: received message: (TestSession.Terminate) -> null
TpTrace Information: 0 : 21684, 11, 2024/04/24, 21:10:48.885, 4653634240077, testhost.dll, Session End message received from server. Closing the connection.
TpTrace Information: 0 : 21684, 11, 2024/04/24, 21:10:48.885, 4653634245833, testhost.dll, SocketClient.Stop: Stop communication from server endpoint: 127.0.0.1:059215
TpTrace Information: 0 : 21684, 11, 2024/04/24, 21:10:48.885, 4653634247036, testhost.dll, SocketClient: Stop: Cancellation requested. Stopping message loop.
TpTrace Verbose: 0 : 21684, 11, 2024/04/24, 21:10:48.886, 4653634249564, testhost.dll, LengthPrefixCommunicationChannel.Dispose: Dispose reader and writer.
TpTrace Information: 0 : 21684, 11, 2024/04/24, 21:10:48.886, 4653634250838, testhost.dll, Closing the connection !
TpTrace Information: 0 : 21684, 11, 2024/04/24, 21:10:48.886, 4653634255941, testhost.dll, SocketClient.PrivateStop: Stop communication from server endpoint: 127.0.0.1:059215, error:
TpTrace Verbose: 0 : 21684, 11, 2024/04/24, 21:10:48.887, 4653634261313, testhost.dll, LengthPrefixCommunicationChannel.Dispose: Dispose reader and writer.
TpTrace Information: 0 : 21684, 1, 2024/04/24, 21:10:48.887, 4653634261367, testhost.dll, Closing the connection !
TpTrace Verbose: 0 : 21684, 11, 2024/04/24, 21:10:48.887, 4653634262757, testhost.dll, TcpClientExtensions.MessageLoopAsync: exiting MessageLoopAsync remoteEndPoint: [::ffff:127.0.0.1]:59215 localEndPoint: [::ffff:127.0.0.1]:59217
TpTrace Information: 0 : 21684, 1, 2024/04/24, 21:10:48.887, 4653634264249, testhost.dll, SocketClient.Stop: Stop communication from server endpoint: 127.0.0.1:059215
TpTrace Verbose: 0 : 21684, 1, 2024/04/24, 21:10:48.887, 4653634265583, testhost.dll, LengthPrefixCommunicationChannel.Dispose: Dispose reader and writer.
TpTrace Information: 0 : 21684, 1, 2024/04/24, 21:10:48.887, 4653634267243, testhost.dll, Testhost process exiting.
