TpTrace Verbose: 0 : 3608, 1, 2024/04/24, 21:10:46.621, 4653611600694, vstest.console.dll, Version: 17.9.0-release-24072-02 Current process architecture: X64
TpTrace Verbose: 0 : 3608, 1, 2024/04/24, 21:10:46.627, 4653611664445, vstest.console.dll, Runtime location: C:\Program Files\dotnet\shared\Microsoft.NETCore.App\8.0.3
TpTrace Verbose: 0 : 3608, 1, 2024/04/24, 21:10:46.631, 4653611705073, vstest.console.dll, ArtifactProcessingPostProcessModeProcessorExecutor.Initialize: ArtifactProcessingMode.Collect
TpTrace Verbose: 0 : 3608, 1, 2024/04/24, 21:10:46.631, 4653611707908, vstest.console.dll, TestSessionCorrelationIdProcessorModeProcessorExecutor.Initialize: TestSessionCorrelationId '11324_2d3d1b53-709c-45e3-bf2e-007113586a78'
TpTrace Information: 0 : 3608, 1, 2024/04/24, 21:10:46.648, 4653611872250, vstest.console.dll, FilePatternParser: The given file C:\Users\VC\Desktop\DAY 11 - 24.04.2024\ShoppingSolution\ShoppingDALTest\bin\Debug\net6.0\fine-code-coverage\build-output\ShoppingDALTest.dll is a full path.
TpTrace Verbose: 0 : 3608, 1, 2024/04/24, 21:10:46.659, 4653611978747, vstest.console.dll, TestPluginCache.DiscoverTestExtensions: finding test extensions in assemblies ends with: RuntimeProvider.dll TPluginInfo: Microsoft.VisualStudio.TestPlatform.Common.ExtensionFramework.Utilities.TestRuntimePluginInformation TExtension: Microsoft.VisualStudio.TestPlatform.ObjectModel.Host.ITestRuntimeProvider
TpTrace Verbose: 0 : 3608, 1, 2024/04/24, 21:10:46.659, 4653611986377, vstest.console.dll, TestPluginCache.GetExtensionPaths: Filtered extension paths: 
TpTrace Verbose: 0 : 3608, 1, 2024/04/24, 21:10:46.659, 4653611988232, vstest.console.dll, TestPluginCache.GetExtensionPaths: Added default extension paths: C:\Program Files\dotnet\sdk\8.0.202\Extensions\Microsoft.Diagnostics.NETCore.Client.dll
C:\Program Files\dotnet\sdk\8.0.202\Extensions\Microsoft.TestPlatform.Extensions.BlameDataCollector.dll
C:\Program Files\dotnet\sdk\8.0.202\Extensions\Microsoft.TestPlatform.Extensions.EventLogCollector.dll
C:\Program Files\dotnet\sdk\8.0.202\Extensions\Microsoft.TestPlatform.TestHostRuntimeProvider.dll
C:\Program Files\dotnet\sdk\8.0.202\Extensions\Microsoft.VisualStudio.TestPlatform.Extensions.Html.TestLogger.dll
C:\Program Files\dotnet\sdk\8.0.202\Extensions\Microsoft.VisualStudio.TestPlatform.Extensions.Trx.TestLogger.dll
TpTrace Verbose: 0 : 3608, 1, 2024/04/24, 21:10:46.660, 4653611989035, vstest.console.dll, TestPluginCache.GetExtensionPaths: Added unfilterableExtensionPaths: 
TpTrace Information: 0 : 3608, 1, 2024/04/24, 21:10:46.661, 4653612001168, vstest.console.dll, AssemblyResolver.ctor: Creating AssemblyResolver with searchDirectories C:\Program Files\dotnet\sdk\8.0.202\Extensions,C:\Program Files\dotnet\sdk\8.0.202
TpTrace Verbose: 0 : 3608, 1, 2024/04/24, 21:10:46.664, 4653612033341, vstest.console.dll, TestPluginCache.DiscoverTestExtensions: Discovering the extensions using extension path.
TpTrace Verbose: 0 : 3608, 1, 2024/04/24, 21:10:46.664, 4653612037204, vstest.console.dll, TestPluginCache.GetExtensionPaths: Filtered extension paths: 
TpTrace Verbose: 0 : 3608, 1, 2024/04/24, 21:10:46.665, 4653612038606, vstest.console.dll, TestPluginCache.GetExtensionPaths: Added default extension paths: C:\Program Files\dotnet\sdk\8.0.202\Extensions\Microsoft.Diagnostics.NETCore.Client.dll
C:\Program Files\dotnet\sdk\8.0.202\Extensions\Microsoft.TestPlatform.Extensions.BlameDataCollector.dll
C:\Program Files\dotnet\sdk\8.0.202\Extensions\Microsoft.TestPlatform.Extensions.EventLogCollector.dll
C:\Program Files\dotnet\sdk\8.0.202\Extensions\Microsoft.TestPlatform.TestHostRuntimeProvider.dll
C:\Program Files\dotnet\sdk\8.0.202\Extensions\Microsoft.VisualStudio.TestPlatform.Extensions.Html.TestLogger.dll
C:\Program Files\dotnet\sdk\8.0.202\Extensions\Microsoft.VisualStudio.TestPlatform.Extensions.Trx.TestLogger.dll
TpTrace Verbose: 0 : 3608, 1, 2024/04/24, 21:10:46.665, 4653612039648, vstest.console.dll, TestPluginCache.GetExtensionPaths: Added unfilterableExtensionPaths: 
TpTrace Verbose: 0 : 3608, 1, 2024/04/24, 21:10:46.665, 4653612041496, vstest.console.dll, TestPluginCache.DiscoverTestExtensions: Discovering the extensions using allExtensionPaths: C:\Program Files\dotnet\sdk\8.0.202\Extensions\Microsoft.Diagnostics.NETCore.Client.dll
C:\Program Files\dotnet\sdk\8.0.202\Extensions\Microsoft.TestPlatform.Extensions.BlameDataCollector.dll
C:\Program Files\dotnet\sdk\8.0.202\Extensions\Microsoft.TestPlatform.Extensions.EventLogCollector.dll
C:\Program Files\dotnet\sdk\8.0.202\Extensions\Microsoft.TestPlatform.TestHostRuntimeProvider.dll
C:\Program Files\dotnet\sdk\8.0.202\Extensions\Microsoft.VisualStudio.TestPlatform.Extensions.Html.TestLogger.dll
C:\Program Files\dotnet\sdk\8.0.202\Extensions\Microsoft.VisualStudio.TestPlatform.Extensions.Trx.TestLogger.dll
TpTrace Information: 0 : 3608, 1, 2024/04/24, 21:10:46.665, 4653612044863, vstest.console.dll, AssemblyResolver.AddSearchDirectories: Adding more searchDirectories C:\Program Files\dotnet\sdk\8.0.202\Extensions,C:\Program Files\dotnet\sdk\8.0.202
TpTrace Information: 0 : 3608, 1, 2024/04/24, 21:10:46.665, 4653612046133, vstest.console.dll, AssemblyResolver.AddSearchDirectories: Adding more searchDirectories C:\Program Files\dotnet\sdk\8.0.202\Extensions,C:\Program Files\dotnet\sdk\8.0.202
TpTrace Information: 0 : 3608, 1, 2024/04/24, 21:10:46.665, 4653612046857, vstest.console.dll, AssemblyResolver.AddSearchDirectories: Adding more searchDirectories C:\Program Files\dotnet\sdk\8.0.202\Extensions,C:\Program Files\dotnet\sdk\8.0.202
TpTrace Information: 0 : 3608, 1, 2024/04/24, 21:10:46.665, 4653612047510, vstest.console.dll, AssemblyResolver.AddSearchDirectories: Adding more searchDirectories C:\Program Files\dotnet\sdk\8.0.202\Extensions,C:\Program Files\dotnet\sdk\8.0.202
TpTrace Information: 0 : 3608, 1, 2024/04/24, 21:10:46.665, 4653612048264, vstest.console.dll, AssemblyResolver.AddSearchDirectories: Adding more searchDirectories C:\Program Files\dotnet\sdk\8.0.202\Extensions,C:\Program Files\dotnet\sdk\8.0.202
TpTrace Information: 0 : 3608, 1, 2024/04/24, 21:10:46.666, 4653612048914, vstest.console.dll, AssemblyResolver.AddSearchDirectories: Adding more searchDirectories C:\Program Files\dotnet\sdk\8.0.202\Extensions,C:\Program Files\dotnet\sdk\8.0.202
TpTrace Information: 0 : 3608, 1, 2024/04/24, 21:10:46.667, 4653612058827, vstest.console.dll, AssemblyResolver.OnResolve: Microsoft.Diagnostics.NETCore.Client: Resolving assembly.
TpTrace Information: 0 : 3608, 1, 2024/04/24, 21:10:46.667, 4653612060563, vstest.console.dll, AssemblyResolver.OnResolve: Microsoft.Diagnostics.NETCore.Client: Searching in: 'C:\Program Files\dotnet\sdk\8.0.202\Extensions'.
TpTrace Information: 0 : 3608, 1, 2024/04/24, 21:10:46.685, 4653612243793, vstest.console.dll, AssemblyResolver.OnResolve: Microsoft.Diagnostics.NETCore.Client: Loading assembly 'C:\Program Files\dotnet\sdk\8.0.202\Extensions\Microsoft.Diagnostics.NETCore.Client.dll'.
TpTrace Information: 0 : 3608, 1, 2024/04/24, 21:10:46.687, 4653612260547, vstest.console.dll, AssemblyResolver.OnResolve: Resolved assembly: Microsoft.Diagnostics.NETCore.Client, from path: C:\Program Files\dotnet\sdk\8.0.202\Extensions\Microsoft.Diagnostics.NETCore.Client.dll
TpTrace Verbose: 0 : 3608, 1, 2024/04/24, 21:10:46.698, 4653612370632, vstest.console.dll, MetadataReaderExtensionsHelper: Discovering extensions inside assembly 'Microsoft.Diagnostics.NETCore.Client, Version=0.2.9.2401, Culture=neutral, PublicKeyToken=31bf3856ad364e35' file path 'C:\Program Files\dotnet\sdk\8.0.202\Extensions\Microsoft.Diagnostics.NETCore.Client.dll'
TpTrace Information: 0 : 3608, 1, 2024/04/24, 21:10:46.709, 4653612483164, vstest.console.dll, AssemblyResolver.OnResolve: Microsoft.Bcl.AsyncInterfaces: Resolving assembly.
TpTrace Information: 0 : 3608, 1, 2024/04/24, 21:10:46.709, 4653612485543, vstest.console.dll, AssemblyResolver.OnResolve: Microsoft.Bcl.AsyncInterfaces: Searching in: 'C:\Program Files\dotnet\sdk\8.0.202\Extensions'.
TpTrace Information: 0 : 3608, 1, 2024/04/24, 21:10:46.709, 4653612487653, vstest.console.dll, AssemblyResolver.OnResolve: Microsoft.Bcl.AsyncInterfaces: Assembly path does not exist: 'C:\Program Files\dotnet\sdk\8.0.202\Extensions\Microsoft.Bcl.AsyncInterfaces.dll', returning.
TpTrace Information: 0 : 3608, 1, 2024/04/24, 21:10:46.710, 4653612489953, vstest.console.dll, AssemblyResolver.OnResolve: Microsoft.Bcl.AsyncInterfaces: Assembly path does not exist: 'C:\Program Files\dotnet\sdk\8.0.202\Extensions\Microsoft.Bcl.AsyncInterfaces.exe', returning.
TpTrace Information: 0 : 3608, 1, 2024/04/24, 21:10:46.710, 4653612490799, vstest.console.dll, AssemblyResolver.OnResolve: Microsoft.Bcl.AsyncInterfaces: Searching in: 'C:\Program Files\dotnet\sdk\8.0.202'.
TpTrace Information: 0 : 3608, 1, 2024/04/24, 21:10:46.710, 4653612492323, vstest.console.dll, AssemblyResolver.OnResolve: Microsoft.Bcl.AsyncInterfaces: Assembly path does not exist: 'C:\Program Files\dotnet\sdk\8.0.202\Microsoft.Bcl.AsyncInterfaces.dll', returning.
TpTrace Information: 0 : 3608, 1, 2024/04/24, 21:10:46.710, 4653612493558, vstest.console.dll, AssemblyResolver.OnResolve: Microsoft.Bcl.AsyncInterfaces: Assembly path does not exist: 'C:\Program Files\dotnet\sdk\8.0.202\Microsoft.Bcl.AsyncInterfaces.exe', returning.
TpTrace Information: 0 : 3608, 1, 2024/04/24, 21:10:46.710, 4653612494268, vstest.console.dll, AssemblyResolver.OnResolve: Microsoft.Bcl.AsyncInterfaces: Failed to load assembly.
TpTrace Verbose: 0 : 3608, 1, 2024/04/24, 21:10:46.710, 4653612495153, vstest.console.dll, CurrentDomainAssemblyResolve: Resolving assembly 'Microsoft.Bcl.AsyncInterfaces'.
TpTrace Information: 0 : 3608, 1, 2024/04/24, 21:10:46.710, 4653612496581, vstest.console.dll, AssemblyResolver.OnResolve: Microsoft.Bcl.AsyncInterfaces: Resolving assembly.
TpTrace Information: 0 : 3608, 1, 2024/04/24, 21:10:46.710, 4653612498217, vstest.console.dll, AssemblyResolver.OnResolve: Microsoft.Bcl.AsyncInterfaces: Resolved from cache.
TpTrace Verbose: 0 : 3608, 1, 2024/04/24, 21:10:46.711, 4653612499251, vstest.console.dll, CurrentDomainAssemblyResolve: Resolving assembly 'Microsoft.Bcl.AsyncInterfaces'.
TpTrace Verbose: 0 : 3608, 1, 2024/04/24, 21:10:46.711, 4653612500502, vstest.console.dll, CurrentDomainAssemblyResolve: Failed to resolve assembly 'Microsoft.Bcl.AsyncInterfaces'.
TpTrace Verbose: 0 : 3608, 1, 2024/04/24, 21:10:46.713, 4653612519012, vstest.console.dll, CurrentDomainAssemblyResolve: Failed to resolve assembly 'Microsoft.Bcl.AsyncInterfaces'.
TpTrace Warning: 0 : 3608, 1, 2024/04/24, 21:10:46.736, 4653612756248, vstest.console.dll, TestPluginDiscoverer: Failed to get types from assembly 'Microsoft.Diagnostics.NETCore.Client, Version=0.2.9.2401, Culture=neutral, PublicKeyToken=31bf3856ad364e35'. Error: System.Reflection.ReflectionTypeLoadException: Unable to load one or more of the requested types.
Could not load file or assembly 'Microsoft.Bcl.AsyncInterfaces, Version=6.0.0.0, Culture=neutral, PublicKeyToken=cc7b13ffcd2ddd51'. The system cannot find the file specified.
   at System.Reflection.RuntimeModule.GetTypes(RuntimeModule module)
   at System.Reflection.RuntimeModule.GetTypes()
   at Microsoft.VisualStudio.TestPlatform.Common.ExtensionFramework.TestPluginDiscoverer.GetTestExtensionsFromAssembly[TPluginInfo,TExtension](Assembly assembly, Dictionary`2 pluginInfos, String filePath) in /_/src/Microsoft.TestPlatform.Common/ExtensionFramework/TestPluginDiscoverer.cs:line 158
System.IO.FileNotFoundException: Could not load file or assembly 'Microsoft.Bcl.AsyncInterfaces, Version=6.0.0.0, Culture=neutral, PublicKeyToken=cc7b13ffcd2ddd51'. The system cannot find the file specified.
File name: 'Microsoft.Bcl.AsyncInterfaces, Version=6.0.0.0, Culture=neutral, PublicKeyToken=cc7b13ffcd2ddd51'
 ---> System.IO.FileNotFoundException: Could not load file or assembly 'Microsoft.Bcl.AsyncInterfaces, Culture=neutral, PublicKeyToken=null'. The system cannot find the file specified.
File name: 'Microsoft.Bcl.AsyncInterfaces, Culture=neutral, PublicKeyToken=null'
   at System.Reflection.RuntimeAssembly.InternalLoad(AssemblyName assemblyName, StackCrawlMark& stackMark, AssemblyLoadContext assemblyLoadContext, RuntimeAssembly requestingAssembly, Boolean throwOnFileNotFound)
   at System.Reflection.Assembly.Load(AssemblyName assemblyRef)
   at Microsoft.VisualStudio.TestPlatform.Common.ExtensionFramework.TestPluginCache.CurrentDomainAssemblyResolve(Object sender, AssemblyResolveEventArgs args) in /_/src/Microsoft.TestPlatform.Common/ExtensionFramework/TestPluginCache.cs:line 513
   at System.Runtime.Loader.AssemblyLoadContext.GetFirstResolvedAssemblyFromResolvingEvent(AssemblyName assemblyName)
   at System.Runtime.Loader.AssemblyLoadContext.ResolveUsingEvent(AssemblyName assemblyName)
   at System.Runtime.Loader.AssemblyLoadContext.ResolveUsingResolvingEvent(IntPtr gchManagedAssemblyLoadContext, AssemblyName assemblyName)
TpTrace Warning: 0 : 3608, 1, 2024/04/24, 21:10:46.737, 4653612763751, vstest.console.dll, LoaderExceptions: System.IO.FileNotFoundException: Could not load file or assembly 'Microsoft.Bcl.AsyncInterfaces, Version=6.0.0.0, Culture=neutral, PublicKeyToken=cc7b13ffcd2ddd51'. The system cannot find the file specified.
File name: 'Microsoft.Bcl.AsyncInterfaces, Version=6.0.0.0, Culture=neutral, PublicKeyToken=cc7b13ffcd2ddd51'
 ---> System.IO.FileNotFoundException: Could not load file or assembly 'Microsoft.Bcl.AsyncInterfaces, Culture=neutral, PublicKeyToken=null'. The system cannot find the file specified.
File name: 'Microsoft.Bcl.AsyncInterfaces, Culture=neutral, PublicKeyToken=null'
   at System.Reflection.RuntimeAssembly.InternalLoad(AssemblyName assemblyName, StackCrawlMark& stackMark, AssemblyLoadContext assemblyLoadContext, RuntimeAssembly requestingAssembly, Boolean throwOnFileNotFound)
   at System.Reflection.Assembly.Load(AssemblyName assemblyRef)
   at Microsoft.VisualStudio.TestPlatform.Common.ExtensionFramework.TestPluginCache.CurrentDomainAssemblyResolve(Object sender, AssemblyResolveEventArgs args) in /_/src/Microsoft.TestPlatform.Common/ExtensionFramework/TestPluginCache.cs:line 513
   at System.Runtime.Loader.AssemblyLoadContext.GetFirstResolvedAssemblyFromResolvingEvent(AssemblyName assemblyName)
   at System.Runtime.Loader.AssemblyLoadContext.ResolveUsingEvent(AssemblyName assemblyName)
   at System.Runtime.Loader.AssemblyLoadContext.ResolveUsingResolvingEvent(IntPtr gchManagedAssemblyLoadContext, AssemblyName assemblyName)
TpTrace Information: 0 : 3608, 1, 2024/04/24, 21:10:46.737, 4653612767252, vstest.console.dll, AssemblyResolver.OnResolve: Microsoft.TestPlatform.Extensions.BlameDataCollector: Resolving assembly.
TpTrace Information: 0 : 3608, 1, 2024/04/24, 21:10:46.737, 4653612768286, vstest.console.dll, AssemblyResolver.OnResolve: Microsoft.TestPlatform.Extensions.BlameDataCollector: Searching in: 'C:\Program Files\dotnet\sdk\8.0.202\Extensions'.
TpTrace Information: 0 : 3608, 1, 2024/04/24, 21:10:46.738, 4653612775240, vstest.console.dll, AssemblyResolver.OnResolve: Microsoft.TestPlatform.Extensions.BlameDataCollector: Loading assembly 'C:\Program Files\dotnet\sdk\8.0.202\Extensions\Microsoft.TestPlatform.Extensions.BlameDataCollector.dll'.
TpTrace Information: 0 : 3608, 1, 2024/04/24, 21:10:46.740, 4653612788662, vstest.console.dll, AssemblyResolver.OnResolve: Resolved assembly: Microsoft.TestPlatform.Extensions.BlameDataCollector, from path: C:\Program Files\dotnet\sdk\8.0.202\Extensions\Microsoft.TestPlatform.Extensions.BlameDataCollector.dll
TpTrace Verbose: 0 : 3608, 1, 2024/04/24, 21:10:46.740, 4653612790595, vstest.console.dll, MetadataReaderExtensionsHelper: Discovering extensions inside assembly 'Microsoft.TestPlatform.Extensions.BlameDataCollector, Version=15.0.0.0, Culture=neutral, PublicKeyToken=b03f5f7f11d50a3a' file path 'C:\Program Files\dotnet\sdk\8.0.202\Extensions\Microsoft.TestPlatform.Extensions.BlameDataCollector.dll'
TpTrace Information: 0 : 3608, 1, 2024/04/24, 21:10:46.742, 4653612815550, vstest.console.dll, AssemblyResolver.OnResolve: Microsoft.TestPlatform.Extensions.EventLogCollector: Resolving assembly.
TpTrace Information: 0 : 3608, 1, 2024/04/24, 21:10:46.742, 4653612816987, vstest.console.dll, AssemblyResolver.OnResolve: Microsoft.TestPlatform.Extensions.EventLogCollector: Searching in: 'C:\Program Files\dotnet\sdk\8.0.202\Extensions'.
TpTrace Information: 0 : 3608, 1, 2024/04/24, 21:10:46.743, 4653612823238, vstest.console.dll, AssemblyResolver.OnResolve: Microsoft.TestPlatform.Extensions.EventLogCollector: Loading assembly 'C:\Program Files\dotnet\sdk\8.0.202\Extensions\Microsoft.TestPlatform.Extensions.EventLogCollector.dll'.
TpTrace Information: 0 : 3608, 1, 2024/04/24, 21:10:46.744, 4653612837352, vstest.console.dll, AssemblyResolver.OnResolve: Resolved assembly: Microsoft.TestPlatform.Extensions.EventLogCollector, from path: C:\Program Files\dotnet\sdk\8.0.202\Extensions\Microsoft.TestPlatform.Extensions.EventLogCollector.dll
TpTrace Verbose: 0 : 3608, 1, 2024/04/24, 21:10:46.745, 4653612839217, vstest.console.dll, MetadataReaderExtensionsHelper: Discovering extensions inside assembly 'Microsoft.TestPlatform.Extensions.EventLogCollector, Version=15.0.0.0, Culture=neutral, PublicKeyToken=b03f5f7f11d50a3a' file path 'C:\Program Files\dotnet\sdk\8.0.202\Extensions\Microsoft.TestPlatform.Extensions.EventLogCollector.dll'
TpTrace Information: 0 : 3608, 1, 2024/04/24, 21:10:46.749, 4653612886966, vstest.console.dll, AssemblyResolver.OnResolve: Microsoft.TestPlatform.TestHostRuntimeProvider: Resolving assembly.
TpTrace Information: 0 : 3608, 1, 2024/04/24, 21:10:46.750, 4653612889008, vstest.console.dll, AssemblyResolver.OnResolve: Microsoft.TestPlatform.TestHostRuntimeProvider: Searching in: 'C:\Program Files\dotnet\sdk\8.0.202\Extensions'.
TpTrace Information: 0 : 3608, 1, 2024/04/24, 21:10:46.750, 4653612894739, vstest.console.dll, AssemblyResolver.OnResolve: Microsoft.TestPlatform.TestHostRuntimeProvider: Loading assembly 'C:\Program Files\dotnet\sdk\8.0.202\Extensions\Microsoft.TestPlatform.TestHostRuntimeProvider.dll'.
TpTrace Information: 0 : 3608, 1, 2024/04/24, 21:10:46.751, 4653612906487, vstest.console.dll, AssemblyResolver.OnResolve: Resolved assembly: Microsoft.TestPlatform.TestHostRuntimeProvider, from path: C:\Program Files\dotnet\sdk\8.0.202\Extensions\Microsoft.TestPlatform.TestHostRuntimeProvider.dll
TpTrace Verbose: 0 : 3608, 1, 2024/04/24, 21:10:46.751, 4653612908447, vstest.console.dll, MetadataReaderExtensionsHelper: Discovering extensions inside assembly 'Microsoft.TestPlatform.TestHostRuntimeProvider, Version=15.0.0.0, Culture=neutral, PublicKeyToken=b03f5f7f11d50a3a' file path 'C:\Program Files\dotnet\sdk\8.0.202\Extensions\Microsoft.TestPlatform.TestHostRuntimeProvider.dll'
TpTrace Information: 0 : 3608, 1, 2024/04/24, 21:10:46.754, 4653612938357, vstest.console.dll, GetTestExtensionFromType: Register extension with identifier data 'HostProvider://DefaultTestHost' and type 'Microsoft.VisualStudio.TestPlatform.CrossPlatEngine.Hosting.DefaultTestHostManager, Microsoft.TestPlatform.TestHostRuntimeProvider, Version=15.0.0.0, Culture=neutral, PublicKeyToken=b03f5f7f11d50a3a' inside file 'C:\Program Files\dotnet\sdk\8.0.202\Extensions\Microsoft.TestPlatform.TestHostRuntimeProvider.dll'
TpTrace Information: 0 : 3608, 1, 2024/04/24, 21:10:46.755, 4653612945254, vstest.console.dll, GetTestExtensionFromType: Register extension with identifier data 'HostProvider://DotnetTestHost' and type 'Microsoft.VisualStudio.TestPlatform.CrossPlatEngine.Hosting.DotnetTestHostManager, Microsoft.TestPlatform.TestHostRuntimeProvider, Version=15.0.0.0, Culture=neutral, PublicKeyToken=b03f5f7f11d50a3a' inside file 'C:\Program Files\dotnet\sdk\8.0.202\Extensions\Microsoft.TestPlatform.TestHostRuntimeProvider.dll'
TpTrace Information: 0 : 3608, 1, 2024/04/24, 21:10:46.755, 4653612947998, vstest.console.dll, AssemblyResolver.OnResolve: Microsoft.VisualStudio.TestPlatform.Extensions.Html.TestLogger: Resolving assembly.
TpTrace Information: 0 : 3608, 1, 2024/04/24, 21:10:46.756, 4653612948822, vstest.console.dll, AssemblyResolver.OnResolve: Microsoft.VisualStudio.TestPlatform.Extensions.Html.TestLogger: Searching in: 'C:\Program Files\dotnet\sdk\8.0.202\Extensions'.
TpTrace Information: 0 : 3608, 1, 2024/04/24, 21:10:46.756, 4653612954646, vstest.console.dll, AssemblyResolver.OnResolve: Microsoft.VisualStudio.TestPlatform.Extensions.Html.TestLogger: Loading assembly 'C:\Program Files\dotnet\sdk\8.0.202\Extensions\Microsoft.VisualStudio.TestPlatform.Extensions.Html.TestLogger.dll'.
TpTrace Information: 0 : 3608, 1, 2024/04/24, 21:10:46.757, 4653612966842, vstest.console.dll, AssemblyResolver.OnResolve: Resolved assembly: Microsoft.VisualStudio.TestPlatform.Extensions.Html.TestLogger, from path: C:\Program Files\dotnet\sdk\8.0.202\Extensions\Microsoft.VisualStudio.TestPlatform.Extensions.Html.TestLogger.dll
TpTrace Verbose: 0 : 3608, 1, 2024/04/24, 21:10:46.757, 4653612968500, vstest.console.dll, MetadataReaderExtensionsHelper: Discovering extensions inside assembly 'Microsoft.VisualStudio.TestPlatform.Extensions.Html.TestLogger, Version=15.0.0.0, Culture=neutral, PublicKeyToken=b03f5f7f11d50a3a' file path 'C:\Program Files\dotnet\sdk\8.0.202\Extensions\Microsoft.VisualStudio.TestPlatform.Extensions.Html.TestLogger.dll'
TpTrace Information: 0 : 3608, 1, 2024/04/24, 21:10:46.759, 4653612983330, vstest.console.dll, AssemblyResolver.OnResolve: Microsoft.VisualStudio.TestPlatform.Extensions.Trx.TestLogger: Resolving assembly.
TpTrace Information: 0 : 3608, 1, 2024/04/24, 21:10:46.759, 4653612984685, vstest.console.dll, AssemblyResolver.OnResolve: Microsoft.VisualStudio.TestPlatform.Extensions.Trx.TestLogger: Searching in: 'C:\Program Files\dotnet\sdk\8.0.202\Extensions'.
TpTrace Information: 0 : 3608, 1, 2024/04/24, 21:10:46.760, 4653612996445, vstest.console.dll, AssemblyResolver.OnResolve: Microsoft.VisualStudio.TestPlatform.Extensions.Trx.TestLogger: Loading assembly 'C:\Program Files\dotnet\sdk\8.0.202\Extensions\Microsoft.VisualStudio.TestPlatform.Extensions.Trx.TestLogger.dll'.
TpTrace Information: 0 : 3608, 1, 2024/04/24, 21:10:46.763, 4653613019119, vstest.console.dll, AssemblyResolver.OnResolve: Resolved assembly: Microsoft.VisualStudio.TestPlatform.Extensions.Trx.TestLogger, from path: C:\Program Files\dotnet\sdk\8.0.202\Extensions\Microsoft.VisualStudio.TestPlatform.Extensions.Trx.TestLogger.dll
TpTrace Verbose: 0 : 3608, 1, 2024/04/24, 21:10:46.763, 4653613020964, vstest.console.dll, MetadataReaderExtensionsHelper: Discovering extensions inside assembly 'Microsoft.VisualStudio.TestPlatform.Extensions.Trx.TestLogger, Version=15.0.0.0, Culture=neutral, PublicKeyToken=b03f5f7f11d50a3a' file path 'C:\Program Files\dotnet\sdk\8.0.202\Extensions\Microsoft.VisualStudio.TestPlatform.Extensions.Trx.TestLogger.dll'
TpTrace Verbose: 0 : 3608, 1, 2024/04/24, 21:10:46.765, 4653613042701, vstest.console.dll, TestPluginCache: Discovered the extensions using extension path ''.
TpTrace Verbose: 0 : 3608, 1, 2024/04/24, 21:10:46.765, 4653613044499, vstest.console.dll, TestPluginCache: Discoverers are ''.
TpTrace Verbose: 0 : 3608, 1, 2024/04/24, 21:10:46.765, 4653613045122, vstest.console.dll, TestPluginCache: Executors are ''.
TpTrace Verbose: 0 : 3608, 1, 2024/04/24, 21:10:46.765, 4653613045673, vstest.console.dll, TestPluginCache: Executors2 are ''.
TpTrace Verbose: 0 : 3608, 1, 2024/04/24, 21:10:46.765, 4653613046227, vstest.console.dll, TestPluginCache: Setting providers are ''.
TpTrace Verbose: 0 : 3608, 1, 2024/04/24, 21:10:46.765, 4653613046805, vstest.console.dll, TestPluginCache: Loggers are ''.
TpTrace Verbose: 0 : 3608, 1, 2024/04/24, 21:10:46.765, 4653613048206, vstest.console.dll, TestPluginCache: TestHosts are 'HostProvider://DefaultTestHost,HostProvider://DotnetTestHost'.
TpTrace Verbose: 0 : 3608, 1, 2024/04/24, 21:10:46.766, 4653613049157, vstest.console.dll, TestPluginCache: DataCollectors are ''.
TpTrace Information: 0 : 3608, 1, 2024/04/24, 21:10:46.787, 4653613267036, vstest.console.dll, RunTestsArgumentProcessor:Execute: Test run is starting.
TpTrace Verbose: 0 : 3608, 1, 2024/04/24, 21:10:46.788, 4653613268949, vstest.console.dll, RunTestsArgumentProcessor:Execute: Queuing Test run.
TpTrace Information: 0 : 3608, 1, 2024/04/24, 21:10:46.788, 4653613273071, vstest.console.dll, TestRequestManager.RunTests: run tests started.
TpTrace Information: 0 : 3608, 1, 2024/04/24, 21:10:46.790, 4653613296373, vstest.console.dll, AssemblyMetadataProvider.GetFrameworkName: Determined framework:'.NETCoreApp,Version=v6.0' for source: 'C:\Users\VC\Desktop\DAY 11 - 24.04.2024\ShoppingSolution\ShoppingDALTest\bin\Debug\net6.0\fine-code-coverage\build-output\ShoppingDALTest.dll'
TpTrace Information: 0 : 3608, 1, 2024/04/24, 21:10:46.791, 4653613299658, vstest.console.dll, Determined framework for all sources: .NETCoreApp,Version=v6.0
TpTrace Verbose: 0 : 3608, 1, 2024/04/24, 21:10:46.792, 4653613308856, vstest.console.dll, TestRequestManager.UpdateRunSettingsIfRequired: Default architecture: X64 IsDefaultTargetArchitecture: True, Current process architecture: X64 OperatingSystem: Windows.
TpTrace Information: 0 : 3608, 1, 2024/04/24, 21:10:46.796, 4653613357497, vstest.console.dll, AssemblyMetadataProvider.GetArchitecture: Determined architecture:AnyCPU info for assembly: C:\Users\VC\Desktop\DAY 11 - 24.04.2024\ShoppingSolution\ShoppingDALTest\bin\Debug\net6.0\fine-code-coverage\build-output\ShoppingDALTest.dll
TpTrace Information: 0 : 3608, 1, 2024/04/24, 21:10:46.797, 4653613359500, vstest.console.dll, Determined platform for source 'C:\Users\VC\Desktop\DAY 11 - 24.04.2024\ShoppingSolution\ShoppingDALTest\bin\Debug\net6.0\fine-code-coverage\build-output\ShoppingDALTest.dll' was AnyCPU and it will use the default plaform X64.
TpTrace Information: 0 : 3608, 1, 2024/04/24, 21:10:46.797, 4653613360672, vstest.console.dll, None of the sources provided any runnable platform, using the default platform: X64
TpTrace Information: 0 : 3608, 1, 2024/04/24, 21:10:46.797, 4653613363662, vstest.console.dll, Platform was updated to 'X64'.
TpTrace Information: 0 : 3608, 1, 2024/04/24, 21:10:46.807, 4653613460697, vstest.console.dll, InferRunSettingsHelper.IsTestSettingsEnabled: Unable to navigate to RunSettings/MSTest. Current node: RunSettings
TpTrace Information: 0 : 3608, 1, 2024/04/24, 21:10:46.808, 4653613476949, vstest.console.dll, AssemblyResolver.OnResolve: Microsoft.VisualStudio.TestPlatform.Fakes: Resolving assembly.
TpTrace Information: 0 : 3608, 1, 2024/04/24, 21:10:46.808, 4653613478497, vstest.console.dll, AssemblyResolver.OnResolve: Microsoft.VisualStudio.TestPlatform.Fakes: Searching in: 'C:\Program Files\dotnet\sdk\8.0.202\Extensions'.
TpTrace Information: 0 : 3608, 1, 2024/04/24, 21:10:46.809, 4653613480625, vstest.console.dll, AssemblyResolver.OnResolve: Microsoft.VisualStudio.TestPlatform.Fakes: Assembly path does not exist: 'C:\Program Files\dotnet\sdk\8.0.202\Extensions\Microsoft.VisualStudio.TestPlatform.Fakes.dll', returning.
TpTrace Information: 0 : 3608, 1, 2024/04/24, 21:10:46.809, 4653613481932, vstest.console.dll, AssemblyResolver.OnResolve: Microsoft.VisualStudio.TestPlatform.Fakes: Assembly path does not exist: 'C:\Program Files\dotnet\sdk\8.0.202\Extensions\Microsoft.VisualStudio.TestPlatform.Fakes.exe', returning.
TpTrace Information: 0 : 3608, 1, 2024/04/24, 21:10:46.809, 4653613482790, vstest.console.dll, AssemblyResolver.OnResolve: Microsoft.VisualStudio.TestPlatform.Fakes: Searching in: 'C:\Program Files\dotnet\sdk\8.0.202'.
TpTrace Information: 0 : 3608, 1, 2024/04/24, 21:10:46.809, 4653613484094, vstest.console.dll, AssemblyResolver.OnResolve: Microsoft.VisualStudio.TestPlatform.Fakes: Assembly path does not exist: 'C:\Program Files\dotnet\sdk\8.0.202\Microsoft.VisualStudio.TestPlatform.Fakes.dll', returning.
TpTrace Information: 0 : 3608, 1, 2024/04/24, 21:10:46.809, 4653613485187, vstest.console.dll, AssemblyResolver.OnResolve: Microsoft.VisualStudio.TestPlatform.Fakes: Assembly path does not exist: 'C:\Program Files\dotnet\sdk\8.0.202\Microsoft.VisualStudio.TestPlatform.Fakes.exe', returning.
TpTrace Information: 0 : 3608, 1, 2024/04/24, 21:10:46.809, 4653613485834, vstest.console.dll, AssemblyResolver.OnResolve: Microsoft.VisualStudio.TestPlatform.Fakes: Failed to load assembly.
TpTrace Information: 0 : 3608, 1, 2024/04/24, 21:10:46.810, 4653613490860, vstest.console.dll, Failed to load assembly Microsoft.VisualStudio.TestPlatform.Fakes, Version=17.0.0.0, Culture=neutral. Reason:System.IO.FileNotFoundException: Could not load file or assembly 'Microsoft.VisualStudio.TestPlatform.Fakes, Version=17.0.0.0, Culture=neutral, PublicKeyToken=null'. The system cannot find the file specified.
File name: 'Microsoft.VisualStudio.TestPlatform.Fakes, Version=17.0.0.0, Culture=neutral, PublicKeyToken=null'
   at System.Reflection.RuntimeAssembly.InternalLoad(AssemblyName assemblyName, StackCrawlMark& stackMark, AssemblyLoadContext assemblyLoadContext, RuntimeAssembly requestingAssembly, Boolean throwOnFileNotFound)
   at System.Reflection.Assembly.Load(AssemblyName assemblyRef)
   at Microsoft.VisualStudio.TestPlatform.Common.Utilities.FakesUtilities.LoadTestPlatformAssembly() in /_/src/Microsoft.TestPlatform.Common/Utilities/FakesUtilities.cs:line 272
TpTrace Verbose: 0 : 3608, 1, 2024/04/24, 21:10:46.816, 4653613552643, vstest.console.dll, TestPluginCache.DiscoverTestExtensions: finding test extensions in assemblies ends with: TestLogger.dll TPluginInfo: Microsoft.VisualStudio.TestPlatform.Common.ExtensionFramework.Utilities.TestLoggerPluginInformation TExtension: Microsoft.VisualStudio.TestPlatform.ObjectModel.Client.ITestLogger
TpTrace Verbose: 0 : 3608, 1, 2024/04/24, 21:10:46.816, 4653613554954, vstest.console.dll, TestPluginCache.GetExtensionPaths: Filtered extension paths: 
TpTrace Verbose: 0 : 3608, 1, 2024/04/24, 21:10:46.816, 4653613555786, vstest.console.dll, TestPluginCache.GetExtensionPaths: Added default extension paths: C:\Program Files\dotnet\sdk\8.0.202\Extensions\Microsoft.Diagnostics.NETCore.Client.dll
C:\Program Files\dotnet\sdk\8.0.202\Extensions\Microsoft.TestPlatform.Extensions.BlameDataCollector.dll
C:\Program Files\dotnet\sdk\8.0.202\Extensions\Microsoft.TestPlatform.Extensions.EventLogCollector.dll
C:\Program Files\dotnet\sdk\8.0.202\Extensions\Microsoft.TestPlatform.TestHostRuntimeProvider.dll
C:\Program Files\dotnet\sdk\8.0.202\Extensions\Microsoft.VisualStudio.TestPlatform.Extensions.Html.TestLogger.dll
C:\Program Files\dotnet\sdk\8.0.202\Extensions\Microsoft.VisualStudio.TestPlatform.Extensions.Trx.TestLogger.dll
TpTrace Verbose: 0 : 3608, 1, 2024/04/24, 21:10:46.816, 4653613556519, vstest.console.dll, TestPluginCache.GetExtensionPaths: Added unfilterableExtensionPaths: 
TpTrace Information: 0 : 3608, 1, 2024/04/24, 21:10:46.817, 4653613559156, vstest.console.dll, AssemblyResolver.AddSearchDirectories: Adding more searchDirectories C:\Program Files\dotnet\sdk\8.0.202\Extensions,C:\Program Files\dotnet\sdk\8.0.202
TpTrace Verbose: 0 : 3608, 1, 2024/04/24, 21:10:46.817, 4653613560160, vstest.console.dll, TestPluginCache.DiscoverTestExtensions: Discovering the extensions using extension path.
TpTrace Verbose: 0 : 3608, 1, 2024/04/24, 21:10:46.817, 4653613560947, vstest.console.dll, TestPluginCache.GetExtensionPaths: Filtered extension paths: 
TpTrace Verbose: 0 : 3608, 1, 2024/04/24, 21:10:46.817, 4653613561840, vstest.console.dll, TestPluginCache.GetExtensionPaths: Added default extension paths: C:\Program Files\dotnet\sdk\8.0.202\Extensions\Microsoft.Diagnostics.NETCore.Client.dll
C:\Program Files\dotnet\sdk\8.0.202\Extensions\Microsoft.TestPlatform.Extensions.BlameDataCollector.dll
C:\Program Files\dotnet\sdk\8.0.202\Extensions\Microsoft.TestPlatform.Extensions.EventLogCollector.dll
C:\Program Files\dotnet\sdk\8.0.202\Extensions\Microsoft.TestPlatform.TestHostRuntimeProvider.dll
C:\Program Files\dotnet\sdk\8.0.202\Extensions\Microsoft.VisualStudio.TestPlatform.Extensions.Html.TestLogger.dll
C:\Program Files\dotnet\sdk\8.0.202\Extensions\Microsoft.VisualStudio.TestPlatform.Extensions.Trx.TestLogger.dll
TpTrace Verbose: 0 : 3608, 1, 2024/04/24, 21:10:46.817, 4653613562567, vstest.console.dll, TestPluginCache.GetExtensionPaths: Added unfilterableExtensionPaths: 
TpTrace Verbose: 0 : 3608, 1, 2024/04/24, 21:10:46.817, 4653613563403, vstest.console.dll, TestPluginCache.DiscoverTestExtensions: Discovering the extensions using allExtensionPaths: C:\Program Files\dotnet\sdk\8.0.202\Extensions\Microsoft.Diagnostics.NETCore.Client.dll
C:\Program Files\dotnet\sdk\8.0.202\Extensions\Microsoft.TestPlatform.Extensions.BlameDataCollector.dll
C:\Program Files\dotnet\sdk\8.0.202\Extensions\Microsoft.TestPlatform.Extensions.EventLogCollector.dll
C:\Program Files\dotnet\sdk\8.0.202\Extensions\Microsoft.TestPlatform.TestHostRuntimeProvider.dll
C:\Program Files\dotnet\sdk\8.0.202\Extensions\Microsoft.VisualStudio.TestPlatform.Extensions.Html.TestLogger.dll
C:\Program Files\dotnet\sdk\8.0.202\Extensions\Microsoft.VisualStudio.TestPlatform.Extensions.Trx.TestLogger.dll
TpTrace Information: 0 : 3608, 1, 2024/04/24, 21:10:46.817, 4653613565279, vstest.console.dll, AssemblyResolver.AddSearchDirectories: Adding more searchDirectories C:\Program Files\dotnet\sdk\8.0.202\Extensions,C:\Program Files\dotnet\sdk\8.0.202
TpTrace Information: 0 : 3608, 1, 2024/04/24, 21:10:46.817, 4653613566262, vstest.console.dll, AssemblyResolver.AddSearchDirectories: Adding more searchDirectories C:\Program Files\dotnet\sdk\8.0.202\Extensions,C:\Program Files\dotnet\sdk\8.0.202
TpTrace Information: 0 : 3608, 1, 2024/04/24, 21:10:46.817, 4653613566982, vstest.console.dll, AssemblyResolver.AddSearchDirectories: Adding more searchDirectories C:\Program Files\dotnet\sdk\8.0.202\Extensions,C:\Program Files\dotnet\sdk\8.0.202
TpTrace Information: 0 : 3608, 1, 2024/04/24, 21:10:46.817, 4653613567671, vstest.console.dll, AssemblyResolver.AddSearchDirectories: Adding more searchDirectories C:\Program Files\dotnet\sdk\8.0.202\Extensions,C:\Program Files\dotnet\sdk\8.0.202
TpTrace Information: 0 : 3608, 1, 2024/04/24, 21:10:46.817, 4653613568381, vstest.console.dll, AssemblyResolver.AddSearchDirectories: Adding more searchDirectories C:\Program Files\dotnet\sdk\8.0.202\Extensions,C:\Program Files\dotnet\sdk\8.0.202
TpTrace Information: 0 : 3608, 1, 2024/04/24, 21:10:46.818, 4653613569177, vstest.console.dll, AssemblyResolver.AddSearchDirectories: Adding more searchDirectories C:\Program Files\dotnet\sdk\8.0.202\Extensions,C:\Program Files\dotnet\sdk\8.0.202
TpTrace Verbose: 0 : 3608, 1, 2024/04/24, 21:10:46.818, 4653613571354, vstest.console.dll, MetadataReaderExtensionsHelper: Discovering extensions inside assembly 'Microsoft.Diagnostics.NETCore.Client, Version=0.2.9.2401, Culture=neutral, PublicKeyToken=31bf3856ad364e35' file path 'C:\Program Files\dotnet\sdk\8.0.202\Extensions\Microsoft.Diagnostics.NETCore.Client.dll'
TpTrace Information: 0 : 3608, 1, 2024/04/24, 21:10:46.819, 4653613585579, vstest.console.dll, AssemblyResolver.OnResolve: Microsoft.Bcl.AsyncInterfaces: Resolving assembly.
TpTrace Information: 0 : 3608, 1, 2024/04/24, 21:10:46.819, 4653613587239, vstest.console.dll, AssemblyResolver.OnResolve: Microsoft.Bcl.AsyncInterfaces: Resolved from cache.
TpTrace Verbose: 0 : 3608, 1, 2024/04/24, 21:10:46.819, 4653613587893, vstest.console.dll, CurrentDomainAssemblyResolve: Resolving assembly 'Microsoft.Bcl.AsyncInterfaces'.
TpTrace Information: 0 : 3608, 1, 2024/04/24, 21:10:46.820, 4653613589038, vstest.console.dll, AssemblyResolver.OnResolve: Microsoft.Bcl.AsyncInterfaces: Resolving assembly.
TpTrace Information: 0 : 3608, 1, 2024/04/24, 21:10:46.820, 4653613589719, vstest.console.dll, AssemblyResolver.OnResolve: Microsoft.Bcl.AsyncInterfaces: Resolved from cache.
TpTrace Verbose: 0 : 3608, 1, 2024/04/24, 21:10:46.820, 4653613590353, vstest.console.dll, CurrentDomainAssemblyResolve: Resolving assembly 'Microsoft.Bcl.AsyncInterfaces'.
TpTrace Verbose: 0 : 3608, 1, 2024/04/24, 21:10:46.820, 4653613590955, vstest.console.dll, CurrentDomainAssemblyResolve: Failed to resolve assembly 'Microsoft.Bcl.AsyncInterfaces'.
TpTrace Verbose: 0 : 3608, 1, 2024/04/24, 21:10:46.820, 4653613594025, vstest.console.dll, CurrentDomainAssemblyResolve: Failed to resolve assembly 'Microsoft.Bcl.AsyncInterfaces'.
TpTrace Warning: 0 : 3608, 1, 2024/04/24, 21:10:46.821, 4653613600237, vstest.console.dll, TestPluginDiscoverer: Failed to get types from assembly 'Microsoft.Diagnostics.NETCore.Client, Version=0.2.9.2401, Culture=neutral, PublicKeyToken=31bf3856ad364e35'. Error: System.Reflection.ReflectionTypeLoadException: Unable to load one or more of the requested types.
Could not load file or assembly 'Microsoft.Bcl.AsyncInterfaces, Version=6.0.0.0, Culture=neutral, PublicKeyToken=cc7b13ffcd2ddd51'. The system cannot find the file specified.
   at System.Reflection.RuntimeModule.GetTypes(RuntimeModule module)
   at System.Reflection.RuntimeModule.GetTypes()
   at Microsoft.VisualStudio.TestPlatform.Common.ExtensionFramework.TestPluginDiscoverer.GetTestExtensionsFromAssembly[TPluginInfo,TExtension](Assembly assembly, Dictionary`2 pluginInfos, String filePath) in /_/src/Microsoft.TestPlatform.Common/ExtensionFramework/TestPluginDiscoverer.cs:line 158
System.IO.FileNotFoundException: Could not load file or assembly 'Microsoft.Bcl.AsyncInterfaces, Version=6.0.0.0, Culture=neutral, PublicKeyToken=cc7b13ffcd2ddd51'. The system cannot find the file specified.
File name: 'Microsoft.Bcl.AsyncInterfaces, Version=6.0.0.0, Culture=neutral, PublicKeyToken=cc7b13ffcd2ddd51'
 ---> System.IO.FileNotFoundException: Could not load file or assembly 'Microsoft.Bcl.AsyncInterfaces, Culture=neutral, PublicKeyToken=null'. The system cannot find the file specified.
File name: 'Microsoft.Bcl.AsyncInterfaces, Culture=neutral, PublicKeyToken=null'
   at System.Reflection.RuntimeAssembly.InternalLoad(AssemblyName assemblyName, StackCrawlMark& stackMark, AssemblyLoadContext assemblyLoadContext, RuntimeAssembly requestingAssembly, Boolean throwOnFileNotFound)
   at System.Reflection.Assembly.Load(AssemblyName assemblyRef)
   at Microsoft.VisualStudio.TestPlatform.Common.ExtensionFramework.TestPluginCache.CurrentDomainAssemblyResolve(Object sender, AssemblyResolveEventArgs args) in /_/src/Microsoft.TestPlatform.Common/ExtensionFramework/TestPluginCache.cs:line 513
   at System.Runtime.Loader.AssemblyLoadContext.GetFirstResolvedAssemblyFromResolvingEvent(AssemblyName assemblyName)
   at System.Runtime.Loader.AssemblyLoadContext.ResolveUsingEvent(AssemblyName assemblyName)
   at System.Runtime.Loader.AssemblyLoadContext.ResolveUsingResolvingEvent(IntPtr gchManagedAssemblyLoadContext, AssemblyName assemblyName)
TpTrace Warning: 0 : 3608, 1, 2024/04/24, 21:10:46.821, 4653613603806, vstest.console.dll, LoaderExceptions: System.IO.FileNotFoundException: Could not load file or assembly 'Microsoft.Bcl.AsyncInterfaces, Version=6.0.0.0, Culture=neutral, PublicKeyToken=cc7b13ffcd2ddd51'. The system cannot find the file specified.
File name: 'Microsoft.Bcl.AsyncInterfaces, Version=6.0.0.0, Culture=neutral, PublicKeyToken=cc7b13ffcd2ddd51'
 ---> System.IO.FileNotFoundException: Could not load file or assembly 'Microsoft.Bcl.AsyncInterfaces, Culture=neutral, PublicKeyToken=null'. The system cannot find the file specified.
File name: 'Microsoft.Bcl.AsyncInterfaces, Culture=neutral, PublicKeyToken=null'
   at System.Reflection.RuntimeAssembly.InternalLoad(AssemblyName assemblyName, StackCrawlMark& stackMark, AssemblyLoadContext assemblyLoadContext, RuntimeAssembly requestingAssembly, Boolean throwOnFileNotFound)
   at System.Reflection.Assembly.Load(AssemblyName assemblyRef)
   at Microsoft.VisualStudio.TestPlatform.Common.ExtensionFramework.TestPluginCache.CurrentDomainAssemblyResolve(Object sender, AssemblyResolveEventArgs args) in /_/src/Microsoft.TestPlatform.Common/ExtensionFramework/TestPluginCache.cs:line 513
   at System.Runtime.Loader.AssemblyLoadContext.GetFirstResolvedAssemblyFromResolvingEvent(AssemblyName assemblyName)
   at System.Runtime.Loader.AssemblyLoadContext.ResolveUsingEvent(AssemblyName assemblyName)
   at System.Runtime.Loader.AssemblyLoadContext.ResolveUsingResolvingEvent(IntPtr gchManagedAssemblyLoadContext, AssemblyName assemblyName)
TpTrace Verbose: 0 : 3608, 1, 2024/04/24, 21:10:46.821, 4653613605955, vstest.console.dll, MetadataReaderExtensionsHelper: Discovering extensions inside assembly 'Microsoft.TestPlatform.Extensions.BlameDataCollector, Version=15.0.0.0, Culture=neutral, PublicKeyToken=b03f5f7f11d50a3a' file path 'C:\Program Files\dotnet\sdk\8.0.202\Extensions\Microsoft.TestPlatform.Extensions.BlameDataCollector.dll'
TpTrace Information: 0 : 3608, 1, 2024/04/24, 21:10:46.822, 4653613617191, vstest.console.dll, GetTestExtensionFromType: Register extension with identifier data 'logger://Microsoft/TestPlatform/Extensions/Blame/v1' and type 'Microsoft.TestPlatform.Extensions.BlameDataCollector.BlameLogger, Microsoft.TestPlatform.Extensions.BlameDataCollector, Version=15.0.0.0, Culture=neutral, PublicKeyToken=b03f5f7f11d50a3a' inside file 'C:\Program Files\dotnet\sdk\8.0.202\Extensions\Microsoft.TestPlatform.Extensions.BlameDataCollector.dll'
TpTrace Verbose: 0 : 3608, 1, 2024/04/24, 21:10:46.823, 4653613619629, vstest.console.dll, MetadataReaderExtensionsHelper: Discovering extensions inside assembly 'Microsoft.TestPlatform.Extensions.EventLogCollector, Version=15.0.0.0, Culture=neutral, PublicKeyToken=b03f5f7f11d50a3a' file path 'C:\Program Files\dotnet\sdk\8.0.202\Extensions\Microsoft.TestPlatform.Extensions.EventLogCollector.dll'
TpTrace Verbose: 0 : 3608, 1, 2024/04/24, 21:10:46.823, 4653613626808, vstest.console.dll, MetadataReaderExtensionsHelper: Discovering extensions inside assembly 'Microsoft.TestPlatform.TestHostRuntimeProvider, Version=15.0.0.0, Culture=neutral, PublicKeyToken=b03f5f7f11d50a3a' file path 'C:\Program Files\dotnet\sdk\8.0.202\Extensions\Microsoft.TestPlatform.TestHostRuntimeProvider.dll'
TpTrace Verbose: 0 : 3608, 1, 2024/04/24, 21:10:46.824, 4653613633172, vstest.console.dll, MetadataReaderExtensionsHelper: Discovering extensions inside assembly 'Microsoft.VisualStudio.TestPlatform.Extensions.Html.TestLogger, Version=15.0.0.0, Culture=neutral, PublicKeyToken=b03f5f7f11d50a3a' file path 'C:\Program Files\dotnet\sdk\8.0.202\Extensions\Microsoft.VisualStudio.TestPlatform.Extensions.Html.TestLogger.dll'
TpTrace Information: 0 : 3608, 1, 2024/04/24, 21:10:46.825, 4653613644764, vstest.console.dll, GetTestExtensionFromType: Register extension with identifier data 'logger://Microsoft/TestPlatform/HtmlLogger/v1' and type 'Microsoft.VisualStudio.TestPlatform.Extensions.HtmlLogger.HtmlLogger, Microsoft.VisualStudio.TestPlatform.Extensions.Html.TestLogger, Version=15.0.0.0, Culture=neutral, PublicKeyToken=b03f5f7f11d50a3a' inside file 'C:\Program Files\dotnet\sdk\8.0.202\Extensions\Microsoft.VisualStudio.TestPlatform.Extensions.Html.TestLogger.dll'
TpTrace Verbose: 0 : 3608, 1, 2024/04/24, 21:10:46.825, 4653613646553, vstest.console.dll, MetadataReaderExtensionsHelper: Discovering extensions inside assembly 'Microsoft.VisualStudio.TestPlatform.Extensions.Trx.TestLogger, Version=15.0.0.0, Culture=neutral, PublicKeyToken=b03f5f7f11d50a3a' file path 'C:\Program Files\dotnet\sdk\8.0.202\Extensions\Microsoft.VisualStudio.TestPlatform.Extensions.Trx.TestLogger.dll'
TpTrace Information: 0 : 3608, 1, 2024/04/24, 21:10:46.826, 4653613653405, vstest.console.dll, GetTestExtensionFromType: Register extension with identifier data 'logger://Microsoft/TestPlatform/TrxLogger/v1' and type 'Microsoft.VisualStudio.TestPlatform.Extensions.TrxLogger.TrxLogger, Microsoft.VisualStudio.TestPlatform.Extensions.Trx.TestLogger, Version=15.0.0.0, Culture=neutral, PublicKeyToken=b03f5f7f11d50a3a' inside file 'C:\Program Files\dotnet\sdk\8.0.202\Extensions\Microsoft.VisualStudio.TestPlatform.Extensions.Trx.TestLogger.dll'
TpTrace Verbose: 0 : 3608, 1, 2024/04/24, 21:10:46.826, 4653613655066, vstest.console.dll, TestPluginCache: Discovered the extensions using extension path ''.
TpTrace Verbose: 0 : 3608, 1, 2024/04/24, 21:10:46.826, 4653613655787, vstest.console.dll, TestPluginCache: Discoverers are ''.
TpTrace Verbose: 0 : 3608, 1, 2024/04/24, 21:10:46.826, 4653613656423, vstest.console.dll, TestPluginCache: Executors are ''.
TpTrace Verbose: 0 : 3608, 1, 2024/04/24, 21:10:46.826, 4653613657050, vstest.console.dll, TestPluginCache: Executors2 are ''.
TpTrace Verbose: 0 : 3608, 1, 2024/04/24, 21:10:46.826, 4653613657674, vstest.console.dll, TestPluginCache: Setting providers are ''.
TpTrace Verbose: 0 : 3608, 1, 2024/04/24, 21:10:46.827, 4653613659042, vstest.console.dll, TestPluginCache: Loggers are 'logger://Microsoft/TestPlatform/Extensions/Blame/v1,logger://Microsoft/TestPlatform/HtmlLogger/v1,logger://Microsoft/TestPlatform/TrxLogger/v1'.
TpTrace Verbose: 0 : 3608, 1, 2024/04/24, 21:10:46.827, 4653613660062, vstest.console.dll, TestPluginCache: TestHosts are 'HostProvider://DefaultTestHost,HostProvider://DotnetTestHost'.
TpTrace Verbose: 0 : 3608, 1, 2024/04/24, 21:10:46.827, 4653613660823, vstest.console.dll, TestPluginCache: DataCollectors are ''.
TpTrace Information: 0 : 3608, 1, 2024/04/24, 21:10:46.828, 4653613678104, vstest.console.dll, TestPluginManager.CreateTestExtension: Attempting to load test extension: Microsoft.TestPlatform.Extensions.BlameDataCollector.BlameLogger
TpTrace Verbose: 0 : 3608, 1, 2024/04/24, 21:10:46.845, 4653613839047, vstest.console.dll, TestEngine: Initializing Parallel Execution as MaxCpuCount is set to: 1
TpTrace Information: 0 : 3608, 1, 2024/04/24, 21:10:46.847, 4653613868291, vstest.console.dll, TestPluginManager.CreateTestExtension: Attempting to load test extension: Microsoft.VisualStudio.TestPlatform.CrossPlatEngine.Hosting.DefaultTestHostManager
TpTrace Information: 0 : 3608, 1, 2024/04/24, 21:10:46.850, 4653613891945, vstest.console.dll, TestPluginManager.CreateTestExtension: Attempting to load test extension: Microsoft.VisualStudio.TestPlatform.CrossPlatEngine.Hosting.DotnetTestHostManager
TpTrace Information: 0 : 3608, 1, 2024/04/24, 21:10:46.851, 4653613905250, vstest.console.dll, InferRunSettingsHelper.IsTestSettingsEnabled: Unable to navigate to RunSettings/MSTest. Current node: RunSettings
TpTrace Verbose: 0 : 3608, 1, 2024/04/24, 21:10:46.854, 4653613929835, vstest.console.dll, ParallelOperationManager.ClearSlots: Clearing all slots. Slots should accept more work: True
TpTrace Verbose: 0 : 3608, 1, 2024/04/24, 21:10:46.856, 4653613952596, vstest.console.dll, ParallelOperationManager.SetOccupiedSlotCount: Setting slot counts AvailableSlotCount = 1, OccupiedSlotCount = 0.
TpTrace Verbose: 0 : 3608, 1, 2024/04/24, 21:10:46.857, 4653613959714, vstest.console.dll, Occupied slots:

TpTrace Verbose: 0 : 3608, 1, 2024/04/24, 21:10:46.865, 4653614041109, vstest.console.dll, TestEngine.GetExecutionManager: Chosen execution manager 'Microsoft.VisualStudio.TestPlatform.CrossPlatEngine.Client.Parallel.ParallelProxyExecutionManager, Microsoft.TestPlatform.CrossPlatEngine, Version=15.0.0.0, Culture=neutral, PublicKeyToken=b03f5f7f11d50a3a' ParallelLevel '1'.
TpTrace Verbose: 0 : 3608, 1, 2024/04/24, 21:10:46.865, 4653614044895, vstest.console.dll, TestRunRequest.ExecuteAsync: Creating test run request.
TpTrace Verbose: 0 : 3608, 1, 2024/04/24, 21:10:46.866, 4653614049561, vstest.console.dll, TestRunRequest.ExecuteAsync: Starting.
TpTrace Information: 0 : 3608, 1, 2024/04/24, 21:10:46.868, 4653614072623, vstest.console.dll, TestRunRequest.ExecuteAsync: Starting run with settings:TestRunCriteria:
   KeepAlive=False,FrequencyOfRunStatsChangeEvent=10,RunStatsChangeEventTimeout=00:00:01.5000000,TestCaseFilter=,TestExecutorLauncher=
   Settingsxml=<RunSettings>
  <RunConfiguration>
    <ResultsDirectory>C:\Users\VC\Desktop\DAY 11 - 24.04.2024\ShoppingSolution\ShoppingDALTest\bin\Debug\net6.0\fine-code-coverage\coverage-tool-output</ResultsDirectory>
    <TargetPlatform>X64</TargetPlatform>
    <TargetFrameworkVersion>.NETCoreApp,Version=v6.0</TargetFrameworkVersion>
    <DesignMode>False</DesignMode>
    <CollectSourceInformation>False</CollectSourceInformation>
  </RunConfiguration>
  <LoggerRunSettings>
    <Loggers>
      <Logger friendlyName="blame" enabled="True" />
      <Logger friendlyName="Console" uri="logger://microsoft/TestPlatform/ConsoleLogger/v1" assemblyQualifiedName="Microsoft.VisualStudio.TestPlatform.CommandLine.Internal.ConsoleLogger, vstest.console, Version=15.0.0.0, Culture=neutral, PublicKeyToken=b03f5f7f11d50a3a" codeBase="C:\Program Files\dotnet\sdk\8.0.202\vstest.console.dll" enabled="True" />
    </Loggers>
  </LoggerRunSettings>
  <DataCollectionRunSettings>
    <DataCollectors>
      <DataCollector friendlyName="blame" enabled="True">
        <Configuration>
          <ResultsDirectory>C:\Users\VC\Desktop\DAY 11 - 24.04.2024\ShoppingSolution\ShoppingDALTest\bin\Debug\net6.0\fine-code-coverage\coverage-tool-output</ResultsDirectory>
        </Configuration>
      </DataCollector>
    </DataCollectors>
  </DataCollectionRunSettings>
</RunSettings>

TpTrace Verbose: 0 : 3608, 1, 2024/04/24, 21:10:46.868, 4653614074205, vstest.console.dll, TestRunRequest.ExecuteAsync: Wait for the first run request is over.
TpTrace Verbose: 0 : 3608, 1, 2024/04/24, 21:10:46.869, 4653614081551, vstest.console.dll, MulticastDelegateUtilities.SafeInvoke: TestRun.TestRunStart: Invoking callbacks was skipped because there are no subscribers.
TpTrace Verbose: 0 : 3608, 5, 2024/04/24, 21:10:46.869, 4653614087609, vstest.console.dll, MulticastDelegateUtilities.SafeInvoke: InternalTestLoggerEvents.SendTestRunStart: Invoking callback 1/1 for Microsoft.VisualStudio.TestPlatform.CommandLine.Internal.ConsoleLogger., took 0 ms.
TpTrace Verbose: 0 : 3608, 1, 2024/04/24, 21:10:46.873, 4653614126509, vstest.console.dll, ParallelProxyExecutionManager: Start execution. Total sources: 1
TpTrace Verbose: 0 : 3608, 1, 2024/04/24, 21:10:46.875, 4653614139778, vstest.console.dll, ParallelOperationManager.StartWork: Starting adding 1 workloads.
TpTrace Verbose: 0 : 3608, 1, 2024/04/24, 21:10:46.875, 4653614142506, vstest.console.dll, ParallelOperationManager.ClearSlots: Clearing all slots. Slots should accept more work: True
TpTrace Verbose: 0 : 3608, 1, 2024/04/24, 21:10:46.875, 4653614144816, vstest.console.dll, ParallelOperationManager.SetOccupiedSlotCount: Setting slot counts AvailableSlotCount = 1, OccupiedSlotCount = 0.
TpTrace Verbose: 0 : 3608, 1, 2024/04/24, 21:10:46.875, 4653614146088, vstest.console.dll, Occupied slots:

TpTrace Verbose: 0 : 3608, 1, 2024/04/24, 21:10:46.880, 4653614192695, vstest.console.dll, TestRequestSender is acting as server.
TpTrace Verbose: 0 : 3608, 1, 2024/04/24, 21:10:46.884, 4653614238286, vstest.console.dll, ParallelOperationManager.RunWorkInParallel: Adding 1 workload to slot, remaining workloads 0.
TpTrace Verbose: 0 : 3608, 1, 2024/04/24, 21:10:46.885, 4653614243897, vstest.console.dll, ParallelOperationManager.SetOccupiedSlotCount: Setting slot counts AvailableSlotCount = 0, OccupiedSlotCount = 1.
TpTrace Verbose: 0 : 3608, 1, 2024/04/24, 21:10:46.885, 4653614247770, vstest.console.dll, Occupied slots:
0: C:\Users\VC\Desktop\DAY 11 - 24.04.2024\ShoppingSolution\ShoppingDALTest\bin\Debug\net6.0\fine-code-coverage\build-output\ShoppingDALTest.dll
TpTrace Verbose: 0 : 3608, 1, 2024/04/24, 21:10:46.888, 4653614272335, vstest.console.dll, ParallelOperationManager.RunWorkInParallel: Started host in slot number 0 for work (source): C:\Users\VC\Desktop\DAY 11 - 24.04.2024\ShoppingSolution\ShoppingDALTest\bin\Debug\net6.0\fine-code-coverage\build-output\ShoppingDALTest.dll.
TpTrace Verbose: 0 : 3608, 1, 2024/04/24, 21:10:46.890, 4653614294061, vstest.console.dll, ParallelOperationManager.RunWorkInParallel: We started 1 work items, which is the max parallel level. Won't start more work.
TpTrace Verbose: 0 : 3608, 1, 2024/04/24, 21:10:46.890, 4653614295757, vstest.console.dll, ParallelOperationManager.RunWorkInParallel: We started 1 work items in here, returning True.
TpTrace Information: 0 : 3608, 1, 2024/04/24, 21:10:46.890, 4653614296768, vstest.console.dll, TestRunRequest.ExecuteAsync: Started.
TpTrace Verbose: 0 : 3608, 6, 2024/04/24, 21:10:46.890, 4653614297220, vstest.console.dll, ParallelProxyExecutionManager.StartTestRunOnConcurrentManager: Initializing uninitialized client. Started clients: 0
TpTrace Verbose: 0 : 3608, 6, 2024/04/24, 21:10:46.891, 4653614301334, vstest.console.dll, DataCollectionRequestSender.InitializeCommunication : Initialize communication. 
TpTrace Verbose: 0 : 3608, 1, 2024/04/24, 21:10:46.892, 4653614309609, vstest.console.dll, TestRunRequest.WaitForCompletion: Waiting with timeout -1.
TpTrace Information: 0 : 3608, 6, 2024/04/24, 21:10:46.911, 4653614500086, vstest.console.dll, Listening on Endpoint : 127.0.0.1:59212
TpTrace Verbose: 0 : 3608, 6, 2024/04/24, 21:10:46.927, 4653614664632, vstest.console.dll, DotnetDataCollectionLauncher: Adding  --runtimeconfig "C:\Program Files\dotnet\sdk\8.0.202\datacollector.runtimeconfig.json" in args
TpTrace Verbose: 0 : 3608, 6, 2024/04/24, 21:10:46.927, 4653614668364, vstest.console.dll, DotnetDataCollectionLauncher: Adding  --depsfile "C:\Program Files\dotnet\sdk\8.0.202\datacollector.deps.json" in args
TpTrace Verbose: 0 : 3608, 6, 2024/04/24, 21:10:46.929, 4653614685072, vstest.console.dll, DotnetDataCollectionLauncher: Full path of dotnet.exe is C:\Program Files\dotnet\dotnet.exe
TpTrace Information: 0 : 3608, 6, 2024/04/24, 21:10:46.942, 4653614812375, vstest.console.dll, ProxyDataCollectionManager.Initialize: Launched datacollector processId: 11516 port: 59212
TpTrace Information: 0 : 3608, 6, 2024/04/24, 21:10:46.942, 4653614815024, vstest.console.dll, ProxyDataCollectionManager.Initialize: waiting for connection with timeout: 90 seconds
TpTrace Verbose: 0 : 3608, 6, 2024/04/24, 21:10:46.942, 4653614816106, vstest.console.dll, DataCollectionRequestSender.WaitForRequestHandlerConnection : Waiting for connection with timeout: 90000
TpTrace Information: 0 : 3608, 8, 2024/04/24, 21:10:47.311, 4653618498743, vstest.console.dll, Using the buffer size of 16384 bytes
TpTrace Verbose: 0 : 3608, 6, 2024/04/24, 21:10:47.311, 4653618499198, vstest.console.dll, SocketCommunicationManager.WaitForClientConnection took: 368 ms, with 90000 ms timeout, and finished with True.
TpTrace Verbose: 0 : 3608, 6, 2024/04/24, 21:10:47.311, 4653618502356, vstest.console.dll, ProxyDataCollectionManager.InvokeDataCollectionServiceAction: Starting.
TpTrace Information: 0 : 3608, 8, 2024/04/24, 21:10:47.311, 4653618502815, vstest.console.dll, Accepted Client request and set the flag
TpTrace Information: 0 : 3608, 6, 2024/04/24, 21:10:47.311, 4653618504436, vstest.console.dll, ProxyDataCollectionManager.BeforeTestRunStart: Get environment variable and port for datacollector processId: 11516 port: 59212
TpTrace Verbose: 0 : 3608, 6, 2024/04/24, 21:10:47.311, 4653618506136, vstest.console.dll, DataCollectionRequestSender.SendBeforeTestRunStartAndGetResult: Send BeforeTestRunStart message with settingsXml <RunSettings><RunConfiguration><ResultsDirectory>C:\Users\VC\Desktop\DAY 11 - 24.04.2024\ShoppingSolution\ShoppingDALTest\bin\Debug\net6.0\fine-code-coverage\coverage-tool-output</ResultsDirectory><TargetPlatform>X64</TargetPlatform><TargetFrameworkVersion>.NETCoreApp,Version=v6.0</TargetFrameworkVersion><DesignMode>False</DesignMode><CollectSourceInformation>False</CollectSourceInformation><TestAdaptersPaths>C:\Program Files\dotnet\sdk\8.0.202\Extensions</TestAdaptersPaths></RunConfiguration><LoggerRunSettings><Loggers><Logger friendlyName="blame" enabled="True" /><Logger friendlyName="Console" uri="logger://microsoft/TestPlatform/ConsoleLogger/v1" assemblyQualifiedName="Microsoft.VisualStudio.TestPlatform.CommandLine.Internal.ConsoleLogger, vstest.console, Version=15.0.0.0, Culture=neutral, PublicKeyToken=b03f5f7f11d50a3a" codeBase="C:\Program Files\dotnet\sdk\8.0.202\vstest.console.dll" enabled="True" /></Loggers></LoggerRunSettings><DataCollectionRunSettings><DataCollectors><DataCollector friendlyName="blame" enabled="True"><Configuration><ResultsDirectory>C:\Users\VC\Desktop\DAY 11 - 24.04.2024\ShoppingSolution\ShoppingDALTest\bin\Debug\net6.0\fine-code-coverage\coverage-tool-output</ResultsDirectory></Configuration></DataCollector></DataCollectors></DataCollectionRunSettings></RunSettings> and sources System.Collections.Generic.List`1[System.String]: 
TpTrace Verbose: 0 : 3608, 6, 2024/04/24, 21:10:47.395, 4653619347553, vstest.console.dll, DataCollectionRequestSender.SendBeforeTestRunStartAndGetResult: Received message: (DataCollection.SendMessage) -> {"MessageType":"DataCollection.SendMessage","Payload":{"FriendlyName":null,"Uri":null,"TestCaseId":"00000000-0000-0000-0000-000000000000","Message":"Logging DataCollector Diagnostics in file: C:\\Users\\VC\\Desktop\\DAY 11 - 24.04.2024\\ShoppingSolution\\ShoppingDALTest\\bin\\Debug\\net6.0\\fine-code-coverage\\coverage-tool-output\\diagnostics.datacollector.24-04-24_21-10-46_92704_6.log","Level":0}}
TpTrace Verbose: 0 : 3608, 6, 2024/04/24, 21:10:47.504, 4653620432501, vstest.console.dll, DataCollectionRequestSender.SendBeforeTestRunStartAndGetResult: Received message: (DataCollection.BeforeTestRunStartResult) -> {"MessageType":"DataCollection.BeforeTestRunStartResult","Payload":{"EnvironmentVariables":{},"DataCollectionEventsPort":59214}}
TpTrace Information: 0 : 3608, 6, 2024/04/24, 21:10:47.521, 4653620605472, vstest.console.dll, ProxyDataCollectionManager.BeforeTestRunStart: SendBeforeTestRunStartAndGetResult successful, env variable from datacollector:   and testhost port: 59214
TpTrace Information: 0 : 3608, 6, 2024/04/24, 21:10:47.522, 4653620608622, vstest.console.dll, ProxyDataCollectionManager.InvokeDataCollectionServiceAction: Completed.
TpTrace Verbose: 0 : 3608, 6, 2024/04/24, 21:10:47.522, 4653620609632, vstest.console.dll, ParallelProxyExecutionManager.StartTestRunOnConcurrentManager: Initializing test run. Started clients: 0
TpTrace Verbose: 0 : 3608, 6, 2024/04/24, 21:10:47.522, 4653620611347, vstest.console.dll, ProxyExecutionManager: Test host is always Lazy initialize.
TpTrace Verbose: 0 : 3608, 6, 2024/04/24, 21:10:47.522, 4653620615890, vstest.console.dll, TestRequestSender.InitializeCommunication: initialize communication. 
TpTrace Information: 0 : 3608, 6, 2024/04/24, 21:10:47.523, 4653620626548, vstest.console.dll, SocketServer.Start: Listening on endpoint : 127.0.0.1:59215
TpTrace Verbose: 0 : 3608, 6, 2024/04/24, 21:10:47.525, 4653620644043, vstest.console.dll, DotnetTestHostmanager.GetTestHostProcessStartInfo: Platform environment 'X64' target architecture 'X64' framework '.NETCoreApp,Version=v6.0' OS 'Windows'
TpTrace Verbose: 0 : 3608, 6, 2024/04/24, 21:10:47.526, 4653620648823, vstest.console.dll, DotnetTestHostmanager: Adding  --runtimeconfig "C:\Users\VC\Desktop\DAY 11 - 24.04.2024\ShoppingSolution\ShoppingDALTest\bin\Debug\net6.0\fine-code-coverage\build-output\ShoppingDALTest.runtimeconfig.json" in args
TpTrace Verbose: 0 : 3608, 6, 2024/04/24, 21:10:47.526, 4653620651046, vstest.console.dll, DotnetTestHostmanager: Adding  --depsfile "C:\Users\VC\Desktop\DAY 11 - 24.04.2024\ShoppingSolution\ShoppingDALTest\bin\Debug\net6.0\fine-code-coverage\build-output\ShoppingDALTest.deps.json" in args
TpTrace Verbose: 0 : 3608, 6, 2024/04/24, 21:10:47.526, 4653620654858, vstest.console.dll, DotnetTestHostmanager.IsWinOnArm: Current PROCESSOR_ARCHITECTURE from environment variable 'AMD64'
TpTrace Verbose: 0 : 3608, 6, 2024/04/24, 21:10:47.526, 4653620656679, vstest.console.dll, DotnetTestHostmanager.IsWinOnArm: Is Windows on ARM 'False'
TpTrace Verbose: 0 : 3608, 6, 2024/04/24, 21:10:47.527, 4653620658982, vstest.console.dll, DotnetTestHostManager: testhost.exe found at path: C:\Users\VC\Desktop\DAY 11 - 24.04.2024\ShoppingSolution\ShoppingDALTest\bin\Debug\net6.0\fine-code-coverage\build-output\testhost.exe
TpTrace Verbose: 0 : 3608, 6, 2024/04/24, 21:10:47.527, 4653620660255, vstest.console.dll, DotnetTestHostmanager: Full path of host exe is C:\Users\VC\Desktop\DAY 11 - 24.04.2024\ShoppingSolution\ShoppingDALTest\bin\Debug\net6.0\fine-code-coverage\build-output\testhost.exe
TpTrace Verbose: 0 : 3608, 6, 2024/04/24, 21:10:47.527, 4653620663562, vstest.console.dll, DotnetTestHostmanager.LaunchTestHostAsync: Found 'VSTEST_WINAPPHOST_DOTNET_ROOT' in env variables, value 'C:\Program Files\dotnet', forwarding to 'DOTNET_ROOT'
TpTrace Verbose: 0 : 3608, 6, 2024/04/24, 21:10:47.527, 4653620666677, vstest.console.dll, DotnetTestHostManager: Starting process 'C:\Users\VC\Desktop\DAY 11 - 24.04.2024\ShoppingSolution\ShoppingDALTest\bin\Debug\net6.0\fine-code-coverage\build-output\testhost.exe' with command line ' --runtimeconfig "C:\Users\VC\Desktop\DAY 11 - 24.04.2024\ShoppingSolution\ShoppingDALTest\bin\Debug\net6.0\fine-code-coverage\build-output\ShoppingDALTest.runtimeconfig.json" --depsfile "C:\Users\VC\Desktop\DAY 11 - 24.04.2024\ShoppingSolution\ShoppingDALTest\bin\Debug\net6.0\fine-code-coverage\build-output\ShoppingDALTest.deps.json" --port 59215 --endpoint 127.0.0.1:059215 --role client --parentprocessid 3608 --diag "C:\Users\VC\Desktop\DAY 11 - 24.04.2024\ShoppingSolution\ShoppingDALTest\bin\Debug\net6.0\fine-code-coverage\coverage-tool-output\diagnostics.host.24-04-24_21-10-47_52477_6.log" --tracelevel 4 --datacollectionport 59214 --telemetryoptedin false'
TpTrace Verbose: 0 : 3608, 6, 2024/04/24, 21:10:47.539, 4653620784592, vstest.console.dll, MulticastDelegateUtilities.SafeInvoke: HostProviderEvents.OnHostLaunched: Invoking callback 1/2 for Microsoft.VisualStudio.TestPlatform.CrossPlatEngine.Client.ProxyExecutionManagerWithDataCollection., took 1 ms.
TpTrace Verbose: 0 : 3608, 6, 2024/04/24, 21:10:47.540, 4653620792261, vstest.console.dll, Test Runtime launched
TpTrace Verbose: 0 : 3608, 6, 2024/04/24, 21:10:47.540, 4653620794676, vstest.console.dll, MulticastDelegateUtilities.SafeInvoke: HostProviderEvents.OnHostLaunched: Invoking callback 2/2 for Microsoft.VisualStudio.TestPlatform.CrossPlatEngine.Client.ProxyOperationManager., took 0 ms.
TpTrace Verbose: 0 : 3608, 6, 2024/04/24, 21:10:47.540, 4653620798307, vstest.console.dll, TestRequestSender.WaitForRequestHandlerConnection: waiting for connection with timeout: 90000.
TpTrace Verbose: 0 : 3608, 12, 2024/04/24, 21:10:47.939, 4653624785926, vstest.console.dll, MulticastDelegateUtilities.SafeInvoke: SocketServer: ClientConnected: Invoking callback 1/1 for Microsoft.VisualStudio.TestPlatform.CommunicationUtilities.TestRequestSender., took 0 ms.
TpTrace Verbose: 0 : 3608, 6, 2024/04/24, 21:10:47.939, 4653624786058, vstest.console.dll, TestRequestSender.WaitForRequestHandlerConnection: waiting took 398 ms, with timeout 90000 ms, and result 0, which is success.
TpTrace Verbose: 0 : 3608, 12, 2024/04/24, 21:10:47.939, 4653624788436, vstest.console.dll, SocketServer.OnClientConnected: Client connected for endPoint: 127.0.0.1:59215, starting MessageLoopAsync:
TpTrace Verbose: 0 : 3608, 14, 2024/04/24, 21:10:47.941, 4653624807050, vstest.console.dll, TcpClientExtensions.MessageLoopAsync: Polling on remoteEndPoint: 127.0.0.1:59217 localEndPoint: 127.0.0.1:59215 after 0 ms
TpTrace Verbose: 0 : 3608, 6, 2024/04/24, 21:10:47.942, 4653624817436, vstest.console.dll, TestRequestSender.CheckVersionWithTestHost: Sending check version message: {"MessageType":"ProtocolVersion","Payload":7}
TpTrace Verbose: 0 : 3608, 14, 2024/04/24, 21:10:48.117, 4653626566295, vstest.console.dll, TcpClientExtensions.MessageLoopAsync: NotifyDataAvailable remoteEndPoint: 127.0.0.1:59217 localEndPoint: 127.0.0.1:59215
TpTrace Verbose: 0 : 3608, 14, 2024/04/24, 21:10:48.118, 4653626569330, vstest.console.dll, TestRequestSender.CheckVersionWithTestHost: onMessageReceived received message: (ProtocolVersion) -> {"MessageType":"ProtocolVersion","Payload":5}
TpTrace Verbose: 0 : 3608, 14, 2024/04/24, 21:10:48.118, 4653626576277, vstest.console.dll, MulticastDelegateUtilities.SafeInvoke: LengthPrefixCommunicationChannel: MessageReceived: Invoking callback 1/1 for Microsoft.VisualStudio.TestPlatform.CommunicationUtilities.TestRequestSender+<>c__DisplayClass29_0., took 0 ms.
TpTrace Verbose: 0 : 3608, 14, 2024/04/24, 21:10:48.118, 4653626577303, vstest.console.dll, TcpClientExtensions.MessageLoopAsync: Polling on remoteEndPoint: 127.0.0.1:59217 localEndPoint: 127.0.0.1:59215 after 176 ms
TpTrace Verbose: 0 : 3608, 6, 2024/04/24, 21:10:48.119, 4653626578786, vstest.console.dll, TestPluginCache.GetExtensionPaths: Filtered extension paths: 
TpTrace Verbose: 0 : 3608, 6, 2024/04/24, 21:10:48.119, 4653626579586, vstest.console.dll, TestPluginCache.GetExtensionPaths: Added default extension paths: C:\Program Files\dotnet\sdk\8.0.202\Extensions\Microsoft.Diagnostics.NETCore.Client.dll
C:\Program Files\dotnet\sdk\8.0.202\Extensions\Microsoft.TestPlatform.Extensions.BlameDataCollector.dll
C:\Program Files\dotnet\sdk\8.0.202\Extensions\Microsoft.TestPlatform.Extensions.EventLogCollector.dll
C:\Program Files\dotnet\sdk\8.0.202\Extensions\Microsoft.TestPlatform.TestHostRuntimeProvider.dll
C:\Program Files\dotnet\sdk\8.0.202\Extensions\Microsoft.VisualStudio.TestPlatform.Extensions.Html.TestLogger.dll
C:\Program Files\dotnet\sdk\8.0.202\Extensions\Microsoft.VisualStudio.TestPlatform.Extensions.Trx.TestLogger.dll
TpTrace Verbose: 0 : 3608, 6, 2024/04/24, 21:10:48.119, 4653626580608, vstest.console.dll, TestPluginCache.GetExtensionPaths: Added unfilterableExtensionPaths: 
TpTrace Verbose: 0 : 3608, 6, 2024/04/24, 21:10:48.122, 4653626614380, vstest.console.dll, TestRequestSender.InitializeExecution: Sending initialize execution with message: {"Version":5,"MessageType":"TestExecution.Initialize","Payload":["C:\\Users\\VC\\Desktop\\DAY 11 - 24.04.2024\\ShoppingSolution\\ShoppingDALTest\\bin\\Debug\\net6.0\\fine-code-coverage\\build-output\\NUnit3.TestAdapter.dll"]}
TpTrace Verbose: 0 : 3608, 6, 2024/04/24, 21:10:48.122, 4653626616682, vstest.console.dll, ParallelProxyExecutionManager.StartTestRunOnConcurrentManager: Execution starting. Started clients: 1
TpTrace Verbose: 0 : 3608, 6, 2024/04/24, 21:10:48.123, 4653626619223, vstest.console.dll, TestRunRequest:SendTestRunMessage: Starting.
TpTrace Verbose: 0 : 3608, 6, 2024/04/24, 21:10:48.123, 4653626620887, vstest.console.dll, MulticastDelegateUtilities.SafeInvoke: TestRun.LogMessages: Invoking callback 1/1 for Microsoft.VisualStudio.TestPlatform.CommandLine.TestRunResultAggregator., took 0 ms.
TpTrace Information: 0 : 3608, 6, 2024/04/24, 21:10:48.123, 4653626621321, vstest.console.dll, TestRunRequest:SendTestRunMessage: Completed.
TpTrace Verbose: 0 : 3608, 5, 2024/04/24, 21:10:48.123, 4653626623919, vstest.console.dll, MulticastDelegateUtilities.SafeInvoke: InternalTestLoggerEvents.SendTestRunMessage: Invoking callback 1/1 for Microsoft.VisualStudio.TestPlatform.CommandLine.Internal.ConsoleLogger., took 0 ms.
TpTrace Warning: 0 : 3608, 6, 2024/04/24, 21:10:48.123, 4653626626708, vstest.console.dll, InferRunSettingsHelper.MakeRunsettingsCompatible: Removing the following settings: TargetPlatform from RunSettings file. To use those settings please move to latest version of Microsoft.NET.Test.Sdk
TpTrace Verbose: 0 : 3608, 14, 2024/04/24, 21:10:48.127, 4653626660125, vstest.console.dll, TcpClientExtensions.MessageLoopAsync: NotifyDataAvailable remoteEndPoint: 127.0.0.1:59217 localEndPoint: 127.0.0.1:59215
TpTrace Verbose: 0 : 3608, 14, 2024/04/24, 21:10:48.127, 4653626665971, vstest.console.dll, TestRequestSender.OnExecutionMessageReceived: Received message: {"Version":5,"MessageType":"TestSession.Message","Payload":{"MessageLevel":0,"Message":"Logging TestHost Diagnostics in file: C:\\Users\\VC\\Desktop\\DAY 11 - 24.04.2024\\ShoppingSolution\\ShoppingDALTest\\bin\\Debug\\net6.0\\fine-code-coverage\\coverage-tool-output\\diagnostics.host.24-04-24_21-10-47_52477_6.log"}}
TpTrace Verbose: 0 : 3608, 6, 2024/04/24, 21:10:48.130, 4653626694342, vstest.console.dll, TestRequestSender.StartTestRun: Sending test run with message: {"Version":5,"MessageType":"TestExecution.StartWithSources","Payload":{"AdapterSourceMap":{"_none_":["C:\\Users\\VC\\Desktop\\DAY 11 - 24.04.2024\\ShoppingSolution\\ShoppingDALTest\\bin\\Debug\\net6.0\\fine-code-coverage\\build-output\\ShoppingDALTest.dll"]},"RunSettings":"<RunSettings>\r\n  <RunConfiguration>\r\n    <ResultsDirectory>C:\\Users\\VC\\Desktop\\DAY 11 - 24.04.2024\\ShoppingSolution\\ShoppingDALTest\\bin\\Debug\\net6.0\\fine-code-coverage\\coverage-tool-output</ResultsDirectory>\r\n    <TargetFrameworkVersion>.NETCoreApp,Version=v6.0</TargetFrameworkVersion>\r\n    <DesignMode>False</DesignMode>\r\n    <CollectSourceInformation>False</CollectSourceInformation>\r\n  </RunConfiguration>\r\n  <LoggerRunSettings>\r\n    <Loggers>\r\n      <Logger friendlyName=\"blame\" enabled=\"True\" />\r\n      <Logger friendlyName=\"Console\" uri=\"logger://microsoft/TestPlatform/ConsoleLogger/v1\" assemblyQualifiedName=\"Microsoft.VisualStudio.TestPlatform.CommandLine.Internal.ConsoleLogger, vstest.console, Version=15.0.0.0, Culture=neutral, PublicKeyToken=b03f5f7f11d50a3a\" codeBase=\"C:\\Program Files\\dotnet\\sdk\\8.0.202\\vstest.console.dll\" enabled=\"True\" />\r\n    </Loggers>\r\n  </LoggerRunSettings>\r\n  <DataCollectionRunSettings>\r\n    <DataCollectors>\r\n      <DataCollector friendlyName=\"blame\" enabled=\"True\">\r\n        <Configuration>\r\n          <ResultsDirectory>C:\\Users\\VC\\Desktop\\DAY 11 - 24.04.2024\\ShoppingSolution\\ShoppingDALTest\\bin\\Debug\\net6.0\\fine-code-coverage\\coverage-tool-output</ResultsDirectory>\r\n        </Configuration>\r\n      </DataCollector>\r\n    </DataCollectors>\r\n  </DataCollectionRunSettings>\r\n</RunSettings>","TestExecutionContext":{"FrequencyOfRunStatsChangeEvent":10,"RunStatsChangeEventTimeout":"00:00:01.5000000","InIsolation":false,"KeepAlive":false,"AreTestCaseLevelEventsRequired":false,"IsDebug":false,"TestCaseFilter":null,"FilterOptions":null},"Package":null}}
TpTrace Verbose: 0 : 3608, 14, 2024/04/24, 21:10:48.130, 4653626697011, vstest.console.dll, TestRunRequest:SendTestRunMessage: Starting.
TpTrace Verbose: 0 : 3608, 6, 2024/04/24, 21:10:48.130, 4653626697315, vstest.console.dll, ParallelProxyExecutionManager.StartTestRunOnConcurrentManager: Execution started. Started clients: 1
TpTrace Verbose: 0 : 3608, 14, 2024/04/24, 21:10:48.130, 4653626698312, vstest.console.dll, MulticastDelegateUtilities.SafeInvoke: TestRun.LogMessages: Invoking callback 1/1 for Microsoft.VisualStudio.TestPlatform.CommandLine.TestRunResultAggregator., took 0 ms.
TpTrace Verbose: 0 : 3608, 5, 2024/04/24, 21:10:48.130, 4653626698379, vstest.console.dll, MulticastDelegateUtilities.SafeInvoke: InternalTestLoggerEvents.SendTestRunMessage: Invoking callback 1/1 for Microsoft.VisualStudio.TestPlatform.CommandLine.Internal.ConsoleLogger., took 0 ms.
TpTrace Information: 0 : 3608, 14, 2024/04/24, 21:10:48.131, 4653626698907, vstest.console.dll, TestRunRequest:SendTestRunMessage: Completed.
TpTrace Verbose: 0 : 3608, 14, 2024/04/24, 21:10:48.131, 4653626700897, vstest.console.dll, MulticastDelegateUtilities.SafeInvoke: LengthPrefixCommunicationChannel: MessageReceived: Invoking callback 1/1 for Microsoft.VisualStudio.TestPlatform.CommunicationUtilities.TestRequestSender+<>c__DisplayClass34_0., took 3 ms.
TpTrace Verbose: 0 : 3608, 14, 2024/04/24, 21:10:48.131, 4653626701369, vstest.console.dll, TcpClientExtensions.MessageLoopAsync: Polling on remoteEndPoint: 127.0.0.1:59217 localEndPoint: 127.0.0.1:59215 after 12 ms
TpTrace Verbose: 0 : 3608, 14, 2024/04/24, 21:10:48.315, 4653628546468, vstest.console.dll, TcpClientExtensions.MessageLoopAsync: NotifyDataAvailable remoteEndPoint: 127.0.0.1:59217 localEndPoint: 127.0.0.1:59215
TpTrace Verbose: 0 : 3608, 14, 2024/04/24, 21:10:48.316, 4653628548641, vstest.console.dll, TestRequestSender.OnExecutionMessageReceived: Received message: {"Version":5,"MessageType":"TestSession.Message","Payload":{"MessageLevel":0,"Message":"NUnit Adapter 4.2.0.0: Test execution started"}}
TpTrace Verbose: 0 : 3608, 14, 2024/04/24, 21:10:48.316, 4653628550627, vstest.console.dll, TestRunRequest:SendTestRunMessage: Starting.
TpTrace Verbose: 0 : 3608, 14, 2024/04/24, 21:10:48.316, 4653628551256, vstest.console.dll, MulticastDelegateUtilities.SafeInvoke: TestRun.LogMessages: Invoking callback 1/1 for Microsoft.VisualStudio.TestPlatform.CommandLine.TestRunResultAggregator., took 0 ms.
TpTrace Information: 0 : 3608, 14, 2024/04/24, 21:10:48.316, 4653628551617, vstest.console.dll, TestRunRequest:SendTestRunMessage: Completed.
TpTrace Verbose: 0 : 3608, 14, 2024/04/24, 21:10:48.316, 4653628551950, vstest.console.dll, MulticastDelegateUtilities.SafeInvoke: LengthPrefixCommunicationChannel: MessageReceived: Invoking callback 1/1 for Microsoft.VisualStudio.TestPlatform.CommunicationUtilities.TestRequestSender+<>c__DisplayClass34_0., took 0 ms.
TpTrace Verbose: 0 : 3608, 14, 2024/04/24, 21:10:48.316, 4653628552522, vstest.console.dll, TcpClientExtensions.MessageLoopAsync: Polling on remoteEndPoint: 127.0.0.1:59217 localEndPoint: 127.0.0.1:59215 after 185 ms
TpTrace Verbose: 0 : 3608, 5, 2024/04/24, 21:10:48.316, 4653628552711, vstest.console.dll, MulticastDelegateUtilities.SafeInvoke: InternalTestLoggerEvents.SendTestRunMessage: Invoking callback 1/1 for Microsoft.VisualStudio.TestPlatform.CommandLine.Internal.ConsoleLogger., took 0 ms.
TpTrace Verbose: 0 : 3608, 14, 2024/04/24, 21:10:48.352, 4653628909508, vstest.console.dll, TcpClientExtensions.MessageLoopAsync: NotifyDataAvailable remoteEndPoint: 127.0.0.1:59217 localEndPoint: 127.0.0.1:59215
TpTrace Verbose: 0 : 3608, 14, 2024/04/24, 21:10:48.352, 4653628912068, vstest.console.dll, TestRequestSender.OnExecutionMessageReceived: Received message: {"Version":5,"MessageType":"TestSession.Message","Payload":{"MessageLevel":0,"Message":"Running all tests in C:\\Users\\VC\\Desktop\\DAY 11 - 24.04.2024\\ShoppingSolution\\ShoppingDALTest\\bin\\Debug\\net6.0\\fine-code-coverage\\build-output\\ShoppingDALTest.dll"}}
TpTrace Verbose: 0 : 3608, 14, 2024/04/24, 21:10:48.352, 4653628913804, vstest.console.dll, TestRunRequest:SendTestRunMessage: Starting.
TpTrace Verbose: 0 : 3608, 14, 2024/04/24, 21:10:48.352, 4653628914673, vstest.console.dll, MulticastDelegateUtilities.SafeInvoke: TestRun.LogMessages: Invoking callback 1/1 for Microsoft.VisualStudio.TestPlatform.CommandLine.TestRunResultAggregator., took 0 ms.
TpTrace Information: 0 : 3608, 14, 2024/04/24, 21:10:48.352, 4653628915285, vstest.console.dll, TestRunRequest:SendTestRunMessage: Completed.
TpTrace Verbose: 0 : 3608, 14, 2024/04/24, 21:10:48.352, 4653628915788, vstest.console.dll, MulticastDelegateUtilities.SafeInvoke: LengthPrefixCommunicationChannel: MessageReceived: Invoking callback 1/1 for Microsoft.VisualStudio.TestPlatform.CommunicationUtilities.TestRequestSender+<>c__DisplayClass34_0., took 0 ms.
TpTrace Verbose: 0 : 3608, 5, 2024/04/24, 21:10:48.352, 4653628915998, vstest.console.dll, MulticastDelegateUtilities.SafeInvoke: InternalTestLoggerEvents.SendTestRunMessage: Invoking callback 1/1 for Microsoft.VisualStudio.TestPlatform.CommandLine.Internal.ConsoleLogger., took 0 ms.
TpTrace Verbose: 0 : 3608, 14, 2024/04/24, 21:10:48.352, 4653628916332, vstest.console.dll, TcpClientExtensions.MessageLoopAsync: Polling on remoteEndPoint: 127.0.0.1:59217 localEndPoint: 127.0.0.1:59215 after 36 ms
TpTrace Verbose: 0 : 3608, 14, 2024/04/24, 21:10:48.507, 4653630460439, vstest.console.dll, TcpClientExtensions.MessageLoopAsync: NotifyDataAvailable remoteEndPoint: 127.0.0.1:59217 localEndPoint: 127.0.0.1:59215
TpTrace Verbose: 0 : 3608, 14, 2024/04/24, 21:10:48.507, 4653630462447, vstest.console.dll, TestRequestSender.OnExecutionMessageReceived: Received message: {"Version":5,"MessageType":"TestSession.Message","Payload":{"MessageLevel":0,"Message":"   NUnit3TestExecutor discovered 30 of 30 NUnit test cases using Current Discovery mode, Non-Explicit run"}}
TpTrace Verbose: 0 : 3608, 14, 2024/04/24, 21:10:48.507, 4653630463770, vstest.console.dll, TestRunRequest:SendTestRunMessage: Starting.
TpTrace Verbose: 0 : 3608, 14, 2024/04/24, 21:10:48.507, 4653630464418, vstest.console.dll, MulticastDelegateUtilities.SafeInvoke: TestRun.LogMessages: Invoking callback 1/1 for Microsoft.VisualStudio.TestPlatform.CommandLine.TestRunResultAggregator., took 0 ms.
TpTrace Information: 0 : 3608, 14, 2024/04/24, 21:10:48.507, 4653630464813, vstest.console.dll, TestRunRequest:SendTestRunMessage: Completed.
TpTrace Verbose: 0 : 3608, 5, 2024/04/24, 21:10:48.507, 4653630464914, vstest.console.dll, MulticastDelegateUtilities.SafeInvoke: InternalTestLoggerEvents.SendTestRunMessage: Invoking callback 1/1 for Microsoft.VisualStudio.TestPlatform.CommandLine.Internal.ConsoleLogger., took 0 ms.
TpTrace Verbose: 0 : 3608, 14, 2024/04/24, 21:10:48.507, 4653630466167, vstest.console.dll, MulticastDelegateUtilities.SafeInvoke: LengthPrefixCommunicationChannel: MessageReceived: Invoking callback 1/1 for Microsoft.VisualStudio.TestPlatform.CommunicationUtilities.TestRequestSender+<>c__DisplayClass34_0., took 0 ms.
TpTrace Verbose: 0 : 3608, 14, 2024/04/24, 21:10:48.507, 4653630466971, vstest.console.dll, TcpClientExtensions.MessageLoopAsync: Polling on remoteEndPoint: 127.0.0.1:59217 localEndPoint: 127.0.0.1:59215 after 154 ms
TpTrace Verbose: 0 : 3608, 14, 2024/04/24, 21:10:48.789, 4653633279690, vstest.console.dll, TcpClientExtensions.MessageLoopAsync: NotifyDataAvailable remoteEndPoint: 127.0.0.1:59217 localEndPoint: 127.0.0.1:59215
TpTrace Verbose: 0 : 3608, 14, 2024/04/24, 21:10:48.789, 4653633285541, vstest.console.dll, TestRequestSender.OnExecutionMessageReceived: Received message: {"Version":5,"MessageType":"TestExecution.StatsChange","Payload":{"NewTestResults":[{"TestCase":{"Id":"955cbf41-9a8f-8218-cb63-1558716f8bb0","FullyQualifiedName":"ShoppingDALTest.CartRepositoryTest.AddExceptionTest","DisplayName":"AddExceptionTest","ExecutorUri":"executor://NUnit3TestExecutor","Source":"C:\\Users\\VC\\Desktop\\DAY 11 - 24.04.2024\\ShoppingSolution\\ShoppingDALTest\\bin\\Debug\\net6.0\\fine-code-coverage\\build-output\\ShoppingDALTest.dll","CodeFilePath":null,"LineNumber":0,"Properties":[{"Key":{"Id":"NUnit.Seed","Label":"Seed","Category":"","Description":"","Attributes":0,"ValueType":"System.String"},"Value":"1190052332"}]},"Attachments":[],"Outcome":2,"ErrorMessage":"  Expected: <ShoppingModelLibrary.CartException.NoCartWithGivenIdException>\r\n  But was:  null\r\n","ErrorStackTrace":"   at ShoppingDALTest.CartRepositoryTest.AddExceptionTest() in C:\\Users\\VC\\Desktop\\DAY 11 - 24.04.2024\\ShoppingSolution\\ShoppingDALTest\\CartRepositoryTest.cs:line 49\r\n","DisplayName":"AddExceptionTest","Messages":[],"ComputerName":"BYQBBX3","Duration":"00:00:00.0834160","StartTime":"2024-04-24T15:40:48.5362902+00:00","EndTime":"2024-04-24T15:40:48.6195015+00:00","Properties":[{"Key":{"Id":"NUnit.Seed","Label":"Seed","Category":"","Description":"","Attributes":0,"ValueType":"System.String"},"Value":"1190052332"}]},{"TestCase":{"Id":"40f59ee3-7581-79f8-0376-70a58c95c339","FullyQualifiedName":"ShoppingDALTest.CartRepositoryTest.AddFailTest","DisplayName":"AddFailTest","ExecutorUri":"executor://NUnit3TestExecutor","Source":"C:\\Users\\VC\\Desktop\\DAY 11 - 24.04.2024\\ShoppingSolution\\ShoppingDALTest\\bin\\Debug\\net6.0\\fine-code-coverage\\build-output\\ShoppingDALTest.dll","CodeFilePath":null,"LineNumber":0,"Properties":[{"Key":{"Id":"NUnit.Seed","Label":"Seed","Category":"","Description":"","Attributes":0,"ValueType":"System.String"},"Value":"288868821"}]},"Attachments":[],"Outcome":2,"ErrorMessage":"  Expected: null\r\n  But was:  <ShoppingModelLibrary.Cart>\r\n","ErrorStackTrace":"   at ShoppingDALTest.CartRepositoryTest.AddFailTest() in C:\\Users\\VC\\Desktop\\DAY 11 - 24.04.2024\\ShoppingSolution\\ShoppingDALTest\\CartRepositoryTest.cs:line 39\r\n","DisplayName":"AddFailTest","Messages":[],"ComputerName":"BYQBBX3","Duration":"00:00:00.0022180","StartTime":"2024-04-24T15:40:48.6548869+00:00","EndTime":"2024-04-24T15:40:48.6571055+00:00","Properties":[{"Key":{"Id":"NUnit.Seed","Label":"Seed","Category":"","Description":"","Attributes":0,"ValueType":"System.String"},"Value":"288868821"}]},{"TestCase":{"Id":"17f63a06-b8f1-0792-8786-10826525a6c1","FullyQualifiedName":"ShoppingDALTest.CartRepositoryTest.AddSuccessTest","DisplayName":"AddSuccessTest","ExecutorUri":"executor://NUnit3TestExecutor","Source":"C:\\Users\\VC\\Desktop\\DAY 11 - 24.04.2024\\ShoppingSolution\\ShoppingDALTest\\bin\\Debug\\net6.0\\fine-code-coverage\\build-output\\ShoppingDALTest.dll","CodeFilePath":null,"LineNumber":0,"Properties":[{"Key":{"Id":"NUnit.Seed","Label":"Seed","Category":"","Description":"","Attributes":0,"ValueType":"System.String"},"Value":"1177680196"}]},"Attachments":[],"Outcome":1,"ErrorMessage":null,"ErrorStackTrace":null,"DisplayName":"AddSuccessTest","Messages":[],"ComputerName":"BYQBBX3","Duration":"00:00:00.0136580","StartTime":"2024-04-24T15:40:48.6571929+00:00","EndTime":"2024-04-24T15:40:48.6708503+00:00","Properties":[{"Key":{"Id":"NUnit.Seed","Label":"Seed","Category":"","Description":"","Attributes":0,"ValueType":"System.String"},"Value":"1177680196"}]},{"TestCase":{"Id":"c79dc918-cd9c-bc91-c1f1-bc2c6f2563df","FullyQualifiedName":"ShoppingDALTest.CartRepositoryTest.DeleteFailTest","DisplayName":"DeleteFailTest","ExecutorUri":"executor://NUnit3TestExecutor","Source":"C:\\Users\\VC\\Desktop\\DAY 11 - 24.04.2024\\ShoppingSolution\\ShoppingDALTest\\bin\\Debug\\net6.0\\fine-code-coverage\\build-output\\ShoppingDALTest.dll","CodeFilePath":null,"LineNumber":0,"Properties":[{"Key":{"Id":"NUnit.Seed","Label":"Seed","Category":"","Description":"","Attributes":0,"ValueType":"System.String"},"Value":"368943236"}]},"Attachments":[],"Outcome":2,"ErrorMessage":"ShoppingModelLibrary.CartException.NoCartWithGivenIdException : Cart with the given Id is not present","ErrorStackTrace":"   at ShoppingDALLibrary.CartRepository.GetByKey(Int32 key) in C:\\Users\\VC\\Desktop\\DAY 11 - 24.04.2024\\ShoppingSolution\\ShoppingDALLibrary\\CartRepository.cs:line 33\r\n   at ShoppingDALLibrary.CartRepository.Delete(Int32 key) in C:\\Users\\VC\\Desktop\\DAY 11 - 24.04.2024\\ShoppingSolution\\ShoppingDALLibrary\\CartRepository.cs:line 17\r\n   at ShoppingDALTest.CartRepositoryTest.DeleteFailTest() in C:\\Users\\VC\\Desktop\\DAY 11 - 24.04.2024\\ShoppingSolution\\ShoppingDALTest\\CartRepositoryTest.cs:line 69","DisplayName":"DeleteFailTest","Messages":[],"ComputerName":"BYQBBX3","Duration":"00:00:00.0130450","StartTime":"2024-04-24T15:40:48.6710018+00:00","EndTime":"2024-04-24T15:40:48.6840466+00:00","Properties":[{"Key":{"Id":"NUnit.Seed","Label":"Seed","Category":"","Description":"","Attributes":0,"ValueType":"System.String"},"Value":"368943236"}]},{"TestCase":{"Id":"c2eb34ef-947c-fa80-6b31-220742d14468","FullyQualifiedName":"ShoppingDALTest.CartRepositoryTest.GetExceptionTest","DisplayName":"GetExceptionTest","ExecutorUri":"executor://NUnit3TestExecutor","Source":"C:\\Users\\VC\\Desktop\\DAY 11 - 24.04.2024\\ShoppingSolution\\ShoppingDALTest\\bin\\Debug\\net6.0\\fine-code-coverage\\build-output\\ShoppingDALTest.dll","CodeFilePath":null,"LineNumber":0,"Properties":[{"Key":{"Id":"NUnit.Seed","Label":"Seed","Category":"","Description":"","Attributes":0,"ValueType":"System.String"},"Value":"1953340407"}]},"Attachments":[],"Outcome":1,"ErrorMessage":null,"ErrorStackTrace":null,"DisplayName":"GetExceptionTest","Messages":[],"ComputerName":"BYQBBX3","Duration":"00:00:00.0009700","StartTime":"2024-04-24T15:40:48.6902313+00:00","EndTime":"2024-04-24T15:40:48.6912023+00:00","Properties":[{"Key":{"Id":"NUnit.Seed","Label":"Seed","Category":"","Description":"","Attributes":0,"ValueType":"System.String"},"Value":"1953340407"}]},{"TestCase":{"Id":"c233912a-b629-bfff-109e-366d661e71ea","FullyQualifiedName":"ShoppingDALTest.CartRepositoryTest.GetFailTest","DisplayName":"GetFailTest","ExecutorUri":"executor://NUnit3TestExecutor","Source":"C:\\Users\\VC\\Desktop\\DAY 11 - 24.04.2024\\ShoppingSolution\\ShoppingDALTest\\bin\\Debug\\net6.0\\fine-code-coverage\\build-output\\ShoppingDALTest.dll","CodeFilePath":null,"LineNumber":0,"Properties":[{"Key":{"Id":"NUnit.Seed","Label":"Seed","Category":"","Description":"","Attributes":0,"ValueType":"System.String"},"Value":"1181111511"}]},"Attachments":[],"Outcome":2,"ErrorMessage":"ShoppingModelLibrary.CartException.NoCartWithGivenIdException : Cart with the given Id is not present","ErrorStackTrace":"   at ShoppingDALLibrary.CartRepository.GetByKey(Int32 key) in C:\\Users\\VC\\Desktop\\DAY 11 - 24.04.2024\\ShoppingSolution\\ShoppingDALLibrary\\CartRepository.cs:line 33\r\n   at ShoppingDALTest.CartRepositoryTest.GetFailTest() in C:\\Users\\VC\\Desktop\\DAY 11 - 24.04.2024\\ShoppingSolution\\ShoppingDALTest\\CartRepositoryTest.cs:line 98","DisplayName":"GetFailTest","Messages":[],"ComputerName":"BYQBBX3","Duration":"00:00:00.0014000","StartTime":"2024-04-24T15:40:48.7000532+00:00","EndTime":"2024-04-24T15:40:48.701453+00:00","Properties":[{"Key":{"Id":"NUnit.Seed","Label":"Seed","Category":"","Description":"","Attributes":0,"ValueType":"System.String"},"Value":"1181111511"}]},{"TestCase":{"Id":"cb365023-7f1b-b2e4-ce76-04cc934b017c","FullyQualifiedName":"ShoppingDALTest.CartRepositoryTest.GetSuccessTest","DisplayName":"GetSuccessTest","ExecutorUri":"executor://NUnit3TestExecutor","Source":"C:\\Users\\VC\\Desktop\\DAY 11 - 24.04.2024\\ShoppingSolution\\ShoppingDALTest\\bin\\Debug\\net6.0\\fine-code-coverage\\build-output\\ShoppingDALTest.dll","CodeFilePath":null,"LineNumber":0,"Properties":[{"Key":{"Id":"NUnit.Seed","Label":"Seed","Category":"","Description":"","Attributes":0,"ValueType":"System.String"},"Value":"13955684"}]},"Attachments":[],"Outcome":2,"ErrorMessage":"ShoppingModelLibrary.CartException.NoCartWithGivenIdException : Cart with the given Id is not present","ErrorStackTrace":"   at ShoppingDALLibrary.CartRepository.GetByKey(Int32 key) in C:\\Users\\VC\\Desktop\\DAY 11 - 24.04.2024\\ShoppingSolution\\ShoppingDALLibrary\\CartRepository.cs:line 33\r\n   at ShoppingDALTest.CartRepositoryTest.GetSuccessTest() in C:\\Users\\VC\\Desktop\\DAY 11 - 24.04.2024\\ShoppingSolution\\ShoppingDALTest\\CartRepositoryTest.cs:line 88","DisplayName":"GetSuccessTest","Messages":[],"ComputerName":"BYQBBX3","Duration":"00:00:00.0010780","StartTime":"2024-04-24T15:40:48.701849+00:00","EndTime":"2024-04-24T15:40:48.7029272+00:00","Properties":[{"Key":{"Id":"NUnit.Seed","Label":"Seed","Category":"","Description":"","Attributes":0,"ValueType":"System.String"},"Value":"13955684"}]},{"TestCase":{"Id":"db3ec75d-db51-326d-299b-fc8e2716a8a3","FullyQualifiedName":"ShoppingDALTest.CartRepositoryTest.UpdateFailTest","DisplayName":"UpdateFailTest","ExecutorUri":"executor://NUnit3TestExecutor","Source":"C:\\Users\\VC\\Desktop\\DAY 11 - 24.04.2024\\ShoppingSolution\\ShoppingDALTest\\bin\\Debug\\net6.0\\fine-code-coverage\\build-output\\ShoppingDALTest.dll","CodeFilePath":null,"LineNumber":0,"Properties":[{"Key":{"Id":"NUnit.Seed","Label":"Seed","Category":"","Description":"","Attributes":0,"ValueType":"System.String"},"Value":"971375173"}]},"Attachments":[],"Outcome":2,"ErrorMessage":"ShoppingModelLibrary.CartException.NoCartWithGivenIdException : Cart with the given Id is not present","ErrorStackTrace":"   at ShoppingDALLibrary.CartRepository.Update(Cart item) in C:\\Users\\VC\\Desktop\\DAY 11 - 24.04.2024\\ShoppingSolution\\ShoppingDALLibrary\\CartRepository.cs:line 44\r\n   at ShoppingDALTest.CartRepositoryTest.UpdateFailTest() in C:\\Users\\VC\\Desktop\\DAY 11 - 24.04.2024\\ShoppingSolution\\ShoppingDALTest\\CartRepositoryTest.cs:line 127","DisplayName":"UpdateFailTest","Messages":[],"ComputerName":"BYQBBX3","Duration":"00:00:00.0014120","StartTime":"2024-04-24T15:40:48.7029765+00:00","EndTime":"2024-04-24T15:40:48.704388+00:00","Properties":[{"Key":{"Id":"NUnit.Seed","Label":"Seed","Category":"","Description":"","Attributes":0,"ValueType":"System.String"},"Value":"971375173"}]},{"TestCase":{"Id":"813951c8-d6c2-e45a-96e5-049a362d9d44","FullyQualifiedName":"ShoppingDALTest.CustomerRespositoryTest.AddExceptionTest","DisplayName":"AddExceptionTest","ExecutorUri":"executor://NUnit3TestExecutor","Source":"C:\\Users\\VC\\Desktop\\DAY 11 - 24.04.2024\\ShoppingSolution\\ShoppingDALTest\\bin\\Debug\\net6.0\\fine-code-coverage\\build-output\\ShoppingDALTest.dll","CodeFilePath":null,"LineNumber":0,"Properties":[{"Key":{"Id":"NUnit.Seed","Label":"Seed","Category":"","Description":"","Attributes":0,"ValueType":"System.String"},"Value":"585226271"}]},"Attachments":[],"Outcome":2,"ErrorMessage":"  Expected: <ShoppingModelLibrary.CustomerExceptions.NoCustomerWithGiveIdException>\r\n  But was:  null\r\n","ErrorStackTrace":"   at ShoppingDALTest.CustomerRespositoryTest.AddExceptionTest() in C:\\Users\\VC\\Desktop\\DAY 11 - 24.04.2024\\ShoppingSolution\\ShoppingDALTest\\CustomerRespositoryTest.cs:line 50\r\n","DisplayName":"AddExceptionTest","Messages":[],"ComputerName":"BYQBBX3","Duration":"00:00:00.0025640","StartTime":"2024-04-24T15:40:48.7163031+00:00","EndTime":"2024-04-24T15:40:48.7188677+00:00","Properties":[{"Key":{"Id":"NUnit.Seed","Label":"Seed","Category":"","Description":"","Attributes":0,"ValueType":"System.String"},"Value":"585226271"}]}],"TestRunStatistics":{"ExecutedTests":9,"Stats":{"Failed":7,"Passed":2}},"ActiveTests":[{"Id":"88d27687-c6f4-a22e-9117-d63ab05b1f3d","FullyQualifiedName":"ShoppingDALTest.CustomerRespositoryTest.AddFailTest","DisplayName":"AddFailTest","ExecutorUri":"executor://NUnit3TestExecutor","Source":"C:\\Users\\VC\\Desktop\\DAY 11 - 24.04.2024\\ShoppingSolution\\ShoppingDALTest\\bin\\Debug\\net6.0\\fine-code-coverage\\build-output\\ShoppingDALTest.dll","CodeFilePath":null,"LineNumber":0,"Properties":[{"Key":{"Id":"NUnit.Seed","Label":"Seed","Category":"","Description":"","Attributes":0,"ValueType":"System.String"},"Value":"378554679"}]}]}}
TpTrace Verbose: 0 : 3608, 14, 2024/04/24, 21:10:48.823, 4653633618531, vstest.console.dll, TestRunRequest:SendTestRunStatsChange: Starting.
TpTrace Verbose: 0 : 3608, 14, 2024/04/24, 21:10:48.823, 4653633619868, vstest.console.dll, InProgress is AddFailTest
TpTrace Verbose: 0 : 3608, 14, 2024/04/24, 21:10:48.823, 4653633622086, vstest.console.dll, MulticastDelegateUtilities.SafeInvoke: TestRun.RunStatsChanged: Invoking callbacks was skipped because there are no subscribers.
TpTrace Information: 0 : 3608, 14, 2024/04/24, 21:10:48.823, 4653633622503, vstest.console.dll, TestRunRequest:SendTestRunStatsChange: Completed.
TpTrace Verbose: 0 : 3608, 14, 2024/04/24, 21:10:48.823, 4653633622928, vstest.console.dll, MulticastDelegateUtilities.SafeInvoke: LengthPrefixCommunicationChannel: MessageReceived: Invoking callback 1/1 for Microsoft.VisualStudio.TestPlatform.CommunicationUtilities.TestRequestSender+<>c__DisplayClass34_0., took 33 ms.
TpTrace Verbose: 0 : 3608, 14, 2024/04/24, 21:10:48.823, 4653633624080, vstest.console.dll, TcpClientExtensions.MessageLoopAsync: Polling on remoteEndPoint: 127.0.0.1:59217 localEndPoint: 127.0.0.1:59215 after 315 ms
TpTrace Verbose: 0 : 3608, 14, 2024/04/24, 21:10:48.823, 4653633624666, vstest.console.dll, TcpClientExtensions.MessageLoopAsync: NotifyDataAvailable remoteEndPoint: 127.0.0.1:59217 localEndPoint: 127.0.0.1:59215
TpTrace Verbose: 0 : 3608, 14, 2024/04/24, 21:10:48.824, 4653633629275, vstest.console.dll, TestRequestSender.OnExecutionMessageReceived: Received message: {"Version":5,"MessageType":"TestExecution.StatsChange","Payload":{"NewTestResults":[{"TestCase":{"Id":"88d27687-c6f4-a22e-9117-d63ab05b1f3d","FullyQualifiedName":"ShoppingDALTest.CustomerRespositoryTest.AddFailTest","DisplayName":"AddFailTest","ExecutorUri":"executor://NUnit3TestExecutor","Source":"C:\\Users\\VC\\Desktop\\DAY 11 - 24.04.2024\\ShoppingSolution\\ShoppingDALTest\\bin\\Debug\\net6.0\\fine-code-coverage\\build-output\\ShoppingDALTest.dll","CodeFilePath":null,"LineNumber":0,"Properties":[{"Key":{"Id":"NUnit.Seed","Label":"Seed","Category":"","Description":"","Attributes":0,"ValueType":"System.String"},"Value":"378554679"}]},"Attachments":[],"Outcome":2,"ErrorMessage":"  Expected: null\r\n  But was:  <ShoppingModelLibrary.Customer>\r\n","ErrorStackTrace":"   at ShoppingDALTest.CustomerRespositoryTest.AddFailTest() in C:\\Users\\VC\\Desktop\\DAY 11 - 24.04.2024\\ShoppingSolution\\ShoppingDALTest\\CustomerRespositoryTest.cs:line 40\r\n","DisplayName":"AddFailTest","Messages":[],"ComputerName":"BYQBBX3","Duration":"00:00:00.0127550","StartTime":"2024-04-24T15:40:48.7257131+00:00","EndTime":"2024-04-24T15:40:48.7384683+00:00","Properties":[{"Key":{"Id":"NUnit.Seed","Label":"Seed","Category":"","Description":"","Attributes":0,"ValueType":"System.String"},"Value":"378554679"}]},{"TestCase":{"Id":"19c79814-479a-8bab-2636-1dbfb5949106","FullyQualifiedName":"ShoppingDALTest.CustomerRespositoryTest.AddSuccessTest","DisplayName":"AddSuccessTest","ExecutorUri":"executor://NUnit3TestExecutor","Source":"C:\\Users\\VC\\Desktop\\DAY 11 - 24.04.2024\\ShoppingSolution\\ShoppingDALTest\\bin\\Debug\\net6.0\\fine-code-coverage\\build-output\\ShoppingDALTest.dll","CodeFilePath":null,"LineNumber":0,"Properties":[{"Key":{"Id":"NUnit.Seed","Label":"Seed","Category":"","Description":"","Attributes":0,"ValueType":"System.String"},"Value":"1618213340"}]},"Attachments":[],"Outcome":1,"ErrorMessage":null,"ErrorStackTrace":null,"DisplayName":"AddSuccessTest","Messages":[],"ComputerName":"BYQBBX3","Duration":"00:00:00.0041590","StartTime":"2024-04-24T15:40:48.7504006+00:00","EndTime":"2024-04-24T15:40:48.7545598+00:00","Properties":[{"Key":{"Id":"NUnit.Seed","Label":"Seed","Category":"","Description":"","Attributes":0,"ValueType":"System.String"},"Value":"1618213340"}]},{"TestCase":{"Id":"7479e5c0-36dc-0cd8-5556-6e1f54718a01","FullyQualifiedName":"ShoppingDALTest.CustomerRespositoryTest.DeleteExceptionTest","DisplayName":"DeleteExceptionTest","ExecutorUri":"executor://NUnit3TestExecutor","Source":"C:\\Users\\VC\\Desktop\\DAY 11 - 24.04.2024\\ShoppingSolution\\ShoppingDALTest\\bin\\Debug\\net6.0\\fine-code-coverage\\build-output\\ShoppingDALTest.dll","CodeFilePath":null,"LineNumber":0,"Properties":[{"Key":{"Id":"NUnit.Seed","Label":"Seed","Category":"","Description":"","Attributes":0,"ValueType":"System.String"},"Value":"1288029139"}]},"Attachments":[],"Outcome":1,"ErrorMessage":null,"ErrorStackTrace":null,"DisplayName":"DeleteExceptionTest","Messages":[],"ComputerName":"BYQBBX3","Duration":"00:00:00.0013610","StartTime":"2024-04-24T15:40:48.7559382+00:00","EndTime":"2024-04-24T15:40:48.7572994+00:00","Properties":[{"Key":{"Id":"NUnit.Seed","Label":"Seed","Category":"","Description":"","Attributes":0,"ValueType":"System.String"},"Value":"1288029139"}]},{"TestCase":{"Id":"23d4d825-4816-0518-efc1-87d1af87f264","FullyQualifiedName":"ShoppingDALTest.CustomerRespositoryTest.DeleteFailTest","DisplayName":"DeleteFailTest","ExecutorUri":"executor://NUnit3TestExecutor","Source":"C:\\Users\\VC\\Desktop\\DAY 11 - 24.04.2024\\ShoppingSolution\\ShoppingDALTest\\bin\\Debug\\net6.0\\fine-code-coverage\\build-output\\ShoppingDALTest.dll","CodeFilePath":null,"LineNumber":0,"Properties":[{"Key":{"Id":"NUnit.Seed","Label":"Seed","Category":"","Description":"","Attributes":0,"ValueType":"System.String"},"Value":"75192995"}]},"Attachments":[],"Outcome":2,"ErrorMessage":"ShoppingModelLibrary.CustomerExceptions.NoCustomerWithGiveIdException : Customer with the given Id is not present","ErrorStackTrace":"   at ShoppingDALLibrary.CustomerRepository.GetByKey(Int32 key) in C:\\Users\\VC\\Desktop\\DAY 11 - 24.04.2024\\ShoppingSolution\\ShoppingDALLibrary\\CustomerRepository.cs:line 26\r\n   at ShoppingDALLibrary.CustomerRepository.Delete(Int32 key) in C:\\Users\\VC\\Desktop\\DAY 11 - 24.04.2024\\ShoppingSolution\\ShoppingDALLibrary\\CustomerRepository.cs:line 10\r\n   at ShoppingDALTest.CustomerRespositoryTest.DeleteFailTest() in C:\\Users\\VC\\Desktop\\DAY 11 - 24.04.2024\\ShoppingSolution\\ShoppingDALTest\\CustomerRespositoryTest.cs:line 72","DisplayName":"DeleteFailTest","Messages":[],"ComputerName":"BYQBBX3","Duration":"00:00:00.0011390","StartTime":"2024-04-24T15:40:48.7573266+00:00","EndTime":"2024-04-24T15:40:48.7584646+00:00","Properties":[{"Key":{"Id":"NUnit.Seed","Label":"Seed","Category":"","Description":"","Attributes":0,"ValueType":"System.String"},"Value":"75192995"}]},{"TestCase":{"Id":"4b102e2b-3e66-454d-ad26-03c74717f8a5","FullyQualifiedName":"ShoppingDALTest.CustomerRespositoryTest.DeleteSuccessTest","DisplayName":"DeleteSuccessTest","ExecutorUri":"executor://NUnit3TestExecutor","Source":"C:\\Users\\VC\\Desktop\\DAY 11 - 24.04.2024\\ShoppingSolution\\ShoppingDALTest\\bin\\Debug\\net6.0\\fine-code-coverage\\build-output\\ShoppingDALTest.dll","CodeFilePath":null,"LineNumber":0,"Properties":[{"Key":{"Id":"NUnit.Seed","Label":"Seed","Category":"","Description":"","Attributes":0,"ValueType":"System.String"},"Value":"1849948251"}]},"Attachments":[],"Outcome":2,"ErrorMessage":"ShoppingModelLibrary.CustomerExceptions.NoCustomerWithGiveIdException : Customer with the given Id is not present","ErrorStackTrace":"   at ShoppingDALLibrary.CustomerRepository.GetByKey(Int32 key) in C:\\Users\\VC\\Desktop\\DAY 11 - 24.04.2024\\ShoppingSolution\\ShoppingDALLibrary\\CustomerRepository.cs:line 26\r\n   at ShoppingDALLibrary.CustomerRepository.Delete(Int32 key) in C:\\Users\\VC\\Desktop\\DAY 11 - 24.04.2024\\ShoppingSolution\\ShoppingDALLibrary\\CustomerRepository.cs:line 10\r\n   at ShoppingDALTest.CustomerRespositoryTest.DeleteSuccessTest() in C:\\Users\\VC\\Desktop\\DAY 11 - 24.04.2024\\ShoppingSolution\\ShoppingDALTest\\CustomerRespositoryTest.cs:line 62","DisplayName":"DeleteSuccessTest","Messages":[],"ComputerName":"BYQBBX3","Duration":"00:00:00.0009340","StartTime":"2024-04-24T15:40:48.7584899+00:00","EndTime":"2024-04-24T15:40:48.7594233+00:00","Properties":[{"Key":{"Id":"NUnit.Seed","Label":"Seed","Category":"","Description":"","Attributes":0,"ValueType":"System.String"},"Value":"1849948251"}]},{"TestCase":{"Id":"c5dd1d60-b7b3-e9d7-7ea3-45744566f0e9","FullyQualifiedName":"ShoppingDALTest.CustomerRespositoryTest.GetFailTest","DisplayName":"GetFailTest","ExecutorUri":"executor://NUnit3TestExecutor","Source":"C:\\Users\\VC\\Desktop\\DAY 11 - 24.04.2024\\ShoppingSolution\\ShoppingDALTest\\bin\\Debug\\net6.0\\fine-code-coverage\\build-output\\ShoppingDALTest.dll","CodeFilePath":null,"LineNumber":0,"Properties":[{"Key":{"Id":"NUnit.Seed","Label":"Seed","Category":"","Description":"","Attributes":0,"ValueType":"System.String"},"Value":"1078186976"}]},"Attachments":[],"Outcome":2,"ErrorMessage":"ShoppingModelLibrary.CustomerExceptions.NoCustomerWithGiveIdException : Customer with the given Id is not present","ErrorStackTrace":"   at ShoppingDALLibrary.CustomerRepository.GetByKey(Int32 key) in C:\\Users\\VC\\Desktop\\DAY 11 - 24.04.2024\\ShoppingSolution\\ShoppingDALLibrary\\CustomerRepository.cs:line 26\r\n   at ShoppingDALTest.CustomerRespositoryTest.GetFailTest() in C:\\Users\\VC\\Desktop\\DAY 11 - 24.04.2024\\ShoppingSolution\\ShoppingDALTest\\CustomerRespositoryTest.cs:line 136","DisplayName":"GetFailTest","Messages":[],"ComputerName":"BYQBBX3","Duration":"00:00:00.0008530","StartTime":"2024-04-24T15:40:48.759449+00:00","EndTime":"2024-04-24T15:40:48.7603013+00:00","Properties":[{"Key":{"Id":"NUnit.Seed","Label":"Seed","Category":"","Description":"","Attributes":0,"ValueType":"System.String"},"Value":"1078186976"}]},{"TestCase":{"Id":"2c4b4ea2-a4d6-b6af-d4ca-556708a40a9e","FullyQualifiedName":"ShoppingDALTest.CustomerRespositoryTest.UpdateExceptionTest","DisplayName":"UpdateExceptionTest","ExecutorUri":"executor://NUnit3TestExecutor","Source":"C:\\Users\\VC\\Desktop\\DAY 11 - 24.04.2024\\ShoppingSolution\\ShoppingDALTest\\bin\\Debug\\net6.0\\fine-code-coverage\\build-output\\ShoppingDALTest.dll","CodeFilePath":null,"LineNumber":0,"Properties":[{"Key":{"Id":"NUnit.Seed","Label":"Seed","Category":"","Description":"","Attributes":0,"ValueType":"System.String"},"Value":"452235397"}]},"Attachments":[],"Outcome":1,"ErrorMessage":null,"ErrorStackTrace":null,"DisplayName":"UpdateExceptionTest","Messages":[],"ComputerName":"BYQBBX3","Duration":"00:00:00.0023060","StartTime":"2024-04-24T15:40:48.7605118+00:00","EndTime":"2024-04-24T15:40:48.7628176+00:00","Properties":[{"Key":{"Id":"NUnit.Seed","Label":"Seed","Category":"","Description":"","Attributes":0,"ValueType":"System.String"},"Value":"452235397"}]},{"TestCase":{"Id":"93bec4ae-1b68-2c82-0d0f-94f192e4e7fa","FullyQualifiedName":"ShoppingDALTest.CustomerRespositoryTest.UpdateFailTest","DisplayName":"UpdateFailTest","ExecutorUri":"executor://NUnit3TestExecutor","Source":"C:\\Users\\VC\\Desktop\\DAY 11 - 24.04.2024\\ShoppingSolution\\ShoppingDALTest\\bin\\Debug\\net6.0\\fine-code-coverage\\build-output\\ShoppingDALTest.dll","CodeFilePath":null,"LineNumber":0,"Properties":[{"Key":{"Id":"NUnit.Seed","Label":"Seed","Category":"","Description":"","Attributes":0,"ValueType":"System.String"},"Value":"1420860779"}]},"Attachments":[],"Outcome":2,"ErrorMessage":"ShoppingModelLibrary.CustomerExceptions.NoCustomerWithGiveIdException : Customer with the given Id is not present","ErrorStackTrace":"   at ShoppingDALLibrary.CustomerRepository.Update(Customer item) in C:\\Users\\VC\\Desktop\\DAY 11 - 24.04.2024\\ShoppingSolution\\ShoppingDALLibrary\\CustomerRepository.cs:line 37\r\n   at ShoppingDALTest.CustomerRespositoryTest.UpdateFailTest() in C:\\Users\\VC\\Desktop\\DAY 11 - 24.04.2024\\ShoppingSolution\\ShoppingDALTest\\CustomerRespositoryTest.cs:line 106","DisplayName":"UpdateFailTest","Messages":[],"ComputerName":"BYQBBX3","Duration":"00:00:00.0011869","StartTime":"2024-04-24T15:40:48.7628532+00:00","EndTime":"2024-04-24T15:40:48.7640394+00:00","Properties":[{"Key":{"Id":"NUnit.Seed","Label":"Seed","Category":"","Description":"","Attributes":0,"ValueType":"System.String"},"Value":"1420860779"}]},{"TestCase":{"Id":"019efcc7-dcba-b924-c6d1-c8eee27d721e","FullyQualifiedName":"ShoppingDALTest.CustomerRespositoryTest.UpdateSuccessTest","DisplayName":"UpdateSuccessTest","ExecutorUri":"executor://NUnit3TestExecutor","Source":"C:\\Users\\VC\\Desktop\\DAY 11 - 24.04.2024\\ShoppingSolution\\ShoppingDALTest\\bin\\Debug\\net6.0\\fine-code-coverage\\build-output\\ShoppingDALTest.dll","CodeFilePath":null,"LineNumber":0,"Properties":[{"Key":{"Id":"NUnit.Seed","Label":"Seed","Category":"","Description":"","Attributes":0,"ValueType":"System.String"},"Value":"1238814610"}]},"Attachments":[],"Outcome":2,"ErrorMessage":"ShoppingModelLibrary.CustomerExceptions.NoCustomerWithGiveIdException : Customer with the given Id is not present","ErrorStackTrace":"   at ShoppingDALLibrary.CustomerRepository.Update(Customer item) in C:\\Users\\VC\\Desktop\\DAY 11 - 24.04.2024\\ShoppingSolution\\ShoppingDALLibrary\\CustomerRepository.cs:line 37\r\n   at ShoppingDALTest.CustomerRespositoryTest.UpdateSuccessTest() in C:\\Users\\VC\\Desktop\\DAY 11 - 24.04.2024\\ShoppingSolution\\ShoppingDALTest\\CustomerRespositoryTest.cs:line 95","DisplayName":"UpdateSuccessTest","Messages":[],"ComputerName":"BYQBBX3","Duration":"00:00:00.0008920","StartTime":"2024-04-24T15:40:48.7640676+00:00","EndTime":"2024-04-24T15:40:48.7649589+00:00","Properties":[{"Key":{"Id":"NUnit.Seed","Label":"Seed","Category":"","Description":"","Attributes":0,"ValueType":"System.String"},"Value":"1238814610"}]}],"TestRunStatistics":{"ExecutedTests":18,"Stats":{"Failed":13,"Passed":5}},"ActiveTests":[{"Id":"ae5fbb8f-06f8-64a2-e2ee-0eca672aa9bf","FullyQualifiedName":"ShoppingDALTest.ProductRepositoryTest1.AddExceptionTest","DisplayName":"AddExceptionTest","ExecutorUri":"executor://NUnit3TestExecutor","Source":"C:\\Users\\VC\\Desktop\\DAY 11 - 24.04.2024\\ShoppingSolution\\ShoppingDALTest\\bin\\Debug\\net6.0\\fine-code-coverage\\build-output\\ShoppingDALTest.dll","CodeFilePath":null,"LineNumber":0,"Properties":[{"Key":{"Id":"NUnit.Seed","Label":"Seed","Category":"","Description":"","Attributes":0,"ValueType":"System.String"},"Value":"1035293863"}]}]}}
TpTrace Verbose: 0 : 3608, 14, 2024/04/24, 21:10:48.826, 4653633650737, vstest.console.dll, TestRunRequest:SendTestRunStatsChange: Starting.
TpTrace Verbose: 0 : 3608, 14, 2024/04/24, 21:10:48.826, 4653633651861, vstest.console.dll, InProgress is AddExceptionTest
TpTrace Verbose: 0 : 3608, 14, 2024/04/24, 21:10:48.826, 4653633652813, vstest.console.dll, MulticastDelegateUtilities.SafeInvoke: TestRun.RunStatsChanged: Invoking callbacks was skipped because there are no subscribers.
TpTrace Information: 0 : 3608, 14, 2024/04/24, 21:10:48.826, 4653633653252, vstest.console.dll, TestRunRequest:SendTestRunStatsChange: Completed.
TpTrace Verbose: 0 : 3608, 14, 2024/04/24, 21:10:48.826, 4653633653808, vstest.console.dll, MulticastDelegateUtilities.SafeInvoke: LengthPrefixCommunicationChannel: MessageReceived: Invoking callback 1/1 for Microsoft.VisualStudio.TestPlatform.CommunicationUtilities.TestRequestSender+<>c__DisplayClass34_0., took 2 ms.
TpTrace Verbose: 0 : 3608, 14, 2024/04/24, 21:10:48.826, 4653633654352, vstest.console.dll, TcpClientExtensions.MessageLoopAsync: Polling on remoteEndPoint: 127.0.0.1:59217 localEndPoint: 127.0.0.1:59215 after 2 ms
TpTrace Verbose: 0 : 3608, 5, 2024/04/24, 21:10:48.826, 4653633656176, vstest.console.dll, MulticastDelegateUtilities.SafeInvoke: InternalTestLoggerEvents.SendTestResult: Invoking callback 1/1 for Microsoft.VisualStudio.TestPlatform.CommandLine.Internal.ConsoleLogger., took 3 ms.
TpTrace Verbose: 0 : 3608, 5, 2024/04/24, 21:10:48.827, 4653633666796, vstest.console.dll, MulticastDelegateUtilities.SafeInvoke: InternalTestLoggerEvents.SendTestResult: Invoking callback 1/1 for Microsoft.VisualStudio.TestPlatform.CommandLine.Internal.ConsoleLogger., took 0 ms.
TpTrace Verbose: 0 : 3608, 5, 2024/04/24, 21:10:48.828, 4653633668538, vstest.console.dll, MulticastDelegateUtilities.SafeInvoke: InternalTestLoggerEvents.SendTestResult: Invoking callback 1/1 for Microsoft.VisualStudio.TestPlatform.CommandLine.Internal.ConsoleLogger., took 0 ms.
TpTrace Verbose: 0 : 3608, 5, 2024/04/24, 21:10:48.828, 4653633671414, vstest.console.dll, MulticastDelegateUtilities.SafeInvoke: InternalTestLoggerEvents.SendTestResult: Invoking callback 1/1 for Microsoft.VisualStudio.TestPlatform.CommandLine.Internal.ConsoleLogger., took 0 ms.
TpTrace Verbose: 0 : 3608, 5, 2024/04/24, 21:10:48.828, 4653633672278, vstest.console.dll, MulticastDelegateUtilities.SafeInvoke: InternalTestLoggerEvents.SendTestResult: Invoking callback 1/1 for Microsoft.VisualStudio.TestPlatform.CommandLine.Internal.ConsoleLogger., took 0 ms.
TpTrace Verbose: 0 : 3608, 5, 2024/04/24, 21:10:48.828, 4653633674858, vstest.console.dll, MulticastDelegateUtilities.SafeInvoke: InternalTestLoggerEvents.SendTestResult: Invoking callback 1/1 for Microsoft.VisualStudio.TestPlatform.CommandLine.Internal.ConsoleLogger., took 0 ms.
TpTrace Verbose: 0 : 3608, 5, 2024/04/24, 21:10:48.828, 4653633678063, vstest.console.dll, MulticastDelegateUtilities.SafeInvoke: InternalTestLoggerEvents.SendTestResult: Invoking callback 1/1 for Microsoft.VisualStudio.TestPlatform.CommandLine.Internal.ConsoleLogger., took 0 ms.
TpTrace Verbose: 0 : 3608, 5, 2024/04/24, 21:10:48.829, 4653633681584, vstest.console.dll, MulticastDelegateUtilities.SafeInvoke: InternalTestLoggerEvents.SendTestResult: Invoking callback 1/1 for Microsoft.VisualStudio.TestPlatform.CommandLine.Internal.ConsoleLogger., took 0 ms.
TpTrace Verbose: 0 : 3608, 5, 2024/04/24, 21:10:48.829, 4653633684647, vstest.console.dll, MulticastDelegateUtilities.SafeInvoke: InternalTestLoggerEvents.SendTestResult: Invoking callback 1/1 for Microsoft.VisualStudio.TestPlatform.CommandLine.Internal.ConsoleLogger., took 0 ms.
TpTrace Verbose: 0 : 3608, 5, 2024/04/24, 21:10:48.830, 4653633688577, vstest.console.dll, MulticastDelegateUtilities.SafeInvoke: InternalTestLoggerEvents.SendTestResult: Invoking callback 1/1 for Microsoft.VisualStudio.TestPlatform.CommandLine.Internal.ConsoleLogger., took 0 ms.
TpTrace Verbose: 0 : 3608, 5, 2024/04/24, 21:10:48.830, 4653633689679, vstest.console.dll, MulticastDelegateUtilities.SafeInvoke: InternalTestLoggerEvents.SendTestResult: Invoking callback 1/1 for Microsoft.VisualStudio.TestPlatform.CommandLine.Internal.ConsoleLogger., took 0 ms.
TpTrace Verbose: 0 : 3608, 5, 2024/04/24, 21:10:48.830, 4653633690136, vstest.console.dll, MulticastDelegateUtilities.SafeInvoke: InternalTestLoggerEvents.SendTestResult: Invoking callback 1/1 for Microsoft.VisualStudio.TestPlatform.CommandLine.Internal.ConsoleLogger., took 0 ms.
TpTrace Verbose: 0 : 3608, 5, 2024/04/24, 21:10:48.830, 4653633692158, vstest.console.dll, MulticastDelegateUtilities.SafeInvoke: InternalTestLoggerEvents.SendTestResult: Invoking callback 1/1 for Microsoft.VisualStudio.TestPlatform.CommandLine.Internal.ConsoleLogger., took 0 ms.
TpTrace Verbose: 0 : 3608, 5, 2024/04/24, 21:10:48.830, 4653633694794, vstest.console.dll, MulticastDelegateUtilities.SafeInvoke: InternalTestLoggerEvents.SendTestResult: Invoking callback 1/1 for Microsoft.VisualStudio.TestPlatform.CommandLine.Internal.ConsoleLogger., took 0 ms.
TpTrace Verbose: 0 : 3608, 5, 2024/04/24, 21:10:48.830, 4653633698043, vstest.console.dll, MulticastDelegateUtilities.SafeInvoke: InternalTestLoggerEvents.SendTestResult: Invoking callback 1/1 for Microsoft.VisualStudio.TestPlatform.CommandLine.Internal.ConsoleLogger., took 0 ms.
TpTrace Verbose: 0 : 3608, 5, 2024/04/24, 21:10:48.831, 4653633698939, vstest.console.dll, MulticastDelegateUtilities.SafeInvoke: InternalTestLoggerEvents.SendTestResult: Invoking callback 1/1 for Microsoft.VisualStudio.TestPlatform.CommandLine.Internal.ConsoleLogger., took 0 ms.
TpTrace Verbose: 0 : 3608, 5, 2024/04/24, 21:10:48.831, 4653633701197, vstest.console.dll, MulticastDelegateUtilities.SafeInvoke: InternalTestLoggerEvents.SendTestResult: Invoking callback 1/1 for Microsoft.VisualStudio.TestPlatform.CommandLine.Internal.ConsoleLogger., took 0 ms.
TpTrace Verbose: 0 : 3608, 5, 2024/04/24, 21:10:48.831, 4653633703731, vstest.console.dll, MulticastDelegateUtilities.SafeInvoke: InternalTestLoggerEvents.SendTestResult: Invoking callback 1/1 for Microsoft.VisualStudio.TestPlatform.CommandLine.Internal.ConsoleLogger., took 0 ms.
TpTrace Verbose: 0 : 3608, 14, 2024/04/24, 21:10:48.848, 4653633871216, vstest.console.dll, TcpClientExtensions.MessageLoopAsync: NotifyDataAvailable remoteEndPoint: 127.0.0.1:59217 localEndPoint: 127.0.0.1:59215
TpTrace Verbose: 0 : 3608, 14, 2024/04/24, 21:10:48.848, 4653633875455, vstest.console.dll, TestRequestSender.OnExecutionMessageReceived: Received message: {"Version":5,"MessageType":"TestExecution.StatsChange","Payload":{"NewTestResults":[{"TestCase":{"Id":"ae5fbb8f-06f8-64a2-e2ee-0eca672aa9bf","FullyQualifiedName":"ShoppingDALTest.ProductRepositoryTest1.AddExceptionTest","DisplayName":"AddExceptionTest","ExecutorUri":"executor://NUnit3TestExecutor","Source":"C:\\Users\\VC\\Desktop\\DAY 11 - 24.04.2024\\ShoppingSolution\\ShoppingDALTest\\bin\\Debug\\net6.0\\fine-code-coverage\\build-output\\ShoppingDALTest.dll","CodeFilePath":null,"LineNumber":0,"Properties":[{"Key":{"Id":"NUnit.Seed","Label":"Seed","Category":"","Description":"","Attributes":0,"ValueType":"System.String"},"Value":"1035293863"}]},"Attachments":[],"Outcome":2,"ErrorMessage":"  Expected: <ShoppingModelLibrary.CustomerExceptions.NoCustomerWithGiveIdException>\r\n  But was:  null\r\n","ErrorStackTrace":"   at ShoppingDALTest.ProductRepositoryTest1.AddExceptionTest() in C:\\Users\\VC\\Desktop\\DAY 11 - 24.04.2024\\ShoppingSolution\\ShoppingDALTest\\ProductRepositoryTest1.cs:line 47\r\n","DisplayName":"AddExceptionTest","Messages":[],"ComputerName":"BYQBBX3","Duration":"00:00:00.0021530","StartTime":"2024-04-24T15:40:48.7651832+00:00","EndTime":"2024-04-24T15:40:48.7673354+00:00","Properties":[{"Key":{"Id":"NUnit.Seed","Label":"Seed","Category":"","Description":"","Attributes":0,"ValueType":"System.String"},"Value":"1035293863"}]},{"TestCase":{"Id":"66fc9740-4efe-b809-23f9-55dbb623a714","FullyQualifiedName":"ShoppingDALTest.ProductRepositoryTest1.AddFailTest","DisplayName":"AddFailTest","ExecutorUri":"executor://NUnit3TestExecutor","Source":"C:\\Users\\VC\\Desktop\\DAY 11 - 24.04.2024\\ShoppingSolution\\ShoppingDALTest\\bin\\Debug\\net6.0\\fine-code-coverage\\build-output\\ShoppingDALTest.dll","CodeFilePath":null,"LineNumber":0,"Properties":[{"Key":{"Id":"NUnit.Seed","Label":"Seed","Category":"","Description":"","Attributes":0,"ValueType":"System.String"},"Value":"1609109881"}]},"Attachments":[],"Outcome":2,"ErrorMessage":"  Expected: null\r\n  But was:  <Id : 0\r\nName : Sanjai\r\nPrice : $0\r\nNos in Stock : 0>\r\n","ErrorStackTrace":"   at ShoppingDALTest.ProductRepositoryTest1.AddFailTest() in C:\\Users\\VC\\Desktop\\DAY 11 - 24.04.2024\\ShoppingSolution\\ShoppingDALTest\\ProductRepositoryTest1.cs:line 38\r\n","DisplayName":"AddFailTest","Messages":[],"ComputerName":"BYQBBX3","Duration":"00:00:00.0017450","StartTime":"2024-04-24T15:40:48.7673656+00:00","EndTime":"2024-04-24T15:40:48.76911+00:00","Properties":[{"Key":{"Id":"NUnit.Seed","Label":"Seed","Category":"","Description":"","Attributes":0,"ValueType":"System.String"},"Value":"1609109881"}]},{"TestCase":{"Id":"ed2074c8-5386-f11b-b1cb-2bdb6e2520b7","FullyQualifiedName":"ShoppingDALTest.ProductRepositoryTest1.AddSuccessTest","DisplayName":"AddSuccessTest","ExecutorUri":"executor://NUnit3TestExecutor","Source":"C:\\Users\\VC\\Desktop\\DAY 11 - 24.04.2024\\ShoppingSolution\\ShoppingDALTest\\bin\\Debug\\net6.0\\fine-code-coverage\\build-output\\ShoppingDALTest.dll","CodeFilePath":null,"LineNumber":0,"Properties":[{"Key":{"Id":"NUnit.Seed","Label":"Seed","Category":"","Description":"","Attributes":0,"ValueType":"System.String"},"Value":"671945466"}]},"Attachments":[],"Outcome":1,"ErrorMessage":null,"ErrorStackTrace":null,"DisplayName":"AddSuccessTest","Messages":[],"ComputerName":"BYQBBX3","Duration":"00:00:00.0002590","StartTime":"2024-04-24T15:40:48.7691332+00:00","EndTime":"2024-04-24T15:40:48.7693918+00:00","Properties":[{"Key":{"Id":"NUnit.Seed","Label":"Seed","Category":"","Description":"","Attributes":0,"ValueType":"System.String"},"Value":"671945466"}]},{"TestCase":{"Id":"5c664943-4429-49b0-21d1-e47a31a58b73","FullyQualifiedName":"ShoppingDALTest.ProductRepositoryTest1.DeleteExceptionTest","DisplayName":"DeleteExceptionTest","ExecutorUri":"executor://NUnit3TestExecutor","Source":"C:\\Users\\VC\\Desktop\\DAY 11 - 24.04.2024\\ShoppingSolution\\ShoppingDALTest\\bin\\Debug\\net6.0\\fine-code-coverage\\build-output\\ShoppingDALTest.dll","CodeFilePath":null,"LineNumber":0,"Properties":[{"Key":{"Id":"NUnit.Seed","Label":"Seed","Category":"","Description":"","Attributes":0,"ValueType":"System.String"},"Value":"2140395936"}]},"Attachments":[],"Outcome":2,"ErrorMessage":"  Expected: <ShoppingModelLibrary.CustomerExceptions.NoCustomerWithGiveIdException>\r\n  But was:  <ShoppingModelLibrary.ProductExceptions.NoProductWithGivenIDException: Product with the given Id is not present\r\n   at ShoppingDALLibrary.ProductRepository.GetByKey(Int32 key) in C:\\Users\\VC\\Desktop\\DAY 11 - 24.04.2024\\ShoppingSolution\\ShoppingDALLibrary\\ProductRepository.cs:line 31\r\n   at ShoppingDALLibrary.ProductRepository.Delete(Int32 key) in C:\\Users\\VC\\Desktop\\DAY 11 - 24.04.2024\\ShoppingSolution\\ShoppingDALLibrary\\ProductRepository.cs:line 16\r\n   at ShoppingDALTest.ProductRepositoryTest1.<DeleteExceptionTest>b__7_0() in C:\\Users\\VC\\Desktop\\DAY 11 - 24.04.2024\\ShoppingSolution\\ShoppingDALTest\\ProductRepositoryTest1.cs:line 81\r\n   at NUnit.Framework.Assert.Throws(IResolveConstraint expression, TestDelegate code, String message, Object[] args)>\r\n","ErrorStackTrace":"   at ShoppingDALTest.ProductRepositoryTest1.DeleteExceptionTest() in C:\\Users\\VC\\Desktop\\DAY 11 - 24.04.2024\\ShoppingSolution\\ShoppingDALTest\\ProductRepositoryTest1.cs:line 81\r\n","DisplayName":"DeleteExceptionTest","Messages":[],"ComputerName":"BYQBBX3","Duration":"00:00:00.0134940","StartTime":"2024-04-24T15:40:48.7694229+00:00","EndTime":"2024-04-24T15:40:48.7829162+00:00","Properties":[{"Key":{"Id":"NUnit.Seed","Label":"Seed","Category":"","Description":"","Attributes":0,"ValueType":"System.String"},"Value":"2140395936"}]},{"TestCase":{"Id":"596fdfee-fd2d-0790-7065-e704677a7339","FullyQualifiedName":"ShoppingDALTest.ProductRepositoryTest1.DeleteFailTest","DisplayName":"DeleteFailTest","ExecutorUri":"executor://NUnit3TestExecutor","Source":"C:\\Users\\VC\\Desktop\\DAY 11 - 24.04.2024\\ShoppingSolution\\ShoppingDALTest\\bin\\Debug\\net6.0\\fine-code-coverage\\build-output\\ShoppingDALTest.dll","CodeFilePath":null,"LineNumber":0,"Properties":[{"Key":{"Id":"NUnit.Seed","Label":"Seed","Category":"","Description":"","Attributes":0,"ValueType":"System.String"},"Value":"561588622"}]},"Attachments":[],"Outcome":2,"ErrorMessage":"ShoppingModelLibrary.ProductExceptions.NoProductWithGivenIDException : Product with the given Id is not present","ErrorStackTrace":"   at ShoppingDALLibrary.ProductRepository.GetByKey(Int32 key) in C:\\Users\\VC\\Desktop\\DAY 11 - 24.04.2024\\ShoppingSolution\\ShoppingDALLibrary\\ProductRepository.cs:line 31\r\n   at ShoppingDALLibrary.ProductRepository.Delete(Int32 key) in C:\\Users\\VC\\Desktop\\DAY 11 - 24.04.2024\\ShoppingSolution\\ShoppingDALLibrary\\ProductRepository.cs:line 16\r\n   at ShoppingDALTest.ProductRepositoryTest1.DeleteFailTest() in C:\\Users\\VC\\Desktop\\DAY 11 - 24.04.2024\\ShoppingSolution\\ShoppingDALTest\\ProductRepositoryTest1.cs:line 70","DisplayName":"DeleteFailTest","Messages":[],"ComputerName":"BYQBBX3","Duration":"00:00:00.0011150","StartTime":"2024-04-24T15:40:48.7829504+00:00","EndTime":"2024-04-24T15:40:48.7840647+00:00","Properties":[{"Key":{"Id":"NUnit.Seed","Label":"Seed","Category":"","Description":"","Attributes":0,"ValueType":"System.String"},"Value":"561588622"}]},{"TestCase":{"Id":"a12df482-9532-9b64-4eb1-32e9ea996223","FullyQualifiedName":"ShoppingDALTest.ProductRepositoryTest1.DeleteSuccessTest","DisplayName":"DeleteSuccessTest","ExecutorUri":"executor://NUnit3TestExecutor","Source":"C:\\Users\\VC\\Desktop\\DAY 11 - 24.04.2024\\ShoppingSolution\\ShoppingDALTest\\bin\\Debug\\net6.0\\fine-code-coverage\\build-output\\ShoppingDALTest.dll","CodeFilePath":null,"LineNumber":0,"Properties":[{"Key":{"Id":"NUnit.Seed","Label":"Seed","Category":"","Description":"","Attributes":0,"ValueType":"System.String"},"Value":"730000568"}]},"Attachments":[],"Outcome":1,"ErrorMessage":null,"ErrorStackTrace":null,"DisplayName":"DeleteSuccessTest","Messages":[],"ComputerName":"BYQBBX3","Duration":"00:00:00.0006660","StartTime":"2024-04-24T15:40:48.7842447+00:00","EndTime":"2024-04-24T15:40:48.7849104+00:00","Properties":[{"Key":{"Id":"NUnit.Seed","Label":"Seed","Category":"","Description":"","Attributes":0,"ValueType":"System.String"},"Value":"730000568"}]},{"TestCase":{"Id":"c275e97c-5a99-032a-a566-b0db2572fb02","FullyQualifiedName":"ShoppingDALTest.ProductRepositoryTest1.GetExceptionTest","DisplayName":"GetExceptionTest","ExecutorUri":"executor://NUnit3TestExecutor","Source":"C:\\Users\\VC\\Desktop\\DAY 11 - 24.04.2024\\ShoppingSolution\\ShoppingDALTest\\bin\\Debug\\net6.0\\fine-code-coverage\\build-output\\ShoppingDALTest.dll","CodeFilePath":null,"LineNumber":0,"Properties":[{"Key":{"Id":"NUnit.Seed","Label":"Seed","Category":"","Description":"","Attributes":0,"ValueType":"System.String"},"Value":"1930865083"}]},"Attachments":[],"Outcome":2,"ErrorMessage":"  Expected: <ShoppingModelLibrary.CustomerExceptions.NoCustomerWithGiveIdException>\r\n  But was:  <ShoppingModelLibrary.ProductExceptions.NoProductWithGivenIDException: Product with the given Id is not present\r\n   at ShoppingDALLibrary.ProductRepository.GetByKey(Int32 key) in C:\\Users\\VC\\Desktop\\DAY 11 - 24.04.2024\\ShoppingSolution\\ShoppingDALLibrary\\ProductRepository.cs:line 31\r\n   at ShoppingDALTest.ProductRepositoryTest1.<GetExceptionTest>b__13_0() in C:\\Users\\VC\\Desktop\\DAY 11 - 24.04.2024\\ShoppingSolution\\ShoppingDALTest\\ProductRepositoryTest1.cs:line 149\r\n   at NUnit.Framework.Assert.Throws(IResolveConstraint expression, TestDelegate code, String message, Object[] args)>\r\n","ErrorStackTrace":"   at ShoppingDALTest.ProductRepositoryTest1.GetExceptionTest() in C:\\Users\\VC\\Desktop\\DAY 11 - 24.04.2024\\ShoppingSolution\\ShoppingDALTest\\ProductRepositoryTest1.cs:line 149\r\n","DisplayName":"GetExceptionTest","Messages":[],"ComputerName":"BYQBBX3","Duration":"00:00:00.0019050","StartTime":"2024-04-24T15:40:48.7849339+00:00","EndTime":"2024-04-24T15:40:48.7868388+00:00","Properties":[{"Key":{"Id":"NUnit.Seed","Label":"Seed","Category":"","Description":"","Attributes":0,"ValueType":"System.String"},"Value":"1930865083"}]},{"TestCase":{"Id":"02d27271-f476-55b9-2694-199af2238cdf","FullyQualifiedName":"ShoppingDALTest.ProductRepositoryTest1.GetFailTest","DisplayName":"GetFailTest","ExecutorUri":"executor://NUnit3TestExecutor","Source":"C:\\Users\\VC\\Desktop\\DAY 11 - 24.04.2024\\ShoppingSolution\\ShoppingDALTest\\bin\\Debug\\net6.0\\fine-code-coverage\\build-output\\ShoppingDALTest.dll","CodeFilePath":null,"LineNumber":0,"Properties":[{"Key":{"Id":"NUnit.Seed","Label":"Seed","Category":"","Description":"","Attributes":0,"ValueType":"System.String"},"Value":"1197926399"}]},"Attachments":[],"Outcome":2,"ErrorMessage":"ShoppingModelLibrary.ProductExceptions.NoProductWithGivenIDException : Product with the given Id is not present","ErrorStackTrace":"   at ShoppingDALLibrary.ProductRepository.GetByKey(Int32 key) in C:\\Users\\VC\\Desktop\\DAY 11 - 24.04.2024\\ShoppingSolution\\ShoppingDALLibrary\\ProductRepository.cs:line 31\r\n   at ShoppingDALTest.ProductRepositoryTest1.GetFailTest() in C:\\Users\\VC\\Desktop\\DAY 11 - 24.04.2024\\ShoppingSolution\\ShoppingDALTest\\ProductRepositoryTest1.cs:line 138","DisplayName":"GetFailTest","Messages":[],"ComputerName":"BYQBBX3","Duration":"00:00:00.0013020","StartTime":"2024-04-24T15:40:48.7868853+00:00","EndTime":"2024-04-24T15:40:48.7881866+00:00","Properties":[{"Key":{"Id":"NUnit.Seed","Label":"Seed","Category":"","Description":"","Attributes":0,"ValueType":"System.String"},"Value":"1197926399"}]},{"TestCase":{"Id":"2950ae91-d2a9-02c7-14fb-e77f23ce5fa2","FullyQualifiedName":"ShoppingDALTest.ProductRepositoryTest1.GetSuccessTest","DisplayName":"GetSuccessTest","ExecutorUri":"executor://NUnit3TestExecutor","Source":"C:\\Users\\VC\\Desktop\\DAY 11 - 24.04.2024\\ShoppingSolution\\ShoppingDALTest\\bin\\Debug\\net6.0\\fine-code-coverage\\build-output\\ShoppingDALTest.dll","CodeFilePath":null,"LineNumber":0,"Properties":[{"Key":{"Id":"NUnit.Seed","Label":"Seed","Category":"","Description":"","Attributes":0,"ValueType":"System.String"},"Value":"1435167592"}]},"Attachments":[],"Outcome":2,"ErrorMessage":"ShoppingModelLibrary.ProductExceptions.NoProductWithGivenIDException : Product with the given Id is not present","ErrorStackTrace":"   at ShoppingDALLibrary.ProductRepository.GetByKey(Int32 key) in C:\\Users\\VC\\Desktop\\DAY 11 - 24.04.2024\\ShoppingSolution\\ShoppingDALLibrary\\ProductRepository.cs:line 31\r\n   at ShoppingDALTest.ProductRepositoryTest1.GetSuccessTest() in C:\\Users\\VC\\Desktop\\DAY 11 - 24.04.2024\\ShoppingSolution\\ShoppingDALTest\\ProductRepositoryTest1.cs:line 128","DisplayName":"GetSuccessTest","Messages":[],"ComputerName":"BYQBBX3","Duration":"00:00:00.0007440","StartTime":"2024-04-24T15:40:48.78821+00:00","EndTime":"2024-04-24T15:40:48.7889535+00:00","Properties":[{"Key":{"Id":"NUnit.Seed","Label":"Seed","Category":"","Description":"","Attributes":0,"ValueType":"System.String"},"Value":"1435167592"}]}],"TestRunStatistics":{"ExecutedTests":27,"Stats":{"Failed":20,"Passed":7}},"ActiveTests":[{"Id":"a69c156f-efa3-05a4-44de-8117b371238f","FullyQualifiedName":"ShoppingDALTest.ProductRepositoryTest1.UpdateExceptionTest","DisplayName":"UpdateExceptionTest","ExecutorUri":"executor://NUnit3TestExecutor","Source":"C:\\Users\\VC\\Desktop\\DAY 11 - 24.04.2024\\ShoppingSolution\\ShoppingDALTest\\bin\\Debug\\net6.0\\fine-code-coverage\\build-output\\ShoppingDALTest.dll","CodeFilePath":null,"LineNumber":0,"Properties":[{"Key":{"Id":"NUnit.Seed","Label":"Seed","Category":"","Description":"","Attributes":0,"ValueType":"System.String"},"Value":"394008790"}]}]}}
TpTrace Verbose: 0 : 3608, 14, 2024/04/24, 21:10:48.849, 4653633886927, vstest.console.dll, TestRunRequest:SendTestRunStatsChange: Starting.
TpTrace Verbose: 0 : 3608, 14, 2024/04/24, 21:10:48.849, 4653633887546, vstest.console.dll, InProgress is UpdateExceptionTest
TpTrace Verbose: 0 : 3608, 14, 2024/04/24, 21:10:48.849, 4653633888351, vstest.console.dll, MulticastDelegateUtilities.SafeInvoke: TestRun.RunStatsChanged: Invoking callbacks was skipped because there are no subscribers.
TpTrace Information: 0 : 3608, 14, 2024/04/24, 21:10:48.850, 4653633888663, vstest.console.dll, TestRunRequest:SendTestRunStatsChange: Completed.
TpTrace Verbose: 0 : 3608, 14, 2024/04/24, 21:10:48.850, 4653633889121, vstest.console.dll, MulticastDelegateUtilities.SafeInvoke: LengthPrefixCommunicationChannel: MessageReceived: Invoking callback 1/1 for Microsoft.VisualStudio.TestPlatform.CommunicationUtilities.TestRequestSender+<>c__DisplayClass34_0., took 1 ms.
TpTrace Verbose: 0 : 3608, 14, 2024/04/24, 21:10:48.850, 4653633889523, vstest.console.dll, TcpClientExtensions.MessageLoopAsync: Polling on remoteEndPoint: 127.0.0.1:59217 localEndPoint: 127.0.0.1:59215 after 23 ms
TpTrace Verbose: 0 : 3608, 5, 2024/04/24, 21:10:48.850, 4653633890597, vstest.console.dll, MulticastDelegateUtilities.SafeInvoke: InternalTestLoggerEvents.SendTestResult: Invoking callback 1/1 for Microsoft.VisualStudio.TestPlatform.CommandLine.Internal.ConsoleLogger., took 0 ms.
TpTrace Verbose: 0 : 3608, 5, 2024/04/24, 21:10:48.850, 4653633892672, vstest.console.dll, MulticastDelegateUtilities.SafeInvoke: InternalTestLoggerEvents.SendTestResult: Invoking callback 1/1 for Microsoft.VisualStudio.TestPlatform.CommandLine.Internal.ConsoleLogger., took 0 ms.
TpTrace Verbose: 0 : 3608, 5, 2024/04/24, 21:10:48.850, 4653633893217, vstest.console.dll, MulticastDelegateUtilities.SafeInvoke: InternalTestLoggerEvents.SendTestResult: Invoking callback 1/1 for Microsoft.VisualStudio.TestPlatform.CommandLine.Internal.ConsoleLogger., took 0 ms.
TpTrace Verbose: 0 : 3608, 5, 2024/04/24, 21:10:48.850, 4653633895660, vstest.console.dll, MulticastDelegateUtilities.SafeInvoke: InternalTestLoggerEvents.SendTestResult: Invoking callback 1/1 for Microsoft.VisualStudio.TestPlatform.CommandLine.Internal.ConsoleLogger., took 0 ms.
TpTrace Verbose: 0 : 3608, 5, 2024/04/24, 21:10:48.851, 4653633898742, vstest.console.dll, MulticastDelegateUtilities.SafeInvoke: InternalTestLoggerEvents.SendTestResult: Invoking callback 1/1 for Microsoft.VisualStudio.TestPlatform.CommandLine.Internal.ConsoleLogger., took 0 ms.
TpTrace Verbose: 0 : 3608, 5, 2024/04/24, 21:10:48.851, 4653633899471, vstest.console.dll, MulticastDelegateUtilities.SafeInvoke: InternalTestLoggerEvents.SendTestResult: Invoking callback 1/1 for Microsoft.VisualStudio.TestPlatform.CommandLine.Internal.ConsoleLogger., took 0 ms.
TpTrace Verbose: 0 : 3608, 5, 2024/04/24, 21:10:48.851, 4653633902705, vstest.console.dll, MulticastDelegateUtilities.SafeInvoke: InternalTestLoggerEvents.SendTestResult: Invoking callback 1/1 for Microsoft.VisualStudio.TestPlatform.CommandLine.Internal.ConsoleLogger., took 0 ms.
TpTrace Verbose: 0 : 3608, 5, 2024/04/24, 21:10:48.853, 4653633920217, vstest.console.dll, MulticastDelegateUtilities.SafeInvoke: InternalTestLoggerEvents.SendTestResult: Invoking callback 1/1 for Microsoft.VisualStudio.TestPlatform.CommandLine.Internal.ConsoleLogger., took 1 ms.
TpTrace Verbose: 0 : 3608, 5, 2024/04/24, 21:10:48.853, 4653633923805, vstest.console.dll, MulticastDelegateUtilities.SafeInvoke: InternalTestLoggerEvents.SendTestResult: Invoking callback 1/1 for Microsoft.VisualStudio.TestPlatform.CommandLine.Internal.ConsoleLogger., took 0 ms.
TpTrace Verbose: 0 : 3608, 14, 2024/04/24, 21:10:48.863, 4653634019815, vstest.console.dll, TcpClientExtensions.MessageLoopAsync: NotifyDataAvailable remoteEndPoint: 127.0.0.1:59217 localEndPoint: 127.0.0.1:59215
TpTrace Verbose: 0 : 3608, 14, 2024/04/24, 21:10:48.863, 4653634021732, vstest.console.dll, TestRequestSender.OnExecutionMessageReceived: Received message: {"Version":5,"MessageType":"TestSession.Message","Payload":{"MessageLevel":0,"Message":"NUnit Adapter 4.2.0.0: Test execution complete"}}
TpTrace Verbose: 0 : 3608, 14, 2024/04/24, 21:10:48.863, 4653634023303, vstest.console.dll, TestRunRequest:SendTestRunMessage: Starting.
TpTrace Verbose: 0 : 3608, 14, 2024/04/24, 21:10:48.863, 4653634024052, vstest.console.dll, MulticastDelegateUtilities.SafeInvoke: TestRun.LogMessages: Invoking callback 1/1 for Microsoft.VisualStudio.TestPlatform.CommandLine.TestRunResultAggregator., took 0 ms.
TpTrace Information: 0 : 3608, 14, 2024/04/24, 21:10:48.863, 4653634024471, vstest.console.dll, TestRunRequest:SendTestRunMessage: Completed.
TpTrace Verbose: 0 : 3608, 5, 2024/04/24, 21:10:48.863, 4653634024628, vstest.console.dll, MulticastDelegateUtilities.SafeInvoke: InternalTestLoggerEvents.SendTestRunMessage: Invoking callback 1/1 for Microsoft.VisualStudio.TestPlatform.CommandLine.Internal.ConsoleLogger., took 0 ms.
TpTrace Verbose: 0 : 3608, 14, 2024/04/24, 21:10:48.863, 4653634024925, vstest.console.dll, MulticastDelegateUtilities.SafeInvoke: LengthPrefixCommunicationChannel: MessageReceived: Invoking callback 1/1 for Microsoft.VisualStudio.TestPlatform.CommunicationUtilities.TestRequestSender+<>c__DisplayClass34_0., took 0 ms.
TpTrace Verbose: 0 : 3608, 14, 2024/04/24, 21:10:48.863, 4653634026272, vstest.console.dll, TcpClientExtensions.MessageLoopAsync: Polling on remoteEndPoint: 127.0.0.1:59217 localEndPoint: 127.0.0.1:59215 after 13 ms
TpTrace Verbose: 0 : 3608, 14, 2024/04/24, 21:10:48.884, 4653634228959, vstest.console.dll, TcpClientExtensions.MessageLoopAsync: NotifyDataAvailable remoteEndPoint: 127.0.0.1:59217 localEndPoint: 127.0.0.1:59215
TpTrace Verbose: 0 : 3608, 14, 2024/04/24, 21:10:48.884, 4653634233254, vstest.console.dll, TestRequestSender.OnExecutionMessageReceived: Received message: {"Version":5,"MessageType":"TestExecution.Completed","Payload":{"TestRunCompleteArgs":{"TestRunStatistics":{"ExecutedTests":30,"Stats":{"Failed":23,"Passed":7}},"IsCanceled":false,"IsAborted":false,"Error":null,"AttachmentSets":[],"ElapsedTimeInRunningTests":"00:00:00.5690512","Metrics":{}},"LastRunTests":{"NewTestResults":[{"TestCase":{"Id":"a69c156f-efa3-05a4-44de-8117b371238f","FullyQualifiedName":"ShoppingDALTest.ProductRepositoryTest1.UpdateExceptionTest","DisplayName":"UpdateExceptionTest","ExecutorUri":"executor://NUnit3TestExecutor","Source":"C:\\Users\\VC\\Desktop\\DAY 11 - 24.04.2024\\ShoppingSolution\\ShoppingDALTest\\bin\\Debug\\net6.0\\fine-code-coverage\\build-output\\ShoppingDALTest.dll","CodeFilePath":null,"LineNumber":0,"Properties":[{"Key":{"Id":"NUnit.Seed","Label":"Seed","Category":"","Description":"","Attributes":0,"ValueType":"System.String"},"Value":"394008790"}]},"Attachments":[],"Outcome":2,"ErrorMessage":"  Expected: <ShoppingModelLibrary.CustomerExceptions.NoCustomerWithGiveIdException>\r\n  But was:  null\r\n","ErrorStackTrace":"   at ShoppingDALTest.ProductRepositoryTest1.UpdateExceptionTest() in C:\\Users\\VC\\Desktop\\DAY 11 - 24.04.2024\\ShoppingSolution\\ShoppingDALTest\\ProductRepositoryTest1.cs:line 105\r\n","DisplayName":"UpdateExceptionTest","Messages":[],"ComputerName":"BYQBBX3","Duration":"00:00:00.0028030","StartTime":"2024-04-24T15:40:48.7889718+00:00","EndTime":"2024-04-24T15:40:48.7917743+00:00","Properties":[{"Key":{"Id":"NUnit.Seed","Label":"Seed","Category":"","Description":"","Attributes":0,"ValueType":"System.String"},"Value":"394008790"}]},{"TestCase":{"Id":"776bb777-65f8-1919-a4c7-8594ffcc783a","FullyQualifiedName":"ShoppingDALTest.ProductRepositoryTest1.UpdateFailTest","DisplayName":"UpdateFailTest","ExecutorUri":"executor://NUnit3TestExecutor","Source":"C:\\Users\\VC\\Desktop\\DAY 11 - 24.04.2024\\ShoppingSolution\\ShoppingDALTest\\bin\\Debug\\net6.0\\fine-code-coverage\\build-output\\ShoppingDALTest.dll","CodeFilePath":null,"LineNumber":0,"Properties":[{"Key":{"Id":"NUnit.Seed","Label":"Seed","Category":"","Description":"","Attributes":0,"ValueType":"System.String"},"Value":"1249172980"}]},"Attachments":[],"Outcome":2,"ErrorMessage":"ShoppingModelLibrary.ProductExceptions.NoProductWithGivenIDException : Product with the given Id is not present","ErrorStackTrace":"   at ShoppingDALLibrary.ProductRepository.Update(Product item) in C:\\Users\\VC\\Desktop\\DAY 11 - 24.04.2024\\ShoppingSolution\\ShoppingDALLibrary\\ProductRepository.cs:line 50\r\n   at ShoppingDALTest.ProductRepositoryTest1.UpdateFailTest() in C:\\Users\\VC\\Desktop\\DAY 11 - 24.04.2024\\ShoppingSolution\\ShoppingDALTest\\ProductRepositoryTest1.cs:line 118","DisplayName":"UpdateFailTest","Messages":[],"ComputerName":"BYQBBX3","Duration":"00:00:00.0010529","StartTime":"2024-04-24T15:40:48.7918039+00:00","EndTime":"2024-04-24T15:40:48.7928566+00:00","Properties":[{"Key":{"Id":"NUnit.Seed","Label":"Seed","Category":"","Description":"","Attributes":0,"ValueType":"System.String"},"Value":"1249172980"}]},{"TestCase":{"Id":"478a68ca-f7c0-78ef-3561-f1f2298a601e","FullyQualifiedName":"ShoppingDALTest.ProductRepositoryTest1.UpdateSuccessTest","DisplayName":"UpdateSuccessTest","ExecutorUri":"executor://NUnit3TestExecutor","Source":"C:\\Users\\VC\\Desktop\\DAY 11 - 24.04.2024\\ShoppingSolution\\ShoppingDALTest\\bin\\Debug\\net6.0\\fine-code-coverage\\build-output\\ShoppingDALTest.dll","CodeFilePath":null,"LineNumber":0,"Properties":[{"Key":{"Id":"NUnit.Seed","Label":"Seed","Category":"","Description":"","Attributes":0,"ValueType":"System.String"},"Value":"1838180452"}]},"Attachments":[],"Outcome":2,"ErrorMessage":"ShoppingModelLibrary.ProductExceptions.NoProductWithGivenIDException : Product with the given Id is not present","ErrorStackTrace":"   at ShoppingDALLibrary.ProductRepository.Update(Product item) in C:\\Users\\VC\\Desktop\\DAY 11 - 24.04.2024\\ShoppingSolution\\ShoppingDALLibrary\\ProductRepository.cs:line 50\r\n   at ShoppingDALTest.ProductRepositoryTest1.UpdateSuccessTest() in C:\\Users\\VC\\Desktop\\DAY 11 - 24.04.2024\\ShoppingSolution\\ShoppingDALTest\\ProductRepositoryTest1.cs:line 93","DisplayName":"UpdateSuccessTest","Messages":[],"ComputerName":"BYQBBX3","Duration":"00:00:00.0012120","StartTime":"2024-04-24T15:40:48.7928846+00:00","EndTime":"2024-04-24T15:40:48.7940964+00:00","Properties":[{"Key":{"Id":"NUnit.Seed","Label":"Seed","Category":"","Description":"","Attributes":0,"ValueType":"System.String"},"Value":"1838180452"}]}],"TestRunStatistics":{"ExecutedTests":30,"Stats":{"Failed":23,"Passed":7}},"ActiveTests":[]},"RunAttachments":[],"ExecutorUris":["executor://nunit3testexecutor/"]}}
TpTrace Verbose: 0 : 3608, 14, 2024/04/24, 21:10:48.884, 4653634234997, vstest.console.dll, TestRequestSender.EndSession: Sending end session.
TpTrace Verbose: 0 : 3608, 14, 2024/04/24, 21:10:48.884, 4653634237263, vstest.console.dll, ProxyOperationManager.Close: waiting for test host to exit for 100 ms
TpTrace Verbose: 0 : 3608, 13, 2024/04/24, 21:10:48.937, 4653634766137, vstest.console.dll, TestHostManagerCallbacks.ctor: Experimental forwarding output is disabled.
TpTrace Warning: 0 : 3608, 13, 2024/04/24, 21:10:48.937, 4653634768200, vstest.console.dll, TestHostManagerCallbacks.ErrorReceivedCallback Test host standard error line: 
TpTrace Verbose: 0 : 3608, 13, 2024/04/24, 21:10:48.950, 4653634890673, vstest.console.dll, TestHostProvider.ExitCallBack: Host exited starting callback.
TpTrace Information: 0 : 3608, 13, 2024/04/24, 21:10:48.950, 4653634893490, vstest.console.dll, TestHostManagerCallbacks.ExitCallBack: Testhost processId: 21684 exited with exitcode: 0 error: ''
TpTrace Verbose: 0 : 3608, 13, 2024/04/24, 21:10:48.950, 4653634894403, vstest.console.dll, DotnetTestHostManager.OnHostExited: invoking OnHostExited callback
TpTrace Verbose: 0 : 3608, 13, 2024/04/24, 21:10:48.950, 4653634895474, vstest.console.dll, CrossPlatEngine.TestHostManagerHostExited: calling on client process exit callback.
TpTrace Information: 0 : 3608, 13, 2024/04/24, 21:10:48.950, 4653634896532, vstest.console.dll, TestRequestSender.OnClientProcessExit: Test host process exited. Standard error: 
TpTrace Information: 0 : 3608, 13, 2024/04/24, 21:10:48.950, 4653634897420, vstest.console.dll, SocketServer.Stop: Stop server endPoint: 127.0.0.1:59215
TpTrace Information: 0 : 3608, 14, 2024/04/24, 21:10:48.950, 4653634897354, vstest.console.dll, SocketServer.Stop: Stop server endPoint: 127.0.0.1:59215
TpTrace Information: 0 : 3608, 14, 2024/04/24, 21:10:48.951, 4653634899480, vstest.console.dll, SocketServer.Stop: Cancellation requested. Stopping message loop.
TpTrace Information: 0 : 3608, 13, 2024/04/24, 21:10:48.950, 4653634898205, vstest.console.dll, SocketServer.Stop: Cancellation requested. Stopping message loop.
TpTrace Information: 0 : 3608, 14, 2024/04/24, 21:10:48.951, 4653634901845, vstest.console.dll, Closing the connection
TpTrace Verbose: 0 : 3608, 13, 2024/04/24, 21:10:48.951, 4653634901985, vstest.console.dll, MulticastDelegateUtilities.SafeInvoke: HostProviderEvents.OnHostExited: Invoking callback 1/1 for Microsoft.VisualStudio.TestPlatform.CrossPlatEngine.Client.ProxyOperationManager., took 0 ms.
TpTrace Verbose: 0 : 3608, 14, 2024/04/24, 21:10:48.951, 4653634906181, vstest.console.dll, ProxyDataCollectionManager.InvokeDataCollectionServiceAction: Starting.
TpTrace Information: 0 : 3608, 14, 2024/04/24, 21:10:48.951, 4653634907180, vstest.console.dll, ProxyDataCollectionManager.AfterTestRunEnd: Get attachment set and invoked data collectors processId: 11516 port: 59212
TpTrace Verbose: 0 : 3608, 14, 2024/04/24, 21:10:48.951, 4653634908124, vstest.console.dll, DataCollectionRequestSender.SendAfterTestRunStartAndGetResult: Send AfterTestRunEnd message with isCancelled: False
TpTrace Verbose: 0 : 3608, 14, 2024/04/24, 21:10:48.963, 4653635027598, vstest.console.dll, DataCollectionRequestSender.SendAfterTestRunStartAndGetResult: Received message: (DataCollection.AfterTestRunEndResult) -> {"MessageType":"DataCollection.AfterTestRunEndResult","Payload":{"AttachmentSets":[],"InvokedDataCollectors":[{"Uri":"datacollector://Microsoft/TestPlatform/Extensions/Blame/v1","FriendlyName":"Blame","AssemblyQualifiedName":"Microsoft.TestPlatform.Extensions.BlameDataCollector.BlameCollector, Microsoft.TestPlatform.Extensions.BlameDataCollector, Version=15.0.0.0, Culture=neutral, PublicKeyToken=b03f5f7f11d50a3a","FilePath":"C:\\Program Files\\dotnet\\sdk\\8.0.202\\Extensions\\Microsoft.TestPlatform.Extensions.BlameDataCollector.dll","HasAttachmentProcessor":false}],"Metrics":{}}}
TpTrace Information: 0 : 3608, 14, 2024/04/24, 21:10:48.972, 4653635110605, vstest.console.dll, ProxyDataCollectionManager.InvokeDataCollectionServiceAction: Completed.
TpTrace Warning: 0 : 3608, 11, 2024/04/24, 21:10:48.983, 4653635226425, vstest.console.dll, DataCollectionLauncher.ErrorReceivedCallback datacollector standard error line: 
TpTrace Information: 0 : 3608, 11, 2024/04/24, 21:10:49.002, 4653635410122, vstest.console.dll, DataCollectionLauncher.ExitCallBack: Data collector exited with exitcode: 0 error: ''
TpTrace Verbose: 0 : 3608, 14, 2024/04/24, 21:10:49.035, 4653635738951, vstest.console.dll, TestRunRequest:SendTestRunStatsChange: Starting.
TpTrace Verbose: 0 : 3608, 14, 2024/04/24, 21:10:49.035, 4653635740378, vstest.console.dll, MulticastDelegateUtilities.SafeInvoke: TestRun.RunStatsChanged: Invoking callbacks was skipped because there are no subscribers.
TpTrace Information: 0 : 3608, 14, 2024/04/24, 21:10:49.035, 4653635740784, vstest.console.dll, TestRunRequest:SendTestRunStatsChange: Completed.
TpTrace Verbose: 0 : 3608, 14, 2024/04/24, 21:10:49.035, 4653635743535, vstest.console.dll, ParallelProxyExecutionManager: HandlePartialRunComplete: Total workloads = 1, Total started clients = 1 Total completed clients = 1, Run complete = True, Run canceled: False.
TpTrace Verbose: 0 : 3608, 14, 2024/04/24, 21:10:49.035, 4653635744047, vstest.console.dll, ParallelProxyExecutionManager: HandlePartialRunComplete: All runs completed stopping all managers.
TpTrace Verbose: 0 : 3608, 14, 2024/04/24, 21:10:49.035, 4653635744472, vstest.console.dll, ParallelOperationManager.StopAllManagers: Stopping all managers.
TpTrace Verbose: 0 : 3608, 14, 2024/04/24, 21:10:49.035, 4653635744855, vstest.console.dll, ParallelOperationManager.ClearSlots: Clearing all slots. Slots should accept more work: False
TpTrace Verbose: 0 : 3608, 14, 2024/04/24, 21:10:49.035, 4653635745388, vstest.console.dll, ParallelOperationManager.SetOccupiedSlotCount: Setting slot counts AvailableSlotCount = 1, OccupiedSlotCount = 0.
TpTrace Verbose: 0 : 3608, 5, 2024/04/24, 21:10:49.035, 4653635745528, vstest.console.dll, MulticastDelegateUtilities.SafeInvoke: InternalTestLoggerEvents.SendTestResult: Invoking callback 1/1 for Microsoft.VisualStudio.TestPlatform.CommandLine.Internal.ConsoleLogger., took 0 ms.
TpTrace Verbose: 0 : 3608, 14, 2024/04/24, 21:10:49.035, 4653635745964, vstest.console.dll, Occupied slots:

TpTrace Verbose: 0 : 3608, 5, 2024/04/24, 21:10:49.036, 4653635750529, vstest.console.dll, MulticastDelegateUtilities.SafeInvoke: InternalTestLoggerEvents.SendTestResult: Invoking callback 1/1 for Microsoft.VisualStudio.TestPlatform.CommandLine.Internal.ConsoleLogger., took 0 ms.
TpTrace Verbose: 0 : 3608, 5, 2024/04/24, 21:10:49.036, 4653635755595, vstest.console.dll, MulticastDelegateUtilities.SafeInvoke: InternalTestLoggerEvents.SendTestResult: Invoking callback 1/1 for Microsoft.VisualStudio.TestPlatform.CommandLine.Internal.ConsoleLogger., took 0 ms.
TpTrace Verbose: 0 : 3608, 5, 2024/04/24, 21:10:49.060, 4653635997523, vstest.console.dll, MulticastDelegateUtilities.SafeInvoke: InternalTestLoggerEvents.SendTestRunComplete: Invoking callback 1/2 for Microsoft.TestPlatform.Extensions.BlameDataCollector.BlameLogger., took 0 ms.
TpTrace Verbose: 0 : 3608, 5, 2024/04/24, 21:10:49.075, 4653636145091, vstest.console.dll, MulticastDelegateUtilities.SafeInvoke: InternalTestLoggerEvents.SendTestRunComplete: Invoking callback 2/2 for Microsoft.VisualStudio.TestPlatform.CommandLine.Internal.ConsoleLogger., took 14 ms.
TpTrace Verbose: 0 : 3608, 14, 2024/04/24, 21:10:49.076, 4653636150749, vstest.console.dll, TestRunRequest:TestRunComplete: Starting. IsAborted:False IsCanceled:False.
TpTrace Verbose: 0 : 3608, 14, 2024/04/24, 21:10:49.076, 4653636157501, vstest.console.dll, ParallelOperationManager.DoActionOnAllManagers: Calling an action on all managers.
TpTrace Verbose: 0 : 3608, 14, 2024/04/24, 21:10:49.079, 4653636179082, vstest.console.dll, TestLoggerManager.HandleTestRunComplete: Ignoring as the object is disposed.
TpTrace Verbose: 0 : 3608, 14, 2024/04/24, 21:10:49.079, 4653636182663, vstest.console.dll, MulticastDelegateUtilities.SafeInvoke: TestRun.TestRunComplete: Invoking callback 1/2 for Microsoft.VisualStudio.TestPlatform.CommandLine.TestRunResultAggregator., took 0 ms.
TpTrace Verbose: 0 : 3608, 14, 2024/04/24, 21:10:49.079, 4653636184472, vstest.console.dll, MulticastDelegateUtilities.SafeInvoke: TestRun.TestRunComplete: Invoking callback 2/2 for Microsoft.VisualStudio.TestPlatform.CommandLine.Processors.RunTestsArgumentExecutor+TestRunRequestEventsRegistrar., took 0 ms.
TpTrace Information: 0 : 3608, 14, 2024/04/24, 21:10:49.079, 4653636186175, vstest.console.dll, TestRunRequest:TestRunComplete: Completed.
TpTrace Verbose: 0 : 3608, 1, 2024/04/24, 21:10:49.079, 4653636186360, vstest.console.dll, TestRunRequest.Dispose: Starting.
TpTrace Verbose: 0 : 3608, 14, 2024/04/24, 21:10:49.079, 4653636187128, vstest.console.dll, TestRequestSender.SetOperationComplete: Setting operation complete.
TpTrace Information: 0 : 3608, 1, 2024/04/24, 21:10:49.079, 4653636188253, vstest.console.dll, TestRunRequest.Dispose: Completed.
TpTrace Information: 0 : 3608, 14, 2024/04/24, 21:10:49.080, 4653636188826, vstest.console.dll, SocketServer.Stop: Stop server endPoint: 127.0.0.1:59215
TpTrace Information: 0 : 3608, 1, 2024/04/24, 21:10:49.080, 4653636189708, vstest.console.dll, TestRequestManager.RunTests: run tests completed.
TpTrace Information: 0 : 3608, 1, 2024/04/24, 21:10:49.080, 4653636191580, vstest.console.dll, RunTestsArgumentProcessor:Execute: Test run is completed.
TpTrace Information: 0 : 3608, 14, 2024/04/24, 21:10:49.080, 4653636190192, vstest.console.dll, SocketServer.Stop: Cancellation requested. Stopping message loop.
TpTrace Verbose: 0 : 3608, 14, 2024/04/24, 21:10:49.080, 4653636193345, vstest.console.dll, MulticastDelegateUtilities.SafeInvoke: LengthPrefixCommunicationChannel: MessageReceived: Invoking callback 1/1 for Microsoft.VisualStudio.TestPlatform.CommunicationUtilities.TestRequestSender+<>c__DisplayClass34_0., took 196 ms.
TpTrace Information: 0 : 3608, 14, 2024/04/24, 21:10:49.080, 4653636194532, vstest.console.dll, SocketServer.PrivateStop: Stopping server endPoint: 127.0.0.1:59215 error: 
TpTrace Verbose: 0 : 3608, 1, 2024/04/24, 21:10:49.080, 4653636196018, vstest.console.dll, Executor.Execute: Exiting with exit code of 1
