TpTrace Verbose: 0 : 26136, 1, 2024/05/09, 08:00:59.406, 17140034956376, vstest.console.dll, Version: 17.9.0-release-24072-02 Current process architecture: X64
TpTrace Verbose: 0 : 26136, 1, 2024/05/09, 08:00:59.410, 17140034997519, vstest.console.dll, Runtime location: C:\Program Files\dotnet\shared\Microsoft.NETCore.App\8.0.3
TpTrace Verbose: 0 : 26136, 1, 2024/05/09, 08:00:59.414, 17140035033671, vstest.console.dll, ArtifactProcessingPostProcessModeProcessorExecutor.Initialize: ArtifactProcessingMode.Collect
TpTrace Verbose: 0 : 26136, 1, 2024/05/09, 08:00:59.414, 17140035036653, vstest.console.dll, TestSessionCorrelationIdProcessorModeProcessorExecutor.Initialize: TestSessionCorrelationId '10568_3a93d562-e761-4a63-bf78-7e21b5bc0551'
TpTrace Information: 0 : 26136, 1, 2024/05/09, 08:00:59.430, 17140035202604, vstest.console.dll, FilePatternParser: The given file C:\Users\VC\Desktop\WorkProgress\Presidio-Genspark-Daily-Progress-Updates\DAY 20 - 08.05.2024\ClinicTrackerSolution\ClinicTrackerBLTests\bin\Debug\net6.0\fine-code-coverage\build-output\ClinicTrackerBLTests.dll is a full path.
TpTrace Verbose: 0 : 26136, 1, 2024/05/09, 08:00:59.440, 17140035300457, vstest.console.dll, TestPluginCache.DiscoverTestExtensions: finding test extensions in assemblies ends with: RuntimeProvider.dll TPluginInfo: Microsoft.VisualStudio.TestPlatform.Common.ExtensionFramework.Utilities.TestRuntimePluginInformation TExtension: Microsoft.VisualStudio.TestPlatform.ObjectModel.Host.ITestRuntimeProvider
TpTrace Verbose: 0 : 26136, 1, 2024/05/09, 08:00:59.441, 17140035307859, vstest.console.dll, TestPluginCache.GetExtensionPaths: Filtered extension paths: 
TpTrace Verbose: 0 : 26136, 1, 2024/05/09, 08:00:59.441, 17140035310123, vstest.console.dll, TestPluginCache.GetExtensionPaths: Added default extension paths: C:\Program Files\dotnet\sdk\8.0.202\Extensions\Microsoft.Diagnostics.NETCore.Client.dll
C:\Program Files\dotnet\sdk\8.0.202\Extensions\Microsoft.TestPlatform.Extensions.BlameDataCollector.dll
C:\Program Files\dotnet\sdk\8.0.202\Extensions\Microsoft.TestPlatform.Extensions.EventLogCollector.dll
C:\Program Files\dotnet\sdk\8.0.202\Extensions\Microsoft.TestPlatform.TestHostRuntimeProvider.dll
C:\Program Files\dotnet\sdk\8.0.202\Extensions\Microsoft.VisualStudio.TestPlatform.Extensions.Html.TestLogger.dll
C:\Program Files\dotnet\sdk\8.0.202\Extensions\Microsoft.VisualStudio.TestPlatform.Extensions.Trx.TestLogger.dll
TpTrace Verbose: 0 : 26136, 1, 2024/05/09, 08:00:59.441, 17140035310964, vstest.console.dll, TestPluginCache.GetExtensionPaths: Added unfilterableExtensionPaths: 
TpTrace Information: 0 : 26136, 1, 2024/05/09, 08:00:59.443, 17140035323327, vstest.console.dll, AssemblyResolver.ctor: Creating AssemblyResolver with searchDirectories C:\Program Files\dotnet\sdk\8.0.202\Extensions,C:\Program Files\dotnet\sdk\8.0.202
TpTrace Verbose: 0 : 26136, 1, 2024/05/09, 08:00:59.446, 17140035353557, vstest.console.dll, TestPluginCache.DiscoverTestExtensions: Discovering the extensions using extension path.
TpTrace Verbose: 0 : 26136, 1, 2024/05/09, 08:00:59.446, 17140035356200, vstest.console.dll, TestPluginCache.GetExtensionPaths: Filtered extension paths: 
TpTrace Verbose: 0 : 26136, 1, 2024/05/09, 08:00:59.446, 17140035357173, vstest.console.dll, TestPluginCache.GetExtensionPaths: Added default extension paths: C:\Program Files\dotnet\sdk\8.0.202\Extensions\Microsoft.Diagnostics.NETCore.Client.dll
C:\Program Files\dotnet\sdk\8.0.202\Extensions\Microsoft.TestPlatform.Extensions.BlameDataCollector.dll
C:\Program Files\dotnet\sdk\8.0.202\Extensions\Microsoft.TestPlatform.Extensions.EventLogCollector.dll
C:\Program Files\dotnet\sdk\8.0.202\Extensions\Microsoft.TestPlatform.TestHostRuntimeProvider.dll
C:\Program Files\dotnet\sdk\8.0.202\Extensions\Microsoft.VisualStudio.TestPlatform.Extensions.Html.TestLogger.dll
C:\Program Files\dotnet\sdk\8.0.202\Extensions\Microsoft.VisualStudio.TestPlatform.Extensions.Trx.TestLogger.dll
TpTrace Verbose: 0 : 26136, 1, 2024/05/09, 08:00:59.446, 17140035357826, vstest.console.dll, TestPluginCache.GetExtensionPaths: Added unfilterableExtensionPaths: 
TpTrace Verbose: 0 : 26136, 1, 2024/05/09, 08:00:59.446, 17140035359923, vstest.console.dll, TestPluginCache.DiscoverTestExtensions: Discovering the extensions using allExtensionPaths: C:\Program Files\dotnet\sdk\8.0.202\Extensions\Microsoft.Diagnostics.NETCore.Client.dll
C:\Program Files\dotnet\sdk\8.0.202\Extensions\Microsoft.TestPlatform.Extensions.BlameDataCollector.dll
C:\Program Files\dotnet\sdk\8.0.202\Extensions\Microsoft.TestPlatform.Extensions.EventLogCollector.dll
C:\Program Files\dotnet\sdk\8.0.202\Extensions\Microsoft.TestPlatform.TestHostRuntimeProvider.dll
C:\Program Files\dotnet\sdk\8.0.202\Extensions\Microsoft.VisualStudio.TestPlatform.Extensions.Html.TestLogger.dll
C:\Program Files\dotnet\sdk\8.0.202\Extensions\Microsoft.VisualStudio.TestPlatform.Extensions.Trx.TestLogger.dll
TpTrace Information: 0 : 26136, 1, 2024/05/09, 08:00:59.446, 17140035361933, vstest.console.dll, AssemblyResolver.AddSearchDirectories: Adding more searchDirectories C:\Program Files\dotnet\sdk\8.0.202\Extensions,C:\Program Files\dotnet\sdk\8.0.202
TpTrace Information: 0 : 26136, 1, 2024/05/09, 08:00:59.446, 17140035362896, vstest.console.dll, AssemblyResolver.AddSearchDirectories: Adding more searchDirectories C:\Program Files\dotnet\sdk\8.0.202\Extensions,C:\Program Files\dotnet\sdk\8.0.202
TpTrace Information: 0 : 26136, 1, 2024/05/09, 08:00:59.447, 17140035363651, vstest.console.dll, AssemblyResolver.AddSearchDirectories: Adding more searchDirectories C:\Program Files\dotnet\sdk\8.0.202\Extensions,C:\Program Files\dotnet\sdk\8.0.202
TpTrace Information: 0 : 26136, 1, 2024/05/09, 08:00:59.447, 17140035364259, vstest.console.dll, AssemblyResolver.AddSearchDirectories: Adding more searchDirectories C:\Program Files\dotnet\sdk\8.0.202\Extensions,C:\Program Files\dotnet\sdk\8.0.202
TpTrace Information: 0 : 26136, 1, 2024/05/09, 08:00:59.447, 17140035364858, vstest.console.dll, AssemblyResolver.AddSearchDirectories: Adding more searchDirectories C:\Program Files\dotnet\sdk\8.0.202\Extensions,C:\Program Files\dotnet\sdk\8.0.202
TpTrace Information: 0 : 26136, 1, 2024/05/09, 08:00:59.447, 17140035365507, vstest.console.dll, AssemblyResolver.AddSearchDirectories: Adding more searchDirectories C:\Program Files\dotnet\sdk\8.0.202\Extensions,C:\Program Files\dotnet\sdk\8.0.202
TpTrace Information: 0 : 26136, 1, 2024/05/09, 08:00:59.448, 17140035374292, vstest.console.dll, AssemblyResolver.OnResolve: Microsoft.Diagnostics.NETCore.Client: Resolving assembly.
TpTrace Information: 0 : 26136, 1, 2024/05/09, 08:00:59.448, 17140035375765, vstest.console.dll, AssemblyResolver.OnResolve: Microsoft.Diagnostics.NETCore.Client: Searching in: 'C:\Program Files\dotnet\sdk\8.0.202\Extensions'.
TpTrace Information: 0 : 26136, 1, 2024/05/09, 08:00:59.462, 17140035522719, vstest.console.dll, AssemblyResolver.OnResolve: Microsoft.Diagnostics.NETCore.Client: Loading assembly 'C:\Program Files\dotnet\sdk\8.0.202\Extensions\Microsoft.Diagnostics.NETCore.Client.dll'.
TpTrace Information: 0 : 26136, 1, 2024/05/09, 08:00:59.464, 17140035535357, vstest.console.dll, AssemblyResolver.OnResolve: Resolved assembly: Microsoft.Diagnostics.NETCore.Client, from path: C:\Program Files\dotnet\sdk\8.0.202\Extensions\Microsoft.Diagnostics.NETCore.Client.dll
TpTrace Verbose: 0 : 26136, 1, 2024/05/09, 08:00:59.472, 17140035616580, vstest.console.dll, MetadataReaderExtensionsHelper: Discovering extensions inside assembly 'Microsoft.Diagnostics.NETCore.Client, Version=0.2.9.2401, Culture=neutral, PublicKeyToken=31bf3856ad364e35' file path 'C:\Program Files\dotnet\sdk\8.0.202\Extensions\Microsoft.Diagnostics.NETCore.Client.dll'
TpTrace Information: 0 : 26136, 1, 2024/05/09, 08:00:59.476, 17140035658514, vstest.console.dll, AssemblyResolver.OnResolve: Microsoft.Bcl.AsyncInterfaces: Resolving assembly.
TpTrace Information: 0 : 26136, 1, 2024/05/09, 08:00:59.476, 17140035659549, vstest.console.dll, AssemblyResolver.OnResolve: Microsoft.Bcl.AsyncInterfaces: Searching in: 'C:\Program Files\dotnet\sdk\8.0.202\Extensions'.
TpTrace Information: 0 : 26136, 1, 2024/05/09, 08:00:59.476, 17140035660854, vstest.console.dll, AssemblyResolver.OnResolve: Microsoft.Bcl.AsyncInterfaces: Assembly path does not exist: 'C:\Program Files\dotnet\sdk\8.0.202\Extensions\Microsoft.Bcl.AsyncInterfaces.dll', returning.
TpTrace Information: 0 : 26136, 1, 2024/05/09, 08:00:59.476, 17140035661595, vstest.console.dll, AssemblyResolver.OnResolve: Microsoft.Bcl.AsyncInterfaces: Assembly path does not exist: 'C:\Program Files\dotnet\sdk\8.0.202\Extensions\Microsoft.Bcl.AsyncInterfaces.exe', returning.
TpTrace Information: 0 : 26136, 1, 2024/05/09, 08:00:59.476, 17140035661890, vstest.console.dll, AssemblyResolver.OnResolve: Microsoft.Bcl.AsyncInterfaces: Searching in: 'C:\Program Files\dotnet\sdk\8.0.202'.
TpTrace Information: 0 : 26136, 1, 2024/05/09, 08:00:59.476, 17140035662425, vstest.console.dll, AssemblyResolver.OnResolve: Microsoft.Bcl.AsyncInterfaces: Assembly path does not exist: 'C:\Program Files\dotnet\sdk\8.0.202\Microsoft.Bcl.AsyncInterfaces.dll', returning.
TpTrace Information: 0 : 26136, 1, 2024/05/09, 08:00:59.476, 17140035662883, vstest.console.dll, AssemblyResolver.OnResolve: Microsoft.Bcl.AsyncInterfaces: Assembly path does not exist: 'C:\Program Files\dotnet\sdk\8.0.202\Microsoft.Bcl.AsyncInterfaces.exe', returning.
TpTrace Information: 0 : 26136, 1, 2024/05/09, 08:00:59.477, 17140035663157, vstest.console.dll, AssemblyResolver.OnResolve: Microsoft.Bcl.AsyncInterfaces: Failed to load assembly.
TpTrace Verbose: 0 : 26136, 1, 2024/05/09, 08:00:59.477, 17140035663591, vstest.console.dll, CurrentDomainAssemblyResolve: Resolving assembly 'Microsoft.Bcl.AsyncInterfaces'.
TpTrace Information: 0 : 26136, 1, 2024/05/09, 08:00:59.477, 17140035664096, vstest.console.dll, AssemblyResolver.OnResolve: Microsoft.Bcl.AsyncInterfaces: Resolving assembly.
TpTrace Information: 0 : 26136, 1, 2024/05/09, 08:00:59.477, 17140035664456, vstest.console.dll, AssemblyResolver.OnResolve: Microsoft.Bcl.AsyncInterfaces: Resolved from cache.
TpTrace Verbose: 0 : 26136, 1, 2024/05/09, 08:00:59.477, 17140035664720, vstest.console.dll, CurrentDomainAssemblyResolve: Resolving assembly 'Microsoft.Bcl.AsyncInterfaces'.
TpTrace Verbose: 0 : 26136, 1, 2024/05/09, 08:00:59.477, 17140035665038, vstest.console.dll, CurrentDomainAssemblyResolve: Failed to resolve assembly 'Microsoft.Bcl.AsyncInterfaces'.
TpTrace Verbose: 0 : 26136, 1, 2024/05/09, 08:00:59.477, 17140035671260, vstest.console.dll, CurrentDomainAssemblyResolve: Failed to resolve assembly 'Microsoft.Bcl.AsyncInterfaces'.
TpTrace Warning: 0 : 26136, 1, 2024/05/09, 08:00:59.487, 17140035771015, vstest.console.dll, TestPluginDiscoverer: Failed to get types from assembly 'Microsoft.Diagnostics.NETCore.Client, Version=0.2.9.2401, Culture=neutral, PublicKeyToken=31bf3856ad364e35'. Error: System.Reflection.ReflectionTypeLoadException: Unable to load one or more of the requested types.
Could not load file or assembly 'Microsoft.Bcl.AsyncInterfaces, Version=6.0.0.0, Culture=neutral, PublicKeyToken=cc7b13ffcd2ddd51'. The system cannot find the file specified.
   at System.Reflection.RuntimeModule.GetTypes(RuntimeModule module)
   at System.Reflection.RuntimeModule.GetTypes()
   at Microsoft.VisualStudio.TestPlatform.Common.ExtensionFramework.TestPluginDiscoverer.GetTestExtensionsFromAssembly[TPluginInfo,TExtension](Assembly assembly, Dictionary`2 pluginInfos, String filePath) in /_/src/Microsoft.TestPlatform.Common/ExtensionFramework/TestPluginDiscoverer.cs:line 158
System.IO.FileNotFoundException: Could not load file or assembly 'Microsoft.Bcl.AsyncInterfaces, Version=6.0.0.0, Culture=neutral, PublicKeyToken=cc7b13ffcd2ddd51'. The system cannot find the file specified.
File name: 'Microsoft.Bcl.AsyncInterfaces, Version=6.0.0.0, Culture=neutral, PublicKeyToken=cc7b13ffcd2ddd51'
 ---> System.IO.FileNotFoundException: Could not load file or assembly 'Microsoft.Bcl.AsyncInterfaces, Culture=neutral, PublicKeyToken=null'. The system cannot find the file specified.
File name: 'Microsoft.Bcl.AsyncInterfaces, Culture=neutral, PublicKeyToken=null'
   at System.Reflection.RuntimeAssembly.InternalLoad(AssemblyName assemblyName, StackCrawlMark& stackMark, AssemblyLoadContext assemblyLoadContext, RuntimeAssembly requestingAssembly, Boolean throwOnFileNotFound)
   at System.Reflection.Assembly.Load(AssemblyName assemblyRef)
   at Microsoft.VisualStudio.TestPlatform.Common.ExtensionFramework.TestPluginCache.CurrentDomainAssemblyResolve(Object sender, AssemblyResolveEventArgs args) in /_/src/Microsoft.TestPlatform.Common/ExtensionFramework/TestPluginCache.cs:line 513
   at System.Runtime.Loader.AssemblyLoadContext.GetFirstResolvedAssemblyFromResolvingEvent(AssemblyName assemblyName)
   at System.Runtime.Loader.AssemblyLoadContext.ResolveUsingEvent(AssemblyName assemblyName)
   at System.Runtime.Loader.AssemblyLoadContext.ResolveUsingResolvingEvent(IntPtr gchManagedAssemblyLoadContext, AssemblyName assemblyName)
TpTrace Warning: 0 : 26136, 1, 2024/05/09, 08:00:59.488, 17140035774545, vstest.console.dll, LoaderExceptions: System.IO.FileNotFoundException: Could not load file or assembly 'Microsoft.Bcl.AsyncInterfaces, Version=6.0.0.0, Culture=neutral, PublicKeyToken=cc7b13ffcd2ddd51'. The system cannot find the file specified.
File name: 'Microsoft.Bcl.AsyncInterfaces, Version=6.0.0.0, Culture=neutral, PublicKeyToken=cc7b13ffcd2ddd51'
 ---> System.IO.FileNotFoundException: Could not load file or assembly 'Microsoft.Bcl.AsyncInterfaces, Culture=neutral, PublicKeyToken=null'. The system cannot find the file specified.
File name: 'Microsoft.Bcl.AsyncInterfaces, Culture=neutral, PublicKeyToken=null'
   at System.Reflection.RuntimeAssembly.InternalLoad(AssemblyName assemblyName, StackCrawlMark& stackMark, AssemblyLoadContext assemblyLoadContext, RuntimeAssembly requestingAssembly, Boolean throwOnFileNotFound)
   at System.Reflection.Assembly.Load(AssemblyName assemblyRef)
   at Microsoft.VisualStudio.TestPlatform.Common.ExtensionFramework.TestPluginCache.CurrentDomainAssemblyResolve(Object sender, AssemblyResolveEventArgs args) in /_/src/Microsoft.TestPlatform.Common/ExtensionFramework/TestPluginCache.cs:line 513
   at System.Runtime.Loader.AssemblyLoadContext.GetFirstResolvedAssemblyFromResolvingEvent(AssemblyName assemblyName)
   at System.Runtime.Loader.AssemblyLoadContext.ResolveUsingEvent(AssemblyName assemblyName)
   at System.Runtime.Loader.AssemblyLoadContext.ResolveUsingResolvingEvent(IntPtr gchManagedAssemblyLoadContext, AssemblyName assemblyName)
TpTrace Information: 0 : 26136, 1, 2024/05/09, 08:00:59.488, 17140035776053, vstest.console.dll, AssemblyResolver.OnResolve: Microsoft.TestPlatform.Extensions.BlameDataCollector: Resolving assembly.
TpTrace Information: 0 : 26136, 1, 2024/05/09, 08:00:59.488, 17140035776542, vstest.console.dll, AssemblyResolver.OnResolve: Microsoft.TestPlatform.Extensions.BlameDataCollector: Searching in: 'C:\Program Files\dotnet\sdk\8.0.202\Extensions'.
TpTrace Information: 0 : 26136, 1, 2024/05/09, 08:00:59.488, 17140035780795, vstest.console.dll, AssemblyResolver.OnResolve: Microsoft.TestPlatform.Extensions.BlameDataCollector: Loading assembly 'C:\Program Files\dotnet\sdk\8.0.202\Extensions\Microsoft.TestPlatform.Extensions.BlameDataCollector.dll'.
TpTrace Information: 0 : 26136, 1, 2024/05/09, 08:00:59.489, 17140035787798, vstest.console.dll, AssemblyResolver.OnResolve: Resolved assembly: Microsoft.TestPlatform.Extensions.BlameDataCollector, from path: C:\Program Files\dotnet\sdk\8.0.202\Extensions\Microsoft.TestPlatform.Extensions.BlameDataCollector.dll
TpTrace Verbose: 0 : 26136, 1, 2024/05/09, 08:00:59.489, 17140035788863, vstest.console.dll, MetadataReaderExtensionsHelper: Discovering extensions inside assembly 'Microsoft.TestPlatform.Extensions.BlameDataCollector, Version=15.0.0.0, Culture=neutral, PublicKeyToken=b03f5f7f11d50a3a' file path 'C:\Program Files\dotnet\sdk\8.0.202\Extensions\Microsoft.TestPlatform.Extensions.BlameDataCollector.dll'
TpTrace Information: 0 : 26136, 1, 2024/05/09, 08:00:59.491, 17140035804090, vstest.console.dll, AssemblyResolver.OnResolve: Microsoft.TestPlatform.Extensions.EventLogCollector: Resolving assembly.
TpTrace Information: 0 : 26136, 1, 2024/05/09, 08:00:59.491, 17140035805300, vstest.console.dll, AssemblyResolver.OnResolve: Microsoft.TestPlatform.Extensions.EventLogCollector: Searching in: 'C:\Program Files\dotnet\sdk\8.0.202\Extensions'.
TpTrace Information: 0 : 26136, 1, 2024/05/09, 08:00:59.491, 17140035807907, vstest.console.dll, AssemblyResolver.OnResolve: Microsoft.TestPlatform.Extensions.EventLogCollector: Loading assembly 'C:\Program Files\dotnet\sdk\8.0.202\Extensions\Microsoft.TestPlatform.Extensions.EventLogCollector.dll'.
TpTrace Information: 0 : 26136, 1, 2024/05/09, 08:00:59.491, 17140035812639, vstest.console.dll, AssemblyResolver.OnResolve: Resolved assembly: Microsoft.TestPlatform.Extensions.EventLogCollector, from path: C:\Program Files\dotnet\sdk\8.0.202\Extensions\Microsoft.TestPlatform.Extensions.EventLogCollector.dll
TpTrace Verbose: 0 : 26136, 1, 2024/05/09, 08:00:59.492, 17140035813540, vstest.console.dll, MetadataReaderExtensionsHelper: Discovering extensions inside assembly 'Microsoft.TestPlatform.Extensions.EventLogCollector, Version=15.0.0.0, Culture=neutral, PublicKeyToken=b03f5f7f11d50a3a' file path 'C:\Program Files\dotnet\sdk\8.0.202\Extensions\Microsoft.TestPlatform.Extensions.EventLogCollector.dll'
TpTrace Information: 0 : 26136, 1, 2024/05/09, 08:00:59.493, 17140035832007, vstest.console.dll, AssemblyResolver.OnResolve: Microsoft.TestPlatform.TestHostRuntimeProvider: Resolving assembly.
TpTrace Information: 0 : 26136, 1, 2024/05/09, 08:00:59.493, 17140035832639, vstest.console.dll, AssemblyResolver.OnResolve: Microsoft.TestPlatform.TestHostRuntimeProvider: Searching in: 'C:\Program Files\dotnet\sdk\8.0.202\Extensions'.
TpTrace Information: 0 : 26136, 1, 2024/05/09, 08:00:59.494, 17140035834822, vstest.console.dll, AssemblyResolver.OnResolve: Microsoft.TestPlatform.TestHostRuntimeProvider: Loading assembly 'C:\Program Files\dotnet\sdk\8.0.202\Extensions\Microsoft.TestPlatform.TestHostRuntimeProvider.dll'.
TpTrace Information: 0 : 26136, 1, 2024/05/09, 08:00:59.494, 17140035839636, vstest.console.dll, AssemblyResolver.OnResolve: Resolved assembly: Microsoft.TestPlatform.TestHostRuntimeProvider, from path: C:\Program Files\dotnet\sdk\8.0.202\Extensions\Microsoft.TestPlatform.TestHostRuntimeProvider.dll
TpTrace Verbose: 0 : 26136, 1, 2024/05/09, 08:00:59.494, 17140035840213, vstest.console.dll, MetadataReaderExtensionsHelper: Discovering extensions inside assembly 'Microsoft.TestPlatform.TestHostRuntimeProvider, Version=15.0.0.0, Culture=neutral, PublicKeyToken=b03f5f7f11d50a3a' file path 'C:\Program Files\dotnet\sdk\8.0.202\Extensions\Microsoft.TestPlatform.TestHostRuntimeProvider.dll'
TpTrace Information: 0 : 26136, 1, 2024/05/09, 08:00:59.496, 17140035853119, vstest.console.dll, GetTestExtensionFromType: Register extension with identifier data 'HostProvider://DefaultTestHost' and type 'Microsoft.VisualStudio.TestPlatform.CrossPlatEngine.Hosting.DefaultTestHostManager, Microsoft.TestPlatform.TestHostRuntimeProvider, Version=15.0.0.0, Culture=neutral, PublicKeyToken=b03f5f7f11d50a3a' inside file 'C:\Program Files\dotnet\sdk\8.0.202\Extensions\Microsoft.TestPlatform.TestHostRuntimeProvider.dll'
TpTrace Information: 0 : 26136, 1, 2024/05/09, 08:00:59.496, 17140035855817, vstest.console.dll, GetTestExtensionFromType: Register extension with identifier data 'HostProvider://DotnetTestHost' and type 'Microsoft.VisualStudio.TestPlatform.CrossPlatEngine.Hosting.DotnetTestHostManager, Microsoft.TestPlatform.TestHostRuntimeProvider, Version=15.0.0.0, Culture=neutral, PublicKeyToken=b03f5f7f11d50a3a' inside file 'C:\Program Files\dotnet\sdk\8.0.202\Extensions\Microsoft.TestPlatform.TestHostRuntimeProvider.dll'
TpTrace Information: 0 : 26136, 1, 2024/05/09, 08:00:59.496, 17140035856608, vstest.console.dll, AssemblyResolver.OnResolve: Microsoft.VisualStudio.TestPlatform.Extensions.Html.TestLogger: Resolving assembly.
TpTrace Information: 0 : 26136, 1, 2024/05/09, 08:00:59.496, 17140035856946, vstest.console.dll, AssemblyResolver.OnResolve: Microsoft.VisualStudio.TestPlatform.Extensions.Html.TestLogger: Searching in: 'C:\Program Files\dotnet\sdk\8.0.202\Extensions'.
TpTrace Information: 0 : 26136, 1, 2024/05/09, 08:00:59.496, 17140035860945, vstest.console.dll, AssemblyResolver.OnResolve: Microsoft.VisualStudio.TestPlatform.Extensions.Html.TestLogger: Loading assembly 'C:\Program Files\dotnet\sdk\8.0.202\Extensions\Microsoft.VisualStudio.TestPlatform.Extensions.Html.TestLogger.dll'.
TpTrace Information: 0 : 26136, 1, 2024/05/09, 08:00:59.497, 17140035866521, vstest.console.dll, AssemblyResolver.OnResolve: Resolved assembly: Microsoft.VisualStudio.TestPlatform.Extensions.Html.TestLogger, from path: C:\Program Files\dotnet\sdk\8.0.202\Extensions\Microsoft.VisualStudio.TestPlatform.Extensions.Html.TestLogger.dll
TpTrace Verbose: 0 : 26136, 1, 2024/05/09, 08:00:59.497, 17140035867370, vstest.console.dll, MetadataReaderExtensionsHelper: Discovering extensions inside assembly 'Microsoft.VisualStudio.TestPlatform.Extensions.Html.TestLogger, Version=15.0.0.0, Culture=neutral, PublicKeyToken=b03f5f7f11d50a3a' file path 'C:\Program Files\dotnet\sdk\8.0.202\Extensions\Microsoft.VisualStudio.TestPlatform.Extensions.Html.TestLogger.dll'
TpTrace Information: 0 : 26136, 1, 2024/05/09, 08:00:59.498, 17140035876650, vstest.console.dll, AssemblyResolver.OnResolve: Microsoft.VisualStudio.TestPlatform.Extensions.Trx.TestLogger: Resolving assembly.
TpTrace Information: 0 : 26136, 1, 2024/05/09, 08:00:59.498, 17140035877557, vstest.console.dll, AssemblyResolver.OnResolve: Microsoft.VisualStudio.TestPlatform.Extensions.Trx.TestLogger: Searching in: 'C:\Program Files\dotnet\sdk\8.0.202\Extensions'.
TpTrace Information: 0 : 26136, 1, 2024/05/09, 08:00:59.498, 17140035880374, vstest.console.dll, AssemblyResolver.OnResolve: Microsoft.VisualStudio.TestPlatform.Extensions.Trx.TestLogger: Loading assembly 'C:\Program Files\dotnet\sdk\8.0.202\Extensions\Microsoft.VisualStudio.TestPlatform.Extensions.Trx.TestLogger.dll'.
TpTrace Information: 0 : 26136, 1, 2024/05/09, 08:00:59.499, 17140035886532, vstest.console.dll, AssemblyResolver.OnResolve: Resolved assembly: Microsoft.VisualStudio.TestPlatform.Extensions.Trx.TestLogger, from path: C:\Program Files\dotnet\sdk\8.0.202\Extensions\Microsoft.VisualStudio.TestPlatform.Extensions.Trx.TestLogger.dll
TpTrace Verbose: 0 : 26136, 1, 2024/05/09, 08:00:59.499, 17140035887281, vstest.console.dll, MetadataReaderExtensionsHelper: Discovering extensions inside assembly 'Microsoft.VisualStudio.TestPlatform.Extensions.Trx.TestLogger, Version=15.0.0.0, Culture=neutral, PublicKeyToken=b03f5f7f11d50a3a' file path 'C:\Program Files\dotnet\sdk\8.0.202\Extensions\Microsoft.VisualStudio.TestPlatform.Extensions.Trx.TestLogger.dll'
TpTrace Verbose: 0 : 26136, 1, 2024/05/09, 08:00:59.500, 17140035896831, vstest.console.dll, TestPluginCache: Discovered the extensions using extension path ''.
TpTrace Verbose: 0 : 26136, 1, 2024/05/09, 08:00:59.500, 17140035897683, vstest.console.dll, TestPluginCache: Discoverers are ''.
TpTrace Verbose: 0 : 26136, 1, 2024/05/09, 08:00:59.500, 17140035897997, vstest.console.dll, TestPluginCache: Executors are ''.
TpTrace Verbose: 0 : 26136, 1, 2024/05/09, 08:00:59.500, 17140035898283, vstest.console.dll, TestPluginCache: Executors2 are ''.
TpTrace Verbose: 0 : 26136, 1, 2024/05/09, 08:00:59.500, 17140035898561, vstest.console.dll, TestPluginCache: Setting providers are ''.
TpTrace Verbose: 0 : 26136, 1, 2024/05/09, 08:00:59.500, 17140035898870, vstest.console.dll, TestPluginCache: Loggers are ''.
TpTrace Verbose: 0 : 26136, 1, 2024/05/09, 08:00:59.500, 17140035900643, vstest.console.dll, TestPluginCache: TestHosts are 'HostProvider://DefaultTestHost,HostProvider://DotnetTestHost'.
TpTrace Verbose: 0 : 26136, 1, 2024/05/09, 08:00:59.500, 17140035901127, vstest.console.dll, TestPluginCache: DataCollectors are ''.
TpTrace Information: 0 : 26136, 1, 2024/05/09, 08:00:59.516, 17140036060829, vstest.console.dll, RunTestsArgumentProcessor:Execute: Test run is starting.
TpTrace Verbose: 0 : 26136, 1, 2024/05/09, 08:00:59.516, 17140036062591, vstest.console.dll, RunTestsArgumentProcessor:Execute: Queuing Test run.
TpTrace Information: 0 : 26136, 1, 2024/05/09, 08:00:59.517, 17140036070359, vstest.console.dll, TestRequestManager.RunTests: run tests started.
TpTrace Information: 0 : 26136, 1, 2024/05/09, 08:00:59.519, 17140036090562, vstest.console.dll, AssemblyMetadataProvider.GetFrameworkName: Determined framework:'.NETCoreApp,Version=v6.0' for source: 'C:\Users\VC\Desktop\WorkProgress\Presidio-Genspark-Daily-Progress-Updates\DAY 20 - 08.05.2024\ClinicTrackerSolution\ClinicTrackerBLTests\bin\Debug\net6.0\fine-code-coverage\build-output\ClinicTrackerBLTests.dll'
TpTrace Information: 0 : 26136, 1, 2024/05/09, 08:00:59.519, 17140036092919, vstest.console.dll, Determined framework for all sources: .NETCoreApp,Version=v6.0
TpTrace Verbose: 0 : 26136, 1, 2024/05/09, 08:00:59.520, 17140036097649, vstest.console.dll, TestRequestManager.UpdateRunSettingsIfRequired: Default architecture: X64 IsDefaultTargetArchitecture: True, Current process architecture: X64 OperatingSystem: Windows.
TpTrace Information: 0 : 26136, 1, 2024/05/09, 08:00:59.522, 17140036122740, vstest.console.dll, AssemblyMetadataProvider.GetArchitecture: Determined architecture:AnyCPU info for assembly: C:\Users\VC\Desktop\WorkProgress\Presidio-Genspark-Daily-Progress-Updates\DAY 20 - 08.05.2024\ClinicTrackerSolution\ClinicTrackerBLTests\bin\Debug\net6.0\fine-code-coverage\build-output\ClinicTrackerBLTests.dll
TpTrace Information: 0 : 26136, 1, 2024/05/09, 08:00:59.523, 17140036123701, vstest.console.dll, Determined platform for source 'C:\Users\VC\Desktop\WorkProgress\Presidio-Genspark-Daily-Progress-Updates\DAY 20 - 08.05.2024\ClinicTrackerSolution\ClinicTrackerBLTests\bin\Debug\net6.0\fine-code-coverage\build-output\ClinicTrackerBLTests.dll' was AnyCPU and it will use the default plaform X64.
TpTrace Information: 0 : 26136, 1, 2024/05/09, 08:00:59.523, 17140036124271, vstest.console.dll, None of the sources provided any runnable platform, using the default platform: X64
TpTrace Information: 0 : 26136, 1, 2024/05/09, 08:00:59.523, 17140036125746, vstest.console.dll, Platform was updated to 'X64'.
TpTrace Information: 0 : 26136, 1, 2024/05/09, 08:00:59.529, 17140036183402, vstest.console.dll, InferRunSettingsHelper.IsTestSettingsEnabled: Unable to navigate to RunSettings/MSTest. Current node: RunSettings
TpTrace Information: 0 : 26136, 1, 2024/05/09, 08:00:59.530, 17140036197007, vstest.console.dll, AssemblyResolver.OnResolve: Microsoft.VisualStudio.TestPlatform.Fakes: Resolving assembly.
TpTrace Information: 0 : 26136, 1, 2024/05/09, 08:00:59.530, 17140036198230, vstest.console.dll, AssemblyResolver.OnResolve: Microsoft.VisualStudio.TestPlatform.Fakes: Searching in: 'C:\Program Files\dotnet\sdk\8.0.202\Extensions'.
TpTrace Information: 0 : 26136, 1, 2024/05/09, 08:00:59.530, 17140036199917, vstest.console.dll, AssemblyResolver.OnResolve: Microsoft.VisualStudio.TestPlatform.Fakes: Assembly path does not exist: 'C:\Program Files\dotnet\sdk\8.0.202\Extensions\Microsoft.VisualStudio.TestPlatform.Fakes.dll', returning.
TpTrace Information: 0 : 26136, 1, 2024/05/09, 08:00:59.530, 17140036200793, vstest.console.dll, AssemblyResolver.OnResolve: Microsoft.VisualStudio.TestPlatform.Fakes: Assembly path does not exist: 'C:\Program Files\dotnet\sdk\8.0.202\Extensions\Microsoft.VisualStudio.TestPlatform.Fakes.exe', returning.
TpTrace Information: 0 : 26136, 1, 2024/05/09, 08:00:59.530, 17140036201254, vstest.console.dll, AssemblyResolver.OnResolve: Microsoft.VisualStudio.TestPlatform.Fakes: Searching in: 'C:\Program Files\dotnet\sdk\8.0.202'.
TpTrace Information: 0 : 26136, 1, 2024/05/09, 08:00:59.530, 17140036202194, vstest.console.dll, AssemblyResolver.OnResolve: Microsoft.VisualStudio.TestPlatform.Fakes: Assembly path does not exist: 'C:\Program Files\dotnet\sdk\8.0.202\Microsoft.VisualStudio.TestPlatform.Fakes.dll', returning.
TpTrace Information: 0 : 26136, 1, 2024/05/09, 08:00:59.531, 17140036203338, vstest.console.dll, AssemblyResolver.OnResolve: Microsoft.VisualStudio.TestPlatform.Fakes: Assembly path does not exist: 'C:\Program Files\dotnet\sdk\8.0.202\Microsoft.VisualStudio.TestPlatform.Fakes.exe', returning.
TpTrace Information: 0 : 26136, 1, 2024/05/09, 08:00:59.531, 17140036204221, vstest.console.dll, AssemblyResolver.OnResolve: Microsoft.VisualStudio.TestPlatform.Fakes: Failed to load assembly.
TpTrace Information: 0 : 26136, 1, 2024/05/09, 08:00:59.531, 17140036210493, vstest.console.dll, Failed to load assembly Microsoft.VisualStudio.TestPlatform.Fakes, Version=17.0.0.0, Culture=neutral. Reason:System.IO.FileNotFoundException: Could not load file or assembly 'Microsoft.VisualStudio.TestPlatform.Fakes, Version=17.0.0.0, Culture=neutral, PublicKeyToken=null'. The system cannot find the file specified.
File name: 'Microsoft.VisualStudio.TestPlatform.Fakes, Version=17.0.0.0, Culture=neutral, PublicKeyToken=null'
   at System.Reflection.RuntimeAssembly.InternalLoad(AssemblyName assemblyName, StackCrawlMark& stackMark, AssemblyLoadContext assemblyLoadContext, RuntimeAssembly requestingAssembly, Boolean throwOnFileNotFound)
   at System.Reflection.Assembly.Load(AssemblyName assemblyRef)
   at Microsoft.VisualStudio.TestPlatform.Common.Utilities.FakesUtilities.LoadTestPlatformAssembly() in /_/src/Microsoft.TestPlatform.Common/Utilities/FakesUtilities.cs:line 272
TpTrace Verbose: 0 : 26136, 1, 2024/05/09, 08:00:59.538, 17140036280117, vstest.console.dll, TestPluginCache.DiscoverTestExtensions: finding test extensions in assemblies ends with: TestLogger.dll TPluginInfo: Microsoft.VisualStudio.TestPlatform.Common.ExtensionFramework.Utilities.TestLoggerPluginInformation TExtension: Microsoft.VisualStudio.TestPlatform.ObjectModel.Client.ITestLogger
TpTrace Verbose: 0 : 26136, 1, 2024/05/09, 08:00:59.539, 17140036283185, vstest.console.dll, TestPluginCache.GetExtensionPaths: Filtered extension paths: 
TpTrace Verbose: 0 : 26136, 1, 2024/05/09, 08:00:59.539, 17140036283678, vstest.console.dll, TestPluginCache.GetExtensionPaths: Added default extension paths: C:\Program Files\dotnet\sdk\8.0.202\Extensions\Microsoft.Diagnostics.NETCore.Client.dll
C:\Program Files\dotnet\sdk\8.0.202\Extensions\Microsoft.TestPlatform.Extensions.BlameDataCollector.dll
C:\Program Files\dotnet\sdk\8.0.202\Extensions\Microsoft.TestPlatform.Extensions.EventLogCollector.dll
C:\Program Files\dotnet\sdk\8.0.202\Extensions\Microsoft.TestPlatform.TestHostRuntimeProvider.dll
C:\Program Files\dotnet\sdk\8.0.202\Extensions\Microsoft.VisualStudio.TestPlatform.Extensions.Html.TestLogger.dll
C:\Program Files\dotnet\sdk\8.0.202\Extensions\Microsoft.VisualStudio.TestPlatform.Extensions.Trx.TestLogger.dll
TpTrace Verbose: 0 : 26136, 1, 2024/05/09, 08:00:59.539, 17140036284201, vstest.console.dll, TestPluginCache.GetExtensionPaths: Added unfilterableExtensionPaths: 
TpTrace Information: 0 : 26136, 1, 2024/05/09, 08:00:59.539, 17140036286407, vstest.console.dll, AssemblyResolver.AddSearchDirectories: Adding more searchDirectories C:\Program Files\dotnet\sdk\8.0.202\Extensions,C:\Program Files\dotnet\sdk\8.0.202
TpTrace Verbose: 0 : 26136, 1, 2024/05/09, 08:00:59.539, 17140036287091, vstest.console.dll, TestPluginCache.DiscoverTestExtensions: Discovering the extensions using extension path.
TpTrace Verbose: 0 : 26136, 1, 2024/05/09, 08:00:59.539, 17140036287748, vstest.console.dll, TestPluginCache.GetExtensionPaths: Filtered extension paths: 
TpTrace Verbose: 0 : 26136, 1, 2024/05/09, 08:00:59.539, 17140036288223, vstest.console.dll, TestPluginCache.GetExtensionPaths: Added default extension paths: C:\Program Files\dotnet\sdk\8.0.202\Extensions\Microsoft.Diagnostics.NETCore.Client.dll
C:\Program Files\dotnet\sdk\8.0.202\Extensions\Microsoft.TestPlatform.Extensions.BlameDataCollector.dll
C:\Program Files\dotnet\sdk\8.0.202\Extensions\Microsoft.TestPlatform.Extensions.EventLogCollector.dll
C:\Program Files\dotnet\sdk\8.0.202\Extensions\Microsoft.TestPlatform.TestHostRuntimeProvider.dll
C:\Program Files\dotnet\sdk\8.0.202\Extensions\Microsoft.VisualStudio.TestPlatform.Extensions.Html.TestLogger.dll
C:\Program Files\dotnet\sdk\8.0.202\Extensions\Microsoft.VisualStudio.TestPlatform.Extensions.Trx.TestLogger.dll
TpTrace Verbose: 0 : 26136, 1, 2024/05/09, 08:00:59.539, 17140036289279, vstest.console.dll, TestPluginCache.GetExtensionPaths: Added unfilterableExtensionPaths: 
TpTrace Verbose: 0 : 26136, 1, 2024/05/09, 08:00:59.539, 17140036290098, vstest.console.dll, TestPluginCache.DiscoverTestExtensions: Discovering the extensions using allExtensionPaths: C:\Program Files\dotnet\sdk\8.0.202\Extensions\Microsoft.Diagnostics.NETCore.Client.dll
C:\Program Files\dotnet\sdk\8.0.202\Extensions\Microsoft.TestPlatform.Extensions.BlameDataCollector.dll
C:\Program Files\dotnet\sdk\8.0.202\Extensions\Microsoft.TestPlatform.Extensions.EventLogCollector.dll
C:\Program Files\dotnet\sdk\8.0.202\Extensions\Microsoft.TestPlatform.TestHostRuntimeProvider.dll
C:\Program Files\dotnet\sdk\8.0.202\Extensions\Microsoft.VisualStudio.TestPlatform.Extensions.Html.TestLogger.dll
C:\Program Files\dotnet\sdk\8.0.202\Extensions\Microsoft.VisualStudio.TestPlatform.Extensions.Trx.TestLogger.dll
TpTrace Information: 0 : 26136, 1, 2024/05/09, 08:00:59.539, 17140036291062, vstest.console.dll, AssemblyResolver.AddSearchDirectories: Adding more searchDirectories C:\Program Files\dotnet\sdk\8.0.202\Extensions,C:\Program Files\dotnet\sdk\8.0.202
TpTrace Information: 0 : 26136, 1, 2024/05/09, 08:00:59.539, 17140036292046, vstest.console.dll, AssemblyResolver.AddSearchDirectories: Adding more searchDirectories C:\Program Files\dotnet\sdk\8.0.202\Extensions,C:\Program Files\dotnet\sdk\8.0.202
TpTrace Information: 0 : 26136, 1, 2024/05/09, 08:00:59.539, 17140036292913, vstest.console.dll, AssemblyResolver.AddSearchDirectories: Adding more searchDirectories C:\Program Files\dotnet\sdk\8.0.202\Extensions,C:\Program Files\dotnet\sdk\8.0.202
TpTrace Information: 0 : 26136, 1, 2024/05/09, 08:00:59.540, 17140036293664, vstest.console.dll, AssemblyResolver.AddSearchDirectories: Adding more searchDirectories C:\Program Files\dotnet\sdk\8.0.202\Extensions,C:\Program Files\dotnet\sdk\8.0.202
TpTrace Information: 0 : 26136, 1, 2024/05/09, 08:00:59.540, 17140036294548, vstest.console.dll, AssemblyResolver.AddSearchDirectories: Adding more searchDirectories C:\Program Files\dotnet\sdk\8.0.202\Extensions,C:\Program Files\dotnet\sdk\8.0.202
TpTrace Information: 0 : 26136, 1, 2024/05/09, 08:00:59.540, 17140036295327, vstest.console.dll, AssemblyResolver.AddSearchDirectories: Adding more searchDirectories C:\Program Files\dotnet\sdk\8.0.202\Extensions,C:\Program Files\dotnet\sdk\8.0.202
TpTrace Verbose: 0 : 26136, 1, 2024/05/09, 08:00:59.540, 17140036297900, vstest.console.dll, MetadataReaderExtensionsHelper: Discovering extensions inside assembly 'Microsoft.Diagnostics.NETCore.Client, Version=0.2.9.2401, Culture=neutral, PublicKeyToken=31bf3856ad364e35' file path 'C:\Program Files\dotnet\sdk\8.0.202\Extensions\Microsoft.Diagnostics.NETCore.Client.dll'
TpTrace Information: 0 : 26136, 1, 2024/05/09, 08:00:59.541, 17140036311912, vstest.console.dll, AssemblyResolver.OnResolve: Microsoft.Bcl.AsyncInterfaces: Resolving assembly.
TpTrace Information: 0 : 26136, 1, 2024/05/09, 08:00:59.542, 17140036313336, vstest.console.dll, AssemblyResolver.OnResolve: Microsoft.Bcl.AsyncInterfaces: Resolved from cache.
TpTrace Verbose: 0 : 26136, 1, 2024/05/09, 08:00:59.542, 17140036313958, vstest.console.dll, CurrentDomainAssemblyResolve: Resolving assembly 'Microsoft.Bcl.AsyncInterfaces'.
TpTrace Information: 0 : 26136, 1, 2024/05/09, 08:00:59.542, 17140036314889, vstest.console.dll, AssemblyResolver.OnResolve: Microsoft.Bcl.AsyncInterfaces: Resolving assembly.
TpTrace Information: 0 : 26136, 1, 2024/05/09, 08:00:59.542, 17140036315441, vstest.console.dll, AssemblyResolver.OnResolve: Microsoft.Bcl.AsyncInterfaces: Resolved from cache.
TpTrace Verbose: 0 : 26136, 1, 2024/05/09, 08:00:59.542, 17140036315966, vstest.console.dll, CurrentDomainAssemblyResolve: Resolving assembly 'Microsoft.Bcl.AsyncInterfaces'.
TpTrace Verbose: 0 : 26136, 1, 2024/05/09, 08:00:59.542, 17140036316492, vstest.console.dll, CurrentDomainAssemblyResolve: Failed to resolve assembly 'Microsoft.Bcl.AsyncInterfaces'.
TpTrace Verbose: 0 : 26136, 1, 2024/05/09, 08:00:59.542, 17140036319370, vstest.console.dll, CurrentDomainAssemblyResolve: Failed to resolve assembly 'Microsoft.Bcl.AsyncInterfaces'.
TpTrace Warning: 0 : 26136, 1, 2024/05/09, 08:00:59.543, 17140036325914, vstest.console.dll, TestPluginDiscoverer: Failed to get types from assembly 'Microsoft.Diagnostics.NETCore.Client, Version=0.2.9.2401, Culture=neutral, PublicKeyToken=31bf3856ad364e35'. Error: System.Reflection.ReflectionTypeLoadException: Unable to load one or more of the requested types.
Could not load file or assembly 'Microsoft.Bcl.AsyncInterfaces, Version=6.0.0.0, Culture=neutral, PublicKeyToken=cc7b13ffcd2ddd51'. The system cannot find the file specified.
   at System.Reflection.RuntimeModule.GetTypes(RuntimeModule module)
   at System.Reflection.RuntimeModule.GetTypes()
   at Microsoft.VisualStudio.TestPlatform.Common.ExtensionFramework.TestPluginDiscoverer.GetTestExtensionsFromAssembly[TPluginInfo,TExtension](Assembly assembly, Dictionary`2 pluginInfos, String filePath) in /_/src/Microsoft.TestPlatform.Common/ExtensionFramework/TestPluginDiscoverer.cs:line 158
System.IO.FileNotFoundException: Could not load file or assembly 'Microsoft.Bcl.AsyncInterfaces, Version=6.0.0.0, Culture=neutral, PublicKeyToken=cc7b13ffcd2ddd51'. The system cannot find the file specified.
File name: 'Microsoft.Bcl.AsyncInterfaces, Version=6.0.0.0, Culture=neutral, PublicKeyToken=cc7b13ffcd2ddd51'
 ---> System.IO.FileNotFoundException: Could not load file or assembly 'Microsoft.Bcl.AsyncInterfaces, Culture=neutral, PublicKeyToken=null'. The system cannot find the file specified.
File name: 'Microsoft.Bcl.AsyncInterfaces, Culture=neutral, PublicKeyToken=null'
   at System.Reflection.RuntimeAssembly.InternalLoad(AssemblyName assemblyName, StackCrawlMark& stackMark, AssemblyLoadContext assemblyLoadContext, RuntimeAssembly requestingAssembly, Boolean throwOnFileNotFound)
   at System.Reflection.Assembly.Load(AssemblyName assemblyRef)
   at Microsoft.VisualStudio.TestPlatform.Common.ExtensionFramework.TestPluginCache.CurrentDomainAssemblyResolve(Object sender, AssemblyResolveEventArgs args) in /_/src/Microsoft.TestPlatform.Common/ExtensionFramework/TestPluginCache.cs:line 513
   at System.Runtime.Loader.AssemblyLoadContext.GetFirstResolvedAssemblyFromResolvingEvent(AssemblyName assemblyName)
   at System.Runtime.Loader.AssemblyLoadContext.ResolveUsingEvent(AssemblyName assemblyName)
   at System.Runtime.Loader.AssemblyLoadContext.ResolveUsingResolvingEvent(IntPtr gchManagedAssemblyLoadContext, AssemblyName assemblyName)
TpTrace Warning: 0 : 26136, 1, 2024/05/09, 08:00:59.543, 17140036328742, vstest.console.dll, LoaderExceptions: System.IO.FileNotFoundException: Could not load file or assembly 'Microsoft.Bcl.AsyncInterfaces, Version=6.0.0.0, Culture=neutral, PublicKeyToken=cc7b13ffcd2ddd51'. The system cannot find the file specified.
File name: 'Microsoft.Bcl.AsyncInterfaces, Version=6.0.0.0, Culture=neutral, PublicKeyToken=cc7b13ffcd2ddd51'
 ---> System.IO.FileNotFoundException: Could not load file or assembly 'Microsoft.Bcl.AsyncInterfaces, Culture=neutral, PublicKeyToken=null'. The system cannot find the file specified.
File name: 'Microsoft.Bcl.AsyncInterfaces, Culture=neutral, PublicKeyToken=null'
   at System.Reflection.RuntimeAssembly.InternalLoad(AssemblyName assemblyName, StackCrawlMark& stackMark, AssemblyLoadContext assemblyLoadContext, RuntimeAssembly requestingAssembly, Boolean throwOnFileNotFound)
   at System.Reflection.Assembly.Load(AssemblyName assemblyRef)
   at Microsoft.VisualStudio.TestPlatform.Common.ExtensionFramework.TestPluginCache.CurrentDomainAssemblyResolve(Object sender, AssemblyResolveEventArgs args) in /_/src/Microsoft.TestPlatform.Common/ExtensionFramework/TestPluginCache.cs:line 513
   at System.Runtime.Loader.AssemblyLoadContext.GetFirstResolvedAssemblyFromResolvingEvent(AssemblyName assemblyName)
   at System.Runtime.Loader.AssemblyLoadContext.ResolveUsingEvent(AssemblyName assemblyName)
   at System.Runtime.Loader.AssemblyLoadContext.ResolveUsingResolvingEvent(IntPtr gchManagedAssemblyLoadContext, AssemblyName assemblyName)
TpTrace Verbose: 0 : 26136, 1, 2024/05/09, 08:00:59.543, 17140036330299, vstest.console.dll, MetadataReaderExtensionsHelper: Discovering extensions inside assembly 'Microsoft.TestPlatform.Extensions.BlameDataCollector, Version=15.0.0.0, Culture=neutral, PublicKeyToken=b03f5f7f11d50a3a' file path 'C:\Program Files\dotnet\sdk\8.0.202\Extensions\Microsoft.TestPlatform.Extensions.BlameDataCollector.dll'
TpTrace Information: 0 : 26136, 1, 2024/05/09, 08:00:59.544, 17140036338650, vstest.console.dll, GetTestExtensionFromType: Register extension with identifier data 'logger://Microsoft/TestPlatform/Extensions/Blame/v1' and type 'Microsoft.TestPlatform.Extensions.BlameDataCollector.BlameLogger, Microsoft.TestPlatform.Extensions.BlameDataCollector, Version=15.0.0.0, Culture=neutral, PublicKeyToken=b03f5f7f11d50a3a' inside file 'C:\Program Files\dotnet\sdk\8.0.202\Extensions\Microsoft.TestPlatform.Extensions.BlameDataCollector.dll'
TpTrace Verbose: 0 : 26136, 1, 2024/05/09, 08:00:59.544, 17140036340093, vstest.console.dll, MetadataReaderExtensionsHelper: Discovering extensions inside assembly 'Microsoft.TestPlatform.Extensions.EventLogCollector, Version=15.0.0.0, Culture=neutral, PublicKeyToken=b03f5f7f11d50a3a' file path 'C:\Program Files\dotnet\sdk\8.0.202\Extensions\Microsoft.TestPlatform.Extensions.EventLogCollector.dll'
TpTrace Verbose: 0 : 26136, 1, 2024/05/09, 08:00:59.545, 17140036345734, vstest.console.dll, MetadataReaderExtensionsHelper: Discovering extensions inside assembly 'Microsoft.TestPlatform.TestHostRuntimeProvider, Version=15.0.0.0, Culture=neutral, PublicKeyToken=b03f5f7f11d50a3a' file path 'C:\Program Files\dotnet\sdk\8.0.202\Extensions\Microsoft.TestPlatform.TestHostRuntimeProvider.dll'
TpTrace Verbose: 0 : 26136, 1, 2024/05/09, 08:00:59.545, 17140036348818, vstest.console.dll, MetadataReaderExtensionsHelper: Discovering extensions inside assembly 'Microsoft.VisualStudio.TestPlatform.Extensions.Html.TestLogger, Version=15.0.0.0, Culture=neutral, PublicKeyToken=b03f5f7f11d50a3a' file path 'C:\Program Files\dotnet\sdk\8.0.202\Extensions\Microsoft.VisualStudio.TestPlatform.Extensions.Html.TestLogger.dll'
TpTrace Information: 0 : 26136, 1, 2024/05/09, 08:00:59.546, 17140036360177, vstest.console.dll, GetTestExtensionFromType: Register extension with identifier data 'logger://Microsoft/TestPlatform/HtmlLogger/v1' and type 'Microsoft.VisualStudio.TestPlatform.Extensions.HtmlLogger.HtmlLogger, Microsoft.VisualStudio.TestPlatform.Extensions.Html.TestLogger, Version=15.0.0.0, Culture=neutral, PublicKeyToken=b03f5f7f11d50a3a' inside file 'C:\Program Files\dotnet\sdk\8.0.202\Extensions\Microsoft.VisualStudio.TestPlatform.Extensions.Html.TestLogger.dll'
TpTrace Verbose: 0 : 26136, 1, 2024/05/09, 08:00:59.546, 17140036361803, vstest.console.dll, MetadataReaderExtensionsHelper: Discovering extensions inside assembly 'Microsoft.VisualStudio.TestPlatform.Extensions.Trx.TestLogger, Version=15.0.0.0, Culture=neutral, PublicKeyToken=b03f5f7f11d50a3a' file path 'C:\Program Files\dotnet\sdk\8.0.202\Extensions\Microsoft.VisualStudio.TestPlatform.Extensions.Trx.TestLogger.dll'
TpTrace Information: 0 : 26136, 1, 2024/05/09, 08:00:59.547, 17140036369288, vstest.console.dll, GetTestExtensionFromType: Register extension with identifier data 'logger://Microsoft/TestPlatform/TrxLogger/v1' and type 'Microsoft.VisualStudio.TestPlatform.Extensions.TrxLogger.TrxLogger, Microsoft.VisualStudio.TestPlatform.Extensions.Trx.TestLogger, Version=15.0.0.0, Culture=neutral, PublicKeyToken=b03f5f7f11d50a3a' inside file 'C:\Program Files\dotnet\sdk\8.0.202\Extensions\Microsoft.VisualStudio.TestPlatform.Extensions.Trx.TestLogger.dll'
TpTrace Verbose: 0 : 26136, 1, 2024/05/09, 08:00:59.547, 17140036370897, vstest.console.dll, TestPluginCache: Discovered the extensions using extension path ''.
TpTrace Verbose: 0 : 26136, 1, 2024/05/09, 08:00:59.547, 17140036371637, vstest.console.dll, TestPluginCache: Discoverers are ''.
TpTrace Verbose: 0 : 26136, 1, 2024/05/09, 08:00:59.547, 17140036372379, vstest.console.dll, TestPluginCache: Executors are ''.
TpTrace Verbose: 0 : 26136, 1, 2024/05/09, 08:00:59.548, 17140036373075, vstest.console.dll, TestPluginCache: Executors2 are ''.
TpTrace Verbose: 0 : 26136, 1, 2024/05/09, 08:00:59.548, 17140036373712, vstest.console.dll, TestPluginCache: Setting providers are ''.
TpTrace Verbose: 0 : 26136, 1, 2024/05/09, 08:00:59.548, 17140036375647, vstest.console.dll, TestPluginCache: Loggers are 'logger://Microsoft/TestPlatform/Extensions/Blame/v1,logger://Microsoft/TestPlatform/HtmlLogger/v1,logger://Microsoft/TestPlatform/TrxLogger/v1'.
TpTrace Verbose: 0 : 26136, 1, 2024/05/09, 08:00:59.548, 17140036376614, vstest.console.dll, TestPluginCache: TestHosts are 'HostProvider://DefaultTestHost,HostProvider://DotnetTestHost'.
TpTrace Verbose: 0 : 26136, 1, 2024/05/09, 08:00:59.548, 17140036377282, vstest.console.dll, TestPluginCache: DataCollectors are ''.
TpTrace Information: 0 : 26136, 1, 2024/05/09, 08:00:59.550, 17140036394561, vstest.console.dll, TestPluginManager.CreateTestExtension: Attempting to load test extension: Microsoft.TestPlatform.Extensions.BlameDataCollector.BlameLogger
TpTrace Verbose: 0 : 26136, 1, 2024/05/09, 08:00:59.563, 17140036532405, vstest.console.dll, TestEngine: Initializing Parallel Execution as MaxCpuCount is set to: 1
TpTrace Information: 0 : 26136, 1, 2024/05/09, 08:00:59.566, 17140036554687, vstest.console.dll, TestPluginManager.CreateTestExtension: Attempting to load test extension: Microsoft.VisualStudio.TestPlatform.CrossPlatEngine.Hosting.DefaultTestHostManager
TpTrace Information: 0 : 26136, 1, 2024/05/09, 08:00:59.567, 17140036566619, vstest.console.dll, TestPluginManager.CreateTestExtension: Attempting to load test extension: Microsoft.VisualStudio.TestPlatform.CrossPlatEngine.Hosting.DotnetTestHostManager
TpTrace Information: 0 : 26136, 1, 2024/05/09, 08:00:59.568, 17140036573682, vstest.console.dll, InferRunSettingsHelper.IsTestSettingsEnabled: Unable to navigate to RunSettings/MSTest. Current node: RunSettings
TpTrace Verbose: 0 : 26136, 1, 2024/05/09, 08:00:59.569, 17140036587588, vstest.console.dll, ParallelOperationManager.ClearSlots: Clearing all slots. Slots should accept more work: True
TpTrace Verbose: 0 : 26136, 1, 2024/05/09, 08:00:59.570, 17140036601961, vstest.console.dll, ParallelOperationManager.SetOccupiedSlotCount: Setting slot counts AvailableSlotCount = 1, OccupiedSlotCount = 0.
TpTrace Verbose: 0 : 26136, 1, 2024/05/09, 08:00:59.571, 17140036608702, vstest.console.dll, Occupied slots:

TpTrace Verbose: 0 : 26136, 1, 2024/05/09, 08:00:59.578, 17140036674866, vstest.console.dll, TestEngine.GetExecutionManager: Chosen execution manager 'Microsoft.VisualStudio.TestPlatform.CrossPlatEngine.Client.Parallel.ParallelProxyExecutionManager, Microsoft.TestPlatform.CrossPlatEngine, Version=15.0.0.0, Culture=neutral, PublicKeyToken=b03f5f7f11d50a3a' ParallelLevel '1'.
TpTrace Verbose: 0 : 26136, 1, 2024/05/09, 08:00:59.578, 17140036677695, vstest.console.dll, TestRunRequest.ExecuteAsync: Creating test run request.
TpTrace Verbose: 0 : 26136, 1, 2024/05/09, 08:00:59.578, 17140036681918, vstest.console.dll, TestRunRequest.ExecuteAsync: Starting.
TpTrace Information: 0 : 26136, 1, 2024/05/09, 08:00:59.580, 17140036702077, vstest.console.dll, TestRunRequest.ExecuteAsync: Starting run with settings:TestRunCriteria:
   KeepAlive=False,FrequencyOfRunStatsChangeEvent=10,RunStatsChangeEventTimeout=00:00:01.5000000,TestCaseFilter=,TestExecutorLauncher=
   Settingsxml=<RunSettings>
  <RunConfiguration>
    <ResultsDirectory>C:\Users\VC\Desktop\WorkProgress\Presidio-Genspark-Daily-Progress-Updates\DAY 20 - 08.05.2024\ClinicTrackerSolution\ClinicTrackerBLTests\bin\Debug\net6.0\fine-code-coverage\coverage-tool-output</ResultsDirectory>
    <TargetPlatform>X64</TargetPlatform>
    <TargetFrameworkVersion>.NETCoreApp,Version=v6.0</TargetFrameworkVersion>
    <DesignMode>False</DesignMode>
    <CollectSourceInformation>False</CollectSourceInformation>
  </RunConfiguration>
  <LoggerRunSettings>
    <Loggers>
      <Logger friendlyName="blame" enabled="True" />
      <Logger friendlyName="Console" uri="logger://microsoft/TestPlatform/ConsoleLogger/v1" assemblyQualifiedName="Microsoft.VisualStudio.TestPlatform.CommandLine.Internal.ConsoleLogger, vstest.console, Version=15.0.0.0, Culture=neutral, PublicKeyToken=b03f5f7f11d50a3a" codeBase="C:\Program Files\dotnet\sdk\8.0.202\vstest.console.dll" enabled="True" />
    </Loggers>
  </LoggerRunSettings>
  <DataCollectionRunSettings>
    <DataCollectors>
      <DataCollector friendlyName="blame" enabled="True">
        <Configuration>
          <ResultsDirectory>C:\Users\VC\Desktop\WorkProgress\Presidio-Genspark-Daily-Progress-Updates\DAY 20 - 08.05.2024\ClinicTrackerSolution\ClinicTrackerBLTests\bin\Debug\net6.0\fine-code-coverage\coverage-tool-output</ResultsDirectory>
        </Configuration>
      </DataCollector>
    </DataCollectors>
  </DataCollectionRunSettings>
</RunSettings>

TpTrace Verbose: 0 : 26136, 1, 2024/05/09, 08:00:59.581, 17140036703400, vstest.console.dll, TestRunRequest.ExecuteAsync: Wait for the first run request is over.
TpTrace Verbose: 0 : 26136, 1, 2024/05/09, 08:00:59.581, 17140036709222, vstest.console.dll, MulticastDelegateUtilities.SafeInvoke: TestRun.TestRunStart: Invoking callbacks was skipped because there are no subscribers.
TpTrace Verbose: 0 : 26136, 4, 2024/05/09, 08:00:59.581, 17140036712167, vstest.console.dll, MulticastDelegateUtilities.SafeInvoke: InternalTestLoggerEvents.SendTestRunStart: Invoking callback 1/1 for Microsoft.VisualStudio.TestPlatform.CommandLine.Internal.ConsoleLogger., took 0 ms.
TpTrace Verbose: 0 : 26136, 1, 2024/05/09, 08:00:59.583, 17140036724578, vstest.console.dll, ParallelProxyExecutionManager: Start execution. Total sources: 1
TpTrace Verbose: 0 : 26136, 1, 2024/05/09, 08:00:59.584, 17140036733175, vstest.console.dll, ParallelOperationManager.StartWork: Starting adding 1 workloads.
TpTrace Verbose: 0 : 26136, 1, 2024/05/09, 08:00:59.584, 17140036734923, vstest.console.dll, ParallelOperationManager.ClearSlots: Clearing all slots. Slots should accept more work: True
TpTrace Verbose: 0 : 26136, 1, 2024/05/09, 08:00:59.584, 17140036736334, vstest.console.dll, ParallelOperationManager.SetOccupiedSlotCount: Setting slot counts AvailableSlotCount = 1, OccupiedSlotCount = 0.
TpTrace Verbose: 0 : 26136, 1, 2024/05/09, 08:00:59.584, 17140036737089, vstest.console.dll, Occupied slots:

TpTrace Verbose: 0 : 26136, 1, 2024/05/09, 08:00:59.587, 17140036763087, vstest.console.dll, TestRequestSender is acting as server.
TpTrace Verbose: 0 : 26136, 1, 2024/05/09, 08:00:59.590, 17140036795447, vstest.console.dll, ParallelOperationManager.RunWorkInParallel: Adding 1 workload to slot, remaining workloads 0.
TpTrace Verbose: 0 : 26136, 1, 2024/05/09, 08:00:59.590, 17140036797185, vstest.console.dll, ParallelOperationManager.SetOccupiedSlotCount: Setting slot counts AvailableSlotCount = 0, OccupiedSlotCount = 1.
TpTrace Verbose: 0 : 26136, 1, 2024/05/09, 08:00:59.590, 17140036799476, vstest.console.dll, Occupied slots:
0: C:\Users\VC\Desktop\WorkProgress\Presidio-Genspark-Daily-Progress-Updates\DAY 20 - 08.05.2024\ClinicTrackerSolution\ClinicTrackerBLTests\bin\Debug\net6.0\fine-code-coverage\build-output\ClinicTrackerBLTests.dll
TpTrace Verbose: 0 : 26136, 1, 2024/05/09, 08:00:59.592, 17140036817225, vstest.console.dll, ParallelOperationManager.RunWorkInParallel: Started host in slot number 0 for work (source): C:\Users\VC\Desktop\WorkProgress\Presidio-Genspark-Daily-Progress-Updates\DAY 20 - 08.05.2024\ClinicTrackerSolution\ClinicTrackerBLTests\bin\Debug\net6.0\fine-code-coverage\build-output\ClinicTrackerBLTests.dll.
TpTrace Verbose: 0 : 26136, 1, 2024/05/09, 08:00:59.593, 17140036830977, vstest.console.dll, ParallelOperationManager.RunWorkInParallel: We started 1 work items, which is the max parallel level. Won't start more work.
TpTrace Verbose: 0 : 26136, 1, 2024/05/09, 08:00:59.593, 17140036832036, vstest.console.dll, ParallelOperationManager.RunWorkInParallel: We started 1 work items in here, returning True.
TpTrace Information: 0 : 26136, 1, 2024/05/09, 08:00:59.593, 17140036832642, vstest.console.dll, TestRunRequest.ExecuteAsync: Started.
TpTrace Verbose: 0 : 26136, 5, 2024/05/09, 08:00:59.593, 17140036832822, vstest.console.dll, ParallelProxyExecutionManager.StartTestRunOnConcurrentManager: Initializing uninitialized client. Started clients: 0
TpTrace Verbose: 0 : 26136, 5, 2024/05/09, 08:00:59.594, 17140036837564, vstest.console.dll, DataCollectionRequestSender.InitializeCommunication : Initialize communication. 
TpTrace Verbose: 0 : 26136, 1, 2024/05/09, 08:00:59.594, 17140036842698, vstest.console.dll, TestRunRequest.WaitForCompletion: Waiting with timeout -1.
TpTrace Information: 0 : 26136, 5, 2024/05/09, 08:00:59.608, 17140036977841, vstest.console.dll, Listening on Endpoint : 127.0.0.1:59283
TpTrace Verbose: 0 : 26136, 5, 2024/05/09, 08:00:59.620, 17140037102130, vstest.console.dll, DotnetDataCollectionLauncher: Adding  --runtimeconfig "C:\Program Files\dotnet\sdk\8.0.202\datacollector.runtimeconfig.json" in args
TpTrace Verbose: 0 : 26136, 5, 2024/05/09, 08:00:59.621, 17140037104386, vstest.console.dll, DotnetDataCollectionLauncher: Adding  --depsfile "C:\Program Files\dotnet\sdk\8.0.202\datacollector.deps.json" in args
TpTrace Verbose: 0 : 26136, 5, 2024/05/09, 08:00:59.622, 17140037116813, vstest.console.dll, DotnetDataCollectionLauncher: Full path of dotnet.exe is C:\Program Files\dotnet\dotnet.exe
TpTrace Information: 0 : 26136, 5, 2024/05/09, 08:00:59.632, 17140037213273, vstest.console.dll, ProxyDataCollectionManager.Initialize: Launched datacollector processId: 26836 port: 59283
TpTrace Information: 0 : 26136, 5, 2024/05/09, 08:00:59.632, 17140037216161, vstest.console.dll, ProxyDataCollectionManager.Initialize: waiting for connection with timeout: 90 seconds
TpTrace Verbose: 0 : 26136, 5, 2024/05/09, 08:00:59.632, 17140037217550, vstest.console.dll, DataCollectionRequestSender.WaitForRequestHandlerConnection : Waiting for connection with timeout: 90000
TpTrace Information: 0 : 26136, 7, 2024/05/09, 08:00:59.906, 17140039958502, vstest.console.dll, Using the buffer size of 16384 bytes
TpTrace Verbose: 0 : 26136, 5, 2024/05/09, 08:00:59.906, 17140039958664, vstest.console.dll, SocketCommunicationManager.WaitForClientConnection took: 273 ms, with 90000 ms timeout, and finished with True.
TpTrace Information: 0 : 26136, 7, 2024/05/09, 08:00:59.906, 17140039960543, vstest.console.dll, Accepted Client request and set the flag
TpTrace Verbose: 0 : 26136, 5, 2024/05/09, 08:00:59.906, 17140039962113, vstest.console.dll, ProxyDataCollectionManager.InvokeDataCollectionServiceAction: Starting.
TpTrace Information: 0 : 26136, 5, 2024/05/09, 08:00:59.907, 17140039963200, vstest.console.dll, ProxyDataCollectionManager.BeforeTestRunStart: Get environment variable and port for datacollector processId: 26836 port: 59283
TpTrace Verbose: 0 : 26136, 5, 2024/05/09, 08:00:59.907, 17140039964745, vstest.console.dll, DataCollectionRequestSender.SendBeforeTestRunStartAndGetResult: Send BeforeTestRunStart message with settingsXml <RunSettings><RunConfiguration><ResultsDirectory>C:\Users\VC\Desktop\WorkProgress\Presidio-Genspark-Daily-Progress-Updates\DAY 20 - 08.05.2024\ClinicTrackerSolution\ClinicTrackerBLTests\bin\Debug\net6.0\fine-code-coverage\coverage-tool-output</ResultsDirectory><TargetPlatform>X64</TargetPlatform><TargetFrameworkVersion>.NETCoreApp,Version=v6.0</TargetFrameworkVersion><DesignMode>False</DesignMode><CollectSourceInformation>False</CollectSourceInformation><TestAdaptersPaths>C:\Program Files\dotnet\sdk\8.0.202\Extensions</TestAdaptersPaths></RunConfiguration><LoggerRunSettings><Loggers><Logger friendlyName="blame" enabled="True" /><Logger friendlyName="Console" uri="logger://microsoft/TestPlatform/ConsoleLogger/v1" assemblyQualifiedName="Microsoft.VisualStudio.TestPlatform.CommandLine.Internal.ConsoleLogger, vstest.console, Version=15.0.0.0, Culture=neutral, PublicKeyToken=b03f5f7f11d50a3a" codeBase="C:\Program Files\dotnet\sdk\8.0.202\vstest.console.dll" enabled="True" /></Loggers></LoggerRunSettings><DataCollectionRunSettings><DataCollectors><DataCollector friendlyName="blame" enabled="True"><Configuration><ResultsDirectory>C:\Users\VC\Desktop\WorkProgress\Presidio-Genspark-Daily-Progress-Updates\DAY 20 - 08.05.2024\ClinicTrackerSolution\ClinicTrackerBLTests\bin\Debug\net6.0\fine-code-coverage\coverage-tool-output</ResultsDirectory></Configuration></DataCollector></DataCollectors></DataCollectionRunSettings></RunSettings> and sources System.Collections.Generic.List`1[System.String]: 
TpTrace Verbose: 0 : 26136, 5, 2024/05/09, 08:00:59.975, 17140040648766, vstest.console.dll, DataCollectionRequestSender.SendBeforeTestRunStartAndGetResult: Received message: (DataCollection.SendMessage) -> {"MessageType":"DataCollection.SendMessage","Payload":{"FriendlyName":null,"Uri":null,"TestCaseId":"00000000-0000-0000-0000-000000000000","Message":"Logging DataCollector Diagnostics in file: C:\\Users\\VC\\Desktop\\WorkProgress\\Presidio-Genspark-Daily-Progress-Updates\\DAY 20 - 08.05.2024\\ClinicTrackerSolution\\ClinicTrackerBLTests\\bin\\Debug\\net6.0\\fine-code-coverage\\coverage-tool-output\\diagnostics.datacollector.24-05-09_08-00-59_62047_5.log","Level":0}}
TpTrace Verbose: 0 : 26136, 5, 2024/05/09, 08:01:00.073, 17140041632347, vstest.console.dll, DataCollectionRequestSender.SendBeforeTestRunStartAndGetResult: Received message: (DataCollection.BeforeTestRunStartResult) -> {"MessageType":"DataCollection.BeforeTestRunStartResult","Payload":{"EnvironmentVariables":{},"DataCollectionEventsPort":59285}}
TpTrace Information: 0 : 26136, 5, 2024/05/09, 08:01:00.078, 17140041679354, vstest.console.dll, ProxyDataCollectionManager.BeforeTestRunStart: SendBeforeTestRunStartAndGetResult successful, env variable from datacollector:   and testhost port: 59285
TpTrace Information: 0 : 26136, 5, 2024/05/09, 08:01:00.078, 17140041680638, vstest.console.dll, ProxyDataCollectionManager.InvokeDataCollectionServiceAction: Completed.
TpTrace Verbose: 0 : 26136, 5, 2024/05/09, 08:01:00.078, 17140041681050, vstest.console.dll, ParallelProxyExecutionManager.StartTestRunOnConcurrentManager: Initializing test run. Started clients: 0
TpTrace Verbose: 0 : 26136, 5, 2024/05/09, 08:01:00.078, 17140041681837, vstest.console.dll, ProxyExecutionManager: Test host is always Lazy initialize.
TpTrace Verbose: 0 : 26136, 5, 2024/05/09, 08:01:00.079, 17140041683811, vstest.console.dll, TestRequestSender.InitializeCommunication: initialize communication. 
TpTrace Information: 0 : 26136, 5, 2024/05/09, 08:01:00.079, 17140041688435, vstest.console.dll, SocketServer.Start: Listening on endpoint : 127.0.0.1:59286
TpTrace Verbose: 0 : 26136, 5, 2024/05/09, 08:01:00.080, 17140041695205, vstest.console.dll, DotnetTestHostmanager.GetTestHostProcessStartInfo: Platform environment 'X64' target architecture 'X64' framework '.NETCoreApp,Version=v6.0' OS 'Windows'
TpTrace Verbose: 0 : 26136, 5, 2024/05/09, 08:01:00.080, 17140041697583, vstest.console.dll, DotnetTestHostmanager: Adding  --runtimeconfig "C:\Users\VC\Desktop\WorkProgress\Presidio-Genspark-Daily-Progress-Updates\DAY 20 - 08.05.2024\ClinicTrackerSolution\ClinicTrackerBLTests\bin\Debug\net6.0\fine-code-coverage\build-output\ClinicTrackerBLTests.runtimeconfig.json" in args
TpTrace Verbose: 0 : 26136, 5, 2024/05/09, 08:01:00.080, 17140041698532, vstest.console.dll, DotnetTestHostmanager: Adding  --depsfile "C:\Users\VC\Desktop\WorkProgress\Presidio-Genspark-Daily-Progress-Updates\DAY 20 - 08.05.2024\ClinicTrackerSolution\ClinicTrackerBLTests\bin\Debug\net6.0\fine-code-coverage\build-output\ClinicTrackerBLTests.deps.json" in args
TpTrace Verbose: 0 : 26136, 5, 2024/05/09, 08:01:00.080, 17140041701142, vstest.console.dll, DotnetTestHostmanager.IsWinOnArm: Current PROCESSOR_ARCHITECTURE from environment variable 'AMD64'
TpTrace Verbose: 0 : 26136, 5, 2024/05/09, 08:01:00.080, 17140041701865, vstest.console.dll, DotnetTestHostmanager.IsWinOnArm: Is Windows on ARM 'False'
TpTrace Verbose: 0 : 26136, 5, 2024/05/09, 08:01:00.080, 17140041702908, vstest.console.dll, DotnetTestHostManager: testhost.exe found at path: C:\Users\VC\Desktop\WorkProgress\Presidio-Genspark-Daily-Progress-Updates\DAY 20 - 08.05.2024\ClinicTrackerSolution\ClinicTrackerBLTests\bin\Debug\net6.0\fine-code-coverage\build-output\testhost.exe
TpTrace Verbose: 0 : 26136, 5, 2024/05/09, 08:01:00.081, 17140041703445, vstest.console.dll, DotnetTestHostmanager: Full path of host exe is C:\Users\VC\Desktop\WorkProgress\Presidio-Genspark-Daily-Progress-Updates\DAY 20 - 08.05.2024\ClinicTrackerSolution\ClinicTrackerBLTests\bin\Debug\net6.0\fine-code-coverage\build-output\testhost.exe
TpTrace Verbose: 0 : 26136, 5, 2024/05/09, 08:01:00.081, 17140041704805, vstest.console.dll, DotnetTestHostmanager.LaunchTestHostAsync: Found 'VSTEST_WINAPPHOST_DOTNET_ROOT' in env variables, value 'C:\Program Files\dotnet', forwarding to 'DOTNET_ROOT'
TpTrace Verbose: 0 : 26136, 5, 2024/05/09, 08:01:00.081, 17140041706158, vstest.console.dll, DotnetTestHostManager: Starting process 'C:\Users\VC\Desktop\WorkProgress\Presidio-Genspark-Daily-Progress-Updates\DAY 20 - 08.05.2024\ClinicTrackerSolution\ClinicTrackerBLTests\bin\Debug\net6.0\fine-code-coverage\build-output\testhost.exe' with command line ' --runtimeconfig "C:\Users\VC\Desktop\WorkProgress\Presidio-Genspark-Daily-Progress-Updates\DAY 20 - 08.05.2024\ClinicTrackerSolution\ClinicTrackerBLTests\bin\Debug\net6.0\fine-code-coverage\build-output\ClinicTrackerBLTests.runtimeconfig.json" --depsfile "C:\Users\VC\Desktop\WorkProgress\Presidio-Genspark-Daily-Progress-Updates\DAY 20 - 08.05.2024\ClinicTrackerSolution\ClinicTrackerBLTests\bin\Debug\net6.0\fine-code-coverage\build-output\ClinicTrackerBLTests.deps.json" --port 59286 --endpoint 127.0.0.1:059286 --role client --parentprocessid 26136 --diag "C:\Users\VC\Desktop\WorkProgress\Presidio-Genspark-Daily-Progress-Updates\DAY 20 - 08.05.2024\ClinicTrackerSolution\ClinicTrackerBLTests\bin\Debug\net6.0\fine-code-coverage\coverage-tool-output\diagnostics.host.24-05-09_08-01-00_07988_5.log" --tracelevel 4 --datacollectionport 59285 --telemetryoptedin false'
TpTrace Verbose: 0 : 26136, 5, 2024/05/09, 08:01:00.088, 17140041779098, vstest.console.dll, MulticastDelegateUtilities.SafeInvoke: HostProviderEvents.OnHostLaunched: Invoking callback 1/2 for Microsoft.VisualStudio.TestPlatform.CrossPlatEngine.Client.ProxyExecutionManagerWithDataCollection., took 1 ms.
TpTrace Verbose: 0 : 26136, 5, 2024/05/09, 08:01:00.088, 17140041782906, vstest.console.dll, Test Runtime launched
TpTrace Verbose: 0 : 26136, 5, 2024/05/09, 08:01:00.089, 17140041783675, vstest.console.dll, MulticastDelegateUtilities.SafeInvoke: HostProviderEvents.OnHostLaunched: Invoking callback 2/2 for Microsoft.VisualStudio.TestPlatform.CrossPlatEngine.Client.ProxyOperationManager., took 0 ms.
TpTrace Verbose: 0 : 26136, 5, 2024/05/09, 08:01:00.089, 17140041785037, vstest.console.dll, TestRequestSender.WaitForRequestHandlerConnection: waiting for connection with timeout: 90000.
TpTrace Verbose: 0 : 26136, 5, 2024/05/09, 08:01:00.349, 17140044385976, vstest.console.dll, TestRequestSender.WaitForRequestHandlerConnection: waiting took 260 ms, with timeout 90000 ms, and result 0, which is success.
TpTrace Verbose: 0 : 26136, 11, 2024/05/09, 08:01:00.349, 17140044385976, vstest.console.dll, MulticastDelegateUtilities.SafeInvoke: SocketServer: ClientConnected: Invoking callback 1/1 for Microsoft.VisualStudio.TestPlatform.CommunicationUtilities.TestRequestSender., took 0 ms.
TpTrace Verbose: 0 : 26136, 11, 2024/05/09, 08:01:00.349, 17140044389597, vstest.console.dll, SocketServer.OnClientConnected: Client connected for endPoint: 127.0.0.1:59286, starting MessageLoopAsync:
TpTrace Verbose: 0 : 26136, 11, 2024/05/09, 08:01:00.350, 17140044397587, vstest.console.dll, TcpClientExtensions.MessageLoopAsync: Polling on remoteEndPoint: 127.0.0.1:59287 localEndPoint: 127.0.0.1:59286 after 0 ms
TpTrace Verbose: 0 : 26136, 5, 2024/05/09, 08:01:00.351, 17140044407871, vstest.console.dll, TestRequestSender.CheckVersionWithTestHost: Sending check version message: {"MessageType":"ProtocolVersion","Payload":7}
TpTrace Verbose: 0 : 26136, 11, 2024/05/09, 08:01:00.539, 17140046292710, vstest.console.dll, TcpClientExtensions.MessageLoopAsync: NotifyDataAvailable remoteEndPoint: 127.0.0.1:59287 localEndPoint: 127.0.0.1:59286
TpTrace Verbose: 0 : 26136, 11, 2024/05/09, 08:01:00.540, 17140046295834, vstest.console.dll, TestRequestSender.CheckVersionWithTestHost: onMessageReceived received message: (ProtocolVersion) -> {"MessageType":"ProtocolVersion","Payload":5}
TpTrace Verbose: 0 : 26136, 11, 2024/05/09, 08:01:00.540, 17140046302690, vstest.console.dll, MulticastDelegateUtilities.SafeInvoke: LengthPrefixCommunicationChannel: MessageReceived: Invoking callback 1/1 for Microsoft.VisualStudio.TestPlatform.CommunicationUtilities.TestRequestSender+<>c__DisplayClass29_0., took 0 ms.
TpTrace Verbose: 0 : 26136, 5, 2024/05/09, 08:01:00.541, 17140046303941, vstest.console.dll, TestPluginCache.GetExtensionPaths: Filtered extension paths: 
TpTrace Verbose: 0 : 26136, 11, 2024/05/09, 08:01:00.541, 17140046304187, vstest.console.dll, TcpClientExtensions.MessageLoopAsync: Polling on remoteEndPoint: 127.0.0.1:59287 localEndPoint: 127.0.0.1:59286 after 190 ms
TpTrace Verbose: 0 : 26136, 5, 2024/05/09, 08:01:00.541, 17140046304775, vstest.console.dll, TestPluginCache.GetExtensionPaths: Added default extension paths: C:\Program Files\dotnet\sdk\8.0.202\Extensions\Microsoft.Diagnostics.NETCore.Client.dll
C:\Program Files\dotnet\sdk\8.0.202\Extensions\Microsoft.TestPlatform.Extensions.BlameDataCollector.dll
C:\Program Files\dotnet\sdk\8.0.202\Extensions\Microsoft.TestPlatform.Extensions.EventLogCollector.dll
C:\Program Files\dotnet\sdk\8.0.202\Extensions\Microsoft.TestPlatform.TestHostRuntimeProvider.dll
C:\Program Files\dotnet\sdk\8.0.202\Extensions\Microsoft.VisualStudio.TestPlatform.Extensions.Html.TestLogger.dll
C:\Program Files\dotnet\sdk\8.0.202\Extensions\Microsoft.VisualStudio.TestPlatform.Extensions.Trx.TestLogger.dll
TpTrace Verbose: 0 : 26136, 5, 2024/05/09, 08:01:00.541, 17140046305735, vstest.console.dll, TestPluginCache.GetExtensionPaths: Added unfilterableExtensionPaths: 
TpTrace Verbose: 0 : 26136, 5, 2024/05/09, 08:01:00.544, 17140046337499, vstest.console.dll, TestRequestSender.InitializeExecution: Sending initialize execution with message: {"Version":5,"MessageType":"TestExecution.Initialize","Payload":["C:\\Users\\VC\\Desktop\\WorkProgress\\Presidio-Genspark-Daily-Progress-Updates\\DAY 20 - 08.05.2024\\ClinicTrackerSolution\\ClinicTrackerBLTests\\bin\\Debug\\net6.0\\fine-code-coverage\\build-output\\NUnit3.TestAdapter.dll"]}
TpTrace Verbose: 0 : 26136, 5, 2024/05/09, 08:01:00.544, 17140046341656, vstest.console.dll, ParallelProxyExecutionManager.StartTestRunOnConcurrentManager: Execution starting. Started clients: 1
TpTrace Verbose: 0 : 26136, 5, 2024/05/09, 08:01:00.545, 17140046344544, vstest.console.dll, TestRunRequest:SendTestRunMessage: Starting.
TpTrace Verbose: 0 : 26136, 5, 2024/05/09, 08:01:00.545, 17140046346335, vstest.console.dll, MulticastDelegateUtilities.SafeInvoke: TestRun.LogMessages: Invoking callback 1/1 for Microsoft.VisualStudio.TestPlatform.CommandLine.TestRunResultAggregator., took 0 ms.
TpTrace Information: 0 : 26136, 5, 2024/05/09, 08:01:00.545, 17140046347059, vstest.console.dll, TestRunRequest:SendTestRunMessage: Completed.
TpTrace Verbose: 0 : 26136, 4, 2024/05/09, 08:01:00.545, 17140046348606, vstest.console.dll, MulticastDelegateUtilities.SafeInvoke: InternalTestLoggerEvents.SendTestRunMessage: Invoking callback 1/1 for Microsoft.VisualStudio.TestPlatform.CommandLine.Internal.ConsoleLogger., took 0 ms.
TpTrace Warning: 0 : 26136, 5, 2024/05/09, 08:01:00.545, 17140046351851, vstest.console.dll, InferRunSettingsHelper.MakeRunsettingsCompatible: Removing the following settings: TargetPlatform from RunSettings file. To use those settings please move to latest version of Microsoft.NET.Test.Sdk
TpTrace Verbose: 0 : 26136, 11, 2024/05/09, 08:01:00.548, 17140046381486, vstest.console.dll, TcpClientExtensions.MessageLoopAsync: NotifyDataAvailable remoteEndPoint: 127.0.0.1:59287 localEndPoint: 127.0.0.1:59286
TpTrace Verbose: 0 : 26136, 11, 2024/05/09, 08:01:00.549, 17140046387226, vstest.console.dll, TestRequestSender.OnExecutionMessageReceived: Received message: {"Version":5,"MessageType":"TestSession.Message","Payload":{"MessageLevel":0,"Message":"Logging TestHost Diagnostics in file: C:\\Users\\VC\\Desktop\\WorkProgress\\Presidio-Genspark-Daily-Progress-Updates\\DAY 20 - 08.05.2024\\ClinicTrackerSolution\\ClinicTrackerBLTests\\bin\\Debug\\net6.0\\fine-code-coverage\\coverage-tool-output\\diagnostics.host.24-05-09_08-01-00_07988_5.log"}}
TpTrace Verbose: 0 : 26136, 11, 2024/05/09, 08:01:00.556, 17140046460574, vstest.console.dll, TestRunRequest:SendTestRunMessage: Starting.
TpTrace Verbose: 0 : 26136, 11, 2024/05/09, 08:01:00.557, 17140046467765, vstest.console.dll, MulticastDelegateUtilities.SafeInvoke: TestRun.LogMessages: Invoking callback 1/1 for Microsoft.VisualStudio.TestPlatform.CommandLine.TestRunResultAggregator., took 0 ms.
TpTrace Verbose: 0 : 26136, 4, 2024/05/09, 08:01:00.557, 17140046467811, vstest.console.dll, MulticastDelegateUtilities.SafeInvoke: InternalTestLoggerEvents.SendTestRunMessage: Invoking callback 1/1 for Microsoft.VisualStudio.TestPlatform.CommandLine.Internal.ConsoleLogger., took 0 ms.
TpTrace Verbose: 0 : 26136, 5, 2024/05/09, 08:01:00.557, 17140046468622, vstest.console.dll, TestRequestSender.StartTestRun: Sending test run with message: {"Version":5,"MessageType":"TestExecution.StartWithSources","Payload":{"AdapterSourceMap":{"_none_":["C:\\Users\\VC\\Desktop\\WorkProgress\\Presidio-Genspark-Daily-Progress-Updates\\DAY 20 - 08.05.2024\\ClinicTrackerSolution\\ClinicTrackerBLTests\\bin\\Debug\\net6.0\\fine-code-coverage\\build-output\\ClinicTrackerBLTests.dll"]},"RunSettings":"<RunSettings>\r\n  <RunConfiguration>\r\n    <ResultsDirectory>C:\\Users\\VC\\Desktop\\WorkProgress\\Presidio-Genspark-Daily-Progress-Updates\\DAY 20 - 08.05.2024\\ClinicTrackerSolution\\ClinicTrackerBLTests\\bin\\Debug\\net6.0\\fine-code-coverage\\coverage-tool-output</ResultsDirectory>\r\n    <TargetFrameworkVersion>.NETCoreApp,Version=v6.0</TargetFrameworkVersion>\r\n    <DesignMode>False</DesignMode>\r\n    <CollectSourceInformation>False</CollectSourceInformation>\r\n  </RunConfiguration>\r\n  <LoggerRunSettings>\r\n    <Loggers>\r\n      <Logger friendlyName=\"blame\" enabled=\"True\" />\r\n      <Logger friendlyName=\"Console\" uri=\"logger://microsoft/TestPlatform/ConsoleLogger/v1\" assemblyQualifiedName=\"Microsoft.VisualStudio.TestPlatform.CommandLine.Internal.ConsoleLogger, vstest.console, Version=15.0.0.0, Culture=neutral, PublicKeyToken=b03f5f7f11d50a3a\" codeBase=\"C:\\Program Files\\dotnet\\sdk\\8.0.202\\vstest.console.dll\" enabled=\"True\" />\r\n    </Loggers>\r\n  </LoggerRunSettings>\r\n  <DataCollectionRunSettings>\r\n    <DataCollectors>\r\n      <DataCollector friendlyName=\"blame\" enabled=\"True\">\r\n        <Configuration>\r\n          <ResultsDirectory>C:\\Users\\VC\\Desktop\\WorkProgress\\Presidio-Genspark-Daily-Progress-Updates\\DAY 20 - 08.05.2024\\ClinicTrackerSolution\\ClinicTrackerBLTests\\bin\\Debug\\net6.0\\fine-code-coverage\\coverage-tool-output</ResultsDirectory>\r\n        </Configuration>\r\n      </DataCollector>\r\n    </DataCollectors>\r\n  </DataCollectionRunSettings>\r\n</RunSettings>","TestExecutionContext":{"FrequencyOfRunStatsChangeEvent":10,"RunStatsChangeEventTimeout":"00:00:01.5000000","InIsolation":false,"KeepAlive":false,"AreTestCaseLevelEventsRequired":false,"IsDebug":false,"TestCaseFilter":null,"FilterOptions":null},"Package":null}}
TpTrace Information: 0 : 26136, 11, 2024/05/09, 08:01:00.557, 17140046468389, vstest.console.dll, TestRunRequest:SendTestRunMessage: Completed.
TpTrace Verbose: 0 : 26136, 5, 2024/05/09, 08:01:00.557, 17140046470636, vstest.console.dll, ParallelProxyExecutionManager.StartTestRunOnConcurrentManager: Execution started. Started clients: 1
TpTrace Verbose: 0 : 26136, 11, 2024/05/09, 08:01:00.557, 17140046470937, vstest.console.dll, MulticastDelegateUtilities.SafeInvoke: LengthPrefixCommunicationChannel: MessageReceived: Invoking callback 1/1 for Microsoft.VisualStudio.TestPlatform.CommunicationUtilities.TestRequestSender+<>c__DisplayClass34_0., took 8 ms.
TpTrace Verbose: 0 : 26136, 11, 2024/05/09, 08:01:00.557, 17140046472161, vstest.console.dll, TcpClientExtensions.MessageLoopAsync: Polling on remoteEndPoint: 127.0.0.1:59287 localEndPoint: 127.0.0.1:59286 after 16 ms
TpTrace Verbose: 0 : 26136, 11, 2024/05/09, 08:01:00.784, 17140048737527, vstest.console.dll, TcpClientExtensions.MessageLoopAsync: NotifyDataAvailable remoteEndPoint: 127.0.0.1:59287 localEndPoint: 127.0.0.1:59286
TpTrace Verbose: 0 : 26136, 11, 2024/05/09, 08:01:00.784, 17140048739995, vstest.console.dll, TestRequestSender.OnExecutionMessageReceived: Received message: {"Version":5,"MessageType":"TestSession.Message","Payload":{"MessageLevel":0,"Message":"NUnit Adapter 4.2.0.0: Test execution started"}}
TpTrace Verbose: 0 : 26136, 11, 2024/05/09, 08:01:00.784, 17140048742527, vstest.console.dll, TestRunRequest:SendTestRunMessage: Starting.
TpTrace Verbose: 0 : 26136, 11, 2024/05/09, 08:01:00.785, 17140048743652, vstest.console.dll, MulticastDelegateUtilities.SafeInvoke: TestRun.LogMessages: Invoking callback 1/1 for Microsoft.VisualStudio.TestPlatform.CommandLine.TestRunResultAggregator., took 0 ms.
TpTrace Verbose: 0 : 26136, 4, 2024/05/09, 08:01:00.785, 17140048743983, vstest.console.dll, MulticastDelegateUtilities.SafeInvoke: InternalTestLoggerEvents.SendTestRunMessage: Invoking callback 1/1 for Microsoft.VisualStudio.TestPlatform.CommandLine.Internal.ConsoleLogger., took 0 ms.
TpTrace Information: 0 : 26136, 11, 2024/05/09, 08:01:00.785, 17140048744158, vstest.console.dll, TestRunRequest:SendTestRunMessage: Completed.
TpTrace Verbose: 0 : 26136, 11, 2024/05/09, 08:01:00.785, 17140048745680, vstest.console.dll, MulticastDelegateUtilities.SafeInvoke: LengthPrefixCommunicationChannel: MessageReceived: Invoking callback 1/1 for Microsoft.VisualStudio.TestPlatform.CommunicationUtilities.TestRequestSender+<>c__DisplayClass34_0., took 0 ms.
TpTrace Verbose: 0 : 26136, 11, 2024/05/09, 08:01:00.785, 17140048746287, vstest.console.dll, TcpClientExtensions.MessageLoopAsync: Polling on remoteEndPoint: 127.0.0.1:59287 localEndPoint: 127.0.0.1:59286 after 227 ms
TpTrace Verbose: 0 : 26136, 11, 2024/05/09, 08:01:00.816, 17140049059432, vstest.console.dll, TcpClientExtensions.MessageLoopAsync: NotifyDataAvailable remoteEndPoint: 127.0.0.1:59287 localEndPoint: 127.0.0.1:59286
TpTrace Verbose: 0 : 26136, 11, 2024/05/09, 08:01:00.816, 17140049061578, vstest.console.dll, TestRequestSender.OnExecutionMessageReceived: Received message: {"Version":5,"MessageType":"TestSession.Message","Payload":{"MessageLevel":0,"Message":"Running all tests in C:\\Users\\VC\\Desktop\\WorkProgress\\Presidio-Genspark-Daily-Progress-Updates\\DAY 20 - 08.05.2024\\ClinicTrackerSolution\\ClinicTrackerBLTests\\bin\\Debug\\net6.0\\fine-code-coverage\\build-output\\ClinicTrackerBLTests.dll"}}
TpTrace Verbose: 0 : 26136, 11, 2024/05/09, 08:01:00.817, 17140049063056, vstest.console.dll, TestRunRequest:SendTestRunMessage: Starting.
TpTrace Verbose: 0 : 26136, 11, 2024/05/09, 08:01:00.817, 17140049063836, vstest.console.dll, MulticastDelegateUtilities.SafeInvoke: TestRun.LogMessages: Invoking callback 1/1 for Microsoft.VisualStudio.TestPlatform.CommandLine.TestRunResultAggregator., took 0 ms.
TpTrace Information: 0 : 26136, 11, 2024/05/09, 08:01:00.817, 17140049064251, vstest.console.dll, TestRunRequest:SendTestRunMessage: Completed.
TpTrace Verbose: 0 : 26136, 4, 2024/05/09, 08:01:00.817, 17140049064360, vstest.console.dll, MulticastDelegateUtilities.SafeInvoke: InternalTestLoggerEvents.SendTestRunMessage: Invoking callback 1/1 for Microsoft.VisualStudio.TestPlatform.CommandLine.Internal.ConsoleLogger., took 0 ms.
TpTrace Verbose: 0 : 26136, 11, 2024/05/09, 08:01:00.817, 17140049064712, vstest.console.dll, MulticastDelegateUtilities.SafeInvoke: LengthPrefixCommunicationChannel: MessageReceived: Invoking callback 1/1 for Microsoft.VisualStudio.TestPlatform.CommunicationUtilities.TestRequestSender+<>c__DisplayClass34_0., took 0 ms.
TpTrace Verbose: 0 : 26136, 11, 2024/05/09, 08:01:00.817, 17140049066489, vstest.console.dll, TcpClientExtensions.MessageLoopAsync: Polling on remoteEndPoint: 127.0.0.1:59287 localEndPoint: 127.0.0.1:59286 after 31 ms
TpTrace Verbose: 0 : 26136, 11, 2024/05/09, 08:01:01.060, 17140051500976, vstest.console.dll, TcpClientExtensions.MessageLoopAsync: NotifyDataAvailable remoteEndPoint: 127.0.0.1:59287 localEndPoint: 127.0.0.1:59286
TpTrace Verbose: 0 : 26136, 11, 2024/05/09, 08:01:01.061, 17140051503332, vstest.console.dll, TestRequestSender.OnExecutionMessageReceived: Received message: {"Version":5,"MessageType":"TestSession.Message","Payload":{"MessageLevel":0,"Message":"   NUnit3TestExecutor discovered 8 of 8 NUnit test cases using Current Discovery mode, Non-Explicit run"}}
TpTrace Verbose: 0 : 26136, 11, 2024/05/09, 08:01:01.061, 17140051505180, vstest.console.dll, TestRunRequest:SendTestRunMessage: Starting.
TpTrace Verbose: 0 : 26136, 11, 2024/05/09, 08:01:01.061, 17140051506258, vstest.console.dll, MulticastDelegateUtilities.SafeInvoke: TestRun.LogMessages: Invoking callback 1/1 for Microsoft.VisualStudio.TestPlatform.CommandLine.TestRunResultAggregator., took 0 ms.
TpTrace Verbose: 0 : 26136, 4, 2024/05/09, 08:01:01.061, 17140051506624, vstest.console.dll, MulticastDelegateUtilities.SafeInvoke: InternalTestLoggerEvents.SendTestRunMessage: Invoking callback 1/1 for Microsoft.VisualStudio.TestPlatform.CommandLine.Internal.ConsoleLogger., took 0 ms.
TpTrace Information: 0 : 26136, 11, 2024/05/09, 08:01:01.061, 17140051506801, vstest.console.dll, TestRunRequest:SendTestRunMessage: Completed.
TpTrace Verbose: 0 : 26136, 11, 2024/05/09, 08:01:01.061, 17140051508353, vstest.console.dll, MulticastDelegateUtilities.SafeInvoke: LengthPrefixCommunicationChannel: MessageReceived: Invoking callback 1/1 for Microsoft.VisualStudio.TestPlatform.CommunicationUtilities.TestRequestSender+<>c__DisplayClass34_0., took 0 ms.
TpTrace Verbose: 0 : 26136, 11, 2024/05/09, 08:01:01.061, 17140051508951, vstest.console.dll, TcpClientExtensions.MessageLoopAsync: Polling on remoteEndPoint: 127.0.0.1:59287 localEndPoint: 127.0.0.1:59286 after 244 ms
TpTrace Verbose: 0 : 26136, 11, 2024/05/09, 08:01:02.075, 17140061652032, vstest.console.dll, TcpClientExtensions.MessageLoopAsync: Polling on remoteEndPoint: 127.0.0.1:59287 localEndPoint: 127.0.0.1:59286 after 1014 ms
TpTrace Verbose: 0 : 26136, 11, 2024/05/09, 08:01:02.202, 17140062922541, vstest.console.dll, TcpClientExtensions.MessageLoopAsync: NotifyDataAvailable remoteEndPoint: 127.0.0.1:59287 localEndPoint: 127.0.0.1:59286
TpTrace Verbose: 0 : 26136, 11, 2024/05/09, 08:01:02.203, 17140062924616, vstest.console.dll, TestRequestSender.OnExecutionMessageReceived: Received message: {"Version":5,"MessageType":"TestExecution.StatsChange","Payload":{"NewTestResults":[],"TestRunStatistics":{"ExecutedTests":0,"Stats":{}},"ActiveTests":[{"Id":"0d4bbc85-aa3a-d08e-2e63-1cb34aede823","FullyQualifiedName":"ClinicTrackerBLTests.Tests.AddDoctorExceptionTest","DisplayName":"AddDoctorExceptionTest","ExecutorUri":"executor://NUnit3TestExecutor","Source":"C:\\Users\\VC\\Desktop\\WorkProgress\\Presidio-Genspark-Daily-Progress-Updates\\DAY 20 - 08.05.2024\\ClinicTrackerSolution\\ClinicTrackerBLTests\\bin\\Debug\\net6.0\\fine-code-coverage\\build-output\\ClinicTrackerBLTests.dll","CodeFilePath":null,"LineNumber":0,"Properties":[{"Key":{"Id":"NUnit.Seed","Label":"Seed","Category":"","Description":"","Attributes":0,"ValueType":"System.String"},"Value":"1204220395"}]}]}}
TpTrace Verbose: 0 : 26136, 11, 2024/05/09, 08:01:02.222, 17140063117221, vstest.console.dll, TestRunRequest:SendTestRunStatsChange: Starting.
TpTrace Verbose: 0 : 26136, 11, 2024/05/09, 08:01:02.222, 17140063118736, vstest.console.dll, InProgress is AddDoctorExceptionTest
TpTrace Verbose: 0 : 26136, 11, 2024/05/09, 08:01:02.222, 17140063119585, vstest.console.dll, MulticastDelegateUtilities.SafeInvoke: TestRun.RunStatsChanged: Invoking callbacks was skipped because there are no subscribers.
TpTrace Information: 0 : 26136, 11, 2024/05/09, 08:01:02.222, 17140063119994, vstest.console.dll, TestRunRequest:SendTestRunStatsChange: Completed.
TpTrace Verbose: 0 : 26136, 11, 2024/05/09, 08:01:02.222, 17140063120364, vstest.console.dll, MulticastDelegateUtilities.SafeInvoke: LengthPrefixCommunicationChannel: MessageReceived: Invoking callback 1/1 for Microsoft.VisualStudio.TestPlatform.CommunicationUtilities.TestRequestSender+<>c__DisplayClass34_0., took 19 ms.
TpTrace Verbose: 0 : 26136, 11, 2024/05/09, 08:01:02.222, 17140063120730, vstest.console.dll, TcpClientExtensions.MessageLoopAsync: Polling on remoteEndPoint: 127.0.0.1:59287 localEndPoint: 127.0.0.1:59286 after 146 ms
TpTrace Verbose: 0 : 26136, 11, 2024/05/09, 08:01:03.224, 17140073138620, vstest.console.dll, TcpClientExtensions.MessageLoopAsync: Polling on remoteEndPoint: 127.0.0.1:59287 localEndPoint: 127.0.0.1:59286 after 1001 ms
TpTrace Verbose: 0 : 26136, 11, 2024/05/09, 08:01:03.305, 17140073950411, vstest.console.dll, TcpClientExtensions.MessageLoopAsync: NotifyDataAvailable remoteEndPoint: 127.0.0.1:59287 localEndPoint: 127.0.0.1:59286
TpTrace Verbose: 0 : 26136, 11, 2024/05/09, 08:01:03.306, 17140073953956, vstest.console.dll, TestRequestSender.OnExecutionMessageReceived: Received message: {"Version":5,"MessageType":"TestSession.Message","Payload":{"MessageLevel":0,"Message":"NUnit Adapter 4.2.0.0: Test execution complete"}}
TpTrace Verbose: 0 : 26136, 11, 2024/05/09, 08:01:03.306, 17140073958528, vstest.console.dll, TestRunRequest:SendTestRunMessage: Starting.
TpTrace Verbose: 0 : 26136, 11, 2024/05/09, 08:01:03.306, 17140073960596, vstest.console.dll, MulticastDelegateUtilities.SafeInvoke: TestRun.LogMessages: Invoking callback 1/1 for Microsoft.VisualStudio.TestPlatform.CommandLine.TestRunResultAggregator., took 0 ms.
TpTrace Verbose: 0 : 26136, 4, 2024/05/09, 08:01:03.306, 17140073961372, vstest.console.dll, MulticastDelegateUtilities.SafeInvoke: InternalTestLoggerEvents.SendTestRunMessage: Invoking callback 1/1 for Microsoft.VisualStudio.TestPlatform.CommandLine.Internal.ConsoleLogger., took 0 ms.
TpTrace Information: 0 : 26136, 11, 2024/05/09, 08:01:03.306, 17140073961844, vstest.console.dll, TestRunRequest:SendTestRunMessage: Completed.
TpTrace Verbose: 0 : 26136, 11, 2024/05/09, 08:01:03.307, 17140073965546, vstest.console.dll, MulticastDelegateUtilities.SafeInvoke: LengthPrefixCommunicationChannel: MessageReceived: Invoking callback 1/1 for Microsoft.VisualStudio.TestPlatform.CommunicationUtilities.TestRequestSender+<>c__DisplayClass34_0., took 1 ms.
TpTrace Verbose: 0 : 26136, 11, 2024/05/09, 08:01:03.307, 17140073966391, vstest.console.dll, TcpClientExtensions.MessageLoopAsync: Polling on remoteEndPoint: 127.0.0.1:59287 localEndPoint: 127.0.0.1:59286 after 82 ms
TpTrace Verbose: 0 : 26136, 11, 2024/05/09, 08:01:03.358, 17140074480310, vstest.console.dll, TcpClientExtensions.MessageLoopAsync: NotifyDataAvailable remoteEndPoint: 127.0.0.1:59287 localEndPoint: 127.0.0.1:59286
TpTrace Verbose: 0 : 26136, 11, 2024/05/09, 08:01:03.359, 17140074489627, vstest.console.dll, TestRequestSender.OnExecutionMessageReceived: Received message: {"Version":5,"MessageType":"TestExecution.Completed","Payload":{"TestRunCompleteArgs":{"TestRunStatistics":{"ExecutedTests":8,"Stats":{"Failed":5,"Passed":3}},"IsCanceled":false,"IsAborted":false,"Error":null,"AttachmentSets":[],"ElapsedTimeInRunningTests":"00:00:02.5520665","Metrics":{}},"LastRunTests":{"NewTestResults":[{"TestCase":{"Id":"0d4bbc85-aa3a-d08e-2e63-1cb34aede823","FullyQualifiedName":"ClinicTrackerBLTests.Tests.AddDoctorExceptionTest","DisplayName":"AddDoctorExceptionTest","ExecutorUri":"executor://NUnit3TestExecutor","Source":"C:\\Users\\VC\\Desktop\\WorkProgress\\Presidio-Genspark-Daily-Progress-Updates\\DAY 20 - 08.05.2024\\ClinicTrackerSolution\\ClinicTrackerBLTests\\bin\\Debug\\net6.0\\fine-code-coverage\\build-output\\ClinicTrackerBLTests.dll","CodeFilePath":null,"LineNumber":0,"Properties":[{"Key":{"Id":"NUnit.Seed","Label":"Seed","Category":"","Description":"","Attributes":0,"ValueType":"System.String"},"Value":"1204220395"}]},"Attachments":[],"Outcome":2,"ErrorMessage":"  Expected: <ClinicTrackerBLLibrary.Exceptions.NoDoctorFoundException>\r\n  But was:  <Microsoft.EntityFrameworkCore.DbUpdateException: An error occurred while saving the entity changes. See the inner exception for details.\r\n ---> Microsoft.Data.SqlClient.SqlException (0x80131904): Cannot insert explicit value for identity column in table 'Doctors' when IDENTITY_INSERT is set to OFF.\r\n   at Microsoft.Data.SqlClient.SqlConnection.OnError(SqlException exception, Boolean breakConnection, Action`1 wrapCloseInAction)\r\n   at Microsoft.Data.SqlClient.SqlInternalConnection.OnError(SqlException exception, Boolean breakConnection, Action`1 wrapCloseInAction)\r\n   at Microsoft.Data.SqlClient.TdsParser.ThrowExceptionAndWarning(TdsParserStateObject stateObj, Boolean callerHasConnectionLock, Boolean asyncClose)\r\n   at Microsoft.Data.SqlClient.TdsParser.TryRun(RunBehavior runBehavior, SqlCommand cmdHandler, SqlDataReader dataStream, BulkCopySimpleResultSet bulkCopyHandler, TdsParserStateObject stateObj, Boolean& dataReady)\r\n   at Microsoft.Data.SqlClient.SqlDataReader.TryConsumeMetaData()\r\n   at Microsoft.Data.SqlClient.SqlDataReader.get_MetaData()\r\n   at Microsoft.Data.SqlClient.SqlCommand.FinishExecuteReader(SqlDataReader ds, RunBehavior runBehavior, String resetOptionsString, Boolean isInternal, Boolean forDescribeParameterEncryption, Boolean shouldCacheForAlwaysEncrypted)\r\n   at Microsoft.Data.SqlClient.SqlCommand.RunExecuteReaderTds(CommandBehavior cmdBehavior, RunBehavior runBehavior, Boolean returnStream, Boolean isAsync, Int32 timeout, Task& task, Boolean asyncWrite, Boolean inRetry, SqlDataReader ds, Boolean describeParameterEncryptionRequest)\r\n   at Microsoft.Data.SqlClient.SqlCommand.RunExecuteReader(CommandBehavior cmdBehavior, RunBehavior runBehavior, Boolean returnStream, TaskCompletionSource`1 completion, Int32 timeout, Task& task, Boolean& usedCache, Boolean asyncWrite, Boolean inRetry, String method)\r\n   at Microsoft.Data.SqlClient.SqlCommand.RunExecuteReader(CommandBehavior cmdBehavior, RunBehavior runBehavior, Boolean returnStream, String method)\r\n   at Microsoft.Data.SqlClient.SqlCommand.ExecuteReader(CommandBehavior behavior)\r\n   at Microsoft.Data.SqlClient.SqlCommand.ExecuteDbDataReader(CommandBehavior behavior)\r\n   at System.Data.Common.DbCommand.ExecuteReader()\r\n   at Microsoft.EntityFrameworkCore.Storage.RelationalCommand.ExecuteReader(RelationalCommandParameterObject parameterObject)\r\n   at Microsoft.EntityFrameworkCore.Update.ReaderModificationCommandBatch.Execute(IRelationalConnection connection)\r\nClientConnectionId:dfe30574-c6c2-4e93-ba7b-99bce8608795\r\nError Number:544,State:1,Class:16\r\n   --- End of inner exception stack trace ---\r\n   at Microsoft.EntityFrameworkCore.Update.ReaderModificationCommandBatch.Execute(IRelationalConnection connection)\r\n   at Microsoft.EntityFrameworkCore.Update.Internal.BatchExecutor.Execute(IEnumerable`1 commandBatches, IRelationalConnection connection)\r\n   at Microsoft.EntityFrameworkCore.Storage.RelationalDatabase.SaveChanges(IList`1 entries)\r\n   at Microsoft.EntityFrameworkCore.ChangeTracking.Internal.StateManager.SaveChanges(IList`1 entriesToSave)\r\n   at Microsoft.EntityFrameworkCore.ChangeTracking.Internal.StateManager.SaveChanges(StateManager stateManager, Boolean acceptAllChangesOnSuccess)\r\n   at Microsoft.EntityFrameworkCore.ChangeTracking.Internal.StateManager.<>c.<SaveChanges>b__104_0(DbContext _, ValueTuple`2 t)\r\n   at Microsoft.EntityFrameworkCore.SqlServer.Storage.Internal.SqlServerExecutionStrategy.Execute[TState,TResult](TState state, Func`3 operation, Func`3 verifySucceeded)\r\n   at Microsoft.EntityFrameworkCore.ChangeTracking.Internal.StateManager.SaveChanges(Boolean acceptAllChangesOnSuccess)\r\n   at Microsoft.EntityFrameworkCore.DbContext.SaveChanges(Boolean acceptAllChangesOnSuccess)\r\n   at Microsoft.EntityFrameworkCore.DbContext.SaveChanges()\r\n   at ClinicTrackerDALLibrary.DoctorRepository.Add(Doctor item) in C:\\Users\\VC\\Desktop\\WorkProgress\\Presidio-Genspark-Daily-Progress-Updates\\DAY 20 - 08.05.2024\\ClinicTrackerSolution\\ClinicTrackerDALLibrary\\DoctorRepository.cs:line 22\r\n   at ClinicAppointmentBLLibrary.DoctorBusinessLogic.AddDoctor(Doctor doctor) in C:\\Users\\VC\\Desktop\\WorkProgress\\Presidio-Genspark-Daily-Progress-Updates\\DAY 20 - 08.05.2024\\ClinicTrackerSolution\\ClinicTrackerBLLibrary\\DoctorBusinessLogic.cs:line 22\r\n   at ClinicTrackerBLTests.Tests.<>c__DisplayClass4_0.<AddDoctorExceptionTest>b__0() in C:\\Users\\VC\\Desktop\\WorkProgress\\Presidio-Genspark-Daily-Progress-Updates\\DAY 20 - 08.05.2024\\ClinicTrackerSolution\\ClinicTrackerBLTests\\DoctorBLTests.cs:line 56\r\n   at NUnit.Framework.Assert.Throws(IResolveConstraint expression, TestDelegate code, String message, Object[] args)>\r\n","ErrorStackTrace":"   at ClinicTrackerBLTests.Tests.AddDoctorExceptionTest() in C:\\Users\\VC\\Desktop\\WorkProgress\\Presidio-Genspark-Daily-Progress-Updates\\DAY 20 - 08.05.2024\\ClinicTrackerSolution\\ClinicTrackerBLTests\\DoctorBLTests.cs:line 56\r\n","DisplayName":"AddDoctorExceptionTest","Messages":[],"ComputerName":"BYQBBX3","Duration":"00:00:01.9364400","StartTime":"2024-05-09T02:31:01.0944865+00:00","EndTime":"2024-05-09T02:31:03.0306512+00:00","Properties":[{"Key":{"Id":"NUnit.Seed","Label":"Seed","Category":"","Description":"","Attributes":0,"ValueType":"System.String"},"Value":"1204220395"}]},{"TestCase":{"Id":"41abeb76-86db-511b-93df-bc2d81ebf026","FullyQualifiedName":"ClinicTrackerBLTests.Tests.AddDoctorSuccessTest","DisplayName":"AddDoctorSuccessTest","ExecutorUri":"executor://NUnit3TestExecutor","Source":"C:\\Users\\VC\\Desktop\\WorkProgress\\Presidio-Genspark-Daily-Progress-Updates\\DAY 20 - 08.05.2024\\ClinicTrackerSolution\\ClinicTrackerBLTests\\bin\\Debug\\net6.0\\fine-code-coverage\\build-output\\ClinicTrackerBLTests.dll","CodeFilePath":null,"LineNumber":0,"Properties":[{"Key":{"Id":"NUnit.Seed","Label":"Seed","Category":"","Description":"","Attributes":0,"ValueType":"System.String"},"Value":"2108890583"}]},"Attachments":[],"Outcome":2,"ErrorMessage":"Microsoft.EntityFrameworkCore.DbUpdateException : An error occurred while saving the entity changes. See the inner exception for details.\r\n  ----> Microsoft.Data.SqlClient.SqlException : Cannot insert explicit value for identity column in table 'Doctors' when IDENTITY_INSERT is set to OFF.\r\nData:\r\n  HelpLink.ProdName: Microsoft SQL Server\r\n  HelpLink.ProdVer: 15.00.2110\r\n  HelpLink.EvtSrc: MSSQLServer\r\n  HelpLink.EvtID: 544\r\n  HelpLink.BaseHelpUrl: https://go.microsoft.com/fwlink\r\n  HelpLink.LinkId: 20476","ErrorStackTrace":"   at Microsoft.EntityFrameworkCore.Update.ReaderModificationCommandBatch.Execute(IRelationalConnection connection)\r\n   at Microsoft.EntityFrameworkCore.Update.Internal.BatchExecutor.Execute(IEnumerable`1 commandBatches, IRelationalConnection connection)\r\n   at Microsoft.EntityFrameworkCore.Storage.RelationalDatabase.SaveChanges(IList`1 entries)\r\n   at Microsoft.EntityFrameworkCore.ChangeTracking.Internal.StateManager.SaveChanges(IList`1 entriesToSave)\r\n   at Microsoft.EntityFrameworkCore.ChangeTracking.Internal.StateManager.SaveChanges(StateManager stateManager, Boolean acceptAllChangesOnSuccess)\r\n   at Microsoft.EntityFrameworkCore.ChangeTracking.Internal.StateManager.<>c.<SaveChanges>b__104_0(DbContext _, ValueTuple`2 t)\r\n   at Microsoft.EntityFrameworkCore.SqlServer.Storage.Internal.SqlServerExecutionStrategy.Execute[TState,TResult](TState state, Func`3 operation, Func`3 verifySucceeded)\r\n   at Microsoft.EntityFrameworkCore.ChangeTracking.Internal.StateManager.SaveChanges(Boolean acceptAllChangesOnSuccess)\r\n   at Microsoft.EntityFrameworkCore.DbContext.SaveChanges(Boolean acceptAllChangesOnSuccess)\r\n   at Microsoft.EntityFrameworkCore.DbContext.SaveChanges()\r\n   at ClinicTrackerDALLibrary.DoctorRepository.Add(Doctor item) in C:\\Users\\VC\\Desktop\\WorkProgress\\Presidio-Genspark-Daily-Progress-Updates\\DAY 20 - 08.05.2024\\ClinicTrackerSolution\\ClinicTrackerDALLibrary\\DoctorRepository.cs:line 22\r\n   at ClinicAppointmentBLLibrary.DoctorBusinessLogic.AddDoctor(Doctor doctor) in C:\\Users\\VC\\Desktop\\WorkProgress\\Presidio-Genspark-Daily-Progress-Updates\\DAY 20 - 08.05.2024\\ClinicTrackerSolution\\ClinicTrackerBLLibrary\\DoctorBusinessLogic.cs:line 22\r\n   at ClinicTrackerBLTests.Tests.AddDoctorSuccessTest() in C:\\Users\\VC\\Desktop\\WorkProgress\\Presidio-Genspark-Daily-Progress-Updates\\DAY 20 - 08.05.2024\\ClinicTrackerSolution\\ClinicTrackerBLTests\\DoctorBLTests.cs:line 35\r\n--SqlException\r\n   at Microsoft.Data.SqlClient.SqlConnection.OnError(SqlException exception, Boolean breakConnection, Action`1 wrapCloseInAction)\r\n   at Microsoft.Data.SqlClient.SqlInternalConnection.OnError(SqlException exception, Boolean breakConnection, Action`1 wrapCloseInAction)\r\n   at Microsoft.Data.SqlClient.TdsParser.ThrowExceptionAndWarning(TdsParserStateObject stateObj, Boolean callerHasConnectionLock, Boolean asyncClose)\r\n   at Microsoft.Data.SqlClient.TdsParser.TryRun(RunBehavior runBehavior, SqlCommand cmdHandler, SqlDataReader dataStream, BulkCopySimpleResultSet bulkCopyHandler, TdsParserStateObject stateObj, Boolean& dataReady)\r\n   at Microsoft.Data.SqlClient.SqlDataReader.TryConsumeMetaData()\r\n   at Microsoft.Data.SqlClient.SqlDataReader.get_MetaData()\r\n   at Microsoft.Data.SqlClient.SqlCommand.FinishExecuteReader(SqlDataReader ds, RunBehavior runBehavior, String resetOptionsString, Boolean isInternal, Boolean forDescribeParameterEncryption, Boolean shouldCacheForAlwaysEncrypted)\r\n   at Microsoft.Data.SqlClient.SqlCommand.RunExecuteReaderTds(CommandBehavior cmdBehavior, RunBehavior runBehavior, Boolean returnStream, Boolean isAsync, Int32 timeout, Task& task, Boolean asyncWrite, Boolean inRetry, SqlDataReader ds, Boolean describeParameterEncryptionRequest)\r\n   at Microsoft.Data.SqlClient.SqlCommand.RunExecuteReader(CommandBehavior cmdBehavior, RunBehavior runBehavior, Boolean returnStream, TaskCompletionSource`1 completion, Int32 timeout, Task& task, Boolean& usedCache, Boolean asyncWrite, Boolean inRetry, String method)\r\n   at Microsoft.Data.SqlClient.SqlCommand.RunExecuteReader(CommandBehavior cmdBehavior, RunBehavior runBehavior, Boolean returnStream, String method)\r\n   at Microsoft.Data.SqlClient.SqlCommand.ExecuteReader(CommandBehavior behavior)\r\n   at Microsoft.Data.SqlClient.SqlCommand.ExecuteDbDataReader(CommandBehavior behavior)\r\n   at System.Data.Common.DbCommand.ExecuteReader()\r\n   at Microsoft.EntityFrameworkCore.Storage.RelationalCommand.ExecuteReader(RelationalCommandParameterObject parameterObject)\r\n   at Microsoft.EntityFrameworkCore.Update.ReaderModificationCommandBatch.Execute(IRelationalConnection connection)","DisplayName":"AddDoctorSuccessTest","Messages":[],"ComputerName":"BYQBBX3","Duration":"00:00:00.0297550","StartTime":"2024-05-09T02:31:03.03539+00:00","EndTime":"2024-05-09T02:31:03.0651457+00:00","Properties":[{"Key":{"Id":"NUnit.Seed","Label":"Seed","Category":"","Description":"","Attributes":0,"ValueType":"System.String"},"Value":"2108890583"}]},{"TestCase":{"Id":"ba53a25b-d888-6d52-17c2-37e26192463f","FullyQualifiedName":"ClinicTrackerBLTests.Tests.ChangeDoctorByNameExceptionTest","DisplayName":"ChangeDoctorByNameExceptionTest","ExecutorUri":"executor://NUnit3TestExecutor","Source":"C:\\Users\\VC\\Desktop\\WorkProgress\\Presidio-Genspark-Daily-Progress-Updates\\DAY 20 - 08.05.2024\\ClinicTrackerSolution\\ClinicTrackerBLTests\\bin\\Debug\\net6.0\\fine-code-coverage\\build-output\\ClinicTrackerBLTests.dll","CodeFilePath":null,"LineNumber":0,"Properties":[{"Key":{"Id":"NUnit.Seed","Label":"Seed","Category":"","Description":"","Attributes":0,"ValueType":"System.String"},"Value":"1351746020"}]},"Attachments":[],"Outcome":1,"ErrorMessage":null,"ErrorStackTrace":null,"DisplayName":"ChangeDoctorByNameExceptionTest","Messages":[],"ComputerName":"BYQBBX3","Duration":"00:00:00.0991150","StartTime":"2024-05-09T02:31:03.0651945+00:00","EndTime":"2024-05-09T02:31:03.164309+00:00","Properties":[{"Key":{"Id":"NUnit.Seed","Label":"Seed","Category":"","Description":"","Attributes":0,"ValueType":"System.String"},"Value":"1351746020"}]},{"TestCase":{"Id":"fdc44e5c-aa9c-a7c3-ef27-f29b078c6858","FullyQualifiedName":"ClinicTrackerBLTests.Tests.ChangeDoctorNameSucccessTest","DisplayName":"ChangeDoctorNameSucccessTest","ExecutorUri":"executor://NUnit3TestExecutor","Source":"C:\\Users\\VC\\Desktop\\WorkProgress\\Presidio-Genspark-Daily-Progress-Updates\\DAY 20 - 08.05.2024\\ClinicTrackerSolution\\ClinicTrackerBLTests\\bin\\Debug\\net6.0\\fine-code-coverage\\build-output\\ClinicTrackerBLTests.dll","CodeFilePath":null,"LineNumber":0,"Properties":[{"Key":{"Id":"NUnit.Seed","Label":"Seed","Category":"","Description":"","Attributes":0,"ValueType":"System.String"},"Value":"145555817"}]},"Attachments":[],"Outcome":2,"ErrorMessage":"ClinicTrackerBLLibrary.Exceptions.NoDoctorFoundException : No Doctor Found!","ErrorStackTrace":"   at ClinicAppointmentBLLibrary.DoctorBusinessLogic.ChangeDoctorName(Int32 key, String NewDoctorName) in C:\\Users\\VC\\Desktop\\WorkProgress\\Presidio-Genspark-Daily-Progress-Updates\\DAY 20 - 08.05.2024\\ClinicTrackerSolution\\ClinicTrackerBLLibrary\\DoctorBusinessLogic.cs:line 66\r\n   at ClinicTrackerBLTests.Tests.ChangeDoctorNameSucccessTest() in C:\\Users\\VC\\Desktop\\WorkProgress\\Presidio-Genspark-Daily-Progress-Updates\\DAY 20 - 08.05.2024\\ClinicTrackerSolution\\ClinicTrackerBLTests\\DoctorBLTests.cs:line 105","DisplayName":"ChangeDoctorNameSucccessTest","Messages":[],"ComputerName":"BYQBBX3","Duration":"00:00:00.0772999","StartTime":"2024-05-09T02:31:03.1643626+00:00","EndTime":"2024-05-09T02:31:03.2416626+00:00","Properties":[{"Key":{"Id":"NUnit.Seed","Label":"Seed","Category":"","Description":"","Attributes":0,"ValueType":"System.String"},"Value":"145555817"}]},{"TestCase":{"Id":"5abba27a-8d22-9cfe-a8b6-6651513b948c","FullyQualifiedName":"ClinicTrackerBLTests.Tests.DeleteDoctorExceptionTest","DisplayName":"DeleteDoctorExceptionTest","ExecutorUri":"executor://NUnit3TestExecutor","Source":"C:\\Users\\VC\\Desktop\\WorkProgress\\Presidio-Genspark-Daily-Progress-Updates\\DAY 20 - 08.05.2024\\ClinicTrackerSolution\\ClinicTrackerBLTests\\bin\\Debug\\net6.0\\fine-code-coverage\\build-output\\ClinicTrackerBLTests.dll","CodeFilePath":null,"LineNumber":0,"Properties":[{"Key":{"Id":"NUnit.Seed","Label":"Seed","Category":"","Description":"","Attributes":0,"ValueType":"System.String"},"Value":"513156321"}]},"Attachments":[],"Outcome":1,"ErrorMessage":null,"ErrorStackTrace":null,"DisplayName":"DeleteDoctorExceptionTest","Messages":[],"ComputerName":"BYQBBX3","Duration":"00:00:00.0044430","StartTime":"2024-05-09T02:31:03.2417288+00:00","EndTime":"2024-05-09T02:31:03.2461712+00:00","Properties":[{"Key":{"Id":"NUnit.Seed","Label":"Seed","Category":"","Description":"","Attributes":0,"ValueType":"System.String"},"Value":"513156321"}]},{"TestCase":{"Id":"30eac087-1384-affa-05e8-1e91fd81c9c7","FullyQualifiedName":"ClinicTrackerBLTests.Tests.DeleteDoctorSuccessTest","DisplayName":"DeleteDoctorSuccessTest","ExecutorUri":"executor://NUnit3TestExecutor","Source":"C:\\Users\\VC\\Desktop\\WorkProgress\\Presidio-Genspark-Daily-Progress-Updates\\DAY 20 - 08.05.2024\\ClinicTrackerSolution\\ClinicTrackerBLTests\\bin\\Debug\\net6.0\\fine-code-coverage\\build-output\\ClinicTrackerBLTests.dll","CodeFilePath":null,"LineNumber":0,"Properties":[{"Key":{"Id":"NUnit.Seed","Label":"Seed","Category":"","Description":"","Attributes":0,"ValueType":"System.String"},"Value":"2074064693"}]},"Attachments":[],"Outcome":2,"ErrorMessage":"ClinicTrackerBLLibrary.Exceptions.NoDoctorFoundException : No Doctor Found!","ErrorStackTrace":"   at ClinicAppointmentBLLibrary.DoctorBusinessLogic.DeleteDoctorById(Int32 doctorID) in C:\\Users\\VC\\Desktop\\WorkProgress\\Presidio-Genspark-Daily-Progress-Updates\\DAY 20 - 08.05.2024\\ClinicTrackerSolution\\ClinicTrackerBLLibrary\\DoctorBusinessLogic.cs:line 48\r\n   at ClinicTrackerBLTests.Tests.DeleteDoctorSuccessTest() in C:\\Users\\VC\\Desktop\\WorkProgress\\Presidio-Genspark-Daily-Progress-Updates\\DAY 20 - 08.05.2024\\ClinicTrackerSolution\\ClinicTrackerBLTests\\DoctorBLTests.cs:line 66","DisplayName":"DeleteDoctorSuccessTest","Messages":[],"ComputerName":"BYQBBX3","Duration":"00:00:00.0042249","StartTime":"2024-05-09T02:31:03.2462129+00:00","EndTime":"2024-05-09T02:31:03.2504381+00:00","Properties":[{"Key":{"Id":"NUnit.Seed","Label":"Seed","Category":"","Description":"","Attributes":0,"ValueType":"System.String"},"Value":"2074064693"}]},{"TestCase":{"Id":"f23b9c1e-e676-e6dd-7faf-11c3fb7d93d4","FullyQualifiedName":"ClinicTrackerBLTests.Tests.GetAllDoctorsExceptionTest","DisplayName":"GetAllDoctorsExceptionTest","ExecutorUri":"executor://NUnit3TestExecutor","Source":"C:\\Users\\VC\\Desktop\\WorkProgress\\Presidio-Genspark-Daily-Progress-Updates\\DAY 20 - 08.05.2024\\ClinicTrackerSolution\\ClinicTrackerBLTests\\bin\\Debug\\net6.0\\fine-code-coverage\\build-output\\ClinicTrackerBLTests.dll","CodeFilePath":null,"LineNumber":0,"Properties":[{"Key":{"Id":"NUnit.Seed","Label":"Seed","Category":"","Description":"","Attributes":0,"ValueType":"System.String"},"Value":"1546682690"}]},"Attachments":[],"Outcome":2,"ErrorMessage":"ClinicTrackerBLLibrary.Exceptions.NoDoctorFoundException : No Doctor Found!","ErrorStackTrace":"   at ClinicAppointmentBLLibrary.DoctorBusinessLogic.DeleteDoctorById(Int32 doctorID) in C:\\Users\\VC\\Desktop\\WorkProgress\\Presidio-Genspark-Daily-Progress-Updates\\DAY 20 - 08.05.2024\\ClinicTrackerSolution\\ClinicTrackerBLLibrary\\DoctorBusinessLogic.cs:line 48\r\n   at ClinicTrackerBLTests.Tests.GetAllDoctorsExceptionTest() in C:\\Users\\VC\\Desktop\\WorkProgress\\Presidio-Genspark-Daily-Progress-Updates\\DAY 20 - 08.05.2024\\ClinicTrackerSolution\\ClinicTrackerBLTests\\DoctorBLTests.cs:line 95","DisplayName":"GetAllDoctorsExceptionTest","Messages":[],"ComputerName":"BYQBBX3","Duration":"00:00:00.0041850","StartTime":"2024-05-09T02:31:03.2504828+00:00","EndTime":"2024-05-09T02:31:03.2546672+00:00","Properties":[{"Key":{"Id":"NUnit.Seed","Label":"Seed","Category":"","Description":"","Attributes":0,"ValueType":"System.String"},"Value":"1546682690"}]},{"TestCase":{"Id":"80fd3f64-57a0-8b8d-a66a-267f372a93c1","FullyQualifiedName":"ClinicTrackerBLTests.Tests.GetAllDoctorsSuccessTest","DisplayName":"GetAllDoctorsSuccessTest","ExecutorUri":"executor://NUnit3TestExecutor","Source":"C:\\Users\\VC\\Desktop\\WorkProgress\\Presidio-Genspark-Daily-Progress-Updates\\DAY 20 - 08.05.2024\\ClinicTrackerSolution\\ClinicTrackerBLTests\\bin\\Debug\\net6.0\\fine-code-coverage\\build-output\\ClinicTrackerBLTests.dll","CodeFilePath":null,"LineNumber":0,"Properties":[{"Key":{"Id":"NUnit.Seed","Label":"Seed","Category":"","Description":"","Attributes":0,"ValueType":"System.String"},"Value":"638170920"}]},"Attachments":[],"Outcome":1,"ErrorMessage":null,"ErrorStackTrace":null,"DisplayName":"GetAllDoctorsSuccessTest","Messages":[],"ComputerName":"BYQBBX3","Duration":"00:00:00.0293590","StartTime":"2024-05-09T02:31:03.2547066+00:00","EndTime":"2024-05-09T02:31:03.2840649+00:00","Properties":[{"Key":{"Id":"NUnit.Seed","Label":"Seed","Category":"","Description":"","Attributes":0,"ValueType":"System.String"},"Value":"638170920"}]}],"TestRunStatistics":{"ExecutedTests":8,"Stats":{"Failed":5,"Passed":3}},"ActiveTests":[]},"RunAttachments":[],"ExecutorUris":["executor://nunit3testexecutor/"]}}
TpTrace Verbose: 0 : 26136, 11, 2024/05/09, 08:01:03.360, 17140074494079, vstest.console.dll, TestRequestSender.EndSession: Sending end session.
TpTrace Verbose: 0 : 26136, 11, 2024/05/09, 08:01:03.360, 17140074496442, vstest.console.dll, ProxyOperationManager.Close: waiting for test host to exit for 100 ms
TpTrace Verbose: 0 : 26136, 12, 2024/05/09, 08:01:03.401, 17140074910258, vstest.console.dll, TestHostManagerCallbacks.ctor: Experimental forwarding output is disabled.
TpTrace Warning: 0 : 26136, 12, 2024/05/09, 08:01:03.402, 17140074914232, vstest.console.dll, TestHostManagerCallbacks.ErrorReceivedCallback Test host standard error line: 
TpTrace Verbose: 0 : 26136, 12, 2024/05/09, 08:01:03.421, 17140075106639, vstest.console.dll, TestHostProvider.ExitCallBack: Host exited starting callback.
TpTrace Information: 0 : 26136, 12, 2024/05/09, 08:01:03.421, 17140075109123, vstest.console.dll, TestHostManagerCallbacks.ExitCallBack: Testhost processId: 16536 exited with exitcode: 0 error: ''
TpTrace Verbose: 0 : 26136, 12, 2024/05/09, 08:01:03.421, 17140075109897, vstest.console.dll, DotnetTestHostManager.OnHostExited: invoking OnHostExited callback
TpTrace Verbose: 0 : 26136, 12, 2024/05/09, 08:01:03.421, 17140075110745, vstest.console.dll, CrossPlatEngine.TestHostManagerHostExited: calling on client process exit callback.
TpTrace Information: 0 : 26136, 12, 2024/05/09, 08:01:03.421, 17140075111567, vstest.console.dll, TestRequestSender.OnClientProcessExit: Test host process exited. Standard error: 
TpTrace Information: 0 : 26136, 12, 2024/05/09, 08:01:03.421, 17140075112284, vstest.console.dll, SocketServer.Stop: Stop server endPoint: 127.0.0.1:59286
TpTrace Information: 0 : 26136, 12, 2024/05/09, 08:01:03.422, 17140075113030, vstest.console.dll, SocketServer.Stop: Cancellation requested. Stopping message loop.
TpTrace Information: 0 : 26136, 11, 2024/05/09, 08:01:03.422, 17140075113090, vstest.console.dll, SocketServer.Stop: Stop server endPoint: 127.0.0.1:59286
TpTrace Verbose: 0 : 26136, 12, 2024/05/09, 08:01:03.422, 17140075114609, vstest.console.dll, MulticastDelegateUtilities.SafeInvoke: HostProviderEvents.OnHostExited: Invoking callback 1/1 for Microsoft.VisualStudio.TestPlatform.CrossPlatEngine.Client.ProxyOperationManager., took 0 ms.
TpTrace Information: 0 : 26136, 11, 2024/05/09, 08:01:03.422, 17140075114734, vstest.console.dll, SocketServer.Stop: Cancellation requested. Stopping message loop.
TpTrace Information: 0 : 26136, 11, 2024/05/09, 08:01:03.422, 17140075117174, vstest.console.dll, Closing the connection
TpTrace Verbose: 0 : 26136, 11, 2024/05/09, 08:01:03.422, 17140075120532, vstest.console.dll, ProxyDataCollectionManager.InvokeDataCollectionServiceAction: Starting.
TpTrace Information: 0 : 26136, 11, 2024/05/09, 08:01:03.422, 17140075121369, vstest.console.dll, ProxyDataCollectionManager.AfterTestRunEnd: Get attachment set and invoked data collectors processId: 26836 port: 59283
TpTrace Verbose: 0 : 26136, 11, 2024/05/09, 08:01:03.422, 17140075122297, vstest.console.dll, DataCollectionRequestSender.SendAfterTestRunStartAndGetResult: Send AfterTestRunEnd message with isCancelled: False
TpTrace Verbose: 0 : 26136, 11, 2024/05/09, 08:01:03.434, 17140075234234, vstest.console.dll, DataCollectionRequestSender.SendAfterTestRunStartAndGetResult: Received message: (DataCollection.AfterTestRunEndResult) -> {"MessageType":"DataCollection.AfterTestRunEndResult","Payload":{"AttachmentSets":[],"InvokedDataCollectors":[{"Uri":"datacollector://Microsoft/TestPlatform/Extensions/Blame/v1","FriendlyName":"Blame","AssemblyQualifiedName":"Microsoft.TestPlatform.Extensions.BlameDataCollector.BlameCollector, Microsoft.TestPlatform.Extensions.BlameDataCollector, Version=15.0.0.0, Culture=neutral, PublicKeyToken=b03f5f7f11d50a3a","FilePath":"C:\\Program Files\\dotnet\\sdk\\8.0.202\\Extensions\\Microsoft.TestPlatform.Extensions.BlameDataCollector.dll","HasAttachmentProcessor":false}],"Metrics":{}}}
TpTrace Information: 0 : 26136, 11, 2024/05/09, 08:01:03.443, 17140075329293, vstest.console.dll, ProxyDataCollectionManager.InvokeDataCollectionServiceAction: Completed.
TpTrace Warning: 0 : 26136, 10, 2024/05/09, 08:01:03.463, 17140075526358, vstest.console.dll, DataCollectionLauncher.ErrorReceivedCallback datacollector standard error line: 
TpTrace Information: 0 : 26136, 10, 2024/05/09, 08:01:03.481, 17140075709678, vstest.console.dll, DataCollectionLauncher.ExitCallBack: Data collector exited with exitcode: 0 error: ''
TpTrace Verbose: 0 : 26136, 11, 2024/05/09, 08:01:03.528, 17140076181814, vstest.console.dll, TestRunRequest:SendTestRunStatsChange: Starting.
TpTrace Verbose: 0 : 26136, 11, 2024/05/09, 08:01:03.529, 17140076185441, vstest.console.dll, MulticastDelegateUtilities.SafeInvoke: TestRun.RunStatsChanged: Invoking callbacks was skipped because there are no subscribers.
TpTrace Information: 0 : 26136, 11, 2024/05/09, 08:01:03.529, 17140076186259, vstest.console.dll, TestRunRequest:SendTestRunStatsChange: Completed.
TpTrace Verbose: 0 : 26136, 11, 2024/05/09, 08:01:03.529, 17140076189926, vstest.console.dll, ParallelProxyExecutionManager: HandlePartialRunComplete: Total workloads = 1, Total started clients = 1 Total completed clients = 1, Run complete = True, Run canceled: False.
TpTrace Verbose: 0 : 26136, 11, 2024/05/09, 08:01:03.529, 17140076190608, vstest.console.dll, ParallelProxyExecutionManager: HandlePartialRunComplete: All runs completed stopping all managers.
TpTrace Verbose: 0 : 26136, 11, 2024/05/09, 08:01:03.529, 17140076191209, vstest.console.dll, ParallelOperationManager.StopAllManagers: Stopping all managers.
TpTrace Verbose: 0 : 26136, 11, 2024/05/09, 08:01:03.529, 17140076191766, vstest.console.dll, ParallelOperationManager.ClearSlots: Clearing all slots. Slots should accept more work: False
TpTrace Verbose: 0 : 26136, 11, 2024/05/09, 08:01:03.529, 17140076192561, vstest.console.dll, ParallelOperationManager.SetOccupiedSlotCount: Setting slot counts AvailableSlotCount = 1, OccupiedSlotCount = 0.
TpTrace Verbose: 0 : 26136, 11, 2024/05/09, 08:01:03.530, 17140076193364, vstest.console.dll, Occupied slots:

TpTrace Verbose: 0 : 26136, 4, 2024/05/09, 08:01:03.542, 17140076319319, vstest.console.dll, MulticastDelegateUtilities.SafeInvoke: InternalTestLoggerEvents.SendTestResult: Invoking callback 1/1 for Microsoft.VisualStudio.TestPlatform.CommandLine.Internal.ConsoleLogger., took 13 ms.
TpTrace Verbose: 0 : 26136, 4, 2024/05/09, 08:01:03.543, 17140076331608, vstest.console.dll, MulticastDelegateUtilities.SafeInvoke: InternalTestLoggerEvents.SendTestResult: Invoking callback 1/1 for Microsoft.VisualStudio.TestPlatform.CommandLine.Internal.ConsoleLogger., took 1 ms.
TpTrace Verbose: 0 : 26136, 4, 2024/05/09, 08:01:03.544, 17140076333463, vstest.console.dll, MulticastDelegateUtilities.SafeInvoke: InternalTestLoggerEvents.SendTestResult: Invoking callback 1/1 for Microsoft.VisualStudio.TestPlatform.CommandLine.Internal.ConsoleLogger., took 0 ms.
TpTrace Verbose: 0 : 26136, 4, 2024/05/09, 08:01:03.544, 17140076337941, vstest.console.dll, MulticastDelegateUtilities.SafeInvoke: InternalTestLoggerEvents.SendTestResult: Invoking callback 1/1 for Microsoft.VisualStudio.TestPlatform.CommandLine.Internal.ConsoleLogger., took 0 ms.
TpTrace Verbose: 0 : 26136, 4, 2024/05/09, 08:01:03.544, 17140076338978, vstest.console.dll, MulticastDelegateUtilities.SafeInvoke: InternalTestLoggerEvents.SendTestResult: Invoking callback 1/1 for Microsoft.VisualStudio.TestPlatform.CommandLine.Internal.ConsoleLogger., took 0 ms.
TpTrace Verbose: 0 : 26136, 4, 2024/05/09, 08:01:03.545, 17140076343065, vstest.console.dll, MulticastDelegateUtilities.SafeInvoke: InternalTestLoggerEvents.SendTestResult: Invoking callback 1/1 for Microsoft.VisualStudio.TestPlatform.CommandLine.Internal.ConsoleLogger., took 0 ms.
TpTrace Verbose: 0 : 26136, 4, 2024/05/09, 08:01:03.545, 17140076347188, vstest.console.dll, MulticastDelegateUtilities.SafeInvoke: InternalTestLoggerEvents.SendTestResult: Invoking callback 1/1 for Microsoft.VisualStudio.TestPlatform.CommandLine.Internal.ConsoleLogger., took 0 ms.
TpTrace Verbose: 0 : 26136, 4, 2024/05/09, 08:01:03.545, 17140076348191, vstest.console.dll, MulticastDelegateUtilities.SafeInvoke: InternalTestLoggerEvents.SendTestResult: Invoking callback 1/1 for Microsoft.VisualStudio.TestPlatform.CommandLine.Internal.ConsoleLogger., took 0 ms.
TpTrace Verbose: 0 : 26136, 4, 2024/05/09, 08:01:03.555, 17140076448032, vstest.console.dll, MulticastDelegateUtilities.SafeInvoke: InternalTestLoggerEvents.SendTestRunComplete: Invoking callback 1/2 for Microsoft.TestPlatform.Extensions.BlameDataCollector.BlameLogger., took 0 ms.
TpTrace Verbose: 0 : 26136, 4, 2024/05/09, 08:01:03.562, 17140076519739, vstest.console.dll, MulticastDelegateUtilities.SafeInvoke: InternalTestLoggerEvents.SendTestRunComplete: Invoking callback 2/2 for Microsoft.VisualStudio.TestPlatform.CommandLine.Internal.ConsoleLogger., took 7 ms.
TpTrace Verbose: 0 : 26136, 11, 2024/05/09, 08:01:03.563, 17140076524149, vstest.console.dll, TestRunRequest:TestRunComplete: Starting. IsAborted:False IsCanceled:False.
TpTrace Verbose: 0 : 26136, 11, 2024/05/09, 08:01:03.563, 17140076527528, vstest.console.dll, ParallelOperationManager.DoActionOnAllManagers: Calling an action on all managers.
TpTrace Verbose: 0 : 26136, 11, 2024/05/09, 08:01:03.564, 17140076539048, vstest.console.dll, TestLoggerManager.HandleTestRunComplete: Ignoring as the object is disposed.
TpTrace Verbose: 0 : 26136, 11, 2024/05/09, 08:01:03.564, 17140076542025, vstest.console.dll, MulticastDelegateUtilities.SafeInvoke: TestRun.TestRunComplete: Invoking callback 1/2 for Microsoft.VisualStudio.TestPlatform.CommandLine.TestRunResultAggregator., took 0 ms.
TpTrace Verbose: 0 : 26136, 11, 2024/05/09, 08:01:03.565, 17140076543636, vstest.console.dll, MulticastDelegateUtilities.SafeInvoke: TestRun.TestRunComplete: Invoking callback 2/2 for Microsoft.VisualStudio.TestPlatform.CommandLine.Processors.RunTestsArgumentExecutor+TestRunRequestEventsRegistrar., took 0 ms.
TpTrace Information: 0 : 26136, 11, 2024/05/09, 08:01:03.565, 17140076545011, vstest.console.dll, TestRunRequest:TestRunComplete: Completed.
TpTrace Verbose: 0 : 26136, 1, 2024/05/09, 08:01:03.565, 17140076545211, vstest.console.dll, TestRunRequest.Dispose: Starting.
TpTrace Information: 0 : 26136, 1, 2024/05/09, 08:01:03.565, 17140076546249, vstest.console.dll, TestRunRequest.Dispose: Completed.
TpTrace Verbose: 0 : 26136, 11, 2024/05/09, 08:01:03.565, 17140076545634, vstest.console.dll, TestRequestSender.SetOperationComplete: Setting operation complete.
TpTrace Information: 0 : 26136, 1, 2024/05/09, 08:01:03.565, 17140076546682, vstest.console.dll, TestRequestManager.RunTests: run tests completed.
TpTrace Information: 0 : 26136, 11, 2024/05/09, 08:01:03.565, 17140076547437, vstest.console.dll, SocketServer.Stop: Stop server endPoint: 127.0.0.1:59286
TpTrace Information: 0 : 26136, 1, 2024/05/09, 08:01:03.565, 17140076548133, vstest.console.dll, RunTestsArgumentProcessor:Execute: Test run is completed.
TpTrace Information: 0 : 26136, 11, 2024/05/09, 08:01:03.565, 17140076548263, vstest.console.dll, SocketServer.Stop: Cancellation requested. Stopping message loop.
TpTrace Verbose: 0 : 26136, 11, 2024/05/09, 08:01:03.565, 17140076550327, vstest.console.dll, MulticastDelegateUtilities.SafeInvoke: LengthPrefixCommunicationChannel: MessageReceived: Invoking callback 1/1 for Microsoft.VisualStudio.TestPlatform.CommunicationUtilities.TestRequestSender+<>c__DisplayClass34_0., took 206 ms.
TpTrace Information: 0 : 26136, 11, 2024/05/09, 08:01:03.565, 17140076551246, vstest.console.dll, SocketServer.PrivateStop: Stopping server endPoint: 127.0.0.1:59286 error: 
TpTrace Verbose: 0 : 26136, 1, 2024/05/09, 08:01:03.565, 17140076551605, vstest.console.dll, Executor.Execute: Exiting with exit code of 1
