TpTrace Verbose: 0 : 20544, 1, 2024/04/23, 16:41:03.204, 3627736285540, vstest.console.dll, Version: 17.9.0-release-24072-02 Current process architecture: X64
TpTrace Verbose: 0 : 20544, 1, 2024/04/23, 16:41:03.215, 3627736399660, vstest.console.dll, Runtime location: C:\Program Files\dotnet\shared\Microsoft.NETCore.App\8.0.3
TpTrace Verbose: 0 : 20544, 1, 2024/04/23, 16:41:03.221, 3627736460624, vstest.console.dll, ArtifactProcessingPostProcessModeProcessorExecutor.Initialize: ArtifactProcessingMode.Collect
TpTrace Verbose: 0 : 20544, 1, 2024/04/23, 16:41:03.221, 3627736463700, vstest.console.dll, TestSessionCorrelationIdProcessorModeProcessorExecutor.Initialize: TestSessionCorrelationId '13424_c99b9136-c602-4019-bc88-ea23d379ab4a'
TpTrace Information: 0 : 20544, 1, 2024/04/23, 16:41:03.241, 3627736660030, vstest.console.dll, FilePatternParser: The given file C:\Users\VC\Desktop\PRESIDIO - DAILY WORK PROGRESS\DAY 7 - 17.04.2024\DAY 7 - 17.04.2024\ClinicTrackerSolution\ClinicTrackerBLTest\bin\Debug\net6.0\fine-code-coverage\build-output\ClinicTrackerBLTest.dll is a full path.
TpTrace Verbose: 0 : 20544, 1, 2024/04/23, 16:41:03.255, 3627736801990, vstest.console.dll, TestPluginCache.DiscoverTestExtensions: finding test extensions in assemblies ends with: RuntimeProvider.dll TPluginInfo: Microsoft.VisualStudio.TestPlatform.Common.ExtensionFramework.Utilities.TestRuntimePluginInformation TExtension: Microsoft.VisualStudio.TestPlatform.ObjectModel.Host.ITestRuntimeProvider
TpTrace Verbose: 0 : 20544, 1, 2024/04/23, 16:41:03.256, 3627736812354, vstest.console.dll, TestPluginCache.GetExtensionPaths: Filtered extension paths: 
TpTrace Verbose: 0 : 20544, 1, 2024/04/23, 16:41:03.257, 3627736815797, vstest.console.dll, TestPluginCache.GetExtensionPaths: Added default extension paths: C:\Program Files\dotnet\sdk\8.0.202\Extensions\Microsoft.Diagnostics.NETCore.Client.dll
C:\Program Files\dotnet\sdk\8.0.202\Extensions\Microsoft.TestPlatform.Extensions.BlameDataCollector.dll
C:\Program Files\dotnet\sdk\8.0.202\Extensions\Microsoft.TestPlatform.Extensions.EventLogCollector.dll
C:\Program Files\dotnet\sdk\8.0.202\Extensions\Microsoft.TestPlatform.TestHostRuntimeProvider.dll
C:\Program Files\dotnet\sdk\8.0.202\Extensions\Microsoft.VisualStudio.TestPlatform.Extensions.Html.TestLogger.dll
C:\Program Files\dotnet\sdk\8.0.202\Extensions\Microsoft.VisualStudio.TestPlatform.Extensions.Trx.TestLogger.dll
TpTrace Verbose: 0 : 20544, 1, 2024/04/23, 16:41:03.257, 3627736817330, vstest.console.dll, TestPluginCache.GetExtensionPaths: Added unfilterableExtensionPaths: 
TpTrace Information: 0 : 20544, 1, 2024/04/23, 16:41:03.258, 3627736831895, vstest.console.dll, AssemblyResolver.ctor: Creating AssemblyResolver with searchDirectories C:\Program Files\dotnet\sdk\8.0.202\Extensions,C:\Program Files\dotnet\sdk\8.0.202
TpTrace Verbose: 0 : 20544, 1, 2024/04/23, 16:41:03.263, 3627736876666, vstest.console.dll, TestPluginCache.DiscoverTestExtensions: Discovering the extensions using extension path.
TpTrace Verbose: 0 : 20544, 1, 2024/04/23, 16:41:03.264, 3627736884159, vstest.console.dll, TestPluginCache.GetExtensionPaths: Filtered extension paths: 
TpTrace Verbose: 0 : 20544, 1, 2024/04/23, 16:41:03.264, 3627736885852, vstest.console.dll, TestPluginCache.GetExtensionPaths: Added default extension paths: C:\Program Files\dotnet\sdk\8.0.202\Extensions\Microsoft.Diagnostics.NETCore.Client.dll
C:\Program Files\dotnet\sdk\8.0.202\Extensions\Microsoft.TestPlatform.Extensions.BlameDataCollector.dll
C:\Program Files\dotnet\sdk\8.0.202\Extensions\Microsoft.TestPlatform.Extensions.EventLogCollector.dll
C:\Program Files\dotnet\sdk\8.0.202\Extensions\Microsoft.TestPlatform.TestHostRuntimeProvider.dll
C:\Program Files\dotnet\sdk\8.0.202\Extensions\Microsoft.VisualStudio.TestPlatform.Extensions.Html.TestLogger.dll
C:\Program Files\dotnet\sdk\8.0.202\Extensions\Microsoft.VisualStudio.TestPlatform.Extensions.Trx.TestLogger.dll
TpTrace Verbose: 0 : 20544, 1, 2024/04/23, 16:41:03.264, 3627736886843, vstest.console.dll, TestPluginCache.GetExtensionPaths: Added unfilterableExtensionPaths: 
TpTrace Verbose: 0 : 20544, 1, 2024/04/23, 16:41:03.264, 3627736890101, vstest.console.dll, TestPluginCache.DiscoverTestExtensions: Discovering the extensions using allExtensionPaths: C:\Program Files\dotnet\sdk\8.0.202\Extensions\Microsoft.Diagnostics.NETCore.Client.dll
C:\Program Files\dotnet\sdk\8.0.202\Extensions\Microsoft.TestPlatform.Extensions.BlameDataCollector.dll
C:\Program Files\dotnet\sdk\8.0.202\Extensions\Microsoft.TestPlatform.Extensions.EventLogCollector.dll
C:\Program Files\dotnet\sdk\8.0.202\Extensions\Microsoft.TestPlatform.TestHostRuntimeProvider.dll
C:\Program Files\dotnet\sdk\8.0.202\Extensions\Microsoft.VisualStudio.TestPlatform.Extensions.Html.TestLogger.dll
C:\Program Files\dotnet\sdk\8.0.202\Extensions\Microsoft.VisualStudio.TestPlatform.Extensions.Trx.TestLogger.dll
TpTrace Information: 0 : 20544, 1, 2024/04/23, 16:41:03.264, 3627736893224, vstest.console.dll, AssemblyResolver.AddSearchDirectories: Adding more searchDirectories C:\Program Files\dotnet\sdk\8.0.202\Extensions,C:\Program Files\dotnet\sdk\8.0.202
TpTrace Information: 0 : 20544, 1, 2024/04/23, 16:41:03.265, 3627736894888, vstest.console.dll, AssemblyResolver.AddSearchDirectories: Adding more searchDirectories C:\Program Files\dotnet\sdk\8.0.202\Extensions,C:\Program Files\dotnet\sdk\8.0.202
TpTrace Information: 0 : 20544, 1, 2024/04/23, 16:41:03.265, 3627736896037, vstest.console.dll, AssemblyResolver.AddSearchDirectories: Adding more searchDirectories C:\Program Files\dotnet\sdk\8.0.202\Extensions,C:\Program Files\dotnet\sdk\8.0.202
TpTrace Information: 0 : 20544, 1, 2024/04/23, 16:41:03.265, 3627736896976, vstest.console.dll, AssemblyResolver.AddSearchDirectories: Adding more searchDirectories C:\Program Files\dotnet\sdk\8.0.202\Extensions,C:\Program Files\dotnet\sdk\8.0.202
TpTrace Information: 0 : 20544, 1, 2024/04/23, 16:41:03.265, 3627736898055, vstest.console.dll, AssemblyResolver.AddSearchDirectories: Adding more searchDirectories C:\Program Files\dotnet\sdk\8.0.202\Extensions,C:\Program Files\dotnet\sdk\8.0.202
TpTrace Information: 0 : 20544, 1, 2024/04/23, 16:41:03.265, 3627736898979, vstest.console.dll, AssemblyResolver.AddSearchDirectories: Adding more searchDirectories C:\Program Files\dotnet\sdk\8.0.202\Extensions,C:\Program Files\dotnet\sdk\8.0.202
TpTrace Information: 0 : 20544, 1, 2024/04/23, 16:41:03.267, 3627736914351, vstest.console.dll, AssemblyResolver.OnResolve: Microsoft.Diagnostics.NETCore.Client: Resolving assembly.
TpTrace Information: 0 : 20544, 1, 2024/04/23, 16:41:03.267, 3627736917000, vstest.console.dll, AssemblyResolver.OnResolve: Microsoft.Diagnostics.NETCore.Client: Searching in: 'C:\Program Files\dotnet\sdk\8.0.202\Extensions'.
TpTrace Information: 0 : 20544, 1, 2024/04/23, 16:41:03.285, 3627737102591, vstest.console.dll, AssemblyResolver.OnResolve: Microsoft.Diagnostics.NETCore.Client: Loading assembly 'C:\Program Files\dotnet\sdk\8.0.202\Extensions\Microsoft.Diagnostics.NETCore.Client.dll'.
TpTrace Information: 0 : 20544, 1, 2024/04/23, 16:41:03.288, 3627737125953, vstest.console.dll, AssemblyResolver.OnResolve: Resolved assembly: Microsoft.Diagnostics.NETCore.Client, from path: C:\Program Files\dotnet\sdk\8.0.202\Extensions\Microsoft.Diagnostics.NETCore.Client.dll
TpTrace Verbose: 0 : 20544, 1, 2024/04/23, 16:41:03.302, 3627737266395, vstest.console.dll, MetadataReaderExtensionsHelper: Discovering extensions inside assembly 'Microsoft.Diagnostics.NETCore.Client, Version=0.2.9.2401, Culture=neutral, PublicKeyToken=31bf3856ad364e35' file path 'C:\Program Files\dotnet\sdk\8.0.202\Extensions\Microsoft.Diagnostics.NETCore.Client.dll'
TpTrace Information: 0 : 20544, 1, 2024/04/23, 16:41:03.313, 3627737376060, vstest.console.dll, AssemblyResolver.OnResolve: Microsoft.Bcl.AsyncInterfaces: Resolving assembly.
TpTrace Information: 0 : 20544, 1, 2024/04/23, 16:41:03.313, 3627737378399, vstest.console.dll, AssemblyResolver.OnResolve: Microsoft.Bcl.AsyncInterfaces: Searching in: 'C:\Program Files\dotnet\sdk\8.0.202\Extensions'.
TpTrace Information: 0 : 20544, 1, 2024/04/23, 16:41:03.313, 3627737380500, vstest.console.dll, AssemblyResolver.OnResolve: Microsoft.Bcl.AsyncInterfaces: Assembly path does not exist: 'C:\Program Files\dotnet\sdk\8.0.202\Extensions\Microsoft.Bcl.AsyncInterfaces.dll', returning.
TpTrace Information: 0 : 20544, 1, 2024/04/23, 16:41:03.313, 3627737382910, vstest.console.dll, AssemblyResolver.OnResolve: Microsoft.Bcl.AsyncInterfaces: Assembly path does not exist: 'C:\Program Files\dotnet\sdk\8.0.202\Extensions\Microsoft.Bcl.AsyncInterfaces.exe', returning.
TpTrace Information: 0 : 20544, 1, 2024/04/23, 16:41:03.314, 3627737384075, vstest.console.dll, AssemblyResolver.OnResolve: Microsoft.Bcl.AsyncInterfaces: Searching in: 'C:\Program Files\dotnet\sdk\8.0.202'.
TpTrace Information: 0 : 20544, 1, 2024/04/23, 16:41:03.314, 3627737386350, vstest.console.dll, AssemblyResolver.OnResolve: Microsoft.Bcl.AsyncInterfaces: Assembly path does not exist: 'C:\Program Files\dotnet\sdk\8.0.202\Microsoft.Bcl.AsyncInterfaces.dll', returning.
TpTrace Information: 0 : 20544, 1, 2024/04/23, 16:41:03.314, 3627737388749, vstest.console.dll, AssemblyResolver.OnResolve: Microsoft.Bcl.AsyncInterfaces: Assembly path does not exist: 'C:\Program Files\dotnet\sdk\8.0.202\Microsoft.Bcl.AsyncInterfaces.exe', returning.
TpTrace Information: 0 : 20544, 1, 2024/04/23, 16:41:03.314, 3627737389914, vstest.console.dll, AssemblyResolver.OnResolve: Microsoft.Bcl.AsyncInterfaces: Failed to load assembly.
TpTrace Verbose: 0 : 20544, 1, 2024/04/23, 16:41:03.314, 3627737391157, vstest.console.dll, CurrentDomainAssemblyResolve: Resolving assembly 'Microsoft.Bcl.AsyncInterfaces'.
TpTrace Information: 0 : 20544, 1, 2024/04/23, 16:41:03.315, 3627737394301, vstest.console.dll, AssemblyResolver.OnResolve: Microsoft.Bcl.AsyncInterfaces: Resolving assembly.
TpTrace Information: 0 : 20544, 1, 2024/04/23, 16:41:03.315, 3627737396467, vstest.console.dll, AssemblyResolver.OnResolve: Microsoft.Bcl.AsyncInterfaces: Resolved from cache.
TpTrace Verbose: 0 : 20544, 1, 2024/04/23, 16:41:03.315, 3627737398114, vstest.console.dll, CurrentDomainAssemblyResolve: Resolving assembly 'Microsoft.Bcl.AsyncInterfaces'.
TpTrace Verbose: 0 : 20544, 1, 2024/04/23, 16:41:03.315, 3627737399753, vstest.console.dll, CurrentDomainAssemblyResolve: Failed to resolve assembly 'Microsoft.Bcl.AsyncInterfaces'.
TpTrace Verbose: 0 : 20544, 1, 2024/04/23, 16:41:03.317, 3627737420750, vstest.console.dll, CurrentDomainAssemblyResolve: Failed to resolve assembly 'Microsoft.Bcl.AsyncInterfaces'.
TpTrace Warning: 0 : 20544, 1, 2024/04/23, 16:41:03.343, 3627737682528, vstest.console.dll, TestPluginDiscoverer: Failed to get types from assembly 'Microsoft.Diagnostics.NETCore.Client, Version=0.2.9.2401, Culture=neutral, PublicKeyToken=31bf3856ad364e35'. Error: System.Reflection.ReflectionTypeLoadException: Unable to load one or more of the requested types.
Could not load file or assembly 'Microsoft.Bcl.AsyncInterfaces, Version=6.0.0.0, Culture=neutral, PublicKeyToken=cc7b13ffcd2ddd51'. The system cannot find the file specified.
   at System.Reflection.RuntimeModule.GetTypes(RuntimeModule module)
   at System.Reflection.RuntimeModule.GetTypes()
   at Microsoft.VisualStudio.TestPlatform.Common.ExtensionFramework.TestPluginDiscoverer.GetTestExtensionsFromAssembly[TPluginInfo,TExtension](Assembly assembly, Dictionary`2 pluginInfos, String filePath) in /_/src/Microsoft.TestPlatform.Common/ExtensionFramework/TestPluginDiscoverer.cs:line 158
System.IO.FileNotFoundException: Could not load file or assembly 'Microsoft.Bcl.AsyncInterfaces, Version=6.0.0.0, Culture=neutral, PublicKeyToken=cc7b13ffcd2ddd51'. The system cannot find the file specified.
File name: 'Microsoft.Bcl.AsyncInterfaces, Version=6.0.0.0, Culture=neutral, PublicKeyToken=cc7b13ffcd2ddd51'
 ---> System.IO.FileNotFoundException: Could not load file or assembly 'Microsoft.Bcl.AsyncInterfaces, Culture=neutral, PublicKeyToken=null'. The system cannot find the file specified.
File name: 'Microsoft.Bcl.AsyncInterfaces, Culture=neutral, PublicKeyToken=null'
   at System.Reflection.RuntimeAssembly.InternalLoad(AssemblyName assemblyName, StackCrawlMark& stackMark, AssemblyLoadContext assemblyLoadContext, RuntimeAssembly requestingAssembly, Boolean throwOnFileNotFound)
   at System.Reflection.Assembly.Load(AssemblyName assemblyRef)
   at Microsoft.VisualStudio.TestPlatform.Common.ExtensionFramework.TestPluginCache.CurrentDomainAssemblyResolve(Object sender, AssemblyResolveEventArgs args) in /_/src/Microsoft.TestPlatform.Common/ExtensionFramework/TestPluginCache.cs:line 513
   at System.Runtime.Loader.AssemblyLoadContext.GetFirstResolvedAssemblyFromResolvingEvent(AssemblyName assemblyName)
   at System.Runtime.Loader.AssemblyLoadContext.ResolveUsingEvent(AssemblyName assemblyName)
   at System.Runtime.Loader.AssemblyLoadContext.ResolveUsingResolvingEvent(IntPtr gchManagedAssemblyLoadContext, AssemblyName assemblyName)
TpTrace Warning: 0 : 20544, 1, 2024/04/23, 16:41:03.344, 3627737690863, vstest.console.dll, LoaderExceptions: System.IO.FileNotFoundException: Could not load file or assembly 'Microsoft.Bcl.AsyncInterfaces, Version=6.0.0.0, Culture=neutral, PublicKeyToken=cc7b13ffcd2ddd51'. The system cannot find the file specified.
File name: 'Microsoft.Bcl.AsyncInterfaces, Version=6.0.0.0, Culture=neutral, PublicKeyToken=cc7b13ffcd2ddd51'
 ---> System.IO.FileNotFoundException: Could not load file or assembly 'Microsoft.Bcl.AsyncInterfaces, Culture=neutral, PublicKeyToken=null'. The system cannot find the file specified.
File name: 'Microsoft.Bcl.AsyncInterfaces, Culture=neutral, PublicKeyToken=null'
   at System.Reflection.RuntimeAssembly.InternalLoad(AssemblyName assemblyName, StackCrawlMark& stackMark, AssemblyLoadContext assemblyLoadContext, RuntimeAssembly requestingAssembly, Boolean throwOnFileNotFound)
   at System.Reflection.Assembly.Load(AssemblyName assemblyRef)
   at Microsoft.VisualStudio.TestPlatform.Common.ExtensionFramework.TestPluginCache.CurrentDomainAssemblyResolve(Object sender, AssemblyResolveEventArgs args) in /_/src/Microsoft.TestPlatform.Common/ExtensionFramework/TestPluginCache.cs:line 513
   at System.Runtime.Loader.AssemblyLoadContext.GetFirstResolvedAssemblyFromResolvingEvent(AssemblyName assemblyName)
   at System.Runtime.Loader.AssemblyLoadContext.ResolveUsingEvent(AssemblyName assemblyName)
   at System.Runtime.Loader.AssemblyLoadContext.ResolveUsingResolvingEvent(IntPtr gchManagedAssemblyLoadContext, AssemblyName assemblyName)
TpTrace Information: 0 : 20544, 1, 2024/04/23, 16:41:03.345, 3627737694753, vstest.console.dll, AssemblyResolver.OnResolve: Microsoft.TestPlatform.Extensions.BlameDataCollector: Resolving assembly.
TpTrace Information: 0 : 20544, 1, 2024/04/23, 16:41:03.345, 3627737695877, vstest.console.dll, AssemblyResolver.OnResolve: Microsoft.TestPlatform.Extensions.BlameDataCollector: Searching in: 'C:\Program Files\dotnet\sdk\8.0.202\Extensions'.
TpTrace Information: 0 : 20544, 1, 2024/04/23, 16:41:03.346, 3627737704191, vstest.console.dll, AssemblyResolver.OnResolve: Microsoft.TestPlatform.Extensions.BlameDataCollector: Loading assembly 'C:\Program Files\dotnet\sdk\8.0.202\Extensions\Microsoft.TestPlatform.Extensions.BlameDataCollector.dll'.
TpTrace Information: 0 : 20544, 1, 2024/04/23, 16:41:03.348, 3627737723971, vstest.console.dll, AssemblyResolver.OnResolve: Resolved assembly: Microsoft.TestPlatform.Extensions.BlameDataCollector, from path: C:\Program Files\dotnet\sdk\8.0.202\Extensions\Microsoft.TestPlatform.Extensions.BlameDataCollector.dll
TpTrace Verbose: 0 : 20544, 1, 2024/04/23, 16:41:03.348, 3627737726361, vstest.console.dll, MetadataReaderExtensionsHelper: Discovering extensions inside assembly 'Microsoft.TestPlatform.Extensions.BlameDataCollector, Version=15.0.0.0, Culture=neutral, PublicKeyToken=b03f5f7f11d50a3a' file path 'C:\Program Files\dotnet\sdk\8.0.202\Extensions\Microsoft.TestPlatform.Extensions.BlameDataCollector.dll'
TpTrace Information: 0 : 20544, 1, 2024/04/23, 16:41:03.350, 3627737752882, vstest.console.dll, AssemblyResolver.OnResolve: Microsoft.TestPlatform.Extensions.EventLogCollector: Resolving assembly.
TpTrace Information: 0 : 20544, 1, 2024/04/23, 16:41:03.351, 3627737756038, vstest.console.dll, AssemblyResolver.OnResolve: Microsoft.TestPlatform.Extensions.EventLogCollector: Searching in: 'C:\Program Files\dotnet\sdk\8.0.202\Extensions'.
TpTrace Information: 0 : 20544, 1, 2024/04/23, 16:41:03.351, 3627737763402, vstest.console.dll, AssemblyResolver.OnResolve: Microsoft.TestPlatform.Extensions.EventLogCollector: Loading assembly 'C:\Program Files\dotnet\sdk\8.0.202\Extensions\Microsoft.TestPlatform.Extensions.EventLogCollector.dll'.
TpTrace Information: 0 : 20544, 1, 2024/04/23, 16:41:03.353, 3627737778699, vstest.console.dll, AssemblyResolver.OnResolve: Resolved assembly: Microsoft.TestPlatform.Extensions.EventLogCollector, from path: C:\Program Files\dotnet\sdk\8.0.202\Extensions\Microsoft.TestPlatform.Extensions.EventLogCollector.dll
TpTrace Verbose: 0 : 20544, 1, 2024/04/23, 16:41:03.353, 3627737780815, vstest.console.dll, MetadataReaderExtensionsHelper: Discovering extensions inside assembly 'Microsoft.TestPlatform.Extensions.EventLogCollector, Version=15.0.0.0, Culture=neutral, PublicKeyToken=b03f5f7f11d50a3a' file path 'C:\Program Files\dotnet\sdk\8.0.202\Extensions\Microsoft.TestPlatform.Extensions.EventLogCollector.dll'
TpTrace Information: 0 : 20544, 1, 2024/04/23, 16:41:03.359, 3627737834640, vstest.console.dll, AssemblyResolver.OnResolve: Microsoft.TestPlatform.TestHostRuntimeProvider: Resolving assembly.
TpTrace Information: 0 : 20544, 1, 2024/04/23, 16:41:03.359, 3627737836535, vstest.console.dll, AssemblyResolver.OnResolve: Microsoft.TestPlatform.TestHostRuntimeProvider: Searching in: 'C:\Program Files\dotnet\sdk\8.0.202\Extensions'.
TpTrace Information: 0 : 20544, 1, 2024/04/23, 16:41:03.359, 3627737843365, vstest.console.dll, AssemblyResolver.OnResolve: Microsoft.TestPlatform.TestHostRuntimeProvider: Loading assembly 'C:\Program Files\dotnet\sdk\8.0.202\Extensions\Microsoft.TestPlatform.TestHostRuntimeProvider.dll'.
TpTrace Information: 0 : 20544, 1, 2024/04/23, 16:41:03.361, 3627737855566, vstest.console.dll, AssemblyResolver.OnResolve: Resolved assembly: Microsoft.TestPlatform.TestHostRuntimeProvider, from path: C:\Program Files\dotnet\sdk\8.0.202\Extensions\Microsoft.TestPlatform.TestHostRuntimeProvider.dll
TpTrace Verbose: 0 : 20544, 1, 2024/04/23, 16:41:03.361, 3627737857306, vstest.console.dll, MetadataReaderExtensionsHelper: Discovering extensions inside assembly 'Microsoft.TestPlatform.TestHostRuntimeProvider, Version=15.0.0.0, Culture=neutral, PublicKeyToken=b03f5f7f11d50a3a' file path 'C:\Program Files\dotnet\sdk\8.0.202\Extensions\Microsoft.TestPlatform.TestHostRuntimeProvider.dll'
TpTrace Information: 0 : 20544, 1, 2024/04/23, 16:41:03.364, 3627737887600, vstest.console.dll, GetTestExtensionFromType: Register extension with identifier data 'HostProvider://DefaultTestHost' and type 'Microsoft.VisualStudio.TestPlatform.CrossPlatEngine.Hosting.DefaultTestHostManager, Microsoft.TestPlatform.TestHostRuntimeProvider, Version=15.0.0.0, Culture=neutral, PublicKeyToken=b03f5f7f11d50a3a' inside file 'C:\Program Files\dotnet\sdk\8.0.202\Extensions\Microsoft.TestPlatform.TestHostRuntimeProvider.dll'
TpTrace Information: 0 : 20544, 1, 2024/04/23, 16:41:03.364, 3627737893317, vstest.console.dll, GetTestExtensionFromType: Register extension with identifier data 'HostProvider://DotnetTestHost' and type 'Microsoft.VisualStudio.TestPlatform.CrossPlatEngine.Hosting.DotnetTestHostManager, Microsoft.TestPlatform.TestHostRuntimeProvider, Version=15.0.0.0, Culture=neutral, PublicKeyToken=b03f5f7f11d50a3a' inside file 'C:\Program Files\dotnet\sdk\8.0.202\Extensions\Microsoft.TestPlatform.TestHostRuntimeProvider.dll'
TpTrace Information: 0 : 20544, 1, 2024/04/23, 16:41:03.365, 3627737895248, vstest.console.dll, AssemblyResolver.OnResolve: Microsoft.VisualStudio.TestPlatform.Extensions.Html.TestLogger: Resolving assembly.
TpTrace Information: 0 : 20544, 1, 2024/04/23, 16:41:03.365, 3627737896128, vstest.console.dll, AssemblyResolver.OnResolve: Microsoft.VisualStudio.TestPlatform.Extensions.Html.TestLogger: Searching in: 'C:\Program Files\dotnet\sdk\8.0.202\Extensions'.
TpTrace Information: 0 : 20544, 1, 2024/04/23, 16:41:03.365, 3627737902860, vstest.console.dll, AssemblyResolver.OnResolve: Microsoft.VisualStudio.TestPlatform.Extensions.Html.TestLogger: Loading assembly 'C:\Program Files\dotnet\sdk\8.0.202\Extensions\Microsoft.VisualStudio.TestPlatform.Extensions.Html.TestLogger.dll'.
TpTrace Information: 0 : 20544, 1, 2024/04/23, 16:41:03.367, 3627737917996, vstest.console.dll, AssemblyResolver.OnResolve: Resolved assembly: Microsoft.VisualStudio.TestPlatform.Extensions.Html.TestLogger, from path: C:\Program Files\dotnet\sdk\8.0.202\Extensions\Microsoft.VisualStudio.TestPlatform.Extensions.Html.TestLogger.dll
TpTrace Verbose: 0 : 20544, 1, 2024/04/23, 16:41:03.367, 3627737922637, vstest.console.dll, MetadataReaderExtensionsHelper: Discovering extensions inside assembly 'Microsoft.VisualStudio.TestPlatform.Extensions.Html.TestLogger, Version=15.0.0.0, Culture=neutral, PublicKeyToken=b03f5f7f11d50a3a' file path 'C:\Program Files\dotnet\sdk\8.0.202\Extensions\Microsoft.VisualStudio.TestPlatform.Extensions.Html.TestLogger.dll'
TpTrace Information: 0 : 20544, 1, 2024/04/23, 16:41:03.369, 3627737943373, vstest.console.dll, AssemblyResolver.OnResolve: Microsoft.VisualStudio.TestPlatform.Extensions.Trx.TestLogger: Resolving assembly.
TpTrace Information: 0 : 20544, 1, 2024/04/23, 16:41:03.370, 3627737945079, vstest.console.dll, AssemblyResolver.OnResolve: Microsoft.VisualStudio.TestPlatform.Extensions.Trx.TestLogger: Searching in: 'C:\Program Files\dotnet\sdk\8.0.202\Extensions'.
TpTrace Information: 0 : 20544, 1, 2024/04/23, 16:41:03.370, 3627737951829, vstest.console.dll, AssemblyResolver.OnResolve: Microsoft.VisualStudio.TestPlatform.Extensions.Trx.TestLogger: Loading assembly 'C:\Program Files\dotnet\sdk\8.0.202\Extensions\Microsoft.VisualStudio.TestPlatform.Extensions.Trx.TestLogger.dll'.
TpTrace Information: 0 : 20544, 1, 2024/04/23, 16:41:03.372, 3627737969314, vstest.console.dll, AssemblyResolver.OnResolve: Resolved assembly: Microsoft.VisualStudio.TestPlatform.Extensions.Trx.TestLogger, from path: C:\Program Files\dotnet\sdk\8.0.202\Extensions\Microsoft.VisualStudio.TestPlatform.Extensions.Trx.TestLogger.dll
TpTrace Verbose: 0 : 20544, 1, 2024/04/23, 16:41:03.372, 3627737972872, vstest.console.dll, MetadataReaderExtensionsHelper: Discovering extensions inside assembly 'Microsoft.VisualStudio.TestPlatform.Extensions.Trx.TestLogger, Version=15.0.0.0, Culture=neutral, PublicKeyToken=b03f5f7f11d50a3a' file path 'C:\Program Files\dotnet\sdk\8.0.202\Extensions\Microsoft.VisualStudio.TestPlatform.Extensions.Trx.TestLogger.dll'
TpTrace Verbose: 0 : 20544, 1, 2024/04/23, 16:41:03.375, 3627738003496, vstest.console.dll, TestPluginCache: Discovered the extensions using extension path ''.
TpTrace Verbose: 0 : 20544, 1, 2024/04/23, 16:41:03.376, 3627738006019, vstest.console.dll, TestPluginCache: Discoverers are ''.
TpTrace Verbose: 0 : 20544, 1, 2024/04/23, 16:41:03.376, 3627738006867, vstest.console.dll, TestPluginCache: Executors are ''.
TpTrace Verbose: 0 : 20544, 1, 2024/04/23, 16:41:03.376, 3627738007826, vstest.console.dll, TestPluginCache: Executors2 are ''.
TpTrace Verbose: 0 : 20544, 1, 2024/04/23, 16:41:03.376, 3627738008522, vstest.console.dll, TestPluginCache: Setting providers are ''.
TpTrace Verbose: 0 : 20544, 1, 2024/04/23, 16:41:03.376, 3627738009211, vstest.console.dll, TestPluginCache: Loggers are ''.
TpTrace Verbose: 0 : 20544, 1, 2024/04/23, 16:41:03.376, 3627738011103, vstest.console.dll, TestPluginCache: TestHosts are 'HostProvider://DefaultTestHost,HostProvider://DotnetTestHost'.
TpTrace Verbose: 0 : 20544, 1, 2024/04/23, 16:41:03.376, 3627738011985, vstest.console.dll, TestPluginCache: DataCollectors are ''.
TpTrace Information: 0 : 20544, 1, 2024/04/23, 16:41:03.406, 3627738309176, vstest.console.dll, RunTestsArgumentProcessor:Execute: Test run is starting.
TpTrace Verbose: 0 : 20544, 1, 2024/04/23, 16:41:03.406, 3627738311668, vstest.console.dll, RunTestsArgumentProcessor:Execute: Queuing Test run.
TpTrace Information: 0 : 20544, 1, 2024/04/23, 16:41:03.407, 3627738316732, vstest.console.dll, TestRequestManager.RunTests: run tests started.
TpTrace Information: 0 : 20544, 1, 2024/04/23, 16:41:03.409, 3627738341297, vstest.console.dll, AssemblyMetadataProvider.GetFrameworkName: Determined framework:'.NETCoreApp,Version=v6.0' for source: 'C:\Users\VC\Desktop\PRESIDIO - DAILY WORK PROGRESS\DAY 7 - 17.04.2024\DAY 7 - 17.04.2024\ClinicTrackerSolution\ClinicTrackerBLTest\bin\Debug\net6.0\fine-code-coverage\build-output\ClinicTrackerBLTest.dll'
TpTrace Information: 0 : 20544, 1, 2024/04/23, 16:41:03.409, 3627738343700, vstest.console.dll, Determined framework for all sources: .NETCoreApp,Version=v6.0
TpTrace Verbose: 0 : 20544, 1, 2024/04/23, 16:41:03.410, 3627738349218, vstest.console.dll, TestRequestManager.UpdateRunSettingsIfRequired: Default architecture: X64 IsDefaultTargetArchitecture: True, Current process architecture: X64 OperatingSystem: Windows.
TpTrace Information: 0 : 20544, 1, 2024/04/23, 16:41:03.413, 3627738378326, vstest.console.dll, AssemblyMetadataProvider.GetArchitecture: Determined architecture:AnyCPU info for assembly: C:\Users\VC\Desktop\PRESIDIO - DAILY WORK PROGRESS\DAY 7 - 17.04.2024\DAY 7 - 17.04.2024\ClinicTrackerSolution\ClinicTrackerBLTest\bin\Debug\net6.0\fine-code-coverage\build-output\ClinicTrackerBLTest.dll
TpTrace Information: 0 : 20544, 1, 2024/04/23, 16:41:03.413, 3627738379727, vstest.console.dll, Determined platform for source 'C:\Users\VC\Desktop\PRESIDIO - DAILY WORK PROGRESS\DAY 7 - 17.04.2024\DAY 7 - 17.04.2024\ClinicTrackerSolution\ClinicTrackerBLTest\bin\Debug\net6.0\fine-code-coverage\build-output\ClinicTrackerBLTest.dll' was AnyCPU and it will use the default plaform X64.
TpTrace Information: 0 : 20544, 1, 2024/04/23, 16:41:03.413, 3627738380270, vstest.console.dll, None of the sources provided any runnable platform, using the default platform: X64
TpTrace Information: 0 : 20544, 1, 2024/04/23, 16:41:03.413, 3627738382214, vstest.console.dll, Platform was updated to 'X64'.
TpTrace Information: 0 : 20544, 1, 2024/04/23, 16:41:03.420, 3627738445410, vstest.console.dll, InferRunSettingsHelper.IsTestSettingsEnabled: Unable to navigate to RunSettings/MSTest. Current node: RunSettings
TpTrace Information: 0 : 20544, 1, 2024/04/23, 16:41:03.421, 3627738459381, vstest.console.dll, AssemblyResolver.OnResolve: Microsoft.VisualStudio.TestPlatform.Fakes: Resolving assembly.
TpTrace Information: 0 : 20544, 1, 2024/04/23, 16:41:03.421, 3627738460363, vstest.console.dll, AssemblyResolver.OnResolve: Microsoft.VisualStudio.TestPlatform.Fakes: Searching in: 'C:\Program Files\dotnet\sdk\8.0.202\Extensions'.
TpTrace Information: 0 : 20544, 1, 2024/04/23, 16:41:03.421, 3627738461377, vstest.console.dll, AssemblyResolver.OnResolve: Microsoft.VisualStudio.TestPlatform.Fakes: Assembly path does not exist: 'C:\Program Files\dotnet\sdk\8.0.202\Extensions\Microsoft.VisualStudio.TestPlatform.Fakes.dll', returning.
TpTrace Information: 0 : 20544, 1, 2024/04/23, 16:41:03.421, 3627738462191, vstest.console.dll, AssemblyResolver.OnResolve: Microsoft.VisualStudio.TestPlatform.Fakes: Assembly path does not exist: 'C:\Program Files\dotnet\sdk\8.0.202\Extensions\Microsoft.VisualStudio.TestPlatform.Fakes.exe', returning.
TpTrace Information: 0 : 20544, 1, 2024/04/23, 16:41:03.421, 3627738463420, vstest.console.dll, AssemblyResolver.OnResolve: Microsoft.VisualStudio.TestPlatform.Fakes: Searching in: 'C:\Program Files\dotnet\sdk\8.0.202'.
TpTrace Information: 0 : 20544, 1, 2024/04/23, 16:41:03.422, 3627738464080, vstest.console.dll, AssemblyResolver.OnResolve: Microsoft.VisualStudio.TestPlatform.Fakes: Assembly path does not exist: 'C:\Program Files\dotnet\sdk\8.0.202\Microsoft.VisualStudio.TestPlatform.Fakes.dll', returning.
TpTrace Information: 0 : 20544, 1, 2024/04/23, 16:41:03.422, 3627738464661, vstest.console.dll, AssemblyResolver.OnResolve: Microsoft.VisualStudio.TestPlatform.Fakes: Assembly path does not exist: 'C:\Program Files\dotnet\sdk\8.0.202\Microsoft.VisualStudio.TestPlatform.Fakes.exe', returning.
TpTrace Information: 0 : 20544, 1, 2024/04/23, 16:41:03.422, 3627738465164, vstest.console.dll, AssemblyResolver.OnResolve: Microsoft.VisualStudio.TestPlatform.Fakes: Failed to load assembly.
TpTrace Information: 0 : 20544, 1, 2024/04/23, 16:41:03.422, 3627738468249, vstest.console.dll, Failed to load assembly Microsoft.VisualStudio.TestPlatform.Fakes, Version=17.0.0.0, Culture=neutral. Reason:System.IO.FileNotFoundException: Could not load file or assembly 'Microsoft.VisualStudio.TestPlatform.Fakes, Version=17.0.0.0, Culture=neutral, PublicKeyToken=null'. The system cannot find the file specified.
File name: 'Microsoft.VisualStudio.TestPlatform.Fakes, Version=17.0.0.0, Culture=neutral, PublicKeyToken=null'
   at System.Reflection.RuntimeAssembly.InternalLoad(AssemblyName assemblyName, StackCrawlMark& stackMark, AssemblyLoadContext assemblyLoadContext, RuntimeAssembly requestingAssembly, Boolean throwOnFileNotFound)
   at System.Reflection.Assembly.Load(AssemblyName assemblyRef)
   at Microsoft.VisualStudio.TestPlatform.Common.Utilities.FakesUtilities.LoadTestPlatformAssembly() in /_/src/Microsoft.TestPlatform.Common/Utilities/FakesUtilities.cs:line 272
TpTrace Verbose: 0 : 20544, 1, 2024/04/23, 16:41:03.426, 3627738510385, vstest.console.dll, TestPluginCache.DiscoverTestExtensions: finding test extensions in assemblies ends with: TestLogger.dll TPluginInfo: Microsoft.VisualStudio.TestPlatform.Common.ExtensionFramework.Utilities.TestLoggerPluginInformation TExtension: Microsoft.VisualStudio.TestPlatform.ObjectModel.Client.ITestLogger
TpTrace Verbose: 0 : 20544, 1, 2024/04/23, 16:41:03.426, 3627738511619, vstest.console.dll, TestPluginCache.GetExtensionPaths: Filtered extension paths: 
TpTrace Verbose: 0 : 20544, 1, 2024/04/23, 16:41:03.426, 3627738511992, vstest.console.dll, TestPluginCache.GetExtensionPaths: Added default extension paths: C:\Program Files\dotnet\sdk\8.0.202\Extensions\Microsoft.Diagnostics.NETCore.Client.dll
C:\Program Files\dotnet\sdk\8.0.202\Extensions\Microsoft.TestPlatform.Extensions.BlameDataCollector.dll
C:\Program Files\dotnet\sdk\8.0.202\Extensions\Microsoft.TestPlatform.Extensions.EventLogCollector.dll
C:\Program Files\dotnet\sdk\8.0.202\Extensions\Microsoft.TestPlatform.TestHostRuntimeProvider.dll
C:\Program Files\dotnet\sdk\8.0.202\Extensions\Microsoft.VisualStudio.TestPlatform.Extensions.Html.TestLogger.dll
C:\Program Files\dotnet\sdk\8.0.202\Extensions\Microsoft.VisualStudio.TestPlatform.Extensions.Trx.TestLogger.dll
TpTrace Verbose: 0 : 20544, 1, 2024/04/23, 16:41:03.426, 3627738512301, vstest.console.dll, TestPluginCache.GetExtensionPaths: Added unfilterableExtensionPaths: 
TpTrace Information: 0 : 20544, 1, 2024/04/23, 16:41:03.426, 3627738513680, vstest.console.dll, AssemblyResolver.AddSearchDirectories: Adding more searchDirectories C:\Program Files\dotnet\sdk\8.0.202\Extensions,C:\Program Files\dotnet\sdk\8.0.202
TpTrace Verbose: 0 : 20544, 1, 2024/04/23, 16:41:03.427, 3627738514149, vstest.console.dll, TestPluginCache.DiscoverTestExtensions: Discovering the extensions using extension path.
TpTrace Verbose: 0 : 20544, 1, 2024/04/23, 16:41:03.427, 3627738514492, vstest.console.dll, TestPluginCache.GetExtensionPaths: Filtered extension paths: 
TpTrace Verbose: 0 : 20544, 1, 2024/04/23, 16:41:03.427, 3627738514910, vstest.console.dll, TestPluginCache.GetExtensionPaths: Added default extension paths: C:\Program Files\dotnet\sdk\8.0.202\Extensions\Microsoft.Diagnostics.NETCore.Client.dll
C:\Program Files\dotnet\sdk\8.0.202\Extensions\Microsoft.TestPlatform.Extensions.BlameDataCollector.dll
C:\Program Files\dotnet\sdk\8.0.202\Extensions\Microsoft.TestPlatform.Extensions.EventLogCollector.dll
C:\Program Files\dotnet\sdk\8.0.202\Extensions\Microsoft.TestPlatform.TestHostRuntimeProvider.dll
C:\Program Files\dotnet\sdk\8.0.202\Extensions\Microsoft.VisualStudio.TestPlatform.Extensions.Html.TestLogger.dll
C:\Program Files\dotnet\sdk\8.0.202\Extensions\Microsoft.VisualStudio.TestPlatform.Extensions.Trx.TestLogger.dll
TpTrace Verbose: 0 : 20544, 1, 2024/04/23, 16:41:03.427, 3627738515316, vstest.console.dll, TestPluginCache.GetExtensionPaths: Added unfilterableExtensionPaths: 
TpTrace Verbose: 0 : 20544, 1, 2024/04/23, 16:41:03.427, 3627738516482, vstest.console.dll, TestPluginCache.DiscoverTestExtensions: Discovering the extensions using allExtensionPaths: C:\Program Files\dotnet\sdk\8.0.202\Extensions\Microsoft.Diagnostics.NETCore.Client.dll
C:\Program Files\dotnet\sdk\8.0.202\Extensions\Microsoft.TestPlatform.Extensions.BlameDataCollector.dll
C:\Program Files\dotnet\sdk\8.0.202\Extensions\Microsoft.TestPlatform.Extensions.EventLogCollector.dll
C:\Program Files\dotnet\sdk\8.0.202\Extensions\Microsoft.TestPlatform.TestHostRuntimeProvider.dll
C:\Program Files\dotnet\sdk\8.0.202\Extensions\Microsoft.VisualStudio.TestPlatform.Extensions.Html.TestLogger.dll
C:\Program Files\dotnet\sdk\8.0.202\Extensions\Microsoft.VisualStudio.TestPlatform.Extensions.Trx.TestLogger.dll
TpTrace Information: 0 : 20544, 1, 2024/04/23, 16:41:03.427, 3627738517224, vstest.console.dll, AssemblyResolver.AddSearchDirectories: Adding more searchDirectories C:\Program Files\dotnet\sdk\8.0.202\Extensions,C:\Program Files\dotnet\sdk\8.0.202
TpTrace Information: 0 : 20544, 1, 2024/04/23, 16:41:03.427, 3627738517772, vstest.console.dll, AssemblyResolver.AddSearchDirectories: Adding more searchDirectories C:\Program Files\dotnet\sdk\8.0.202\Extensions,C:\Program Files\dotnet\sdk\8.0.202
TpTrace Information: 0 : 20544, 1, 2024/04/23, 16:41:03.427, 3627738518225, vstest.console.dll, AssemblyResolver.AddSearchDirectories: Adding more searchDirectories C:\Program Files\dotnet\sdk\8.0.202\Extensions,C:\Program Files\dotnet\sdk\8.0.202
TpTrace Information: 0 : 20544, 1, 2024/04/23, 16:41:03.427, 3627738518627, vstest.console.dll, AssemblyResolver.AddSearchDirectories: Adding more searchDirectories C:\Program Files\dotnet\sdk\8.0.202\Extensions,C:\Program Files\dotnet\sdk\8.0.202
TpTrace Information: 0 : 20544, 1, 2024/04/23, 16:41:03.427, 3627738519040, vstest.console.dll, AssemblyResolver.AddSearchDirectories: Adding more searchDirectories C:\Program Files\dotnet\sdk\8.0.202\Extensions,C:\Program Files\dotnet\sdk\8.0.202
TpTrace Information: 0 : 20544, 1, 2024/04/23, 16:41:03.427, 3627738519403, vstest.console.dll, AssemblyResolver.AddSearchDirectories: Adding more searchDirectories C:\Program Files\dotnet\sdk\8.0.202\Extensions,C:\Program Files\dotnet\sdk\8.0.202
TpTrace Verbose: 0 : 20544, 1, 2024/04/23, 16:41:03.427, 3627738520493, vstest.console.dll, MetadataReaderExtensionsHelper: Discovering extensions inside assembly 'Microsoft.Diagnostics.NETCore.Client, Version=0.2.9.2401, Culture=neutral, PublicKeyToken=31bf3856ad364e35' file path 'C:\Program Files\dotnet\sdk\8.0.202\Extensions\Microsoft.Diagnostics.NETCore.Client.dll'
TpTrace Information: 0 : 20544, 1, 2024/04/23, 16:41:03.428, 3627738527904, vstest.console.dll, AssemblyResolver.OnResolve: Microsoft.Bcl.AsyncInterfaces: Resolving assembly.
TpTrace Information: 0 : 20544, 1, 2024/04/23, 16:41:03.428, 3627738528646, vstest.console.dll, AssemblyResolver.OnResolve: Microsoft.Bcl.AsyncInterfaces: Resolved from cache.
TpTrace Verbose: 0 : 20544, 1, 2024/04/23, 16:41:03.428, 3627738528962, vstest.console.dll, CurrentDomainAssemblyResolve: Resolving assembly 'Microsoft.Bcl.AsyncInterfaces'.
TpTrace Information: 0 : 20544, 1, 2024/04/23, 16:41:03.428, 3627738529494, vstest.console.dll, AssemblyResolver.OnResolve: Microsoft.Bcl.AsyncInterfaces: Resolving assembly.
TpTrace Information: 0 : 20544, 1, 2024/04/23, 16:41:03.428, 3627738529784, vstest.console.dll, AssemblyResolver.OnResolve: Microsoft.Bcl.AsyncInterfaces: Resolved from cache.
TpTrace Verbose: 0 : 20544, 1, 2024/04/23, 16:41:03.428, 3627738530059, vstest.console.dll, CurrentDomainAssemblyResolve: Resolving assembly 'Microsoft.Bcl.AsyncInterfaces'.
TpTrace Verbose: 0 : 20544, 1, 2024/04/23, 16:41:03.428, 3627738530328, vstest.console.dll, CurrentDomainAssemblyResolve: Failed to resolve assembly 'Microsoft.Bcl.AsyncInterfaces'.
TpTrace Verbose: 0 : 20544, 1, 2024/04/23, 16:41:03.428, 3627738531741, vstest.console.dll, CurrentDomainAssemblyResolve: Failed to resolve assembly 'Microsoft.Bcl.AsyncInterfaces'.
TpTrace Warning: 0 : 20544, 1, 2024/04/23, 16:41:03.429, 3627738534996, vstest.console.dll, TestPluginDiscoverer: Failed to get types from assembly 'Microsoft.Diagnostics.NETCore.Client, Version=0.2.9.2401, Culture=neutral, PublicKeyToken=31bf3856ad364e35'. Error: System.Reflection.ReflectionTypeLoadException: Unable to load one or more of the requested types.
Could not load file or assembly 'Microsoft.Bcl.AsyncInterfaces, Version=6.0.0.0, Culture=neutral, PublicKeyToken=cc7b13ffcd2ddd51'. The system cannot find the file specified.
   at System.Reflection.RuntimeModule.GetTypes(RuntimeModule module)
   at System.Reflection.RuntimeModule.GetTypes()
   at Microsoft.VisualStudio.TestPlatform.Common.ExtensionFramework.TestPluginDiscoverer.GetTestExtensionsFromAssembly[TPluginInfo,TExtension](Assembly assembly, Dictionary`2 pluginInfos, String filePath) in /_/src/Microsoft.TestPlatform.Common/ExtensionFramework/TestPluginDiscoverer.cs:line 158
System.IO.FileNotFoundException: Could not load file or assembly 'Microsoft.Bcl.AsyncInterfaces, Version=6.0.0.0, Culture=neutral, PublicKeyToken=cc7b13ffcd2ddd51'. The system cannot find the file specified.
File name: 'Microsoft.Bcl.AsyncInterfaces, Version=6.0.0.0, Culture=neutral, PublicKeyToken=cc7b13ffcd2ddd51'
 ---> System.IO.FileNotFoundException: Could not load file or assembly 'Microsoft.Bcl.AsyncInterfaces, Culture=neutral, PublicKeyToken=null'. The system cannot find the file specified.
File name: 'Microsoft.Bcl.AsyncInterfaces, Culture=neutral, PublicKeyToken=null'
   at System.Reflection.RuntimeAssembly.InternalLoad(AssemblyName assemblyName, StackCrawlMark& stackMark, AssemblyLoadContext assemblyLoadContext, RuntimeAssembly requestingAssembly, Boolean throwOnFileNotFound)
   at System.Reflection.Assembly.Load(AssemblyName assemblyRef)
   at Microsoft.VisualStudio.TestPlatform.Common.ExtensionFramework.TestPluginCache.CurrentDomainAssemblyResolve(Object sender, AssemblyResolveEventArgs args) in /_/src/Microsoft.TestPlatform.Common/ExtensionFramework/TestPluginCache.cs:line 513
   at System.Runtime.Loader.AssemblyLoadContext.GetFirstResolvedAssemblyFromResolvingEvent(AssemblyName assemblyName)
   at System.Runtime.Loader.AssemblyLoadContext.ResolveUsingEvent(AssemblyName assemblyName)
   at System.Runtime.Loader.AssemblyLoadContext.ResolveUsingResolvingEvent(IntPtr gchManagedAssemblyLoadContext, AssemblyName assemblyName)
TpTrace Warning: 0 : 20544, 1, 2024/04/23, 16:41:03.429, 3627738536685, vstest.console.dll, LoaderExceptions: System.IO.FileNotFoundException: Could not load file or assembly 'Microsoft.Bcl.AsyncInterfaces, Version=6.0.0.0, Culture=neutral, PublicKeyToken=cc7b13ffcd2ddd51'. The system cannot find the file specified.
File name: 'Microsoft.Bcl.AsyncInterfaces, Version=6.0.0.0, Culture=neutral, PublicKeyToken=cc7b13ffcd2ddd51'
 ---> System.IO.FileNotFoundException: Could not load file or assembly 'Microsoft.Bcl.AsyncInterfaces, Culture=neutral, PublicKeyToken=null'. The system cannot find the file specified.
File name: 'Microsoft.Bcl.AsyncInterfaces, Culture=neutral, PublicKeyToken=null'
   at System.Reflection.RuntimeAssembly.InternalLoad(AssemblyName assemblyName, StackCrawlMark& stackMark, AssemblyLoadContext assemblyLoadContext, RuntimeAssembly requestingAssembly, Boolean throwOnFileNotFound)
   at System.Reflection.Assembly.Load(AssemblyName assemblyRef)
   at Microsoft.VisualStudio.TestPlatform.Common.ExtensionFramework.TestPluginCache.CurrentDomainAssemblyResolve(Object sender, AssemblyResolveEventArgs args) in /_/src/Microsoft.TestPlatform.Common/ExtensionFramework/TestPluginCache.cs:line 513
   at System.Runtime.Loader.AssemblyLoadContext.GetFirstResolvedAssemblyFromResolvingEvent(AssemblyName assemblyName)
   at System.Runtime.Loader.AssemblyLoadContext.ResolveUsingEvent(AssemblyName assemblyName)
   at System.Runtime.Loader.AssemblyLoadContext.ResolveUsingResolvingEvent(IntPtr gchManagedAssemblyLoadContext, AssemblyName assemblyName)
TpTrace Verbose: 0 : 20544, 1, 2024/04/23, 16:41:03.429, 3627738537661, vstest.console.dll, MetadataReaderExtensionsHelper: Discovering extensions inside assembly 'Microsoft.TestPlatform.Extensions.BlameDataCollector, Version=15.0.0.0, Culture=neutral, PublicKeyToken=b03f5f7f11d50a3a' file path 'C:\Program Files\dotnet\sdk\8.0.202\Extensions\Microsoft.TestPlatform.Extensions.BlameDataCollector.dll'
TpTrace Information: 0 : 20544, 1, 2024/04/23, 16:41:03.429, 3627738541994, vstest.console.dll, GetTestExtensionFromType: Register extension with identifier data 'logger://Microsoft/TestPlatform/Extensions/Blame/v1' and type 'Microsoft.TestPlatform.Extensions.BlameDataCollector.BlameLogger, Microsoft.TestPlatform.Extensions.BlameDataCollector, Version=15.0.0.0, Culture=neutral, PublicKeyToken=b03f5f7f11d50a3a' inside file 'C:\Program Files\dotnet\sdk\8.0.202\Extensions\Microsoft.TestPlatform.Extensions.BlameDataCollector.dll'
TpTrace Verbose: 0 : 20544, 1, 2024/04/23, 16:41:03.430, 3627738544063, vstest.console.dll, MetadataReaderExtensionsHelper: Discovering extensions inside assembly 'Microsoft.TestPlatform.Extensions.EventLogCollector, Version=15.0.0.0, Culture=neutral, PublicKeyToken=b03f5f7f11d50a3a' file path 'C:\Program Files\dotnet\sdk\8.0.202\Extensions\Microsoft.TestPlatform.Extensions.EventLogCollector.dll'
TpTrace Verbose: 0 : 20544, 1, 2024/04/23, 16:41:03.430, 3627738549495, vstest.console.dll, MetadataReaderExtensionsHelper: Discovering extensions inside assembly 'Microsoft.TestPlatform.TestHostRuntimeProvider, Version=15.0.0.0, Culture=neutral, PublicKeyToken=b03f5f7f11d50a3a' file path 'C:\Program Files\dotnet\sdk\8.0.202\Extensions\Microsoft.TestPlatform.TestHostRuntimeProvider.dll'
TpTrace Verbose: 0 : 20544, 1, 2024/04/23, 16:41:03.430, 3627738553731, vstest.console.dll, MetadataReaderExtensionsHelper: Discovering extensions inside assembly 'Microsoft.VisualStudio.TestPlatform.Extensions.Html.TestLogger, Version=15.0.0.0, Culture=neutral, PublicKeyToken=b03f5f7f11d50a3a' file path 'C:\Program Files\dotnet\sdk\8.0.202\Extensions\Microsoft.VisualStudio.TestPlatform.Extensions.Html.TestLogger.dll'
TpTrace Information: 0 : 20544, 1, 2024/04/23, 16:41:03.431, 3627738561493, vstest.console.dll, GetTestExtensionFromType: Register extension with identifier data 'logger://Microsoft/TestPlatform/HtmlLogger/v1' and type 'Microsoft.VisualStudio.TestPlatform.Extensions.HtmlLogger.HtmlLogger, Microsoft.VisualStudio.TestPlatform.Extensions.Html.TestLogger, Version=15.0.0.0, Culture=neutral, PublicKeyToken=b03f5f7f11d50a3a' inside file 'C:\Program Files\dotnet\sdk\8.0.202\Extensions\Microsoft.VisualStudio.TestPlatform.Extensions.Html.TestLogger.dll'
TpTrace Verbose: 0 : 20544, 1, 2024/04/23, 16:41:03.431, 3627738562535, vstest.console.dll, MetadataReaderExtensionsHelper: Discovering extensions inside assembly 'Microsoft.VisualStudio.TestPlatform.Extensions.Trx.TestLogger, Version=15.0.0.0, Culture=neutral, PublicKeyToken=b03f5f7f11d50a3a' file path 'C:\Program Files\dotnet\sdk\8.0.202\Extensions\Microsoft.VisualStudio.TestPlatform.Extensions.Trx.TestLogger.dll'
TpTrace Information: 0 : 20544, 1, 2024/04/23, 16:41:03.432, 3627738566589, vstest.console.dll, GetTestExtensionFromType: Register extension with identifier data 'logger://Microsoft/TestPlatform/TrxLogger/v1' and type 'Microsoft.VisualStudio.TestPlatform.Extensions.TrxLogger.TrxLogger, Microsoft.VisualStudio.TestPlatform.Extensions.Trx.TestLogger, Version=15.0.0.0, Culture=neutral, PublicKeyToken=b03f5f7f11d50a3a' inside file 'C:\Program Files\dotnet\sdk\8.0.202\Extensions\Microsoft.VisualStudio.TestPlatform.Extensions.Trx.TestLogger.dll'
TpTrace Verbose: 0 : 20544, 1, 2024/04/23, 16:41:03.432, 3627738567380, vstest.console.dll, TestPluginCache: Discovered the extensions using extension path ''.
TpTrace Verbose: 0 : 20544, 1, 2024/04/23, 16:41:03.432, 3627738567780, vstest.console.dll, TestPluginCache: Discoverers are ''.
TpTrace Verbose: 0 : 20544, 1, 2024/04/23, 16:41:03.432, 3627738568078, vstest.console.dll, TestPluginCache: Executors are ''.
TpTrace Verbose: 0 : 20544, 1, 2024/04/23, 16:41:03.432, 3627738568484, vstest.console.dll, TestPluginCache: Executors2 are ''.
TpTrace Verbose: 0 : 20544, 1, 2024/04/23, 16:41:03.432, 3627738568799, vstest.console.dll, TestPluginCache: Setting providers are ''.
TpTrace Verbose: 0 : 20544, 1, 2024/04/23, 16:41:03.432, 3627738569517, vstest.console.dll, TestPluginCache: Loggers are 'logger://Microsoft/TestPlatform/Extensions/Blame/v1,logger://Microsoft/TestPlatform/HtmlLogger/v1,logger://Microsoft/TestPlatform/TrxLogger/v1'.
TpTrace Verbose: 0 : 20544, 1, 2024/04/23, 16:41:03.432, 3627738569886, vstest.console.dll, TestPluginCache: TestHosts are 'HostProvider://DefaultTestHost,HostProvider://DotnetTestHost'.
TpTrace Verbose: 0 : 20544, 1, 2024/04/23, 16:41:03.432, 3627738570230, vstest.console.dll, TestPluginCache: DataCollectors are ''.
TpTrace Information: 0 : 20544, 1, 2024/04/23, 16:41:03.433, 3627738581442, vstest.console.dll, TestPluginManager.CreateTestExtension: Attempting to load test extension: Microsoft.TestPlatform.Extensions.BlameDataCollector.BlameLogger
TpTrace Verbose: 0 : 20544, 1, 2024/04/23, 16:41:03.441, 3627738658305, vstest.console.dll, TestEngine: Initializing Parallel Execution as MaxCpuCount is set to: 1
TpTrace Information: 0 : 20544, 1, 2024/04/23, 16:41:03.442, 3627738673500, vstest.console.dll, TestPluginManager.CreateTestExtension: Attempting to load test extension: Microsoft.VisualStudio.TestPlatform.CrossPlatEngine.Hosting.DefaultTestHostManager
TpTrace Information: 0 : 20544, 1, 2024/04/23, 16:41:03.444, 3627738690014, vstest.console.dll, TestPluginManager.CreateTestExtension: Attempting to load test extension: Microsoft.VisualStudio.TestPlatform.CrossPlatEngine.Hosting.DotnetTestHostManager
TpTrace Information: 0 : 20544, 1, 2024/04/23, 16:41:03.445, 3627738702042, vstest.console.dll, InferRunSettingsHelper.IsTestSettingsEnabled: Unable to navigate to RunSettings/MSTest. Current node: RunSettings
TpTrace Verbose: 0 : 20544, 1, 2024/04/23, 16:41:03.447, 3627738715876, vstest.console.dll, ParallelOperationManager.ClearSlots: Clearing all slots. Slots should accept more work: True
TpTrace Verbose: 0 : 20544, 1, 2024/04/23, 16:41:03.447, 3627738722559, vstest.console.dll, ParallelOperationManager.SetOccupiedSlotCount: Setting slot counts AvailableSlotCount = 1, OccupiedSlotCount = 0.
TpTrace Verbose: 0 : 20544, 1, 2024/04/23, 16:41:03.448, 3627738725501, vstest.console.dll, Occupied slots:

TpTrace Verbose: 0 : 20544, 1, 2024/04/23, 16:41:03.454, 3627738790218, vstest.console.dll, TestEngine.GetExecutionManager: Chosen execution manager 'Microsoft.VisualStudio.TestPlatform.CrossPlatEngine.Client.Parallel.ParallelProxyExecutionManager, Microsoft.TestPlatform.CrossPlatEngine, Version=15.0.0.0, Culture=neutral, PublicKeyToken=b03f5f7f11d50a3a' ParallelLevel '1'.
TpTrace Verbose: 0 : 20544, 1, 2024/04/23, 16:41:03.455, 3627738793921, vstest.console.dll, TestRunRequest.ExecuteAsync: Creating test run request.
TpTrace Verbose: 0 : 20544, 1, 2024/04/23, 16:41:03.455, 3627738797759, vstest.console.dll, TestRunRequest.ExecuteAsync: Starting.
TpTrace Information: 0 : 20544, 1, 2024/04/23, 16:41:03.457, 3627738815246, vstest.console.dll, TestRunRequest.ExecuteAsync: Starting run with settings:TestRunCriteria:
   KeepAlive=False,FrequencyOfRunStatsChangeEvent=10,RunStatsChangeEventTimeout=00:00:01.5000000,TestCaseFilter=,TestExecutorLauncher=
   Settingsxml=<RunSettings>
  <RunConfiguration>
    <ResultsDirectory>C:\Users\VC\Desktop\PRESIDIO - DAILY WORK PROGRESS\DAY 7 - 17.04.2024\DAY 7 - 17.04.2024\ClinicTrackerSolution\ClinicTrackerBLTest\bin\Debug\net6.0\fine-code-coverage\coverage-tool-output</ResultsDirectory>
    <TargetPlatform>X64</TargetPlatform>
    <TargetFrameworkVersion>.NETCoreApp,Version=v6.0</TargetFrameworkVersion>
    <DesignMode>False</DesignMode>
    <CollectSourceInformation>False</CollectSourceInformation>
  </RunConfiguration>
  <LoggerRunSettings>
    <Loggers>
      <Logger friendlyName="blame" enabled="True" />
      <Logger friendlyName="Console" uri="logger://microsoft/TestPlatform/ConsoleLogger/v1" assemblyQualifiedName="Microsoft.VisualStudio.TestPlatform.CommandLine.Internal.ConsoleLogger, vstest.console, Version=15.0.0.0, Culture=neutral, PublicKeyToken=b03f5f7f11d50a3a" codeBase="C:\Program Files\dotnet\sdk\8.0.202\vstest.console.dll" enabled="True" />
    </Loggers>
  </LoggerRunSettings>
  <DataCollectionRunSettings>
    <DataCollectors>
      <DataCollector friendlyName="blame" enabled="True">
        <Configuration>
          <ResultsDirectory>C:\Users\VC\Desktop\PRESIDIO - DAILY WORK PROGRESS\DAY 7 - 17.04.2024\DAY 7 - 17.04.2024\ClinicTrackerSolution\ClinicTrackerBLTest\bin\Debug\net6.0\fine-code-coverage\coverage-tool-output</ResultsDirectory>
        </Configuration>
      </DataCollector>
    </DataCollectors>
  </DataCollectionRunSettings>
</RunSettings>

TpTrace Verbose: 0 : 20544, 1, 2024/04/23, 16:41:03.457, 3627738816996, vstest.console.dll, TestRunRequest.ExecuteAsync: Wait for the first run request is over.
TpTrace Verbose: 0 : 20544, 1, 2024/04/23, 16:41:03.457, 3627738823332, vstest.console.dll, MulticastDelegateUtilities.SafeInvoke: TestRun.TestRunStart: Invoking callbacks was skipped because there are no subscribers.
TpTrace Verbose: 0 : 20544, 5, 2024/04/23, 16:41:03.458, 3627738826382, vstest.console.dll, MulticastDelegateUtilities.SafeInvoke: InternalTestLoggerEvents.SendTestRunStart: Invoking callback 1/1 for Microsoft.VisualStudio.TestPlatform.CommandLine.Internal.ConsoleLogger., took 0 ms.
TpTrace Verbose: 0 : 20544, 1, 2024/04/23, 16:41:03.459, 3627738837178, vstest.console.dll, ParallelProxyExecutionManager: Start execution. Total sources: 1
TpTrace Verbose: 0 : 20544, 1, 2024/04/23, 16:41:03.459, 3627738842563, vstest.console.dll, ParallelOperationManager.StartWork: Starting adding 1 workloads.
TpTrace Verbose: 0 : 20544, 1, 2024/04/23, 16:41:03.459, 3627738843658, vstest.console.dll, ParallelOperationManager.ClearSlots: Clearing all slots. Slots should accept more work: True
TpTrace Verbose: 0 : 20544, 1, 2024/04/23, 16:41:03.460, 3627738844799, vstest.console.dll, ParallelOperationManager.SetOccupiedSlotCount: Setting slot counts AvailableSlotCount = 1, OccupiedSlotCount = 0.
TpTrace Verbose: 0 : 20544, 1, 2024/04/23, 16:41:03.460, 3627738845409, vstest.console.dll, Occupied slots:

TpTrace Verbose: 0 : 20544, 1, 2024/04/23, 16:41:03.464, 3627738884486, vstest.console.dll, TestRequestSender is acting as server.
TpTrace Verbose: 0 : 20544, 1, 2024/04/23, 16:41:03.467, 3627738915676, vstest.console.dll, ParallelOperationManager.RunWorkInParallel: Adding 1 workload to slot, remaining workloads 0.
TpTrace Verbose: 0 : 20544, 1, 2024/04/23, 16:41:03.467, 3627738917614, vstest.console.dll, ParallelOperationManager.SetOccupiedSlotCount: Setting slot counts AvailableSlotCount = 0, OccupiedSlotCount = 1.
TpTrace Verbose: 0 : 20544, 1, 2024/04/23, 16:41:03.467, 3627738920046, vstest.console.dll, Occupied slots:
0: C:\Users\VC\Desktop\PRESIDIO - DAILY WORK PROGRESS\DAY 7 - 17.04.2024\DAY 7 - 17.04.2024\ClinicTrackerSolution\ClinicTrackerBLTest\bin\Debug\net6.0\fine-code-coverage\build-output\ClinicTrackerBLTest.dll
TpTrace Verbose: 0 : 20544, 1, 2024/04/23, 16:41:03.469, 3627738938101, vstest.console.dll, ParallelOperationManager.RunWorkInParallel: Started host in slot number 0 for work (source): C:\Users\VC\Desktop\PRESIDIO - DAILY WORK PROGRESS\DAY 7 - 17.04.2024\DAY 7 - 17.04.2024\ClinicTrackerSolution\ClinicTrackerBLTest\bin\Debug\net6.0\fine-code-coverage\build-output\ClinicTrackerBLTest.dll.
TpTrace Verbose: 0 : 20544, 1, 2024/04/23, 16:41:03.470, 3627738952925, vstest.console.dll, ParallelOperationManager.RunWorkInParallel: We started 1 work items, which is the max parallel level. Won't start more work.
TpTrace Verbose: 0 : 20544, 1, 2024/04/23, 16:41:03.471, 3627738955563, vstest.console.dll, ParallelOperationManager.RunWorkInParallel: We started 1 work items in here, returning True.
TpTrace Verbose: 0 : 20544, 6, 2024/04/23, 16:41:03.471, 3627738955776, vstest.console.dll, ParallelProxyExecutionManager.StartTestRunOnConcurrentManager: Initializing uninitialized client. Started clients: 0
TpTrace Information: 0 : 20544, 1, 2024/04/23, 16:41:03.471, 3627738956706, vstest.console.dll, TestRunRequest.ExecuteAsync: Started.
TpTrace Verbose: 0 : 20544, 6, 2024/04/23, 16:41:03.471, 3627738958724, vstest.console.dll, DataCollectionRequestSender.InitializeCommunication : Initialize communication. 
TpTrace Verbose: 0 : 20544, 1, 2024/04/23, 16:41:03.472, 3627738966536, vstest.console.dll, TestRunRequest.WaitForCompletion: Waiting with timeout -1.
TpTrace Information: 0 : 20544, 6, 2024/04/23, 16:41:03.483, 3627739080877, vstest.console.dll, Listening on Endpoint : 127.0.0.1:62070
TpTrace Verbose: 0 : 20544, 6, 2024/04/23, 16:41:03.492, 3627739173331, vstest.console.dll, DotnetDataCollectionLauncher: Adding  --runtimeconfig "C:\Program Files\dotnet\sdk\8.0.202\datacollector.runtimeconfig.json" in args
TpTrace Verbose: 0 : 20544, 6, 2024/04/23, 16:41:03.493, 3627739175161, vstest.console.dll, DotnetDataCollectionLauncher: Adding  --depsfile "C:\Program Files\dotnet\sdk\8.0.202\datacollector.deps.json" in args
TpTrace Verbose: 0 : 20544, 6, 2024/04/23, 16:41:03.493, 3627739182753, vstest.console.dll, DotnetDataCollectionLauncher: Full path of dotnet.exe is C:\Program Files\dotnet\dotnet.exe
TpTrace Information: 0 : 20544, 6, 2024/04/23, 16:41:03.501, 3627739262745, vstest.console.dll, ProxyDataCollectionManager.Initialize: Launched datacollector processId: 24768 port: 62070
TpTrace Information: 0 : 20544, 6, 2024/04/23, 16:41:03.502, 3627739265177, vstest.console.dll, ProxyDataCollectionManager.Initialize: waiting for connection with timeout: 90 seconds
TpTrace Verbose: 0 : 20544, 6, 2024/04/23, 16:41:03.502, 3627739266113, vstest.console.dll, DataCollectionRequestSender.WaitForRequestHandlerConnection : Waiting for connection with timeout: 90000
TpTrace Information: 0 : 20544, 8, 2024/04/23, 16:41:03.913, 3627743382051, vstest.console.dll, Using the buffer size of 16384 bytes
TpTrace Information: 0 : 20544, 8, 2024/04/23, 16:41:03.914, 3627743385025, vstest.console.dll, Accepted Client request and set the flag
TpTrace Verbose: 0 : 20544, 6, 2024/04/23, 16:41:03.913, 3627743383325, vstest.console.dll, SocketCommunicationManager.WaitForClientConnection took: 411 ms, with 90000 ms timeout, and finished with True.
TpTrace Verbose: 0 : 20544, 6, 2024/04/23, 16:41:03.914, 3627743389668, vstest.console.dll, ProxyDataCollectionManager.InvokeDataCollectionServiceAction: Starting.
TpTrace Information: 0 : 20544, 6, 2024/04/23, 16:41:03.914, 3627743391480, vstest.console.dll, ProxyDataCollectionManager.BeforeTestRunStart: Get environment variable and port for datacollector processId: 24768 port: 62070
TpTrace Verbose: 0 : 20544, 6, 2024/04/23, 16:41:03.915, 3627743394483, vstest.console.dll, DataCollectionRequestSender.SendBeforeTestRunStartAndGetResult: Send BeforeTestRunStart message with settingsXml <RunSettings><RunConfiguration><ResultsDirectory>C:\Users\VC\Desktop\PRESIDIO - DAILY WORK PROGRESS\DAY 7 - 17.04.2024\DAY 7 - 17.04.2024\ClinicTrackerSolution\ClinicTrackerBLTest\bin\Debug\net6.0\fine-code-coverage\coverage-tool-output</ResultsDirectory><TargetPlatform>X64</TargetPlatform><TargetFrameworkVersion>.NETCoreApp,Version=v6.0</TargetFrameworkVersion><DesignMode>False</DesignMode><CollectSourceInformation>False</CollectSourceInformation><TestAdaptersPaths>C:\Program Files\dotnet\sdk\8.0.202\Extensions</TestAdaptersPaths></RunConfiguration><LoggerRunSettings><Loggers><Logger friendlyName="blame" enabled="True" /><Logger friendlyName="Console" uri="logger://microsoft/TestPlatform/ConsoleLogger/v1" assemblyQualifiedName="Microsoft.VisualStudio.TestPlatform.CommandLine.Internal.ConsoleLogger, vstest.console, Version=15.0.0.0, Culture=neutral, PublicKeyToken=b03f5f7f11d50a3a" codeBase="C:\Program Files\dotnet\sdk\8.0.202\vstest.console.dll" enabled="True" /></Loggers></LoggerRunSettings><DataCollectionRunSettings><DataCollectors><DataCollector friendlyName="blame" enabled="True"><Configuration><ResultsDirectory>C:\Users\VC\Desktop\PRESIDIO - DAILY WORK PROGRESS\DAY 7 - 17.04.2024\DAY 7 - 17.04.2024\ClinicTrackerSolution\ClinicTrackerBLTest\bin\Debug\net6.0\fine-code-coverage\coverage-tool-output</ResultsDirectory></Configuration></DataCollector></DataCollectors></DataCollectionRunSettings></RunSettings> and sources System.Collections.Generic.List`1[System.String]: 
TpTrace Verbose: 0 : 20544, 6, 2024/04/23, 16:41:03.994, 3627744186846, vstest.console.dll, DataCollectionRequestSender.SendBeforeTestRunStartAndGetResult: Received message: (DataCollection.SendMessage) -> {"MessageType":"DataCollection.SendMessage","Payload":{"FriendlyName":null,"Uri":null,"TestCaseId":"00000000-0000-0000-0000-000000000000","Message":"Logging DataCollector Diagnostics in file: C:\\Users\\VC\\Desktop\\PRESIDIO - DAILY WORK PROGRESS\\DAY 7 - 17.04.2024\\DAY 7 - 17.04.2024\\ClinicTrackerSolution\\ClinicTrackerBLTest\\bin\\Debug\\net6.0\\fine-code-coverage\\coverage-tool-output\\diagnostics.datacollector.24-04-23_16-41-03_49253_6.log","Level":0}}
TpTrace Verbose: 0 : 20544, 6, 2024/04/23, 16:41:04.182, 3627746071180, vstest.console.dll, DataCollectionRequestSender.SendBeforeTestRunStartAndGetResult: Received message: (DataCollection.BeforeTestRunStartResult) -> {"MessageType":"DataCollection.BeforeTestRunStartResult","Payload":{"EnvironmentVariables":{},"DataCollectionEventsPort":62072}}
TpTrace Information: 0 : 20544, 6, 2024/04/23, 16:41:04.208, 3627746331730, vstest.console.dll, ProxyDataCollectionManager.BeforeTestRunStart: SendBeforeTestRunStartAndGetResult successful, env variable from datacollector:   and testhost port: 62072
TpTrace Information: 0 : 20544, 6, 2024/04/23, 16:41:04.209, 3627746335220, vstest.console.dll, ProxyDataCollectionManager.InvokeDataCollectionServiceAction: Completed.
TpTrace Verbose: 0 : 20544, 6, 2024/04/23, 16:41:04.209, 3627746336472, vstest.console.dll, ParallelProxyExecutionManager.StartTestRunOnConcurrentManager: Initializing test run. Started clients: 0
TpTrace Verbose: 0 : 20544, 6, 2024/04/23, 16:41:04.209, 3627746338574, vstest.console.dll, ProxyExecutionManager: Test host is always Lazy initialize.
TpTrace Verbose: 0 : 20544, 6, 2024/04/23, 16:41:04.210, 3627746345335, vstest.console.dll, TestRequestSender.InitializeCommunication: initialize communication. 
TpTrace Information: 0 : 20544, 6, 2024/04/23, 16:41:04.211, 3627746359347, vstest.console.dll, SocketServer.Start: Listening on endpoint : 127.0.0.1:62073
TpTrace Verbose: 0 : 20544, 6, 2024/04/23, 16:41:04.213, 3627746381904, vstest.console.dll, DotnetTestHostmanager.GetTestHostProcessStartInfo: Platform environment 'X64' target architecture 'X64' framework '.NETCoreApp,Version=v6.0' OS 'Windows'
TpTrace Verbose: 0 : 20544, 6, 2024/04/23, 16:41:04.214, 3627746390252, vstest.console.dll, DotnetTestHostmanager: Adding  --runtimeconfig "C:\Users\VC\Desktop\PRESIDIO - DAILY WORK PROGRESS\DAY 7 - 17.04.2024\DAY 7 - 17.04.2024\ClinicTrackerSolution\ClinicTrackerBLTest\bin\Debug\net6.0\fine-code-coverage\build-output\ClinicTrackerBLTest.runtimeconfig.json" in args
TpTrace Verbose: 0 : 20544, 6, 2024/04/23, 16:41:04.215, 3627746394404, vstest.console.dll, DotnetTestHostmanager: Adding  --depsfile "C:\Users\VC\Desktop\PRESIDIO - DAILY WORK PROGRESS\DAY 7 - 17.04.2024\DAY 7 - 17.04.2024\ClinicTrackerSolution\ClinicTrackerBLTest\bin\Debug\net6.0\fine-code-coverage\build-output\ClinicTrackerBLTest.deps.json" in args
TpTrace Verbose: 0 : 20544, 6, 2024/04/23, 16:41:04.215, 3627746399837, vstest.console.dll, DotnetTestHostmanager.IsWinOnArm: Current PROCESSOR_ARCHITECTURE from environment variable 'AMD64'
TpTrace Verbose: 0 : 20544, 6, 2024/04/23, 16:41:04.215, 3627746401629, vstest.console.dll, DotnetTestHostmanager.IsWinOnArm: Is Windows on ARM 'False'
TpTrace Verbose: 0 : 20544, 6, 2024/04/23, 16:41:04.216, 3627746404395, vstest.console.dll, DotnetTestHostManager: testhost.exe found at path: C:\Users\VC\Desktop\PRESIDIO - DAILY WORK PROGRESS\DAY 7 - 17.04.2024\DAY 7 - 17.04.2024\ClinicTrackerSolution\ClinicTrackerBLTest\bin\Debug\net6.0\fine-code-coverage\build-output\testhost.exe
TpTrace Verbose: 0 : 20544, 6, 2024/04/23, 16:41:04.216, 3627746405720, vstest.console.dll, DotnetTestHostmanager: Full path of host exe is C:\Users\VC\Desktop\PRESIDIO - DAILY WORK PROGRESS\DAY 7 - 17.04.2024\DAY 7 - 17.04.2024\ClinicTrackerSolution\ClinicTrackerBLTest\bin\Debug\net6.0\fine-code-coverage\build-output\testhost.exe
TpTrace Verbose: 0 : 20544, 6, 2024/04/23, 16:41:04.216, 3627746408702, vstest.console.dll, DotnetTestHostmanager.LaunchTestHostAsync: Found 'VSTEST_WINAPPHOST_DOTNET_ROOT' in env variables, value 'C:\Program Files\dotnet', forwarding to 'DOTNET_ROOT'
TpTrace Verbose: 0 : 20544, 6, 2024/04/23, 16:41:04.216, 3627746411647, vstest.console.dll, DotnetTestHostManager: Starting process 'C:\Users\VC\Desktop\PRESIDIO - DAILY WORK PROGRESS\DAY 7 - 17.04.2024\DAY 7 - 17.04.2024\ClinicTrackerSolution\ClinicTrackerBLTest\bin\Debug\net6.0\fine-code-coverage\build-output\testhost.exe' with command line ' --runtimeconfig "C:\Users\VC\Desktop\PRESIDIO - DAILY WORK PROGRESS\DAY 7 - 17.04.2024\DAY 7 - 17.04.2024\ClinicTrackerSolution\ClinicTrackerBLTest\bin\Debug\net6.0\fine-code-coverage\build-output\ClinicTrackerBLTest.runtimeconfig.json" --depsfile "C:\Users\VC\Desktop\PRESIDIO - DAILY WORK PROGRESS\DAY 7 - 17.04.2024\DAY 7 - 17.04.2024\ClinicTrackerSolution\ClinicTrackerBLTest\bin\Debug\net6.0\fine-code-coverage\build-output\ClinicTrackerBLTest.deps.json" --port 62073 --endpoint 127.0.0.1:062073 --role client --parentprocessid 20544 --diag "C:\Users\VC\Desktop\PRESIDIO - DAILY WORK PROGRESS\DAY 7 - 17.04.2024\DAY 7 - 17.04.2024\ClinicTrackerSolution\ClinicTrackerBLTest\bin\Debug\net6.0\fine-code-coverage\coverage-tool-output\diagnostics.host.24-04-23_16-41-04_21276_6.log" --tracelevel 4 --datacollectionport 62072 --telemetryoptedin false'
TpTrace Verbose: 0 : 20544, 6, 2024/04/23, 16:41:04.229, 3627746536368, vstest.console.dll, MulticastDelegateUtilities.SafeInvoke: HostProviderEvents.OnHostLaunched: Invoking callback 1/2 for Microsoft.VisualStudio.TestPlatform.CrossPlatEngine.Client.ProxyExecutionManagerWithDataCollection., took 2 ms.
TpTrace Verbose: 0 : 20544, 6, 2024/04/23, 16:41:04.230, 3627746544380, vstest.console.dll, Test Runtime launched
TpTrace Verbose: 0 : 20544, 6, 2024/04/23, 16:41:04.230, 3627746546863, vstest.console.dll, MulticastDelegateUtilities.SafeInvoke: HostProviderEvents.OnHostLaunched: Invoking callback 2/2 for Microsoft.VisualStudio.TestPlatform.CrossPlatEngine.Client.ProxyOperationManager., took 0 ms.
TpTrace Verbose: 0 : 20544, 6, 2024/04/23, 16:41:04.230, 3627746550733, vstest.console.dll, TestRequestSender.WaitForRequestHandlerConnection: waiting for connection with timeout: 90000.
TpTrace Verbose: 0 : 20544, 8, 2024/04/23, 16:41:04.513, 3627749374387, vstest.console.dll, MulticastDelegateUtilities.SafeInvoke: SocketServer: ClientConnected: Invoking callback 1/1 for Microsoft.VisualStudio.TestPlatform.CommunicationUtilities.TestRequestSender., took 0 ms.
TpTrace Verbose: 0 : 20544, 6, 2024/04/23, 16:41:04.513, 3627749374475, vstest.console.dll, TestRequestSender.WaitForRequestHandlerConnection: waiting took 282 ms, with timeout 90000 ms, and result 0, which is success.
TpTrace Verbose: 0 : 20544, 8, 2024/04/23, 16:41:04.513, 3627749375852, vstest.console.dll, SocketServer.OnClientConnected: Client connected for endPoint: 127.0.0.1:62073, starting MessageLoopAsync:
TpTrace Verbose: 0 : 20544, 14, 2024/04/23, 16:41:04.514, 3627749386652, vstest.console.dll, TcpClientExtensions.MessageLoopAsync: Polling on remoteEndPoint: 127.0.0.1:62074 localEndPoint: 127.0.0.1:62073 after 0 ms
TpTrace Verbose: 0 : 20544, 6, 2024/04/23, 16:41:04.515, 3627749393849, vstest.console.dll, TestRequestSender.CheckVersionWithTestHost: Sending check version message: {"MessageType":"ProtocolVersion","Payload":7}
TpTrace Verbose: 0 : 20544, 14, 2024/04/23, 16:41:04.778, 3627752023856, vstest.console.dll, TcpClientExtensions.MessageLoopAsync: NotifyDataAvailable remoteEndPoint: 127.0.0.1:62074 localEndPoint: 127.0.0.1:62073
TpTrace Verbose: 0 : 20544, 14, 2024/04/23, 16:41:04.778, 3627752028440, vstest.console.dll, TestRequestSender.CheckVersionWithTestHost: onMessageReceived received message: (ProtocolVersion) -> {"MessageType":"ProtocolVersion","Payload":5}
TpTrace Verbose: 0 : 20544, 14, 2024/04/23, 16:41:04.779, 3627752035560, vstest.console.dll, MulticastDelegateUtilities.SafeInvoke: LengthPrefixCommunicationChannel: MessageReceived: Invoking callback 1/1 for Microsoft.VisualStudio.TestPlatform.CommunicationUtilities.TestRequestSender+<>c__DisplayClass29_0., took 0 ms.
TpTrace Verbose: 0 : 20544, 14, 2024/04/23, 16:41:04.779, 3627752036635, vstest.console.dll, TcpClientExtensions.MessageLoopAsync: Polling on remoteEndPoint: 127.0.0.1:62074 localEndPoint: 127.0.0.1:62073 after 264 ms
TpTrace Verbose: 0 : 20544, 6, 2024/04/23, 16:41:04.779, 3627752036897, vstest.console.dll, TestPluginCache.GetExtensionPaths: Filtered extension paths: 
TpTrace Verbose: 0 : 20544, 6, 2024/04/23, 16:41:04.779, 3627752037705, vstest.console.dll, TestPluginCache.GetExtensionPaths: Added default extension paths: C:\Program Files\dotnet\sdk\8.0.202\Extensions\Microsoft.Diagnostics.NETCore.Client.dll
C:\Program Files\dotnet\sdk\8.0.202\Extensions\Microsoft.TestPlatform.Extensions.BlameDataCollector.dll
C:\Program Files\dotnet\sdk\8.0.202\Extensions\Microsoft.TestPlatform.Extensions.EventLogCollector.dll
C:\Program Files\dotnet\sdk\8.0.202\Extensions\Microsoft.TestPlatform.TestHostRuntimeProvider.dll
C:\Program Files\dotnet\sdk\8.0.202\Extensions\Microsoft.VisualStudio.TestPlatform.Extensions.Html.TestLogger.dll
C:\Program Files\dotnet\sdk\8.0.202\Extensions\Microsoft.VisualStudio.TestPlatform.Extensions.Trx.TestLogger.dll
TpTrace Verbose: 0 : 20544, 6, 2024/04/23, 16:41:04.779, 3627752038062, vstest.console.dll, TestPluginCache.GetExtensionPaths: Added unfilterableExtensionPaths: 
TpTrace Verbose: 0 : 20544, 6, 2024/04/23, 16:41:04.782, 3627752073622, vstest.console.dll, TestRequestSender.InitializeExecution: Sending initialize execution with message: {"Version":5,"MessageType":"TestExecution.Initialize","Payload":["C:\\Users\\VC\\Desktop\\PRESIDIO - DAILY WORK PROGRESS\\DAY 7 - 17.04.2024\\DAY 7 - 17.04.2024\\ClinicTrackerSolution\\ClinicTrackerBLTest\\bin\\Debug\\net6.0\\fine-code-coverage\\build-output\\NUnit3.TestAdapter.dll"]}
TpTrace Verbose: 0 : 20544, 6, 2024/04/23, 16:41:04.783, 3627752077988, vstest.console.dll, ParallelProxyExecutionManager.StartTestRunOnConcurrentManager: Execution starting. Started clients: 1
TpTrace Verbose: 0 : 20544, 6, 2024/04/23, 16:41:04.784, 3627752084685, vstest.console.dll, TestRunRequest:SendTestRunMessage: Starting.
TpTrace Verbose: 0 : 20544, 6, 2024/04/23, 16:41:04.784, 3627752088717, vstest.console.dll, MulticastDelegateUtilities.SafeInvoke: TestRun.LogMessages: Invoking callback 1/1 for Microsoft.VisualStudio.TestPlatform.CommandLine.TestRunResultAggregator., took 0 ms.
TpTrace Information: 0 : 20544, 6, 2024/04/23, 16:41:04.784, 3627752089710, vstest.console.dll, TestRunRequest:SendTestRunMessage: Completed.
TpTrace Verbose: 0 : 20544, 5, 2024/04/23, 16:41:04.784, 3627752093688, vstest.console.dll, MulticastDelegateUtilities.SafeInvoke: InternalTestLoggerEvents.SendTestRunMessage: Invoking callback 1/1 for Microsoft.VisualStudio.TestPlatform.CommandLine.Internal.ConsoleLogger., took 0 ms.
TpTrace Warning: 0 : 20544, 6, 2024/04/23, 16:41:04.785, 3627752096539, vstest.console.dll, InferRunSettingsHelper.MakeRunsettingsCompatible: Removing the following settings: TargetPlatform from RunSettings file. To use those settings please move to latest version of Microsoft.NET.Test.Sdk
TpTrace Verbose: 0 : 20544, 14, 2024/04/23, 16:41:04.791, 3627752156139, vstest.console.dll, TcpClientExtensions.MessageLoopAsync: NotifyDataAvailable remoteEndPoint: 127.0.0.1:62074 localEndPoint: 127.0.0.1:62073
TpTrace Verbose: 0 : 20544, 14, 2024/04/23, 16:41:04.791, 3627752161529, vstest.console.dll, TestRequestSender.OnExecutionMessageReceived: Received message: {"Version":5,"MessageType":"TestSession.Message","Payload":{"MessageLevel":0,"Message":"Logging TestHost Diagnostics in file: C:\\Users\\VC\\Desktop\\PRESIDIO - DAILY WORK PROGRESS\\DAY 7 - 17.04.2024\\DAY 7 - 17.04.2024\\ClinicTrackerSolution\\ClinicTrackerBLTest\\bin\\Debug\\net6.0\\fine-code-coverage\\coverage-tool-output\\diagnostics.host.24-04-23_16-41-04_21276_6.log"}}
TpTrace Verbose: 0 : 20544, 6, 2024/04/23, 16:41:04.792, 3627752167443, vstest.console.dll, TestRequestSender.StartTestRun: Sending test run with message: {"Version":5,"MessageType":"TestExecution.StartWithSources","Payload":{"AdapterSourceMap":{"_none_":["C:\\Users\\VC\\Desktop\\PRESIDIO - DAILY WORK PROGRESS\\DAY 7 - 17.04.2024\\DAY 7 - 17.04.2024\\ClinicTrackerSolution\\ClinicTrackerBLTest\\bin\\Debug\\net6.0\\fine-code-coverage\\build-output\\ClinicTrackerBLTest.dll"]},"RunSettings":"<RunSettings>\r\n  <RunConfiguration>\r\n    <ResultsDirectory>C:\\Users\\VC\\Desktop\\PRESIDIO - DAILY WORK PROGRESS\\DAY 7 - 17.04.2024\\DAY 7 - 17.04.2024\\ClinicTrackerSolution\\ClinicTrackerBLTest\\bin\\Debug\\net6.0\\fine-code-coverage\\coverage-tool-output</ResultsDirectory>\r\n    <TargetFrameworkVersion>.NETCoreApp,Version=v6.0</TargetFrameworkVersion>\r\n    <DesignMode>False</DesignMode>\r\n    <CollectSourceInformation>False</CollectSourceInformation>\r\n  </RunConfiguration>\r\n  <LoggerRunSettings>\r\n    <Loggers>\r\n      <Logger friendlyName=\"blame\" enabled=\"True\" />\r\n      <Logger friendlyName=\"Console\" uri=\"logger://microsoft/TestPlatform/ConsoleLogger/v1\" assemblyQualifiedName=\"Microsoft.VisualStudio.TestPlatform.CommandLine.Internal.ConsoleLogger, vstest.console, Version=15.0.0.0, Culture=neutral, PublicKeyToken=b03f5f7f11d50a3a\" codeBase=\"C:\\Program Files\\dotnet\\sdk\\8.0.202\\vstest.console.dll\" enabled=\"True\" />\r\n    </Loggers>\r\n  </LoggerRunSettings>\r\n  <DataCollectionRunSettings>\r\n    <DataCollectors>\r\n      <DataCollector friendlyName=\"blame\" enabled=\"True\">\r\n        <Configuration>\r\n          <ResultsDirectory>C:\\Users\\VC\\Desktop\\PRESIDIO - DAILY WORK PROGRESS\\DAY 7 - 17.04.2024\\DAY 7 - 17.04.2024\\ClinicTrackerSolution\\ClinicTrackerBLTest\\bin\\Debug\\net6.0\\fine-code-coverage\\coverage-tool-output</ResultsDirectory>\r\n        </Configuration>\r\n      </DataCollector>\r\n    </DataCollectors>\r\n  </DataCollectionRunSettings>\r\n</RunSettings>","TestExecutionContext":{"FrequencyOfRunStatsChangeEvent":10,"RunStatsChangeEventTimeout":"00:00:01.5000000","InIsolation":false,"KeepAlive":false,"AreTestCaseLevelEventsRequired":false,"IsDebug":false,"TestCaseFilter":null,"FilterOptions":null},"Package":null}}
TpTrace Verbose: 0 : 20544, 6, 2024/04/23, 16:41:04.792, 3627752169076, vstest.console.dll, ParallelProxyExecutionManager.StartTestRunOnConcurrentManager: Execution started. Started clients: 1
TpTrace Verbose: 0 : 20544, 14, 2024/04/23, 16:41:04.794, 3627752185983, vstest.console.dll, TestRunRequest:SendTestRunMessage: Starting.
TpTrace Verbose: 0 : 20544, 14, 2024/04/23, 16:41:04.794, 3627752187852, vstest.console.dll, MulticastDelegateUtilities.SafeInvoke: TestRun.LogMessages: Invoking callback 1/1 for Microsoft.VisualStudio.TestPlatform.CommandLine.TestRunResultAggregator., took 0 ms.
TpTrace Information: 0 : 20544, 14, 2024/04/23, 16:41:04.794, 3627752188272, vstest.console.dll, TestRunRequest:SendTestRunMessage: Completed.
TpTrace Verbose: 0 : 20544, 5, 2024/04/23, 16:41:04.794, 3627752188466, vstest.console.dll, MulticastDelegateUtilities.SafeInvoke: InternalTestLoggerEvents.SendTestRunMessage: Invoking callback 1/1 for Microsoft.VisualStudio.TestPlatform.CommandLine.Internal.ConsoleLogger., took 0 ms.
TpTrace Verbose: 0 : 20544, 14, 2024/04/23, 16:41:04.794, 3627752188730, vstest.console.dll, MulticastDelegateUtilities.SafeInvoke: LengthPrefixCommunicationChannel: MessageReceived: Invoking callback 1/1 for Microsoft.VisualStudio.TestPlatform.CommunicationUtilities.TestRequestSender+<>c__DisplayClass34_0., took 2 ms.
TpTrace Verbose: 0 : 20544, 14, 2024/04/23, 16:41:04.794, 3627752190859, vstest.console.dll, TcpClientExtensions.MessageLoopAsync: Polling on remoteEndPoint: 127.0.0.1:62074 localEndPoint: 127.0.0.1:62073 after 15 ms
TpTrace Verbose: 0 : 20544, 14, 2024/04/23, 16:41:05.304, 3627757292039, vstest.console.dll, TcpClientExtensions.MessageLoopAsync: NotifyDataAvailable remoteEndPoint: 127.0.0.1:62074 localEndPoint: 127.0.0.1:62073
TpTrace Verbose: 0 : 20544, 14, 2024/04/23, 16:41:05.305, 3627757295262, vstest.console.dll, TestRequestSender.OnExecutionMessageReceived: Received message: {"Version":5,"MessageType":"TestSession.Message","Payload":{"MessageLevel":0,"Message":"NUnit Adapter 4.2.0.0: Test execution started"}}
TpTrace Verbose: 0 : 20544, 14, 2024/04/23, 16:41:05.305, 3627757298214, vstest.console.dll, TestRunRequest:SendTestRunMessage: Starting.
TpTrace Verbose: 0 : 20544, 14, 2024/04/23, 16:41:05.305, 3627757299454, vstest.console.dll, MulticastDelegateUtilities.SafeInvoke: TestRun.LogMessages: Invoking callback 1/1 for Microsoft.VisualStudio.TestPlatform.CommandLine.TestRunResultAggregator., took 0 ms.
TpTrace Verbose: 0 : 20544, 5, 2024/04/23, 16:41:05.305, 3627757299600, vstest.console.dll, MulticastDelegateUtilities.SafeInvoke: InternalTestLoggerEvents.SendTestRunMessage: Invoking callback 1/1 for Microsoft.VisualStudio.TestPlatform.CommandLine.Internal.ConsoleLogger., took 0 ms.
TpTrace Information: 0 : 20544, 14, 2024/04/23, 16:41:05.305, 3627757300005, vstest.console.dll, TestRunRequest:SendTestRunMessage: Completed.
TpTrace Verbose: 0 : 20544, 14, 2024/04/23, 16:41:05.305, 3627757301657, vstest.console.dll, MulticastDelegateUtilities.SafeInvoke: LengthPrefixCommunicationChannel: MessageReceived: Invoking callback 1/1 for Microsoft.VisualStudio.TestPlatform.CommunicationUtilities.TestRequestSender+<>c__DisplayClass34_0., took 0 ms.
TpTrace Verbose: 0 : 20544, 14, 2024/04/23, 16:41:05.305, 3627757302323, vstest.console.dll, TcpClientExtensions.MessageLoopAsync: Polling on remoteEndPoint: 127.0.0.1:62074 localEndPoint: 127.0.0.1:62073 after 511 ms
TpTrace Verbose: 0 : 20544, 14, 2024/04/23, 16:41:05.346, 3627757708577, vstest.console.dll, TcpClientExtensions.MessageLoopAsync: NotifyDataAvailable remoteEndPoint: 127.0.0.1:62074 localEndPoint: 127.0.0.1:62073
TpTrace Verbose: 0 : 20544, 14, 2024/04/23, 16:41:05.346, 3627757713189, vstest.console.dll, TestRequestSender.OnExecutionMessageReceived: Received message: {"Version":5,"MessageType":"TestSession.Message","Payload":{"MessageLevel":0,"Message":"Running all tests in C:\\Users\\VC\\Desktop\\PRESIDIO - DAILY WORK PROGRESS\\DAY 7 - 17.04.2024\\DAY 7 - 17.04.2024\\ClinicTrackerSolution\\ClinicTrackerBLTest\\bin\\Debug\\net6.0\\fine-code-coverage\\build-output\\ClinicTrackerBLTest.dll"}}
TpTrace Verbose: 0 : 20544, 14, 2024/04/23, 16:41:05.347, 3627757715966, vstest.console.dll, TestRunRequest:SendTestRunMessage: Starting.
TpTrace Verbose: 0 : 20544, 14, 2024/04/23, 16:41:05.347, 3627757716898, vstest.console.dll, MulticastDelegateUtilities.SafeInvoke: TestRun.LogMessages: Invoking callback 1/1 for Microsoft.VisualStudio.TestPlatform.CommandLine.TestRunResultAggregator., took 0 ms.
TpTrace Information: 0 : 20544, 14, 2024/04/23, 16:41:05.347, 3627757717325, vstest.console.dll, TestRunRequest:SendTestRunMessage: Completed.
TpTrace Verbose: 0 : 20544, 5, 2024/04/23, 16:41:05.347, 3627757717427, vstest.console.dll, MulticastDelegateUtilities.SafeInvoke: InternalTestLoggerEvents.SendTestRunMessage: Invoking callback 1/1 for Microsoft.VisualStudio.TestPlatform.CommandLine.Internal.ConsoleLogger., took 0 ms.
TpTrace Verbose: 0 : 20544, 14, 2024/04/23, 16:41:05.347, 3627757717817, vstest.console.dll, MulticastDelegateUtilities.SafeInvoke: LengthPrefixCommunicationChannel: MessageReceived: Invoking callback 1/1 for Microsoft.VisualStudio.TestPlatform.CommunicationUtilities.TestRequestSender+<>c__DisplayClass34_0., took 0 ms.
TpTrace Verbose: 0 : 20544, 14, 2024/04/23, 16:41:05.347, 3627757720066, vstest.console.dll, TcpClientExtensions.MessageLoopAsync: Polling on remoteEndPoint: 127.0.0.1:62074 localEndPoint: 127.0.0.1:62073 after 41 ms
TpTrace Verbose: 0 : 20544, 14, 2024/04/23, 16:41:05.504, 3627759286100, vstest.console.dll, TcpClientExtensions.MessageLoopAsync: NotifyDataAvailable remoteEndPoint: 127.0.0.1:62074 localEndPoint: 127.0.0.1:62073
TpTrace Verbose: 0 : 20544, 14, 2024/04/23, 16:41:05.504, 3627759288456, vstest.console.dll, TestRequestSender.OnExecutionMessageReceived: Received message: {"Version":5,"MessageType":"TestSession.Message","Payload":{"MessageLevel":0,"Message":"   NUnit3TestExecutor discovered 36 of 36 NUnit test cases using Current Discovery mode, Non-Explicit run"}}
TpTrace Verbose: 0 : 20544, 14, 2024/04/23, 16:41:05.504, 3627759289971, vstest.console.dll, TestRunRequest:SendTestRunMessage: Starting.
TpTrace Verbose: 0 : 20544, 14, 2024/04/23, 16:41:05.504, 3627759290642, vstest.console.dll, MulticastDelegateUtilities.SafeInvoke: TestRun.LogMessages: Invoking callback 1/1 for Microsoft.VisualStudio.TestPlatform.CommandLine.TestRunResultAggregator., took 0 ms.
TpTrace Information: 0 : 20544, 14, 2024/04/23, 16:41:05.504, 3627759291159, vstest.console.dll, TestRunRequest:SendTestRunMessage: Completed.
TpTrace Verbose: 0 : 20544, 5, 2024/04/23, 16:41:05.504, 3627759290842, vstest.console.dll, MulticastDelegateUtilities.SafeInvoke: InternalTestLoggerEvents.SendTestRunMessage: Invoking callback 1/1 for Microsoft.VisualStudio.TestPlatform.CommandLine.Internal.ConsoleLogger., took 0 ms.
TpTrace Verbose: 0 : 20544, 14, 2024/04/23, 16:41:05.504, 3627759291546, vstest.console.dll, MulticastDelegateUtilities.SafeInvoke: LengthPrefixCommunicationChannel: MessageReceived: Invoking callback 1/1 for Microsoft.VisualStudio.TestPlatform.CommunicationUtilities.TestRequestSender+<>c__DisplayClass34_0., took 0 ms.
TpTrace Verbose: 0 : 20544, 14, 2024/04/23, 16:41:05.504, 3627759293181, vstest.console.dll, TcpClientExtensions.MessageLoopAsync: Polling on remoteEndPoint: 127.0.0.1:62074 localEndPoint: 127.0.0.1:62073 after 157 ms
TpTrace Verbose: 0 : 20544, 14, 2024/04/23, 16:41:05.725, 3627761500559, vstest.console.dll, TcpClientExtensions.MessageLoopAsync: NotifyDataAvailable remoteEndPoint: 127.0.0.1:62074 localEndPoint: 127.0.0.1:62073
TpTrace Verbose: 0 : 20544, 14, 2024/04/23, 16:41:05.726, 3627761505200, vstest.console.dll, TestRequestSender.OnExecutionMessageReceived: Received message: {"Version":5,"MessageType":"TestExecution.StatsChange","Payload":{"NewTestResults":[{"TestCase":{"Id":"18e0e41e-434a-3803-c891-842f29c1249e","FullyQualifiedName":"ClinicTrackerBLTest.AppointmentBLTest.ChangeAppointmentDateExceptionTest","DisplayName":"ChangeAppointmentDateExceptionTest","ExecutorUri":"executor://NUnit3TestExecutor","Source":"C:\\Users\\VC\\Desktop\\PRESIDIO - DAILY WORK PROGRESS\\DAY 7 - 17.04.2024\\DAY 7 - 17.04.2024\\ClinicTrackerSolution\\ClinicTrackerBLTest\\bin\\Debug\\net6.0\\fine-code-coverage\\build-output\\ClinicTrackerBLTest.dll","CodeFilePath":null,"LineNumber":0,"Properties":[{"Key":{"Id":"NUnit.Seed","Label":"Seed","Category":"","Description":"","Attributes":0,"ValueType":"System.String"},"Value":"687912121"}]},"Attachments":[],"Outcome":2,"ErrorMessage":"  Expected string length 43 but was 21. Strings differ at index 0.\r\n  Expected: \"The method or operation is not implemented.\"\r\n  But was:  \"No Appointment Found!\"\r\n  -----------^\r\n","ErrorStackTrace":"   at ClinicTrackerBLTest.AppointmentBLTest.ChangeAppointmentDateExceptionTest() in C:\\Users\\VC\\Desktop\\PRESIDIO - DAILY WORK PROGRESS\\DAY 7 - 17.04.2024\\DAY 7 - 17.04.2024\\ClinicTrackerSolution\\ClinicTrackerBLTest\\AppointmentBLTest.cs:line 67\r\n","DisplayName":"ChangeAppointmentDateExceptionTest","Messages":[],"ComputerName":"BYQBBX3","Duration":"00:00:00.0672230","StartTime":"2024-04-23T11:11:05.5324324+00:00","EndTime":"2024-04-23T11:11:05.5995168+00:00","Properties":[{"Key":{"Id":"NUnit.Seed","Label":"Seed","Category":"","Description":"","Attributes":0,"ValueType":"System.String"},"Value":"687912121"}]},{"TestCase":{"Id":"ed0a917a-9c1c-c66e-b787-805e52b8dc45","FullyQualifiedName":"ClinicTrackerBLTest.AppointmentBLTest.ChangeAppointmentDateFail","DisplayName":"ChangeAppointmentDateFail","ExecutorUri":"executor://NUnit3TestExecutor","Source":"C:\\Users\\VC\\Desktop\\PRESIDIO - DAILY WORK PROGRESS\\DAY 7 - 17.04.2024\\DAY 7 - 17.04.2024\\ClinicTrackerSolution\\ClinicTrackerBLTest\\bin\\Debug\\net6.0\\fine-code-coverage\\build-output\\ClinicTrackerBLTest.dll","CodeFilePath":null,"LineNumber":0,"Properties":[{"Key":{"Id":"NUnit.Seed","Label":"Seed","Category":"","Description":"","Attributes":0,"ValueType":"System.String"},"Value":"1901845224"}]},"Attachments":[],"Outcome":2,"ErrorMessage":"ClinicTrackerBLLibrary.AppointmentNotFoundException : No Appointment Found!","ErrorStackTrace":"   at ClinicTrackerBLLibrary.AppointmentBusninessLogic.ChangeAppointmentDate(Int32 id, DateTime date) in C:\\Users\\VC\\Desktop\\PRESIDIO - DAILY WORK PROGRESS\\DAY 7 - 17.04.2024\\DAY 7 - 17.04.2024\\ClinicTrackerSolution\\ClinicTrackerBLLibrary\\AppointmentBusninessLogic.cs:line 40\r\n   at ClinicTrackerBLTest.AppointmentBLTest.ChangeAppointmentDateFail() in C:\\Users\\VC\\Desktop\\PRESIDIO - DAILY WORK PROGRESS\\DAY 7 - 17.04.2024\\DAY 7 - 17.04.2024\\ClinicTrackerSolution\\ClinicTrackerBLTest\\AppointmentBLTest.cs:line 57","DisplayName":"ChangeAppointmentDateFail","Messages":[],"ComputerName":"BYQBBX3","Duration":"00:00:00.0126700","StartTime":"2024-04-23T11:11:05.6021677+00:00","EndTime":"2024-04-23T11:11:05.6148383+00:00","Properties":[{"Key":{"Id":"NUnit.Seed","Label":"Seed","Category":"","Description":"","Attributes":0,"ValueType":"System.String"},"Value":"1901845224"}]},{"TestCase":{"Id":"0af139e9-f160-ea13-d444-6fae4c3ea490","FullyQualifiedName":"ClinicTrackerBLTest.AppointmentBLTest.ChangeAppointmentDateSuccess","DisplayName":"ChangeAppointmentDateSuccess","ExecutorUri":"executor://NUnit3TestExecutor","Source":"C:\\Users\\VC\\Desktop\\PRESIDIO - DAILY WORK PROGRESS\\DAY 7 - 17.04.2024\\DAY 7 - 17.04.2024\\ClinicTrackerSolution\\ClinicTrackerBLTest\\bin\\Debug\\net6.0\\fine-code-coverage\\build-output\\ClinicTrackerBLTest.dll","CodeFilePath":null,"LineNumber":0,"Properties":[{"Key":{"Id":"NUnit.Seed","Label":"Seed","Category":"","Description":"","Attributes":0,"ValueType":"System.String"},"Value":"885680973"}]},"Attachments":[],"Outcome":1,"ErrorMessage":null,"ErrorStackTrace":null,"DisplayName":"ChangeAppointmentDateSuccess","Messages":[],"ComputerName":"BYQBBX3","Duration":"00:00:00.0040679","StartTime":"2024-04-23T11:11:05.6149376+00:00","EndTime":"2024-04-23T11:11:05.6190049+00:00","Properties":[{"Key":{"Id":"NUnit.Seed","Label":"Seed","Category":"","Description":"","Attributes":0,"ValueType":"System.String"},"Value":"885680973"}]},{"TestCase":{"Id":"b6bc21ec-77be-c466-15e5-1a2eeef91602","FullyQualifiedName":"ClinicTrackerBLTest.AppointmentBLTest.ChangeAppointmenttoDoctorExceptionTest","DisplayName":"ChangeAppointmenttoDoctorExceptionTest","ExecutorUri":"executor://NUnit3TestExecutor","Source":"C:\\Users\\VC\\Desktop\\PRESIDIO - DAILY WORK PROGRESS\\DAY 7 - 17.04.2024\\DAY 7 - 17.04.2024\\ClinicTrackerSolution\\ClinicTrackerBLTest\\bin\\Debug\\net6.0\\fine-code-coverage\\build-output\\ClinicTrackerBLTest.dll","CodeFilePath":null,"LineNumber":0,"Properties":[{"Key":{"Id":"NUnit.Seed","Label":"Seed","Category":"","Description":"","Attributes":0,"ValueType":"System.String"},"Value":"855162558"}]},"Attachments":[],"Outcome":2,"ErrorMessage":"  Expected string length 43 but was 21. Strings differ at index 0.\r\n  Expected: \"The method or operation is not implemented.\"\r\n  But was:  \"No Appointment Found!\"\r\n  -----------^\r\n","ErrorStackTrace":"   at ClinicTrackerBLTest.AppointmentBLTest.ChangeAppointmenttoDoctorExceptionTest() in C:\\Users\\VC\\Desktop\\PRESIDIO - DAILY WORK PROGRESS\\DAY 7 - 17.04.2024\\DAY 7 - 17.04.2024\\ClinicTrackerSolution\\ClinicTrackerBLTest\\AppointmentBLTest.cs:line 45\r\n","DisplayName":"ChangeAppointmenttoDoctorExceptionTest","Messages":[],"ComputerName":"BYQBBX3","Duration":"00:00:00.0018880","StartTime":"2024-04-23T11:11:05.6190512+00:00","EndTime":"2024-04-23T11:11:05.6209384+00:00","Properties":[{"Key":{"Id":"NUnit.Seed","Label":"Seed","Category":"","Description":"","Attributes":0,"ValueType":"System.String"},"Value":"855162558"}]},{"TestCase":{"Id":"c4421e35-b77e-a1c1-999f-b683db0d5ea1","FullyQualifiedName":"ClinicTrackerBLTest.AppointmentBLTest.ChangeAppointmenttoDoctorFail","DisplayName":"ChangeAppointmenttoDoctorFail","ExecutorUri":"executor://NUnit3TestExecutor","Source":"C:\\Users\\VC\\Desktop\\PRESIDIO - DAILY WORK PROGRESS\\DAY 7 - 17.04.2024\\DAY 7 - 17.04.2024\\ClinicTrackerSolution\\ClinicTrackerBLTest\\bin\\Debug\\net6.0\\fine-code-coverage\\build-output\\ClinicTrackerBLTest.dll","CodeFilePath":null,"LineNumber":0,"Properties":[{"Key":{"Id":"NUnit.Seed","Label":"Seed","Category":"","Description":"","Attributes":0,"ValueType":"System.String"},"Value":"362729506"}]},"Attachments":[],"Outcome":2,"ErrorMessage":"ClinicTrackerBLLibrary.AppointmentNotFoundException : No Appointment Found!","ErrorStackTrace":"   at ClinicTrackerBLLibrary.AppointmentBusninessLogic.ChangeAppointmenttoDoctors(Int32 id, String NewDoctorName) in C:\\Users\\VC\\Desktop\\PRESIDIO - DAILY WORK PROGRESS\\DAY 7 - 17.04.2024\\DAY 7 - 17.04.2024\\ClinicTrackerSolution\\ClinicTrackerBLLibrary\\AppointmentBusninessLogic.cs:line 52\r\n   at ClinicTrackerBLTest.AppointmentBLTest.ChangeAppointmenttoDoctorFail() in C:\\Users\\VC\\Desktop\\PRESIDIO - DAILY WORK PROGRESS\\DAY 7 - 17.04.2024\\DAY 7 - 17.04.2024\\ClinicTrackerSolution\\ClinicTrackerBLTest\\AppointmentBLTest.cs:line 36","DisplayName":"ChangeAppointmenttoDoctorFail","Messages":[],"ComputerName":"BYQBBX3","Duration":"00:00:00.0011340","StartTime":"2024-04-23T11:11:05.6209872+00:00","EndTime":"2024-04-23T11:11:05.6221202+00:00","Properties":[{"Key":{"Id":"NUnit.Seed","Label":"Seed","Category":"","Description":"","Attributes":0,"ValueType":"System.String"},"Value":"362729506"}]},{"TestCase":{"Id":"565d3b24-cc8a-6238-08d5-1cea7a86795d","FullyQualifiedName":"ClinicTrackerBLTest.AppointmentBLTest.ChangeAppointmenttoDoctorSuccess","DisplayName":"ChangeAppointmenttoDoctorSuccess","ExecutorUri":"executor://NUnit3TestExecutor","Source":"C:\\Users\\VC\\Desktop\\PRESIDIO - DAILY WORK PROGRESS\\DAY 7 - 17.04.2024\\DAY 7 - 17.04.2024\\ClinicTrackerSolution\\ClinicTrackerBLTest\\bin\\Debug\\net6.0\\fine-code-coverage\\build-output\\ClinicTrackerBLTest.dll","CodeFilePath":null,"LineNumber":0,"Properties":[{"Key":{"Id":"NUnit.Seed","Label":"Seed","Category":"","Description":"","Attributes":0,"ValueType":"System.String"},"Value":"1203304392"}]},"Attachments":[],"Outcome":1,"ErrorMessage":null,"ErrorStackTrace":null,"DisplayName":"ChangeAppointmenttoDoctorSuccess","Messages":[],"ComputerName":"BYQBBX3","Duration":"00:00:00.0002740","StartTime":"2024-04-23T11:11:05.6221524+00:00","EndTime":"2024-04-23T11:11:05.6224265+00:00","Properties":[{"Key":{"Id":"NUnit.Seed","Label":"Seed","Category":"","Description":"","Attributes":0,"ValueType":"System.String"},"Value":"1203304392"}]},{"TestCase":{"Id":"544ed0c7-e4b5-99c9-b17a-4be339ba735a","FullyQualifiedName":"ClinicTrackerBLTest.AppointmentBLTest.DeleteAppointmentExceptionTest","DisplayName":"DeleteAppointmentExceptionTest","ExecutorUri":"executor://NUnit3TestExecutor","Source":"C:\\Users\\VC\\Desktop\\PRESIDIO - DAILY WORK PROGRESS\\DAY 7 - 17.04.2024\\DAY 7 - 17.04.2024\\ClinicTrackerSolution\\ClinicTrackerBLTest\\bin\\Debug\\net6.0\\fine-code-coverage\\build-output\\ClinicTrackerBLTest.dll","CodeFilePath":null,"LineNumber":0,"Properties":[{"Key":{"Id":"NUnit.Seed","Label":"Seed","Category":"","Description":"","Attributes":0,"ValueType":"System.String"},"Value":"175928280"}]},"Attachments":[],"Outcome":2,"ErrorMessage":"  Expected string length 43 but was 21. Strings differ at index 0.\r\n  Expected: \"The method or operation is not implemented.\"\r\n  But was:  \"No Appointment Found!\"\r\n  -----------^\r\n","ErrorStackTrace":"   at ClinicTrackerBLTest.AppointmentBLTest.DeleteAppointmentExceptionTest() in C:\\Users\\VC\\Desktop\\PRESIDIO - DAILY WORK PROGRESS\\DAY 7 - 17.04.2024\\DAY 7 - 17.04.2024\\ClinicTrackerSolution\\ClinicTrackerBLTest\\AppointmentBLTest.cs:line 87\r\n","DisplayName":"DeleteAppointmentExceptionTest","Messages":[],"ComputerName":"BYQBBX3","Duration":"00:00:00.0017130","StartTime":"2024-04-23T11:11:05.6224393+00:00","EndTime":"2024-04-23T11:11:05.6241512+00:00","Properties":[{"Key":{"Id":"NUnit.Seed","Label":"Seed","Category":"","Description":"","Attributes":0,"ValueType":"System.String"},"Value":"175928280"}]},{"TestCase":{"Id":"a283b566-f90b-6c77-ec98-4d62380fde4f","FullyQualifiedName":"ClinicTrackerBLTest.AppointmentBLTest.DeleteAppointmentfail","DisplayName":"DeleteAppointmentfail","ExecutorUri":"executor://NUnit3TestExecutor","Source":"C:\\Users\\VC\\Desktop\\PRESIDIO - DAILY WORK PROGRESS\\DAY 7 - 17.04.2024\\DAY 7 - 17.04.2024\\ClinicTrackerSolution\\ClinicTrackerBLTest\\bin\\Debug\\net6.0\\fine-code-coverage\\build-output\\ClinicTrackerBLTest.dll","CodeFilePath":null,"LineNumber":0,"Properties":[{"Key":{"Id":"NUnit.Seed","Label":"Seed","Category":"","Description":"","Attributes":0,"ValueType":"System.String"},"Value":"2031771630"}]},"Attachments":[],"Outcome":2,"ErrorMessage":"ClinicTrackerBLLibrary.AppointmentNotFoundException : No Appointment Found!","ErrorStackTrace":"   at ClinicTrackerBLLibrary.AppointmentBusninessLogic.DeleteAppointments(Int32 id) in C:\\Users\\VC\\Desktop\\PRESIDIO - DAILY WORK PROGRESS\\DAY 7 - 17.04.2024\\DAY 7 - 17.04.2024\\ClinicTrackerSolution\\ClinicTrackerBLLibrary\\AppointmentBusninessLogic.cs:line 62\r\n   at ClinicTrackerBLTest.AppointmentBLTest.DeleteAppointmentfail() in C:\\Users\\VC\\Desktop\\PRESIDIO - DAILY WORK PROGRESS\\DAY 7 - 17.04.2024\\DAY 7 - 17.04.2024\\ClinicTrackerSolution\\ClinicTrackerBLTest\\AppointmentBLTest.cs:line 78","DisplayName":"DeleteAppointmentfail","Messages":[],"ComputerName":"BYQBBX3","Duration":"00:00:00.0009090","StartTime":"2024-04-23T11:11:05.6241838+00:00","EndTime":"2024-04-23T11:11:05.6250921+00:00","Properties":[{"Key":{"Id":"NUnit.Seed","Label":"Seed","Category":"","Description":"","Attributes":0,"ValueType":"System.String"},"Value":"2031771630"}]},{"TestCase":{"Id":"14996310-2d65-04bd-1444-ffeac26bd6f2","FullyQualifiedName":"ClinicTrackerBLTest.AppointmentBLTest.DeleteAppointmentSuccess","DisplayName":"DeleteAppointmentSuccess","ExecutorUri":"executor://NUnit3TestExecutor","Source":"C:\\Users\\VC\\Desktop\\PRESIDIO - DAILY WORK PROGRESS\\DAY 7 - 17.04.2024\\DAY 7 - 17.04.2024\\ClinicTrackerSolution\\ClinicTrackerBLTest\\bin\\Debug\\net6.0\\fine-code-coverage\\build-output\\ClinicTrackerBLTest.dll","CodeFilePath":null,"LineNumber":0,"Properties":[{"Key":{"Id":"NUnit.Seed","Label":"Seed","Category":"","Description":"","Attributes":0,"ValueType":"System.String"},"Value":"1755373927"}]},"Attachments":[],"Outcome":1,"ErrorMessage":null,"ErrorStackTrace":null,"DisplayName":"DeleteAppointmentSuccess","Messages":[],"ComputerName":"BYQBBX3","Duration":"00:00:00.0003130","StartTime":"2024-04-23T11:11:05.6251469+00:00","EndTime":"2024-04-23T11:11:05.6254598+00:00","Properties":[{"Key":{"Id":"NUnit.Seed","Label":"Seed","Category":"","Description":"","Attributes":0,"ValueType":"System.String"},"Value":"1755373927"}]}],"TestRunStatistics":{"ExecutedTests":9,"Stats":{"Failed":6,"Passed":3}},"ActiveTests":[{"Id":"0685c798-d456-6cd8-2106-cf7dc023d1b4","FullyQualifiedName":"ClinicTrackerBLTest.DoctorBLTest.ChangeDoctorExperienceExceptionTest","DisplayName":"ChangeDoctorExperienceExceptionTest","ExecutorUri":"executor://NUnit3TestExecutor","Source":"C:\\Users\\VC\\Desktop\\PRESIDIO - DAILY WORK PROGRESS\\DAY 7 - 17.04.2024\\DAY 7 - 17.04.2024\\ClinicTrackerSolution\\ClinicTrackerBLTest\\bin\\Debug\\net6.0\\fine-code-coverage\\build-output\\ClinicTrackerBLTest.dll","CodeFilePath":null,"LineNumber":0,"Properties":[{"Key":{"Id":"NUnit.Seed","Label":"Seed","Category":"","Description":"","Attributes":0,"ValueType":"System.String"},"Value":"1532349142"}]}]}}
TpTrace Verbose: 0 : 20544, 14, 2024/04/23, 16:41:05.751, 3627761760958, vstest.console.dll, TestRunRequest:SendTestRunStatsChange: Starting.
TpTrace Verbose: 0 : 20544, 14, 2024/04/23, 16:41:05.751, 3627761762546, vstest.console.dll, InProgress is ChangeDoctorExperienceExceptionTest
TpTrace Verbose: 0 : 20544, 14, 2024/04/23, 16:41:05.752, 3627761765517, vstest.console.dll, MulticastDelegateUtilities.SafeInvoke: TestRun.RunStatsChanged: Invoking callbacks was skipped because there are no subscribers.
TpTrace Information: 0 : 20544, 14, 2024/04/23, 16:41:05.752, 3627761766223, vstest.console.dll, TestRunRequest:SendTestRunStatsChange: Completed.
TpTrace Verbose: 0 : 20544, 14, 2024/04/23, 16:41:05.752, 3627761766751, vstest.console.dll, MulticastDelegateUtilities.SafeInvoke: LengthPrefixCommunicationChannel: MessageReceived: Invoking callback 1/1 for Microsoft.VisualStudio.TestPlatform.CommunicationUtilities.TestRequestSender+<>c__DisplayClass34_0., took 26 ms.
TpTrace Verbose: 0 : 20544, 14, 2024/04/23, 16:41:05.752, 3627761767237, vstest.console.dll, TcpClientExtensions.MessageLoopAsync: Polling on remoteEndPoint: 127.0.0.1:62074 localEndPoint: 127.0.0.1:62073 after 247 ms
TpTrace Verbose: 0 : 20544, 14, 2024/04/23, 16:41:05.754, 3627761785760, vstest.console.dll, TcpClientExtensions.MessageLoopAsync: NotifyDataAvailable remoteEndPoint: 127.0.0.1:62074 localEndPoint: 127.0.0.1:62073
TpTrace Verbose: 0 : 20544, 14, 2024/04/23, 16:41:05.754, 3627761792324, vstest.console.dll, TestRequestSender.OnExecutionMessageReceived: Received message: {"Version":5,"MessageType":"TestExecution.StatsChange","Payload":{"NewTestResults":[{"TestCase":{"Id":"0685c798-d456-6cd8-2106-cf7dc023d1b4","FullyQualifiedName":"ClinicTrackerBLTest.DoctorBLTest.ChangeDoctorExperienceExceptionTest","DisplayName":"ChangeDoctorExperienceExceptionTest","ExecutorUri":"executor://NUnit3TestExecutor","Source":"C:\\Users\\VC\\Desktop\\PRESIDIO - DAILY WORK PROGRESS\\DAY 7 - 17.04.2024\\DAY 7 - 17.04.2024\\ClinicTrackerSolution\\ClinicTrackerBLTest\\bin\\Debug\\net6.0\\fine-code-coverage\\build-output\\ClinicTrackerBLTest.dll","CodeFilePath":null,"LineNumber":0,"Properties":[{"Key":{"Id":"NUnit.Seed","Label":"Seed","Category":"","Description":"","Attributes":0,"ValueType":"System.String"},"Value":"1532349142"}]},"Attachments":[],"Outcome":2,"ErrorMessage":"  Expected string length 43 but was 16. Strings differ at index 0.\r\n  Expected: \"The method or operation is not implemented.\"\r\n  But was:  \"No Doctor Found!\"\r\n  -----------^\r\n","ErrorStackTrace":"   at ClinicTrackerBLTest.DoctorBLTest.ChangeDoctorExperienceExceptionTest() in C:\\Users\\VC\\Desktop\\PRESIDIO - DAILY WORK PROGRESS\\DAY 7 - 17.04.2024\\DAY 7 - 17.04.2024\\ClinicTrackerSolution\\ClinicTrackerBLTest\\DoctorBLTest.cs:line 39\r\n","DisplayName":"ChangeDoctorExperienceExceptionTest","Messages":[],"ComputerName":"BYQBBX3","Duration":"00:00:00.0036010","StartTime":"2024-04-23T11:11:05.6298018+00:00","EndTime":"2024-04-23T11:11:05.6334022+00:00","Properties":[{"Key":{"Id":"NUnit.Seed","Label":"Seed","Category":"","Description":"","Attributes":0,"ValueType":"System.String"},"Value":"1532349142"}]},{"TestCase":{"Id":"d39b43d3-a7ce-9d31-075c-fa9c6c965b73","FullyQualifiedName":"ClinicTrackerBLTest.DoctorBLTest.ChangeDoctorExperienceFail","DisplayName":"ChangeDoctorExperienceFail","ExecutorUri":"executor://NUnit3TestExecutor","Source":"C:\\Users\\VC\\Desktop\\PRESIDIO - DAILY WORK PROGRESS\\DAY 7 - 17.04.2024\\DAY 7 - 17.04.2024\\ClinicTrackerSolution\\ClinicTrackerBLTest\\bin\\Debug\\net6.0\\fine-code-coverage\\build-output\\ClinicTrackerBLTest.dll","CodeFilePath":null,"LineNumber":0,"Properties":[{"Key":{"Id":"NUnit.Seed","Label":"Seed","Category":"","Description":"","Attributes":0,"ValueType":"System.String"},"Value":"773530321"}]},"Attachments":[],"Outcome":2,"ErrorMessage":"ClinicTrackerBLLibrary.DoctorNotFoundException : No Doctor Found!","ErrorStackTrace":"   at ClinicAppointmentBLLibrary.DoctorBusinessLogic.ChangeDoctorExperience(Int32 id, Double newExperience) in C:\\Users\\VC\\Desktop\\PRESIDIO - DAILY WORK PROGRESS\\DAY 7 - 17.04.2024\\DAY 7 - 17.04.2024\\ClinicTrackerSolution\\ClinicTrackerBLLibrary\\DoctorBusinessLogic.cs:line 35\r\n   at ClinicTrackerBLTest.DoctorBLTest.ChangeDoctorExperienceFail() in C:\\Users\\VC\\Desktop\\PRESIDIO - DAILY WORK PROGRESS\\DAY 7 - 17.04.2024\\DAY 7 - 17.04.2024\\ClinicTrackerSolution\\ClinicTrackerBLTest\\DoctorBLTest.cs:line 30","DisplayName":"ChangeDoctorExperienceFail","Messages":[],"ComputerName":"BYQBBX3","Duration":"00:00:00.0012760","StartTime":"2024-04-23T11:11:05.6334345+00:00","EndTime":"2024-04-23T11:11:05.63471+00:00","Properties":[{"Key":{"Id":"NUnit.Seed","Label":"Seed","Category":"","Description":"","Attributes":0,"ValueType":"System.String"},"Value":"773530321"}]},{"TestCase":{"Id":"b5322f3c-c086-0ba4-19dd-49c79e7a7c96","FullyQualifiedName":"ClinicTrackerBLTest.DoctorBLTest.ChangeDoctorExperienceSuccess","DisplayName":"ChangeDoctorExperienceSuccess","ExecutorUri":"executor://NUnit3TestExecutor","Source":"C:\\Users\\VC\\Desktop\\PRESIDIO - DAILY WORK PROGRESS\\DAY 7 - 17.04.2024\\DAY 7 - 17.04.2024\\ClinicTrackerSolution\\ClinicTrackerBLTest\\bin\\Debug\\net6.0\\fine-code-coverage\\build-output\\ClinicTrackerBLTest.dll","CodeFilePath":null,"LineNumber":0,"Properties":[{"Key":{"Id":"NUnit.Seed","Label":"Seed","Category":"","Description":"","Attributes":0,"ValueType":"System.String"},"Value":"1751006193"}]},"Attachments":[],"Outcome":1,"ErrorMessage":null,"ErrorStackTrace":null,"DisplayName":"ChangeDoctorExperienceSuccess","Messages":[],"ComputerName":"BYQBBX3","Duration":"00:00:00.0007440","StartTime":"2024-04-23T11:11:05.6348956+00:00","EndTime":"2024-04-23T11:11:05.6356389+00:00","Properties":[{"Key":{"Id":"NUnit.Seed","Label":"Seed","Category":"","Description":"","Attributes":0,"ValueType":"System.String"},"Value":"1751006193"}]},{"TestCase":{"Id":"73d4dbf8-103c-b50a-88c7-c3c2da92c080","FullyQualifiedName":"ClinicTrackerBLTest.DoctorBLTest.ChangeDoctorNameExceptionTest","DisplayName":"ChangeDoctorNameExceptionTest","ExecutorUri":"executor://NUnit3TestExecutor","Source":"C:\\Users\\VC\\Desktop\\PRESIDIO - DAILY WORK PROGRESS\\DAY 7 - 17.04.2024\\DAY 7 - 17.04.2024\\ClinicTrackerSolution\\ClinicTrackerBLTest\\bin\\Debug\\net6.0\\fine-code-coverage\\build-output\\ClinicTrackerBLTest.dll","CodeFilePath":null,"LineNumber":0,"Properties":[{"Key":{"Id":"NUnit.Seed","Label":"Seed","Category":"","Description":"","Attributes":0,"ValueType":"System.String"},"Value":"2007458385"}]},"Attachments":[],"Outcome":2,"ErrorMessage":"  Expected string length 43 but was 16. Strings differ at index 0.\r\n  Expected: \"The method or operation is not implemented.\"\r\n  But was:  \"No Doctor Found!\"\r\n  -----------^\r\n","ErrorStackTrace":"   at ClinicTrackerBLTest.DoctorBLTest.ChangeDoctorNameExceptionTest() in C:\\Users\\VC\\Desktop\\PRESIDIO - DAILY WORK PROGRESS\\DAY 7 - 17.04.2024\\DAY 7 - 17.04.2024\\ClinicTrackerSolution\\ClinicTrackerBLTest\\DoctorBLTest.cs:line 59\r\n","DisplayName":"ChangeDoctorNameExceptionTest","Messages":[],"ComputerName":"BYQBBX3","Duration":"00:00:00.0018810","StartTime":"2024-04-23T11:11:05.6356775+00:00","EndTime":"2024-04-23T11:11:05.6375582+00:00","Properties":[{"Key":{"Id":"NUnit.Seed","Label":"Seed","Category":"","Description":"","Attributes":0,"ValueType":"System.String"},"Value":"2007458385"}]},{"TestCase":{"Id":"ee9bfb31-f927-08f9-7d5a-ff0a59deed88","FullyQualifiedName":"ClinicTrackerBLTest.DoctorBLTest.ChangeDoctorNameFail","DisplayName":"ChangeDoctorNameFail","ExecutorUri":"executor://NUnit3TestExecutor","Source":"C:\\Users\\VC\\Desktop\\PRESIDIO - DAILY WORK PROGRESS\\DAY 7 - 17.04.2024\\DAY 7 - 17.04.2024\\ClinicTrackerSolution\\ClinicTrackerBLTest\\bin\\Debug\\net6.0\\fine-code-coverage\\build-output\\ClinicTrackerBLTest.dll","CodeFilePath":null,"LineNumber":0,"Properties":[{"Key":{"Id":"NUnit.Seed","Label":"Seed","Category":"","Description":"","Attributes":0,"ValueType":"System.String"},"Value":"1333957595"}]},"Attachments":[],"Outcome":2,"ErrorMessage":"ClinicTrackerBLLibrary.DoctorNotFoundException : No Doctor Found!","ErrorStackTrace":"   at ClinicAppointmentBLLibrary.DoctorBusinessLogic.ChangeDoctorName(Int32 id, String NewDoctorName) in C:\\Users\\VC\\Desktop\\PRESIDIO - DAILY WORK PROGRESS\\DAY 7 - 17.04.2024\\DAY 7 - 17.04.2024\\ClinicTrackerSolution\\ClinicTrackerBLLibrary\\DoctorBusinessLogic.cs:line 47\r\n   at ClinicTrackerBLTest.DoctorBLTest.ChangeDoctorNameFail() in C:\\Users\\VC\\Desktop\\PRESIDIO - DAILY WORK PROGRESS\\DAY 7 - 17.04.2024\\DAY 7 - 17.04.2024\\ClinicTrackerSolution\\ClinicTrackerBLTest\\DoctorBLTest.cs:line 50","DisplayName":"ChangeDoctorNameFail","Messages":[],"ComputerName":"BYQBBX3","Duration":"00:00:00.0007670","StartTime":"2024-04-23T11:11:05.6375816+00:00","EndTime":"2024-04-23T11:11:05.6383481+00:00","Properties":[{"Key":{"Id":"NUnit.Seed","Label":"Seed","Category":"","Description":"","Attributes":0,"ValueType":"System.String"},"Value":"1333957595"}]},{"TestCase":{"Id":"1f3e9b94-833a-cc79-abc9-73731af74dc3","FullyQualifiedName":"ClinicTrackerBLTest.DoctorBLTest.ChangeDoctorNameSuccess","DisplayName":"ChangeDoctorNameSuccess","ExecutorUri":"executor://NUnit3TestExecutor","Source":"C:\\Users\\VC\\Desktop\\PRESIDIO - DAILY WORK PROGRESS\\DAY 7 - 17.04.2024\\DAY 7 - 17.04.2024\\ClinicTrackerSolution\\ClinicTrackerBLTest\\bin\\Debug\\net6.0\\fine-code-coverage\\build-output\\ClinicTrackerBLTest.dll","CodeFilePath":null,"LineNumber":0,"Properties":[{"Key":{"Id":"NUnit.Seed","Label":"Seed","Category":"","Description":"","Attributes":0,"ValueType":"System.String"},"Value":"358173925"}]},"Attachments":[],"Outcome":1,"ErrorMessage":null,"ErrorStackTrace":null,"DisplayName":"ChangeDoctorNameSuccess","Messages":[],"ComputerName":"BYQBBX3","Duration":"00:00:00.0001810","StartTime":"2024-04-23T11:11:05.6383655+00:00","EndTime":"2024-04-23T11:11:05.638546+00:00","Properties":[{"Key":{"Id":"NUnit.Seed","Label":"Seed","Category":"","Description":"","Attributes":0,"ValueType":"System.String"},"Value":"358173925"}]},{"TestCase":{"Id":"98274b0b-29fc-7cb1-c5fd-79ead4797e46","FullyQualifiedName":"ClinicTrackerBLTest.DoctorBLTest.ChangeDoctorSpecializationExceptionTest","DisplayName":"ChangeDoctorSpecializationExceptionTest","ExecutorUri":"executor://NUnit3TestExecutor","Source":"C:\\Users\\VC\\Desktop\\PRESIDIO - DAILY WORK PROGRESS\\DAY 7 - 17.04.2024\\DAY 7 - 17.04.2024\\ClinicTrackerSolution\\ClinicTrackerBLTest\\bin\\Debug\\net6.0\\fine-code-coverage\\build-output\\ClinicTrackerBLTest.dll","CodeFilePath":null,"LineNumber":0,"Properties":[{"Key":{"Id":"NUnit.Seed","Label":"Seed","Category":"","Description":"","Attributes":0,"ValueType":"System.String"},"Value":"1978999704"}]},"Attachments":[],"Outcome":2,"ErrorMessage":"  Expected string length 43 but was 16. Strings differ at index 0.\r\n  Expected: \"The method or operation is not implemented.\"\r\n  But was:  \"No Doctor Found!\"\r\n  -----------^\r\n","ErrorStackTrace":"   at ClinicTrackerBLTest.DoctorBLTest.ChangeDoctorSpecializationExceptionTest() in C:\\Users\\VC\\Desktop\\PRESIDIO - DAILY WORK PROGRESS\\DAY 7 - 17.04.2024\\DAY 7 - 17.04.2024\\ClinicTrackerSolution\\ClinicTrackerBLTest\\DoctorBLTest.cs:line 79\r\n","DisplayName":"ChangeDoctorSpecializationExceptionTest","Messages":[],"ComputerName":"BYQBBX3","Duration":"00:00:00.0011670","StartTime":"2024-04-23T11:11:05.6385567+00:00","EndTime":"2024-04-23T11:11:05.6397233+00:00","Properties":[{"Key":{"Id":"NUnit.Seed","Label":"Seed","Category":"","Description":"","Attributes":0,"ValueType":"System.String"},"Value":"1978999704"}]},{"TestCase":{"Id":"14238573-1953-13a5-7455-99a15b06e474","FullyQualifiedName":"ClinicTrackerBLTest.DoctorBLTest.ChangeDoctorSpecializationFail","DisplayName":"ChangeDoctorSpecializationFail","ExecutorUri":"executor://NUnit3TestExecutor","Source":"C:\\Users\\VC\\Desktop\\PRESIDIO - DAILY WORK PROGRESS\\DAY 7 - 17.04.2024\\DAY 7 - 17.04.2024\\ClinicTrackerSolution\\ClinicTrackerBLTest\\bin\\Debug\\net6.0\\fine-code-coverage\\build-output\\ClinicTrackerBLTest.dll","CodeFilePath":null,"LineNumber":0,"Properties":[{"Key":{"Id":"NUnit.Seed","Label":"Seed","Category":"","Description":"","Attributes":0,"ValueType":"System.String"},"Value":"1860851954"}]},"Attachments":[],"Outcome":2,"ErrorMessage":"ClinicTrackerBLLibrary.DoctorNotFoundException : No Doctor Found!","ErrorStackTrace":"   at ClinicAppointmentBLLibrary.DoctorBusinessLogic.ChangeDoctorSpecialization(Int32 id, String NewSpecialization) in C:\\Users\\VC\\Desktop\\PRESIDIO - DAILY WORK PROGRESS\\DAY 7 - 17.04.2024\\DAY 7 - 17.04.2024\\ClinicTrackerSolution\\ClinicTrackerBLLibrary\\DoctorBusinessLogic.cs:line 59\r\n   at ClinicTrackerBLTest.DoctorBLTest.ChangeDoctorSpecializationFail() in C:\\Users\\VC\\Desktop\\PRESIDIO - DAILY WORK PROGRESS\\DAY 7 - 17.04.2024\\DAY 7 - 17.04.2024\\ClinicTrackerSolution\\ClinicTrackerBLTest\\DoctorBLTest.cs:line 70","DisplayName":"ChangeDoctorSpecializationFail","Messages":[],"ComputerName":"BYQBBX3","Duration":"00:00:00.0006940","StartTime":"2024-04-23T11:11:05.6397558+00:00","EndTime":"2024-04-23T11:11:05.6404495+00:00","Properties":[{"Key":{"Id":"NUnit.Seed","Label":"Seed","Category":"","Description":"","Attributes":0,"ValueType":"System.String"},"Value":"1860851954"}]},{"TestCase":{"Id":"2460305b-1722-7edc-2f11-fac20746149b","FullyQualifiedName":"ClinicTrackerBLTest.DoctorBLTest.ChangeDoctorSpecializationSuccess","DisplayName":"ChangeDoctorSpecializationSuccess","ExecutorUri":"executor://NUnit3TestExecutor","Source":"C:\\Users\\VC\\Desktop\\PRESIDIO - DAILY WORK PROGRESS\\DAY 7 - 17.04.2024\\DAY 7 - 17.04.2024\\ClinicTrackerSolution\\ClinicTrackerBLTest\\bin\\Debug\\net6.0\\fine-code-coverage\\build-output\\ClinicTrackerBLTest.dll","CodeFilePath":null,"LineNumber":0,"Properties":[{"Key":{"Id":"NUnit.Seed","Label":"Seed","Category":"","Description":"","Attributes":0,"ValueType":"System.String"},"Value":"1105233280"}]},"Attachments":[],"Outcome":1,"ErrorMessage":null,"ErrorStackTrace":null,"DisplayName":"ChangeDoctorSpecializationSuccess","Messages":[],"ComputerName":"BYQBBX3","Duration":"00:00:00.0002940","StartTime":"2024-04-23T11:11:05.6405632+00:00","EndTime":"2024-04-23T11:11:05.6408578+00:00","Properties":[{"Key":{"Id":"NUnit.Seed","Label":"Seed","Category":"","Description":"","Attributes":0,"ValueType":"System.String"},"Value":"1105233280"}]}],"TestRunStatistics":{"ExecutedTests":18,"Stats":{"Failed":12,"Passed":6}},"ActiveTests":[{"Id":"3a1b51a6-7624-95e6-75d6-95ef5de15b14","FullyQualifiedName":"ClinicTrackerBLTest.DoctorBLTest.DeleteDoctorExceptionTest","DisplayName":"DeleteDoctorExceptionTest","ExecutorUri":"executor://NUnit3TestExecutor","Source":"C:\\Users\\VC\\Desktop\\PRESIDIO - DAILY WORK PROGRESS\\DAY 7 - 17.04.2024\\DAY 7 - 17.04.2024\\ClinicTrackerSolution\\ClinicTrackerBLTest\\bin\\Debug\\net6.0\\fine-code-coverage\\build-output\\ClinicTrackerBLTest.dll","CodeFilePath":null,"LineNumber":0,"Properties":[{"Key":{"Id":"NUnit.Seed","Label":"Seed","Category":"","Description":"","Attributes":0,"ValueType":"System.String"},"Value":"819317257"}]}]}}
TpTrace Verbose: 0 : 20544, 5, 2024/04/23, 16:41:05.755, 3627761798918, vstest.console.dll, MulticastDelegateUtilities.SafeInvoke: InternalTestLoggerEvents.SendTestResult: Invoking callback 1/1 for Microsoft.VisualStudio.TestPlatform.CommandLine.Internal.ConsoleLogger., took 3 ms.
TpTrace Verbose: 0 : 20544, 5, 2024/04/23, 16:41:05.756, 3627761806987, vstest.console.dll, MulticastDelegateUtilities.SafeInvoke: InternalTestLoggerEvents.SendTestResult: Invoking callback 1/1 for Microsoft.VisualStudio.TestPlatform.CommandLine.Internal.ConsoleLogger., took 0 ms.
TpTrace Verbose: 0 : 20544, 5, 2024/04/23, 16:41:05.756, 3627761808664, vstest.console.dll, MulticastDelegateUtilities.SafeInvoke: InternalTestLoggerEvents.SendTestResult: Invoking callback 1/1 for Microsoft.VisualStudio.TestPlatform.CommandLine.Internal.ConsoleLogger., took 0 ms.
TpTrace Verbose: 0 : 20544, 5, 2024/04/23, 16:41:05.756, 3627761812459, vstest.console.dll, MulticastDelegateUtilities.SafeInvoke: InternalTestLoggerEvents.SendTestResult: Invoking callback 1/1 for Microsoft.VisualStudio.TestPlatform.CommandLine.Internal.ConsoleLogger., took 0 ms.
TpTrace Verbose: 0 : 20544, 14, 2024/04/23, 16:41:05.757, 3627761815206, vstest.console.dll, TestRunRequest:SendTestRunStatsChange: Starting.
TpTrace Verbose: 0 : 20544, 5, 2024/04/23, 16:41:05.757, 3627761816912, vstest.console.dll, MulticastDelegateUtilities.SafeInvoke: InternalTestLoggerEvents.SendTestResult: Invoking callback 1/1 for Microsoft.VisualStudio.TestPlatform.CommandLine.Internal.ConsoleLogger., took 0 ms.
TpTrace Verbose: 0 : 20544, 14, 2024/04/23, 16:41:05.757, 3627761820781, vstest.console.dll, InProgress is DeleteDoctorExceptionTest
TpTrace Verbose: 0 : 20544, 5, 2024/04/23, 16:41:05.757, 3627761821863, vstest.console.dll, MulticastDelegateUtilities.SafeInvoke: InternalTestLoggerEvents.SendTestResult: Invoking callback 1/1 for Microsoft.VisualStudio.TestPlatform.CommandLine.Internal.ConsoleLogger., took 0 ms.
TpTrace Verbose: 0 : 20544, 14, 2024/04/23, 16:41:05.757, 3627761823144, vstest.console.dll, MulticastDelegateUtilities.SafeInvoke: TestRun.RunStatsChanged: Invoking callbacks was skipped because there are no subscribers.
TpTrace Information: 0 : 20544, 14, 2024/04/23, 16:41:05.757, 3627761823674, vstest.console.dll, TestRunRequest:SendTestRunStatsChange: Completed.
TpTrace Verbose: 0 : 20544, 14, 2024/04/23, 16:41:05.758, 3627761824099, vstest.console.dll, MulticastDelegateUtilities.SafeInvoke: LengthPrefixCommunicationChannel: MessageReceived: Invoking callback 1/1 for Microsoft.VisualStudio.TestPlatform.CommunicationUtilities.TestRequestSender+<>c__DisplayClass34_0., took 3 ms.
TpTrace Verbose: 0 : 20544, 14, 2024/04/23, 16:41:05.758, 3627761824555, vstest.console.dll, TcpClientExtensions.MessageLoopAsync: Polling on remoteEndPoint: 127.0.0.1:62074 localEndPoint: 127.0.0.1:62073 after 5 ms
TpTrace Verbose: 0 : 20544, 5, 2024/04/23, 16:41:05.758, 3627761825316, vstest.console.dll, MulticastDelegateUtilities.SafeInvoke: InternalTestLoggerEvents.SendTestResult: Invoking callback 1/1 for Microsoft.VisualStudio.TestPlatform.CommandLine.Internal.ConsoleLogger., took 0 ms.
TpTrace Verbose: 0 : 20544, 5, 2024/04/23, 16:41:05.758, 3627761828020, vstest.console.dll, MulticastDelegateUtilities.SafeInvoke: InternalTestLoggerEvents.SendTestResult: Invoking callback 1/1 for Microsoft.VisualStudio.TestPlatform.CommandLine.Internal.ConsoleLogger., took 0 ms.
TpTrace Verbose: 0 : 20544, 5, 2024/04/23, 16:41:05.758, 3627761828734, vstest.console.dll, MulticastDelegateUtilities.SafeInvoke: InternalTestLoggerEvents.SendTestResult: Invoking callback 1/1 for Microsoft.VisualStudio.TestPlatform.CommandLine.Internal.ConsoleLogger., took 0 ms.
TpTrace Verbose: 0 : 20544, 5, 2024/04/23, 16:41:05.758, 3627761832524, vstest.console.dll, MulticastDelegateUtilities.SafeInvoke: InternalTestLoggerEvents.SendTestResult: Invoking callback 1/1 for Microsoft.VisualStudio.TestPlatform.CommandLine.Internal.ConsoleLogger., took 0 ms.
TpTrace Verbose: 0 : 20544, 5, 2024/04/23, 16:41:05.761, 3627761854368, vstest.console.dll, MulticastDelegateUtilities.SafeInvoke: InternalTestLoggerEvents.SendTestResult: Invoking callback 1/1 for Microsoft.VisualStudio.TestPlatform.CommandLine.Internal.ConsoleLogger., took 2 ms.
TpTrace Verbose: 0 : 20544, 5, 2024/04/23, 16:41:05.761, 3627761856133, vstest.console.dll, MulticastDelegateUtilities.SafeInvoke: InternalTestLoggerEvents.SendTestResult: Invoking callback 1/1 for Microsoft.VisualStudio.TestPlatform.CommandLine.Internal.ConsoleLogger., took 0 ms.
TpTrace Verbose: 0 : 20544, 5, 2024/04/23, 16:41:05.761, 3627761859865, vstest.console.dll, MulticastDelegateUtilities.SafeInvoke: InternalTestLoggerEvents.SendTestResult: Invoking callback 1/1 for Microsoft.VisualStudio.TestPlatform.CommandLine.Internal.ConsoleLogger., took 0 ms.
TpTrace Verbose: 0 : 20544, 5, 2024/04/23, 16:41:05.762, 3627761864255, vstest.console.dll, MulticastDelegateUtilities.SafeInvoke: InternalTestLoggerEvents.SendTestResult: Invoking callback 1/1 for Microsoft.VisualStudio.TestPlatform.CommandLine.Internal.ConsoleLogger., took 0 ms.
TpTrace Verbose: 0 : 20544, 5, 2024/04/23, 16:41:05.762, 3627761865909, vstest.console.dll, MulticastDelegateUtilities.SafeInvoke: InternalTestLoggerEvents.SendTestResult: Invoking callback 1/1 for Microsoft.VisualStudio.TestPlatform.CommandLine.Internal.ConsoleLogger., took 0 ms.
TpTrace Verbose: 0 : 20544, 5, 2024/04/23, 16:41:05.762, 3627761870692, vstest.console.dll, MulticastDelegateUtilities.SafeInvoke: InternalTestLoggerEvents.SendTestResult: Invoking callback 1/1 for Microsoft.VisualStudio.TestPlatform.CommandLine.Internal.ConsoleLogger., took 0 ms.
TpTrace Verbose: 0 : 20544, 5, 2024/04/23, 16:41:05.763, 3627761876033, vstest.console.dll, MulticastDelegateUtilities.SafeInvoke: InternalTestLoggerEvents.SendTestResult: Invoking callback 1/1 for Microsoft.VisualStudio.TestPlatform.CommandLine.Internal.ConsoleLogger., took 0 ms.
TpTrace Verbose: 0 : 20544, 5, 2024/04/23, 16:41:05.763, 3627761877818, vstest.console.dll, MulticastDelegateUtilities.SafeInvoke: InternalTestLoggerEvents.SendTestResult: Invoking callback 1/1 for Microsoft.VisualStudio.TestPlatform.CommandLine.Internal.ConsoleLogger., took 0 ms.
TpTrace Verbose: 0 : 20544, 14, 2024/04/23, 16:41:05.805, 3627762298652, vstest.console.dll, TcpClientExtensions.MessageLoopAsync: NotifyDataAvailable remoteEndPoint: 127.0.0.1:62074 localEndPoint: 127.0.0.1:62073
TpTrace Verbose: 0 : 20544, 14, 2024/04/23, 16:41:05.806, 3627762311838, vstest.console.dll, TestRequestSender.OnExecutionMessageReceived: Received message: {"Version":5,"MessageType":"TestExecution.StatsChange","Payload":{"NewTestResults":[{"TestCase":{"Id":"3a1b51a6-7624-95e6-75d6-95ef5de15b14","FullyQualifiedName":"ClinicTrackerBLTest.DoctorBLTest.DeleteDoctorExceptionTest","DisplayName":"DeleteDoctorExceptionTest","ExecutorUri":"executor://NUnit3TestExecutor","Source":"C:\\Users\\VC\\Desktop\\PRESIDIO - DAILY WORK PROGRESS\\DAY 7 - 17.04.2024\\DAY 7 - 17.04.2024\\ClinicTrackerSolution\\ClinicTrackerBLTest\\bin\\Debug\\net6.0\\fine-code-coverage\\build-output\\ClinicTrackerBLTest.dll","CodeFilePath":null,"LineNumber":0,"Properties":[{"Key":{"Id":"NUnit.Seed","Label":"Seed","Category":"","Description":"","Attributes":0,"ValueType":"System.String"},"Value":"819317257"}]},"Attachments":[],"Outcome":2,"ErrorMessage":"  Expected string length 43 but was 16. Strings differ at index 0.\r\n  Expected: \"The method or operation is not implemented.\"\r\n  But was:  \"No Doctor Found!\"\r\n  -----------^\r\n","ErrorStackTrace":"   at ClinicTrackerBLTest.DoctorBLTest.DeleteDoctorExceptionTest() in C:\\Users\\VC\\Desktop\\PRESIDIO - DAILY WORK PROGRESS\\DAY 7 - 17.04.2024\\DAY 7 - 17.04.2024\\ClinicTrackerSolution\\ClinicTrackerBLTest\\DoctorBLTest.cs:line 99\r\n","DisplayName":"DeleteDoctorExceptionTest","Messages":[],"ComputerName":"BYQBBX3","Duration":"00:00:00.0020220","StartTime":"2024-04-23T11:11:05.6408744+00:00","EndTime":"2024-04-23T11:11:05.6428966+00:00","Properties":[{"Key":{"Id":"NUnit.Seed","Label":"Seed","Category":"","Description":"","Attributes":0,"ValueType":"System.String"},"Value":"819317257"}]},{"TestCase":{"Id":"cc1ba87e-28b3-a388-09bd-97e5f03c8e3a","FullyQualifiedName":"ClinicTrackerBLTest.DoctorBLTest.DeleteDoctorFail","DisplayName":"DeleteDoctorFail","ExecutorUri":"executor://NUnit3TestExecutor","Source":"C:\\Users\\VC\\Desktop\\PRESIDIO - DAILY WORK PROGRESS\\DAY 7 - 17.04.2024\\DAY 7 - 17.04.2024\\ClinicTrackerSolution\\ClinicTrackerBLTest\\bin\\Debug\\net6.0\\fine-code-coverage\\build-output\\ClinicTrackerBLTest.dll","CodeFilePath":null,"LineNumber":0,"Properties":[{"Key":{"Id":"NUnit.Seed","Label":"Seed","Category":"","Description":"","Attributes":0,"ValueType":"System.String"},"Value":"1968933817"}]},"Attachments":[],"Outcome":2,"ErrorMessage":"ClinicTrackerBLLibrary.DoctorNotFoundException : No Doctor Found!","ErrorStackTrace":"   at ClinicAppointmentBLLibrary.DoctorBusinessLogic.DeleteDoctor(Int32 id) in C:\\Users\\VC\\Desktop\\PRESIDIO - DAILY WORK PROGRESS\\DAY 7 - 17.04.2024\\DAY 7 - 17.04.2024\\ClinicTrackerSolution\\ClinicTrackerBLLibrary\\DoctorBusinessLogic.cs:line 69\r\n   at ClinicTrackerBLTest.DoctorBLTest.DeleteDoctorFail() in C:\\Users\\VC\\Desktop\\PRESIDIO - DAILY WORK PROGRESS\\DAY 7 - 17.04.2024\\DAY 7 - 17.04.2024\\ClinicTrackerSolution\\ClinicTrackerBLTest\\DoctorBLTest.cs:line 90","DisplayName":"DeleteDoctorFail","Messages":[],"ComputerName":"BYQBBX3","Duration":"00:00:00.0008990","StartTime":"2024-04-23T11:11:05.642935+00:00","EndTime":"2024-04-23T11:11:05.6438342+00:00","Properties":[{"Key":{"Id":"NUnit.Seed","Label":"Seed","Category":"","Description":"","Attributes":0,"ValueType":"System.String"},"Value":"1968933817"}]},{"TestCase":{"Id":"60e20116-8608-1eb4-355d-e8221ee5c662","FullyQualifiedName":"ClinicTrackerBLTest.DoctorBLTest.DeleteDoctorSuccess","DisplayName":"DeleteDoctorSuccess","ExecutorUri":"executor://NUnit3TestExecutor","Source":"C:\\Users\\VC\\Desktop\\PRESIDIO - DAILY WORK PROGRESS\\DAY 7 - 17.04.2024\\DAY 7 - 17.04.2024\\ClinicTrackerSolution\\ClinicTrackerBLTest\\bin\\Debug\\net6.0\\fine-code-coverage\\build-output\\ClinicTrackerBLTest.dll","CodeFilePath":null,"LineNumber":0,"Properties":[{"Key":{"Id":"NUnit.Seed","Label":"Seed","Category":"","Description":"","Attributes":0,"ValueType":"System.String"},"Value":"1563415299"}]},"Attachments":[],"Outcome":1,"ErrorMessage":null,"ErrorStackTrace":null,"DisplayName":"DeleteDoctorSuccess","Messages":[],"ComputerName":"BYQBBX3","Duration":"00:00:00.0001780","StartTime":"2024-04-23T11:11:05.6438522+00:00","EndTime":"2024-04-23T11:11:05.6440303+00:00","Properties":[{"Key":{"Id":"NUnit.Seed","Label":"Seed","Category":"","Description":"","Attributes":0,"ValueType":"System.String"},"Value":"1563415299"}]},{"TestCase":{"Id":"cf57bf4f-042a-4751-5e4b-5c7c132d319f","FullyQualifiedName":"ClinicTrackerBLTest.DoctorBLTest.GetDoctorByIDExceptionTest","DisplayName":"GetDoctorByIDExceptionTest","ExecutorUri":"executor://NUnit3TestExecutor","Source":"C:\\Users\\VC\\Desktop\\PRESIDIO - DAILY WORK PROGRESS\\DAY 7 - 17.04.2024\\DAY 7 - 17.04.2024\\ClinicTrackerSolution\\ClinicTrackerBLTest\\bin\\Debug\\net6.0\\fine-code-coverage\\build-output\\ClinicTrackerBLTest.dll","CodeFilePath":null,"LineNumber":0,"Properties":[{"Key":{"Id":"NUnit.Seed","Label":"Seed","Category":"","Description":"","Attributes":0,"ValueType":"System.String"},"Value":"1267579844"}]},"Attachments":[],"Outcome":2,"ErrorMessage":"  Expected string length 43 but was 16. Strings differ at index 0.\r\n  Expected: \"The method or operation is not implemented.\"\r\n  But was:  \"No Doctor Found!\"\r\n  -----------^\r\n","ErrorStackTrace":"   at ClinicTrackerBLTest.DoctorBLTest.GetDoctorByIDExceptionTest() in C:\\Users\\VC\\Desktop\\PRESIDIO - DAILY WORK PROGRESS\\DAY 7 - 17.04.2024\\DAY 7 - 17.04.2024\\ClinicTrackerSolution\\ClinicTrackerBLTest\\DoctorBLTest.cs:line 119\r\n","DisplayName":"GetDoctorByIDExceptionTest","Messages":[],"ComputerName":"BYQBBX3","Duration":"00:00:00.0013490","StartTime":"2024-04-23T11:11:05.6440423+00:00","EndTime":"2024-04-23T11:11:05.6453913+00:00","Properties":[{"Key":{"Id":"NUnit.Seed","Label":"Seed","Category":"","Description":"","Attributes":0,"ValueType":"System.String"},"Value":"1267579844"}]},{"TestCase":{"Id":"5424c5af-e8fd-54b3-6047-212abe424d18","FullyQualifiedName":"ClinicTrackerBLTest.DoctorBLTest.GetDoctorbyIDFail","DisplayName":"GetDoctorbyIDFail","ExecutorUri":"executor://NUnit3TestExecutor","Source":"C:\\Users\\VC\\Desktop\\PRESIDIO - DAILY WORK PROGRESS\\DAY 7 - 17.04.2024\\DAY 7 - 17.04.2024\\ClinicTrackerSolution\\ClinicTrackerBLTest\\bin\\Debug\\net6.0\\fine-code-coverage\\build-output\\ClinicTrackerBLTest.dll","CodeFilePath":null,"LineNumber":0,"Properties":[{"Key":{"Id":"NUnit.Seed","Label":"Seed","Category":"","Description":"","Attributes":0,"ValueType":"System.String"},"Value":"1785234951"}]},"Attachments":[],"Outcome":2,"ErrorMessage":"ClinicTrackerBLLibrary.DoctorNotFoundException : No Doctor Found!","ErrorStackTrace":"   at ClinicAppointmentBLLibrary.DoctorBusinessLogic.GetDoctorById(Int32 id) in C:\\Users\\VC\\Desktop\\PRESIDIO - DAILY WORK PROGRESS\\DAY 7 - 17.04.2024\\DAY 7 - 17.04.2024\\ClinicTrackerSolution\\ClinicTrackerBLLibrary\\DoctorBusinessLogic.cs:line 79\r\n   at ClinicTrackerBLTest.DoctorBLTest.GetDoctorbyIDFail() in C:\\Users\\VC\\Desktop\\PRESIDIO - DAILY WORK PROGRESS\\DAY 7 - 17.04.2024\\DAY 7 - 17.04.2024\\ClinicTrackerSolution\\ClinicTrackerBLTest\\DoctorBLTest.cs:line 110","DisplayName":"GetDoctorbyIDFail","Messages":[],"ComputerName":"BYQBBX3","Duration":"00:00:00.0007590","StartTime":"2024-04-23T11:11:05.6454102+00:00","EndTime":"2024-04-23T11:11:05.6461695+00:00","Properties":[{"Key":{"Id":"NUnit.Seed","Label":"Seed","Category":"","Description":"","Attributes":0,"ValueType":"System.String"},"Value":"1785234951"}]},{"TestCase":{"Id":"a86a879a-db16-51ac-ff88-eef80971746f","FullyQualifiedName":"ClinicTrackerBLTest.DoctorBLTest.GetDoctorbyIDSuccess","DisplayName":"GetDoctorbyIDSuccess","ExecutorUri":"executor://NUnit3TestExecutor","Source":"C:\\Users\\VC\\Desktop\\PRESIDIO - DAILY WORK PROGRESS\\DAY 7 - 17.04.2024\\DAY 7 - 17.04.2024\\ClinicTrackerSolution\\ClinicTrackerBLTest\\bin\\Debug\\net6.0\\fine-code-coverage\\build-output\\ClinicTrackerBLTest.dll","CodeFilePath":null,"LineNumber":0,"Properties":[{"Key":{"Id":"NUnit.Seed","Label":"Seed","Category":"","Description":"","Attributes":0,"ValueType":"System.String"},"Value":"815950224"}]},"Attachments":[],"Outcome":1,"ErrorMessage":null,"ErrorStackTrace":null,"DisplayName":"GetDoctorbyIDSuccess","Messages":[],"ComputerName":"BYQBBX3","Duration":"00:00:00.0001770","StartTime":"2024-04-23T11:11:05.6461871+00:00","EndTime":"2024-04-23T11:11:05.646364+00:00","Properties":[{"Key":{"Id":"NUnit.Seed","Label":"Seed","Category":"","Description":"","Attributes":0,"ValueType":"System.String"},"Value":"815950224"}]},{"TestCase":{"Id":"499f32ca-c3fe-a219-da40-1edb9ccba79b","FullyQualifiedName":"ClinicTrackerBLTest.PatientBLTest.ChangePatientDiseaseExceptionTest","DisplayName":"ChangePatientDiseaseExceptionTest","ExecutorUri":"executor://NUnit3TestExecutor","Source":"C:\\Users\\VC\\Desktop\\PRESIDIO - DAILY WORK PROGRESS\\DAY 7 - 17.04.2024\\DAY 7 - 17.04.2024\\ClinicTrackerSolution\\ClinicTrackerBLTest\\bin\\Debug\\net6.0\\fine-code-coverage\\build-output\\ClinicTrackerBLTest.dll","CodeFilePath":null,"LineNumber":0,"Properties":[{"Key":{"Id":"NUnit.Seed","Label":"Seed","Category":"","Description":"","Attributes":0,"ValueType":"System.String"},"Value":"810652399"}]},"Attachments":[],"Outcome":2,"ErrorMessage":"  Expected string length 43 but was 17. Strings differ at index 0.\r\n  Expected: \"The method or operation is not implemented.\"\r\n  But was:  \"No Patient Found!\"\r\n  -----------^\r\n","ErrorStackTrace":"   at ClinicTrackerBLTest.PatientBLTest.ChangePatientDiseaseExceptionTest() in C:\\Users\\VC\\Desktop\\PRESIDIO - DAILY WORK PROGRESS\\DAY 7 - 17.04.2024\\DAY 7 - 17.04.2024\\ClinicTrackerSolution\\ClinicTrackerBLTest\\PatientBLTest.cs:line 63\r\n","DisplayName":"ChangePatientDiseaseExceptionTest","Messages":[],"ComputerName":"BYQBBX3","Duration":"00:00:00.0031520","StartTime":"2024-04-23T11:11:05.6465512+00:00","EndTime":"2024-04-23T11:11:05.6497028+00:00","Properties":[{"Key":{"Id":"NUnit.Seed","Label":"Seed","Category":"","Description":"","Attributes":0,"ValueType":"System.String"},"Value":"810652399"}]},{"TestCase":{"Id":"4a488db9-02fa-302d-eacf-1cb67c40fb74","FullyQualifiedName":"ClinicTrackerBLTest.PatientBLTest.ChangePatientDiseaseFail","DisplayName":"ChangePatientDiseaseFail","ExecutorUri":"executor://NUnit3TestExecutor","Source":"C:\\Users\\VC\\Desktop\\PRESIDIO - DAILY WORK PROGRESS\\DAY 7 - 17.04.2024\\DAY 7 - 17.04.2024\\ClinicTrackerSolution\\ClinicTrackerBLTest\\bin\\Debug\\net6.0\\fine-code-coverage\\build-output\\ClinicTrackerBLTest.dll","CodeFilePath":null,"LineNumber":0,"Properties":[{"Key":{"Id":"NUnit.Seed","Label":"Seed","Category":"","Description":"","Attributes":0,"ValueType":"System.String"},"Value":"184458176"}]},"Attachments":[],"Outcome":2,"ErrorMessage":"ClinicTrackerBLLibrary.PatientNotFoundException : No Patient Found!","ErrorStackTrace":"   at ClinicTrackerBLLibrary.PatientBusinessLogic.ChangeMajorDisease(Int32 id, String NewDisease) in C:\\Users\\VC\\Desktop\\PRESIDIO - DAILY WORK PROGRESS\\DAY 7 - 17.04.2024\\DAY 7 - 17.04.2024\\ClinicTrackerSolution\\ClinicTrackerBLLibrary\\PatientBusinessLogic.cs:line 41\r\n   at ClinicTrackerBLTest.PatientBLTest.ChangePatientDiseaseFail() in C:\\Users\\VC\\Desktop\\PRESIDIO - DAILY WORK PROGRESS\\DAY 7 - 17.04.2024\\DAY 7 - 17.04.2024\\ClinicTrackerSolution\\ClinicTrackerBLTest\\PatientBLTest.cs:line 54","DisplayName":"ChangePatientDiseaseFail","Messages":[],"ComputerName":"BYQBBX3","Duration":"00:00:00.0006489","StartTime":"2024-04-23T11:11:05.6497235+00:00","EndTime":"2024-04-23T11:11:05.6503723+00:00","Properties":[{"Key":{"Id":"NUnit.Seed","Label":"Seed","Category":"","Description":"","Attributes":0,"ValueType":"System.String"},"Value":"184458176"}]},{"TestCase":{"Id":"fa032052-9cf5-09c9-de9e-24fae2b3672b","FullyQualifiedName":"ClinicTrackerBLTest.PatientBLTest.ChangePatientDiseaseSuccess","DisplayName":"ChangePatientDiseaseSuccess","ExecutorUri":"executor://NUnit3TestExecutor","Source":"C:\\Users\\VC\\Desktop\\PRESIDIO - DAILY WORK PROGRESS\\DAY 7 - 17.04.2024\\DAY 7 - 17.04.2024\\ClinicTrackerSolution\\ClinicTrackerBLTest\\bin\\Debug\\net6.0\\fine-code-coverage\\build-output\\ClinicTrackerBLTest.dll","CodeFilePath":null,"LineNumber":0,"Properties":[{"Key":{"Id":"NUnit.Seed","Label":"Seed","Category":"","Description":"","Attributes":0,"ValueType":"System.String"},"Value":"675363065"}]},"Attachments":[],"Outcome":1,"ErrorMessage":null,"ErrorStackTrace":null,"DisplayName":"ChangePatientDiseaseSuccess","Messages":[],"ComputerName":"BYQBBX3","Duration":"00:00:00.0002590","StartTime":"2024-04-23T11:11:05.6503881+00:00","EndTime":"2024-04-23T11:11:05.6506466+00:00","Properties":[{"Key":{"Id":"NUnit.Seed","Label":"Seed","Category":"","Description":"","Attributes":0,"ValueType":"System.String"},"Value":"675363065"}]}],"TestRunStatistics":{"ExecutedTests":27,"Stats":{"Failed":18,"Passed":9}},"ActiveTests":[{"Id":"0808d3c5-20f6-e101-0c8a-0f634d6635eb","FullyQualifiedName":"ClinicTrackerBLTest.PatientBLTest.ChangePatientNameExceptionTest","DisplayName":"ChangePatientNameExceptionTest","ExecutorUri":"executor://NUnit3TestExecutor","Source":"C:\\Users\\VC\\Desktop\\PRESIDIO - DAILY WORK PROGRESS\\DAY 7 - 17.04.2024\\DAY 7 - 17.04.2024\\ClinicTrackerSolution\\ClinicTrackerBLTest\\bin\\Debug\\net6.0\\fine-code-coverage\\build-output\\ClinicTrackerBLTest.dll","CodeFilePath":null,"LineNumber":0,"Properties":[{"Key":{"Id":"NUnit.Seed","Label":"Seed","Category":"","Description":"","Attributes":0,"ValueType":"System.String"},"Value":"1038907356"}]}]}}
TpTrace Verbose: 0 : 20544, 14, 2024/04/23, 16:41:05.810, 3627762346368, vstest.console.dll, TestRunRequest:SendTestRunStatsChange: Starting.
TpTrace Verbose: 0 : 20544, 14, 2024/04/23, 16:41:05.810, 3627762348078, vstest.console.dll, InProgress is ChangePatientNameExceptionTest
TpTrace Verbose: 0 : 20544, 14, 2024/04/23, 16:41:05.810, 3627762349731, vstest.console.dll, MulticastDelegateUtilities.SafeInvoke: TestRun.RunStatsChanged: Invoking callbacks was skipped because there are no subscribers.
TpTrace Verbose: 0 : 20544, 5, 2024/04/23, 16:41:05.811, 3627762358638, vstest.console.dll, MulticastDelegateUtilities.SafeInvoke: InternalTestLoggerEvents.SendTestResult: Invoking callback 1/1 for Microsoft.VisualStudio.TestPlatform.CommandLine.Internal.ConsoleLogger., took 0 ms.
TpTrace Information: 0 : 20544, 14, 2024/04/23, 16:41:05.811, 3627762361526, vstest.console.dll, TestRunRequest:SendTestRunStatsChange: Completed.
TpTrace Verbose: 0 : 20544, 14, 2024/04/23, 16:41:05.812, 3627762366320, vstest.console.dll, MulticastDelegateUtilities.SafeInvoke: LengthPrefixCommunicationChannel: MessageReceived: Invoking callback 1/1 for Microsoft.VisualStudio.TestPlatform.CommunicationUtilities.TestRequestSender+<>c__DisplayClass34_0., took 5 ms.
TpTrace Verbose: 0 : 20544, 14, 2024/04/23, 16:41:05.812, 3627762367544, vstest.console.dll, TcpClientExtensions.MessageLoopAsync: Polling on remoteEndPoint: 127.0.0.1:62074 localEndPoint: 127.0.0.1:62073 after 54 ms
TpTrace Verbose: 0 : 20544, 5, 2024/04/23, 16:41:05.812, 3627762370827, vstest.console.dll, MulticastDelegateUtilities.SafeInvoke: InternalTestLoggerEvents.SendTestResult: Invoking callback 1/1 for Microsoft.VisualStudio.TestPlatform.CommandLine.Internal.ConsoleLogger., took 0 ms.
TpTrace Verbose: 0 : 20544, 5, 2024/04/23, 16:41:05.812, 3627762373114, vstest.console.dll, MulticastDelegateUtilities.SafeInvoke: InternalTestLoggerEvents.SendTestResult: Invoking callback 1/1 for Microsoft.VisualStudio.TestPlatform.CommandLine.Internal.ConsoleLogger., took 0 ms.
TpTrace Verbose: 0 : 20544, 5, 2024/04/23, 16:41:05.813, 3627762380997, vstest.console.dll, MulticastDelegateUtilities.SafeInvoke: InternalTestLoggerEvents.SendTestResult: Invoking callback 1/1 for Microsoft.VisualStudio.TestPlatform.CommandLine.Internal.ConsoleLogger., took 0 ms.
TpTrace Verbose: 0 : 20544, 5, 2024/04/23, 16:41:05.814, 3627762390456, vstest.console.dll, MulticastDelegateUtilities.SafeInvoke: InternalTestLoggerEvents.SendTestResult: Invoking callback 1/1 for Microsoft.VisualStudio.TestPlatform.CommandLine.Internal.ConsoleLogger., took 0 ms.
TpTrace Verbose: 0 : 20544, 5, 2024/04/23, 16:41:05.814, 3627762393115, vstest.console.dll, MulticastDelegateUtilities.SafeInvoke: InternalTestLoggerEvents.SendTestResult: Invoking callback 1/1 for Microsoft.VisualStudio.TestPlatform.CommandLine.Internal.ConsoleLogger., took 0 ms.
TpTrace Verbose: 0 : 20544, 5, 2024/04/23, 16:41:05.815, 3627762402898, vstest.console.dll, MulticastDelegateUtilities.SafeInvoke: InternalTestLoggerEvents.SendTestResult: Invoking callback 1/1 for Microsoft.VisualStudio.TestPlatform.CommandLine.Internal.ConsoleLogger., took 0 ms.
TpTrace Verbose: 0 : 20544, 5, 2024/04/23, 16:41:05.816, 3627762413147, vstest.console.dll, MulticastDelegateUtilities.SafeInvoke: InternalTestLoggerEvents.SendTestResult: Invoking callback 1/1 for Microsoft.VisualStudio.TestPlatform.CommandLine.Internal.ConsoleLogger., took 0 ms.
TpTrace Verbose: 0 : 20544, 5, 2024/04/23, 16:41:05.817, 3627762416411, vstest.console.dll, MulticastDelegateUtilities.SafeInvoke: InternalTestLoggerEvents.SendTestResult: Invoking callback 1/1 for Microsoft.VisualStudio.TestPlatform.CommandLine.Internal.ConsoleLogger., took 0 ms.
TpTrace Verbose: 0 : 20544, 14, 2024/04/23, 16:41:05.891, 3627763161105, vstest.console.dll, TcpClientExtensions.MessageLoopAsync: NotifyDataAvailable remoteEndPoint: 127.0.0.1:62074 localEndPoint: 127.0.0.1:62073
TpTrace Verbose: 0 : 20544, 14, 2024/04/23, 16:41:05.892, 3627763164445, vstest.console.dll, TestRequestSender.OnExecutionMessageReceived: Received message: {"Version":5,"MessageType":"TestSession.Message","Payload":{"MessageLevel":0,"Message":"NUnit Adapter 4.2.0.0: Test execution complete"}}
TpTrace Verbose: 0 : 20544, 14, 2024/04/23, 16:41:05.892, 3627763166818, vstest.console.dll, TestRunRequest:SendTestRunMessage: Starting.
TpTrace Verbose: 0 : 20544, 14, 2024/04/23, 16:41:05.892, 3627763168195, vstest.console.dll, MulticastDelegateUtilities.SafeInvoke: TestRun.LogMessages: Invoking callback 1/1 for Microsoft.VisualStudio.TestPlatform.CommandLine.TestRunResultAggregator., took 0 ms.
TpTrace Information: 0 : 20544, 14, 2024/04/23, 16:41:05.892, 3627763168979, vstest.console.dll, TestRunRequest:SendTestRunMessage: Completed.
TpTrace Verbose: 0 : 20544, 14, 2024/04/23, 16:41:05.892, 3627763169701, vstest.console.dll, MulticastDelegateUtilities.SafeInvoke: LengthPrefixCommunicationChannel: MessageReceived: Invoking callback 1/1 for Microsoft.VisualStudio.TestPlatform.CommunicationUtilities.TestRequestSender+<>c__DisplayClass34_0., took 0 ms.
TpTrace Verbose: 0 : 20544, 5, 2024/04/23, 16:41:05.892, 3627763169880, vstest.console.dll, MulticastDelegateUtilities.SafeInvoke: InternalTestLoggerEvents.SendTestRunMessage: Invoking callback 1/1 for Microsoft.VisualStudio.TestPlatform.CommandLine.Internal.ConsoleLogger., took 0 ms.
TpTrace Verbose: 0 : 20544, 14, 2024/04/23, 16:41:05.892, 3627763170571, vstest.console.dll, TcpClientExtensions.MessageLoopAsync: Polling on remoteEndPoint: 127.0.0.1:62074 localEndPoint: 127.0.0.1:62073 after 80 ms
TpTrace Verbose: 0 : 20544, 14, 2024/04/23, 16:41:05.927, 3627763517819, vstest.console.dll, TcpClientExtensions.MessageLoopAsync: NotifyDataAvailable remoteEndPoint: 127.0.0.1:62074 localEndPoint: 127.0.0.1:62073
TpTrace Verbose: 0 : 20544, 14, 2024/04/23, 16:41:05.928, 3627763526783, vstest.console.dll, TestRequestSender.OnExecutionMessageReceived: Received message: {"Version":5,"MessageType":"TestExecution.Completed","Payload":{"TestRunCompleteArgs":{"TestRunStatistics":{"ExecutedTests":36,"Stats":{"Failed":24,"Passed":12}},"IsCanceled":false,"IsAborted":false,"Error":null,"AttachmentSets":[],"ElapsedTimeInRunningTests":"00:00:00.6331633","Metrics":{}},"LastRunTests":{"NewTestResults":[{"TestCase":{"Id":"0808d3c5-20f6-e101-0c8a-0f634d6635eb","FullyQualifiedName":"ClinicTrackerBLTest.PatientBLTest.ChangePatientNameExceptionTest","DisplayName":"ChangePatientNameExceptionTest","ExecutorUri":"executor://NUnit3TestExecutor","Source":"C:\\Users\\VC\\Desktop\\PRESIDIO - DAILY WORK PROGRESS\\DAY 7 - 17.04.2024\\DAY 7 - 17.04.2024\\ClinicTrackerSolution\\ClinicTrackerBLTest\\bin\\Debug\\net6.0\\fine-code-coverage\\build-output\\ClinicTrackerBLTest.dll","CodeFilePath":null,"LineNumber":0,"Properties":[{"Key":{"Id":"NUnit.Seed","Label":"Seed","Category":"","Description":"","Attributes":0,"ValueType":"System.String"},"Value":"1038907356"}]},"Attachments":[],"Outcome":2,"ErrorMessage":"  Expected string length 43 but was 17. Strings differ at index 0.\r\n  Expected: \"The method or operation is not implemented.\"\r\n  But was:  \"No Patient Found!\"\r\n  -----------^\r\n","ErrorStackTrace":"   at ClinicTrackerBLTest.PatientBLTest.ChangePatientNameExceptionTest() in C:\\Users\\VC\\Desktop\\PRESIDIO - DAILY WORK PROGRESS\\DAY 7 - 17.04.2024\\DAY 7 - 17.04.2024\\ClinicTrackerSolution\\ClinicTrackerBLTest\\PatientBLTest.cs:line 43\r\n","DisplayName":"ChangePatientNameExceptionTest","Messages":[],"ComputerName":"BYQBBX3","Duration":"00:00:00.0012770","StartTime":"2024-04-23T11:11:05.650658+00:00","EndTime":"2024-04-23T11:11:05.6519352+00:00","Properties":[{"Key":{"Id":"NUnit.Seed","Label":"Seed","Category":"","Description":"","Attributes":0,"ValueType":"System.String"},"Value":"1038907356"}]},{"TestCase":{"Id":"4ee7c6f5-dfa1-a43b-3b5d-7a9b7037cfef","FullyQualifiedName":"ClinicTrackerBLTest.PatientBLTest.ChangePatientnameFail","DisplayName":"ChangePatientnameFail","ExecutorUri":"executor://NUnit3TestExecutor","Source":"C:\\Users\\VC\\Desktop\\PRESIDIO - DAILY WORK PROGRESS\\DAY 7 - 17.04.2024\\DAY 7 - 17.04.2024\\ClinicTrackerSolution\\ClinicTrackerBLTest\\bin\\Debug\\net6.0\\fine-code-coverage\\build-output\\ClinicTrackerBLTest.dll","CodeFilePath":null,"LineNumber":0,"Properties":[{"Key":{"Id":"NUnit.Seed","Label":"Seed","Category":"","Description":"","Attributes":0,"ValueType":"System.String"},"Value":"1715463126"}]},"Attachments":[],"Outcome":2,"ErrorMessage":"ClinicTrackerBLLibrary.PatientNotFoundException : No Patient Found!","ErrorStackTrace":"   at ClinicTrackerBLLibrary.PatientBusinessLogic.ChangePatientName(Int32 id, String NewName) in C:\\Users\\VC\\Desktop\\PRESIDIO - DAILY WORK PROGRESS\\DAY 7 - 17.04.2024\\DAY 7 - 17.04.2024\\ClinicTrackerSolution\\ClinicTrackerBLLibrary\\PatientBusinessLogic.cs:line 53\r\n   at ClinicTrackerBLTest.PatientBLTest.ChangePatientnameFail() in C:\\Users\\VC\\Desktop\\PRESIDIO - DAILY WORK PROGRESS\\DAY 7 - 17.04.2024\\DAY 7 - 17.04.2024\\ClinicTrackerSolution\\ClinicTrackerBLTest\\PatientBLTest.cs:line 34","DisplayName":"ChangePatientnameFail","Messages":[],"ComputerName":"BYQBBX3","Duration":"00:00:00.0005910","StartTime":"2024-04-23T11:11:05.6519507+00:00","EndTime":"2024-04-23T11:11:05.652541+00:00","Properties":[{"Key":{"Id":"NUnit.Seed","Label":"Seed","Category":"","Description":"","Attributes":0,"ValueType":"System.String"},"Value":"1715463126"}]},{"TestCase":{"Id":"383f73bf-1103-adef-b929-770a5097ca70","FullyQualifiedName":"ClinicTrackerBLTest.PatientBLTest.ChangePatientNameSuccess","DisplayName":"ChangePatientNameSuccess","ExecutorUri":"executor://NUnit3TestExecutor","Source":"C:\\Users\\VC\\Desktop\\PRESIDIO - DAILY WORK PROGRESS\\DAY 7 - 17.04.2024\\DAY 7 - 17.04.2024\\ClinicTrackerSolution\\ClinicTrackerBLTest\\bin\\Debug\\net6.0\\fine-code-coverage\\build-output\\ClinicTrackerBLTest.dll","CodeFilePath":null,"LineNumber":0,"Properties":[{"Key":{"Id":"NUnit.Seed","Label":"Seed","Category":"","Description":"","Attributes":0,"ValueType":"System.String"},"Value":"308478679"}]},"Attachments":[],"Outcome":1,"ErrorMessage":null,"ErrorStackTrace":null,"DisplayName":"ChangePatientNameSuccess","Messages":[],"ComputerName":"BYQBBX3","Duration":"00:00:00.0001340","StartTime":"2024-04-23T11:11:05.6525543+00:00","EndTime":"2024-04-23T11:11:05.6526882+00:00","Properties":[{"Key":{"Id":"NUnit.Seed","Label":"Seed","Category":"","Description":"","Attributes":0,"ValueType":"System.String"},"Value":"308478679"}]},{"TestCase":{"Id":"20cac9e8-6c79-5048-4caf-5433992bb494","FullyQualifiedName":"ClinicTrackerBLTest.PatientBLTest.DeletePatientExceptionTest","DisplayName":"DeletePatientExceptionTest","ExecutorUri":"executor://NUnit3TestExecutor","Source":"C:\\Users\\VC\\Desktop\\PRESIDIO - DAILY WORK PROGRESS\\DAY 7 - 17.04.2024\\DAY 7 - 17.04.2024\\ClinicTrackerSolution\\ClinicTrackerBLTest\\bin\\Debug\\net6.0\\fine-code-coverage\\build-output\\ClinicTrackerBLTest.dll","CodeFilePath":null,"LineNumber":0,"Properties":[{"Key":{"Id":"NUnit.Seed","Label":"Seed","Category":"","Description":"","Attributes":0,"ValueType":"System.String"},"Value":"676856231"}]},"Attachments":[],"Outcome":2,"ErrorMessage":"  Expected string length 43 but was 17. Strings differ at index 0.\r\n  Expected: \"The method or operation is not implemented.\"\r\n  But was:  \"No Patient Found!\"\r\n  -----------^\r\n","ErrorStackTrace":"   at ClinicTrackerBLTest.PatientBLTest.DeletePatientExceptionTest() in C:\\Users\\VC\\Desktop\\PRESIDIO - DAILY WORK PROGRESS\\DAY 7 - 17.04.2024\\DAY 7 - 17.04.2024\\ClinicTrackerSolution\\ClinicTrackerBLTest\\PatientBLTest.cs:line 83\r\n","DisplayName":"DeletePatientExceptionTest","Messages":[],"ComputerName":"BYQBBX3","Duration":"00:00:00.0016670","StartTime":"2024-04-23T11:11:05.6526988+00:00","EndTime":"2024-04-23T11:11:05.6543647+00:00","Properties":[{"Key":{"Id":"NUnit.Seed","Label":"Seed","Category":"","Description":"","Attributes":0,"ValueType":"System.String"},"Value":"676856231"}]},{"TestCase":{"Id":"89ca40e9-5019-b815-31ad-5be6638572b3","FullyQualifiedName":"ClinicTrackerBLTest.PatientBLTest.DeletePatientFail","DisplayName":"DeletePatientFail","ExecutorUri":"executor://NUnit3TestExecutor","Source":"C:\\Users\\VC\\Desktop\\PRESIDIO - DAILY WORK PROGRESS\\DAY 7 - 17.04.2024\\DAY 7 - 17.04.2024\\ClinicTrackerSolution\\ClinicTrackerBLTest\\bin\\Debug\\net6.0\\fine-code-coverage\\build-output\\ClinicTrackerBLTest.dll","CodeFilePath":null,"LineNumber":0,"Properties":[{"Key":{"Id":"NUnit.Seed","Label":"Seed","Category":"","Description":"","Attributes":0,"ValueType":"System.String"},"Value":"1847460170"}]},"Attachments":[],"Outcome":2,"ErrorMessage":"ClinicTrackerBLLibrary.PatientNotFoundException : No Patient Found!","ErrorStackTrace":"   at ClinicTrackerBLLibrary.PatientBusinessLogic.DeletePatients(Int32 id) in C:\\Users\\VC\\Desktop\\PRESIDIO - DAILY WORK PROGRESS\\DAY 7 - 17.04.2024\\DAY 7 - 17.04.2024\\ClinicTrackerSolution\\ClinicTrackerBLLibrary\\PatientBusinessLogic.cs:line 64\r\n   at ClinicTrackerBLTest.PatientBLTest.DeletePatientFail() in C:\\Users\\VC\\Desktop\\PRESIDIO - DAILY WORK PROGRESS\\DAY 7 - 17.04.2024\\DAY 7 - 17.04.2024\\ClinicTrackerSolution\\ClinicTrackerBLTest\\PatientBLTest.cs:line 74","DisplayName":"DeletePatientFail","Messages":[],"ComputerName":"BYQBBX3","Duration":"00:00:00.0014189","StartTime":"2024-04-23T11:11:05.654392+00:00","EndTime":"2024-04-23T11:11:05.6558101+00:00","Properties":[{"Key":{"Id":"NUnit.Seed","Label":"Seed","Category":"","Description":"","Attributes":0,"ValueType":"System.String"},"Value":"1847460170"}]},{"TestCase":{"Id":"12084e4b-2025-e99f-af29-4260763bc6c0","FullyQualifiedName":"ClinicTrackerBLTest.PatientBLTest.DeletePatientSuccess","DisplayName":"DeletePatientSuccess","ExecutorUri":"executor://NUnit3TestExecutor","Source":"C:\\Users\\VC\\Desktop\\PRESIDIO - DAILY WORK PROGRESS\\DAY 7 - 17.04.2024\\DAY 7 - 17.04.2024\\ClinicTrackerSolution\\ClinicTrackerBLTest\\bin\\Debug\\net6.0\\fine-code-coverage\\build-output\\ClinicTrackerBLTest.dll","CodeFilePath":null,"LineNumber":0,"Properties":[{"Key":{"Id":"NUnit.Seed","Label":"Seed","Category":"","Description":"","Attributes":0,"ValueType":"System.String"},"Value":"938267211"}]},"Attachments":[],"Outcome":1,"ErrorMessage":null,"ErrorStackTrace":null,"DisplayName":"DeletePatientSuccess","Messages":[],"ComputerName":"BYQBBX3","Duration":"00:00:00.0004510","StartTime":"2024-04-23T11:11:05.6560121+00:00","EndTime":"2024-04-23T11:11:05.6564635+00:00","Properties":[{"Key":{"Id":"NUnit.Seed","Label":"Seed","Category":"","Description":"","Attributes":0,"ValueType":"System.String"},"Value":"938267211"}]},{"TestCase":{"Id":"49a214a8-c630-5723-479d-756cb4c91144","FullyQualifiedName":"ClinicTrackerBLTest.PatientBLTest.GetPatientByIdExceptionTest","DisplayName":"GetPatientByIdExceptionTest","ExecutorUri":"executor://NUnit3TestExecutor","Source":"C:\\Users\\VC\\Desktop\\PRESIDIO - DAILY WORK PROGRESS\\DAY 7 - 17.04.2024\\DAY 7 - 17.04.2024\\ClinicTrackerSolution\\ClinicTrackerBLTest\\bin\\Debug\\net6.0\\fine-code-coverage\\build-output\\ClinicTrackerBLTest.dll","CodeFilePath":null,"LineNumber":0,"Properties":[{"Key":{"Id":"NUnit.Seed","Label":"Seed","Category":"","Description":"","Attributes":0,"ValueType":"System.String"},"Value":"1629963318"}]},"Attachments":[],"Outcome":2,"ErrorMessage":"  Expected string length 43 but was 17. Strings differ at index 0.\r\n  Expected: \"The method or operation is not implemented.\"\r\n  But was:  \"No Patient Found!\"\r\n  -----------^\r\n","ErrorStackTrace":"   at ClinicTrackerBLTest.PatientBLTest.GetPatientByIdExceptionTest() in C:\\Users\\VC\\Desktop\\PRESIDIO - DAILY WORK PROGRESS\\DAY 7 - 17.04.2024\\DAY 7 - 17.04.2024\\ClinicTrackerSolution\\ClinicTrackerBLTest\\PatientBLTest.cs:line 103\r\n","DisplayName":"GetPatientByIdExceptionTest","Messages":[],"ComputerName":"BYQBBX3","Duration":"00:00:00.0015969","StartTime":"2024-04-23T11:11:05.6564813+00:00","EndTime":"2024-04-23T11:11:05.6580781+00:00","Properties":[{"Key":{"Id":"NUnit.Seed","Label":"Seed","Category":"","Description":"","Attributes":0,"ValueType":"System.String"},"Value":"1629963318"}]},{"TestCase":{"Id":"61602b4e-7770-a455-8279-217f85ee19b1","FullyQualifiedName":"ClinicTrackerBLTest.PatientBLTest.GetPatientbyIDFailure","DisplayName":"GetPatientbyIDFailure","ExecutorUri":"executor://NUnit3TestExecutor","Source":"C:\\Users\\VC\\Desktop\\PRESIDIO - DAILY WORK PROGRESS\\DAY 7 - 17.04.2024\\DAY 7 - 17.04.2024\\ClinicTrackerSolution\\ClinicTrackerBLTest\\bin\\Debug\\net6.0\\fine-code-coverage\\build-output\\ClinicTrackerBLTest.dll","CodeFilePath":null,"LineNumber":0,"Properties":[{"Key":{"Id":"NUnit.Seed","Label":"Seed","Category":"","Description":"","Attributes":0,"ValueType":"System.String"},"Value":"799134634"}]},"Attachments":[],"Outcome":2,"ErrorMessage":"ClinicTrackerBLLibrary.PatientNotFoundException : No Patient Found!","ErrorStackTrace":"   at ClinicTrackerBLLibrary.PatientBusinessLogic.GetPatient(Int32 id) in C:\\Users\\VC\\Desktop\\PRESIDIO - DAILY WORK PROGRESS\\DAY 7 - 17.04.2024\\DAY 7 - 17.04.2024\\ClinicTrackerSolution\\ClinicTrackerBLLibrary\\PatientBusinessLogic.cs:line 74\r\n   at ClinicTrackerBLTest.PatientBLTest.GetPatientbyIDFailure() in C:\\Users\\VC\\Desktop\\PRESIDIO - DAILY WORK PROGRESS\\DAY 7 - 17.04.2024\\DAY 7 - 17.04.2024\\ClinicTrackerSolution\\ClinicTrackerBLTest\\PatientBLTest.cs:line 94","DisplayName":"GetPatientbyIDFailure","Messages":[],"ComputerName":"BYQBBX3","Duration":"00:00:00.0006570","StartTime":"2024-04-23T11:11:05.6580982+00:00","EndTime":"2024-04-23T11:11:05.6587553+00:00","Properties":[{"Key":{"Id":"NUnit.Seed","Label":"Seed","Category":"","Description":"","Attributes":0,"ValueType":"System.String"},"Value":"799134634"}]},{"TestCase":{"Id":"bc92fc01-5b59-45e2-c57c-6e03b410d794","FullyQualifiedName":"ClinicTrackerBLTest.PatientBLTest.GetPatientbyIDSuccess","DisplayName":"GetPatientbyIDSuccess","ExecutorUri":"executor://NUnit3TestExecutor","Source":"C:\\Users\\VC\\Desktop\\PRESIDIO - DAILY WORK PROGRESS\\DAY 7 - 17.04.2024\\DAY 7 - 17.04.2024\\ClinicTrackerSolution\\ClinicTrackerBLTest\\bin\\Debug\\net6.0\\fine-code-coverage\\build-output\\ClinicTrackerBLTest.dll","CodeFilePath":null,"LineNumber":0,"Properties":[{"Key":{"Id":"NUnit.Seed","Label":"Seed","Category":"","Description":"","Attributes":0,"ValueType":"System.String"},"Value":"419547114"}]},"Attachments":[],"Outcome":1,"ErrorMessage":null,"ErrorStackTrace":null,"DisplayName":"GetPatientbyIDSuccess","Messages":[],"ComputerName":"BYQBBX3","Duration":"00:00:00.0001620","StartTime":"2024-04-23T11:11:05.6587717+00:00","EndTime":"2024-04-23T11:11:05.658934+00:00","Properties":[{"Key":{"Id":"NUnit.Seed","Label":"Seed","Category":"","Description":"","Attributes":0,"ValueType":"System.String"},"Value":"419547114"}]}],"TestRunStatistics":{"ExecutedTests":36,"Stats":{"Failed":24,"Passed":12}},"ActiveTests":[]},"RunAttachments":[],"ExecutorUris":["executor://nunit3testexecutor/"]}}
TpTrace Verbose: 0 : 20544, 14, 2024/04/23, 16:41:05.928, 3627763533736, vstest.console.dll, TestRequestSender.EndSession: Sending end session.
TpTrace Verbose: 0 : 20544, 14, 2024/04/23, 16:41:05.929, 3627763537128, vstest.console.dll, ProxyOperationManager.Close: waiting for test host to exit for 100 ms
TpTrace Verbose: 0 : 20544, 13, 2024/04/23, 16:41:05.987, 3627764117219, vstest.console.dll, TestHostManagerCallbacks.ctor: Experimental forwarding output is disabled.
TpTrace Warning: 0 : 20544, 13, 2024/04/23, 16:41:05.987, 3627764121018, vstest.console.dll, TestHostManagerCallbacks.ErrorReceivedCallback Test host standard error line: 
TpTrace Verbose: 0 : 20544, 13, 2024/04/23, 16:41:06.008, 3627764328378, vstest.console.dll, TestHostProvider.ExitCallBack: Host exited starting callback.
TpTrace Information: 0 : 20544, 13, 2024/04/23, 16:41:06.008, 3627764331273, vstest.console.dll, TestHostManagerCallbacks.ExitCallBack: Testhost processId: 27948 exited with exitcode: 0 error: ''
TpTrace Verbose: 0 : 20544, 13, 2024/04/23, 16:41:06.008, 3627764332309, vstest.console.dll, DotnetTestHostManager.OnHostExited: invoking OnHostExited callback
TpTrace Verbose: 0 : 20544, 13, 2024/04/23, 16:41:06.008, 3627764333385, vstest.console.dll, CrossPlatEngine.TestHostManagerHostExited: calling on client process exit callback.
TpTrace Information: 0 : 20544, 13, 2024/04/23, 16:41:06.009, 3627764334428, vstest.console.dll, TestRequestSender.OnClientProcessExit: Test host process exited. Standard error: 
TpTrace Information: 0 : 20544, 13, 2024/04/23, 16:41:06.009, 3627764335275, vstest.console.dll, SocketServer.Stop: Stop server endPoint: 127.0.0.1:62073
TpTrace Information: 0 : 20544, 13, 2024/04/23, 16:41:06.009, 3627764335932, vstest.console.dll, SocketServer.Stop: Cancellation requested. Stopping message loop.
TpTrace Information: 0 : 20544, 14, 2024/04/23, 16:41:06.009, 3627764336047, vstest.console.dll, SocketServer.Stop: Stop server endPoint: 127.0.0.1:62073
TpTrace Verbose: 0 : 20544, 13, 2024/04/23, 16:41:06.009, 3627764337856, vstest.console.dll, MulticastDelegateUtilities.SafeInvoke: HostProviderEvents.OnHostExited: Invoking callback 1/1 for Microsoft.VisualStudio.TestPlatform.CrossPlatEngine.Client.ProxyOperationManager., took 0 ms.
TpTrace Information: 0 : 20544, 14, 2024/04/23, 16:41:06.009, 3627764338146, vstest.console.dll, SocketServer.Stop: Cancellation requested. Stopping message loop.
TpTrace Information: 0 : 20544, 14, 2024/04/23, 16:41:06.009, 3627764341001, vstest.console.dll, Closing the connection
TpTrace Verbose: 0 : 20544, 14, 2024/04/23, 16:41:06.010, 3627764346857, vstest.console.dll, ProxyDataCollectionManager.InvokeDataCollectionServiceAction: Starting.
TpTrace Information: 0 : 20544, 14, 2024/04/23, 16:41:06.010, 3627764348315, vstest.console.dll, ProxyDataCollectionManager.AfterTestRunEnd: Get attachment set and invoked data collectors processId: 24768 port: 62070
TpTrace Verbose: 0 : 20544, 14, 2024/04/23, 16:41:06.010, 3627764349320, vstest.console.dll, DataCollectionRequestSender.SendAfterTestRunStartAndGetResult: Send AfterTestRunEnd message with isCancelled: False
TpTrace Verbose: 0 : 20544, 14, 2024/04/23, 16:41:06.024, 3627764485573, vstest.console.dll, DataCollectionRequestSender.SendAfterTestRunStartAndGetResult: Received message: (DataCollection.AfterTestRunEndResult) -> {"MessageType":"DataCollection.AfterTestRunEndResult","Payload":{"AttachmentSets":[],"InvokedDataCollectors":[{"Uri":"datacollector://Microsoft/TestPlatform/Extensions/Blame/v1","FriendlyName":"Blame","AssemblyQualifiedName":"Microsoft.TestPlatform.Extensions.BlameDataCollector.BlameCollector, Microsoft.TestPlatform.Extensions.BlameDataCollector, Version=15.0.0.0, Culture=neutral, PublicKeyToken=b03f5f7f11d50a3a","FilePath":"C:\\Program Files\\dotnet\\sdk\\8.0.202\\Extensions\\Microsoft.TestPlatform.Extensions.BlameDataCollector.dll","HasAttachmentProcessor":false}],"Metrics":{}}}
TpTrace Information: 0 : 20544, 14, 2024/04/23, 16:41:06.037, 3627764619764, vstest.console.dll, ProxyDataCollectionManager.InvokeDataCollectionServiceAction: Completed.
TpTrace Warning: 0 : 20544, 11, 2024/04/23, 16:41:06.047, 3627764714706, vstest.console.dll, DataCollectionLauncher.ErrorReceivedCallback datacollector standard error line: 
TpTrace Information: 0 : 20544, 11, 2024/04/23, 16:41:06.065, 3627764901931, vstest.console.dll, DataCollectionLauncher.ExitCallBack: Data collector exited with exitcode: 0 error: ''
TpTrace Verbose: 0 : 20544, 14, 2024/04/23, 16:41:06.133, 3627765574754, vstest.console.dll, TestRunRequest:SendTestRunStatsChange: Starting.
TpTrace Verbose: 0 : 20544, 14, 2024/04/23, 16:41:06.133, 3627765577994, vstest.console.dll, MulticastDelegateUtilities.SafeInvoke: TestRun.RunStatsChanged: Invoking callbacks was skipped because there are no subscribers.
TpTrace Information: 0 : 20544, 14, 2024/04/23, 16:41:06.133, 3627765579306, vstest.console.dll, TestRunRequest:SendTestRunStatsChange: Completed.
TpTrace Verbose: 0 : 20544, 5, 2024/04/23, 16:41:06.134, 3627765590123, vstest.console.dll, MulticastDelegateUtilities.SafeInvoke: InternalTestLoggerEvents.SendTestResult: Invoking callback 1/1 for Microsoft.VisualStudio.TestPlatform.CommandLine.Internal.ConsoleLogger., took 1 ms.
TpTrace Verbose: 0 : 20544, 5, 2024/04/23, 16:41:06.135, 3627765602310, vstest.console.dll, MulticastDelegateUtilities.SafeInvoke: InternalTestLoggerEvents.SendTestResult: Invoking callback 1/1 for Microsoft.VisualStudio.TestPlatform.CommandLine.Internal.ConsoleLogger., took 0 ms.
TpTrace Verbose: 0 : 20544, 5, 2024/04/23, 16:41:06.136, 3627765606625, vstest.console.dll, MulticastDelegateUtilities.SafeInvoke: InternalTestLoggerEvents.SendTestResult: Invoking callback 1/1 for Microsoft.VisualStudio.TestPlatform.CommandLine.Internal.ConsoleLogger., took 0 ms.
TpTrace Verbose: 0 : 20544, 5, 2024/04/23, 16:41:06.137, 3627765614341, vstest.console.dll, MulticastDelegateUtilities.SafeInvoke: InternalTestLoggerEvents.SendTestResult: Invoking callback 1/1 for Microsoft.VisualStudio.TestPlatform.CommandLine.Internal.ConsoleLogger., took 0 ms.
TpTrace Verbose: 0 : 20544, 14, 2024/04/23, 16:41:06.137, 3627765615244, vstest.console.dll, ParallelProxyExecutionManager: HandlePartialRunComplete: Total workloads = 1, Total started clients = 1 Total completed clients = 1, Run complete = True, Run canceled: False.
TpTrace Verbose: 0 : 20544, 14, 2024/04/23, 16:41:06.137, 3627765619260, vstest.console.dll, ParallelProxyExecutionManager: HandlePartialRunComplete: All runs completed stopping all managers.
TpTrace Verbose: 0 : 20544, 14, 2024/04/23, 16:41:06.137, 3627765620905, vstest.console.dll, ParallelOperationManager.StopAllManagers: Stopping all managers.
TpTrace Verbose: 0 : 20544, 14, 2024/04/23, 16:41:06.137, 3627765622683, vstest.console.dll, ParallelOperationManager.ClearSlots: Clearing all slots. Slots should accept more work: False
TpTrace Verbose: 0 : 20544, 14, 2024/04/23, 16:41:06.138, 3627765624700, vstest.console.dll, ParallelOperationManager.SetOccupiedSlotCount: Setting slot counts AvailableSlotCount = 1, OccupiedSlotCount = 0.
TpTrace Verbose: 0 : 20544, 5, 2024/04/23, 16:41:06.138, 3627765625495, vstest.console.dll, MulticastDelegateUtilities.SafeInvoke: InternalTestLoggerEvents.SendTestResult: Invoking callback 1/1 for Microsoft.VisualStudio.TestPlatform.CommandLine.Internal.ConsoleLogger., took 0 ms.
TpTrace Verbose: 0 : 20544, 14, 2024/04/23, 16:41:06.138, 3627765626558, vstest.console.dll, Occupied slots:

TpTrace Verbose: 0 : 20544, 5, 2024/04/23, 16:41:06.138, 3627765627918, vstest.console.dll, MulticastDelegateUtilities.SafeInvoke: InternalTestLoggerEvents.SendTestResult: Invoking callback 1/1 for Microsoft.VisualStudio.TestPlatform.CommandLine.Internal.ConsoleLogger., took 0 ms.
TpTrace Verbose: 0 : 20544, 5, 2024/04/23, 16:41:06.139, 3627765635020, vstest.console.dll, MulticastDelegateUtilities.SafeInvoke: InternalTestLoggerEvents.SendTestResult: Invoking callback 1/1 for Microsoft.VisualStudio.TestPlatform.CommandLine.Internal.ConsoleLogger., took 0 ms.
TpTrace Verbose: 0 : 20544, 5, 2024/04/23, 16:41:06.139, 3627765640851, vstest.console.dll, MulticastDelegateUtilities.SafeInvoke: InternalTestLoggerEvents.SendTestResult: Invoking callback 1/1 for Microsoft.VisualStudio.TestPlatform.CommandLine.Internal.ConsoleLogger., took 0 ms.
TpTrace Verbose: 0 : 20544, 5, 2024/04/23, 16:41:06.139, 3627765642603, vstest.console.dll, MulticastDelegateUtilities.SafeInvoke: InternalTestLoggerEvents.SendTestResult: Invoking callback 1/1 for Microsoft.VisualStudio.TestPlatform.CommandLine.Internal.ConsoleLogger., took 0 ms.
TpTrace Verbose: 0 : 20544, 5, 2024/04/23, 16:41:06.158, 3627765831501, vstest.console.dll, MulticastDelegateUtilities.SafeInvoke: InternalTestLoggerEvents.SendTestRunComplete: Invoking callback 1/2 for Microsoft.TestPlatform.Extensions.BlameDataCollector.BlameLogger., took 0 ms.
TpTrace Verbose: 0 : 20544, 5, 2024/04/23, 16:41:06.172, 3627765968546, vstest.console.dll, MulticastDelegateUtilities.SafeInvoke: InternalTestLoggerEvents.SendTestRunComplete: Invoking callback 2/2 for Microsoft.VisualStudio.TestPlatform.CommandLine.Internal.ConsoleLogger., took 13 ms.
TpTrace Verbose: 0 : 20544, 14, 2024/04/23, 16:41:06.173, 3627765978019, vstest.console.dll, TestRunRequest:TestRunComplete: Starting. IsAborted:False IsCanceled:False.
TpTrace Verbose: 0 : 20544, 14, 2024/04/23, 16:41:06.173, 3627765981371, vstest.console.dll, ParallelOperationManager.DoActionOnAllManagers: Calling an action on all managers.
TpTrace Verbose: 0 : 20544, 14, 2024/04/23, 16:41:06.176, 3627766005317, vstest.console.dll, TestLoggerManager.HandleTestRunComplete: Ignoring as the object is disposed.
TpTrace Verbose: 0 : 20544, 14, 2024/04/23, 16:41:06.176, 3627766010187, vstest.console.dll, MulticastDelegateUtilities.SafeInvoke: TestRun.TestRunComplete: Invoking callback 1/2 for Microsoft.VisualStudio.TestPlatform.CommandLine.TestRunResultAggregator., took 0 ms.
TpTrace Verbose: 0 : 20544, 14, 2024/04/23, 16:41:06.177, 3627766014054, vstest.console.dll, MulticastDelegateUtilities.SafeInvoke: TestRun.TestRunComplete: Invoking callback 2/2 for Microsoft.VisualStudio.TestPlatform.CommandLine.Processors.RunTestsArgumentExecutor+TestRunRequestEventsRegistrar., took 0 ms.
TpTrace Information: 0 : 20544, 14, 2024/04/23, 16:41:06.177, 3627766016265, vstest.console.dll, TestRunRequest:TestRunComplete: Completed.
TpTrace Verbose: 0 : 20544, 14, 2024/04/23, 16:41:06.177, 3627766017347, vstest.console.dll, TestRequestSender.SetOperationComplete: Setting operation complete.
TpTrace Verbose: 0 : 20544, 1, 2024/04/23, 16:41:06.177, 3627766017462, vstest.console.dll, TestRunRequest.Dispose: Starting.
TpTrace Information: 0 : 20544, 1, 2024/04/23, 16:41:06.177, 3627766020065, vstest.console.dll, TestRunRequest.Dispose: Completed.
TpTrace Information: 0 : 20544, 1, 2024/04/23, 16:41:06.177, 3627766021203, vstest.console.dll, TestRequestManager.RunTests: run tests completed.
TpTrace Information: 0 : 20544, 14, 2024/04/23, 16:41:06.177, 3627766018194, vstest.console.dll, SocketServer.Stop: Stop server endPoint: 127.0.0.1:62073
TpTrace Information: 0 : 20544, 1, 2024/04/23, 16:41:06.177, 3627766022851, vstest.console.dll, RunTestsArgumentProcessor:Execute: Test run is completed.
TpTrace Information: 0 : 20544, 14, 2024/04/23, 16:41:06.178, 3627766024558, vstest.console.dll, SocketServer.Stop: Cancellation requested. Stopping message loop.
TpTrace Verbose: 0 : 20544, 14, 2024/04/23, 16:41:06.178, 3627766026432, vstest.console.dll, MulticastDelegateUtilities.SafeInvoke: LengthPrefixCommunicationChannel: MessageReceived: Invoking callback 1/1 for Microsoft.VisualStudio.TestPlatform.CommunicationUtilities.TestRequestSender+<>c__DisplayClass34_0., took 250 ms.
TpTrace Verbose: 0 : 20544, 1, 2024/04/23, 16:41:06.178, 3627766027655, vstest.console.dll, Executor.Execute: Exiting with exit code of 1
TpTrace Information: 0 : 20544, 14, 2024/04/23, 16:41:06.178, 3627766027818, vstest.console.dll, SocketServer.PrivateStop: Stopping server endPoint: 127.0.0.1:62073 error: 
