TpTrace Verbose: 0 : 15296, 1, 2024/04/25, 15:23:46.622, 5309432030471, vstest.console.dll, Version: 17.9.0-release-24072-02 Current process architecture: X64
TpTrace Verbose: 0 : 15296, 1, 2024/04/25, 15:23:46.632, 5309432128301, vstest.console.dll, Runtime location: C:\Program Files\dotnet\shared\Microsoft.NETCore.App\8.0.3
TpTrace Verbose: 0 : 15296, 1, 2024/04/25, 15:23:46.637, 5309432177366, vstest.console.dll, ArtifactProcessingPostProcessModeProcessorExecutor.Initialize: ArtifactProcessingMode.Collect
TpTrace Verbose: 0 : 15296, 1, 2024/04/25, 15:23:46.637, 5309432182443, vstest.console.dll, TestSessionCorrelationIdProcessorModeProcessorExecutor.Initialize: TestSessionCorrelationId '33240_ade11841-c5fb-498f-b63d-e77719bb9c40'
TpTrace Information: 0 : 15296, 1, 2024/04/25, 15:23:46.652, 5309432334974, vstest.console.dll, FilePatternParser: The given file C:\Users\VC\Desktop\DAY 12 - 25.04.2024\ShoppingSolution\ShoppingDALTest\bin\Debug\net6.0\fine-code-coverage\build-output\ShoppingDALTest.dll is a full path.
TpTrace Verbose: 0 : 15296, 1, 2024/04/25, 15:23:46.662, 5309432428785, vstest.console.dll, TestPluginCache.DiscoverTestExtensions: finding test extensions in assemblies ends with: RuntimeProvider.dll TPluginInfo: Microsoft.VisualStudio.TestPlatform.Common.ExtensionFramework.Utilities.TestRuntimePluginInformation TExtension: Microsoft.VisualStudio.TestPlatform.ObjectModel.Host.ITestRuntimeProvider
TpTrace Verbose: 0 : 15296, 1, 2024/04/25, 15:23:46.662, 5309432436350, vstest.console.dll, TestPluginCache.GetExtensionPaths: Filtered extension paths: 
TpTrace Verbose: 0 : 15296, 1, 2024/04/25, 15:23:46.663, 5309432438297, vstest.console.dll, TestPluginCache.GetExtensionPaths: Added default extension paths: C:\Program Files\dotnet\sdk\8.0.202\Extensions\Microsoft.Diagnostics.NETCore.Client.dll
C:\Program Files\dotnet\sdk\8.0.202\Extensions\Microsoft.TestPlatform.Extensions.BlameDataCollector.dll
C:\Program Files\dotnet\sdk\8.0.202\Extensions\Microsoft.TestPlatform.Extensions.EventLogCollector.dll
C:\Program Files\dotnet\sdk\8.0.202\Extensions\Microsoft.TestPlatform.TestHostRuntimeProvider.dll
C:\Program Files\dotnet\sdk\8.0.202\Extensions\Microsoft.VisualStudio.TestPlatform.Extensions.Html.TestLogger.dll
C:\Program Files\dotnet\sdk\8.0.202\Extensions\Microsoft.VisualStudio.TestPlatform.Extensions.Trx.TestLogger.dll
TpTrace Verbose: 0 : 15296, 1, 2024/04/25, 15:23:46.663, 5309432439129, vstest.console.dll, TestPluginCache.GetExtensionPaths: Added unfilterableExtensionPaths: 
TpTrace Information: 0 : 15296, 1, 2024/04/25, 15:23:46.664, 5309432450951, vstest.console.dll, AssemblyResolver.ctor: Creating AssemblyResolver with searchDirectories C:\Program Files\dotnet\sdk\8.0.202\Extensions,C:\Program Files\dotnet\sdk\8.0.202
TpTrace Verbose: 0 : 15296, 1, 2024/04/25, 15:23:46.667, 5309432483086, vstest.console.dll, TestPluginCache.DiscoverTestExtensions: Discovering the extensions using extension path.
TpTrace Verbose: 0 : 15296, 1, 2024/04/25, 15:23:46.667, 5309432486404, vstest.console.dll, TestPluginCache.GetExtensionPaths: Filtered extension paths: 
TpTrace Verbose: 0 : 15296, 1, 2024/04/25, 15:23:46.668, 5309432487285, vstest.console.dll, TestPluginCache.GetExtensionPaths: Added default extension paths: C:\Program Files\dotnet\sdk\8.0.202\Extensions\Microsoft.Diagnostics.NETCore.Client.dll
C:\Program Files\dotnet\sdk\8.0.202\Extensions\Microsoft.TestPlatform.Extensions.BlameDataCollector.dll
C:\Program Files\dotnet\sdk\8.0.202\Extensions\Microsoft.TestPlatform.Extensions.EventLogCollector.dll
C:\Program Files\dotnet\sdk\8.0.202\Extensions\Microsoft.TestPlatform.TestHostRuntimeProvider.dll
C:\Program Files\dotnet\sdk\8.0.202\Extensions\Microsoft.VisualStudio.TestPlatform.Extensions.Html.TestLogger.dll
C:\Program Files\dotnet\sdk\8.0.202\Extensions\Microsoft.VisualStudio.TestPlatform.Extensions.Trx.TestLogger.dll
TpTrace Verbose: 0 : 15296, 1, 2024/04/25, 15:23:46.668, 5309432487919, vstest.console.dll, TestPluginCache.GetExtensionPaths: Added unfilterableExtensionPaths: 
TpTrace Verbose: 0 : 15296, 1, 2024/04/25, 15:23:46.668, 5309432489126, vstest.console.dll, TestPluginCache.DiscoverTestExtensions: Discovering the extensions using allExtensionPaths: C:\Program Files\dotnet\sdk\8.0.202\Extensions\Microsoft.Diagnostics.NETCore.Client.dll
C:\Program Files\dotnet\sdk\8.0.202\Extensions\Microsoft.TestPlatform.Extensions.BlameDataCollector.dll
C:\Program Files\dotnet\sdk\8.0.202\Extensions\Microsoft.TestPlatform.Extensions.EventLogCollector.dll
C:\Program Files\dotnet\sdk\8.0.202\Extensions\Microsoft.TestPlatform.TestHostRuntimeProvider.dll
C:\Program Files\dotnet\sdk\8.0.202\Extensions\Microsoft.VisualStudio.TestPlatform.Extensions.Html.TestLogger.dll
C:\Program Files\dotnet\sdk\8.0.202\Extensions\Microsoft.VisualStudio.TestPlatform.Extensions.Trx.TestLogger.dll
TpTrace Information: 0 : 15296, 1, 2024/04/25, 15:23:46.668, 5309432491768, vstest.console.dll, AssemblyResolver.AddSearchDirectories: Adding more searchDirectories C:\Program Files\dotnet\sdk\8.0.202\Extensions,C:\Program Files\dotnet\sdk\8.0.202
TpTrace Information: 0 : 15296, 1, 2024/04/25, 15:23:46.668, 5309432492846, vstest.console.dll, AssemblyResolver.AddSearchDirectories: Adding more searchDirectories C:\Program Files\dotnet\sdk\8.0.202\Extensions,C:\Program Files\dotnet\sdk\8.0.202
TpTrace Information: 0 : 15296, 1, 2024/04/25, 15:23:46.668, 5309432493503, vstest.console.dll, AssemblyResolver.AddSearchDirectories: Adding more searchDirectories C:\Program Files\dotnet\sdk\8.0.202\Extensions,C:\Program Files\dotnet\sdk\8.0.202
TpTrace Information: 0 : 15296, 1, 2024/04/25, 15:23:46.668, 5309432494053, vstest.console.dll, AssemblyResolver.AddSearchDirectories: Adding more searchDirectories C:\Program Files\dotnet\sdk\8.0.202\Extensions,C:\Program Files\dotnet\sdk\8.0.202
TpTrace Information: 0 : 15296, 1, 2024/04/25, 15:23:46.668, 5309432494723, vstest.console.dll, AssemblyResolver.AddSearchDirectories: Adding more searchDirectories C:\Program Files\dotnet\sdk\8.0.202\Extensions,C:\Program Files\dotnet\sdk\8.0.202
TpTrace Information: 0 : 15296, 1, 2024/04/25, 15:23:46.668, 5309432495280, vstest.console.dll, AssemblyResolver.AddSearchDirectories: Adding more searchDirectories C:\Program Files\dotnet\sdk\8.0.202\Extensions,C:\Program Files\dotnet\sdk\8.0.202
TpTrace Information: 0 : 15296, 1, 2024/04/25, 15:23:46.669, 5309432504222, vstest.console.dll, AssemblyResolver.OnResolve: Microsoft.Diagnostics.NETCore.Client: Resolving assembly.
TpTrace Information: 0 : 15296, 1, 2024/04/25, 15:23:46.669, 5309432505779, vstest.console.dll, AssemblyResolver.OnResolve: Microsoft.Diagnostics.NETCore.Client: Searching in: 'C:\Program Files\dotnet\sdk\8.0.202\Extensions'.
TpTrace Information: 0 : 15296, 1, 2024/04/25, 15:23:46.682, 5309432636524, vstest.console.dll, AssemblyResolver.OnResolve: Microsoft.Diagnostics.NETCore.Client: Loading assembly 'C:\Program Files\dotnet\sdk\8.0.202\Extensions\Microsoft.Diagnostics.NETCore.Client.dll'.
TpTrace Information: 0 : 15296, 1, 2024/04/25, 15:23:46.683, 5309432645863, vstest.console.dll, AssemblyResolver.OnResolve: Resolved assembly: Microsoft.Diagnostics.NETCore.Client, from path: C:\Program Files\dotnet\sdk\8.0.202\Extensions\Microsoft.Diagnostics.NETCore.Client.dll
TpTrace Verbose: 0 : 15296, 1, 2024/04/25, 15:23:46.688, 5309432695318, vstest.console.dll, MetadataReaderExtensionsHelper: Discovering extensions inside assembly 'Microsoft.Diagnostics.NETCore.Client, Version=0.2.9.2401, Culture=neutral, PublicKeyToken=31bf3856ad364e35' file path 'C:\Program Files\dotnet\sdk\8.0.202\Extensions\Microsoft.Diagnostics.NETCore.Client.dll'
TpTrace Information: 0 : 15296, 1, 2024/04/25, 15:23:46.696, 5309432773831, vstest.console.dll, AssemblyResolver.OnResolve: Microsoft.Bcl.AsyncInterfaces: Resolving assembly.
TpTrace Information: 0 : 15296, 1, 2024/04/25, 15:23:46.696, 5309432775481, vstest.console.dll, AssemblyResolver.OnResolve: Microsoft.Bcl.AsyncInterfaces: Searching in: 'C:\Program Files\dotnet\sdk\8.0.202\Extensions'.
TpTrace Information: 0 : 15296, 1, 2024/04/25, 15:23:46.696, 5309432776798, vstest.console.dll, AssemblyResolver.OnResolve: Microsoft.Bcl.AsyncInterfaces: Assembly path does not exist: 'C:\Program Files\dotnet\sdk\8.0.202\Extensions\Microsoft.Bcl.AsyncInterfaces.dll', returning.
TpTrace Information: 0 : 15296, 1, 2024/04/25, 15:23:46.697, 5309432778326, vstest.console.dll, AssemblyResolver.OnResolve: Microsoft.Bcl.AsyncInterfaces: Assembly path does not exist: 'C:\Program Files\dotnet\sdk\8.0.202\Extensions\Microsoft.Bcl.AsyncInterfaces.exe', returning.
TpTrace Information: 0 : 15296, 1, 2024/04/25, 15:23:46.697, 5309432778810, vstest.console.dll, AssemblyResolver.OnResolve: Microsoft.Bcl.AsyncInterfaces: Searching in: 'C:\Program Files\dotnet\sdk\8.0.202'.
TpTrace Information: 0 : 15296, 1, 2024/04/25, 15:23:46.697, 5309432779604, vstest.console.dll, AssemblyResolver.OnResolve: Microsoft.Bcl.AsyncInterfaces: Assembly path does not exist: 'C:\Program Files\dotnet\sdk\8.0.202\Microsoft.Bcl.AsyncInterfaces.dll', returning.
TpTrace Information: 0 : 15296, 1, 2024/04/25, 15:23:46.697, 5309432780377, vstest.console.dll, AssemblyResolver.OnResolve: Microsoft.Bcl.AsyncInterfaces: Assembly path does not exist: 'C:\Program Files\dotnet\sdk\8.0.202\Microsoft.Bcl.AsyncInterfaces.exe', returning.
TpTrace Information: 0 : 15296, 1, 2024/04/25, 15:23:46.697, 5309432780852, vstest.console.dll, AssemblyResolver.OnResolve: Microsoft.Bcl.AsyncInterfaces: Failed to load assembly.
TpTrace Verbose: 0 : 15296, 1, 2024/04/25, 15:23:46.697, 5309432781571, vstest.console.dll, CurrentDomainAssemblyResolve: Resolving assembly 'Microsoft.Bcl.AsyncInterfaces'.
TpTrace Information: 0 : 15296, 1, 2024/04/25, 15:23:46.697, 5309432782408, vstest.console.dll, AssemblyResolver.OnResolve: Microsoft.Bcl.AsyncInterfaces: Resolving assembly.
TpTrace Information: 0 : 15296, 1, 2024/04/25, 15:23:46.697, 5309432782992, vstest.console.dll, AssemblyResolver.OnResolve: Microsoft.Bcl.AsyncInterfaces: Resolved from cache.
TpTrace Verbose: 0 : 15296, 1, 2024/04/25, 15:23:46.697, 5309432783403, vstest.console.dll, CurrentDomainAssemblyResolve: Resolving assembly 'Microsoft.Bcl.AsyncInterfaces'.
TpTrace Verbose: 0 : 15296, 1, 2024/04/25, 15:23:46.697, 5309432783934, vstest.console.dll, CurrentDomainAssemblyResolve: Failed to resolve assembly 'Microsoft.Bcl.AsyncInterfaces'.
TpTrace Verbose: 0 : 15296, 1, 2024/04/25, 15:23:46.698, 5309432792623, vstest.console.dll, CurrentDomainAssemblyResolve: Failed to resolve assembly 'Microsoft.Bcl.AsyncInterfaces'.
TpTrace Warning: 0 : 15296, 1, 2024/04/25, 15:23:46.710, 5309432908388, vstest.console.dll, TestPluginDiscoverer: Failed to get types from assembly 'Microsoft.Diagnostics.NETCore.Client, Version=0.2.9.2401, Culture=neutral, PublicKeyToken=31bf3856ad364e35'. Error: System.Reflection.ReflectionTypeLoadException: Unable to load one or more of the requested types.
Could not load file or assembly 'Microsoft.Bcl.AsyncInterfaces, Version=6.0.0.0, Culture=neutral, PublicKeyToken=cc7b13ffcd2ddd51'. The system cannot find the file specified.
   at System.Reflection.RuntimeModule.GetTypes(RuntimeModule module)
   at System.Reflection.RuntimeModule.GetTypes()
   at Microsoft.VisualStudio.TestPlatform.Common.ExtensionFramework.TestPluginDiscoverer.GetTestExtensionsFromAssembly[TPluginInfo,TExtension](Assembly assembly, Dictionary`2 pluginInfos, String filePath) in /_/src/Microsoft.TestPlatform.Common/ExtensionFramework/TestPluginDiscoverer.cs:line 158
System.IO.FileNotFoundException: Could not load file or assembly 'Microsoft.Bcl.AsyncInterfaces, Version=6.0.0.0, Culture=neutral, PublicKeyToken=cc7b13ffcd2ddd51'. The system cannot find the file specified.
File name: 'Microsoft.Bcl.AsyncInterfaces, Version=6.0.0.0, Culture=neutral, PublicKeyToken=cc7b13ffcd2ddd51'
 ---> System.IO.FileNotFoundException: Could not load file or assembly 'Microsoft.Bcl.AsyncInterfaces, Culture=neutral, PublicKeyToken=null'. The system cannot find the file specified.
File name: 'Microsoft.Bcl.AsyncInterfaces, Culture=neutral, PublicKeyToken=null'
   at System.Reflection.RuntimeAssembly.InternalLoad(AssemblyName assemblyName, StackCrawlMark& stackMark, AssemblyLoadContext assemblyLoadContext, RuntimeAssembly requestingAssembly, Boolean throwOnFileNotFound)
   at System.Reflection.Assembly.Load(AssemblyName assemblyRef)
   at Microsoft.VisualStudio.TestPlatform.Common.ExtensionFramework.TestPluginCache.CurrentDomainAssemblyResolve(Object sender, AssemblyResolveEventArgs args) in /_/src/Microsoft.TestPlatform.Common/ExtensionFramework/TestPluginCache.cs:line 513
   at System.Runtime.Loader.AssemblyLoadContext.GetFirstResolvedAssemblyFromResolvingEvent(AssemblyName assemblyName)
   at System.Runtime.Loader.AssemblyLoadContext.ResolveUsingEvent(AssemblyName assemblyName)
   at System.Runtime.Loader.AssemblyLoadContext.ResolveUsingResolvingEvent(IntPtr gchManagedAssemblyLoadContext, AssemblyName assemblyName)
TpTrace Warning: 0 : 15296, 1, 2024/04/25, 15:23:46.710, 5309432912343, vstest.console.dll, LoaderExceptions: System.IO.FileNotFoundException: Could not load file or assembly 'Microsoft.Bcl.AsyncInterfaces, Version=6.0.0.0, Culture=neutral, PublicKeyToken=cc7b13ffcd2ddd51'. The system cannot find the file specified.
File name: 'Microsoft.Bcl.AsyncInterfaces, Version=6.0.0.0, Culture=neutral, PublicKeyToken=cc7b13ffcd2ddd51'
 ---> System.IO.FileNotFoundException: Could not load file or assembly 'Microsoft.Bcl.AsyncInterfaces, Culture=neutral, PublicKeyToken=null'. The system cannot find the file specified.
File name: 'Microsoft.Bcl.AsyncInterfaces, Culture=neutral, PublicKeyToken=null'
   at System.Reflection.RuntimeAssembly.InternalLoad(AssemblyName assemblyName, StackCrawlMark& stackMark, AssemblyLoadContext assemblyLoadContext, RuntimeAssembly requestingAssembly, Boolean throwOnFileNotFound)
   at System.Reflection.Assembly.Load(AssemblyName assemblyRef)
   at Microsoft.VisualStudio.TestPlatform.Common.ExtensionFramework.TestPluginCache.CurrentDomainAssemblyResolve(Object sender, AssemblyResolveEventArgs args) in /_/src/Microsoft.TestPlatform.Common/ExtensionFramework/TestPluginCache.cs:line 513
   at System.Runtime.Loader.AssemblyLoadContext.GetFirstResolvedAssemblyFromResolvingEvent(AssemblyName assemblyName)
   at System.Runtime.Loader.AssemblyLoadContext.ResolveUsingEvent(AssemblyName assemblyName)
   at System.Runtime.Loader.AssemblyLoadContext.ResolveUsingResolvingEvent(IntPtr gchManagedAssemblyLoadContext, AssemblyName assemblyName)
TpTrace Information: 0 : 15296, 1, 2024/04/25, 15:23:46.710, 5309432914016, vstest.console.dll, AssemblyResolver.OnResolve: Microsoft.TestPlatform.Extensions.BlameDataCollector: Resolving assembly.
TpTrace Information: 0 : 15296, 1, 2024/04/25, 15:23:46.710, 5309432914735, vstest.console.dll, AssemblyResolver.OnResolve: Microsoft.TestPlatform.Extensions.BlameDataCollector: Searching in: 'C:\Program Files\dotnet\sdk\8.0.202\Extensions'.
TpTrace Information: 0 : 15296, 1, 2024/04/25, 15:23:46.711, 5309432920107, vstest.console.dll, AssemblyResolver.OnResolve: Microsoft.TestPlatform.Extensions.BlameDataCollector: Loading assembly 'C:\Program Files\dotnet\sdk\8.0.202\Extensions\Microsoft.TestPlatform.Extensions.BlameDataCollector.dll'.
TpTrace Information: 0 : 15296, 1, 2024/04/25, 15:23:46.712, 5309432930056, vstest.console.dll, AssemblyResolver.OnResolve: Resolved assembly: Microsoft.TestPlatform.Extensions.BlameDataCollector, from path: C:\Program Files\dotnet\sdk\8.0.202\Extensions\Microsoft.TestPlatform.Extensions.BlameDataCollector.dll
TpTrace Verbose: 0 : 15296, 1, 2024/04/25, 15:23:46.712, 5309432931532, vstest.console.dll, MetadataReaderExtensionsHelper: Discovering extensions inside assembly 'Microsoft.TestPlatform.Extensions.BlameDataCollector, Version=15.0.0.0, Culture=neutral, PublicKeyToken=b03f5f7f11d50a3a' file path 'C:\Program Files\dotnet\sdk\8.0.202\Extensions\Microsoft.TestPlatform.Extensions.BlameDataCollector.dll'
TpTrace Information: 0 : 15296, 1, 2024/04/25, 15:23:46.714, 5309432949110, vstest.console.dll, AssemblyResolver.OnResolve: Microsoft.TestPlatform.Extensions.EventLogCollector: Resolving assembly.
TpTrace Information: 0 : 15296, 1, 2024/04/25, 15:23:46.714, 5309432949915, vstest.console.dll, AssemblyResolver.OnResolve: Microsoft.TestPlatform.Extensions.EventLogCollector: Searching in: 'C:\Program Files\dotnet\sdk\8.0.202\Extensions'.
TpTrace Information: 0 : 15296, 1, 2024/04/25, 15:23:46.714, 5309432953124, vstest.console.dll, AssemblyResolver.OnResolve: Microsoft.TestPlatform.Extensions.EventLogCollector: Loading assembly 'C:\Program Files\dotnet\sdk\8.0.202\Extensions\Microsoft.TestPlatform.Extensions.EventLogCollector.dll'.
TpTrace Information: 0 : 15296, 1, 2024/04/25, 15:23:46.715, 5309432958353, vstest.console.dll, AssemblyResolver.OnResolve: Resolved assembly: Microsoft.TestPlatform.Extensions.EventLogCollector, from path: C:\Program Files\dotnet\sdk\8.0.202\Extensions\Microsoft.TestPlatform.Extensions.EventLogCollector.dll
TpTrace Verbose: 0 : 15296, 1, 2024/04/25, 15:23:46.715, 5309432959134, vstest.console.dll, MetadataReaderExtensionsHelper: Discovering extensions inside assembly 'Microsoft.TestPlatform.Extensions.EventLogCollector, Version=15.0.0.0, Culture=neutral, PublicKeyToken=b03f5f7f11d50a3a' file path 'C:\Program Files\dotnet\sdk\8.0.202\Extensions\Microsoft.TestPlatform.Extensions.EventLogCollector.dll'
TpTrace Information: 0 : 15296, 1, 2024/04/25, 15:23:46.717, 5309432979071, vstest.console.dll, AssemblyResolver.OnResolve: Microsoft.TestPlatform.TestHostRuntimeProvider: Resolving assembly.
TpTrace Information: 0 : 15296, 1, 2024/04/25, 15:23:46.717, 5309432979818, vstest.console.dll, AssemblyResolver.OnResolve: Microsoft.TestPlatform.TestHostRuntimeProvider: Searching in: 'C:\Program Files\dotnet\sdk\8.0.202\Extensions'.
TpTrace Information: 0 : 15296, 1, 2024/04/25, 15:23:46.717, 5309432982210, vstest.console.dll, AssemblyResolver.OnResolve: Microsoft.TestPlatform.TestHostRuntimeProvider: Loading assembly 'C:\Program Files\dotnet\sdk\8.0.202\Extensions\Microsoft.TestPlatform.TestHostRuntimeProvider.dll'.
TpTrace Information: 0 : 15296, 1, 2024/04/25, 15:23:46.718, 5309432987235, vstest.console.dll, AssemblyResolver.OnResolve: Resolved assembly: Microsoft.TestPlatform.TestHostRuntimeProvider, from path: C:\Program Files\dotnet\sdk\8.0.202\Extensions\Microsoft.TestPlatform.TestHostRuntimeProvider.dll
TpTrace Verbose: 0 : 15296, 1, 2024/04/25, 15:23:46.718, 5309432987866, vstest.console.dll, MetadataReaderExtensionsHelper: Discovering extensions inside assembly 'Microsoft.TestPlatform.TestHostRuntimeProvider, Version=15.0.0.0, Culture=neutral, PublicKeyToken=b03f5f7f11d50a3a' file path 'C:\Program Files\dotnet\sdk\8.0.202\Extensions\Microsoft.TestPlatform.TestHostRuntimeProvider.dll'
TpTrace Information: 0 : 15296, 1, 2024/04/25, 15:23:46.719, 5309433001428, vstest.console.dll, GetTestExtensionFromType: Register extension with identifier data 'HostProvider://DefaultTestHost' and type 'Microsoft.VisualStudio.TestPlatform.CrossPlatEngine.Hosting.DefaultTestHostManager, Microsoft.TestPlatform.TestHostRuntimeProvider, Version=15.0.0.0, Culture=neutral, PublicKeyToken=b03f5f7f11d50a3a' inside file 'C:\Program Files\dotnet\sdk\8.0.202\Extensions\Microsoft.TestPlatform.TestHostRuntimeProvider.dll'
TpTrace Information: 0 : 15296, 1, 2024/04/25, 15:23:46.719, 5309433003921, vstest.console.dll, GetTestExtensionFromType: Register extension with identifier data 'HostProvider://DotnetTestHost' and type 'Microsoft.VisualStudio.TestPlatform.CrossPlatEngine.Hosting.DotnetTestHostManager, Microsoft.TestPlatform.TestHostRuntimeProvider, Version=15.0.0.0, Culture=neutral, PublicKeyToken=b03f5f7f11d50a3a' inside file 'C:\Program Files\dotnet\sdk\8.0.202\Extensions\Microsoft.TestPlatform.TestHostRuntimeProvider.dll'
TpTrace Information: 0 : 15296, 1, 2024/04/25, 15:23:46.719, 5309433004683, vstest.console.dll, AssemblyResolver.OnResolve: Microsoft.VisualStudio.TestPlatform.Extensions.Html.TestLogger: Resolving assembly.
TpTrace Information: 0 : 15296, 1, 2024/04/25, 15:23:46.719, 5309433005033, vstest.console.dll, AssemblyResolver.OnResolve: Microsoft.VisualStudio.TestPlatform.Extensions.Html.TestLogger: Searching in: 'C:\Program Files\dotnet\sdk\8.0.202\Extensions'.
TpTrace Information: 0 : 15296, 1, 2024/04/25, 15:23:46.720, 5309433007525, vstest.console.dll, AssemblyResolver.OnResolve: Microsoft.VisualStudio.TestPlatform.Extensions.Html.TestLogger: Loading assembly 'C:\Program Files\dotnet\sdk\8.0.202\Extensions\Microsoft.VisualStudio.TestPlatform.Extensions.Html.TestLogger.dll'.
TpTrace Information: 0 : 15296, 1, 2024/04/25, 15:23:46.720, 5309433012667, vstest.console.dll, AssemblyResolver.OnResolve: Resolved assembly: Microsoft.VisualStudio.TestPlatform.Extensions.Html.TestLogger, from path: C:\Program Files\dotnet\sdk\8.0.202\Extensions\Microsoft.VisualStudio.TestPlatform.Extensions.Html.TestLogger.dll
TpTrace Verbose: 0 : 15296, 1, 2024/04/25, 15:23:46.720, 5309433013408, vstest.console.dll, MetadataReaderExtensionsHelper: Discovering extensions inside assembly 'Microsoft.VisualStudio.TestPlatform.Extensions.Html.TestLogger, Version=15.0.0.0, Culture=neutral, PublicKeyToken=b03f5f7f11d50a3a' file path 'C:\Program Files\dotnet\sdk\8.0.202\Extensions\Microsoft.VisualStudio.TestPlatform.Extensions.Html.TestLogger.dll'
TpTrace Information: 0 : 15296, 1, 2024/04/25, 15:23:46.721, 5309433019726, vstest.console.dll, AssemblyResolver.OnResolve: Microsoft.VisualStudio.TestPlatform.Extensions.Trx.TestLogger: Resolving assembly.
TpTrace Information: 0 : 15296, 1, 2024/04/25, 15:23:46.721, 5309433020243, vstest.console.dll, AssemblyResolver.OnResolve: Microsoft.VisualStudio.TestPlatform.Extensions.Trx.TestLogger: Searching in: 'C:\Program Files\dotnet\sdk\8.0.202\Extensions'.
TpTrace Information: 0 : 15296, 1, 2024/04/25, 15:23:46.721, 5309433023276, vstest.console.dll, AssemblyResolver.OnResolve: Microsoft.VisualStudio.TestPlatform.Extensions.Trx.TestLogger: Loading assembly 'C:\Program Files\dotnet\sdk\8.0.202\Extensions\Microsoft.VisualStudio.TestPlatform.Extensions.Trx.TestLogger.dll'.
TpTrace Information: 0 : 15296, 1, 2024/04/25, 15:23:46.722, 5309433032217, vstest.console.dll, AssemblyResolver.OnResolve: Resolved assembly: Microsoft.VisualStudio.TestPlatform.Extensions.Trx.TestLogger, from path: C:\Program Files\dotnet\sdk\8.0.202\Extensions\Microsoft.VisualStudio.TestPlatform.Extensions.Trx.TestLogger.dll
TpTrace Verbose: 0 : 15296, 1, 2024/04/25, 15:23:46.722, 5309433033406, vstest.console.dll, MetadataReaderExtensionsHelper: Discovering extensions inside assembly 'Microsoft.VisualStudio.TestPlatform.Extensions.Trx.TestLogger, Version=15.0.0.0, Culture=neutral, PublicKeyToken=b03f5f7f11d50a3a' file path 'C:\Program Files\dotnet\sdk\8.0.202\Extensions\Microsoft.VisualStudio.TestPlatform.Extensions.Trx.TestLogger.dll'
TpTrace Verbose: 0 : 15296, 1, 2024/04/25, 15:23:46.723, 5309433045345, vstest.console.dll, TestPluginCache: Discovered the extensions using extension path ''.
TpTrace Verbose: 0 : 15296, 1, 2024/04/25, 15:23:46.723, 5309433046455, vstest.console.dll, TestPluginCache: Discoverers are ''.
TpTrace Verbose: 0 : 15296, 1, 2024/04/25, 15:23:46.723, 5309433046775, vstest.console.dll, TestPluginCache: Executors are ''.
TpTrace Verbose: 0 : 15296, 1, 2024/04/25, 15:23:46.723, 5309433047092, vstest.console.dll, TestPluginCache: Executors2 are ''.
TpTrace Verbose: 0 : 15296, 1, 2024/04/25, 15:23:46.724, 5309433047394, vstest.console.dll, TestPluginCache: Setting providers are ''.
TpTrace Verbose: 0 : 15296, 1, 2024/04/25, 15:23:46.724, 5309433047674, vstest.console.dll, TestPluginCache: Loggers are ''.
TpTrace Verbose: 0 : 15296, 1, 2024/04/25, 15:23:46.724, 5309433049625, vstest.console.dll, TestPluginCache: TestHosts are 'HostProvider://DefaultTestHost,HostProvider://DotnetTestHost'.
TpTrace Verbose: 0 : 15296, 1, 2024/04/25, 15:23:46.724, 5309433050158, vstest.console.dll, TestPluginCache: DataCollectors are ''.
TpTrace Information: 0 : 15296, 1, 2024/04/25, 15:23:46.738, 5309433190832, vstest.console.dll, RunTestsArgumentProcessor:Execute: Test run is starting.
TpTrace Verbose: 0 : 15296, 1, 2024/04/25, 15:23:46.738, 5309433192374, vstest.console.dll, RunTestsArgumentProcessor:Execute: Queuing Test run.
TpTrace Information: 0 : 15296, 1, 2024/04/25, 15:23:46.739, 5309433197568, vstest.console.dll, TestRequestManager.RunTests: run tests started.
TpTrace Information: 0 : 15296, 1, 2024/04/25, 15:23:46.740, 5309433214407, vstest.console.dll, AssemblyMetadataProvider.GetFrameworkName: Determined framework:'.NETCoreApp,Version=v6.0' for source: 'C:\Users\VC\Desktop\DAY 12 - 25.04.2024\ShoppingSolution\ShoppingDALTest\bin\Debug\net6.0\fine-code-coverage\build-output\ShoppingDALTest.dll'
TpTrace Information: 0 : 15296, 1, 2024/04/25, 15:23:46.740, 5309433216432, vstest.console.dll, Determined framework for all sources: .NETCoreApp,Version=v6.0
TpTrace Verbose: 0 : 15296, 1, 2024/04/25, 15:23:46.741, 5309433220308, vstest.console.dll, TestRequestManager.UpdateRunSettingsIfRequired: Default architecture: X64 IsDefaultTargetArchitecture: True, Current process architecture: X64 OperatingSystem: Windows.
TpTrace Information: 0 : 15296, 1, 2024/04/25, 15:23:46.743, 5309433243746, vstest.console.dll, AssemblyMetadataProvider.GetArchitecture: Determined architecture:AnyCPU info for assembly: C:\Users\VC\Desktop\DAY 12 - 25.04.2024\ShoppingSolution\ShoppingDALTest\bin\Debug\net6.0\fine-code-coverage\build-output\ShoppingDALTest.dll
TpTrace Information: 0 : 15296, 1, 2024/04/25, 15:23:46.743, 5309433244972, vstest.console.dll, Determined platform for source 'C:\Users\VC\Desktop\DAY 12 - 25.04.2024\ShoppingSolution\ShoppingDALTest\bin\Debug\net6.0\fine-code-coverage\build-output\ShoppingDALTest.dll' was AnyCPU and it will use the default plaform X64.
TpTrace Information: 0 : 15296, 1, 2024/04/25, 15:23:46.743, 5309433245596, vstest.console.dll, None of the sources provided any runnable platform, using the default platform: X64
TpTrace Information: 0 : 15296, 1, 2024/04/25, 15:23:46.744, 5309433247644, vstest.console.dll, Platform was updated to 'X64'.
TpTrace Information: 0 : 15296, 1, 2024/04/25, 15:23:46.749, 5309433301546, vstest.console.dll, InferRunSettingsHelper.IsTestSettingsEnabled: Unable to navigate to RunSettings/MSTest. Current node: RunSettings
TpTrace Information: 0 : 15296, 1, 2024/04/25, 15:23:46.750, 5309433311100, vstest.console.dll, AssemblyResolver.OnResolve: Microsoft.VisualStudio.TestPlatform.Fakes: Resolving assembly.
TpTrace Information: 0 : 15296, 1, 2024/04/25, 15:23:46.750, 5309433312347, vstest.console.dll, AssemblyResolver.OnResolve: Microsoft.VisualStudio.TestPlatform.Fakes: Searching in: 'C:\Program Files\dotnet\sdk\8.0.202\Extensions'.
TpTrace Information: 0 : 15296, 1, 2024/04/25, 15:23:46.750, 5309433313930, vstest.console.dll, AssemblyResolver.OnResolve: Microsoft.VisualStudio.TestPlatform.Fakes: Assembly path does not exist: 'C:\Program Files\dotnet\sdk\8.0.202\Extensions\Microsoft.VisualStudio.TestPlatform.Fakes.dll', returning.
TpTrace Information: 0 : 15296, 1, 2024/04/25, 15:23:46.750, 5309433314794, vstest.console.dll, AssemblyResolver.OnResolve: Microsoft.VisualStudio.TestPlatform.Fakes: Assembly path does not exist: 'C:\Program Files\dotnet\sdk\8.0.202\Extensions\Microsoft.VisualStudio.TestPlatform.Fakes.exe', returning.
TpTrace Information: 0 : 15296, 1, 2024/04/25, 15:23:46.750, 5309433315316, vstest.console.dll, AssemblyResolver.OnResolve: Microsoft.VisualStudio.TestPlatform.Fakes: Searching in: 'C:\Program Files\dotnet\sdk\8.0.202'.
TpTrace Information: 0 : 15296, 1, 2024/04/25, 15:23:46.750, 5309433316147, vstest.console.dll, AssemblyResolver.OnResolve: Microsoft.VisualStudio.TestPlatform.Fakes: Assembly path does not exist: 'C:\Program Files\dotnet\sdk\8.0.202\Microsoft.VisualStudio.TestPlatform.Fakes.dll', returning.
TpTrace Information: 0 : 15296, 1, 2024/04/25, 15:23:46.751, 5309433317216, vstest.console.dll, AssemblyResolver.OnResolve: Microsoft.VisualStudio.TestPlatform.Fakes: Assembly path does not exist: 'C:\Program Files\dotnet\sdk\8.0.202\Microsoft.VisualStudio.TestPlatform.Fakes.exe', returning.
TpTrace Information: 0 : 15296, 1, 2024/04/25, 15:23:46.751, 5309433317828, vstest.console.dll, AssemblyResolver.OnResolve: Microsoft.VisualStudio.TestPlatform.Fakes: Failed to load assembly.
TpTrace Information: 0 : 15296, 1, 2024/04/25, 15:23:46.751, 5309433323292, vstest.console.dll, Failed to load assembly Microsoft.VisualStudio.TestPlatform.Fakes, Version=17.0.0.0, Culture=neutral. Reason:System.IO.FileNotFoundException: Could not load file or assembly 'Microsoft.VisualStudio.TestPlatform.Fakes, Version=17.0.0.0, Culture=neutral, PublicKeyToken=null'. The system cannot find the file specified.
File name: 'Microsoft.VisualStudio.TestPlatform.Fakes, Version=17.0.0.0, Culture=neutral, PublicKeyToken=null'
   at System.Reflection.RuntimeAssembly.InternalLoad(AssemblyName assemblyName, StackCrawlMark& stackMark, AssemblyLoadContext assemblyLoadContext, RuntimeAssembly requestingAssembly, Boolean throwOnFileNotFound)
   at System.Reflection.Assembly.Load(AssemblyName assemblyRef)
   at Microsoft.VisualStudio.TestPlatform.Common.Utilities.FakesUtilities.LoadTestPlatformAssembly() in /_/src/Microsoft.TestPlatform.Common/Utilities/FakesUtilities.cs:line 272
TpTrace Verbose: 0 : 15296, 1, 2024/04/25, 15:23:46.758, 5309433391338, vstest.console.dll, TestPluginCache.DiscoverTestExtensions: finding test extensions in assemblies ends with: TestLogger.dll TPluginInfo: Microsoft.VisualStudio.TestPlatform.Common.ExtensionFramework.Utilities.TestLoggerPluginInformation TExtension: Microsoft.VisualStudio.TestPlatform.ObjectModel.Client.ITestLogger
TpTrace Verbose: 0 : 15296, 1, 2024/04/25, 15:23:46.758, 5309433393742, vstest.console.dll, TestPluginCache.GetExtensionPaths: Filtered extension paths: 
TpTrace Verbose: 0 : 15296, 1, 2024/04/25, 15:23:46.758, 5309433394731, vstest.console.dll, TestPluginCache.GetExtensionPaths: Added default extension paths: C:\Program Files\dotnet\sdk\8.0.202\Extensions\Microsoft.Diagnostics.NETCore.Client.dll
C:\Program Files\dotnet\sdk\8.0.202\Extensions\Microsoft.TestPlatform.Extensions.BlameDataCollector.dll
C:\Program Files\dotnet\sdk\8.0.202\Extensions\Microsoft.TestPlatform.Extensions.EventLogCollector.dll
C:\Program Files\dotnet\sdk\8.0.202\Extensions\Microsoft.TestPlatform.TestHostRuntimeProvider.dll
C:\Program Files\dotnet\sdk\8.0.202\Extensions\Microsoft.VisualStudio.TestPlatform.Extensions.Html.TestLogger.dll
C:\Program Files\dotnet\sdk\8.0.202\Extensions\Microsoft.VisualStudio.TestPlatform.Extensions.Trx.TestLogger.dll
TpTrace Verbose: 0 : 15296, 1, 2024/04/25, 15:23:46.758, 5309433395416, vstest.console.dll, TestPluginCache.GetExtensionPaths: Added unfilterableExtensionPaths: 
TpTrace Information: 0 : 15296, 1, 2024/04/25, 15:23:46.759, 5309433398390, vstest.console.dll, AssemblyResolver.AddSearchDirectories: Adding more searchDirectories C:\Program Files\dotnet\sdk\8.0.202\Extensions,C:\Program Files\dotnet\sdk\8.0.202
TpTrace Verbose: 0 : 15296, 1, 2024/04/25, 15:23:46.759, 5309433399539, vstest.console.dll, TestPluginCache.DiscoverTestExtensions: Discovering the extensions using extension path.
TpTrace Verbose: 0 : 15296, 1, 2024/04/25, 15:23:46.759, 5309433400430, vstest.console.dll, TestPluginCache.GetExtensionPaths: Filtered extension paths: 
TpTrace Verbose: 0 : 15296, 1, 2024/04/25, 15:23:46.759, 5309433401206, vstest.console.dll, TestPluginCache.GetExtensionPaths: Added default extension paths: C:\Program Files\dotnet\sdk\8.0.202\Extensions\Microsoft.Diagnostics.NETCore.Client.dll
C:\Program Files\dotnet\sdk\8.0.202\Extensions\Microsoft.TestPlatform.Extensions.BlameDataCollector.dll
C:\Program Files\dotnet\sdk\8.0.202\Extensions\Microsoft.TestPlatform.Extensions.EventLogCollector.dll
C:\Program Files\dotnet\sdk\8.0.202\Extensions\Microsoft.TestPlatform.TestHostRuntimeProvider.dll
C:\Program Files\dotnet\sdk\8.0.202\Extensions\Microsoft.VisualStudio.TestPlatform.Extensions.Html.TestLogger.dll
C:\Program Files\dotnet\sdk\8.0.202\Extensions\Microsoft.VisualStudio.TestPlatform.Extensions.Trx.TestLogger.dll
TpTrace Verbose: 0 : 15296, 1, 2024/04/25, 15:23:46.759, 5309433401818, vstest.console.dll, TestPluginCache.GetExtensionPaths: Added unfilterableExtensionPaths: 
TpTrace Verbose: 0 : 15296, 1, 2024/04/25, 15:23:46.759, 5309433402480, vstest.console.dll, TestPluginCache.DiscoverTestExtensions: Discovering the extensions using allExtensionPaths: C:\Program Files\dotnet\sdk\8.0.202\Extensions\Microsoft.Diagnostics.NETCore.Client.dll
C:\Program Files\dotnet\sdk\8.0.202\Extensions\Microsoft.TestPlatform.Extensions.BlameDataCollector.dll
C:\Program Files\dotnet\sdk\8.0.202\Extensions\Microsoft.TestPlatform.Extensions.EventLogCollector.dll
C:\Program Files\dotnet\sdk\8.0.202\Extensions\Microsoft.TestPlatform.TestHostRuntimeProvider.dll
C:\Program Files\dotnet\sdk\8.0.202\Extensions\Microsoft.VisualStudio.TestPlatform.Extensions.Html.TestLogger.dll
C:\Program Files\dotnet\sdk\8.0.202\Extensions\Microsoft.VisualStudio.TestPlatform.Extensions.Trx.TestLogger.dll
TpTrace Information: 0 : 15296, 1, 2024/04/25, 15:23:46.759, 5309433404431, vstest.console.dll, AssemblyResolver.AddSearchDirectories: Adding more searchDirectories C:\Program Files\dotnet\sdk\8.0.202\Extensions,C:\Program Files\dotnet\sdk\8.0.202
TpTrace Information: 0 : 15296, 1, 2024/04/25, 15:23:46.759, 5309433405463, vstest.console.dll, AssemblyResolver.AddSearchDirectories: Adding more searchDirectories C:\Program Files\dotnet\sdk\8.0.202\Extensions,C:\Program Files\dotnet\sdk\8.0.202
TpTrace Information: 0 : 15296, 1, 2024/04/25, 15:23:46.759, 5309433406129, vstest.console.dll, AssemblyResolver.AddSearchDirectories: Adding more searchDirectories C:\Program Files\dotnet\sdk\8.0.202\Extensions,C:\Program Files\dotnet\sdk\8.0.202
TpTrace Information: 0 : 15296, 1, 2024/04/25, 15:23:46.759, 5309433406754, vstest.console.dll, AssemblyResolver.AddSearchDirectories: Adding more searchDirectories C:\Program Files\dotnet\sdk\8.0.202\Extensions,C:\Program Files\dotnet\sdk\8.0.202
TpTrace Information: 0 : 15296, 1, 2024/04/25, 15:23:46.760, 5309433407418, vstest.console.dll, AssemblyResolver.AddSearchDirectories: Adding more searchDirectories C:\Program Files\dotnet\sdk\8.0.202\Extensions,C:\Program Files\dotnet\sdk\8.0.202
TpTrace Information: 0 : 15296, 1, 2024/04/25, 15:23:46.760, 5309433408176, vstest.console.dll, AssemblyResolver.AddSearchDirectories: Adding more searchDirectories C:\Program Files\dotnet\sdk\8.0.202\Extensions,C:\Program Files\dotnet\sdk\8.0.202
TpTrace Verbose: 0 : 15296, 1, 2024/04/25, 15:23:46.760, 5309433410712, vstest.console.dll, MetadataReaderExtensionsHelper: Discovering extensions inside assembly 'Microsoft.Diagnostics.NETCore.Client, Version=0.2.9.2401, Culture=neutral, PublicKeyToken=31bf3856ad364e35' file path 'C:\Program Files\dotnet\sdk\8.0.202\Extensions\Microsoft.Diagnostics.NETCore.Client.dll'
TpTrace Information: 0 : 15296, 1, 2024/04/25, 15:23:46.762, 5309433428730, vstest.console.dll, AssemblyResolver.OnResolve: Microsoft.Bcl.AsyncInterfaces: Resolving assembly.
TpTrace Information: 0 : 15296, 1, 2024/04/25, 15:23:46.762, 5309433430556, vstest.console.dll, AssemblyResolver.OnResolve: Microsoft.Bcl.AsyncInterfaces: Resolved from cache.
TpTrace Verbose: 0 : 15296, 1, 2024/04/25, 15:23:46.762, 5309433431356, vstest.console.dll, CurrentDomainAssemblyResolve: Resolving assembly 'Microsoft.Bcl.AsyncInterfaces'.
TpTrace Information: 0 : 15296, 1, 2024/04/25, 15:23:46.762, 5309433432578, vstest.console.dll, AssemblyResolver.OnResolve: Microsoft.Bcl.AsyncInterfaces: Resolving assembly.
TpTrace Information: 0 : 15296, 1, 2024/04/25, 15:23:46.762, 5309433433535, vstest.console.dll, AssemblyResolver.OnResolve: Microsoft.Bcl.AsyncInterfaces: Resolved from cache.
TpTrace Verbose: 0 : 15296, 1, 2024/04/25, 15:23:46.762, 5309433434327, vstest.console.dll, CurrentDomainAssemblyResolve: Resolving assembly 'Microsoft.Bcl.AsyncInterfaces'.
TpTrace Verbose: 0 : 15296, 1, 2024/04/25, 15:23:46.762, 5309433435010, vstest.console.dll, CurrentDomainAssemblyResolve: Failed to resolve assembly 'Microsoft.Bcl.AsyncInterfaces'.
TpTrace Verbose: 0 : 15296, 1, 2024/04/25, 15:23:46.763, 5309433438270, vstest.console.dll, CurrentDomainAssemblyResolve: Failed to resolve assembly 'Microsoft.Bcl.AsyncInterfaces'.
TpTrace Warning: 0 : 15296, 1, 2024/04/25, 15:23:46.764, 5309433447492, vstest.console.dll, TestPluginDiscoverer: Failed to get types from assembly 'Microsoft.Diagnostics.NETCore.Client, Version=0.2.9.2401, Culture=neutral, PublicKeyToken=31bf3856ad364e35'. Error: System.Reflection.ReflectionTypeLoadException: Unable to load one or more of the requested types.
Could not load file or assembly 'Microsoft.Bcl.AsyncInterfaces, Version=6.0.0.0, Culture=neutral, PublicKeyToken=cc7b13ffcd2ddd51'. The system cannot find the file specified.
   at System.Reflection.RuntimeModule.GetTypes(RuntimeModule module)
   at System.Reflection.RuntimeModule.GetTypes()
   at Microsoft.VisualStudio.TestPlatform.Common.ExtensionFramework.TestPluginDiscoverer.GetTestExtensionsFromAssembly[TPluginInfo,TExtension](Assembly assembly, Dictionary`2 pluginInfos, String filePath) in /_/src/Microsoft.TestPlatform.Common/ExtensionFramework/TestPluginDiscoverer.cs:line 158
System.IO.FileNotFoundException: Could not load file or assembly 'Microsoft.Bcl.AsyncInterfaces, Version=6.0.0.0, Culture=neutral, PublicKeyToken=cc7b13ffcd2ddd51'. The system cannot find the file specified.
File name: 'Microsoft.Bcl.AsyncInterfaces, Version=6.0.0.0, Culture=neutral, PublicKeyToken=cc7b13ffcd2ddd51'
 ---> System.IO.FileNotFoundException: Could not load file or assembly 'Microsoft.Bcl.AsyncInterfaces, Culture=neutral, PublicKeyToken=null'. The system cannot find the file specified.
File name: 'Microsoft.Bcl.AsyncInterfaces, Culture=neutral, PublicKeyToken=null'
   at System.Reflection.RuntimeAssembly.InternalLoad(AssemblyName assemblyName, StackCrawlMark& stackMark, AssemblyLoadContext assemblyLoadContext, RuntimeAssembly requestingAssembly, Boolean throwOnFileNotFound)
   at System.Reflection.Assembly.Load(AssemblyName assemblyRef)
   at Microsoft.VisualStudio.TestPlatform.Common.ExtensionFramework.TestPluginCache.CurrentDomainAssemblyResolve(Object sender, AssemblyResolveEventArgs args) in /_/src/Microsoft.TestPlatform.Common/ExtensionFramework/TestPluginCache.cs:line 513
   at System.Runtime.Loader.AssemblyLoadContext.GetFirstResolvedAssemblyFromResolvingEvent(AssemblyName assemblyName)
   at System.Runtime.Loader.AssemblyLoadContext.ResolveUsingEvent(AssemblyName assemblyName)
   at System.Runtime.Loader.AssemblyLoadContext.ResolveUsingResolvingEvent(IntPtr gchManagedAssemblyLoadContext, AssemblyName assemblyName)
TpTrace Warning: 0 : 15296, 1, 2024/04/25, 15:23:46.764, 5309433452421, vstest.console.dll, LoaderExceptions: System.IO.FileNotFoundException: Could not load file or assembly 'Microsoft.Bcl.AsyncInterfaces, Version=6.0.0.0, Culture=neutral, PublicKeyToken=cc7b13ffcd2ddd51'. The system cannot find the file specified.
File name: 'Microsoft.Bcl.AsyncInterfaces, Version=6.0.0.0, Culture=neutral, PublicKeyToken=cc7b13ffcd2ddd51'
 ---> System.IO.FileNotFoundException: Could not load file or assembly 'Microsoft.Bcl.AsyncInterfaces, Culture=neutral, PublicKeyToken=null'. The system cannot find the file specified.
File name: 'Microsoft.Bcl.AsyncInterfaces, Culture=neutral, PublicKeyToken=null'
   at System.Reflection.RuntimeAssembly.InternalLoad(AssemblyName assemblyName, StackCrawlMark& stackMark, AssemblyLoadContext assemblyLoadContext, RuntimeAssembly requestingAssembly, Boolean throwOnFileNotFound)
   at System.Reflection.Assembly.Load(AssemblyName assemblyRef)
   at Microsoft.VisualStudio.TestPlatform.Common.ExtensionFramework.TestPluginCache.CurrentDomainAssemblyResolve(Object sender, AssemblyResolveEventArgs args) in /_/src/Microsoft.TestPlatform.Common/ExtensionFramework/TestPluginCache.cs:line 513
   at System.Runtime.Loader.AssemblyLoadContext.GetFirstResolvedAssemblyFromResolvingEvent(AssemblyName assemblyName)
   at System.Runtime.Loader.AssemblyLoadContext.ResolveUsingEvent(AssemblyName assemblyName)
   at System.Runtime.Loader.AssemblyLoadContext.ResolveUsingResolvingEvent(IntPtr gchManagedAssemblyLoadContext, AssemblyName assemblyName)
TpTrace Verbose: 0 : 15296, 1, 2024/04/25, 15:23:46.764, 5309433454401, vstest.console.dll, MetadataReaderExtensionsHelper: Discovering extensions inside assembly 'Microsoft.TestPlatform.Extensions.BlameDataCollector, Version=15.0.0.0, Culture=neutral, PublicKeyToken=b03f5f7f11d50a3a' file path 'C:\Program Files\dotnet\sdk\8.0.202\Extensions\Microsoft.TestPlatform.Extensions.BlameDataCollector.dll'
TpTrace Information: 0 : 15296, 1, 2024/04/25, 15:23:46.765, 5309433466279, vstest.console.dll, GetTestExtensionFromType: Register extension with identifier data 'logger://Microsoft/TestPlatform/Extensions/Blame/v1' and type 'Microsoft.TestPlatform.Extensions.BlameDataCollector.BlameLogger, Microsoft.TestPlatform.Extensions.BlameDataCollector, Version=15.0.0.0, Culture=neutral, PublicKeyToken=b03f5f7f11d50a3a' inside file 'C:\Program Files\dotnet\sdk\8.0.202\Extensions\Microsoft.TestPlatform.Extensions.BlameDataCollector.dll'
TpTrace Verbose: 0 : 15296, 1, 2024/04/25, 15:23:46.766, 5309433468475, vstest.console.dll, MetadataReaderExtensionsHelper: Discovering extensions inside assembly 'Microsoft.TestPlatform.Extensions.EventLogCollector, Version=15.0.0.0, Culture=neutral, PublicKeyToken=b03f5f7f11d50a3a' file path 'C:\Program Files\dotnet\sdk\8.0.202\Extensions\Microsoft.TestPlatform.Extensions.EventLogCollector.dll'
TpTrace Verbose: 0 : 15296, 1, 2024/04/25, 15:23:46.766, 5309433476207, vstest.console.dll, MetadataReaderExtensionsHelper: Discovering extensions inside assembly 'Microsoft.TestPlatform.TestHostRuntimeProvider, Version=15.0.0.0, Culture=neutral, PublicKeyToken=b03f5f7f11d50a3a' file path 'C:\Program Files\dotnet\sdk\8.0.202\Extensions\Microsoft.TestPlatform.TestHostRuntimeProvider.dll'
TpTrace Verbose: 0 : 15296, 1, 2024/04/25, 15:23:46.767, 5309433483972, vstest.console.dll, MetadataReaderExtensionsHelper: Discovering extensions inside assembly 'Microsoft.VisualStudio.TestPlatform.Extensions.Html.TestLogger, Version=15.0.0.0, Culture=neutral, PublicKeyToken=b03f5f7f11d50a3a' file path 'C:\Program Files\dotnet\sdk\8.0.202\Extensions\Microsoft.VisualStudio.TestPlatform.Extensions.Html.TestLogger.dll'
TpTrace Information: 0 : 15296, 1, 2024/04/25, 15:23:46.769, 5309433497796, vstest.console.dll, GetTestExtensionFromType: Register extension with identifier data 'logger://Microsoft/TestPlatform/HtmlLogger/v1' and type 'Microsoft.VisualStudio.TestPlatform.Extensions.HtmlLogger.HtmlLogger, Microsoft.VisualStudio.TestPlatform.Extensions.Html.TestLogger, Version=15.0.0.0, Culture=neutral, PublicKeyToken=b03f5f7f11d50a3a' inside file 'C:\Program Files\dotnet\sdk\8.0.202\Extensions\Microsoft.VisualStudio.TestPlatform.Extensions.Html.TestLogger.dll'
TpTrace Verbose: 0 : 15296, 1, 2024/04/25, 15:23:46.769, 5309433499623, vstest.console.dll, MetadataReaderExtensionsHelper: Discovering extensions inside assembly 'Microsoft.VisualStudio.TestPlatform.Extensions.Trx.TestLogger, Version=15.0.0.0, Culture=neutral, PublicKeyToken=b03f5f7f11d50a3a' file path 'C:\Program Files\dotnet\sdk\8.0.202\Extensions\Microsoft.VisualStudio.TestPlatform.Extensions.Trx.TestLogger.dll'
TpTrace Information: 0 : 15296, 1, 2024/04/25, 15:23:46.770, 5309433508020, vstest.console.dll, GetTestExtensionFromType: Register extension with identifier data 'logger://Microsoft/TestPlatform/TrxLogger/v1' and type 'Microsoft.VisualStudio.TestPlatform.Extensions.TrxLogger.TrxLogger, Microsoft.VisualStudio.TestPlatform.Extensions.Trx.TestLogger, Version=15.0.0.0, Culture=neutral, PublicKeyToken=b03f5f7f11d50a3a' inside file 'C:\Program Files\dotnet\sdk\8.0.202\Extensions\Microsoft.VisualStudio.TestPlatform.Extensions.Trx.TestLogger.dll'
TpTrace Verbose: 0 : 15296, 1, 2024/04/25, 15:23:46.770, 5309433510730, vstest.console.dll, TestPluginCache: Discovered the extensions using extension path ''.
TpTrace Verbose: 0 : 15296, 1, 2024/04/25, 15:23:46.770, 5309433511841, vstest.console.dll, TestPluginCache: Discoverers are ''.
TpTrace Verbose: 0 : 15296, 1, 2024/04/25, 15:23:46.770, 5309433512691, vstest.console.dll, TestPluginCache: Executors are ''.
TpTrace Verbose: 0 : 15296, 1, 2024/04/25, 15:23:46.770, 5309433513533, vstest.console.dll, TestPluginCache: Executors2 are ''.
TpTrace Verbose: 0 : 15296, 1, 2024/04/25, 15:23:46.770, 5309433514398, vstest.console.dll, TestPluginCache: Setting providers are ''.
TpTrace Verbose: 0 : 15296, 1, 2024/04/25, 15:23:46.771, 5309433517986, vstest.console.dll, TestPluginCache: Loggers are 'logger://Microsoft/TestPlatform/Extensions/Blame/v1,logger://Microsoft/TestPlatform/HtmlLogger/v1,logger://Microsoft/TestPlatform/TrxLogger/v1'.
TpTrace Verbose: 0 : 15296, 1, 2024/04/25, 15:23:46.771, 5309433519443, vstest.console.dll, TestPluginCache: TestHosts are 'HostProvider://DefaultTestHost,HostProvider://DotnetTestHost'.
TpTrace Verbose: 0 : 15296, 1, 2024/04/25, 15:23:46.771, 5309433520611, vstest.console.dll, TestPluginCache: DataCollectors are ''.
TpTrace Information: 0 : 15296, 1, 2024/04/25, 15:23:46.773, 5309433546418, vstest.console.dll, TestPluginManager.CreateTestExtension: Attempting to load test extension: Microsoft.TestPlatform.Extensions.BlameDataCollector.BlameLogger
TpTrace Verbose: 0 : 15296, 1, 2024/04/25, 15:23:46.793, 5309433738987, vstest.console.dll, TestEngine: Initializing Parallel Execution as MaxCpuCount is set to: 1
TpTrace Information: 0 : 15296, 1, 2024/04/25, 15:23:46.797, 5309433784824, vstest.console.dll, TestPluginManager.CreateTestExtension: Attempting to load test extension: Microsoft.VisualStudio.TestPlatform.CrossPlatEngine.Hosting.DefaultTestHostManager
TpTrace Information: 0 : 15296, 1, 2024/04/25, 15:23:46.801, 5309433821429, vstest.console.dll, TestPluginManager.CreateTestExtension: Attempting to load test extension: Microsoft.VisualStudio.TestPlatform.CrossPlatEngine.Hosting.DotnetTestHostManager
TpTrace Information: 0 : 15296, 1, 2024/04/25, 15:23:46.803, 5309433840288, vstest.console.dll, InferRunSettingsHelper.IsTestSettingsEnabled: Unable to navigate to RunSettings/MSTest. Current node: RunSettings
TpTrace Verbose: 0 : 15296, 1, 2024/04/25, 15:23:46.806, 5309433874796, vstest.console.dll, ParallelOperationManager.ClearSlots: Clearing all slots. Slots should accept more work: True
TpTrace Verbose: 0 : 15296, 1, 2024/04/25, 15:23:46.809, 5309433897588, vstest.console.dll, ParallelOperationManager.SetOccupiedSlotCount: Setting slot counts AvailableSlotCount = 1, OccupiedSlotCount = 0.
TpTrace Verbose: 0 : 15296, 1, 2024/04/25, 15:23:46.810, 5309433910610, vstest.console.dll, Occupied slots:

TpTrace Verbose: 0 : 15296, 1, 2024/04/25, 15:23:46.821, 5309434019299, vstest.console.dll, TestEngine.GetExecutionManager: Chosen execution manager 'Microsoft.VisualStudio.TestPlatform.CrossPlatEngine.Client.Parallel.ParallelProxyExecutionManager, Microsoft.TestPlatform.CrossPlatEngine, Version=15.0.0.0, Culture=neutral, PublicKeyToken=b03f5f7f11d50a3a' ParallelLevel '1'.
TpTrace Verbose: 0 : 15296, 1, 2024/04/25, 15:23:46.821, 5309434022575, vstest.console.dll, TestRunRequest.ExecuteAsync: Creating test run request.
TpTrace Verbose: 0 : 15296, 1, 2024/04/25, 15:23:46.822, 5309434030315, vstest.console.dll, TestRunRequest.ExecuteAsync: Starting.
TpTrace Information: 0 : 15296, 1, 2024/04/25, 15:23:46.826, 5309434072288, vstest.console.dll, TestRunRequest.ExecuteAsync: Starting run with settings:TestRunCriteria:
   KeepAlive=False,FrequencyOfRunStatsChangeEvent=10,RunStatsChangeEventTimeout=00:00:01.5000000,TestCaseFilter=,TestExecutorLauncher=
   Settingsxml=<RunSettings>
  <RunConfiguration>
    <ResultsDirectory>C:\Users\VC\Desktop\DAY 12 - 25.04.2024\ShoppingSolution\ShoppingDALTest\bin\Debug\net6.0\fine-code-coverage\coverage-tool-output</ResultsDirectory>
    <TargetPlatform>X64</TargetPlatform>
    <TargetFrameworkVersion>.NETCoreApp,Version=v6.0</TargetFrameworkVersion>
    <DesignMode>False</DesignMode>
    <CollectSourceInformation>False</CollectSourceInformation>
  </RunConfiguration>
  <LoggerRunSettings>
    <Loggers>
      <Logger friendlyName="blame" enabled="True" />
      <Logger friendlyName="Console" uri="logger://microsoft/TestPlatform/ConsoleLogger/v1" assemblyQualifiedName="Microsoft.VisualStudio.TestPlatform.CommandLine.Internal.ConsoleLogger, vstest.console, Version=15.0.0.0, Culture=neutral, PublicKeyToken=b03f5f7f11d50a3a" codeBase="C:\Program Files\dotnet\sdk\8.0.202\vstest.console.dll" enabled="True" />
    </Loggers>
  </LoggerRunSettings>
  <DataCollectionRunSettings>
    <DataCollectors>
      <DataCollector friendlyName="blame" enabled="True">
        <Configuration>
          <ResultsDirectory>C:\Users\VC\Desktop\DAY 12 - 25.04.2024\ShoppingSolution\ShoppingDALTest\bin\Debug\net6.0\fine-code-coverage\coverage-tool-output</ResultsDirectory>
        </Configuration>
      </DataCollector>
    </DataCollectors>
  </DataCollectionRunSettings>
</RunSettings>

TpTrace Verbose: 0 : 15296, 1, 2024/04/25, 15:23:46.826, 5309434076599, vstest.console.dll, TestRunRequest.ExecuteAsync: Wait for the first run request is over.
TpTrace Verbose: 0 : 15296, 1, 2024/04/25, 15:23:46.827, 5309434083929, vstest.console.dll, MulticastDelegateUtilities.SafeInvoke: TestRun.TestRunStart: Invoking callbacks was skipped because there are no subscribers.
TpTrace Verbose: 0 : 15296, 4, 2024/04/25, 15:23:46.828, 5309434089006, vstest.console.dll, MulticastDelegateUtilities.SafeInvoke: InternalTestLoggerEvents.SendTestRunStart: Invoking callback 1/1 for Microsoft.VisualStudio.TestPlatform.CommandLine.Internal.ConsoleLogger., took 0 ms.
TpTrace Verbose: 0 : 15296, 1, 2024/04/25, 15:23:46.830, 5309434111546, vstest.console.dll, ParallelProxyExecutionManager: Start execution. Total sources: 1
TpTrace Verbose: 0 : 15296, 1, 2024/04/25, 15:23:46.831, 5309434123222, vstest.console.dll, ParallelOperationManager.StartWork: Starting adding 1 workloads.
TpTrace Verbose: 0 : 15296, 1, 2024/04/25, 15:23:46.831, 5309434126120, vstest.console.dll, ParallelOperationManager.ClearSlots: Clearing all slots. Slots should accept more work: True
TpTrace Verbose: 0 : 15296, 1, 2024/04/25, 15:23:46.832, 5309434128483, vstest.console.dll, ParallelOperationManager.SetOccupiedSlotCount: Setting slot counts AvailableSlotCount = 1, OccupiedSlotCount = 0.
TpTrace Verbose: 0 : 15296, 1, 2024/04/25, 15:23:46.832, 5309434129798, vstest.console.dll, Occupied slots:

TpTrace Verbose: 0 : 15296, 1, 2024/04/25, 15:23:46.836, 5309434172835, vstest.console.dll, TestRequestSender is acting as server.
TpTrace Verbose: 0 : 15296, 1, 2024/04/25, 15:23:46.841, 5309434218086, vstest.console.dll, ParallelOperationManager.RunWorkInParallel: Adding 1 workload to slot, remaining workloads 0.
TpTrace Verbose: 0 : 15296, 1, 2024/04/25, 15:23:46.841, 5309434222095, vstest.console.dll, ParallelOperationManager.SetOccupiedSlotCount: Setting slot counts AvailableSlotCount = 0, OccupiedSlotCount = 1.
TpTrace Verbose: 0 : 15296, 1, 2024/04/25, 15:23:46.841, 5309434224425, vstest.console.dll, Occupied slots:
0: C:\Users\VC\Desktop\DAY 12 - 25.04.2024\ShoppingSolution\ShoppingDALTest\bin\Debug\net6.0\fine-code-coverage\build-output\ShoppingDALTest.dll
TpTrace Verbose: 0 : 15296, 1, 2024/04/25, 15:23:46.843, 5309434245289, vstest.console.dll, ParallelOperationManager.RunWorkInParallel: Started host in slot number 0 for work (source): C:\Users\VC\Desktop\DAY 12 - 25.04.2024\ShoppingSolution\ShoppingDALTest\bin\Debug\net6.0\fine-code-coverage\build-output\ShoppingDALTest.dll.
TpTrace Verbose: 0 : 15296, 1, 2024/04/25, 15:23:46.845, 5309434263335, vstest.console.dll, ParallelOperationManager.RunWorkInParallel: We started 1 work items, which is the max parallel level. Won't start more work.
TpTrace Verbose: 0 : 15296, 1, 2024/04/25, 15:23:46.845, 5309434264958, vstest.console.dll, ParallelOperationManager.RunWorkInParallel: We started 1 work items in here, returning True.
TpTrace Information: 0 : 15296, 1, 2024/04/25, 15:23:46.845, 5309434265788, vstest.console.dll, TestRunRequest.ExecuteAsync: Started.
TpTrace Verbose: 0 : 15296, 5, 2024/04/25, 15:23:46.845, 5309434265879, vstest.console.dll, ParallelProxyExecutionManager.StartTestRunOnConcurrentManager: Initializing uninitialized client. Started clients: 0
TpTrace Verbose: 0 : 15296, 5, 2024/04/25, 15:23:46.846, 5309434268965, vstest.console.dll, DataCollectionRequestSender.InitializeCommunication : Initialize communication. 
TpTrace Verbose: 0 : 15296, 1, 2024/04/25, 15:23:46.847, 5309434279269, vstest.console.dll, TestRunRequest.WaitForCompletion: Waiting with timeout -1.
TpTrace Information: 0 : 15296, 5, 2024/04/25, 15:23:46.858, 5309434393062, vstest.console.dll, Listening on Endpoint : 127.0.0.1:52657
TpTrace Verbose: 0 : 15296, 5, 2024/04/25, 15:23:46.867, 5309434477468, vstest.console.dll, DotnetDataCollectionLauncher: Adding  --runtimeconfig "C:\Program Files\dotnet\sdk\8.0.202\datacollector.runtimeconfig.json" in args
TpTrace Verbose: 0 : 15296, 5, 2024/04/25, 15:23:46.867, 5309434479201, vstest.console.dll, DotnetDataCollectionLauncher: Adding  --depsfile "C:\Program Files\dotnet\sdk\8.0.202\datacollector.deps.json" in args
TpTrace Verbose: 0 : 15296, 5, 2024/04/25, 15:23:46.868, 5309434487565, vstest.console.dll, DotnetDataCollectionLauncher: Full path of dotnet.exe is C:\Program Files\dotnet\dotnet.exe
TpTrace Information: 0 : 15296, 5, 2024/04/25, 15:23:46.877, 5309434577254, vstest.console.dll, ProxyDataCollectionManager.Initialize: Launched datacollector processId: 24408 port: 52657
TpTrace Information: 0 : 15296, 5, 2024/04/25, 15:23:46.877, 5309434580035, vstest.console.dll, ProxyDataCollectionManager.Initialize: waiting for connection with timeout: 90 seconds
TpTrace Verbose: 0 : 15296, 5, 2024/04/25, 15:23:46.877, 5309434580993, vstest.console.dll, DataCollectionRequestSender.WaitForRequestHandlerConnection : Waiting for connection with timeout: 90000
TpTrace Information: 0 : 15296, 7, 2024/04/25, 15:23:47.308, 5309438896241, vstest.console.dll, Using the buffer size of 16384 bytes
TpTrace Verbose: 0 : 15296, 5, 2024/04/25, 15:23:47.308, 5309438896264, vstest.console.dll, SocketCommunicationManager.WaitForClientConnection took: 431 ms, with 90000 ms timeout, and finished with True.
TpTrace Information: 0 : 15296, 7, 2024/04/25, 15:23:47.309, 5309438897822, vstest.console.dll, Accepted Client request and set the flag
TpTrace Verbose: 0 : 15296, 5, 2024/04/25, 15:23:47.309, 5309438899054, vstest.console.dll, ProxyDataCollectionManager.InvokeDataCollectionServiceAction: Starting.
TpTrace Information: 0 : 15296, 5, 2024/04/25, 15:23:47.309, 5309438900221, vstest.console.dll, ProxyDataCollectionManager.BeforeTestRunStart: Get environment variable and port for datacollector processId: 24408 port: 52657
TpTrace Verbose: 0 : 15296, 5, 2024/04/25, 15:23:47.309, 5309438901850, vstest.console.dll, DataCollectionRequestSender.SendBeforeTestRunStartAndGetResult: Send BeforeTestRunStart message with settingsXml <RunSettings><RunConfiguration><ResultsDirectory>C:\Users\VC\Desktop\DAY 12 - 25.04.2024\ShoppingSolution\ShoppingDALTest\bin\Debug\net6.0\fine-code-coverage\coverage-tool-output</ResultsDirectory><TargetPlatform>X64</TargetPlatform><TargetFrameworkVersion>.NETCoreApp,Version=v6.0</TargetFrameworkVersion><DesignMode>False</DesignMode><CollectSourceInformation>False</CollectSourceInformation><TestAdaptersPaths>C:\Program Files\dotnet\sdk\8.0.202\Extensions</TestAdaptersPaths></RunConfiguration><LoggerRunSettings><Loggers><Logger friendlyName="blame" enabled="True" /><Logger friendlyName="Console" uri="logger://microsoft/TestPlatform/ConsoleLogger/v1" assemblyQualifiedName="Microsoft.VisualStudio.TestPlatform.CommandLine.Internal.ConsoleLogger, vstest.console, Version=15.0.0.0, Culture=neutral, PublicKeyToken=b03f5f7f11d50a3a" codeBase="C:\Program Files\dotnet\sdk\8.0.202\vstest.console.dll" enabled="True" /></Loggers></LoggerRunSettings><DataCollectionRunSettings><DataCollectors><DataCollector friendlyName="blame" enabled="True"><Configuration><ResultsDirectory>C:\Users\VC\Desktop\DAY 12 - 25.04.2024\ShoppingSolution\ShoppingDALTest\bin\Debug\net6.0\fine-code-coverage\coverage-tool-output</ResultsDirectory></Configuration></DataCollector></DataCollectors></DataCollectionRunSettings></RunSettings> and sources System.Collections.Generic.List`1[System.String]: 
TpTrace Verbose: 0 : 15296, 5, 2024/04/25, 15:23:47.372, 5309439530556, vstest.console.dll, DataCollectionRequestSender.SendBeforeTestRunStartAndGetResult: Received message: (DataCollection.SendMessage) -> {"MessageType":"DataCollection.SendMessage","Payload":{"FriendlyName":null,"Uri":null,"TestCaseId":"00000000-0000-0000-0000-000000000000","Message":"Logging DataCollector Diagnostics in file: C:\\Users\\VC\\Desktop\\DAY 12 - 25.04.2024\\ShoppingSolution\\ShoppingDALTest\\bin\\Debug\\net6.0\\fine-code-coverage\\coverage-tool-output\\diagnostics.datacollector.24-04-25_15-23-46_86674_5.log","Level":0}}
TpTrace Verbose: 0 : 15296, 5, 2024/04/25, 15:23:47.535, 5309441164110, vstest.console.dll, DataCollectionRequestSender.SendBeforeTestRunStartAndGetResult: Received message: (DataCollection.BeforeTestRunStartResult) -> {"MessageType":"DataCollection.BeforeTestRunStartResult","Payload":{"EnvironmentVariables":{},"DataCollectionEventsPort":52659}}
TpTrace Information: 0 : 15296, 5, 2024/04/25, 15:23:47.540, 5309441208406, vstest.console.dll, ProxyDataCollectionManager.BeforeTestRunStart: SendBeforeTestRunStartAndGetResult successful, env variable from datacollector:   and testhost port: 52659
TpTrace Information: 0 : 15296, 5, 2024/04/25, 15:23:47.540, 5309441209605, vstest.console.dll, ProxyDataCollectionManager.InvokeDataCollectionServiceAction: Completed.
TpTrace Verbose: 0 : 15296, 5, 2024/04/25, 15:23:47.540, 5309441210018, vstest.console.dll, ParallelProxyExecutionManager.StartTestRunOnConcurrentManager: Initializing test run. Started clients: 0
TpTrace Verbose: 0 : 15296, 5, 2024/04/25, 15:23:47.540, 5309441210887, vstest.console.dll, ProxyExecutionManager: Test host is always Lazy initialize.
TpTrace Verbose: 0 : 15296, 5, 2024/04/25, 15:23:47.540, 5309441212779, vstest.console.dll, TestRequestSender.InitializeCommunication: initialize communication. 
TpTrace Information: 0 : 15296, 5, 2024/04/25, 15:23:47.541, 5309441221625, vstest.console.dll, SocketServer.Start: Listening on endpoint : 127.0.0.1:52660
TpTrace Verbose: 0 : 15296, 5, 2024/04/25, 15:23:47.542, 5309441229829, vstest.console.dll, DotnetTestHostmanager.GetTestHostProcessStartInfo: Platform environment 'X64' target architecture 'X64' framework '.NETCoreApp,Version=v6.0' OS 'Windows'
TpTrace Verbose: 0 : 15296, 5, 2024/04/25, 15:23:47.542, 5309441232786, vstest.console.dll, DotnetTestHostmanager: Adding  --runtimeconfig "C:\Users\VC\Desktop\DAY 12 - 25.04.2024\ShoppingSolution\ShoppingDALTest\bin\Debug\net6.0\fine-code-coverage\build-output\ShoppingDALTest.runtimeconfig.json" in args
TpTrace Verbose: 0 : 15296, 5, 2024/04/25, 15:23:47.542, 5309441234103, vstest.console.dll, DotnetTestHostmanager: Adding  --depsfile "C:\Users\VC\Desktop\DAY 12 - 25.04.2024\ShoppingSolution\ShoppingDALTest\bin\Debug\net6.0\fine-code-coverage\build-output\ShoppingDALTest.deps.json" in args
TpTrace Verbose: 0 : 15296, 5, 2024/04/25, 15:23:47.543, 5309441238142, vstest.console.dll, DotnetTestHostmanager.IsWinOnArm: Current PROCESSOR_ARCHITECTURE from environment variable 'AMD64'
TpTrace Verbose: 0 : 15296, 5, 2024/04/25, 15:23:47.543, 5309441238903, vstest.console.dll, DotnetTestHostmanager.IsWinOnArm: Is Windows on ARM 'False'
TpTrace Verbose: 0 : 15296, 5, 2024/04/25, 15:23:47.543, 5309441239908, vstest.console.dll, DotnetTestHostManager: testhost.exe found at path: C:\Users\VC\Desktop\DAY 12 - 25.04.2024\ShoppingSolution\ShoppingDALTest\bin\Debug\net6.0\fine-code-coverage\build-output\testhost.exe
TpTrace Verbose: 0 : 15296, 5, 2024/04/25, 15:23:47.543, 5309441240412, vstest.console.dll, DotnetTestHostmanager: Full path of host exe is C:\Users\VC\Desktop\DAY 12 - 25.04.2024\ShoppingSolution\ShoppingDALTest\bin\Debug\net6.0\fine-code-coverage\build-output\testhost.exe
TpTrace Verbose: 0 : 15296, 5, 2024/04/25, 15:23:47.543, 5309441241743, vstest.console.dll, DotnetTestHostmanager.LaunchTestHostAsync: Found 'VSTEST_WINAPPHOST_DOTNET_ROOT' in env variables, value 'C:\Program Files\dotnet', forwarding to 'DOTNET_ROOT'
TpTrace Verbose: 0 : 15296, 5, 2024/04/25, 15:23:47.543, 5309441243092, vstest.console.dll, DotnetTestHostManager: Starting process 'C:\Users\VC\Desktop\DAY 12 - 25.04.2024\ShoppingSolution\ShoppingDALTest\bin\Debug\net6.0\fine-code-coverage\build-output\testhost.exe' with command line ' --runtimeconfig "C:\Users\VC\Desktop\DAY 12 - 25.04.2024\ShoppingSolution\ShoppingDALTest\bin\Debug\net6.0\fine-code-coverage\build-output\ShoppingDALTest.runtimeconfig.json" --depsfile "C:\Users\VC\Desktop\DAY 12 - 25.04.2024\ShoppingSolution\ShoppingDALTest\bin\Debug\net6.0\fine-code-coverage\build-output\ShoppingDALTest.deps.json" --port 52660 --endpoint 127.0.0.1:052660 --role client --parentprocessid 15296 --diag "C:\Users\VC\Desktop\DAY 12 - 25.04.2024\ShoppingSolution\ShoppingDALTest\bin\Debug\net6.0\fine-code-coverage\coverage-tool-output\diagnostics.host.24-04-25_15-23-47_54186_5.log" --tracelevel 4 --datacollectionport 52659 --telemetryoptedin false'
TpTrace Verbose: 0 : 15296, 5, 2024/04/25, 15:23:47.550, 5309441314374, vstest.console.dll, MulticastDelegateUtilities.SafeInvoke: HostProviderEvents.OnHostLaunched: Invoking callback 1/2 for Microsoft.VisualStudio.TestPlatform.CrossPlatEngine.Client.ProxyExecutionManagerWithDataCollection., took 1 ms.
TpTrace Verbose: 0 : 15296, 5, 2024/04/25, 15:23:47.551, 5309441319155, vstest.console.dll, Test Runtime launched
TpTrace Verbose: 0 : 15296, 5, 2024/04/25, 15:23:47.551, 5309441320392, vstest.console.dll, MulticastDelegateUtilities.SafeInvoke: HostProviderEvents.OnHostLaunched: Invoking callback 2/2 for Microsoft.VisualStudio.TestPlatform.CrossPlatEngine.Client.ProxyOperationManager., took 0 ms.
TpTrace Verbose: 0 : 15296, 5, 2024/04/25, 15:23:47.551, 5309441322508, vstest.console.dll, TestRequestSender.WaitForRequestHandlerConnection: waiting for connection with timeout: 90000.
TpTrace Verbose: 0 : 15296, 5, 2024/04/25, 15:23:47.833, 5309444141873, vstest.console.dll, TestRequestSender.WaitForRequestHandlerConnection: waiting took 281 ms, with timeout 90000 ms, and result 0, which is success.
TpTrace Verbose: 0 : 15296, 14, 2024/04/25, 15:23:47.833, 5309444141923, vstest.console.dll, MulticastDelegateUtilities.SafeInvoke: SocketServer: ClientConnected: Invoking callback 1/1 for Microsoft.VisualStudio.TestPlatform.CommunicationUtilities.TestRequestSender., took 0 ms.
TpTrace Verbose: 0 : 15296, 14, 2024/04/25, 15:23:47.833, 5309444145228, vstest.console.dll, SocketServer.OnClientConnected: Client connected for endPoint: 127.0.0.1:52660, starting MessageLoopAsync:
TpTrace Verbose: 0 : 15296, 7, 2024/04/25, 15:23:47.835, 5309444158514, vstest.console.dll, TcpClientExtensions.MessageLoopAsync: Polling on remoteEndPoint: 127.0.0.1:52661 localEndPoint: 127.0.0.1:52660 after 0 ms
TpTrace Verbose: 0 : 15296, 5, 2024/04/25, 15:23:47.835, 5309444165273, vstest.console.dll, TestRequestSender.CheckVersionWithTestHost: Sending check version message: {"MessageType":"ProtocolVersion","Payload":7}
TpTrace Verbose: 0 : 15296, 7, 2024/04/25, 15:23:48.020, 5309446011429, vstest.console.dll, TcpClientExtensions.MessageLoopAsync: NotifyDataAvailable remoteEndPoint: 127.0.0.1:52661 localEndPoint: 127.0.0.1:52660
TpTrace Verbose: 0 : 15296, 7, 2024/04/25, 15:23:48.021, 5309446017591, vstest.console.dll, TestRequestSender.CheckVersionWithTestHost: onMessageReceived received message: (ProtocolVersion) -> {"MessageType":"ProtocolVersion","Payload":5}
TpTrace Verbose: 0 : 15296, 7, 2024/04/25, 15:23:48.022, 5309446033797, vstest.console.dll, MulticastDelegateUtilities.SafeInvoke: LengthPrefixCommunicationChannel: MessageReceived: Invoking callback 1/1 for Microsoft.VisualStudio.TestPlatform.CommunicationUtilities.TestRequestSender+<>c__DisplayClass29_0., took 1 ms.
TpTrace Verbose: 0 : 15296, 5, 2024/04/25, 15:23:48.022, 5309446035852, vstest.console.dll, TestPluginCache.GetExtensionPaths: Filtered extension paths: 
TpTrace Verbose: 0 : 15296, 7, 2024/04/25, 15:23:48.022, 5309446036966, vstest.console.dll, TcpClientExtensions.MessageLoopAsync: Polling on remoteEndPoint: 127.0.0.1:52661 localEndPoint: 127.0.0.1:52660 after 187 ms
TpTrace Verbose: 0 : 15296, 5, 2024/04/25, 15:23:48.023, 5309446038818, vstest.console.dll, TestPluginCache.GetExtensionPaths: Added default extension paths: C:\Program Files\dotnet\sdk\8.0.202\Extensions\Microsoft.Diagnostics.NETCore.Client.dll
C:\Program Files\dotnet\sdk\8.0.202\Extensions\Microsoft.TestPlatform.Extensions.BlameDataCollector.dll
C:\Program Files\dotnet\sdk\8.0.202\Extensions\Microsoft.TestPlatform.Extensions.EventLogCollector.dll
C:\Program Files\dotnet\sdk\8.0.202\Extensions\Microsoft.TestPlatform.TestHostRuntimeProvider.dll
C:\Program Files\dotnet\sdk\8.0.202\Extensions\Microsoft.VisualStudio.TestPlatform.Extensions.Html.TestLogger.dll
C:\Program Files\dotnet\sdk\8.0.202\Extensions\Microsoft.VisualStudio.TestPlatform.Extensions.Trx.TestLogger.dll
TpTrace Verbose: 0 : 15296, 5, 2024/04/25, 15:23:48.023, 5309446041120, vstest.console.dll, TestPluginCache.GetExtensionPaths: Added unfilterableExtensionPaths: 
TpTrace Verbose: 0 : 15296, 5, 2024/04/25, 15:23:48.030, 5309446115487, vstest.console.dll, TestRequestSender.InitializeExecution: Sending initialize execution with message: {"Version":5,"MessageType":"TestExecution.Initialize","Payload":["C:\\Users\\VC\\Desktop\\DAY 12 - 25.04.2024\\ShoppingSolution\\ShoppingDALTest\\bin\\Debug\\net6.0\\fine-code-coverage\\build-output\\NUnit3.TestAdapter.dll"]}
TpTrace Verbose: 0 : 15296, 5, 2024/04/25, 15:23:48.031, 5309446120155, vstest.console.dll, ParallelProxyExecutionManager.StartTestRunOnConcurrentManager: Execution starting. Started clients: 1
TpTrace Verbose: 0 : 15296, 5, 2024/04/25, 15:23:48.031, 5309446125355, vstest.console.dll, TestRunRequest:SendTestRunMessage: Starting.
TpTrace Verbose: 0 : 15296, 5, 2024/04/25, 15:23:48.032, 5309446129646, vstest.console.dll, MulticastDelegateUtilities.SafeInvoke: TestRun.LogMessages: Invoking callback 1/1 for Microsoft.VisualStudio.TestPlatform.CommandLine.TestRunResultAggregator., took 0 ms.
TpTrace Information: 0 : 15296, 5, 2024/04/25, 15:23:48.032, 5309446131298, vstest.console.dll, TestRunRequest:SendTestRunMessage: Completed.
TpTrace Verbose: 0 : 15296, 4, 2024/04/25, 15:23:48.032, 5309446136033, vstest.console.dll, MulticastDelegateUtilities.SafeInvoke: InternalTestLoggerEvents.SendTestRunMessage: Invoking callback 1/1 for Microsoft.VisualStudio.TestPlatform.CommandLine.Internal.ConsoleLogger., took 0 ms.
TpTrace Warning: 0 : 15296, 5, 2024/04/25, 15:23:48.033, 5309446144886, vstest.console.dll, InferRunSettingsHelper.MakeRunsettingsCompatible: Removing the following settings: TargetPlatform from RunSettings file. To use those settings please move to latest version of Microsoft.NET.Test.Sdk
TpTrace Verbose: 0 : 15296, 5, 2024/04/25, 15:23:48.050, 5309446308354, vstest.console.dll, TestRequestSender.StartTestRun: Sending test run with message: {"Version":5,"MessageType":"TestExecution.StartWithSources","Payload":{"AdapterSourceMap":{"_none_":["C:\\Users\\VC\\Desktop\\DAY 12 - 25.04.2024\\ShoppingSolution\\ShoppingDALTest\\bin\\Debug\\net6.0\\fine-code-coverage\\build-output\\ShoppingDALTest.dll"]},"RunSettings":"<RunSettings>\r\n  <RunConfiguration>\r\n    <ResultsDirectory>C:\\Users\\VC\\Desktop\\DAY 12 - 25.04.2024\\ShoppingSolution\\ShoppingDALTest\\bin\\Debug\\net6.0\\fine-code-coverage\\coverage-tool-output</ResultsDirectory>\r\n    <TargetFrameworkVersion>.NETCoreApp,Version=v6.0</TargetFrameworkVersion>\r\n    <DesignMode>False</DesignMode>\r\n    <CollectSourceInformation>False</CollectSourceInformation>\r\n  </RunConfiguration>\r\n  <LoggerRunSettings>\r\n    <Loggers>\r\n      <Logger friendlyName=\"blame\" enabled=\"True\" />\r\n      <Logger friendlyName=\"Console\" uri=\"logger://microsoft/TestPlatform/ConsoleLogger/v1\" assemblyQualifiedName=\"Microsoft.VisualStudio.TestPlatform.CommandLine.Internal.ConsoleLogger, vstest.console, Version=15.0.0.0, Culture=neutral, PublicKeyToken=b03f5f7f11d50a3a\" codeBase=\"C:\\Program Files\\dotnet\\sdk\\8.0.202\\vstest.console.dll\" enabled=\"True\" />\r\n    </Loggers>\r\n  </LoggerRunSettings>\r\n  <DataCollectionRunSettings>\r\n    <DataCollectors>\r\n      <DataCollector friendlyName=\"blame\" enabled=\"True\">\r\n        <Configuration>\r\n          <ResultsDirectory>C:\\Users\\VC\\Desktop\\DAY 12 - 25.04.2024\\ShoppingSolution\\ShoppingDALTest\\bin\\Debug\\net6.0\\fine-code-coverage\\coverage-tool-output</ResultsDirectory>\r\n        </Configuration>\r\n      </DataCollector>\r\n    </DataCollectors>\r\n  </DataCollectionRunSettings>\r\n</RunSettings>","TestExecutionContext":{"FrequencyOfRunStatsChangeEvent":10,"RunStatsChangeEventTimeout":"00:00:01.5000000","InIsolation":false,"KeepAlive":false,"AreTestCaseLevelEventsRequired":false,"IsDebug":false,"TestCaseFilter":null,"FilterOptions":null},"Package":null}}
TpTrace Verbose: 0 : 15296, 7, 2024/04/25, 15:23:48.050, 5309446310392, vstest.console.dll, TcpClientExtensions.MessageLoopAsync: NotifyDataAvailable remoteEndPoint: 127.0.0.1:52661 localEndPoint: 127.0.0.1:52660
TpTrace Verbose: 0 : 15296, 5, 2024/04/25, 15:23:48.050, 5309446311964, vstest.console.dll, ParallelProxyExecutionManager.StartTestRunOnConcurrentManager: Execution started. Started clients: 1
TpTrace Verbose: 0 : 15296, 7, 2024/04/25, 15:23:48.050, 5309446316757, vstest.console.dll, TestRequestSender.OnExecutionMessageReceived: Received message: {"Version":5,"MessageType":"TestSession.Message","Payload":{"MessageLevel":0,"Message":"Logging TestHost Diagnostics in file: C:\\Users\\VC\\Desktop\\DAY 12 - 25.04.2024\\ShoppingSolution\\ShoppingDALTest\\bin\\Debug\\net6.0\\fine-code-coverage\\coverage-tool-output\\diagnostics.host.24-04-25_15-23-47_54186_5.log"}}
TpTrace Verbose: 0 : 15296, 7, 2024/04/25, 15:23:48.060, 5309446412391, vstest.console.dll, TestRunRequest:SendTestRunMessage: Starting.
TpTrace Verbose: 0 : 15296, 7, 2024/04/25, 15:23:48.060, 5309446414858, vstest.console.dll, MulticastDelegateUtilities.SafeInvoke: TestRun.LogMessages: Invoking callback 1/1 for Microsoft.VisualStudio.TestPlatform.CommandLine.TestRunResultAggregator., took 0 ms.
TpTrace Verbose: 0 : 15296, 4, 2024/04/25, 15:23:48.060, 5309446415004, vstest.console.dll, MulticastDelegateUtilities.SafeInvoke: InternalTestLoggerEvents.SendTestRunMessage: Invoking callback 1/1 for Microsoft.VisualStudio.TestPlatform.CommandLine.Internal.ConsoleLogger., took 0 ms.
TpTrace Information: 0 : 15296, 7, 2024/04/25, 15:23:48.060, 5309446415731, vstest.console.dll, TestRunRequest:SendTestRunMessage: Completed.
TpTrace Verbose: 0 : 15296, 7, 2024/04/25, 15:23:48.061, 5309446417215, vstest.console.dll, MulticastDelegateUtilities.SafeInvoke: LengthPrefixCommunicationChannel: MessageReceived: Invoking callback 1/1 for Microsoft.VisualStudio.TestPlatform.CommunicationUtilities.TestRequestSender+<>c__DisplayClass34_0., took 10 ms.
TpTrace Verbose: 0 : 15296, 7, 2024/04/25, 15:23:48.061, 5309446417793, vstest.console.dll, TcpClientExtensions.MessageLoopAsync: Polling on remoteEndPoint: 127.0.0.1:52661 localEndPoint: 127.0.0.1:52660 after 37 ms
TpTrace Verbose: 0 : 15296, 7, 2024/04/25, 15:23:48.325, 5309449064787, vstest.console.dll, TcpClientExtensions.MessageLoopAsync: NotifyDataAvailable remoteEndPoint: 127.0.0.1:52661 localEndPoint: 127.0.0.1:52660
TpTrace Verbose: 0 : 15296, 7, 2024/04/25, 15:23:48.325, 5309449066641, vstest.console.dll, TestRequestSender.OnExecutionMessageReceived: Received message: {"Version":5,"MessageType":"TestSession.Message","Payload":{"MessageLevel":0,"Message":"NUnit Adapter 4.2.0.0: Test execution started"}}
TpTrace Verbose: 0 : 15296, 7, 2024/04/25, 15:23:48.326, 5309449068835, vstest.console.dll, TestRunRequest:SendTestRunMessage: Starting.
TpTrace Verbose: 0 : 15296, 7, 2024/04/25, 15:23:48.326, 5309449069567, vstest.console.dll, MulticastDelegateUtilities.SafeInvoke: TestRun.LogMessages: Invoking callback 1/1 for Microsoft.VisualStudio.TestPlatform.CommandLine.TestRunResultAggregator., took 0 ms.
TpTrace Information: 0 : 15296, 7, 2024/04/25, 15:23:48.326, 5309449069971, vstest.console.dll, TestRunRequest:SendTestRunMessage: Completed.
TpTrace Verbose: 0 : 15296, 4, 2024/04/25, 15:23:48.326, 5309449070167, vstest.console.dll, MulticastDelegateUtilities.SafeInvoke: InternalTestLoggerEvents.SendTestRunMessage: Invoking callback 1/1 for Microsoft.VisualStudio.TestPlatform.CommandLine.Internal.ConsoleLogger., took 0 ms.
TpTrace Verbose: 0 : 15296, 7, 2024/04/25, 15:23:48.326, 5309449070360, vstest.console.dll, MulticastDelegateUtilities.SafeInvoke: LengthPrefixCommunicationChannel: MessageReceived: Invoking callback 1/1 for Microsoft.VisualStudio.TestPlatform.CommunicationUtilities.TestRequestSender+<>c__DisplayClass34_0., took 0 ms.
TpTrace Verbose: 0 : 15296, 7, 2024/04/25, 15:23:48.326, 5309449071618, vstest.console.dll, TcpClientExtensions.MessageLoopAsync: Polling on remoteEndPoint: 127.0.0.1:52661 localEndPoint: 127.0.0.1:52660 after 265 ms
TpTrace Verbose: 0 : 15296, 7, 2024/04/25, 15:23:48.369, 5309449497428, vstest.console.dll, TcpClientExtensions.MessageLoopAsync: NotifyDataAvailable remoteEndPoint: 127.0.0.1:52661 localEndPoint: 127.0.0.1:52660
TpTrace Verbose: 0 : 15296, 7, 2024/04/25, 15:23:48.369, 5309449500440, vstest.console.dll, TestRequestSender.OnExecutionMessageReceived: Received message: {"Version":5,"MessageType":"TestSession.Message","Payload":{"MessageLevel":0,"Message":"Running all tests in C:\\Users\\VC\\Desktop\\DAY 12 - 25.04.2024\\ShoppingSolution\\ShoppingDALTest\\bin\\Debug\\net6.0\\fine-code-coverage\\build-output\\ShoppingDALTest.dll"}}
TpTrace Verbose: 0 : 15296, 7, 2024/04/25, 15:23:48.369, 5309449502589, vstest.console.dll, TestRunRequest:SendTestRunMessage: Starting.
TpTrace Verbose: 0 : 15296, 7, 2024/04/25, 15:23:48.369, 5309449503798, vstest.console.dll, MulticastDelegateUtilities.SafeInvoke: TestRun.LogMessages: Invoking callback 1/1 for Microsoft.VisualStudio.TestPlatform.CommandLine.TestRunResultAggregator., took 0 ms.
TpTrace Information: 0 : 15296, 7, 2024/04/25, 15:23:48.369, 5309449504188, vstest.console.dll, TestRunRequest:SendTestRunMessage: Completed.
TpTrace Verbose: 0 : 15296, 7, 2024/04/25, 15:23:48.369, 5309449504552, vstest.console.dll, MulticastDelegateUtilities.SafeInvoke: LengthPrefixCommunicationChannel: MessageReceived: Invoking callback 1/1 for Microsoft.VisualStudio.TestPlatform.CommunicationUtilities.TestRequestSender+<>c__DisplayClass34_0., took 0 ms.
TpTrace Verbose: 0 : 15296, 4, 2024/04/25, 15:23:48.369, 5309449504434, vstest.console.dll, MulticastDelegateUtilities.SafeInvoke: InternalTestLoggerEvents.SendTestRunMessage: Invoking callback 1/1 for Microsoft.VisualStudio.TestPlatform.CommandLine.Internal.ConsoleLogger., took 0 ms.
TpTrace Verbose: 0 : 15296, 7, 2024/04/25, 15:23:48.369, 5309449505198, vstest.console.dll, TcpClientExtensions.MessageLoopAsync: Polling on remoteEndPoint: 127.0.0.1:52661 localEndPoint: 127.0.0.1:52660 after 43 ms
TpTrace Verbose: 0 : 15296, 7, 2024/04/25, 15:23:48.641, 5309452221621, vstest.console.dll, TcpClientExtensions.MessageLoopAsync: NotifyDataAvailable remoteEndPoint: 127.0.0.1:52661 localEndPoint: 127.0.0.1:52660
TpTrace Verbose: 0 : 15296, 7, 2024/04/25, 15:23:48.641, 5309452224187, vstest.console.dll, TestRequestSender.OnExecutionMessageReceived: Received message: {"Version":5,"MessageType":"TestSession.Message","Payload":{"MessageLevel":0,"Message":"   NUnit3TestExecutor discovered 36 of 36 NUnit test cases using Current Discovery mode, Non-Explicit run"}}
TpTrace Verbose: 0 : 15296, 7, 2024/04/25, 15:23:48.641, 5309452226397, vstest.console.dll, TestRunRequest:SendTestRunMessage: Starting.
TpTrace Verbose: 0 : 15296, 7, 2024/04/25, 15:23:48.642, 5309452227817, vstest.console.dll, MulticastDelegateUtilities.SafeInvoke: TestRun.LogMessages: Invoking callback 1/1 for Microsoft.VisualStudio.TestPlatform.CommandLine.TestRunResultAggregator., took 0 ms.
TpTrace Verbose: 0 : 15296, 4, 2024/04/25, 15:23:48.642, 5309452228315, vstest.console.dll, MulticastDelegateUtilities.SafeInvoke: InternalTestLoggerEvents.SendTestRunMessage: Invoking callback 1/1 for Microsoft.VisualStudio.TestPlatform.CommandLine.Internal.ConsoleLogger., took 0 ms.
TpTrace Information: 0 : 15296, 7, 2024/04/25, 15:23:48.642, 5309452228690, vstest.console.dll, TestRunRequest:SendTestRunMessage: Completed.
TpTrace Verbose: 0 : 15296, 7, 2024/04/25, 15:23:48.642, 5309452230949, vstest.console.dll, MulticastDelegateUtilities.SafeInvoke: LengthPrefixCommunicationChannel: MessageReceived: Invoking callback 1/1 for Microsoft.VisualStudio.TestPlatform.CommunicationUtilities.TestRequestSender+<>c__DisplayClass34_0., took 0 ms.
TpTrace Verbose: 0 : 15296, 7, 2024/04/25, 15:23:48.642, 5309452232098, vstest.console.dll, TcpClientExtensions.MessageLoopAsync: Polling on remoteEndPoint: 127.0.0.1:52661 localEndPoint: 127.0.0.1:52660 after 272 ms
TpTrace Verbose: 0 : 15296, 7, 2024/04/25, 15:23:48.873, 5309454541957, vstest.console.dll, TcpClientExtensions.MessageLoopAsync: NotifyDataAvailable remoteEndPoint: 127.0.0.1:52661 localEndPoint: 127.0.0.1:52660
TpTrace Verbose: 0 : 15296, 7, 2024/04/25, 15:23:48.874, 5309454548216, vstest.console.dll, TestRequestSender.OnExecutionMessageReceived: Received message: {"Version":5,"MessageType":"TestExecution.StatsChange","Payload":{"NewTestResults":[{"TestCase":{"Id":"955cbf41-9a8f-8218-cb63-1558716f8bb0","FullyQualifiedName":"ShoppingDALTest.CartRepositoryTest.AddExceptionTest","DisplayName":"AddExceptionTest","ExecutorUri":"executor://NUnit3TestExecutor","Source":"C:\\Users\\VC\\Desktop\\DAY 12 - 25.04.2024\\ShoppingSolution\\ShoppingDALTest\\bin\\Debug\\net6.0\\fine-code-coverage\\build-output\\ShoppingDALTest.dll","CodeFilePath":null,"LineNumber":0,"Properties":[{"Key":{"Id":"NUnit.Seed","Label":"Seed","Category":"","Description":"","Attributes":0,"ValueType":"System.String"},"Value":"142316214"}]},"Attachments":[],"Outcome":2,"ErrorMessage":"  Expected: <ShoppingModelLibrary.CartException.NoCartWithGivenIdException>\r\n  But was:  null\r\n","ErrorStackTrace":"   at ShoppingDALTest.CartRepositoryTest.AddExceptionTest() in C:\\Users\\VC\\Desktop\\DAY 12 - 25.04.2024\\ShoppingSolution\\ShoppingDALTest\\CartRepositoryTest.cs:line 49\r\n","DisplayName":"AddExceptionTest","Messages":[],"ComputerName":"BYQBBX3","Duration":"00:00:00.0658880","StartTime":"2024-04-25T09:53:48.6935319+00:00","EndTime":"2024-04-25T09:53:48.7592105+00:00","Properties":[{"Key":{"Id":"NUnit.Seed","Label":"Seed","Category":"","Description":"","Attributes":0,"ValueType":"System.String"},"Value":"142316214"}]},{"TestCase":{"Id":"40f59ee3-7581-79f8-0376-70a58c95c339","FullyQualifiedName":"ShoppingDALTest.CartRepositoryTest.AddFailTest","DisplayName":"AddFailTest","ExecutorUri":"executor://NUnit3TestExecutor","Source":"C:\\Users\\VC\\Desktop\\DAY 12 - 25.04.2024\\ShoppingSolution\\ShoppingDALTest\\bin\\Debug\\net6.0\\fine-code-coverage\\build-output\\ShoppingDALTest.dll","CodeFilePath":null,"LineNumber":0,"Properties":[{"Key":{"Id":"NUnit.Seed","Label":"Seed","Category":"","Description":"","Attributes":0,"ValueType":"System.String"},"Value":"540541510"}]},"Attachments":[],"Outcome":2,"ErrorMessage":"  Expected: null\r\n  But was:  <ShoppingModelLibrary.Cart>\r\n","ErrorStackTrace":"   at ShoppingDALTest.CartRepositoryTest.AddFailTest() in C:\\Users\\VC\\Desktop\\DAY 12 - 25.04.2024\\ShoppingSolution\\ShoppingDALTest\\CartRepositoryTest.cs:line 39\r\n","DisplayName":"AddFailTest","Messages":[],"ComputerName":"BYQBBX3","Duration":"00:00:00.0016180","StartTime":"2024-04-25T09:53:48.7614399+00:00","EndTime":"2024-04-25T09:53:48.7630582+00:00","Properties":[{"Key":{"Id":"NUnit.Seed","Label":"Seed","Category":"","Description":"","Attributes":0,"ValueType":"System.String"},"Value":"540541510"}]},{"TestCase":{"Id":"17f63a06-b8f1-0792-8786-10826525a6c1","FullyQualifiedName":"ShoppingDALTest.CartRepositoryTest.AddSuccessTest","DisplayName":"AddSuccessTest","ExecutorUri":"executor://NUnit3TestExecutor","Source":"C:\\Users\\VC\\Desktop\\DAY 12 - 25.04.2024\\ShoppingSolution\\ShoppingDALTest\\bin\\Debug\\net6.0\\fine-code-coverage\\build-output\\ShoppingDALTest.dll","CodeFilePath":null,"LineNumber":0,"Properties":[{"Key":{"Id":"NUnit.Seed","Label":"Seed","Category":"","Description":"","Attributes":0,"ValueType":"System.String"},"Value":"1413482555"}]},"Attachments":[],"Outcome":1,"ErrorMessage":null,"ErrorStackTrace":null,"DisplayName":"AddSuccessTest","Messages":[],"ComputerName":"BYQBBX3","Duration":"00:00:00.0064000","StartTime":"2024-04-25T09:53:48.7630864+00:00","EndTime":"2024-04-25T09:53:48.7694862+00:00","Properties":[{"Key":{"Id":"NUnit.Seed","Label":"Seed","Category":"","Description":"","Attributes":0,"ValueType":"System.String"},"Value":"1413482555"}]},{"TestCase":{"Id":"6ec47458-3e85-c5db-28ec-c062deda3e33","FullyQualifiedName":"ShoppingDALTest.CartRepositoryTest.DeleteExceptionTest","DisplayName":"DeleteExceptionTest","ExecutorUri":"executor://NUnit3TestExecutor","Source":"C:\\Users\\VC\\Desktop\\DAY 12 - 25.04.2024\\ShoppingSolution\\ShoppingDALTest\\bin\\Debug\\net6.0\\fine-code-coverage\\build-output\\ShoppingDALTest.dll","CodeFilePath":null,"LineNumber":0,"Properties":[{"Key":{"Id":"NUnit.Seed","Label":"Seed","Category":"","Description":"","Attributes":0,"ValueType":"System.String"},"Value":"1385243785"}]},"Attachments":[],"Outcome":1,"ErrorMessage":null,"ErrorStackTrace":null,"DisplayName":"DeleteExceptionTest","Messages":[],"ComputerName":"BYQBBX3","Duration":"00:00:00.0006820","StartTime":"2024-04-25T09:53:48.7695121+00:00","EndTime":"2024-04-25T09:53:48.770194+00:00","Properties":[{"Key":{"Id":"NUnit.Seed","Label":"Seed","Category":"","Description":"","Attributes":0,"ValueType":"System.String"},"Value":"1385243785"}]},{"TestCase":{"Id":"c79dc918-cd9c-bc91-c1f1-bc2c6f2563df","FullyQualifiedName":"ShoppingDALTest.CartRepositoryTest.DeleteFailTest","DisplayName":"DeleteFailTest","ExecutorUri":"executor://NUnit3TestExecutor","Source":"C:\\Users\\VC\\Desktop\\DAY 12 - 25.04.2024\\ShoppingSolution\\ShoppingDALTest\\bin\\Debug\\net6.0\\fine-code-coverage\\build-output\\ShoppingDALTest.dll","CodeFilePath":null,"LineNumber":0,"Properties":[{"Key":{"Id":"NUnit.Seed","Label":"Seed","Category":"","Description":"","Attributes":0,"ValueType":"System.String"},"Value":"312404673"}]},"Attachments":[],"Outcome":2,"ErrorMessage":"ShoppingModelLibrary.CartException.NoCartWithGivenIdException : Cart with the given Id is not present","ErrorStackTrace":"   at ShoppingDALLibrary.CartRepository.GetByKey(Int32 key) in C:\\Users\\VC\\Desktop\\DAY 12 - 25.04.2024\\ShoppingSolution\\ShoppingDALLibrary\\CartRepository.cs:line 33\r\n   at ShoppingDALLibrary.CartRepository.Delete(Int32 key) in C:\\Users\\VC\\Desktop\\DAY 12 - 25.04.2024\\ShoppingSolution\\ShoppingDALLibrary\\CartRepository.cs:line 17\r\n   at ShoppingDALTest.CartRepositoryTest.DeleteFailTest() in C:\\Users\\VC\\Desktop\\DAY 12 - 25.04.2024\\ShoppingSolution\\ShoppingDALTest\\CartRepositoryTest.cs:line 74","DisplayName":"DeleteFailTest","Messages":[],"ComputerName":"BYQBBX3","Duration":"00:00:00.0086590","StartTime":"2024-04-25T09:53:48.770207+00:00","EndTime":"2024-04-25T09:53:48.7788658+00:00","Properties":[{"Key":{"Id":"NUnit.Seed","Label":"Seed","Category":"","Description":"","Attributes":0,"ValueType":"System.String"},"Value":"312404673"}]},{"TestCase":{"Id":"64fff3a4-41cf-c920-0894-f75e68a48bd2","FullyQualifiedName":"ShoppingDALTest.CartRepositoryTest.DeleteSuccessTest","DisplayName":"DeleteSuccessTest","ExecutorUri":"executor://NUnit3TestExecutor","Source":"C:\\Users\\VC\\Desktop\\DAY 12 - 25.04.2024\\ShoppingSolution\\ShoppingDALTest\\bin\\Debug\\net6.0\\fine-code-coverage\\build-output\\ShoppingDALTest.dll","CodeFilePath":null,"LineNumber":0,"Properties":[{"Key":{"Id":"NUnit.Seed","Label":"Seed","Category":"","Description":"","Attributes":0,"ValueType":"System.String"},"Value":"305188084"}]},"Attachments":[],"Outcome":1,"ErrorMessage":null,"ErrorStackTrace":null,"DisplayName":"DeleteSuccessTest","Messages":[],"ComputerName":"BYQBBX3","Duration":"00:00:00.0003770","StartTime":"2024-04-25T09:53:48.7789058+00:00","EndTime":"2024-04-25T09:53:48.7792831+00:00","Properties":[{"Key":{"Id":"NUnit.Seed","Label":"Seed","Category":"","Description":"","Attributes":0,"ValueType":"System.String"},"Value":"305188084"}]},{"TestCase":{"Id":"c2eb34ef-947c-fa80-6b31-220742d14468","FullyQualifiedName":"ShoppingDALTest.CartRepositoryTest.GetExceptionTest","DisplayName":"GetExceptionTest","ExecutorUri":"executor://NUnit3TestExecutor","Source":"C:\\Users\\VC\\Desktop\\DAY 12 - 25.04.2024\\ShoppingSolution\\ShoppingDALTest\\bin\\Debug\\net6.0\\fine-code-coverage\\build-output\\ShoppingDALTest.dll","CodeFilePath":null,"LineNumber":0,"Properties":[{"Key":{"Id":"NUnit.Seed","Label":"Seed","Category":"","Description":"","Attributes":0,"ValueType":"System.String"},"Value":"867916240"}]},"Attachments":[],"Outcome":1,"ErrorMessage":null,"ErrorStackTrace":null,"DisplayName":"GetExceptionTest","Messages":[],"ComputerName":"BYQBBX3","Duration":"00:00:00.0004470","StartTime":"2024-04-25T09:53:48.7792972+00:00","EndTime":"2024-04-25T09:53:48.7797436+00:00","Properties":[{"Key":{"Id":"NUnit.Seed","Label":"Seed","Category":"","Description":"","Attributes":0,"ValueType":"System.String"},"Value":"867916240"}]},{"TestCase":{"Id":"c233912a-b629-bfff-109e-366d661e71ea","FullyQualifiedName":"ShoppingDALTest.CartRepositoryTest.GetFailTest","DisplayName":"GetFailTest","ExecutorUri":"executor://NUnit3TestExecutor","Source":"C:\\Users\\VC\\Desktop\\DAY 12 - 25.04.2024\\ShoppingSolution\\ShoppingDALTest\\bin\\Debug\\net6.0\\fine-code-coverage\\build-output\\ShoppingDALTest.dll","CodeFilePath":null,"LineNumber":0,"Properties":[{"Key":{"Id":"NUnit.Seed","Label":"Seed","Category":"","Description":"","Attributes":0,"ValueType":"System.String"},"Value":"202953296"}]},"Attachments":[],"Outcome":2,"ErrorMessage":"ShoppingModelLibrary.CartException.NoCartWithGivenIdException : Cart with the given Id is not present","ErrorStackTrace":"   at ShoppingDALLibrary.CartRepository.GetByKey(Int32 key) in C:\\Users\\VC\\Desktop\\DAY 12 - 25.04.2024\\ShoppingSolution\\ShoppingDALLibrary\\CartRepository.cs:line 33\r\n   at ShoppingDALTest.CartRepositoryTest.GetFailTest() in C:\\Users\\VC\\Desktop\\DAY 12 - 25.04.2024\\ShoppingSolution\\ShoppingDALTest\\CartRepositoryTest.cs:line 108","DisplayName":"GetFailTest","Messages":[],"ComputerName":"BYQBBX3","Duration":"00:00:00.0007490","StartTime":"2024-04-25T09:53:48.7797562+00:00","EndTime":"2024-04-25T09:53:48.7805046+00:00","Properties":[{"Key":{"Id":"NUnit.Seed","Label":"Seed","Category":"","Description":"","Attributes":0,"ValueType":"System.String"},"Value":"202953296"}]},{"TestCase":{"Id":"cb365023-7f1b-b2e4-ce76-04cc934b017c","FullyQualifiedName":"ShoppingDALTest.CartRepositoryTest.GetSuccessTest","DisplayName":"GetSuccessTest","ExecutorUri":"executor://NUnit3TestExecutor","Source":"C:\\Users\\VC\\Desktop\\DAY 12 - 25.04.2024\\ShoppingSolution\\ShoppingDALTest\\bin\\Debug\\net6.0\\fine-code-coverage\\build-output\\ShoppingDALTest.dll","CodeFilePath":null,"LineNumber":0,"Properties":[{"Key":{"Id":"NUnit.Seed","Label":"Seed","Category":"","Description":"","Attributes":0,"ValueType":"System.String"},"Value":"546485425"}]},"Attachments":[],"Outcome":1,"ErrorMessage":null,"ErrorStackTrace":null,"DisplayName":"GetSuccessTest","Messages":[],"ComputerName":"BYQBBX3","Duration":"00:00:00.0002890","StartTime":"2024-04-25T09:53:48.7805192+00:00","EndTime":"2024-04-25T09:53:48.7808078+00:00","Properties":[{"Key":{"Id":"NUnit.Seed","Label":"Seed","Category":"","Description":"","Attributes":0,"ValueType":"System.String"},"Value":"546485425"}]}],"TestRunStatistics":{"ExecutedTests":9,"Stats":{"Failed":4,"Passed":5}},"ActiveTests":[{"Id":"147f178f-7075-68f6-eba1-d31d4f02fd80","FullyQualifiedName":"ShoppingDALTest.CartRepositoryTest.UpdateExceptionTest","DisplayName":"UpdateExceptionTest","ExecutorUri":"executor://NUnit3TestExecutor","Source":"C:\\Users\\VC\\Desktop\\DAY 12 - 25.04.2024\\ShoppingSolution\\ShoppingDALTest\\bin\\Debug\\net6.0\\fine-code-coverage\\build-output\\ShoppingDALTest.dll","CodeFilePath":null,"LineNumber":0,"Properties":[{"Key":{"Id":"NUnit.Seed","Label":"Seed","Category":"","Description":"","Attributes":0,"ValueType":"System.String"},"Value":"996812329"}]}]}}
TpTrace Verbose: 0 : 15296, 7, 2024/04/25, 15:23:48.917, 5309454986077, vstest.console.dll, TestRunRequest:SendTestRunStatsChange: Starting.
TpTrace Verbose: 0 : 15296, 7, 2024/04/25, 15:23:48.918, 5309454988254, vstest.console.dll, InProgress is UpdateExceptionTest
TpTrace Verbose: 0 : 15296, 7, 2024/04/25, 15:23:48.918, 5309454992713, vstest.console.dll, MulticastDelegateUtilities.SafeInvoke: TestRun.RunStatsChanged: Invoking callbacks was skipped because there are no subscribers.
TpTrace Information: 0 : 15296, 7, 2024/04/25, 15:23:48.918, 5309454993618, vstest.console.dll, TestRunRequest:SendTestRunStatsChange: Completed.
TpTrace Verbose: 0 : 15296, 7, 2024/04/25, 15:23:48.918, 5309454994260, vstest.console.dll, MulticastDelegateUtilities.SafeInvoke: LengthPrefixCommunicationChannel: MessageReceived: Invoking callback 1/1 for Microsoft.VisualStudio.TestPlatform.CommunicationUtilities.TestRequestSender+<>c__DisplayClass34_0., took 44 ms.
TpTrace Verbose: 0 : 15296, 7, 2024/04/25, 15:23:48.918, 5309454994892, vstest.console.dll, TcpClientExtensions.MessageLoopAsync: Polling on remoteEndPoint: 127.0.0.1:52661 localEndPoint: 127.0.0.1:52660 after 276 ms
TpTrace Verbose: 0 : 15296, 4, 2024/04/25, 15:23:48.922, 5309455031795, vstest.console.dll, MulticastDelegateUtilities.SafeInvoke: InternalTestLoggerEvents.SendTestResult: Invoking callback 1/1 for Microsoft.VisualStudio.TestPlatform.CommandLine.Internal.ConsoleLogger., took 3 ms.
TpTrace Verbose: 0 : 15296, 4, 2024/04/25, 15:23:48.923, 5309455042204, vstest.console.dll, MulticastDelegateUtilities.SafeInvoke: InternalTestLoggerEvents.SendTestResult: Invoking callback 1/1 for Microsoft.VisualStudio.TestPlatform.CommandLine.Internal.ConsoleLogger., took 0 ms.
TpTrace Verbose: 0 : 15296, 4, 2024/04/25, 15:23:48.923, 5309455044294, vstest.console.dll, MulticastDelegateUtilities.SafeInvoke: InternalTestLoggerEvents.SendTestResult: Invoking callback 1/1 for Microsoft.VisualStudio.TestPlatform.CommandLine.Internal.ConsoleLogger., took 0 ms.
TpTrace Verbose: 0 : 15296, 4, 2024/04/25, 15:23:48.923, 5309455045586, vstest.console.dll, MulticastDelegateUtilities.SafeInvoke: InternalTestLoggerEvents.SendTestResult: Invoking callback 1/1 for Microsoft.VisualStudio.TestPlatform.CommandLine.Internal.ConsoleLogger., took 0 ms.
TpTrace Verbose: 0 : 15296, 4, 2024/04/25, 15:23:48.924, 5309455050636, vstest.console.dll, MulticastDelegateUtilities.SafeInvoke: InternalTestLoggerEvents.SendTestResult: Invoking callback 1/1 for Microsoft.VisualStudio.TestPlatform.CommandLine.Internal.ConsoleLogger., took 0 ms.
TpTrace Verbose: 0 : 15296, 4, 2024/04/25, 15:23:48.924, 5309455053673, vstest.console.dll, MulticastDelegateUtilities.SafeInvoke: InternalTestLoggerEvents.SendTestResult: Invoking callback 1/1 for Microsoft.VisualStudio.TestPlatform.CommandLine.Internal.ConsoleLogger., took 0 ms.
TpTrace Verbose: 0 : 15296, 4, 2024/04/25, 15:23:48.924, 5309455055266, vstest.console.dll, MulticastDelegateUtilities.SafeInvoke: InternalTestLoggerEvents.SendTestResult: Invoking callback 1/1 for Microsoft.VisualStudio.TestPlatform.CommandLine.Internal.ConsoleLogger., took 0 ms.
TpTrace Verbose: 0 : 15296, 4, 2024/04/25, 15:23:48.925, 5309455059647, vstest.console.dll, MulticastDelegateUtilities.SafeInvoke: InternalTestLoggerEvents.SendTestResult: Invoking callback 1/1 for Microsoft.VisualStudio.TestPlatform.CommandLine.Internal.ConsoleLogger., took 0 ms.
TpTrace Verbose: 0 : 15296, 4, 2024/04/25, 15:23:48.925, 5309455060876, vstest.console.dll, MulticastDelegateUtilities.SafeInvoke: InternalTestLoggerEvents.SendTestResult: Invoking callback 1/1 for Microsoft.VisualStudio.TestPlatform.CommandLine.Internal.ConsoleLogger., took 0 ms.
TpTrace Verbose: 0 : 15296, 7, 2024/04/25, 15:23:48.929, 5309455099571, vstest.console.dll, TcpClientExtensions.MessageLoopAsync: NotifyDataAvailable remoteEndPoint: 127.0.0.1:52661 localEndPoint: 127.0.0.1:52660
TpTrace Verbose: 0 : 15296, 7, 2024/04/25, 15:23:48.929, 5309455105383, vstest.console.dll, TestRequestSender.OnExecutionMessageReceived: Received message: {"Version":5,"MessageType":"TestExecution.StatsChange","Payload":{"NewTestResults":[{"TestCase":{"Id":"147f178f-7075-68f6-eba1-d31d4f02fd80","FullyQualifiedName":"ShoppingDALTest.CartRepositoryTest.UpdateExceptionTest","DisplayName":"UpdateExceptionTest","ExecutorUri":"executor://NUnit3TestExecutor","Source":"C:\\Users\\VC\\Desktop\\DAY 12 - 25.04.2024\\ShoppingSolution\\ShoppingDALTest\\bin\\Debug\\net6.0\\fine-code-coverage\\build-output\\ShoppingDALTest.dll","CodeFilePath":null,"LineNumber":0,"Properties":[{"Key":{"Id":"NUnit.Seed","Label":"Seed","Category":"","Description":"","Attributes":0,"ValueType":"System.String"},"Value":"996812329"}]},"Attachments":[],"Outcome":1,"ErrorMessage":null,"ErrorStackTrace":null,"DisplayName":"UpdateExceptionTest","Messages":[],"ComputerName":"BYQBBX3","Duration":"00:00:00.0008650","StartTime":"2024-04-25T09:53:48.780826+00:00","EndTime":"2024-04-25T09:53:48.7816911+00:00","Properties":[{"Key":{"Id":"NUnit.Seed","Label":"Seed","Category":"","Description":"","Attributes":0,"ValueType":"System.String"},"Value":"996812329"}]},{"TestCase":{"Id":"db3ec75d-db51-326d-299b-fc8e2716a8a3","FullyQualifiedName":"ShoppingDALTest.CartRepositoryTest.UpdateFailTest","DisplayName":"UpdateFailTest","ExecutorUri":"executor://NUnit3TestExecutor","Source":"C:\\Users\\VC\\Desktop\\DAY 12 - 25.04.2024\\ShoppingSolution\\ShoppingDALTest\\bin\\Debug\\net6.0\\fine-code-coverage\\build-output\\ShoppingDALTest.dll","CodeFilePath":null,"LineNumber":0,"Properties":[{"Key":{"Id":"NUnit.Seed","Label":"Seed","Category":"","Description":"","Attributes":0,"ValueType":"System.String"},"Value":"59200519"}]},"Attachments":[],"Outcome":2,"ErrorMessage":"ShoppingModelLibrary.CartException.NoCartWithGivenIdException : Cart with the given Id is not present","ErrorStackTrace":"   at ShoppingDALLibrary.CartRepository.Update(Cart item) in C:\\Users\\VC\\Desktop\\DAY 12 - 25.04.2024\\ShoppingSolution\\ShoppingDALLibrary\\CartRepository.cs:line 44\r\n   at ShoppingDALTest.CartRepositoryTest.UpdateFailTest() in C:\\Users\\VC\\Desktop\\DAY 12 - 25.04.2024\\ShoppingSolution\\ShoppingDALTest\\CartRepositoryTest.cs:line 142","DisplayName":"UpdateFailTest","Messages":[],"ComputerName":"BYQBBX3","Duration":"00:00:00.0011360","StartTime":"2024-04-25T09:53:48.7817099+00:00","EndTime":"2024-04-25T09:53:48.7828457+00:00","Properties":[{"Key":{"Id":"NUnit.Seed","Label":"Seed","Category":"","Description":"","Attributes":0,"ValueType":"System.String"},"Value":"59200519"}]},{"TestCase":{"Id":"a2e8e9a6-e285-9f51-0d06-23e375c57901","FullyQualifiedName":"ShoppingDALTest.CartRepositoryTest.UpdateSuccessTest","DisplayName":"UpdateSuccessTest","ExecutorUri":"executor://NUnit3TestExecutor","Source":"C:\\Users\\VC\\Desktop\\DAY 12 - 25.04.2024\\ShoppingSolution\\ShoppingDALTest\\bin\\Debug\\net6.0\\fine-code-coverage\\build-output\\ShoppingDALTest.dll","CodeFilePath":null,"LineNumber":0,"Properties":[{"Key":{"Id":"NUnit.Seed","Label":"Seed","Category":"","Description":"","Attributes":0,"ValueType":"System.String"},"Value":"710622415"}]},"Attachments":[],"Outcome":1,"ErrorMessage":null,"ErrorStackTrace":null,"DisplayName":"UpdateSuccessTest","Messages":[],"ComputerName":"BYQBBX3","Duration":"00:00:00.0003730","StartTime":"2024-04-25T09:53:48.7828731+00:00","EndTime":"2024-04-25T09:53:48.7832459+00:00","Properties":[{"Key":{"Id":"NUnit.Seed","Label":"Seed","Category":"","Description":"","Attributes":0,"ValueType":"System.String"},"Value":"710622415"}]},{"TestCase":{"Id":"813951c8-d6c2-e45a-96e5-049a362d9d44","FullyQualifiedName":"ShoppingDALTest.CustomerRespositoryTest.AddExceptionTest","DisplayName":"AddExceptionTest","ExecutorUri":"executor://NUnit3TestExecutor","Source":"C:\\Users\\VC\\Desktop\\DAY 12 - 25.04.2024\\ShoppingSolution\\ShoppingDALTest\\bin\\Debug\\net6.0\\fine-code-coverage\\build-output\\ShoppingDALTest.dll","CodeFilePath":null,"LineNumber":0,"Properties":[{"Key":{"Id":"NUnit.Seed","Label":"Seed","Category":"","Description":"","Attributes":0,"ValueType":"System.String"},"Value":"1891092137"}]},"Attachments":[],"Outcome":2,"ErrorMessage":"  Expected: <ShoppingModelLibrary.CustomerExceptions.NoCustomerWithGiveIdException>\r\n  But was:  null\r\n","ErrorStackTrace":"   at ShoppingDALTest.CustomerRespositoryTest.AddExceptionTest() in C:\\Users\\VC\\Desktop\\DAY 12 - 25.04.2024\\ShoppingSolution\\ShoppingDALTest\\CustomerRespositoryTest.cs:line 50\r\n","DisplayName":"AddExceptionTest","Messages":[],"ComputerName":"BYQBBX3","Duration":"00:00:00.0024020","StartTime":"2024-04-25T09:53:48.7866041+00:00","EndTime":"2024-04-25T09:53:48.7890052+00:00","Properties":[{"Key":{"Id":"NUnit.Seed","Label":"Seed","Category":"","Description":"","Attributes":0,"ValueType":"System.String"},"Value":"1891092137"}]},{"TestCase":{"Id":"88d27687-c6f4-a22e-9117-d63ab05b1f3d","FullyQualifiedName":"ShoppingDALTest.CustomerRespositoryTest.AddFailTest","DisplayName":"AddFailTest","ExecutorUri":"executor://NUnit3TestExecutor","Source":"C:\\Users\\VC\\Desktop\\DAY 12 - 25.04.2024\\ShoppingSolution\\ShoppingDALTest\\bin\\Debug\\net6.0\\fine-code-coverage\\build-output\\ShoppingDALTest.dll","CodeFilePath":null,"LineNumber":0,"Properties":[{"Key":{"Id":"NUnit.Seed","Label":"Seed","Category":"","Description":"","Attributes":0,"ValueType":"System.String"},"Value":"145148305"}]},"Attachments":[],"Outcome":2,"ErrorMessage":"  Expected: null\r\n  But was:  <0 Sanjai 0 >\r\n","ErrorStackTrace":"   at ShoppingDALTest.CustomerRespositoryTest.AddFailTest() in C:\\Users\\VC\\Desktop\\DAY 12 - 25.04.2024\\ShoppingSolution\\ShoppingDALTest\\CustomerRespositoryTest.cs:line 40\r\n","DisplayName":"AddFailTest","Messages":[],"ComputerName":"BYQBBX3","Duration":"00:00:00.0022180","StartTime":"2024-04-25T09:53:48.7890381+00:00","EndTime":"2024-04-25T09:53:48.7912556+00:00","Properties":[{"Key":{"Id":"NUnit.Seed","Label":"Seed","Category":"","Description":"","Attributes":0,"ValueType":"System.String"},"Value":"145148305"}]},{"TestCase":{"Id":"19c79814-479a-8bab-2636-1dbfb5949106","FullyQualifiedName":"ShoppingDALTest.CustomerRespositoryTest.AddSuccessTest","DisplayName":"AddSuccessTest","ExecutorUri":"executor://NUnit3TestExecutor","Source":"C:\\Users\\VC\\Desktop\\DAY 12 - 25.04.2024\\ShoppingSolution\\ShoppingDALTest\\bin\\Debug\\net6.0\\fine-code-coverage\\build-output\\ShoppingDALTest.dll","CodeFilePath":null,"LineNumber":0,"Properties":[{"Key":{"Id":"NUnit.Seed","Label":"Seed","Category":"","Description":"","Attributes":0,"ValueType":"System.String"},"Value":"1005087581"}]},"Attachments":[],"Outcome":1,"ErrorMessage":null,"ErrorStackTrace":null,"DisplayName":"AddSuccessTest","Messages":[],"ComputerName":"BYQBBX3","Duration":"00:00:00.0003200","StartTime":"2024-04-25T09:53:48.791292+00:00","EndTime":"2024-04-25T09:53:48.7916118+00:00","Properties":[{"Key":{"Id":"NUnit.Seed","Label":"Seed","Category":"","Description":"","Attributes":0,"ValueType":"System.String"},"Value":"1005087581"}]},{"TestCase":{"Id":"7479e5c0-36dc-0cd8-5556-6e1f54718a01","FullyQualifiedName":"ShoppingDALTest.CustomerRespositoryTest.DeleteExceptionTest","DisplayName":"DeleteExceptionTest","ExecutorUri":"executor://NUnit3TestExecutor","Source":"C:\\Users\\VC\\Desktop\\DAY 12 - 25.04.2024\\ShoppingSolution\\ShoppingDALTest\\bin\\Debug\\net6.0\\fine-code-coverage\\build-output\\ShoppingDALTest.dll","CodeFilePath":null,"LineNumber":0,"Properties":[{"Key":{"Id":"NUnit.Seed","Label":"Seed","Category":"","Description":"","Attributes":0,"ValueType":"System.String"},"Value":"272812674"}]},"Attachments":[],"Outcome":1,"ErrorMessage":null,"ErrorStackTrace":null,"DisplayName":"DeleteExceptionTest","Messages":[],"ComputerName":"BYQBBX3","Duration":"00:00:00.0008670","StartTime":"2024-04-25T09:53:48.7916313+00:00","EndTime":"2024-04-25T09:53:48.7924978+00:00","Properties":[{"Key":{"Id":"NUnit.Seed","Label":"Seed","Category":"","Description":"","Attributes":0,"ValueType":"System.String"},"Value":"272812674"}]},{"TestCase":{"Id":"23d4d825-4816-0518-efc1-87d1af87f264","FullyQualifiedName":"ShoppingDALTest.CustomerRespositoryTest.DeleteFailTest","DisplayName":"DeleteFailTest","ExecutorUri":"executor://NUnit3TestExecutor","Source":"C:\\Users\\VC\\Desktop\\DAY 12 - 25.04.2024\\ShoppingSolution\\ShoppingDALTest\\bin\\Debug\\net6.0\\fine-code-coverage\\build-output\\ShoppingDALTest.dll","CodeFilePath":null,"LineNumber":0,"Properties":[{"Key":{"Id":"NUnit.Seed","Label":"Seed","Category":"","Description":"","Attributes":0,"ValueType":"System.String"},"Value":"1440672204"}]},"Attachments":[],"Outcome":2,"ErrorMessage":"ShoppingModelLibrary.CustomerExceptions.NoCustomerWithGiveIdException : Customer with the given Id is not present","ErrorStackTrace":"   at ShoppingDALLibrary.CustomerRepository.GetByKey(Int32 key) in C:\\Users\\VC\\Desktop\\DAY 12 - 25.04.2024\\ShoppingSolution\\ShoppingDALLibrary\\CustomerRepository.cs:line 26\r\n   at ShoppingDALLibrary.CustomerRepository.Delete(Int32 key) in C:\\Users\\VC\\Desktop\\DAY 12 - 25.04.2024\\ShoppingSolution\\ShoppingDALLibrary\\CustomerRepository.cs:line 10\r\n   at ShoppingDALTest.CustomerRespositoryTest.DeleteFailTest() in C:\\Users\\VC\\Desktop\\DAY 12 - 25.04.2024\\ShoppingSolution\\ShoppingDALTest\\CustomerRespositoryTest.cs:line 74","DisplayName":"DeleteFailTest","Messages":[],"ComputerName":"BYQBBX3","Duration":"00:00:00.0008970","StartTime":"2024-04-25T09:53:48.7925333+00:00","EndTime":"2024-04-25T09:53:48.7934302+00:00","Properties":[{"Key":{"Id":"NUnit.Seed","Label":"Seed","Category":"","Description":"","Attributes":0,"ValueType":"System.String"},"Value":"1440672204"}]},{"TestCase":{"Id":"4b102e2b-3e66-454d-ad26-03c74717f8a5","FullyQualifiedName":"ShoppingDALTest.CustomerRespositoryTest.DeleteSuccessTest","DisplayName":"DeleteSuccessTest","ExecutorUri":"executor://NUnit3TestExecutor","Source":"C:\\Users\\VC\\Desktop\\DAY 12 - 25.04.2024\\ShoppingSolution\\ShoppingDALTest\\bin\\Debug\\net6.0\\fine-code-coverage\\build-output\\ShoppingDALTest.dll","CodeFilePath":null,"LineNumber":0,"Properties":[{"Key":{"Id":"NUnit.Seed","Label":"Seed","Category":"","Description":"","Attributes":0,"ValueType":"System.String"},"Value":"474001612"}]},"Attachments":[],"Outcome":1,"ErrorMessage":null,"ErrorStackTrace":null,"DisplayName":"DeleteSuccessTest","Messages":[],"ComputerName":"BYQBBX3","Duration":"00:00:00.0003869","StartTime":"2024-04-25T09:53:48.7935761+00:00","EndTime":"2024-04-25T09:53:48.7939629+00:00","Properties":[{"Key":{"Id":"NUnit.Seed","Label":"Seed","Category":"","Description":"","Attributes":0,"ValueType":"System.String"},"Value":"474001612"}]}],"TestRunStatistics":{"ExecutedTests":18,"Stats":{"Failed":8,"Passed":10}},"ActiveTests":[{"Id":"b12352ce-3e15-3f1c-b22b-27f47a3814ec","FullyQualifiedName":"ShoppingDALTest.CustomerRespositoryTest.getExceptionTest","DisplayName":"getExceptionTest","ExecutorUri":"executor://NUnit3TestExecutor","Source":"C:\\Users\\VC\\Desktop\\DAY 12 - 25.04.2024\\ShoppingSolution\\ShoppingDALTest\\bin\\Debug\\net6.0\\fine-code-coverage\\build-output\\ShoppingDALTest.dll","CodeFilePath":null,"LineNumber":0,"Properties":[{"Key":{"Id":"NUnit.Seed","Label":"Seed","Category":"","Description":"","Attributes":0,"ValueType":"System.String"},"Value":"597017299"}]}]}}
TpTrace Verbose: 0 : 15296, 7, 2024/04/25, 15:23:48.933, 5309455137415, vstest.console.dll, TestRunRequest:SendTestRunStatsChange: Starting.
TpTrace Verbose: 0 : 15296, 7, 2024/04/25, 15:23:48.933, 5309455139443, vstest.console.dll, InProgress is getExceptionTest
TpTrace Verbose: 0 : 15296, 7, 2024/04/25, 15:23:48.933, 5309455141383, vstest.console.dll, MulticastDelegateUtilities.SafeInvoke: TestRun.RunStatsChanged: Invoking callbacks was skipped because there are no subscribers.
TpTrace Information: 0 : 15296, 7, 2024/04/25, 15:23:48.933, 5309455142193, vstest.console.dll, TestRunRequest:SendTestRunStatsChange: Completed.
TpTrace Verbose: 0 : 15296, 4, 2024/04/25, 15:23:48.933, 5309455142291, vstest.console.dll, MulticastDelegateUtilities.SafeInvoke: InternalTestLoggerEvents.SendTestResult: Invoking callback 1/1 for Microsoft.VisualStudio.TestPlatform.CommandLine.Internal.ConsoleLogger., took 0 ms.
TpTrace Verbose: 0 : 15296, 7, 2024/04/25, 15:23:48.933, 5309455143222, vstest.console.dll, MulticastDelegateUtilities.SafeInvoke: LengthPrefixCommunicationChannel: MessageReceived: Invoking callback 1/1 for Microsoft.VisualStudio.TestPlatform.CommunicationUtilities.TestRequestSender+<>c__DisplayClass34_0., took 3 ms.
TpTrace Verbose: 0 : 15296, 7, 2024/04/25, 15:23:48.933, 5309455145440, vstest.console.dll, TcpClientExtensions.MessageLoopAsync: Polling on remoteEndPoint: 127.0.0.1:52661 localEndPoint: 127.0.0.1:52660 after 14 ms
TpTrace Verbose: 0 : 15296, 4, 2024/04/25, 15:23:48.934, 5309455149005, vstest.console.dll, MulticastDelegateUtilities.SafeInvoke: InternalTestLoggerEvents.SendTestResult: Invoking callback 1/1 for Microsoft.VisualStudio.TestPlatform.CommandLine.Internal.ConsoleLogger., took 0 ms.
TpTrace Verbose: 0 : 15296, 4, 2024/04/25, 15:23:48.934, 5309455150646, vstest.console.dll, MulticastDelegateUtilities.SafeInvoke: InternalTestLoggerEvents.SendTestResult: Invoking callback 1/1 for Microsoft.VisualStudio.TestPlatform.CommandLine.Internal.ConsoleLogger., took 0 ms.
TpTrace Verbose: 0 : 15296, 4, 2024/04/25, 15:23:48.934, 5309455156343, vstest.console.dll, MulticastDelegateUtilities.SafeInvoke: InternalTestLoggerEvents.SendTestResult: Invoking callback 1/1 for Microsoft.VisualStudio.TestPlatform.CommandLine.Internal.ConsoleLogger., took 0 ms.
TpTrace Verbose: 0 : 15296, 4, 2024/04/25, 15:23:48.935, 5309455164247, vstest.console.dll, MulticastDelegateUtilities.SafeInvoke: InternalTestLoggerEvents.SendTestResult: Invoking callback 1/1 for Microsoft.VisualStudio.TestPlatform.CommandLine.Internal.ConsoleLogger., took 0 ms.
TpTrace Verbose: 0 : 15296, 4, 2024/04/25, 15:23:48.935, 5309455166533, vstest.console.dll, MulticastDelegateUtilities.SafeInvoke: InternalTestLoggerEvents.SendTestResult: Invoking callback 1/1 for Microsoft.VisualStudio.TestPlatform.CommandLine.Internal.ConsoleLogger., took 0 ms.
TpTrace Verbose: 0 : 15296, 4, 2024/04/25, 15:23:48.936, 5309455167928, vstest.console.dll, MulticastDelegateUtilities.SafeInvoke: InternalTestLoggerEvents.SendTestResult: Invoking callback 1/1 for Microsoft.VisualStudio.TestPlatform.CommandLine.Internal.ConsoleLogger., took 0 ms.
TpTrace Verbose: 0 : 15296, 4, 2024/04/25, 15:23:48.936, 5309455174715, vstest.console.dll, MulticastDelegateUtilities.SafeInvoke: InternalTestLoggerEvents.SendTestResult: Invoking callback 1/1 for Microsoft.VisualStudio.TestPlatform.CommandLine.Internal.ConsoleLogger., took 0 ms.
TpTrace Verbose: 0 : 15296, 4, 2024/04/25, 15:23:48.936, 5309455176913, vstest.console.dll, MulticastDelegateUtilities.SafeInvoke: InternalTestLoggerEvents.SendTestResult: Invoking callback 1/1 for Microsoft.VisualStudio.TestPlatform.CommandLine.Internal.ConsoleLogger., took 0 ms.
TpTrace Verbose: 0 : 15296, 7, 2024/04/25, 15:23:48.980, 5309455615283, vstest.console.dll, TcpClientExtensions.MessageLoopAsync: NotifyDataAvailable remoteEndPoint: 127.0.0.1:52661 localEndPoint: 127.0.0.1:52660
TpTrace Verbose: 0 : 15296, 7, 2024/04/25, 15:23:48.981, 5309455623092, vstest.console.dll, TestRequestSender.OnExecutionMessageReceived: Received message: {"Version":5,"MessageType":"TestExecution.StatsChange","Payload":{"NewTestResults":[{"TestCase":{"Id":"b12352ce-3e15-3f1c-b22b-27f47a3814ec","FullyQualifiedName":"ShoppingDALTest.CustomerRespositoryTest.getExceptionTest","DisplayName":"getExceptionTest","ExecutorUri":"executor://NUnit3TestExecutor","Source":"C:\\Users\\VC\\Desktop\\DAY 12 - 25.04.2024\\ShoppingSolution\\ShoppingDALTest\\bin\\Debug\\net6.0\\fine-code-coverage\\build-output\\ShoppingDALTest.dll","CodeFilePath":null,"LineNumber":0,"Properties":[{"Key":{"Id":"NUnit.Seed","Label":"Seed","Category":"","Description":"","Attributes":0,"ValueType":"System.String"},"Value":"597017299"}]},"Attachments":[],"Outcome":1,"ErrorMessage":null,"ErrorStackTrace":null,"DisplayName":"getExceptionTest","Messages":[],"ComputerName":"BYQBBX3","Duration":"00:00:00.0003800","StartTime":"2024-04-25T09:53:48.7939798+00:00","EndTime":"2024-04-25T09:53:48.7943593+00:00","Properties":[{"Key":{"Id":"NUnit.Seed","Label":"Seed","Category":"","Description":"","Attributes":0,"ValueType":"System.String"},"Value":"597017299"}]},{"TestCase":{"Id":"c5dd1d60-b7b3-e9d7-7ea3-45744566f0e9","FullyQualifiedName":"ShoppingDALTest.CustomerRespositoryTest.GetFailTest","DisplayName":"GetFailTest","ExecutorUri":"executor://NUnit3TestExecutor","Source":"C:\\Users\\VC\\Desktop\\DAY 12 - 25.04.2024\\ShoppingSolution\\ShoppingDALTest\\bin\\Debug\\net6.0\\fine-code-coverage\\build-output\\ShoppingDALTest.dll","CodeFilePath":null,"LineNumber":0,"Properties":[{"Key":{"Id":"NUnit.Seed","Label":"Seed","Category":"","Description":"","Attributes":0,"ValueType":"System.String"},"Value":"1638392275"}]},"Attachments":[],"Outcome":2,"ErrorMessage":"ShoppingModelLibrary.CustomerExceptions.NoCustomerWithGiveIdException : Customer with the given Id is not present","ErrorStackTrace":"   at ShoppingDALLibrary.CustomerRepository.GetByKey(Int32 key) in C:\\Users\\VC\\Desktop\\DAY 12 - 25.04.2024\\ShoppingSolution\\ShoppingDALLibrary\\CustomerRepository.cs:line 26\r\n   at ShoppingDALTest.CustomerRespositoryTest.GetFailTest() in C:\\Users\\VC\\Desktop\\DAY 12 - 25.04.2024\\ShoppingSolution\\ShoppingDALTest\\CustomerRespositoryTest.cs:line 141","DisplayName":"GetFailTest","Messages":[],"ComputerName":"BYQBBX3","Duration":"00:00:00.0007510","StartTime":"2024-04-25T09:53:48.7943752+00:00","EndTime":"2024-04-25T09:53:48.7951265+00:00","Properties":[{"Key":{"Id":"NUnit.Seed","Label":"Seed","Category":"","Description":"","Attributes":0,"ValueType":"System.String"},"Value":"1638392275"}]},{"TestCase":{"Id":"74b662d4-9d99-ff97-0220-afe1fbcb77dd","FullyQualifiedName":"ShoppingDALTest.CustomerRespositoryTest.GetSuccessTest","DisplayName":"GetSuccessTest","ExecutorUri":"executor://NUnit3TestExecutor","Source":"C:\\Users\\VC\\Desktop\\DAY 12 - 25.04.2024\\ShoppingSolution\\ShoppingDALTest\\bin\\Debug\\net6.0\\fine-code-coverage\\build-output\\ShoppingDALTest.dll","CodeFilePath":null,"LineNumber":0,"Properties":[{"Key":{"Id":"NUnit.Seed","Label":"Seed","Category":"","Description":"","Attributes":0,"ValueType":"System.String"},"Value":"1478995336"}]},"Attachments":[],"Outcome":1,"ErrorMessage":null,"ErrorStackTrace":null,"DisplayName":"GetSuccessTest","Messages":[],"ComputerName":"BYQBBX3","Duration":"00:00:00.0001870","StartTime":"2024-04-25T09:53:48.7951435+00:00","EndTime":"2024-04-25T09:53:48.7953307+00:00","Properties":[{"Key":{"Id":"NUnit.Seed","Label":"Seed","Category":"","Description":"","Attributes":0,"ValueType":"System.String"},"Value":"1478995336"}]},{"TestCase":{"Id":"2c4b4ea2-a4d6-b6af-d4ca-556708a40a9e","FullyQualifiedName":"ShoppingDALTest.CustomerRespositoryTest.UpdateExceptionTest","DisplayName":"UpdateExceptionTest","ExecutorUri":"executor://NUnit3TestExecutor","Source":"C:\\Users\\VC\\Desktop\\DAY 12 - 25.04.2024\\ShoppingSolution\\ShoppingDALTest\\bin\\Debug\\net6.0\\fine-code-coverage\\build-output\\ShoppingDALTest.dll","CodeFilePath":null,"LineNumber":0,"Properties":[{"Key":{"Id":"NUnit.Seed","Label":"Seed","Category":"","Description":"","Attributes":0,"ValueType":"System.String"},"Value":"1180713888"}]},"Attachments":[],"Outcome":1,"ErrorMessage":null,"ErrorStackTrace":null,"DisplayName":"UpdateExceptionTest","Messages":[],"ComputerName":"BYQBBX3","Duration":"00:00:00.0005260","StartTime":"2024-04-25T09:53:48.7953412+00:00","EndTime":"2024-04-25T09:53:48.7958674+00:00","Properties":[{"Key":{"Id":"NUnit.Seed","Label":"Seed","Category":"","Description":"","Attributes":0,"ValueType":"System.String"},"Value":"1180713888"}]},{"TestCase":{"Id":"93bec4ae-1b68-2c82-0d0f-94f192e4e7fa","FullyQualifiedName":"ShoppingDALTest.CustomerRespositoryTest.UpdateFailTest","DisplayName":"UpdateFailTest","ExecutorUri":"executor://NUnit3TestExecutor","Source":"C:\\Users\\VC\\Desktop\\DAY 12 - 25.04.2024\\ShoppingSolution\\ShoppingDALTest\\bin\\Debug\\net6.0\\fine-code-coverage\\build-output\\ShoppingDALTest.dll","CodeFilePath":null,"LineNumber":0,"Properties":[{"Key":{"Id":"NUnit.Seed","Label":"Seed","Category":"","Description":"","Attributes":0,"ValueType":"System.String"},"Value":"1995107082"}]},"Attachments":[],"Outcome":2,"ErrorMessage":"ShoppingModelLibrary.CustomerExceptions.NoCustomerWithGiveIdException : Customer with the given Id is not present","ErrorStackTrace":"   at ShoppingDALLibrary.CustomerRepository.Update(Customer item) in C:\\Users\\VC\\Desktop\\DAY 12 - 25.04.2024\\ShoppingSolution\\ShoppingDALLibrary\\CustomerRepository.cs:line 37\r\n   at ShoppingDALTest.CustomerRespositoryTest.UpdateFailTest() in C:\\Users\\VC\\Desktop\\DAY 12 - 25.04.2024\\ShoppingSolution\\ShoppingDALTest\\CustomerRespositoryTest.cs:line 109","DisplayName":"UpdateFailTest","Messages":[],"ComputerName":"BYQBBX3","Duration":"00:00:00.0006759","StartTime":"2024-04-25T09:53:48.7958812+00:00","EndTime":"2024-04-25T09:53:48.7965572+00:00","Properties":[{"Key":{"Id":"NUnit.Seed","Label":"Seed","Category":"","Description":"","Attributes":0,"ValueType":"System.String"},"Value":"1995107082"}]},{"TestCase":{"Id":"019efcc7-dcba-b924-c6d1-c8eee27d721e","FullyQualifiedName":"ShoppingDALTest.CustomerRespositoryTest.UpdateSuccessTest","DisplayName":"UpdateSuccessTest","ExecutorUri":"executor://NUnit3TestExecutor","Source":"C:\\Users\\VC\\Desktop\\DAY 12 - 25.04.2024\\ShoppingSolution\\ShoppingDALTest\\bin\\Debug\\net6.0\\fine-code-coverage\\build-output\\ShoppingDALTest.dll","CodeFilePath":null,"LineNumber":0,"Properties":[{"Key":{"Id":"NUnit.Seed","Label":"Seed","Category":"","Description":"","Attributes":0,"ValueType":"System.String"},"Value":"1483835858"}]},"Attachments":[],"Outcome":1,"ErrorMessage":null,"ErrorStackTrace":null,"DisplayName":"UpdateSuccessTest","Messages":[],"ComputerName":"BYQBBX3","Duration":"00:00:00.0002100","StartTime":"2024-04-25T09:53:48.7965716+00:00","EndTime":"2024-04-25T09:53:48.7967817+00:00","Properties":[{"Key":{"Id":"NUnit.Seed","Label":"Seed","Category":"","Description":"","Attributes":0,"ValueType":"System.String"},"Value":"1483835858"}]},{"TestCase":{"Id":"ae5fbb8f-06f8-64a2-e2ee-0eca672aa9bf","FullyQualifiedName":"ShoppingDALTest.ProductRepositoryTest1.AddExceptionTest","DisplayName":"AddExceptionTest","ExecutorUri":"executor://NUnit3TestExecutor","Source":"C:\\Users\\VC\\Desktop\\DAY 12 - 25.04.2024\\ShoppingSolution\\ShoppingDALTest\\bin\\Debug\\net6.0\\fine-code-coverage\\build-output\\ShoppingDALTest.dll","CodeFilePath":null,"LineNumber":0,"Properties":[{"Key":{"Id":"NUnit.Seed","Label":"Seed","Category":"","Description":"","Attributes":0,"ValueType":"System.String"},"Value":"2143773354"}]},"Attachments":[],"Outcome":2,"ErrorMessage":"  Expected: <ShoppingModelLibrary.ProductExceptions.NoProductWithGivenIDException>\r\n  But was:  null\r\n","ErrorStackTrace":"   at ShoppingDALTest.ProductRepositoryTest1.AddExceptionTest() in C:\\Users\\VC\\Desktop\\DAY 12 - 25.04.2024\\ShoppingSolution\\ShoppingDALTest\\ProductRepositoryTest1.cs:line 48\r\n","DisplayName":"AddExceptionTest","Messages":[],"ComputerName":"BYQBBX3","Duration":"00:00:00.0015080","StartTime":"2024-04-25T09:53:48.7969101+00:00","EndTime":"2024-04-25T09:53:48.7984174+00:00","Properties":[{"Key":{"Id":"NUnit.Seed","Label":"Seed","Category":"","Description":"","Attributes":0,"ValueType":"System.String"},"Value":"2143773354"}]},{"TestCase":{"Id":"66fc9740-4efe-b809-23f9-55dbb623a714","FullyQualifiedName":"ShoppingDALTest.ProductRepositoryTest1.AddFailTest","DisplayName":"AddFailTest","ExecutorUri":"executor://NUnit3TestExecutor","Source":"C:\\Users\\VC\\Desktop\\DAY 12 - 25.04.2024\\ShoppingSolution\\ShoppingDALTest\\bin\\Debug\\net6.0\\fine-code-coverage\\build-output\\ShoppingDALTest.dll","CodeFilePath":null,"LineNumber":0,"Properties":[{"Key":{"Id":"NUnit.Seed","Label":"Seed","Category":"","Description":"","Attributes":0,"ValueType":"System.String"},"Value":"1878433914"}]},"Attachments":[],"Outcome":2,"ErrorMessage":"  Expected: null\r\n  But was:  <Id : 0\r\nName : Sanjai\r\nPrice : $0\r\nNos in Stock : 0>\r\n","ErrorStackTrace":"   at ShoppingDALTest.ProductRepositoryTest1.AddFailTest() in C:\\Users\\VC\\Desktop\\DAY 12 - 25.04.2024\\ShoppingSolution\\ShoppingDALTest\\ProductRepositoryTest1.cs:line 39\r\n","DisplayName":"AddFailTest","Messages":[],"ComputerName":"BYQBBX3","Duration":"00:00:00.0012740","StartTime":"2024-04-25T09:53:48.7984389+00:00","EndTime":"2024-04-25T09:53:48.7997122+00:00","Properties":[{"Key":{"Id":"NUnit.Seed","Label":"Seed","Category":"","Description":"","Attributes":0,"ValueType":"System.String"},"Value":"1878433914"}]},{"TestCase":{"Id":"ed2074c8-5386-f11b-b1cb-2bdb6e2520b7","FullyQualifiedName":"ShoppingDALTest.ProductRepositoryTest1.AddSuccessTest","DisplayName":"AddSuccessTest","ExecutorUri":"executor://NUnit3TestExecutor","Source":"C:\\Users\\VC\\Desktop\\DAY 12 - 25.04.2024\\ShoppingSolution\\ShoppingDALTest\\bin\\Debug\\net6.0\\fine-code-coverage\\build-output\\ShoppingDALTest.dll","CodeFilePath":null,"LineNumber":0,"Properties":[{"Key":{"Id":"NUnit.Seed","Label":"Seed","Category":"","Description":"","Attributes":0,"ValueType":"System.String"},"Value":"987158276"}]},"Attachments":[],"Outcome":1,"ErrorMessage":null,"ErrorStackTrace":null,"DisplayName":"AddSuccessTest","Messages":[],"ComputerName":"BYQBBX3","Duration":"00:00:00.0001979","StartTime":"2024-04-25T09:53:48.7997344+00:00","EndTime":"2024-04-25T09:53:48.799932+00:00","Properties":[{"Key":{"Id":"NUnit.Seed","Label":"Seed","Category":"","Description":"","Attributes":0,"ValueType":"System.String"},"Value":"987158276"}]}],"TestRunStatistics":{"ExecutedTests":27,"Stats":{"Failed":12,"Passed":15}},"ActiveTests":[{"Id":"5c664943-4429-49b0-21d1-e47a31a58b73","FullyQualifiedName":"ShoppingDALTest.ProductRepositoryTest1.DeleteExceptionTest","DisplayName":"DeleteExceptionTest","ExecutorUri":"executor://NUnit3TestExecutor","Source":"C:\\Users\\VC\\Desktop\\DAY 12 - 25.04.2024\\ShoppingSolution\\ShoppingDALTest\\bin\\Debug\\net6.0\\fine-code-coverage\\build-output\\ShoppingDALTest.dll","CodeFilePath":null,"LineNumber":0,"Properties":[{"Key":{"Id":"NUnit.Seed","Label":"Seed","Category":"","Description":"","Attributes":0,"ValueType":"System.String"},"Value":"365271746"}]}]}}
TpTrace Verbose: 0 : 15296, 7, 2024/04/25, 15:23:48.983, 5309455646473, vstest.console.dll, TestRunRequest:SendTestRunStatsChange: Starting.
TpTrace Verbose: 0 : 15296, 7, 2024/04/25, 15:23:48.984, 5309455648010, vstest.console.dll, InProgress is DeleteExceptionTest
TpTrace Verbose: 0 : 15296, 7, 2024/04/25, 15:23:48.984, 5309455649717, vstest.console.dll, MulticastDelegateUtilities.SafeInvoke: TestRun.RunStatsChanged: Invoking callbacks was skipped because there are no subscribers.
TpTrace Information: 0 : 15296, 7, 2024/04/25, 15:23:48.984, 5309455650599, vstest.console.dll, TestRunRequest:SendTestRunStatsChange: Completed.
TpTrace Verbose: 0 : 15296, 4, 2024/04/25, 15:23:48.984, 5309455650478, vstest.console.dll, MulticastDelegateUtilities.SafeInvoke: InternalTestLoggerEvents.SendTestResult: Invoking callback 1/1 for Microsoft.VisualStudio.TestPlatform.CommandLine.Internal.ConsoleLogger., took 0 ms.
TpTrace Verbose: 0 : 15296, 7, 2024/04/25, 15:23:48.984, 5309455651482, vstest.console.dll, MulticastDelegateUtilities.SafeInvoke: LengthPrefixCommunicationChannel: MessageReceived: Invoking callback 1/1 for Microsoft.VisualStudio.TestPlatform.CommunicationUtilities.TestRequestSender+<>c__DisplayClass34_0., took 2 ms.
TpTrace Verbose: 0 : 15296, 7, 2024/04/25, 15:23:48.984, 5309455653924, vstest.console.dll, TcpClientExtensions.MessageLoopAsync: Polling on remoteEndPoint: 127.0.0.1:52661 localEndPoint: 127.0.0.1:52660 after 50 ms
TpTrace Verbose: 0 : 15296, 4, 2024/04/25, 15:23:48.985, 5309455657329, vstest.console.dll, MulticastDelegateUtilities.SafeInvoke: InternalTestLoggerEvents.SendTestResult: Invoking callback 1/1 for Microsoft.VisualStudio.TestPlatform.CommandLine.Internal.ConsoleLogger., took 0 ms.
TpTrace Verbose: 0 : 15296, 4, 2024/04/25, 15:23:48.985, 5309455658579, vstest.console.dll, MulticastDelegateUtilities.SafeInvoke: InternalTestLoggerEvents.SendTestResult: Invoking callback 1/1 for Microsoft.VisualStudio.TestPlatform.CommandLine.Internal.ConsoleLogger., took 0 ms.
TpTrace Verbose: 0 : 15296, 4, 2024/04/25, 15:23:48.985, 5309455659564, vstest.console.dll, MulticastDelegateUtilities.SafeInvoke: InternalTestLoggerEvents.SendTestResult: Invoking callback 1/1 for Microsoft.VisualStudio.TestPlatform.CommandLine.Internal.ConsoleLogger., took 0 ms.
TpTrace Verbose: 0 : 15296, 4, 2024/04/25, 15:23:48.985, 5309455663682, vstest.console.dll, MulticastDelegateUtilities.SafeInvoke: InternalTestLoggerEvents.SendTestResult: Invoking callback 1/1 for Microsoft.VisualStudio.TestPlatform.CommandLine.Internal.ConsoleLogger., took 0 ms.
TpTrace Verbose: 0 : 15296, 4, 2024/04/25, 15:23:48.985, 5309455664943, vstest.console.dll, MulticastDelegateUtilities.SafeInvoke: InternalTestLoggerEvents.SendTestResult: Invoking callback 1/1 for Microsoft.VisualStudio.TestPlatform.CommandLine.Internal.ConsoleLogger., took 0 ms.
TpTrace Verbose: 0 : 15296, 4, 2024/04/25, 15:23:48.986, 5309455669105, vstest.console.dll, MulticastDelegateUtilities.SafeInvoke: InternalTestLoggerEvents.SendTestResult: Invoking callback 1/1 for Microsoft.VisualStudio.TestPlatform.CommandLine.Internal.ConsoleLogger., took 0 ms.
TpTrace Verbose: 0 : 15296, 4, 2024/04/25, 15:23:48.986, 5309455673377, vstest.console.dll, MulticastDelegateUtilities.SafeInvoke: InternalTestLoggerEvents.SendTestResult: Invoking callback 1/1 for Microsoft.VisualStudio.TestPlatform.CommandLine.Internal.ConsoleLogger., took 0 ms.
TpTrace Verbose: 0 : 15296, 4, 2024/04/25, 15:23:48.986, 5309455674701, vstest.console.dll, MulticastDelegateUtilities.SafeInvoke: InternalTestLoggerEvents.SendTestResult: Invoking callback 1/1 for Microsoft.VisualStudio.TestPlatform.CommandLine.Internal.ConsoleLogger., took 0 ms.
TpTrace Verbose: 0 : 15296, 7, 2024/04/25, 15:23:49.038, 5309456190045, vstest.console.dll, TcpClientExtensions.MessageLoopAsync: NotifyDataAvailable remoteEndPoint: 127.0.0.1:52661 localEndPoint: 127.0.0.1:52660
TpTrace Verbose: 0 : 15296, 7, 2024/04/25, 15:23:49.038, 5309456193933, vstest.console.dll, TestRequestSender.OnExecutionMessageReceived: Received message: {"Version":5,"MessageType":"TestSession.Message","Payload":{"MessageLevel":0,"Message":"NUnit Adapter 4.2.0.0: Test execution complete"}}
TpTrace Verbose: 0 : 15296, 7, 2024/04/25, 15:23:49.038, 5309456197046, vstest.console.dll, TestRunRequest:SendTestRunMessage: Starting.
TpTrace Verbose: 0 : 15296, 7, 2024/04/25, 15:23:49.039, 5309456198740, vstest.console.dll, MulticastDelegateUtilities.SafeInvoke: TestRun.LogMessages: Invoking callback 1/1 for Microsoft.VisualStudio.TestPlatform.CommandLine.TestRunResultAggregator., took 0 ms.
TpTrace Verbose: 0 : 15296, 4, 2024/04/25, 15:23:49.039, 5309456199549, vstest.console.dll, MulticastDelegateUtilities.SafeInvoke: InternalTestLoggerEvents.SendTestRunMessage: Invoking callback 1/1 for Microsoft.VisualStudio.TestPlatform.CommandLine.Internal.ConsoleLogger., took 0 ms.
TpTrace Information: 0 : 15296, 7, 2024/04/25, 15:23:49.039, 5309456199706, vstest.console.dll, TestRunRequest:SendTestRunMessage: Completed.
TpTrace Verbose: 0 : 15296, 7, 2024/04/25, 15:23:49.039, 5309456202157, vstest.console.dll, MulticastDelegateUtilities.SafeInvoke: LengthPrefixCommunicationChannel: MessageReceived: Invoking callback 1/1 for Microsoft.VisualStudio.TestPlatform.CommunicationUtilities.TestRequestSender+<>c__DisplayClass34_0., took 0 ms.
TpTrace Verbose: 0 : 15296, 7, 2024/04/25, 15:23:49.039, 5309456203231, vstest.console.dll, TcpClientExtensions.MessageLoopAsync: Polling on remoteEndPoint: 127.0.0.1:52661 localEndPoint: 127.0.0.1:52660 after 54 ms
TpTrace Verbose: 0 : 15296, 7, 2024/04/25, 15:23:49.083, 5309456638204, vstest.console.dll, TcpClientExtensions.MessageLoopAsync: NotifyDataAvailable remoteEndPoint: 127.0.0.1:52661 localEndPoint: 127.0.0.1:52660
TpTrace Verbose: 0 : 15296, 7, 2024/04/25, 15:23:49.084, 5309456648848, vstest.console.dll, TestRequestSender.OnExecutionMessageReceived: Received message: {"Version":5,"MessageType":"TestExecution.Completed","Payload":{"TestRunCompleteArgs":{"TestRunStatistics":{"ExecutedTests":36,"Stats":{"Failed":14,"Passed":22}},"IsCanceled":false,"IsAborted":false,"Error":null,"AttachmentSets":[],"ElapsedTimeInRunningTests":"00:00:00.7441220","Metrics":{}},"LastRunTests":{"NewTestResults":[{"TestCase":{"Id":"5c664943-4429-49b0-21d1-e47a31a58b73","FullyQualifiedName":"ShoppingDALTest.ProductRepositoryTest1.DeleteExceptionTest","DisplayName":"DeleteExceptionTest","ExecutorUri":"executor://NUnit3TestExecutor","Source":"C:\\Users\\VC\\Desktop\\DAY 12 - 25.04.2024\\ShoppingSolution\\ShoppingDALTest\\bin\\Debug\\net6.0\\fine-code-coverage\\build-output\\ShoppingDALTest.dll","CodeFilePath":null,"LineNumber":0,"Properties":[{"Key":{"Id":"NUnit.Seed","Label":"Seed","Category":"","Description":"","Attributes":0,"ValueType":"System.String"},"Value":"365271746"}]},"Attachments":[],"Outcome":1,"ErrorMessage":null,"ErrorStackTrace":null,"DisplayName":"DeleteExceptionTest","Messages":[],"ComputerName":"BYQBBX3","Duration":"00:00:00.0009080","StartTime":"2024-04-25T09:53:48.7999573+00:00","EndTime":"2024-04-25T09:53:48.8008653+00:00","Properties":[{"Key":{"Id":"NUnit.Seed","Label":"Seed","Category":"","Description":"","Attributes":0,"ValueType":"System.String"},"Value":"365271746"}]},{"TestCase":{"Id":"596fdfee-fd2d-0790-7065-e704677a7339","FullyQualifiedName":"ShoppingDALTest.ProductRepositoryTest1.DeleteFailTest","DisplayName":"DeleteFailTest","ExecutorUri":"executor://NUnit3TestExecutor","Source":"C:\\Users\\VC\\Desktop\\DAY 12 - 25.04.2024\\ShoppingSolution\\ShoppingDALTest\\bin\\Debug\\net6.0\\fine-code-coverage\\build-output\\ShoppingDALTest.dll","CodeFilePath":null,"LineNumber":0,"Properties":[{"Key":{"Id":"NUnit.Seed","Label":"Seed","Category":"","Description":"","Attributes":0,"ValueType":"System.String"},"Value":"1821254048"}]},"Attachments":[],"Outcome":2,"ErrorMessage":"ShoppingModelLibrary.ProductExceptions.NoProductWithGivenIDException : Product with the given Id is not present","ErrorStackTrace":"   at ShoppingDALLibrary.ProductRepository.GetByKey(Int32 key) in C:\\Users\\VC\\Desktop\\DAY 12 - 25.04.2024\\ShoppingSolution\\ShoppingDALLibrary\\ProductRepository.cs:line 31\r\n   at ShoppingDALLibrary.ProductRepository.Delete(Int32 key) in C:\\Users\\VC\\Desktop\\DAY 12 - 25.04.2024\\ShoppingSolution\\ShoppingDALLibrary\\ProductRepository.cs:line 16\r\n   at ShoppingDALTest.ProductRepositoryTest1.DeleteFailTest() in C:\\Users\\VC\\Desktop\\DAY 12 - 25.04.2024\\ShoppingSolution\\ShoppingDALTest\\ProductRepositoryTest1.cs:line 71","DisplayName":"DeleteFailTest","Messages":[],"ComputerName":"BYQBBX3","Duration":"00:00:00.0011110","StartTime":"2024-04-25T09:53:48.8008889+00:00","EndTime":"2024-04-25T09:53:48.8019997+00:00","Properties":[{"Key":{"Id":"NUnit.Seed","Label":"Seed","Category":"","Description":"","Attributes":0,"ValueType":"System.String"},"Value":"1821254048"}]},{"TestCase":{"Id":"a12df482-9532-9b64-4eb1-32e9ea996223","FullyQualifiedName":"ShoppingDALTest.ProductRepositoryTest1.DeleteSuccessTest","DisplayName":"DeleteSuccessTest","ExecutorUri":"executor://NUnit3TestExecutor","Source":"C:\\Users\\VC\\Desktop\\DAY 12 - 25.04.2024\\ShoppingSolution\\ShoppingDALTest\\bin\\Debug\\net6.0\\fine-code-coverage\\build-output\\ShoppingDALTest.dll","CodeFilePath":null,"LineNumber":0,"Properties":[{"Key":{"Id":"NUnit.Seed","Label":"Seed","Category":"","Description":"","Attributes":0,"ValueType":"System.String"},"Value":"104615193"}]},"Attachments":[],"Outcome":1,"ErrorMessage":null,"ErrorStackTrace":null,"DisplayName":"DeleteSuccessTest","Messages":[],"ComputerName":"BYQBBX3","Duration":"00:00:00.0003140","StartTime":"2024-04-25T09:53:48.8020236+00:00","EndTime":"2024-04-25T09:53:48.8023371+00:00","Properties":[{"Key":{"Id":"NUnit.Seed","Label":"Seed","Category":"","Description":"","Attributes":0,"ValueType":"System.String"},"Value":"104615193"}]},{"TestCase":{"Id":"c275e97c-5a99-032a-a566-b0db2572fb02","FullyQualifiedName":"ShoppingDALTest.ProductRepositoryTest1.GetExceptionTest","DisplayName":"GetExceptionTest","ExecutorUri":"executor://NUnit3TestExecutor","Source":"C:\\Users\\VC\\Desktop\\DAY 12 - 25.04.2024\\ShoppingSolution\\ShoppingDALTest\\bin\\Debug\\net6.0\\fine-code-coverage\\build-output\\ShoppingDALTest.dll","CodeFilePath":null,"LineNumber":0,"Properties":[{"Key":{"Id":"NUnit.Seed","Label":"Seed","Category":"","Description":"","Attributes":0,"ValueType":"System.String"},"Value":"1129654777"}]},"Attachments":[],"Outcome":1,"ErrorMessage":null,"ErrorStackTrace":null,"DisplayName":"GetExceptionTest","Messages":[],"ComputerName":"BYQBBX3","Duration":"00:00:00.0003970","StartTime":"2024-04-25T09:53:48.8023542+00:00","EndTime":"2024-04-25T09:53:48.8027508+00:00","Properties":[{"Key":{"Id":"NUnit.Seed","Label":"Seed","Category":"","Description":"","Attributes":0,"ValueType":"System.String"},"Value":"1129654777"}]},{"TestCase":{"Id":"02d27271-f476-55b9-2694-199af2238cdf","FullyQualifiedName":"ShoppingDALTest.ProductRepositoryTest1.GetFailTest","DisplayName":"GetFailTest","ExecutorUri":"executor://NUnit3TestExecutor","Source":"C:\\Users\\VC\\Desktop\\DAY 12 - 25.04.2024\\ShoppingSolution\\ShoppingDALTest\\bin\\Debug\\net6.0\\fine-code-coverage\\build-output\\ShoppingDALTest.dll","CodeFilePath":null,"LineNumber":0,"Properties":[{"Key":{"Id":"NUnit.Seed","Label":"Seed","Category":"","Description":"","Attributes":0,"ValueType":"System.String"},"Value":"1966101761"}]},"Attachments":[],"Outcome":2,"ErrorMessage":"ShoppingModelLibrary.ProductExceptions.NoProductWithGivenIDException : Product with the given Id is not present","ErrorStackTrace":"   at ShoppingDALLibrary.ProductRepository.GetByKey(Int32 key) in C:\\Users\\VC\\Desktop\\DAY 12 - 25.04.2024\\ShoppingSolution\\ShoppingDALLibrary\\ProductRepository.cs:line 31\r\n   at ShoppingDALTest.ProductRepositoryTest1.GetFailTest() in C:\\Users\\VC\\Desktop\\DAY 12 - 25.04.2024\\ShoppingSolution\\ShoppingDALTest\\ProductRepositoryTest1.cs:line 144","DisplayName":"GetFailTest","Messages":[],"ComputerName":"BYQBBX3","Duration":"00:00:00.0011100","StartTime":"2024-04-25T09:53:48.8027667+00:00","EndTime":"2024-04-25T09:53:48.8038767+00:00","Properties":[{"Key":{"Id":"NUnit.Seed","Label":"Seed","Category":"","Description":"","Attributes":0,"ValueType":"System.String"},"Value":"1966101761"}]},{"TestCase":{"Id":"2950ae91-d2a9-02c7-14fb-e77f23ce5fa2","FullyQualifiedName":"ShoppingDALTest.ProductRepositoryTest1.GetSuccessTest","DisplayName":"GetSuccessTest","ExecutorUri":"executor://NUnit3TestExecutor","Source":"C:\\Users\\VC\\Desktop\\DAY 12 - 25.04.2024\\ShoppingSolution\\ShoppingDALTest\\bin\\Debug\\net6.0\\fine-code-coverage\\build-output\\ShoppingDALTest.dll","CodeFilePath":null,"LineNumber":0,"Properties":[{"Key":{"Id":"NUnit.Seed","Label":"Seed","Category":"","Description":"","Attributes":0,"ValueType":"System.String"},"Value":"345804185"}]},"Attachments":[],"Outcome":1,"ErrorMessage":null,"ErrorStackTrace":null,"DisplayName":"GetSuccessTest","Messages":[],"ComputerName":"BYQBBX3","Duration":"00:00:00.0002420","StartTime":"2024-04-25T09:53:48.8039008+00:00","EndTime":"2024-04-25T09:53:48.8041428+00:00","Properties":[{"Key":{"Id":"NUnit.Seed","Label":"Seed","Category":"","Description":"","Attributes":0,"ValueType":"System.String"},"Value":"345804185"}]},{"TestCase":{"Id":"a69c156f-efa3-05a4-44de-8117b371238f","FullyQualifiedName":"ShoppingDALTest.ProductRepositoryTest1.UpdateExceptionTest","DisplayName":"UpdateExceptionTest","ExecutorUri":"executor://NUnit3TestExecutor","Source":"C:\\Users\\VC\\Desktop\\DAY 12 - 25.04.2024\\ShoppingSolution\\ShoppingDALTest\\bin\\Debug\\net6.0\\fine-code-coverage\\build-output\\ShoppingDALTest.dll","CodeFilePath":null,"LineNumber":0,"Properties":[{"Key":{"Id":"NUnit.Seed","Label":"Seed","Category":"","Description":"","Attributes":0,"ValueType":"System.String"},"Value":"721034965"}]},"Attachments":[],"Outcome":1,"ErrorMessage":null,"ErrorStackTrace":null,"DisplayName":"UpdateExceptionTest","Messages":[],"ComputerName":"BYQBBX3","Duration":"00:00:00.0008580","StartTime":"2024-04-25T09:53:48.8041575+00:00","EndTime":"2024-04-25T09:53:48.8050153+00:00","Properties":[{"Key":{"Id":"NUnit.Seed","Label":"Seed","Category":"","Description":"","Attributes":0,"ValueType":"System.String"},"Value":"721034965"}]},{"TestCase":{"Id":"776bb777-65f8-1919-a4c7-8594ffcc783a","FullyQualifiedName":"ShoppingDALTest.ProductRepositoryTest1.UpdateFailTest","DisplayName":"UpdateFailTest","ExecutorUri":"executor://NUnit3TestExecutor","Source":"C:\\Users\\VC\\Desktop\\DAY 12 - 25.04.2024\\ShoppingSolution\\ShoppingDALTest\\bin\\Debug\\net6.0\\fine-code-coverage\\build-output\\ShoppingDALTest.dll","CodeFilePath":null,"LineNumber":0,"Properties":[{"Key":{"Id":"NUnit.Seed","Label":"Seed","Category":"","Description":"","Attributes":0,"ValueType":"System.String"},"Value":"723456316"}]},"Attachments":[],"Outcome":1,"ErrorMessage":null,"ErrorStackTrace":null,"DisplayName":"UpdateFailTest","Messages":[],"ComputerName":"BYQBBX3","Duration":"00:00:00.0025910","StartTime":"2024-04-25T09:53:48.8050334+00:00","EndTime":"2024-04-25T09:53:48.8076242+00:00","Properties":[{"Key":{"Id":"NUnit.Seed","Label":"Seed","Category":"","Description":"","Attributes":0,"ValueType":"System.String"},"Value":"723456316"}]},{"TestCase":{"Id":"478a68ca-f7c0-78ef-3561-f1f2298a601e","FullyQualifiedName":"ShoppingDALTest.ProductRepositoryTest1.UpdateSuccessTest","DisplayName":"UpdateSuccessTest","ExecutorUri":"executor://NUnit3TestExecutor","Source":"C:\\Users\\VC\\Desktop\\DAY 12 - 25.04.2024\\ShoppingSolution\\ShoppingDALTest\\bin\\Debug\\net6.0\\fine-code-coverage\\build-output\\ShoppingDALTest.dll","CodeFilePath":null,"LineNumber":0,"Properties":[{"Key":{"Id":"NUnit.Seed","Label":"Seed","Category":"","Description":"","Attributes":0,"ValueType":"System.String"},"Value":"991790882"}]},"Attachments":[],"Outcome":1,"ErrorMessage":null,"ErrorStackTrace":null,"DisplayName":"UpdateSuccessTest","Messages":[],"ComputerName":"BYQBBX3","Duration":"00:00:00.0001900","StartTime":"2024-04-25T09:53:48.8076538+00:00","EndTime":"2024-04-25T09:53:48.8078434+00:00","Properties":[{"Key":{"Id":"NUnit.Seed","Label":"Seed","Category":"","Description":"","Attributes":0,"ValueType":"System.String"},"Value":"991790882"}]}],"TestRunStatistics":{"ExecutedTests":36,"Stats":{"Failed":14,"Passed":22}},"ActiveTests":[]},"RunAttachments":[],"ExecutorUris":["executor://nunit3testexecutor/"]}}
TpTrace Verbose: 0 : 15296, 7, 2024/04/25, 15:23:49.085, 5309456662458, vstest.console.dll, TestRequestSender.EndSession: Sending end session.
TpTrace Verbose: 0 : 15296, 7, 2024/04/25, 15:23:49.086, 5309456668725, vstest.console.dll, ProxyOperationManager.Close: waiting for test host to exit for 100 ms
TpTrace Verbose: 0 : 15296, 12, 2024/04/25, 15:23:49.137, 5309457181467, vstest.console.dll, TestHostManagerCallbacks.ctor: Experimental forwarding output is disabled.
TpTrace Warning: 0 : 15296, 12, 2024/04/25, 15:23:49.137, 5309457183208, vstest.console.dll, TestHostManagerCallbacks.ErrorReceivedCallback Test host standard error line: 
TpTrace Verbose: 0 : 15296, 12, 2024/04/25, 15:23:49.154, 5309457347886, vstest.console.dll, TestHostProvider.ExitCallBack: Host exited starting callback.
TpTrace Information: 0 : 15296, 12, 2024/04/25, 15:23:49.154, 5309457350232, vstest.console.dll, TestHostManagerCallbacks.ExitCallBack: Testhost processId: 22372 exited with exitcode: 0 error: ''
TpTrace Verbose: 0 : 15296, 12, 2024/04/25, 15:23:49.154, 5309457350836, vstest.console.dll, DotnetTestHostManager.OnHostExited: invoking OnHostExited callback
TpTrace Verbose: 0 : 15296, 12, 2024/04/25, 15:23:49.154, 5309457351644, vstest.console.dll, CrossPlatEngine.TestHostManagerHostExited: calling on client process exit callback.
TpTrace Information: 0 : 15296, 12, 2024/04/25, 15:23:49.154, 5309457352365, vstest.console.dll, TestRequestSender.OnClientProcessExit: Test host process exited. Standard error: 
TpTrace Information: 0 : 15296, 12, 2024/04/25, 15:23:49.154, 5309457352924, vstest.console.dll, SocketServer.Stop: Stop server endPoint: 127.0.0.1:52660
TpTrace Information: 0 : 15296, 7, 2024/04/25, 15:23:49.154, 5309457353155, vstest.console.dll, SocketServer.Stop: Stop server endPoint: 127.0.0.1:52660
TpTrace Information: 0 : 15296, 12, 2024/04/25, 15:23:49.154, 5309457353350, vstest.console.dll, SocketServer.Stop: Cancellation requested. Stopping message loop.
TpTrace Information: 0 : 15296, 7, 2024/04/25, 15:23:49.154, 5309457354589, vstest.console.dll, SocketServer.Stop: Cancellation requested. Stopping message loop.
TpTrace Information: 0 : 15296, 7, 2024/04/25, 15:23:49.154, 5309457356811, vstest.console.dll, Closing the connection
TpTrace Verbose: 0 : 15296, 12, 2024/04/25, 15:23:49.154, 5309457356892, vstest.console.dll, MulticastDelegateUtilities.SafeInvoke: HostProviderEvents.OnHostExited: Invoking callback 1/1 for Microsoft.VisualStudio.TestPlatform.CrossPlatEngine.Client.ProxyOperationManager., took 0 ms.
TpTrace Verbose: 0 : 15296, 7, 2024/04/25, 15:23:49.155, 5309457361893, vstest.console.dll, ProxyDataCollectionManager.InvokeDataCollectionServiceAction: Starting.
TpTrace Information: 0 : 15296, 7, 2024/04/25, 15:23:49.155, 5309457363216, vstest.console.dll, ProxyDataCollectionManager.AfterTestRunEnd: Get attachment set and invoked data collectors processId: 24408 port: 52657
TpTrace Verbose: 0 : 15296, 7, 2024/04/25, 15:23:49.155, 5309457364464, vstest.console.dll, DataCollectionRequestSender.SendAfterTestRunStartAndGetResult: Send AfterTestRunEnd message with isCancelled: False
TpTrace Verbose: 0 : 15296, 7, 2024/04/25, 15:23:49.163, 5309457441256, vstest.console.dll, DataCollectionRequestSender.SendAfterTestRunStartAndGetResult: Received message: (DataCollection.AfterTestRunEndResult) -> {"MessageType":"DataCollection.AfterTestRunEndResult","Payload":{"AttachmentSets":[],"InvokedDataCollectors":[{"Uri":"datacollector://Microsoft/TestPlatform/Extensions/Blame/v1","FriendlyName":"Blame","AssemblyQualifiedName":"Microsoft.TestPlatform.Extensions.BlameDataCollector.BlameCollector, Microsoft.TestPlatform.Extensions.BlameDataCollector, Version=15.0.0.0, Culture=neutral, PublicKeyToken=b03f5f7f11d50a3a","FilePath":"C:\\Program Files\\dotnet\\sdk\\8.0.202\\Extensions\\Microsoft.TestPlatform.Extensions.BlameDataCollector.dll","HasAttachmentProcessor":false}],"Metrics":{}}}
TpTrace Information: 0 : 15296, 7, 2024/04/25, 15:23:49.173, 5309457544359, vstest.console.dll, ProxyDataCollectionManager.InvokeDataCollectionServiceAction: Completed.
TpTrace Warning: 0 : 15296, 10, 2024/04/25, 15:23:49.197, 5309457778634, vstest.console.dll, DataCollectionLauncher.ErrorReceivedCallback datacollector standard error line: 
TpTrace Information: 0 : 15296, 10, 2024/04/25, 15:23:49.205, 5309457866607, vstest.console.dll, DataCollectionLauncher.ExitCallBack: Data collector exited with exitcode: 0 error: ''
TpTrace Verbose: 0 : 15296, 7, 2024/04/25, 15:23:49.235, 5309458161029, vstest.console.dll, TestRunRequest:SendTestRunStatsChange: Starting.
TpTrace Verbose: 0 : 15296, 7, 2024/04/25, 15:23:49.235, 5309458162782, vstest.console.dll, MulticastDelegateUtilities.SafeInvoke: TestRun.RunStatsChanged: Invoking callbacks was skipped because there are no subscribers.
TpTrace Information: 0 : 15296, 7, 2024/04/25, 15:23:49.235, 5309458163114, vstest.console.dll, TestRunRequest:SendTestRunStatsChange: Completed.
TpTrace Verbose: 0 : 15296, 7, 2024/04/25, 15:23:49.235, 5309458166325, vstest.console.dll, ParallelProxyExecutionManager: HandlePartialRunComplete: Total workloads = 1, Total started clients = 1 Total completed clients = 1, Run complete = True, Run canceled: False.
TpTrace Verbose: 0 : 15296, 7, 2024/04/25, 15:23:49.235, 5309458166824, vstest.console.dll, ParallelProxyExecutionManager: HandlePartialRunComplete: All runs completed stopping all managers.
TpTrace Verbose: 0 : 15296, 7, 2024/04/25, 15:23:49.235, 5309458167185, vstest.console.dll, ParallelOperationManager.StopAllManagers: Stopping all managers.
TpTrace Verbose: 0 : 15296, 7, 2024/04/25, 15:23:49.236, 5309458167513, vstest.console.dll, ParallelOperationManager.ClearSlots: Clearing all slots. Slots should accept more work: False
TpTrace Verbose: 0 : 15296, 7, 2024/04/25, 15:23:49.236, 5309458167983, vstest.console.dll, ParallelOperationManager.SetOccupiedSlotCount: Setting slot counts AvailableSlotCount = 1, OccupiedSlotCount = 0.
TpTrace Verbose: 0 : 15296, 7, 2024/04/25, 15:23:49.236, 5309458168473, vstest.console.dll, Occupied slots:

TpTrace Verbose: 0 : 15296, 4, 2024/04/25, 15:23:49.236, 5309458174099, vstest.console.dll, MulticastDelegateUtilities.SafeInvoke: InternalTestLoggerEvents.SendTestResult: Invoking callback 1/1 for Microsoft.VisualStudio.TestPlatform.CommandLine.Internal.ConsoleLogger., took 1 ms.
TpTrace Verbose: 0 : 15296, 4, 2024/04/25, 15:23:49.237, 5309458178289, vstest.console.dll, MulticastDelegateUtilities.SafeInvoke: InternalTestLoggerEvents.SendTestResult: Invoking callback 1/1 for Microsoft.VisualStudio.TestPlatform.CommandLine.Internal.ConsoleLogger., took 0 ms.
TpTrace Verbose: 0 : 15296, 4, 2024/04/25, 15:23:49.237, 5309458179348, vstest.console.dll, MulticastDelegateUtilities.SafeInvoke: InternalTestLoggerEvents.SendTestResult: Invoking callback 1/1 for Microsoft.VisualStudio.TestPlatform.CommandLine.Internal.ConsoleLogger., took 0 ms.
TpTrace Verbose: 0 : 15296, 4, 2024/04/25, 15:23:49.237, 5309458180059, vstest.console.dll, MulticastDelegateUtilities.SafeInvoke: InternalTestLoggerEvents.SendTestResult: Invoking callback 1/1 for Microsoft.VisualStudio.TestPlatform.CommandLine.Internal.ConsoleLogger., took 0 ms.
TpTrace Verbose: 0 : 15296, 4, 2024/04/25, 15:23:49.237, 5309458182501, vstest.console.dll, MulticastDelegateUtilities.SafeInvoke: InternalTestLoggerEvents.SendTestResult: Invoking callback 1/1 for Microsoft.VisualStudio.TestPlatform.CommandLine.Internal.ConsoleLogger., took 0 ms.
TpTrace Verbose: 0 : 15296, 4, 2024/04/25, 15:23:49.237, 5309458183287, vstest.console.dll, MulticastDelegateUtilities.SafeInvoke: InternalTestLoggerEvents.SendTestResult: Invoking callback 1/1 for Microsoft.VisualStudio.TestPlatform.CommandLine.Internal.ConsoleLogger., took 0 ms.
TpTrace Verbose: 0 : 15296, 4, 2024/04/25, 15:23:49.237, 5309458183859, vstest.console.dll, MulticastDelegateUtilities.SafeInvoke: InternalTestLoggerEvents.SendTestResult: Invoking callback 1/1 for Microsoft.VisualStudio.TestPlatform.CommandLine.Internal.ConsoleLogger., took 0 ms.
TpTrace Verbose: 0 : 15296, 4, 2024/04/25, 15:23:49.237, 5309458184400, vstest.console.dll, MulticastDelegateUtilities.SafeInvoke: InternalTestLoggerEvents.SendTestResult: Invoking callback 1/1 for Microsoft.VisualStudio.TestPlatform.CommandLine.Internal.ConsoleLogger., took 0 ms.
TpTrace Verbose: 0 : 15296, 4, 2024/04/25, 15:23:49.237, 5309458184937, vstest.console.dll, MulticastDelegateUtilities.SafeInvoke: InternalTestLoggerEvents.SendTestResult: Invoking callback 1/1 for Microsoft.VisualStudio.TestPlatform.CommandLine.Internal.ConsoleLogger., took 0 ms.
TpTrace Verbose: 0 : 15296, 4, 2024/04/25, 15:23:49.245, 5309458263149, vstest.console.dll, MulticastDelegateUtilities.SafeInvoke: InternalTestLoggerEvents.SendTestRunComplete: Invoking callback 1/2 for Microsoft.TestPlatform.Extensions.BlameDataCollector.BlameLogger., took 0 ms.
TpTrace Verbose: 0 : 15296, 4, 2024/04/25, 15:23:49.251, 5309458318965, vstest.console.dll, MulticastDelegateUtilities.SafeInvoke: InternalTestLoggerEvents.SendTestRunComplete: Invoking callback 2/2 for Microsoft.VisualStudio.TestPlatform.CommandLine.Internal.ConsoleLogger., took 5 ms.
TpTrace Verbose: 0 : 15296, 7, 2024/04/25, 15:23:49.251, 5309458323222, vstest.console.dll, TestRunRequest:TestRunComplete: Starting. IsAborted:False IsCanceled:False.
TpTrace Verbose: 0 : 15296, 7, 2024/04/25, 15:23:49.251, 5309458325256, vstest.console.dll, ParallelOperationManager.DoActionOnAllManagers: Calling an action on all managers.
TpTrace Verbose: 0 : 15296, 7, 2024/04/25, 15:23:49.253, 5309458337911, vstest.console.dll, TestLoggerManager.HandleTestRunComplete: Ignoring as the object is disposed.
TpTrace Verbose: 0 : 15296, 7, 2024/04/25, 15:23:49.253, 5309458341775, vstest.console.dll, MulticastDelegateUtilities.SafeInvoke: TestRun.TestRunComplete: Invoking callback 1/2 for Microsoft.VisualStudio.TestPlatform.CommandLine.TestRunResultAggregator., took 0 ms.
TpTrace Verbose: 0 : 15296, 7, 2024/04/25, 15:23:49.253, 5309458343488, vstest.console.dll, MulticastDelegateUtilities.SafeInvoke: TestRun.TestRunComplete: Invoking callback 2/2 for Microsoft.VisualStudio.TestPlatform.CommandLine.Processors.RunTestsArgumentExecutor+TestRunRequestEventsRegistrar., took 0 ms.
TpTrace Information: 0 : 15296, 7, 2024/04/25, 15:23:49.253, 5309458344964, vstest.console.dll, TestRunRequest:TestRunComplete: Completed.
TpTrace Verbose: 0 : 15296, 1, 2024/04/25, 15:23:49.253, 5309458345510, vstest.console.dll, TestRunRequest.Dispose: Starting.
TpTrace Verbose: 0 : 15296, 7, 2024/04/25, 15:23:49.253, 5309458345650, vstest.console.dll, TestRequestSender.SetOperationComplete: Setting operation complete.
TpTrace Information: 0 : 15296, 1, 2024/04/25, 15:23:49.254, 5309458348112, vstest.console.dll, TestRunRequest.Dispose: Completed.
TpTrace Information: 0 : 15296, 7, 2024/04/25, 15:23:49.254, 5309458349166, vstest.console.dll, SocketServer.Stop: Stop server endPoint: 127.0.0.1:52660
TpTrace Information: 0 : 15296, 1, 2024/04/25, 15:23:49.254, 5309458350231, vstest.console.dll, TestRequestManager.RunTests: run tests completed.
TpTrace Information: 0 : 15296, 7, 2024/04/25, 15:23:49.254, 5309458350700, vstest.console.dll, SocketServer.Stop: Cancellation requested. Stopping message loop.
TpTrace Information: 0 : 15296, 1, 2024/04/25, 15:23:49.254, 5309458351910, vstest.console.dll, RunTestsArgumentProcessor:Execute: Test run is completed.
TpTrace Verbose: 0 : 15296, 7, 2024/04/25, 15:23:49.254, 5309458352048, vstest.console.dll, MulticastDelegateUtilities.SafeInvoke: LengthPrefixCommunicationChannel: MessageReceived: Invoking callback 1/1 for Microsoft.VisualStudio.TestPlatform.CommunicationUtilities.TestRequestSender+<>c__DisplayClass34_0., took 170 ms.
TpTrace Information: 0 : 15296, 7, 2024/04/25, 15:23:49.254, 5309458353216, vstest.console.dll, SocketServer.PrivateStop: Stopping server endPoint: 127.0.0.1:52660 error: 
TpTrace Verbose: 0 : 15296, 1, 2024/04/25, 15:23:49.254, 5309458355164, vstest.console.dll, Executor.Execute: Exiting with exit code of 1
TpTrace Verbose: 0 : 15296, 7, 2024/04/25, 15:23:49.255, 5309458360122, vstest.console.dll, LengthPrefixCommunicationChannel.Dispose: Dispose reader and writer.
TpTrace Information: 0 : 15296, 7, 2024/04/25, 15:23:49.255, 5309458361515, vstest.console.dll, SocketServer.Stop: Raise disconnected event endPoint: 127.0.0.1:52660 error: 
